nohup: ignoring input
Args in experiment:
Namespace(activation='gelu', anomaly_ratio=0.25, batch_size=32, c_out=822, checkpoints='./checkpoints/', d_conv=4, d_ff=16, d_layers=1, d_model=128, data='custom', data_path='pems04_d.csv', dec_in=151, des='Exp', devices='0,1,2,3', distil=True, dropout=0, e_layers=2, embed='timeF', enc_in=822, expand=2, factor=1, features='M', freq='h', gap_day=365, gpu=0, inverse=False, is_training=1, itr=1, label_len=48, learning_rate=0.0001, loss='MSE', lradj='type1', mask_rate=0.25, model='Mamba', model_id='pems04_d_96_336', moving_avg=25, n_heads=8, num_kernels=6, num_workers=10, output_attention=False, p_hidden_dims=[128, 128], p_hidden_layers=2, patience=3, pred_len=336, root_path='../../data/pems/', samle_rate=1.0, sample_seed=7, seasonal_patterns='Monthly', seq_len=336, target='OT', task_name='long_term_forecast', top_k=5, train_epochs=10, train_seed=2024, use_amp=False, use_gpu=True, use_multi_gpu=False)
Use GPU: cuda:0
>>>>>>>start training : long_term_forecast_pems04_d_96_336_Mamba_custom_ftM_sl336_ll48_pl336_dm128_nh8_el2_dl1_df16_fc1_ebtimeF_dtTrue_srate1.0_sseed7_trainseed2024_Exp_0>>>>>>>>>>>>>>>>>>>>>>>>>>
train 4903
val 463
test 1257
	iters: 100, epoch: 1 | loss: 0.7018837
	speed: 0.1227s/iter; left time: 175.6343s
Epoch: 1 cost time: 17.394413948059082
Epoch: 1, Steps: 153 | Train Loss: 0.7286719 Vali Loss: 0.5201622 Test Loss: 0.7945642
Validation loss decreased (inf --> 0.520162).  Saving model ...
Updating learning rate to 0.0001
	iters: 100, epoch: 2 | loss: 0.5274329
	speed: 0.2566s/iter; left time: 327.9854s
Epoch: 2 cost time: 11.78507924079895
Epoch: 2, Steps: 153 | Train Loss: 0.5677777 Vali Loss: 0.5365780 Test Loss: 0.8025814
EarlyStopping counter: 1 out of 3
Updating learning rate to 5e-05
	iters: 100, epoch: 3 | loss: 0.4913620
	speed: 0.2372s/iter; left time: 266.8336s
Epoch: 3 cost time: 11.980714321136475
Epoch: 3, Steps: 153 | Train Loss: 0.4804178 Vali Loss: 0.5387974 Test Loss: 0.7972212
EarlyStopping counter: 2 out of 3
Updating learning rate to 2.5e-05
	iters: 100, epoch: 4 | loss: 0.4109874
	speed: 0.2367s/iter; left time: 230.0705s
Epoch: 4 cost time: 11.879859924316406
Epoch: 4, Steps: 153 | Train Loss: 0.4442145 Vali Loss: 0.5395664 Test Loss: 0.7984413
EarlyStopping counter: 3 out of 3
Early stopping
>>>>>>>testing : long_term_forecast_pems04_d_96_336_Mamba_custom_ftM_sl336_ll48_pl336_dm128_nh8_el2_dl1_df16_fc1_ebtimeF_dtTrue_srate1.0_sseed7_trainseed2024_Exp_0<<<<<<<<<<<<<<<<<<<<<<<<<<<<<<<<<
test 1257
test shape: (1257, 1, 336, 822) (1257, 1, 336, 822)
test shape: (1257, 336, 822) (1257, 336, 822)
mse:0.7945659756660461, mae:0.6017571687698364
>>>>>>>Overall time: 117 seconds<<<<<<<<<<<<<<<<<<<<<<<<<<<<<<<<<
