Args in experiment:
Namespace(activation='gelu', anomaly_ratio=0.25, batch_size=32, c_out=151, checkpoints='./checkpoints/', d_conv=4, d_ff=16, d_layers=1, d_model=128, data='custom', data_path='pems03_d.csv', dec_in=151, des='Exp', devices='0,1,2,3', distil=True, dropout=0, e_layers=2, embed='timeF', enc_in=151, expand=2, factor=1, features='M', freq='h', gap_day=365, gpu=0, inverse=False, is_training=1, itr=1, label_len=48, learning_rate=0.0001, loss='MSE', lradj='type1', mask_rate=0.25, model='Mamba', model_id='pems03_d_96_96', moving_avg=25, n_heads=8, num_kernels=6, num_workers=10, output_attention=False, p_hidden_dims=[128, 128], p_hidden_layers=2, patience=3, pred_len=96, root_path='../../data/pems/', samle_rate=1.0, sample_seed=7, seasonal_patterns='Monthly', seq_len=96, target='OT', task_name='long_term_forecast', top_k=5, train_epochs=10, train_seed=2024, use_amp=False, use_gpu=True, use_multi_gpu=False)
Use GPU: cuda:0
>>>>>>>start training : long_term_forecast_pems03_d_96_96_Mamba_custom_ftM_sl96_ll48_pl96_dm128_nh8_el2_dl1_df16_fc1_ebtimeF_dtTrue_srate1.0_sseed7_trainseed2024_Exp_0>>>>>>>>>>>>>>>>>>>>>>>>>>
train 5383
val 703
test 1497
Args in experiment:
Namespace(activation='gelu', anomaly_ratio=0.25, batch_size=32, c_out=151, checkpoints='./checkpoints/', d_conv=4, d_ff=16, d_layers=1, d_model=128, data='custom', data_path='pems03_d.csv', dec_in=151, des='Exp', devices='0,1,2,3', distil=True, dropout=0, e_layers=2, embed='timeF', enc_in=151, expand=2, factor=1, features='M', freq='h', gap_day=365, gpu=0, inverse=False, is_training=1, itr=1, label_len=48, learning_rate=0.0001, loss='MSE', lradj='type1', mask_rate=0.25, model='Mamba', model_id='pems03_d_96_96', moving_avg=25, n_heads=8, num_kernels=6, num_workers=10, output_attention=False, p_hidden_dims=[128, 128], p_hidden_layers=2, patience=3, pred_len=96, root_path='../../data/pems/', samle_rate=1.0, sample_seed=7, seasonal_patterns='Monthly', seq_len=96, target='OT', task_name='long_term_forecast', top_k=5, train_epochs=10, train_seed=2024, use_amp=False, use_gpu=True, use_multi_gpu=False)
Use GPU: cuda:0
>>>>>>>start training : long_term_forecast_pems03_d_96_96_Mamba_custom_ftM_sl96_ll48_pl96_dm128_nh8_el2_dl1_df16_fc1_ebtimeF_dtTrue_srate1.0_sseed7_trainseed2024_Exp_0>>>>>>>>>>>>>>>>>>>>>>>>>>
train 5383
val 703
test 1497
	iters: 100, epoch: 1 | loss: 0.6618877
	speed: 0.0351s/iter; left time: 55.5686s
Epoch: 1 cost time: 4.339573621749878
Epoch: 1, Steps: 168 | Train Loss: 0.6586130 Vali Loss: 0.5283622 Test Loss: 0.7539111
Validation loss decreased (inf --> 0.528362).  Saving model ...
Updating learning rate to 0.0001
	iters: 100, epoch: 2 | loss: 0.5199413
	speed: 0.0754s/iter; left time: 106.5933s
Epoch: 2 cost time: 2.43497633934021
Epoch: 2, Steps: 168 | Train Loss: 0.5829069 Vali Loss: 0.5324671 Test Loss: 0.8464869
EarlyStopping counter: 1 out of 3
Updating learning rate to 5e-05
	iters: 100, epoch: 3 | loss: 0.5690945
	speed: 0.0794s/iter; left time: 98.8946s
Epoch: 3 cost time: 2.4582366943359375
Epoch: 3, Steps: 168 | Train Loss: 0.5541000 Vali Loss: 0.5348907 Test Loss: 0.9038591
EarlyStopping counter: 2 out of 3
Updating learning rate to 2.5e-05
	iters: 100, epoch: 4 | loss: 0.5484784
	speed: 0.0778s/iter; left time: 83.7627s
Epoch: 4 cost time: 2.5134754180908203
Epoch: 4, Steps: 168 | Train Loss: 0.5394887 Vali Loss: 0.5378572 Test Loss: 0.9380047
EarlyStopping counter: 3 out of 3
Early stopping
>>>>>>>testing : long_term_forecast_pems03_d_96_96_Mamba_custom_ftM_sl96_ll48_pl96_dm128_nh8_el2_dl1_df16_fc1_ebtimeF_dtTrue_srate1.0_sseed7_trainseed2024_Exp_0<<<<<<<<<<<<<<<<<<<<<<<<<<<<<<<<<
test 1497
test shape: (1497, 1, 96, 151) (1497, 1, 96, 151)
test shape: (1497, 96, 151) (1497, 96, 151)
mse:0.753912091255188, mae:0.5026226043701172
>>>>>>>Overall time: 40 seconds<<<<<<<<<<<<<<<<<<<<<<<<<<<<<<<<<
