Args in experiment:
Namespace(activation='gelu', anomaly_ratio=0.25, batch_size=32, c_out=212, checkpoints='./checkpoints/', d_ff=2048, d_layers=1, d_model=512, data='custom', data_path='pems08_all_common_flow.csv', dec_in=212, des='Exp', devices='0,1,2,3', distil=True, dropout=0, e_layers=2, embed='timeF', enc_in=212, factor=3, features='M', freq='h', gap_day=730, gpu=0, inverse=False, is_training=1, itr=1, label_len=48, learning_rate=0.0005, loss='MSE', lradj='type3', mask_rate=0.25, model='DLinear', model_id='pems08_all_96_720', moving_avg=25, n_heads=8, num_kernels=6, num_workers=10, output_attention=False, p_hidden_dims=[128, 128], p_hidden_layers=2, patience=5, pred_len=720, root_path='../../data/pems/', samle_rate=0.1, sample_seed=7, seasonal_patterns='Monthly', seq_len=96, target='', task_name='long_term_forecast', top_k=5, train_epochs=200, train_seed=2024, use_amp=False, use_gpu=True, use_multi_gpu=False)
Use GPU: cuda:0
>>>>>>>start training : long_term_forecast_pems08_all_96_720_DLinear_custom_ftM_sl96_ll48_pl720_dm512_nh8_el2_dl1_df2048_fc3_ebtimeF_dtTrue_srate0.1_sseed7_trainseed2024_gap730_Exp_0>>>>>>>>>>>>>>>>>>>>>>>>>>
train 1242884
val 273689
test 273687
	iters: 100, epoch: 1 | loss: 1.2844930
	speed: 0.0472s/iter; left time: 36636.7511s
	iters: 200, epoch: 1 | loss: 1.3970054
	speed: 0.0436s/iter; left time: 33877.2149s
	iters: 300, epoch: 1 | loss: 1.2824892
	speed: 0.0436s/iter; left time: 33882.6239s
	iters: 400, epoch: 1 | loss: 1.3338194
	speed: 0.0436s/iter; left time: 33883.7859s
	iters: 500, epoch: 1 | loss: 1.3323851
	speed: 0.0437s/iter; left time: 33909.0445s
	iters: 600, epoch: 1 | loss: 1.3591002
	speed: 0.0437s/iter; left time: 33934.5786s
	iters: 700, epoch: 1 | loss: 1.2866361
	speed: 0.0437s/iter; left time: 33892.6146s
	iters: 800, epoch: 1 | loss: 1.3668072
	speed: 0.0437s/iter; left time: 33945.0151s
	iters: 900, epoch: 1 | loss: 1.2654159
	speed: 0.0439s/iter; left time: 34087.8552s
	iters: 1000, epoch: 1 | loss: 1.1985292
	speed: 0.0438s/iter; left time: 33979.8535s
	iters: 1100, epoch: 1 | loss: 1.3412150
	speed: 0.0437s/iter; left time: 33908.2121s
	iters: 1200, epoch: 1 | loss: 1.2526002
	speed: 0.0437s/iter; left time: 33909.6528s
	iters: 1300, epoch: 1 | loss: 1.3760247
	speed: 0.0437s/iter; left time: 33907.5753s
	iters: 1400, epoch: 1 | loss: 1.1783463
	speed: 0.0438s/iter; left time: 33945.9652s
	iters: 1500, epoch: 1 | loss: 1.3677977
	speed: 0.0438s/iter; left time: 33931.8737s
	iters: 1600, epoch: 1 | loss: 1.2926952
	speed: 0.0438s/iter; left time: 33967.9214s
	iters: 1700, epoch: 1 | loss: 1.2395947
	speed: 0.0437s/iter; left time: 33887.7205s
	iters: 1800, epoch: 1 | loss: 1.2276204
	speed: 0.0438s/iter; left time: 33922.9216s
	iters: 1900, epoch: 1 | loss: 1.2485993
	speed: 0.0438s/iter; left time: 33978.1488s
	iters: 2000, epoch: 1 | loss: 1.2424009
	speed: 0.0438s/iter; left time: 33937.9158s
	iters: 2100, epoch: 1 | loss: 1.3773806
	speed: 0.0438s/iter; left time: 33896.4361s
	iters: 2200, epoch: 1 | loss: 1.2128427
	speed: 0.0437s/iter; left time: 33864.2480s
	iters: 2300, epoch: 1 | loss: 1.2941794
	speed: 0.0437s/iter; left time: 33867.8810s
	iters: 2400, epoch: 1 | loss: 1.5922848
	speed: 0.0438s/iter; left time: 33914.6068s
	iters: 2500, epoch: 1 | loss: 1.1767797
	speed: 0.0438s/iter; left time: 33928.5884s
	iters: 2600, epoch: 1 | loss: 1.2307647
	speed: 0.0438s/iter; left time: 33885.6562s
	iters: 2700, epoch: 1 | loss: 1.3397956
	speed: 0.0437s/iter; left time: 33831.6032s
	iters: 2800, epoch: 1 | loss: 1.1637920
	speed: 0.0438s/iter; left time: 33891.6949s
	iters: 2900, epoch: 1 | loss: 1.1781895
	speed: 0.0437s/iter; left time: 33824.4639s
	iters: 3000, epoch: 1 | loss: 1.3944926
	speed: 0.0437s/iter; left time: 33841.0050s
	iters: 3100, epoch: 1 | loss: 1.2516998
	speed: 0.0438s/iter; left time: 33899.8846s
	iters: 3200, epoch: 1 | loss: 1.2962009
	speed: 0.0438s/iter; left time: 33883.3226s
	iters: 3300, epoch: 1 | loss: 1.3065708
	speed: 0.0437s/iter; left time: 33833.6572s
	iters: 3400, epoch: 1 | loss: 1.3498178
	speed: 0.0437s/iter; left time: 33826.8381s
	iters: 3500, epoch: 1 | loss: 1.1552688
	speed: 0.0438s/iter; left time: 33834.8465s
	iters: 3600, epoch: 1 | loss: 1.4639225
	speed: 0.0437s/iter; left time: 33800.8247s
	iters: 3700, epoch: 1 | loss: 1.2368809
	speed: 0.0438s/iter; left time: 33881.7277s
	iters: 3800, epoch: 1 | loss: 1.2061952
	speed: 0.0439s/iter; left time: 33901.6688s
Epoch: 1 cost time: 170.3818597793579
Epoch: 1, Steps: 3884 | Train Loss: 1.3181907 Vali Loss: 2.1678042 Test Loss: 1.6252115
Validation loss decreased (inf --> 2.167804).  Saving model ...
	iters: 100, epoch: 2 | loss: 1.3297735
	speed: 1.1836s/iter; left time: 914692.7628s
	iters: 200, epoch: 2 | loss: 1.3257116
	speed: 0.0440s/iter; left time: 33983.6147s
	iters: 300, epoch: 2 | loss: 1.3903774
	speed: 0.0439s/iter; left time: 33925.1743s
	iters: 400, epoch: 2 | loss: 1.3576635
	speed: 0.0441s/iter; left time: 34039.3582s
	iters: 500, epoch: 2 | loss: 1.3771628
	speed: 0.0440s/iter; left time: 33977.6417s
	iters: 600, epoch: 2 | loss: 1.3035363
	speed: 0.0440s/iter; left time: 34001.2626s
	iters: 700, epoch: 2 | loss: 1.2915438
	speed: 0.0440s/iter; left time: 34007.6877s
	iters: 800, epoch: 2 | loss: 1.3241057
	speed: 0.0440s/iter; left time: 34010.8332s
	iters: 900, epoch: 2 | loss: 1.3154721
	speed: 0.0440s/iter; left time: 33977.5378s
	iters: 1000, epoch: 2 | loss: 1.2941296
	speed: 0.0441s/iter; left time: 34027.4411s
	iters: 1100, epoch: 2 | loss: 1.2511727
	speed: 0.0440s/iter; left time: 33945.1024s
	iters: 1200, epoch: 2 | loss: 1.3307341
	speed: 0.0440s/iter; left time: 33952.7668s
	iters: 1300, epoch: 2 | loss: 1.2149345
	speed: 0.0440s/iter; left time: 33944.2168s
	iters: 1400, epoch: 2 | loss: 1.2717160
	speed: 0.0441s/iter; left time: 33999.9656s
	iters: 1500, epoch: 2 | loss: 1.3324301
	speed: 0.0441s/iter; left time: 33995.7371s
	iters: 1600, epoch: 2 | loss: 1.4597923
	speed: 0.0441s/iter; left time: 34045.2908s
	iters: 1700, epoch: 2 | loss: 1.3873876
	speed: 0.0441s/iter; left time: 33980.7635s
	iters: 1800, epoch: 2 | loss: 1.6001937
	speed: 0.0441s/iter; left time: 33999.4285s
	iters: 1900, epoch: 2 | loss: 1.1910204
	speed: 0.0440s/iter; left time: 33948.8096s
	iters: 2000, epoch: 2 | loss: 1.3503486
	speed: 0.0441s/iter; left time: 34011.9257s
	iters: 2100, epoch: 2 | loss: 1.2904719
	speed: 0.0441s/iter; left time: 34004.9575s
	iters: 2200, epoch: 2 | loss: 1.2695928
	speed: 0.0442s/iter; left time: 34027.1938s
	iters: 2300, epoch: 2 | loss: 1.3975596
	speed: 0.0441s/iter; left time: 33962.1353s
	iters: 2400, epoch: 2 | loss: 1.4968277
	speed: 0.0441s/iter; left time: 34013.1576s
	iters: 2500, epoch: 2 | loss: 1.2328252
	speed: 0.0441s/iter; left time: 33971.9059s
	iters: 2600, epoch: 2 | loss: 1.2514066
	speed: 0.0441s/iter; left time: 34006.6467s
	iters: 2700, epoch: 2 | loss: 1.3300334
	speed: 0.0442s/iter; left time: 34028.0933s
	iters: 2800, epoch: 2 | loss: 1.2028278
	speed: 0.0442s/iter; left time: 34041.5993s
	iters: 2900, epoch: 2 | loss: 1.3470370
	speed: 0.0442s/iter; left time: 34009.7328s
	iters: 3000, epoch: 2 | loss: 1.1465845
	speed: 0.0442s/iter; left time: 34011.7022s
	iters: 3100, epoch: 2 | loss: 1.3625889
	speed: 0.0442s/iter; left time: 34022.1403s
	iters: 3200, epoch: 2 | loss: 1.4564643
	speed: 0.0442s/iter; left time: 34051.3462s
	iters: 3300, epoch: 2 | loss: 1.4374272
	speed: 0.0443s/iter; left time: 34057.8712s
	iters: 3400, epoch: 2 | loss: 1.3911296
	speed: 0.0442s/iter; left time: 34010.9604s
	iters: 3500, epoch: 2 | loss: 1.3164127
	speed: 0.0442s/iter; left time: 33979.1104s
	iters: 3600, epoch: 2 | loss: 1.3036422
	speed: 0.0442s/iter; left time: 33978.0892s
	iters: 3700, epoch: 2 | loss: 1.3562980
	speed: 0.0441s/iter; left time: 33951.0636s
	iters: 3800, epoch: 2 | loss: 1.3060031
	speed: 0.0441s/iter; left time: 33930.5883s
Epoch: 2 cost time: 171.47462034225464
Epoch: 2, Steps: 3884 | Train Loss: 1.3124121 Vali Loss: 2.1609924 Test Loss: 1.6261488
Validation loss decreased (2.167804 --> 2.160992).  Saving model ...
	iters: 100, epoch: 3 | loss: 1.2856536
	speed: 1.1841s/iter; left time: 910513.0794s
	iters: 200, epoch: 3 | loss: 1.3976128
	speed: 0.0444s/iter; left time: 34166.7718s
	iters: 300, epoch: 3 | loss: 1.3789568
	speed: 0.0445s/iter; left time: 34182.7434s
	iters: 400, epoch: 3 | loss: 1.2760834
	speed: 0.0445s/iter; left time: 34190.3422s
	iters: 500, epoch: 3 | loss: 1.2736758
	speed: 0.0444s/iter; left time: 34124.1354s
	iters: 600, epoch: 3 | loss: 1.4442708
	speed: 0.0444s/iter; left time: 34132.9962s
	iters: 700, epoch: 3 | loss: 1.3595095
	speed: 0.0444s/iter; left time: 34106.2937s
	iters: 800, epoch: 3 | loss: 1.3143495
	speed: 0.0444s/iter; left time: 34110.0274s
	iters: 900, epoch: 3 | loss: 1.2599006
	speed: 0.0445s/iter; left time: 34181.1790s
	iters: 1000, epoch: 3 | loss: 1.3755391
	speed: 0.0445s/iter; left time: 34141.3443s
	iters: 1100, epoch: 3 | loss: 1.2329025
	speed: 0.0444s/iter; left time: 34115.1626s
	iters: 1200, epoch: 3 | loss: 1.3475449
	speed: 0.0444s/iter; left time: 34090.8685s
	iters: 1300, epoch: 3 | loss: 1.3733392
	speed: 0.0444s/iter; left time: 34087.9698s
	iters: 1400, epoch: 3 | loss: 1.4172411
	speed: 0.0445s/iter; left time: 34146.5501s
	iters: 1500, epoch: 3 | loss: 1.2964061
	speed: 0.0446s/iter; left time: 34199.5492s
	iters: 1600, epoch: 3 | loss: 1.3214033
	speed: 0.0443s/iter; left time: 34011.5413s
	iters: 1700, epoch: 3 | loss: 1.4241471
	speed: 0.0444s/iter; left time: 34044.0738s
	iters: 1800, epoch: 3 | loss: 1.2548652
	speed: 0.0443s/iter; left time: 34011.1597s
	iters: 1900, epoch: 3 | loss: 1.2479144
	speed: 0.0444s/iter; left time: 34030.6170s
	iters: 2000, epoch: 3 | loss: 1.3326505
	speed: 0.0444s/iter; left time: 34062.0536s
	iters: 2100, epoch: 3 | loss: 1.2885374
	speed: 0.0444s/iter; left time: 34072.5482s
	iters: 2200, epoch: 3 | loss: 1.3692623
	speed: 0.0444s/iter; left time: 34033.8308s
	iters: 2300, epoch: 3 | loss: 1.2090480
	speed: 0.0443s/iter; left time: 33989.9107s
	iters: 2400, epoch: 3 | loss: 1.3262081
	speed: 0.0444s/iter; left time: 34001.9516s
	iters: 2500, epoch: 3 | loss: 1.3807919
	speed: 0.0443s/iter; left time: 33992.6751s
	iters: 2600, epoch: 3 | loss: 1.2622763
	speed: 0.0444s/iter; left time: 34025.9619s
	iters: 2700, epoch: 3 | loss: 1.4198458
	speed: 0.0445s/iter; left time: 34103.3207s
	iters: 2800, epoch: 3 | loss: 1.3059292
	speed: 0.0444s/iter; left time: 34040.1339s
	iters: 2900, epoch: 3 | loss: 1.3563600
	speed: 0.0443s/iter; left time: 33931.4471s
	iters: 3000, epoch: 3 | loss: 1.2183948
	speed: 0.0443s/iter; left time: 33957.4601s
	iters: 3100, epoch: 3 | loss: 1.3920038
	speed: 0.0443s/iter; left time: 33929.1743s
	iters: 3200, epoch: 3 | loss: 1.3034918
	speed: 0.0444s/iter; left time: 34026.9942s
	iters: 3300, epoch: 3 | loss: 1.4706448
	speed: 0.0444s/iter; left time: 33992.4188s
	iters: 3400, epoch: 3 | loss: 1.0968108
	speed: 0.0443s/iter; left time: 33916.1113s
	iters: 3500, epoch: 3 | loss: 1.2066122
	speed: 0.0443s/iter; left time: 33880.6371s
	iters: 3600, epoch: 3 | loss: 1.3050693
	speed: 0.0442s/iter; left time: 33859.1756s
	iters: 3700, epoch: 3 | loss: 1.4793996
	speed: 0.0442s/iter; left time: 33862.7150s
	iters: 3800, epoch: 3 | loss: 1.3247546
	speed: 0.0443s/iter; left time: 33890.7238s
Epoch: 3 cost time: 172.57956886291504
Epoch: 3, Steps: 3884 | Train Loss: 1.3124676 Vali Loss: 2.1693878 Test Loss: 1.6231360
EarlyStopping counter: 1 out of 5
	iters: 100, epoch: 4 | loss: 1.4140879
	speed: 1.1870s/iter; left time: 908098.6843s
	iters: 200, epoch: 4 | loss: 1.2802911
	speed: 0.0443s/iter; left time: 33888.1458s
	iters: 300, epoch: 4 | loss: 1.2411164
	speed: 0.0443s/iter; left time: 33895.6344s
	iters: 400, epoch: 4 | loss: 1.2500088
	speed: 0.0443s/iter; left time: 33912.2673s
	iters: 500, epoch: 4 | loss: 1.4148631
	speed: 0.0444s/iter; left time: 33956.0092s
	iters: 600, epoch: 4 | loss: 1.2439559
	speed: 0.0445s/iter; left time: 33988.0104s
	iters: 700, epoch: 4 | loss: 1.5600120
	speed: 0.0445s/iter; left time: 34023.2627s
	iters: 800, epoch: 4 | loss: 1.3205451
	speed: 0.0445s/iter; left time: 33987.6535s
	iters: 900, epoch: 4 | loss: 1.3093078
	speed: 0.0445s/iter; left time: 34003.1353s
	iters: 1000, epoch: 4 | loss: 1.2153177
	speed: 0.0445s/iter; left time: 33972.9394s
	iters: 1100, epoch: 4 | loss: 1.3079782
	speed: 0.0444s/iter; left time: 33915.8556s
	iters: 1200, epoch: 4 | loss: 1.3717088
	speed: 0.0444s/iter; left time: 33928.3538s
	iters: 1300, epoch: 4 | loss: 1.3598276
	speed: 0.0445s/iter; left time: 33954.7430s
	iters: 1400, epoch: 4 | loss: 1.3319693
	speed: 0.0445s/iter; left time: 33993.1749s
	iters: 1500, epoch: 4 | loss: 1.2073851
	speed: 0.0444s/iter; left time: 33922.3257s
	iters: 1600, epoch: 4 | loss: 1.4401441
	speed: 0.0444s/iter; left time: 33934.3932s
	iters: 1700, epoch: 4 | loss: 1.3708625
	speed: 0.0445s/iter; left time: 33937.6046s
	iters: 1800, epoch: 4 | loss: 1.2315400
	speed: 0.0446s/iter; left time: 34074.2194s
	iters: 1900, epoch: 4 | loss: 1.3084477
	speed: 0.0446s/iter; left time: 34013.9719s
	iters: 2000, epoch: 4 | loss: 1.3880363
	speed: 0.0446s/iter; left time: 34065.4938s
	iters: 2100, epoch: 4 | loss: 1.3003722
	speed: 0.0444s/iter; left time: 33909.4865s
	iters: 2200, epoch: 4 | loss: 1.1835027
	speed: 0.0444s/iter; left time: 33876.8806s
	iters: 2300, epoch: 4 | loss: 1.2820299
	speed: 0.0444s/iter; left time: 33891.1318s
	iters: 2400, epoch: 4 | loss: 1.3106347
	speed: 0.0445s/iter; left time: 33905.2891s
	iters: 2500, epoch: 4 | loss: 1.4307853
	speed: 0.0445s/iter; left time: 33940.2246s
	iters: 2600, epoch: 4 | loss: 1.3371159
	speed: 0.0444s/iter; left time: 33882.9852s
	iters: 2700, epoch: 4 | loss: 1.1626575
	speed: 0.0444s/iter; left time: 33853.1796s
	iters: 2800, epoch: 4 | loss: 1.3310102
	speed: 0.0444s/iter; left time: 33868.9001s
	iters: 2900, epoch: 4 | loss: 1.4228493
	speed: 0.0444s/iter; left time: 33824.0216s
	iters: 3000, epoch: 4 | loss: 1.2022177
	speed: 0.0445s/iter; left time: 33905.3860s
	iters: 3100, epoch: 4 | loss: 1.3298005
	speed: 0.0444s/iter; left time: 33858.2864s
	iters: 3200, epoch: 4 | loss: 1.2032197
	speed: 0.0445s/iter; left time: 33897.0573s
	iters: 3300, epoch: 4 | loss: 1.4538368
	speed: 0.0444s/iter; left time: 33838.0025s
	iters: 3400, epoch: 4 | loss: 1.3023357
	speed: 0.0444s/iter; left time: 33808.0930s
	iters: 3500, epoch: 4 | loss: 1.2875793
	speed: 0.0443s/iter; left time: 33772.8224s
	iters: 3600, epoch: 4 | loss: 1.3457679
	speed: 0.0444s/iter; left time: 33785.2286s
	iters: 3700, epoch: 4 | loss: 1.3590747
	speed: 0.0444s/iter; left time: 33818.2447s
	iters: 3800, epoch: 4 | loss: 1.1929090
	speed: 0.0444s/iter; left time: 33838.4429s
Epoch: 4 cost time: 172.79700922966003
Epoch: 4, Steps: 3884 | Train Loss: 1.3124239 Vali Loss: 2.1737680 Test Loss: 1.6208247
EarlyStopping counter: 2 out of 5
	iters: 100, epoch: 5 | loss: 1.2788209
	speed: 1.1880s/iter; left time: 904282.1981s
	iters: 200, epoch: 5 | loss: 1.4032679
	speed: 0.0445s/iter; left time: 33851.0948s
	iters: 300, epoch: 5 | loss: 1.3970687
	speed: 0.0445s/iter; left time: 33889.7870s
	iters: 400, epoch: 5 | loss: 1.2127397
	speed: 0.0445s/iter; left time: 33864.0946s
	iters: 500, epoch: 5 | loss: 1.3445097
	speed: 0.0445s/iter; left time: 33835.1466s
	iters: 600, epoch: 5 | loss: 1.3985841
	speed: 0.0445s/iter; left time: 33833.3125s
	iters: 700, epoch: 5 | loss: 1.3084860
	speed: 0.0446s/iter; left time: 33923.8123s
	iters: 800, epoch: 5 | loss: 1.4595765
	speed: 0.0446s/iter; left time: 33950.5951s
	iters: 900, epoch: 5 | loss: 1.3553114
	speed: 0.0445s/iter; left time: 33856.9094s
	iters: 1000, epoch: 5 | loss: 1.3307881
	speed: 0.0445s/iter; left time: 33844.7839s
	iters: 1100, epoch: 5 | loss: 1.2696505
	speed: 0.0445s/iter; left time: 33802.9356s
	iters: 1200, epoch: 5 | loss: 1.3050603
	speed: 0.0445s/iter; left time: 33832.7926s
	iters: 1300, epoch: 5 | loss: 1.3222361
	speed: 0.0445s/iter; left time: 33853.1534s
	iters: 1400, epoch: 5 | loss: 1.4483846
	speed: 0.0445s/iter; left time: 33834.5987s
	iters: 1500, epoch: 5 | loss: 1.1538129
	speed: 0.0445s/iter; left time: 33824.3150s
	iters: 1600, epoch: 5 | loss: 1.3913825
	speed: 0.0445s/iter; left time: 33784.9924s
	iters: 1700, epoch: 5 | loss: 1.2933276
	speed: 0.0446s/iter; left time: 33847.0555s
	iters: 1800, epoch: 5 | loss: 1.2906955
	speed: 0.0445s/iter; left time: 33778.6145s
	iters: 1900, epoch: 5 | loss: 1.3078107
	speed: 0.0446s/iter; left time: 33863.7451s
	iters: 2000, epoch: 5 | loss: 1.2774316
	speed: 0.0445s/iter; left time: 33778.4499s
	iters: 2100, epoch: 5 | loss: 1.4347366
	speed: 0.0445s/iter; left time: 33758.5456s
	iters: 2200, epoch: 5 | loss: 1.4906191
	speed: 0.0444s/iter; left time: 33714.3638s
	iters: 2300, epoch: 5 | loss: 1.2911330
	speed: 0.0445s/iter; left time: 33776.8598s
	iters: 2400, epoch: 5 | loss: 1.2843245
	speed: 0.0445s/iter; left time: 33778.0254s
	iters: 2500, epoch: 5 | loss: 1.3967514
	speed: 0.0446s/iter; left time: 33805.3934s
	iters: 2600, epoch: 5 | loss: 1.2101780
	speed: 0.0445s/iter; left time: 33763.5756s
	iters: 2700, epoch: 5 | loss: 1.3506125
	speed: 0.0445s/iter; left time: 33754.1571s
	iters: 2800, epoch: 5 | loss: 1.1900080
	speed: 0.0445s/iter; left time: 33714.9912s
	iters: 2900, epoch: 5 | loss: 1.3806084
	speed: 0.0444s/iter; left time: 33677.0784s
	iters: 3000, epoch: 5 | loss: 1.2841218
	speed: 0.0445s/iter; left time: 33751.7580s
	iters: 3100, epoch: 5 | loss: 1.3362836
	speed: 0.0445s/iter; left time: 33738.4260s
	iters: 3200, epoch: 5 | loss: 1.2909973
	speed: 0.0444s/iter; left time: 33674.0509s
	iters: 3300, epoch: 5 | loss: 1.1840397
	speed: 0.0444s/iter; left time: 33687.7217s
	iters: 3400, epoch: 5 | loss: 1.2973188
	speed: 0.0444s/iter; left time: 33646.6497s
	iters: 3500, epoch: 5 | loss: 1.2983932
	speed: 0.0444s/iter; left time: 33647.4439s
	iters: 3600, epoch: 5 | loss: 1.4498864
	speed: 0.0445s/iter; left time: 33700.9768s
	iters: 3700, epoch: 5 | loss: 1.4460492
	speed: 0.0445s/iter; left time: 33746.7712s
	iters: 3800, epoch: 5 | loss: 1.2547215
	speed: 0.0444s/iter; left time: 33627.8671s
Epoch: 5 cost time: 173.0221381187439
Epoch: 5, Steps: 3884 | Train Loss: 1.3124273 Vali Loss: 2.1919656 Test Loss: 1.6287335
EarlyStopping counter: 3 out of 5
	iters: 100, epoch: 6 | loss: 1.1015097
	speed: 1.1905s/iter; left time: 901554.3362s
	iters: 200, epoch: 6 | loss: 1.2827384
	speed: 0.0440s/iter; left time: 33315.2571s
	iters: 300, epoch: 6 | loss: 1.3251863
	speed: 0.0439s/iter; left time: 33270.2351s
	iters: 400, epoch: 6 | loss: 1.2716682
	speed: 0.0439s/iter; left time: 33256.0749s
	iters: 500, epoch: 6 | loss: 1.3480059
	speed: 0.0440s/iter; left time: 33288.5341s
	iters: 600, epoch: 6 | loss: 1.2899823
	speed: 0.0439s/iter; left time: 33228.4641s
	iters: 700, epoch: 6 | loss: 1.3516332
	speed: 0.0439s/iter; left time: 33252.9528s
	iters: 800, epoch: 6 | loss: 1.1495863
	speed: 0.0439s/iter; left time: 33251.2424s
	iters: 900, epoch: 6 | loss: 1.3117652
	speed: 0.0440s/iter; left time: 33247.8105s
	iters: 1000, epoch: 6 | loss: 1.3328001
	speed: 0.0440s/iter; left time: 33283.2624s
	iters: 1100, epoch: 6 | loss: 1.2736944
	speed: 0.0440s/iter; left time: 33263.4634s
	iters: 1200, epoch: 6 | loss: 1.3659675
	speed: 0.0440s/iter; left time: 33261.6072s
	iters: 1300, epoch: 6 | loss: 1.2143149
	speed: 0.0440s/iter; left time: 33242.6847s
	iters: 1400, epoch: 6 | loss: 1.3751125
	speed: 0.0441s/iter; left time: 33307.4695s
	iters: 1500, epoch: 6 | loss: 1.3503404
	speed: 0.0441s/iter; left time: 33371.8539s
	iters: 1600, epoch: 6 | loss: 1.3390741
	speed: 0.0441s/iter; left time: 33326.4038s
	iters: 1700, epoch: 6 | loss: 1.2838520
	speed: 0.0440s/iter; left time: 33276.1936s
	iters: 1800, epoch: 6 | loss: 1.4485787
	speed: 0.0441s/iter; left time: 33339.4416s
	iters: 1900, epoch: 6 | loss: 1.3400319
	speed: 0.0441s/iter; left time: 33317.5809s
	iters: 2000, epoch: 6 | loss: 1.3711038
	speed: 0.0441s/iter; left time: 33297.8824s
	iters: 2100, epoch: 6 | loss: 1.2324640
	speed: 0.0442s/iter; left time: 33348.0364s
	iters: 2200, epoch: 6 | loss: 1.2958921
	speed: 0.0441s/iter; left time: 33299.8025s
	iters: 2300, epoch: 6 | loss: 1.1649573
	speed: 0.0440s/iter; left time: 33230.9728s
	iters: 2400, epoch: 6 | loss: 1.2248408
	speed: 0.0441s/iter; left time: 33271.0052s
	iters: 2500, epoch: 6 | loss: 1.2067639
	speed: 0.0441s/iter; left time: 33258.2689s
	iters: 2600, epoch: 6 | loss: 1.3846115
	speed: 0.0441s/iter; left time: 33272.3210s
	iters: 2700, epoch: 6 | loss: 1.2421678
	speed: 0.0441s/iter; left time: 33295.1938s
	iters: 2800, epoch: 6 | loss: 1.4048793
	speed: 0.0442s/iter; left time: 33337.9642s
	iters: 2900, epoch: 6 | loss: 1.3109115
	speed: 0.0441s/iter; left time: 33266.4878s
	iters: 3000, epoch: 6 | loss: 1.4296480
	speed: 0.0441s/iter; left time: 33243.1754s
	iters: 3100, epoch: 6 | loss: 1.3318021
	speed: 0.0441s/iter; left time: 33235.6702s
	iters: 3200, epoch: 6 | loss: 1.1729466
	speed: 0.0441s/iter; left time: 33246.0606s
	iters: 3300, epoch: 6 | loss: 1.2930793
	speed: 0.0442s/iter; left time: 33309.0634s
	iters: 3400, epoch: 6 | loss: 1.3186704
	speed: 0.0441s/iter; left time: 33278.0036s
	iters: 3500, epoch: 6 | loss: 1.3007419
	speed: 0.0441s/iter; left time: 33216.5749s
	iters: 3600, epoch: 6 | loss: 1.2986523
	speed: 0.0441s/iter; left time: 33212.3539s
	iters: 3700, epoch: 6 | loss: 1.2978070
	speed: 0.0440s/iter; left time: 33187.7109s
	iters: 3800, epoch: 6 | loss: 1.2695826
	speed: 0.0441s/iter; left time: 33254.1631s
Epoch: 6 cost time: 171.2905192375183
Epoch: 6, Steps: 3884 | Train Loss: 1.3124458 Vali Loss: 2.1627138 Test Loss: 1.6216420
EarlyStopping counter: 4 out of 5
	iters: 100, epoch: 7 | loss: 1.3284999
	speed: 1.1865s/iter; left time: 893919.2914s
	iters: 200, epoch: 7 | loss: 1.2692702
	speed: 0.0442s/iter; left time: 33287.2419s
	iters: 300, epoch: 7 | loss: 1.4445169
	speed: 0.0443s/iter; left time: 33329.5200s
	iters: 400, epoch: 7 | loss: 1.2931106
	speed: 0.0442s/iter; left time: 33316.7421s
	iters: 500, epoch: 7 | loss: 1.2767177
	speed: 0.0442s/iter; left time: 33301.0402s
	iters: 600, epoch: 7 | loss: 1.3399228
	speed: 0.0442s/iter; left time: 33286.8204s
	iters: 700, epoch: 7 | loss: 1.3115710
	speed: 0.0443s/iter; left time: 33363.1512s
	iters: 800, epoch: 7 | loss: 1.2418363
	speed: 0.0443s/iter; left time: 33354.4428s
	iters: 900, epoch: 7 | loss: 1.3108749
	speed: 0.0442s/iter; left time: 33287.3571s
	iters: 1000, epoch: 7 | loss: 1.2402716
	speed: 0.0443s/iter; left time: 33344.2831s
	iters: 1100, epoch: 7 | loss: 1.3992985
	speed: 0.0442s/iter; left time: 33257.7651s
	iters: 1200, epoch: 7 | loss: 1.2830691
	speed: 0.0442s/iter; left time: 33262.6914s
	iters: 1300, epoch: 7 | loss: 1.2521009
	speed: 0.0444s/iter; left time: 33378.9087s
	iters: 1400, epoch: 7 | loss: 1.2489761
	speed: 0.0442s/iter; left time: 33243.0574s
	iters: 1500, epoch: 7 | loss: 1.3022044
	speed: 0.0443s/iter; left time: 33312.5138s
	iters: 1600, epoch: 7 | loss: 1.3628546
	speed: 0.0443s/iter; left time: 33279.4963s
	iters: 1700, epoch: 7 | loss: 1.2198770
	speed: 0.0442s/iter; left time: 33221.0842s
	iters: 1800, epoch: 7 | loss: 1.2340735
	speed: 0.0443s/iter; left time: 33276.7322s
	iters: 1900, epoch: 7 | loss: 1.2647604
	speed: 0.0442s/iter; left time: 33241.3835s
	iters: 2000, epoch: 7 | loss: 1.2859144
	speed: 0.0443s/iter; left time: 33311.5012s
	iters: 2100, epoch: 7 | loss: 1.2260540
	speed: 0.0443s/iter; left time: 33297.4250s
	iters: 2200, epoch: 7 | loss: 1.2893114
	speed: 0.0443s/iter; left time: 33275.4664s
	iters: 2300, epoch: 7 | loss: 1.3145703
	speed: 0.0442s/iter; left time: 33168.7322s
	iters: 2400, epoch: 7 | loss: 1.2845974
	speed: 0.0443s/iter; left time: 33258.3959s
	iters: 2500, epoch: 7 | loss: 1.4521689
	speed: 0.0442s/iter; left time: 33224.6625s
	iters: 2600, epoch: 7 | loss: 1.3704679
	speed: 0.0441s/iter; left time: 33146.0028s
	iters: 2700, epoch: 7 | loss: 1.1546172
	speed: 0.0442s/iter; left time: 33209.5940s
	iters: 2800, epoch: 7 | loss: 1.2540133
	speed: 0.0442s/iter; left time: 33209.2855s
	iters: 2900, epoch: 7 | loss: 1.4388703
	speed: 0.0442s/iter; left time: 33162.9752s
	iters: 3000, epoch: 7 | loss: 1.4503055
	speed: 0.0442s/iter; left time: 33139.1035s
	iters: 3100, epoch: 7 | loss: 1.2351321
	speed: 0.0442s/iter; left time: 33196.1036s
	iters: 3200, epoch: 7 | loss: 1.2525282
	speed: 0.0442s/iter; left time: 33153.3251s
	iters: 3300, epoch: 7 | loss: 1.2407423
	speed: 0.0442s/iter; left time: 33153.8555s
	iters: 3400, epoch: 7 | loss: 1.4115623
	speed: 0.0444s/iter; left time: 33306.3656s
	iters: 3500, epoch: 7 | loss: 1.2847801
	speed: 0.0441s/iter; left time: 33087.9199s
	iters: 3600, epoch: 7 | loss: 1.3007339
	speed: 0.0442s/iter; left time: 33139.9180s
	iters: 3700, epoch: 7 | loss: 1.4144241
	speed: 0.0441s/iter; left time: 33088.4512s
	iters: 3800, epoch: 7 | loss: 1.3720845
	speed: 0.0442s/iter; left time: 33119.9850s
Epoch: 7 cost time: 172.01974940299988
Epoch: 7, Steps: 3884 | Train Loss: 1.3125063 Vali Loss: 2.1619279 Test Loss: 1.6216147
EarlyStopping counter: 5 out of 5
Early stopping
>>>>>>>testing : long_term_forecast_pems08_all_96_720_DLinear_custom_ftM_sl96_ll48_pl720_dm512_nh8_el2_dl1_df2048_fc3_ebtimeF_dtTrue_srate0.1_sseed7_trainseed2024_gap730_Exp_0<<<<<<<<<<<<<<<<<<<<<<<<<<<<<<<<<
test 273687
test shape: (27368, 1, 720, 212) (27368, 1, 720, 212)
test shape: (27368, 720, 212) (27368, 720, 212)
mse:1.6261298656463623, mae:0.919450044631958
>>>>>>>Overall time: 2275 seconds<<<<<<<<<<<<<<<<<<<<<<<<<<<<<<<<<
