Args in experiment:
Namespace(activation='gelu', anomaly_ratio=0.25, batch_size=32, c_out=107, checkpoints='./checkpoints/', d_ff=2048, d_layers=1, d_model=512, data='custom', data_path='pems10_all_common_flow.csv', dec_in=107, des='Exp', devices='0,1,2,3', distil=True, dropout=0, e_layers=2, embed='timeF', enc_in=107, factor=3, features='M', freq='h', gap_day=365, gpu=0, inverse=False, is_training=1, itr=1, label_len=48, learning_rate=0.0005, loss='MSE', lradj='type3', mask_rate=0.25, model='DLinear', model_id='pems10_all_96_336', moving_avg=25, n_heads=8, num_kernels=6, num_workers=10, output_attention=False, p_hidden_dims=[128, 128], p_hidden_layers=2, patience=5, pred_len=336, root_path='../../data/pems/', samle_rate=0.1, sample_seed=7, seasonal_patterns='Monthly', seq_len=96, target='', task_name='long_term_forecast', top_k=5, train_epochs=200, train_seed=2024, use_amp=False, use_gpu=True, use_multi_gpu=False)
Use GPU: cuda:0
>>>>>>>start training : long_term_forecast_pems10_all_96_336_DLinear_custom_ftM_sl96_ll48_pl336_dm512_nh8_el2_dl1_df2048_fc3_ebtimeF_dtTrue_srate0.1_sseed7_trainseed2024_Exp_0>>>>>>>>>>>>>>>>>>>>>>>>>>
train 1125261
val 70377
test 246205
	iters: 100, epoch: 1 | loss: 1.3460040
	speed: 0.0160s/iter; left time: 11234.8603s
	iters: 200, epoch: 1 | loss: 1.1730664
	speed: 0.0123s/iter; left time: 8637.5632s
	iters: 300, epoch: 1 | loss: 1.2449064
	speed: 0.0122s/iter; left time: 8586.9440s
	iters: 400, epoch: 1 | loss: 1.3038058
	speed: 0.0122s/iter; left time: 8602.0579s
	iters: 500, epoch: 1 | loss: 1.2835076
	speed: 0.0122s/iter; left time: 8604.7828s
	iters: 600, epoch: 1 | loss: 1.2349311
	speed: 0.0123s/iter; left time: 8669.9521s
	iters: 700, epoch: 1 | loss: 1.2068667
	speed: 0.0123s/iter; left time: 8621.6837s
	iters: 800, epoch: 1 | loss: 1.3828313
	speed: 0.0123s/iter; left time: 8616.6416s
	iters: 900, epoch: 1 | loss: 1.2317355
	speed: 0.0123s/iter; left time: 8619.4853s
	iters: 1000, epoch: 1 | loss: 1.2982482
	speed: 0.0123s/iter; left time: 8607.8815s
	iters: 1100, epoch: 1 | loss: 1.4436713
	speed: 0.0122s/iter; left time: 8600.5591s
	iters: 1200, epoch: 1 | loss: 1.0996113
	speed: 0.0122s/iter; left time: 8594.9759s
	iters: 1300, epoch: 1 | loss: 1.1415344
	speed: 0.0123s/iter; left time: 8632.1826s
	iters: 1400, epoch: 1 | loss: 1.2837352
	speed: 0.0123s/iter; left time: 8607.8991s
	iters: 1500, epoch: 1 | loss: 1.4425925
	speed: 0.0123s/iter; left time: 8620.7038s
	iters: 1600, epoch: 1 | loss: 1.3755918
	speed: 0.0123s/iter; left time: 8623.1068s
	iters: 1700, epoch: 1 | loss: 1.3222077
	speed: 0.0123s/iter; left time: 8620.6953s
	iters: 1800, epoch: 1 | loss: 1.2328560
	speed: 0.0123s/iter; left time: 8619.5584s
	iters: 1900, epoch: 1 | loss: 1.1894829
	speed: 0.0124s/iter; left time: 8688.6602s
	iters: 2000, epoch: 1 | loss: 1.3437316
	speed: 0.0124s/iter; left time: 8685.2512s
	iters: 2100, epoch: 1 | loss: 1.2387305
	speed: 0.0123s/iter; left time: 8637.2893s
	iters: 2200, epoch: 1 | loss: 1.2051557
	speed: 0.0123s/iter; left time: 8615.7174s
	iters: 2300, epoch: 1 | loss: 1.1403171
	speed: 0.0123s/iter; left time: 8609.5253s
	iters: 2400, epoch: 1 | loss: 1.3371743
	speed: 0.0124s/iter; left time: 8655.2258s
	iters: 2500, epoch: 1 | loss: 1.2159195
	speed: 0.0123s/iter; left time: 8605.9376s
	iters: 2600, epoch: 1 | loss: 1.2685366
	speed: 0.0124s/iter; left time: 8656.3253s
	iters: 2700, epoch: 1 | loss: 1.3632338
	speed: 0.0123s/iter; left time: 8607.7534s
	iters: 2800, epoch: 1 | loss: 1.3632288
	speed: 0.0123s/iter; left time: 8602.1194s
	iters: 2900, epoch: 1 | loss: 1.0667489
	speed: 0.0123s/iter; left time: 8600.3837s
	iters: 3000, epoch: 1 | loss: 1.2500515
	speed: 0.0123s/iter; left time: 8626.5339s
	iters: 3100, epoch: 1 | loss: 1.1994759
	speed: 0.0123s/iter; left time: 8609.5532s
	iters: 3200, epoch: 1 | loss: 1.3868985
	speed: 0.0123s/iter; left time: 8634.8261s
	iters: 3300, epoch: 1 | loss: 1.0728815
	speed: 0.0123s/iter; left time: 8630.6540s
	iters: 3400, epoch: 1 | loss: 1.3906928
	speed: 0.0123s/iter; left time: 8624.2654s
	iters: 3500, epoch: 1 | loss: 1.3539965
	speed: 0.0123s/iter; left time: 8639.9654s
Epoch: 1 cost time: 43.671555042266846
Epoch: 1, Steps: 3516 | Train Loss: 1.2394468 Vali Loss: 2.2526431 Test Loss: 1.9795855
Validation loss decreased (inf --> 2.252643).  Saving model ...
	iters: 100, epoch: 2 | loss: 1.2817981
	speed: 0.4218s/iter; left time: 295080.4434s
	iters: 200, epoch: 2 | loss: 1.2396057
	speed: 0.0123s/iter; left time: 8592.3219s
	iters: 300, epoch: 2 | loss: 1.1492532
	speed: 0.0123s/iter; left time: 8607.2213s
	iters: 400, epoch: 2 | loss: 1.1531844
	speed: 0.0123s/iter; left time: 8574.6101s
	iters: 500, epoch: 2 | loss: 1.1062243
	speed: 0.0123s/iter; left time: 8585.0161s
	iters: 600, epoch: 2 | loss: 1.4392477
	speed: 0.0123s/iter; left time: 8596.7939s
	iters: 700, epoch: 2 | loss: 1.1874448
	speed: 0.0123s/iter; left time: 8597.8489s
	iters: 800, epoch: 2 | loss: 1.1388298
	speed: 0.0123s/iter; left time: 8608.9343s
	iters: 900, epoch: 2 | loss: 1.3195921
	speed: 0.0124s/iter; left time: 8632.2965s
	iters: 1000, epoch: 2 | loss: 1.4069153
	speed: 0.0123s/iter; left time: 8595.8529s
	iters: 1100, epoch: 2 | loss: 1.0584176
	speed: 0.0123s/iter; left time: 8602.5423s
	iters: 1200, epoch: 2 | loss: 1.2582685
	speed: 0.0123s/iter; left time: 8611.0081s
	iters: 1300, epoch: 2 | loss: 1.4534174
	speed: 0.0123s/iter; left time: 8605.5493s
	iters: 1400, epoch: 2 | loss: 1.3515894
	speed: 0.0123s/iter; left time: 8587.2042s
	iters: 1500, epoch: 2 | loss: 0.9854339
	speed: 0.0124s/iter; left time: 8651.1453s
	iters: 1600, epoch: 2 | loss: 1.2379388
	speed: 0.0123s/iter; left time: 8586.5788s
	iters: 1700, epoch: 2 | loss: 1.1777322
	speed: 0.0123s/iter; left time: 8562.6434s
	iters: 1800, epoch: 2 | loss: 1.1104057
	speed: 0.0123s/iter; left time: 8560.6014s
	iters: 1900, epoch: 2 | loss: 1.2360517
	speed: 0.0124s/iter; left time: 8662.9236s
	iters: 2000, epoch: 2 | loss: 1.2159111
	speed: 0.0123s/iter; left time: 8610.9431s
	iters: 2100, epoch: 2 | loss: 1.2011207
	speed: 0.0123s/iter; left time: 8606.0066s
	iters: 2200, epoch: 2 | loss: 1.0663058
	speed: 0.0124s/iter; left time: 8621.6633s
	iters: 2300, epoch: 2 | loss: 1.0839905
	speed: 0.0123s/iter; left time: 8592.2179s
	iters: 2400, epoch: 2 | loss: 1.1620066
	speed: 0.0123s/iter; left time: 8598.7047s
	iters: 2500, epoch: 2 | loss: 1.3226296
	speed: 0.0123s/iter; left time: 8606.9628s
	iters: 2600, epoch: 2 | loss: 1.2354046
	speed: 0.0123s/iter; left time: 8601.2442s
	iters: 2700, epoch: 2 | loss: 1.2524184
	speed: 0.0124s/iter; left time: 8609.7481s
	iters: 2800, epoch: 2 | loss: 1.2808946
	speed: 0.0123s/iter; left time: 8599.1204s
	iters: 2900, epoch: 2 | loss: 1.0746228
	speed: 0.0124s/iter; left time: 8612.2198s
	iters: 3000, epoch: 2 | loss: 1.5366040
	speed: 0.0124s/iter; left time: 8606.5323s
	iters: 3100, epoch: 2 | loss: 1.0912458
	speed: 0.0124s/iter; left time: 8618.9353s
	iters: 3200, epoch: 2 | loss: 1.2674372
	speed: 0.0124s/iter; left time: 8616.6502s
	iters: 3300, epoch: 2 | loss: 1.2540655
	speed: 0.0123s/iter; left time: 8588.9394s
	iters: 3400, epoch: 2 | loss: 1.3835108
	speed: 0.0124s/iter; left time: 8620.6684s
	iters: 3500, epoch: 2 | loss: 1.2856206
	speed: 0.0123s/iter; left time: 8588.8379s
Epoch: 2 cost time: 43.499589681625366
Epoch: 2, Steps: 3516 | Train Loss: 1.2329031 Vali Loss: 2.1583209 Test Loss: 1.9192435
Validation loss decreased (2.252643 --> 2.158321).  Saving model ...
	iters: 100, epoch: 3 | loss: 1.3514059
	speed: 0.4227s/iter; left time: 294220.4882s
	iters: 200, epoch: 3 | loss: 1.1109903
	speed: 0.0127s/iter; left time: 8853.5160s
	iters: 300, epoch: 3 | loss: 1.1328859
	speed: 0.0127s/iter; left time: 8854.3062s
	iters: 400, epoch: 3 | loss: 1.2342490
	speed: 0.0127s/iter; left time: 8803.5505s
	iters: 500, epoch: 3 | loss: 1.6351093
	speed: 0.0126s/iter; left time: 8767.5159s
	iters: 600, epoch: 3 | loss: 1.1865895
	speed: 0.0126s/iter; left time: 8798.2388s
	iters: 700, epoch: 3 | loss: 1.2602506
	speed: 0.0127s/iter; left time: 8803.5086s
	iters: 800, epoch: 3 | loss: 1.1662600
	speed: 0.0126s/iter; left time: 8756.6840s
	iters: 900, epoch: 3 | loss: 1.4204717
	speed: 0.0127s/iter; left time: 8816.2057s
	iters: 1000, epoch: 3 | loss: 1.3393939
	speed: 0.0126s/iter; left time: 8738.9686s
	iters: 1100, epoch: 3 | loss: 1.2780344
	speed: 0.0126s/iter; left time: 8735.9864s
	iters: 1200, epoch: 3 | loss: 1.1473432
	speed: 0.0126s/iter; left time: 8722.1401s
	iters: 1300, epoch: 3 | loss: 1.2764328
	speed: 0.0126s/iter; left time: 8726.3190s
	iters: 1400, epoch: 3 | loss: 1.2559949
	speed: 0.0125s/iter; left time: 8693.7644s
	iters: 1500, epoch: 3 | loss: 1.3055196
	speed: 0.0125s/iter; left time: 8695.4314s
	iters: 1600, epoch: 3 | loss: 1.2296505
	speed: 0.0125s/iter; left time: 8676.5600s
	iters: 1700, epoch: 3 | loss: 1.2163929
	speed: 0.0125s/iter; left time: 8685.1641s
	iters: 1800, epoch: 3 | loss: 1.2916548
	speed: 0.0125s/iter; left time: 8693.9161s
	iters: 1900, epoch: 3 | loss: 1.1873683
	speed: 0.0125s/iter; left time: 8656.5080s
	iters: 2000, epoch: 3 | loss: 1.2642776
	speed: 0.0125s/iter; left time: 8658.5596s
	iters: 2100, epoch: 3 | loss: 1.1502935
	speed: 0.0125s/iter; left time: 8644.8832s
	iters: 2200, epoch: 3 | loss: 1.4788905
	speed: 0.0125s/iter; left time: 8640.8431s
	iters: 2300, epoch: 3 | loss: 1.1311499
	speed: 0.0125s/iter; left time: 8657.6085s
	iters: 2400, epoch: 3 | loss: 1.2455316
	speed: 0.0124s/iter; left time: 8611.5138s
	iters: 2500, epoch: 3 | loss: 1.1622127
	speed: 0.0124s/iter; left time: 8610.7009s
	iters: 2600, epoch: 3 | loss: 1.1239226
	speed: 0.0124s/iter; left time: 8617.8847s
	iters: 2700, epoch: 3 | loss: 1.0588622
	speed: 0.0124s/iter; left time: 8588.8839s
	iters: 2800, epoch: 3 | loss: 1.1841613
	speed: 0.0124s/iter; left time: 8610.1179s
	iters: 2900, epoch: 3 | loss: 1.1263363
	speed: 0.0124s/iter; left time: 8615.3653s
	iters: 3000, epoch: 3 | loss: 1.3116835
	speed: 0.0124s/iter; left time: 8624.9788s
	iters: 3100, epoch: 3 | loss: 1.2439680
	speed: 0.0124s/iter; left time: 8608.0482s
	iters: 3200, epoch: 3 | loss: 1.2854317
	speed: 0.0124s/iter; left time: 8608.1081s
	iters: 3300, epoch: 3 | loss: 1.3457775
	speed: 0.0124s/iter; left time: 8583.7323s
	iters: 3400, epoch: 3 | loss: 1.2297179
	speed: 0.0125s/iter; left time: 8633.3539s
	iters: 3500, epoch: 3 | loss: 1.4043766
	speed: 0.0124s/iter; left time: 8577.8575s
Epoch: 3 cost time: 44.16072225570679
Epoch: 3, Steps: 3516 | Train Loss: 1.2329138 Vali Loss: 2.1943171 Test Loss: 1.9391243
EarlyStopping counter: 1 out of 5
	iters: 100, epoch: 4 | loss: 1.1702980
	speed: 0.4197s/iter; left time: 290669.5634s
	iters: 200, epoch: 4 | loss: 1.4261744
	speed: 0.0125s/iter; left time: 8658.4361s
	iters: 300, epoch: 4 | loss: 1.2153807
	speed: 0.0125s/iter; left time: 8644.1138s
	iters: 400, epoch: 4 | loss: 1.2924861
	speed: 0.0125s/iter; left time: 8634.4017s
	iters: 500, epoch: 4 | loss: 1.2193387
	speed: 0.0125s/iter; left time: 8624.8109s
	iters: 600, epoch: 4 | loss: 1.3268379
	speed: 0.0126s/iter; left time: 8688.1930s
	iters: 700, epoch: 4 | loss: 1.3614755
	speed: 0.0125s/iter; left time: 8646.1180s
	iters: 800, epoch: 4 | loss: 1.1378481
	speed: 0.0124s/iter; left time: 8608.2346s
	iters: 900, epoch: 4 | loss: 1.3093647
	speed: 0.0124s/iter; left time: 8590.9001s
	iters: 1000, epoch: 4 | loss: 1.2605029
	speed: 0.0124s/iter; left time: 8594.8147s
	iters: 1100, epoch: 4 | loss: 1.1769525
	speed: 0.0124s/iter; left time: 8600.4673s
	iters: 1200, epoch: 4 | loss: 1.4165686
	speed: 0.0124s/iter; left time: 8597.0294s
	iters: 1300, epoch: 4 | loss: 1.1196774
	speed: 0.0125s/iter; left time: 8613.5434s
	iters: 1400, epoch: 4 | loss: 1.1921114
	speed: 0.0124s/iter; left time: 8563.5672s
	iters: 1500, epoch: 4 | loss: 1.1902589
	speed: 0.0124s/iter; left time: 8563.7290s
	iters: 1600, epoch: 4 | loss: 1.3537670
	speed: 0.0124s/iter; left time: 8548.4013s
	iters: 1700, epoch: 4 | loss: 1.2927585
	speed: 0.0124s/iter; left time: 8565.6724s
	iters: 1800, epoch: 4 | loss: 1.3244821
	speed: 0.0124s/iter; left time: 8548.3387s
	iters: 1900, epoch: 4 | loss: 0.9956630
	speed: 0.0124s/iter; left time: 8560.1496s
	iters: 2000, epoch: 4 | loss: 1.1412082
	speed: 0.0124s/iter; left time: 8550.5075s
	iters: 2100, epoch: 4 | loss: 1.1941510
	speed: 0.0124s/iter; left time: 8546.2467s
	iters: 2200, epoch: 4 | loss: 1.1525228
	speed: 0.0124s/iter; left time: 8542.3439s
	iters: 2300, epoch: 4 | loss: 1.1600240
	speed: 0.0124s/iter; left time: 8575.6597s
	iters: 2400, epoch: 4 | loss: 1.1743157
	speed: 0.0124s/iter; left time: 8535.8705s
	iters: 2500, epoch: 4 | loss: 1.2561507
	speed: 0.0124s/iter; left time: 8543.7464s
	iters: 2600, epoch: 4 | loss: 1.3547305
	speed: 0.0124s/iter; left time: 8538.5171s
	iters: 2700, epoch: 4 | loss: 1.1963727
	speed: 0.0124s/iter; left time: 8577.4896s
	iters: 2800, epoch: 4 | loss: 1.3249464
	speed: 0.0124s/iter; left time: 8533.4108s
	iters: 2900, epoch: 4 | loss: 1.2221512
	speed: 0.0124s/iter; left time: 8551.4654s
	iters: 3000, epoch: 4 | loss: 1.2878349
	speed: 0.0124s/iter; left time: 8531.9480s
	iters: 3100, epoch: 4 | loss: 1.2100528
	speed: 0.0124s/iter; left time: 8545.5219s
	iters: 3200, epoch: 4 | loss: 1.3263948
	speed: 0.0124s/iter; left time: 8524.0657s
	iters: 3300, epoch: 4 | loss: 1.0521452
	speed: 0.0124s/iter; left time: 8543.3178s
	iters: 3400, epoch: 4 | loss: 1.2656078
	speed: 0.0124s/iter; left time: 8517.6557s
	iters: 3500, epoch: 4 | loss: 1.4007287
	speed: 0.0124s/iter; left time: 8522.2199s
Epoch: 4 cost time: 43.81206965446472
Epoch: 4, Steps: 3516 | Train Loss: 1.2329625 Vali Loss: 2.1671062 Test Loss: 1.9330482
EarlyStopping counter: 2 out of 5
	iters: 100, epoch: 5 | loss: 1.1847568
	speed: 0.4189s/iter; left time: 288641.0220s
	iters: 200, epoch: 5 | loss: 1.3107675
	speed: 0.0124s/iter; left time: 8544.2594s
	iters: 300, epoch: 5 | loss: 1.2239680
	speed: 0.0124s/iter; left time: 8552.2654s
	iters: 400, epoch: 5 | loss: 1.2519326
	speed: 0.0124s/iter; left time: 8511.5812s
	iters: 500, epoch: 5 | loss: 1.2881961
	speed: 0.0124s/iter; left time: 8524.6277s
	iters: 600, epoch: 5 | loss: 1.2383484
	speed: 0.0124s/iter; left time: 8506.8950s
	iters: 700, epoch: 5 | loss: 1.0990250
	speed: 0.0124s/iter; left time: 8503.4437s
	iters: 800, epoch: 5 | loss: 1.2386283
	speed: 0.0124s/iter; left time: 8507.2467s
	iters: 900, epoch: 5 | loss: 1.4851897
	speed: 0.0123s/iter; left time: 8486.6566s
	iters: 1000, epoch: 5 | loss: 1.3092141
	speed: 0.0123s/iter; left time: 8496.8916s
	iters: 1100, epoch: 5 | loss: 1.0993158
	speed: 0.0124s/iter; left time: 8513.8490s
	iters: 1200, epoch: 5 | loss: 1.2452340
	speed: 0.0123s/iter; left time: 8482.3881s
	iters: 1300, epoch: 5 | loss: 1.1211537
	speed: 0.0124s/iter; left time: 8498.9631s
	iters: 1400, epoch: 5 | loss: 1.2682961
	speed: 0.0123s/iter; left time: 8454.1773s
	iters: 1500, epoch: 5 | loss: 1.2816172
	speed: 0.0123s/iter; left time: 8457.1073s
	iters: 1600, epoch: 5 | loss: 1.0943331
	speed: 0.0123s/iter; left time: 8457.4019s
	iters: 1700, epoch: 5 | loss: 1.1799408
	speed: 0.0123s/iter; left time: 8437.5071s
	iters: 1800, epoch: 5 | loss: 1.2774343
	speed: 0.0123s/iter; left time: 8439.1229s
	iters: 1900, epoch: 5 | loss: 1.1720700
	speed: 0.0123s/iter; left time: 8424.4250s
	iters: 2000, epoch: 5 | loss: 1.2247664
	speed: 0.0123s/iter; left time: 8449.8078s
	iters: 2100, epoch: 5 | loss: 1.2542299
	speed: 0.0123s/iter; left time: 8449.2432s
	iters: 2200, epoch: 5 | loss: 1.2778078
	speed: 0.0123s/iter; left time: 8426.0670s
	iters: 2300, epoch: 5 | loss: 1.4427824
	speed: 0.0123s/iter; left time: 8460.8599s
	iters: 2400, epoch: 5 | loss: 1.2622596
	speed: 0.0123s/iter; left time: 8430.5052s
	iters: 2500, epoch: 5 | loss: 1.3169229
	speed: 0.0123s/iter; left time: 8419.3815s
	iters: 2600, epoch: 5 | loss: 1.0889119
	speed: 0.0123s/iter; left time: 8413.3087s
	iters: 2700, epoch: 5 | loss: 1.2551603
	speed: 0.0123s/iter; left time: 8447.6988s
	iters: 2800, epoch: 5 | loss: 1.2259866
	speed: 0.0123s/iter; left time: 8410.4601s
	iters: 2900, epoch: 5 | loss: 1.2114197
	speed: 0.0123s/iter; left time: 8406.8951s
	iters: 3000, epoch: 5 | loss: 1.2693377
	speed: 0.0123s/iter; left time: 8415.7519s
	iters: 3100, epoch: 5 | loss: 1.3060054
	speed: 0.0123s/iter; left time: 8448.9605s
	iters: 3200, epoch: 5 | loss: 1.3271095
	speed: 0.0123s/iter; left time: 8413.7584s
	iters: 3300, epoch: 5 | loss: 1.3274143
	speed: 0.0123s/iter; left time: 8467.1282s
	iters: 3400, epoch: 5 | loss: 1.3006976
	speed: 0.0123s/iter; left time: 8421.0068s
	iters: 3500, epoch: 5 | loss: 1.2169728
	speed: 0.0123s/iter; left time: 8414.1293s
Epoch: 5 cost time: 43.47032833099365
Epoch: 5, Steps: 3516 | Train Loss: 1.2329747 Vali Loss: 2.1259036 Test Loss: 1.9021142
Validation loss decreased (2.158321 --> 2.125904).  Saving model ...
	iters: 100, epoch: 6 | loss: 1.2895936
	speed: 0.4206s/iter; left time: 288308.9617s
	iters: 200, epoch: 6 | loss: 1.3476082
	speed: 0.0125s/iter; left time: 8544.0000s
	iters: 300, epoch: 6 | loss: 1.3341329
	speed: 0.0125s/iter; left time: 8540.9104s
	iters: 400, epoch: 6 | loss: 1.3016002
	speed: 0.0124s/iter; left time: 8510.4994s
	iters: 500, epoch: 6 | loss: 1.2924887
	speed: 0.0125s/iter; left time: 8545.3503s
	iters: 600, epoch: 6 | loss: 1.2144314
	speed: 0.0126s/iter; left time: 8620.6911s
	iters: 700, epoch: 6 | loss: 1.2146339
	speed: 0.0124s/iter; left time: 8504.5379s
	iters: 800, epoch: 6 | loss: 1.2682452
	speed: 0.0124s/iter; left time: 8520.5608s
	iters: 900, epoch: 6 | loss: 1.2705845
	speed: 0.0124s/iter; left time: 8512.1940s
	iters: 1000, epoch: 6 | loss: 1.1621315
	speed: 0.0124s/iter; left time: 8514.1223s
	iters: 1100, epoch: 6 | loss: 1.1994835
	speed: 0.0124s/iter; left time: 8479.5527s
	iters: 1200, epoch: 6 | loss: 1.2123805
	speed: 0.0124s/iter; left time: 8489.1311s
	iters: 1300, epoch: 6 | loss: 1.3269426
	speed: 0.0124s/iter; left time: 8470.1770s
	iters: 1400, epoch: 6 | loss: 1.1417232
	speed: 0.0124s/iter; left time: 8475.8984s
	iters: 1500, epoch: 6 | loss: 1.1587105
	speed: 0.0124s/iter; left time: 8514.9586s
	iters: 1600, epoch: 6 | loss: 1.2637949
	speed: 0.0124s/iter; left time: 8474.8756s
	iters: 1700, epoch: 6 | loss: 1.2983491
	speed: 0.0124s/iter; left time: 8473.0920s
	iters: 1800, epoch: 6 | loss: 1.2585909
	speed: 0.0124s/iter; left time: 8459.1689s
	iters: 1900, epoch: 6 | loss: 1.3552649
	speed: 0.0125s/iter; left time: 8518.2316s
	iters: 2000, epoch: 6 | loss: 1.3931322
	speed: 0.0124s/iter; left time: 8483.0744s
	iters: 2100, epoch: 6 | loss: 1.1794076
	speed: 0.0124s/iter; left time: 8453.1356s
	iters: 2200, epoch: 6 | loss: 1.1989694
	speed: 0.0124s/iter; left time: 8457.8022s
	iters: 2300, epoch: 6 | loss: 1.2908800
	speed: 0.0124s/iter; left time: 8507.3343s
	iters: 2400, epoch: 6 | loss: 1.1665760
	speed: 0.0124s/iter; left time: 8450.2806s
	iters: 2500, epoch: 6 | loss: 1.0708452
	speed: 0.0125s/iter; left time: 8526.3169s
	iters: 2600, epoch: 6 | loss: 1.2754887
	speed: 0.0124s/iter; left time: 8463.2251s
	iters: 2700, epoch: 6 | loss: 1.0824475
	speed: 0.0123s/iter; left time: 8428.5768s
	iters: 2800, epoch: 6 | loss: 1.1733907
	speed: 0.0124s/iter; left time: 8495.3544s
	iters: 2900, epoch: 6 | loss: 1.1563754
	speed: 0.0123s/iter; left time: 8420.2990s
	iters: 3000, epoch: 6 | loss: 1.0909764
	speed: 0.0124s/iter; left time: 8441.1768s
	iters: 3100, epoch: 6 | loss: 1.0641308
	speed: 0.0124s/iter; left time: 8467.1171s
	iters: 3200, epoch: 6 | loss: 1.3387975
	speed: 0.0124s/iter; left time: 8443.5587s
	iters: 3300, epoch: 6 | loss: 1.2907495
	speed: 0.0123s/iter; left time: 8423.6134s
	iters: 3400, epoch: 6 | loss: 1.2585239
	speed: 0.0124s/iter; left time: 8433.0376s
	iters: 3500, epoch: 6 | loss: 1.1574228
	speed: 0.0124s/iter; left time: 8443.4995s
Epoch: 6 cost time: 43.817612648010254
Epoch: 6, Steps: 3516 | Train Loss: 1.2329368 Vali Loss: 2.1417136 Test Loss: 1.9169198
EarlyStopping counter: 1 out of 5
	iters: 100, epoch: 7 | loss: 1.2841972
	speed: 0.4188s/iter; left time: 285613.8638s
	iters: 200, epoch: 7 | loss: 1.1599469
	speed: 0.0126s/iter; left time: 8564.7645s
	iters: 300, epoch: 7 | loss: 1.1413114
	speed: 0.0125s/iter; left time: 8505.1480s
	iters: 400, epoch: 7 | loss: 1.1367418
	speed: 0.0125s/iter; left time: 8496.0844s
	iters: 500, epoch: 7 | loss: 1.2414080
	speed: 0.0125s/iter; left time: 8510.3722s
	iters: 600, epoch: 7 | loss: 1.0736487
	speed: 0.0125s/iter; left time: 8496.0973s
	iters: 700, epoch: 7 | loss: 1.2276897
	speed: 0.0125s/iter; left time: 8488.1963s
	iters: 800, epoch: 7 | loss: 1.2087464
	speed: 0.0125s/iter; left time: 8483.3884s
	iters: 900, epoch: 7 | loss: 1.2073808
	speed: 0.0125s/iter; left time: 8522.8502s
	iters: 1000, epoch: 7 | loss: 1.3965774
	speed: 0.0124s/iter; left time: 8463.6671s
	iters: 1100, epoch: 7 | loss: 1.2024333
	speed: 0.0125s/iter; left time: 8480.6076s
	iters: 1200, epoch: 7 | loss: 1.1551808
	speed: 0.0124s/iter; left time: 8442.0906s
	iters: 1300, epoch: 7 | loss: 1.4449664
	speed: 0.0124s/iter; left time: 8445.7056s
	iters: 1400, epoch: 7 | loss: 1.0790994
	speed: 0.0125s/iter; left time: 8495.9735s
	iters: 1500, epoch: 7 | loss: 1.2161367
	speed: 0.0124s/iter; left time: 8429.4592s
	iters: 1600, epoch: 7 | loss: 1.2033279
	speed: 0.0124s/iter; left time: 8445.9898s
	iters: 1700, epoch: 7 | loss: 1.1089256
	speed: 0.0124s/iter; left time: 8414.3143s
	iters: 1800, epoch: 7 | loss: 1.4618758
	speed: 0.0124s/iter; left time: 8434.7408s
	iters: 1900, epoch: 7 | loss: 1.1386302
	speed: 0.0124s/iter; left time: 8411.2864s
	iters: 2000, epoch: 7 | loss: 1.2958950
	speed: 0.0124s/iter; left time: 8445.1893s
	iters: 2100, epoch: 7 | loss: 1.1964502
	speed: 0.0124s/iter; left time: 8421.1769s
	iters: 2200, epoch: 7 | loss: 1.2400321
	speed: 0.0124s/iter; left time: 8410.1719s
	iters: 2300, epoch: 7 | loss: 1.2458270
	speed: 0.0124s/iter; left time: 8398.2054s
	iters: 2400, epoch: 7 | loss: 1.2574315
	speed: 0.0124s/iter; left time: 8426.9954s
	iters: 2500, epoch: 7 | loss: 1.1162395
	speed: 0.0124s/iter; left time: 8412.5064s
	iters: 2600, epoch: 7 | loss: 1.2761434
	speed: 0.0124s/iter; left time: 8407.5537s
	iters: 2700, epoch: 7 | loss: 1.2350688
	speed: 0.0123s/iter; left time: 8384.2673s
	iters: 2800, epoch: 7 | loss: 1.4326917
	speed: 0.0123s/iter; left time: 8385.1581s
	iters: 2900, epoch: 7 | loss: 1.1961895
	speed: 0.0124s/iter; left time: 8403.8240s
	iters: 3000, epoch: 7 | loss: 1.3817165
	speed: 0.0124s/iter; left time: 8391.4812s
	iters: 3100, epoch: 7 | loss: 1.1812032
	speed: 0.0123s/iter; left time: 8381.2915s
	iters: 3200, epoch: 7 | loss: 1.1894203
	speed: 0.0123s/iter; left time: 8380.3178s
	iters: 3300, epoch: 7 | loss: 1.1605846
	speed: 0.0124s/iter; left time: 8386.7805s
	iters: 3400, epoch: 7 | loss: 1.2829993
	speed: 0.0124s/iter; left time: 8384.2876s
	iters: 3500, epoch: 7 | loss: 1.2320911
	speed: 0.0123s/iter; left time: 8363.4722s
Epoch: 7 cost time: 43.78313064575195
Epoch: 7, Steps: 3516 | Train Loss: 1.2329224 Vali Loss: 2.2395947 Test Loss: 1.9397229
EarlyStopping counter: 2 out of 5
	iters: 100, epoch: 8 | loss: 1.2672937
	speed: 0.4194s/iter; left time: 284547.2158s
	iters: 200, epoch: 8 | loss: 1.2046649
	speed: 0.0126s/iter; left time: 8531.3575s
	iters: 300, epoch: 8 | loss: 1.1295065
	speed: 0.0125s/iter; left time: 8476.2029s
	iters: 400, epoch: 8 | loss: 1.3134902
	speed: 0.0125s/iter; left time: 8471.4542s
	iters: 500, epoch: 8 | loss: 1.1040261
	speed: 0.0125s/iter; left time: 8455.9799s
	iters: 600, epoch: 8 | loss: 1.0097538
	speed: 0.0125s/iter; left time: 8459.6339s
	iters: 700, epoch: 8 | loss: 1.0917926
	speed: 0.0125s/iter; left time: 8451.0631s
	iters: 800, epoch: 8 | loss: 1.2080737
	speed: 0.0124s/iter; left time: 8431.7886s
	iters: 900, epoch: 8 | loss: 1.1225798
	speed: 0.0125s/iter; left time: 8438.5554s
	iters: 1000, epoch: 8 | loss: 1.2027172
	speed: 0.0125s/iter; left time: 8453.8497s
	iters: 1100, epoch: 8 | loss: 1.3644981
	speed: 0.0125s/iter; left time: 8435.2655s
	iters: 1200, epoch: 8 | loss: 1.1888323
	speed: 0.0124s/iter; left time: 8425.1394s
	iters: 1300, epoch: 8 | loss: 1.3301319
	speed: 0.0124s/iter; left time: 8394.9749s
	iters: 1400, epoch: 8 | loss: 1.0430897
	speed: 0.0124s/iter; left time: 8418.8625s
	iters: 1500, epoch: 8 | loss: 1.2424834
	speed: 0.0124s/iter; left time: 8400.3930s
	iters: 1600, epoch: 8 | loss: 1.1970866
	speed: 0.0124s/iter; left time: 8399.5381s
	iters: 1700, epoch: 8 | loss: 1.1054379
	speed: 0.0124s/iter; left time: 8406.0987s
	iters: 1800, epoch: 8 | loss: 1.0887073
	speed: 0.0124s/iter; left time: 8405.9750s
	iters: 1900, epoch: 8 | loss: 1.3036175
	speed: 0.0124s/iter; left time: 8368.1906s
	iters: 2000, epoch: 8 | loss: 1.2716354
	speed: 0.0124s/iter; left time: 8363.1744s
	iters: 2100, epoch: 8 | loss: 1.2846097
	speed: 0.0124s/iter; left time: 8381.5864s
	iters: 2200, epoch: 8 | loss: 1.1134807
	speed: 0.0124s/iter; left time: 8367.8865s
	iters: 2300, epoch: 8 | loss: 1.3556434
	speed: 0.0124s/iter; left time: 8374.7710s
	iters: 2400, epoch: 8 | loss: 1.2174029
	speed: 0.0124s/iter; left time: 8376.2379s
	iters: 2500, epoch: 8 | loss: 1.3308213
	speed: 0.0124s/iter; left time: 8367.8648s
	iters: 2600, epoch: 8 | loss: 1.3692740
	speed: 0.0124s/iter; left time: 8380.3635s
	iters: 2700, epoch: 8 | loss: 1.3093054
	speed: 0.0124s/iter; left time: 8401.2489s
	iters: 2800, epoch: 8 | loss: 1.0497662
	speed: 0.0124s/iter; left time: 8365.0266s
	iters: 2900, epoch: 8 | loss: 1.3016347
	speed: 0.0124s/iter; left time: 8354.5515s
	iters: 3000, epoch: 8 | loss: 1.1680237
	speed: 0.0124s/iter; left time: 8355.7714s
	iters: 3100, epoch: 8 | loss: 1.2268795
	speed: 0.0124s/iter; left time: 8373.1664s
	iters: 3200, epoch: 8 | loss: 1.1300573
	speed: 0.0124s/iter; left time: 8375.1924s
	iters: 3300, epoch: 8 | loss: 1.2893867
	speed: 0.0124s/iter; left time: 8369.9209s
	iters: 3400, epoch: 8 | loss: 1.0418789
	speed: 0.0124s/iter; left time: 8372.7799s
	iters: 3500, epoch: 8 | loss: 1.2372198
	speed: 0.0124s/iter; left time: 8363.9042s
Epoch: 8 cost time: 43.83509969711304
Epoch: 8, Steps: 3516 | Train Loss: 1.2328125 Vali Loss: 2.1724992 Test Loss: 1.9399531
EarlyStopping counter: 3 out of 5
	iters: 100, epoch: 9 | loss: 1.2872277
	speed: 0.4201s/iter; left time: 283589.8906s
	iters: 200, epoch: 9 | loss: 1.1548675
	speed: 0.0125s/iter; left time: 8457.2530s
	iters: 300, epoch: 9 | loss: 1.3091402
	speed: 0.0124s/iter; left time: 8395.9552s
	iters: 400, epoch: 9 | loss: 1.0799215
	speed: 0.0125s/iter; left time: 8426.5231s
	iters: 500, epoch: 9 | loss: 1.1314467
	speed: 0.0125s/iter; left time: 8401.6561s
	iters: 600, epoch: 9 | loss: 1.1723483
	speed: 0.0125s/iter; left time: 8398.6434s
	iters: 700, epoch: 9 | loss: 1.1267432
	speed: 0.0125s/iter; left time: 8417.1053s
	iters: 800, epoch: 9 | loss: 1.3899209
	speed: 0.0126s/iter; left time: 8480.5274s
	iters: 900, epoch: 9 | loss: 1.2021621
	speed: 0.0124s/iter; left time: 8356.5788s
	iters: 1000, epoch: 9 | loss: 1.1959159
	speed: 0.0123s/iter; left time: 8309.9623s
	iters: 1100, epoch: 9 | loss: 1.1790594
	speed: 0.0124s/iter; left time: 8371.3190s
	iters: 1200, epoch: 9 | loss: 1.3157744
	speed: 0.0123s/iter; left time: 8306.0267s
	iters: 1300, epoch: 9 | loss: 1.3869379
	speed: 0.0123s/iter; left time: 8314.9321s
	iters: 1400, epoch: 9 | loss: 1.3636596
	speed: 0.0124s/iter; left time: 8339.0416s
	iters: 1500, epoch: 9 | loss: 1.1512876
	speed: 0.0124s/iter; left time: 8329.1334s
	iters: 1600, epoch: 9 | loss: 0.9925039
	speed: 0.0123s/iter; left time: 8295.8377s
	iters: 1700, epoch: 9 | loss: 1.2967223
	speed: 0.0124s/iter; left time: 8336.8597s
	iters: 1800, epoch: 9 | loss: 1.4522253
	speed: 0.0123s/iter; left time: 8268.4051s
	iters: 1900, epoch: 9 | loss: 1.1025878
	speed: 0.0123s/iter; left time: 8264.4117s
	iters: 2000, epoch: 9 | loss: 1.1577947
	speed: 0.0124s/iter; left time: 8322.0455s
	iters: 2100, epoch: 9 | loss: 1.3930779
	speed: 0.0123s/iter; left time: 8290.7746s
	iters: 2200, epoch: 9 | loss: 1.1746625
	speed: 0.0123s/iter; left time: 8272.7894s
	iters: 2300, epoch: 9 | loss: 1.2647595
	speed: 0.0123s/iter; left time: 8265.2979s
	iters: 2400, epoch: 9 | loss: 1.0997006
	speed: 0.0123s/iter; left time: 8255.5565s
	iters: 2500, epoch: 9 | loss: 1.2334795
	speed: 0.0123s/iter; left time: 8269.1218s
	iters: 2600, epoch: 9 | loss: 1.1498282
	speed: 0.0123s/iter; left time: 8302.8523s
	iters: 2700, epoch: 9 | loss: 1.1353719
	speed: 0.0123s/iter; left time: 8245.3935s
	iters: 2800, epoch: 9 | loss: 1.1501309
	speed: 0.0123s/iter; left time: 8274.9157s
	iters: 2900, epoch: 9 | loss: 1.1296639
	speed: 0.0123s/iter; left time: 8256.3128s
	iters: 3000, epoch: 9 | loss: 1.3591038
	speed: 0.0123s/iter; left time: 8234.1899s
	iters: 3100, epoch: 9 | loss: 1.0235229
	speed: 0.0123s/iter; left time: 8263.4448s
	iters: 3200, epoch: 9 | loss: 1.2946053
	speed: 0.0123s/iter; left time: 8237.7610s
	iters: 3300, epoch: 9 | loss: 1.2565590
	speed: 0.0123s/iter; left time: 8263.1091s
	iters: 3400, epoch: 9 | loss: 1.2562965
	speed: 0.0123s/iter; left time: 8287.8361s
	iters: 3500, epoch: 9 | loss: 1.2407752
	speed: 0.0123s/iter; left time: 8285.6735s
Epoch: 9 cost time: 43.588040828704834
Epoch: 9, Steps: 3516 | Train Loss: 1.2328653 Vali Loss: 2.1242285 Test Loss: 1.8942662
Validation loss decreased (2.125904 --> 2.124228).  Saving model ...
	iters: 100, epoch: 10 | loss: 1.0724807
	speed: 0.4774s/iter; left time: 320539.9212s
	iters: 200, epoch: 10 | loss: 1.1945227
	speed: 0.0124s/iter; left time: 8337.0429s
	iters: 300, epoch: 10 | loss: 1.3458383
	speed: 0.0124s/iter; left time: 8315.7833s
	iters: 400, epoch: 10 | loss: 1.0682472
	speed: 0.0124s/iter; left time: 8324.0574s
	iters: 500, epoch: 10 | loss: 1.2197465
	speed: 0.0124s/iter; left time: 8326.8266s
	iters: 600, epoch: 10 | loss: 1.0543752
	speed: 0.0124s/iter; left time: 8303.4653s
	iters: 700, epoch: 10 | loss: 1.1846987
	speed: 0.0124s/iter; left time: 8310.0074s
	iters: 800, epoch: 10 | loss: 1.2520616
	speed: 0.0124s/iter; left time: 8297.0177s
	iters: 900, epoch: 10 | loss: 1.3087621
	speed: 0.0124s/iter; left time: 8297.7011s
	iters: 1000, epoch: 10 | loss: 1.5894527
	speed: 0.0124s/iter; left time: 8301.7077s
	iters: 1100, epoch: 10 | loss: 1.2953805
	speed: 0.0124s/iter; left time: 8282.8223s
	iters: 1200, epoch: 10 | loss: 1.2048823
	speed: 0.0124s/iter; left time: 8279.6530s
	iters: 1300, epoch: 10 | loss: 1.2806973
	speed: 0.0123s/iter; left time: 8274.8416s
	iters: 1400, epoch: 10 | loss: 1.1732203
	speed: 0.0124s/iter; left time: 8318.0556s
	iters: 1500, epoch: 10 | loss: 1.2024349
	speed: 0.0123s/iter; left time: 8255.3985s
	iters: 1600, epoch: 10 | loss: 1.2853992
	speed: 0.0124s/iter; left time: 8312.4329s
	iters: 1700, epoch: 10 | loss: 1.1497407
	speed: 0.0125s/iter; left time: 8347.7345s
	iters: 1800, epoch: 10 | loss: 1.0040394
	speed: 0.0123s/iter; left time: 8251.8477s
	iters: 1900, epoch: 10 | loss: 1.2905166
	speed: 0.0123s/iter; left time: 8235.5343s
	iters: 2000, epoch: 10 | loss: 1.0721719
	speed: 0.0123s/iter; left time: 8233.1487s
	iters: 2100, epoch: 10 | loss: 1.2337811
	speed: 0.0123s/iter; left time: 8237.8486s
	iters: 2200, epoch: 10 | loss: 1.2144194
	speed: 0.0123s/iter; left time: 8212.5747s
	iters: 2300, epoch: 10 | loss: 1.3508775
	speed: 0.0123s/iter; left time: 8227.1653s
	iters: 2400, epoch: 10 | loss: 1.2614496
	speed: 0.0123s/iter; left time: 8238.6672s
	iters: 2500, epoch: 10 | loss: 1.2599070
	speed: 0.0124s/iter; left time: 8275.7389s
	iters: 2600, epoch: 10 | loss: 1.1792055
	speed: 0.0123s/iter; left time: 8231.6944s
	iters: 2700, epoch: 10 | loss: 1.0465719
	speed: 0.0123s/iter; left time: 8227.9873s
	iters: 2800, epoch: 10 | loss: 1.2345885
	speed: 0.0123s/iter; left time: 8215.4877s
	iters: 2900, epoch: 10 | loss: 1.2636890
	speed: 0.0123s/iter; left time: 8206.4125s
	iters: 3000, epoch: 10 | loss: 1.2847892
	speed: 0.0123s/iter; left time: 8202.5679s
	iters: 3100, epoch: 10 | loss: 1.3728247
	speed: 0.0124s/iter; left time: 8258.2880s
	iters: 3200, epoch: 10 | loss: 1.2451775
	speed: 0.0123s/iter; left time: 8217.4959s
	iters: 3300, epoch: 10 | loss: 1.2794611
	speed: 0.0123s/iter; left time: 8204.3489s
	iters: 3400, epoch: 10 | loss: 1.3740747
	speed: 0.0123s/iter; left time: 8210.6450s
	iters: 3500, epoch: 10 | loss: 1.3203385
	speed: 0.0123s/iter; left time: 8211.9263s
Epoch: 10 cost time: 43.55029320716858
Epoch: 10, Steps: 3516 | Train Loss: 1.2329908 Vali Loss: 2.1110218 Test Loss: 1.8867139
Validation loss decreased (2.124228 --> 2.111022).  Saving model ...
	iters: 100, epoch: 11 | loss: 1.2114401
	speed: 0.4774s/iter; left time: 318872.0125s
	iters: 200, epoch: 11 | loss: 1.2978626
	speed: 0.0126s/iter; left time: 8408.8208s
	iters: 300, epoch: 11 | loss: 1.2777053
	speed: 0.0125s/iter; left time: 8332.9661s
	iters: 400, epoch: 11 | loss: 1.0546862
	speed: 0.0125s/iter; left time: 8331.4157s
	iters: 500, epoch: 11 | loss: 1.3434399
	speed: 0.0125s/iter; left time: 8317.1442s
	iters: 600, epoch: 11 | loss: 1.3431541
	speed: 0.0125s/iter; left time: 8318.3314s
	iters: 700, epoch: 11 | loss: 1.3858110
	speed: 0.0125s/iter; left time: 8331.8518s
	iters: 800, epoch: 11 | loss: 1.2819371
	speed: 0.0125s/iter; left time: 8321.6517s
	iters: 900, epoch: 11 | loss: 1.3069502
	speed: 0.0125s/iter; left time: 8306.9720s
	iters: 1000, epoch: 11 | loss: 1.1184895
	speed: 0.0125s/iter; left time: 8322.6354s
	iters: 1100, epoch: 11 | loss: 1.2406101
	speed: 0.0124s/iter; left time: 8283.4445s
	iters: 1200, epoch: 11 | loss: 1.1911414
	speed: 0.0125s/iter; left time: 8318.4929s
	iters: 1300, epoch: 11 | loss: 1.2271675
	speed: 0.0124s/iter; left time: 8275.7973s
	iters: 1400, epoch: 11 | loss: 1.1224470
	speed: 0.0125s/iter; left time: 8359.7430s
	iters: 1500, epoch: 11 | loss: 1.2284623
	speed: 0.0125s/iter; left time: 8311.7375s
	iters: 1600, epoch: 11 | loss: 1.2183251
	speed: 0.0124s/iter; left time: 8267.1496s
	iters: 1700, epoch: 11 | loss: 1.1382716
	speed: 0.0124s/iter; left time: 8263.0431s
	iters: 1800, epoch: 11 | loss: 1.2396253
	speed: 0.0124s/iter; left time: 8273.4972s
	iters: 1900, epoch: 11 | loss: 1.1349107
	speed: 0.0124s/iter; left time: 8248.3783s
	iters: 2000, epoch: 11 | loss: 1.2776449
	speed: 0.0124s/iter; left time: 8243.2225s
	iters: 2100, epoch: 11 | loss: 1.0853561
	speed: 0.0125s/iter; left time: 8313.1341s
	iters: 2200, epoch: 11 | loss: 1.3607616
	speed: 0.0124s/iter; left time: 8241.7061s
	iters: 2300, epoch: 11 | loss: 1.0690027
	speed: 0.0125s/iter; left time: 8307.3614s
	iters: 2400, epoch: 11 | loss: 1.3955475
	speed: 0.0124s/iter; left time: 8247.9892s
	iters: 2500, epoch: 11 | loss: 0.9909934
	speed: 0.0124s/iter; left time: 8227.2646s
	iters: 2600, epoch: 11 | loss: 1.2326771
	speed: 0.0124s/iter; left time: 8244.7431s
	iters: 2700, epoch: 11 | loss: 1.2033579
	speed: 0.0124s/iter; left time: 8239.4163s
	iters: 2800, epoch: 11 | loss: 1.3245806
	speed: 0.0124s/iter; left time: 8242.1573s
	iters: 2900, epoch: 11 | loss: 1.2541678
	speed: 0.0124s/iter; left time: 8270.0990s
	iters: 3000, epoch: 11 | loss: 1.3379022
	speed: 0.0124s/iter; left time: 8254.4728s
	iters: 3100, epoch: 11 | loss: 1.3815175
	speed: 0.0124s/iter; left time: 8257.4598s
	iters: 3200, epoch: 11 | loss: 1.2195987
	speed: 0.0124s/iter; left time: 8229.3345s
	iters: 3300, epoch: 11 | loss: 1.2443973
	speed: 0.0125s/iter; left time: 8276.8282s
	iters: 3400, epoch: 11 | loss: 1.0467178
	speed: 0.0124s/iter; left time: 8264.1453s
	iters: 3500, epoch: 11 | loss: 1.1545372
	speed: 0.0124s/iter; left time: 8216.0214s
Epoch: 11 cost time: 43.88369011878967
Epoch: 11, Steps: 3516 | Train Loss: 1.2329468 Vali Loss: 2.1699066 Test Loss: 1.9300931
EarlyStopping counter: 1 out of 5
	iters: 100, epoch: 12 | loss: 1.1393429
	speed: 0.4774s/iter; left time: 317179.7177s
	iters: 200, epoch: 12 | loss: 1.0824426
	speed: 0.0124s/iter; left time: 8219.4313s
	iters: 300, epoch: 12 | loss: 1.2150042
	speed: 0.0123s/iter; left time: 8199.0036s
	iters: 400, epoch: 12 | loss: 1.1362817
	speed: 0.0123s/iter; left time: 8170.8641s
	iters: 500, epoch: 12 | loss: 1.1712704
	speed: 0.0124s/iter; left time: 8203.7271s
	iters: 600, epoch: 12 | loss: 1.1310848
	speed: 0.0124s/iter; left time: 8263.4310s
	iters: 700, epoch: 12 | loss: 1.1850399
	speed: 0.0123s/iter; left time: 8187.3967s
	iters: 800, epoch: 12 | loss: 1.2172014
	speed: 0.0123s/iter; left time: 8176.2541s
	iters: 900, epoch: 12 | loss: 1.2353703
	speed: 0.0123s/iter; left time: 8175.2912s
	iters: 1000, epoch: 12 | loss: 1.2829496
	speed: 0.0124s/iter; left time: 8236.2606s
	iters: 1100, epoch: 12 | loss: 1.3060063
	speed: 0.0123s/iter; left time: 8165.1449s
	iters: 1200, epoch: 12 | loss: 1.2283617
	speed: 0.0123s/iter; left time: 8176.3399s
	iters: 1300, epoch: 12 | loss: 1.4318842
	speed: 0.0123s/iter; left time: 8156.8644s
	iters: 1400, epoch: 12 | loss: 1.2981279
	speed: 0.0123s/iter; left time: 8181.0176s
	iters: 1500, epoch: 12 | loss: 1.3407918
	speed: 0.0123s/iter; left time: 8157.6041s
	iters: 1600, epoch: 12 | loss: 1.3248940
	speed: 0.0124s/iter; left time: 8190.4153s
	iters: 1700, epoch: 12 | loss: 1.2245798
	speed: 0.0123s/iter; left time: 8154.1715s
	iters: 1800, epoch: 12 | loss: 1.3209490
	speed: 0.0123s/iter; left time: 8173.2324s
	iters: 1900, epoch: 12 | loss: 1.1984435
	speed: 0.0123s/iter; left time: 8158.7397s
	iters: 2000, epoch: 12 | loss: 1.2979335
	speed: 0.0123s/iter; left time: 8155.6413s
	iters: 2100, epoch: 12 | loss: 1.1780720
	speed: 0.0124s/iter; left time: 8184.9422s
	iters: 2200, epoch: 12 | loss: 1.1147604
	speed: 0.0123s/iter; left time: 8173.0303s
	iters: 2300, epoch: 12 | loss: 1.1703377
	speed: 0.0123s/iter; left time: 8161.8478s
	iters: 2400, epoch: 12 | loss: 1.1759387
	speed: 0.0123s/iter; left time: 8166.9567s
	iters: 2500, epoch: 12 | loss: 1.2689245
	speed: 0.0123s/iter; left time: 8155.2538s
	iters: 2600, epoch: 12 | loss: 1.1621739
	speed: 0.0123s/iter; left time: 8165.7255s
	iters: 2700, epoch: 12 | loss: 1.2337937
	speed: 0.0123s/iter; left time: 8156.9921s
	iters: 2800, epoch: 12 | loss: 1.2087710
	speed: 0.0123s/iter; left time: 8140.4640s
	iters: 2900, epoch: 12 | loss: 1.1246156
	speed: 0.0123s/iter; left time: 8138.7227s
	iters: 3000, epoch: 12 | loss: 1.2629725
	speed: 0.0123s/iter; left time: 8149.7758s
	iters: 3100, epoch: 12 | loss: 1.2249579
	speed: 0.0123s/iter; left time: 8148.1181s
	iters: 3200, epoch: 12 | loss: 1.2675794
	speed: 0.0124s/iter; left time: 8178.0138s
	iters: 3300, epoch: 12 | loss: 1.3030844
	speed: 0.0123s/iter; left time: 8157.1342s
	iters: 3400, epoch: 12 | loss: 1.2377756
	speed: 0.0123s/iter; left time: 8141.7002s
	iters: 3500, epoch: 12 | loss: 1.3437786
	speed: 0.0123s/iter; left time: 8139.7721s
Epoch: 12 cost time: 43.531007528305054
Epoch: 12, Steps: 3516 | Train Loss: 1.2329687 Vali Loss: 2.1994910 Test Loss: 1.9275211
EarlyStopping counter: 2 out of 5
	iters: 100, epoch: 13 | loss: 1.0908759
	speed: 0.4776s/iter; left time: 315636.9117s
	iters: 200, epoch: 13 | loss: 1.1959159
	speed: 0.0125s/iter; left time: 8260.4922s
	iters: 300, epoch: 13 | loss: 1.4517316
	speed: 0.0125s/iter; left time: 8234.8100s
	iters: 400, epoch: 13 | loss: 1.1628703
	speed: 0.0125s/iter; left time: 8260.2302s
	iters: 500, epoch: 13 | loss: 1.2104468
	speed: 0.0125s/iter; left time: 8236.1849s
	iters: 600, epoch: 13 | loss: 1.2097164
	speed: 0.0126s/iter; left time: 8291.1348s
	iters: 700, epoch: 13 | loss: 1.2843913
	speed: 0.0125s/iter; left time: 8244.3648s
	iters: 800, epoch: 13 | loss: 1.2924010
	speed: 0.0125s/iter; left time: 8225.9526s
	iters: 900, epoch: 13 | loss: 1.2147794
	speed: 0.0124s/iter; left time: 8214.8388s
	iters: 1000, epoch: 13 | loss: 1.1519102
	speed: 0.0124s/iter; left time: 8217.0326s
	iters: 1100, epoch: 13 | loss: 1.1839999
	speed: 0.0124s/iter; left time: 8212.7983s
	iters: 1200, epoch: 13 | loss: 1.2915510
	speed: 0.0124s/iter; left time: 8183.8686s
	iters: 1300, epoch: 13 | loss: 1.3748482
	speed: 0.0124s/iter; left time: 8203.2470s
	iters: 1400, epoch: 13 | loss: 1.2753402
	speed: 0.0124s/iter; left time: 8174.8552s
	iters: 1500, epoch: 13 | loss: 1.6263975
	speed: 0.0124s/iter; left time: 8193.6875s
	iters: 1600, epoch: 13 | loss: 1.1686559
	speed: 0.0125s/iter; left time: 8231.1924s
	iters: 1700, epoch: 13 | loss: 1.2534251
	speed: 0.0125s/iter; left time: 8213.2126s
	iters: 1800, epoch: 13 | loss: 1.1892093
	speed: 0.0123s/iter; left time: 8138.0274s
	iters: 1900, epoch: 13 | loss: 1.1618479
	speed: 0.0124s/iter; left time: 8166.1992s
	iters: 2000, epoch: 13 | loss: 1.1664257
	speed: 0.0124s/iter; left time: 8161.2710s
	iters: 2100, epoch: 13 | loss: 1.4309144
	speed: 0.0124s/iter; left time: 8190.3616s
	iters: 2200, epoch: 13 | loss: 1.2680136
	speed: 0.0125s/iter; left time: 8217.4733s
	iters: 2300, epoch: 13 | loss: 1.1369864
	speed: 0.0124s/iter; left time: 8170.1746s
	iters: 2400, epoch: 13 | loss: 1.2793224
	speed: 0.0124s/iter; left time: 8154.9246s
	iters: 2500, epoch: 13 | loss: 1.2523094
	speed: 0.0124s/iter; left time: 8156.8154s
	iters: 2600, epoch: 13 | loss: 1.0648006
	speed: 0.0124s/iter; left time: 8153.1812s
	iters: 2700, epoch: 13 | loss: 1.2584931
	speed: 0.0124s/iter; left time: 8140.4367s
	iters: 2800, epoch: 13 | loss: 1.5010114
	speed: 0.0124s/iter; left time: 8143.0904s
	iters: 2900, epoch: 13 | loss: 1.2494915
	speed: 0.0123s/iter; left time: 8114.3132s
	iters: 3000, epoch: 13 | loss: 1.4266456
	speed: 0.0124s/iter; left time: 8176.0133s
	iters: 3100, epoch: 13 | loss: 1.2418585
	speed: 0.0124s/iter; left time: 8181.3478s
	iters: 3200, epoch: 13 | loss: 1.3888975
	speed: 0.0124s/iter; left time: 8156.2765s
	iters: 3300, epoch: 13 | loss: 1.2112752
	speed: 0.0124s/iter; left time: 8138.3629s
	iters: 3400, epoch: 13 | loss: 1.3837699
	speed: 0.0124s/iter; left time: 8148.8861s
	iters: 3500, epoch: 13 | loss: 1.2168577
	speed: 0.0124s/iter; left time: 8138.9231s
Epoch: 13 cost time: 43.841983795166016
Epoch: 13, Steps: 3516 | Train Loss: 1.2329191 Vali Loss: 2.1679242 Test Loss: 1.9502927
EarlyStopping counter: 3 out of 5
	iters: 100, epoch: 14 | loss: 1.2640105
	speed: 0.4779s/iter; left time: 314185.1891s
	iters: 200, epoch: 14 | loss: 1.3631778
	speed: 0.0124s/iter; left time: 8157.5761s
	iters: 300, epoch: 14 | loss: 1.2503660
	speed: 0.0124s/iter; left time: 8164.5580s
	iters: 400, epoch: 14 | loss: 1.1864202
	speed: 0.0125s/iter; left time: 8194.3710s
	iters: 500, epoch: 14 | loss: 1.2680265
	speed: 0.0124s/iter; left time: 8151.8056s
	iters: 600, epoch: 14 | loss: 1.0477909
	speed: 0.0124s/iter; left time: 8171.7706s
	iters: 700, epoch: 14 | loss: 1.1560225
	speed: 0.0125s/iter; left time: 8182.2522s
	iters: 800, epoch: 14 | loss: 1.3016647
	speed: 0.0124s/iter; left time: 8140.7496s
	iters: 900, epoch: 14 | loss: 1.2974309
	speed: 0.0124s/iter; left time: 8124.4990s
	iters: 1000, epoch: 14 | loss: 1.2576190
	speed: 0.0124s/iter; left time: 8125.7096s
	iters: 1100, epoch: 14 | loss: 1.2324980
	speed: 0.0124s/iter; left time: 8109.2541s
	iters: 1200, epoch: 14 | loss: 1.1811678
	speed: 0.0123s/iter; left time: 8096.9029s
	iters: 1300, epoch: 14 | loss: 1.2337729
	speed: 0.0123s/iter; left time: 8085.3686s
	iters: 1400, epoch: 14 | loss: 1.2935667
	speed: 0.0124s/iter; left time: 8106.1485s
	iters: 1500, epoch: 14 | loss: 1.1958209
	speed: 0.0124s/iter; left time: 8107.8643s
	iters: 1600, epoch: 14 | loss: 1.1817281
	speed: 0.0123s/iter; left time: 8060.4533s
	iters: 1700, epoch: 14 | loss: 1.2730511
	speed: 0.0123s/iter; left time: 8077.9586s
	iters: 1800, epoch: 14 | loss: 1.2061561
	speed: 0.0123s/iter; left time: 8057.4561s
	iters: 1900, epoch: 14 | loss: 1.4114558
	speed: 0.0123s/iter; left time: 8073.7976s
	iters: 2000, epoch: 14 | loss: 1.1896515
	speed: 0.0123s/iter; left time: 8061.4341s
	iters: 2100, epoch: 14 | loss: 1.1163549
	speed: 0.0123s/iter; left time: 8069.6376s
	iters: 2200, epoch: 14 | loss: 1.2074428
	speed: 0.0123s/iter; left time: 8057.6465s
	iters: 2300, epoch: 14 | loss: 1.1561813
	speed: 0.0123s/iter; left time: 8056.5309s
	iters: 2400, epoch: 14 | loss: 1.2047818
	speed: 0.0124s/iter; left time: 8098.4430s
	iters: 2500, epoch: 14 | loss: 1.3200122
	speed: 0.0123s/iter; left time: 8049.9645s
	iters: 2600, epoch: 14 | loss: 1.1573439
	speed: 0.0123s/iter; left time: 8067.8188s
	iters: 2700, epoch: 14 | loss: 1.4149243
	speed: 0.0123s/iter; left time: 8062.4623s
	iters: 2800, epoch: 14 | loss: 1.2724177
	speed: 0.0124s/iter; left time: 8097.6611s
	iters: 2900, epoch: 14 | loss: 1.1712974
	speed: 0.0123s/iter; left time: 8046.1643s
	iters: 3000, epoch: 14 | loss: 1.3463466
	speed: 0.0123s/iter; left time: 8055.3651s
	iters: 3100, epoch: 14 | loss: 1.0238239
	speed: 0.0123s/iter; left time: 8037.7881s
	iters: 3200, epoch: 14 | loss: 1.0803201
	speed: 0.0123s/iter; left time: 8037.8063s
	iters: 3300, epoch: 14 | loss: 1.3827291
	speed: 0.0124s/iter; left time: 8109.3667s
	iters: 3400, epoch: 14 | loss: 1.2329590
	speed: 0.0123s/iter; left time: 8042.4028s
	iters: 3500, epoch: 14 | loss: 1.1784093
	speed: 0.0123s/iter; left time: 8073.7723s
Epoch: 14 cost time: 43.569721937179565
Epoch: 14, Steps: 3516 | Train Loss: 1.2329704 Vali Loss: 2.1635385 Test Loss: 1.9241734
EarlyStopping counter: 4 out of 5
	iters: 100, epoch: 15 | loss: 1.3078530
	speed: 0.4779s/iter; left time: 312506.4570s
	iters: 200, epoch: 15 | loss: 1.2452488
	speed: 0.0124s/iter; left time: 8129.8682s
	iters: 300, epoch: 15 | loss: 1.3601767
	speed: 0.0124s/iter; left time: 8092.9166s
	iters: 400, epoch: 15 | loss: 1.3744004
	speed: 0.0125s/iter; left time: 8138.7937s
	iters: 500, epoch: 15 | loss: 1.1535252
	speed: 0.0124s/iter; left time: 8094.6798s
	iters: 600, epoch: 15 | loss: 1.2444646
	speed: 0.0124s/iter; left time: 8116.2188s
	iters: 700, epoch: 15 | loss: 1.1959035
	speed: 0.0124s/iter; left time: 8130.0349s
	iters: 800, epoch: 15 | loss: 1.2052722
	speed: 0.0124s/iter; left time: 8068.3486s
	iters: 900, epoch: 15 | loss: 1.1850464
	speed: 0.0124s/iter; left time: 8097.6364s
	iters: 1000, epoch: 15 | loss: 1.2132157
	speed: 0.0124s/iter; left time: 8094.6668s
	iters: 1100, epoch: 15 | loss: 1.0679021
	speed: 0.0124s/iter; left time: 8066.9528s
	iters: 1200, epoch: 15 | loss: 1.2106175
	speed: 0.0124s/iter; left time: 8076.3704s
	iters: 1300, epoch: 15 | loss: 1.1816517
	speed: 0.0124s/iter; left time: 8067.5332s
	iters: 1400, epoch: 15 | loss: 1.3710567
	speed: 0.0124s/iter; left time: 8077.7623s
	iters: 1500, epoch: 15 | loss: 1.2847283
	speed: 0.0124s/iter; left time: 8077.6740s
	iters: 1600, epoch: 15 | loss: 1.2289171
	speed: 0.0124s/iter; left time: 8081.4553s
	iters: 1700, epoch: 15 | loss: 1.3031583
	speed: 0.0124s/iter; left time: 8061.1084s
	iters: 1800, epoch: 15 | loss: 1.3396221
	speed: 0.0124s/iter; left time: 8066.2586s
	iters: 1900, epoch: 15 | loss: 1.2338666
	speed: 0.0123s/iter; left time: 8051.1587s
	iters: 2000, epoch: 15 | loss: 1.1748646
	speed: 0.0124s/iter; left time: 8058.1283s
	iters: 2100, epoch: 15 | loss: 1.1607727
	speed: 0.0124s/iter; left time: 8101.2149s
	iters: 2200, epoch: 15 | loss: 1.0423949
	speed: 0.0124s/iter; left time: 8067.9529s
	iters: 2300, epoch: 15 | loss: 1.4716233
	speed: 0.0124s/iter; left time: 8070.2311s
	iters: 2400, epoch: 15 | loss: 1.4816276
	speed: 0.0123s/iter; left time: 8045.8335s
	iters: 2500, epoch: 15 | loss: 1.3603764
	speed: 0.0124s/iter; left time: 8104.8800s
	iters: 2600, epoch: 15 | loss: 1.3409365
	speed: 0.0124s/iter; left time: 8057.2477s
	iters: 2700, epoch: 15 | loss: 1.4038668
	speed: 0.0124s/iter; left time: 8052.1412s
	iters: 2800, epoch: 15 | loss: 1.1922131
	speed: 0.0123s/iter; left time: 8031.0713s
	iters: 2900, epoch: 15 | loss: 1.1749148
	speed: 0.0124s/iter; left time: 8052.6706s
	iters: 3000, epoch: 15 | loss: 1.3457550
	speed: 0.0123s/iter; left time: 8024.8084s
	iters: 3100, epoch: 15 | loss: 1.2968320
	speed: 0.0124s/iter; left time: 8047.1197s
	iters: 3200, epoch: 15 | loss: 1.0998130
	speed: 0.0124s/iter; left time: 8048.9834s
	iters: 3300, epoch: 15 | loss: 1.2798939
	speed: 0.0124s/iter; left time: 8037.5481s
	iters: 3400, epoch: 15 | loss: 1.2969961
	speed: 0.0124s/iter; left time: 8046.3888s
	iters: 3500, epoch: 15 | loss: 1.2244976
	speed: 0.0124s/iter; left time: 8036.7494s
Epoch: 15 cost time: 43.69276165962219
Epoch: 15, Steps: 3516 | Train Loss: 1.2328913 Vali Loss: 2.1792109 Test Loss: 1.9083086
EarlyStopping counter: 5 out of 5
Early stopping
>>>>>>>testing : long_term_forecast_pems10_all_96_336_DLinear_custom_ftM_sl96_ll48_pl336_dm512_nh8_el2_dl1_df2048_fc3_ebtimeF_dtTrue_srate0.1_sseed7_trainseed2024_Exp_0<<<<<<<<<<<<<<<<<<<<<<<<<<<<<<<<<
test 246205
test shape: (24620, 1, 336, 107) (24620, 1, 336, 107)
test shape: (24620, 336, 107) (24620, 336, 107)
mse:1.886709451675415, mae:1.1210461854934692
>>>>>>>Overall time: 1611 seconds<<<<<<<<<<<<<<<<<<<<<<<<<<<<<<<<<
