Args in experiment:
Namespace(activation='gelu', anomaly_ratio=0.25, batch_size=4, c_out=151, checkpoints='./checkpoints/', d_ff=512, d_layers=1, d_model=512, data='custom', data_path='pems03_all_common_flow.csv', dec_in=151, des='Exp', device_ids=[0, 1, 2, 3], devices='0,1,2,3', distil=True, dropout=0, e_layers=2, embed='timeF', enc_in=151, factor=3, features='M', freq='h', gap_day=365, gpu=0, inverse=False, is_training=1, itr=1, label_len=48, learning_rate=0.0001, loss='MSE', lradj='type1', mask_rate=0.25, model='DLinear', model_id='pems03_all_720_96', moving_avg=25, n_heads=8, num_kernels=6, num_workers=10, output_attention=False, p_hidden_dims=[128, 128], p_hidden_layers=2, patience=3, pred_len=96, root_path='../../data/pems/', samle_rate=0.1, sample_seed=7, seasonal_patterns='Monthly', seq_len=720, target='OT', task_name='long_term_forecast', top_k=5, train_epochs=2, train_seed=2024, use_amp=False, use_gpu=True, use_multi_gpu=True)
Use GPU: cuda:0
>>>>>>>start training : long_term_forecast_pems03_all_720_96_DLinear_custom_ftM_sl720_ll48_pl96_dm512_nh8_el2_dl1_df512_fc3_ebtimeF_dtTrue_srate0.1_sseed7_trainseed2024_Exp_0>>>>>>>>>>>>>>>>>>>>>>>>>>
train 1498452
val 123984
test 353181
	iters: 100, epoch: 1 | loss: 0.6675034
	speed: 0.1036s/iter; left time: 7749.5020s
	iters: 200, epoch: 1 | loss: 1.1559000
	speed: 0.0148s/iter; left time: 1108.2246s
	iters: 300, epoch: 1 | loss: 1.0519882
	speed: 0.0149s/iter; left time: 1109.7860s
	iters: 400, epoch: 1 | loss: 0.8569041
	speed: 0.0150s/iter; left time: 1116.0551s
	iters: 500, epoch: 1 | loss: 0.7125478
	speed: 0.0151s/iter; left time: 1121.2205s
	iters: 600, epoch: 1 | loss: 1.0749935
	speed: 0.0150s/iter; left time: 1112.3800s
	iters: 700, epoch: 1 | loss: 1.0626105
	speed: 0.0150s/iter; left time: 1112.5228s
	iters: 800, epoch: 1 | loss: 0.6295043
	speed: 0.0150s/iter; left time: 1114.9529s
	iters: 900, epoch: 1 | loss: 0.5678490
	speed: 0.0150s/iter; left time: 1110.1872s
	iters: 1000, epoch: 1 | loss: 0.5429555
	speed: 0.0150s/iter; left time: 1109.3256s
	iters: 1100, epoch: 1 | loss: 0.9353017
	speed: 0.0151s/iter; left time: 1112.4762s
	iters: 1200, epoch: 1 | loss: 0.4501666
	speed: 0.0150s/iter; left time: 1107.9131s
	iters: 1300, epoch: 1 | loss: 0.6211991
	speed: 0.0150s/iter; left time: 1101.6148s
	iters: 1400, epoch: 1 | loss: 0.9010339
	speed: 0.0150s/iter; left time: 1103.2831s
	iters: 1500, epoch: 1 | loss: 0.9174317
	speed: 0.0150s/iter; left time: 1097.9509s
	iters: 1600, epoch: 1 | loss: 1.0843060
	speed: 0.0150s/iter; left time: 1099.2382s
	iters: 1700, epoch: 1 | loss: 0.8648931
	speed: 0.0149s/iter; left time: 1091.4258s
	iters: 1800, epoch: 1 | loss: 0.6078221
	speed: 0.0149s/iter; left time: 1091.8504s
	iters: 1900, epoch: 1 | loss: 0.8048751
	speed: 0.0149s/iter; left time: 1089.4801s
	iters: 2000, epoch: 1 | loss: 0.7333682
	speed: 0.0150s/iter; left time: 1090.7982s
	iters: 2100, epoch: 1 | loss: 0.8787662
	speed: 0.0150s/iter; left time: 1093.2235s
	iters: 2200, epoch: 1 | loss: 0.6979084
	speed: 0.0150s/iter; left time: 1087.9510s
	iters: 2300, epoch: 1 | loss: 0.7603481
	speed: 0.0149s/iter; left time: 1084.3849s
	iters: 2400, epoch: 1 | loss: 0.8986965
	speed: 0.0150s/iter; left time: 1086.9986s
	iters: 2500, epoch: 1 | loss: 1.0193375
	speed: 0.0150s/iter; left time: 1084.6313s
	iters: 2600, epoch: 1 | loss: 0.9351100
	speed: 0.0151s/iter; left time: 1092.2773s
	iters: 2700, epoch: 1 | loss: 0.7397319
	speed: 0.0151s/iter; left time: 1088.3529s
	iters: 2800, epoch: 1 | loss: 0.8485740
	speed: 0.0151s/iter; left time: 1088.1413s
	iters: 2900, epoch: 1 | loss: 0.7996225
	speed: 0.0151s/iter; left time: 1089.8584s
	iters: 3000, epoch: 1 | loss: 0.4461661
	speed: 0.0151s/iter; left time: 1082.5033s
	iters: 3100, epoch: 1 | loss: 0.9760116
	speed: 0.0149s/iter; left time: 1069.9814s
	iters: 3200, epoch: 1 | loss: 0.8037063
	speed: 0.0150s/iter; left time: 1073.3657s
	iters: 3300, epoch: 1 | loss: 0.5788940
	speed: 0.0150s/iter; left time: 1073.3033s
	iters: 3400, epoch: 1 | loss: 1.0607857
	speed: 0.0150s/iter; left time: 1072.3839s
	iters: 3500, epoch: 1 | loss: 0.6769933
	speed: 0.0150s/iter; left time: 1073.7842s
	iters: 3600, epoch: 1 | loss: 0.5907229
	speed: 0.0151s/iter; left time: 1075.7274s
	iters: 3700, epoch: 1 | loss: 0.6452781
	speed: 0.0151s/iter; left time: 1076.7023s
	iters: 3800, epoch: 1 | loss: 0.7882209
	speed: 0.0150s/iter; left time: 1069.0301s
	iters: 3900, epoch: 1 | loss: 0.5440096
	speed: 0.0149s/iter; left time: 1061.4256s
	iters: 4000, epoch: 1 | loss: 1.0779043
	speed: 0.0151s/iter; left time: 1069.4237s
	iters: 4100, epoch: 1 | loss: 0.6658310
	speed: 0.0152s/iter; left time: 1072.9884s
	iters: 4200, epoch: 1 | loss: 0.6479907
	speed: 0.0151s/iter; left time: 1065.2769s
	iters: 4300, epoch: 1 | loss: 0.4030506
	speed: 0.0151s/iter; left time: 1063.9685s
	iters: 4400, epoch: 1 | loss: 1.0576537
	speed: 0.0151s/iter; left time: 1062.4873s
	iters: 4500, epoch: 1 | loss: 1.0156896
	speed: 0.0151s/iter; left time: 1060.9203s
	iters: 4600, epoch: 1 | loss: 0.5977542
	speed: 0.0151s/iter; left time: 1058.8282s
	iters: 4700, epoch: 1 | loss: 0.8611088
	speed: 0.0151s/iter; left time: 1059.5272s
	iters: 4800, epoch: 1 | loss: 0.4263150
	speed: 0.0150s/iter; left time: 1052.7055s
	iters: 4900, epoch: 1 | loss: 0.8030544
	speed: 0.0150s/iter; left time: 1049.3239s
	iters: 5000, epoch: 1 | loss: 0.6191032
	speed: 0.0150s/iter; left time: 1046.7231s
	iters: 5100, epoch: 1 | loss: 0.7832372
	speed: 0.0150s/iter; left time: 1049.0034s
	iters: 5200, epoch: 1 | loss: 0.9432044
	speed: 0.0151s/iter; left time: 1051.9900s
	iters: 5300, epoch: 1 | loss: 0.9845551
	speed: 0.0151s/iter; left time: 1049.6608s
	iters: 5400, epoch: 1 | loss: 0.8922456
	speed: 0.0151s/iter; left time: 1051.1349s
	iters: 5500, epoch: 1 | loss: 0.4633132
	speed: 0.0151s/iter; left time: 1048.2436s
	iters: 5600, epoch: 1 | loss: 1.2729212
	speed: 0.0151s/iter; left time: 1044.9999s
	iters: 5700, epoch: 1 | loss: 1.0334946
	speed: 0.0151s/iter; left time: 1043.9009s
	iters: 5800, epoch: 1 | loss: 0.6287287
	speed: 0.0151s/iter; left time: 1042.1935s
	iters: 5900, epoch: 1 | loss: 0.6381170
	speed: 0.0150s/iter; left time: 1038.0457s
	iters: 6000, epoch: 1 | loss: 0.9517943
	speed: 0.0151s/iter; left time: 1040.4353s
	iters: 6100, epoch: 1 | loss: 0.4715220
	speed: 0.0152s/iter; left time: 1044.1346s
	iters: 6200, epoch: 1 | loss: 0.5957900
	speed: 0.0152s/iter; left time: 1041.1922s
	iters: 6300, epoch: 1 | loss: 0.7935200
	speed: 0.0151s/iter; left time: 1036.1500s
	iters: 6400, epoch: 1 | loss: 0.6187711
	speed: 0.0151s/iter; left time: 1033.6834s
	iters: 6500, epoch: 1 | loss: 0.7294074
	speed: 0.0151s/iter; left time: 1034.3429s
	iters: 6600, epoch: 1 | loss: 0.8928084
	speed: 0.0151s/iter; left time: 1031.5388s
	iters: 6700, epoch: 1 | loss: 1.1134319
	speed: 0.0152s/iter; left time: 1033.6659s
	iters: 6800, epoch: 1 | loss: 0.3990186
	speed: 0.0151s/iter; left time: 1029.5962s
	iters: 6900, epoch: 1 | loss: 0.7198651
	speed: 0.0152s/iter; left time: 1033.0219s
	iters: 7000, epoch: 1 | loss: 0.4978050
	speed: 0.0152s/iter; left time: 1029.3661s
	iters: 7100, epoch: 1 | loss: 1.0737298
	speed: 0.0152s/iter; left time: 1029.9817s
	iters: 7200, epoch: 1 | loss: 1.0294695
	speed: 0.0151s/iter; left time: 1025.3798s
	iters: 7300, epoch: 1 | loss: 1.1305845
	speed: 0.0151s/iter; left time: 1018.4301s
	iters: 7400, epoch: 1 | loss: 0.7758731
	speed: 0.0151s/iter; left time: 1020.7340s
	iters: 7500, epoch: 1 | loss: 0.8313398
	speed: 0.0152s/iter; left time: 1024.0815s
	iters: 7600, epoch: 1 | loss: 0.8505887
	speed: 0.0152s/iter; left time: 1021.5318s
	iters: 7700, epoch: 1 | loss: 0.9187288
	speed: 0.0152s/iter; left time: 1019.5219s
	iters: 7800, epoch: 1 | loss: 0.4899845
	speed: 0.0151s/iter; left time: 1012.6789s
	iters: 7900, epoch: 1 | loss: 0.9213336
	speed: 0.0151s/iter; left time: 1013.8901s
	iters: 8000, epoch: 1 | loss: 0.7798137
	speed: 0.0151s/iter; left time: 1010.9346s
	iters: 8100, epoch: 1 | loss: 0.6076304
	speed: 0.0151s/iter; left time: 1009.5616s
	iters: 8200, epoch: 1 | loss: 0.8899589
	speed: 0.0152s/iter; left time: 1012.6441s
	iters: 8300, epoch: 1 | loss: 0.7609035
	speed: 0.0150s/iter; left time: 1001.7529s
	iters: 8400, epoch: 1 | loss: 0.5450768
	speed: 0.0150s/iter; left time: 1000.9717s
	iters: 8500, epoch: 1 | loss: 0.7346606
	speed: 0.0150s/iter; left time: 994.1727s
	iters: 8600, epoch: 1 | loss: 0.7100717
	speed: 0.0150s/iter; left time: 997.9459s
	iters: 8700, epoch: 1 | loss: 0.7177495
	speed: 0.0151s/iter; left time: 1000.0982s
	iters: 8800, epoch: 1 | loss: 0.7580127
	speed: 0.0151s/iter; left time: 997.6679s
	iters: 8900, epoch: 1 | loss: 0.8244133
	speed: 0.0151s/iter; left time: 995.9894s
	iters: 9000, epoch: 1 | loss: 0.5951176
	speed: 0.0152s/iter; left time: 1000.9519s
	iters: 9100, epoch: 1 | loss: 1.0431724
	speed: 0.0152s/iter; left time: 997.6162s
	iters: 9200, epoch: 1 | loss: 1.0716225
	speed: 0.0152s/iter; left time: 997.6939s
	iters: 9300, epoch: 1 | loss: 0.6813516
	speed: 0.0151s/iter; left time: 991.7379s
	iters: 9400, epoch: 1 | loss: 0.8962673
	speed: 0.0152s/iter; left time: 996.1527s
	iters: 9500, epoch: 1 | loss: 0.6539441
	speed: 0.0152s/iter; left time: 992.1613s
	iters: 9600, epoch: 1 | loss: 0.8675264
	speed: 0.0151s/iter; left time: 988.7531s
	iters: 9700, epoch: 1 | loss: 0.5274190
	speed: 0.0151s/iter; left time: 985.6695s
	iters: 9800, epoch: 1 | loss: 0.7341802
	speed: 0.0150s/iter; left time: 976.3946s
	iters: 9900, epoch: 1 | loss: 0.7028621
	speed: 0.0150s/iter; left time: 976.1201s
	iters: 10000, epoch: 1 | loss: 0.5079828
	speed: 0.0150s/iter; left time: 971.7346s
	iters: 10100, epoch: 1 | loss: 0.6261379
	speed: 0.0150s/iter; left time: 971.0013s
	iters: 10200, epoch: 1 | loss: 0.7242449
	speed: 0.0150s/iter; left time: 969.5803s
	iters: 10300, epoch: 1 | loss: 1.0064415
	speed: 0.0151s/iter; left time: 973.4380s
	iters: 10400, epoch: 1 | loss: 0.4329922
	speed: 0.0151s/iter; left time: 976.0090s
	iters: 10500, epoch: 1 | loss: 0.9233977
	speed: 0.0151s/iter; left time: 970.4373s
	iters: 10600, epoch: 1 | loss: 0.6727860
	speed: 0.0150s/iter; left time: 966.0242s
	iters: 10700, epoch: 1 | loss: 0.7359751
	speed: 0.0150s/iter; left time: 966.4187s
	iters: 10800, epoch: 1 | loss: 0.4455355
	speed: 0.0151s/iter; left time: 965.1919s
	iters: 10900, epoch: 1 | loss: 1.3650441
	speed: 0.0151s/iter; left time: 964.2198s
	iters: 11000, epoch: 1 | loss: 1.0701110
	speed: 0.0151s/iter; left time: 964.3796s
	iters: 11100, epoch: 1 | loss: 0.7060055
	speed: 0.0150s/iter; left time: 959.7507s
	iters: 11200, epoch: 1 | loss: 0.6554637
	speed: 0.0150s/iter; left time: 956.7414s
	iters: 11300, epoch: 1 | loss: 0.4990651
	speed: 0.0150s/iter; left time: 956.6466s
	iters: 11400, epoch: 1 | loss: 0.7992221
	speed: 0.0151s/iter; left time: 959.6315s
	iters: 11500, epoch: 1 | loss: 0.6779940
	speed: 0.0151s/iter; left time: 956.4183s
	iters: 11600, epoch: 1 | loss: 0.7283958
	speed: 0.0150s/iter; left time: 950.9983s
	iters: 11700, epoch: 1 | loss: 0.9695811
	speed: 0.0151s/iter; left time: 953.4165s
	iters: 11800, epoch: 1 | loss: 1.0334358
	speed: 0.0150s/iter; left time: 948.7902s
	iters: 11900, epoch: 1 | loss: 1.0859910
	speed: 0.0151s/iter; left time: 950.1994s
	iters: 12000, epoch: 1 | loss: 0.5997491
	speed: 0.0150s/iter; left time: 945.9366s
	iters: 12100, epoch: 1 | loss: 0.5945289
	speed: 0.0151s/iter; left time: 947.2466s
	iters: 12200, epoch: 1 | loss: 0.5968306
	speed: 0.0151s/iter; left time: 950.2232s
	iters: 12300, epoch: 1 | loss: 0.8096642
	speed: 0.0152s/iter; left time: 951.8727s
	iters: 12400, epoch: 1 | loss: 1.4770166
	speed: 0.0152s/iter; left time: 949.1904s
	iters: 12500, epoch: 1 | loss: 0.4594021
	speed: 0.0151s/iter; left time: 943.7985s
	iters: 12600, epoch: 1 | loss: 0.6455323
	speed: 0.0152s/iter; left time: 945.4528s
	iters: 12700, epoch: 1 | loss: 0.6886669
	speed: 0.0152s/iter; left time: 943.7247s
	iters: 12800, epoch: 1 | loss: 0.7092566
	speed: 0.0151s/iter; left time: 941.0721s
	iters: 12900, epoch: 1 | loss: 0.4526007
	speed: 0.0152s/iter; left time: 940.6418s
	iters: 13000, epoch: 1 | loss: 0.5327705
	speed: 0.0151s/iter; left time: 935.5642s
	iters: 13100, epoch: 1 | loss: 0.6606953
	speed: 0.0152s/iter; left time: 936.8060s
	iters: 13200, epoch: 1 | loss: 0.5807301
	speed: 0.0151s/iter; left time: 933.2861s
	iters: 13300, epoch: 1 | loss: 0.4457767
	speed: 0.0151s/iter; left time: 929.2689s
	iters: 13400, epoch: 1 | loss: 0.4426468
	speed: 0.0150s/iter; left time: 925.3198s
	iters: 13500, epoch: 1 | loss: 0.8486207
	speed: 0.0151s/iter; left time: 927.0521s
	iters: 13600, epoch: 1 | loss: 0.4409799
	speed: 0.0151s/iter; left time: 925.3043s
	iters: 13700, epoch: 1 | loss: 0.4491561
	speed: 0.0151s/iter; left time: 923.8738s
	iters: 13800, epoch: 1 | loss: 0.6752640
	speed: 0.0151s/iter; left time: 923.0992s
	iters: 13900, epoch: 1 | loss: 0.5961996
	speed: 0.0151s/iter; left time: 918.5769s
	iters: 14000, epoch: 1 | loss: 0.5069786
	speed: 0.0151s/iter; left time: 916.9394s
	iters: 14100, epoch: 1 | loss: 0.7400808
	speed: 0.0151s/iter; left time: 916.2973s
	iters: 14200, epoch: 1 | loss: 0.6917599
	speed: 0.0151s/iter; left time: 919.7139s
	iters: 14300, epoch: 1 | loss: 0.5182514
	speed: 0.0151s/iter; left time: 916.3381s
	iters: 14400, epoch: 1 | loss: 1.0107546
	speed: 0.0151s/iter; left time: 914.3152s
	iters: 14500, epoch: 1 | loss: 0.7044253
	speed: 0.0151s/iter; left time: 912.1499s
	iters: 14600, epoch: 1 | loss: 0.6519557
	speed: 0.0151s/iter; left time: 910.4251s
	iters: 14700, epoch: 1 | loss: 0.7111218
	speed: 0.0151s/iter; left time: 906.6773s
	iters: 14800, epoch: 1 | loss: 0.7222010
	speed: 0.0151s/iter; left time: 906.4684s
	iters: 14900, epoch: 1 | loss: 0.7516807
	speed: 0.0151s/iter; left time: 903.6110s
	iters: 15000, epoch: 1 | loss: 0.4010639
	speed: 0.0150s/iter; left time: 900.9337s
	iters: 15100, epoch: 1 | loss: 0.9224086
	speed: 0.0151s/iter; left time: 901.1412s
	iters: 15200, epoch: 1 | loss: 0.5816905
	speed: 0.0150s/iter; left time: 898.3804s
	iters: 15300, epoch: 1 | loss: 0.8743075
	speed: 0.0150s/iter; left time: 897.1101s
	iters: 15400, epoch: 1 | loss: 1.0721303
	speed: 0.0151s/iter; left time: 899.0320s
	iters: 15500, epoch: 1 | loss: 0.6910453
	speed: 0.0150s/iter; left time: 893.0807s
	iters: 15600, epoch: 1 | loss: 0.7903389
	speed: 0.0151s/iter; left time: 893.9939s
	iters: 15700, epoch: 1 | loss: 0.6599953
	speed: 0.0151s/iter; left time: 893.5276s
	iters: 15800, epoch: 1 | loss: 0.6707879
	speed: 0.0151s/iter; left time: 891.8536s
	iters: 15900, epoch: 1 | loss: 0.7452522
	speed: 0.0151s/iter; left time: 890.0597s
	iters: 16000, epoch: 1 | loss: 0.5558417
	speed: 0.0151s/iter; left time: 887.0279s
	iters: 16100, epoch: 1 | loss: 0.8044112
	speed: 0.0151s/iter; left time: 885.7689s
	iters: 16200, epoch: 1 | loss: 0.4189451
	speed: 0.0152s/iter; left time: 890.0576s
	iters: 16300, epoch: 1 | loss: 0.4970911
	speed: 0.0152s/iter; left time: 891.1687s
	iters: 16400, epoch: 1 | loss: 0.8544698
	speed: 0.0151s/iter; left time: 885.3407s
	iters: 16500, epoch: 1 | loss: 1.1208588
	speed: 0.0151s/iter; left time: 881.8056s
	iters: 16600, epoch: 1 | loss: 1.0946268
	speed: 0.0152s/iter; left time: 883.8515s
	iters: 16700, epoch: 1 | loss: 0.5229002
	speed: 0.0151s/iter; left time: 876.7064s
	iters: 16800, epoch: 1 | loss: 0.6686545
	speed: 0.0151s/iter; left time: 880.4795s
	iters: 16900, epoch: 1 | loss: 0.7097120
	speed: 0.0151s/iter; left time: 877.7433s
	iters: 17000, epoch: 1 | loss: 1.1517649
	speed: 0.0151s/iter; left time: 872.1934s
	iters: 17100, epoch: 1 | loss: 1.0152284
	speed: 0.0151s/iter; left time: 870.8682s
	iters: 17200, epoch: 1 | loss: 0.4991149
	speed: 0.0151s/iter; left time: 871.7379s
	iters: 17300, epoch: 1 | loss: 0.4890078
	speed: 0.0150s/iter; left time: 866.4273s
	iters: 17400, epoch: 1 | loss: 0.3437260
	speed: 0.0151s/iter; left time: 867.3812s
	iters: 17500, epoch: 1 | loss: 1.0134773
	speed: 0.0151s/iter; left time: 866.1315s
	iters: 17600, epoch: 1 | loss: 0.8643426
	speed: 0.0151s/iter; left time: 862.8879s
	iters: 17700, epoch: 1 | loss: 0.8602439
	speed: 0.0151s/iter; left time: 863.3276s
	iters: 17800, epoch: 1 | loss: 0.9467425
	speed: 0.0151s/iter; left time: 865.1778s
	iters: 17900, epoch: 1 | loss: 0.8438259
	speed: 0.0151s/iter; left time: 860.8873s
	iters: 18000, epoch: 1 | loss: 0.7884024
	speed: 0.0150s/iter; left time: 856.6705s
	iters: 18100, epoch: 1 | loss: 0.4650147
	speed: 0.0151s/iter; left time: 855.9040s
	iters: 18200, epoch: 1 | loss: 0.7613981
	speed: 0.0151s/iter; left time: 853.7748s
	iters: 18300, epoch: 1 | loss: 0.8165154
	speed: 0.0151s/iter; left time: 854.1438s
	iters: 18400, epoch: 1 | loss: 1.5096146
	speed: 0.0151s/iter; left time: 856.1369s
	iters: 18500, epoch: 1 | loss: 0.4688291
	speed: 0.0152s/iter; left time: 855.5380s
	iters: 18600, epoch: 1 | loss: 1.0466850
	speed: 0.0152s/iter; left time: 855.7211s
	iters: 18700, epoch: 1 | loss: 0.4438122
	speed: 0.0152s/iter; left time: 853.9974s
	iters: 18800, epoch: 1 | loss: 0.9373574
	speed: 0.0152s/iter; left time: 852.6686s
	iters: 18900, epoch: 1 | loss: 0.8707681
	speed: 0.0151s/iter; left time: 845.2802s
	iters: 19000, epoch: 1 | loss: 0.7974668
	speed: 0.0151s/iter; left time: 842.1052s
	iters: 19100, epoch: 1 | loss: 1.0401561
	speed: 0.0151s/iter; left time: 840.6695s
	iters: 19200, epoch: 1 | loss: 0.8567284
	speed: 0.0151s/iter; left time: 838.9113s
	iters: 19300, epoch: 1 | loss: 0.6507934
	speed: 0.0151s/iter; left time: 837.7060s
	iters: 19400, epoch: 1 | loss: 0.6305810
	speed: 0.0150s/iter; left time: 832.6431s
	iters: 19500, epoch: 1 | loss: 0.9221028
	speed: 0.0150s/iter; left time: 831.5198s
	iters: 19600, epoch: 1 | loss: 1.1705500
	speed: 0.0150s/iter; left time: 832.1839s
	iters: 19700, epoch: 1 | loss: 0.8962691
	speed: 0.0151s/iter; left time: 835.9614s
	iters: 19800, epoch: 1 | loss: 0.9038420
	speed: 0.0151s/iter; left time: 831.4363s
	iters: 19900, epoch: 1 | loss: 0.3091152
	speed: 0.0152s/iter; left time: 835.3426s
	iters: 20000, epoch: 1 | loss: 1.0484147
	speed: 0.0151s/iter; left time: 827.9586s
	iters: 20100, epoch: 1 | loss: 0.8698773
	speed: 0.0151s/iter; left time: 826.1391s
	iters: 20200, epoch: 1 | loss: 0.4187631
	speed: 0.0151s/iter; left time: 828.7316s
	iters: 20300, epoch: 1 | loss: 0.7182593
	speed: 0.0151s/iter; left time: 827.3086s
	iters: 20400, epoch: 1 | loss: 0.7182026
	speed: 0.0151s/iter; left time: 825.7657s
	iters: 20500, epoch: 1 | loss: 0.3286472
	speed: 0.0151s/iter; left time: 821.5026s
	iters: 20600, epoch: 1 | loss: 0.9143236
	speed: 0.0152s/iter; left time: 825.2723s
	iters: 20700, epoch: 1 | loss: 0.9123598
	speed: 0.0152s/iter; left time: 822.9282s
	iters: 20800, epoch: 1 | loss: 0.5429759
	speed: 0.0151s/iter; left time: 818.0353s
	iters: 20900, epoch: 1 | loss: 0.8243492
	speed: 0.0152s/iter; left time: 821.0471s
	iters: 21000, epoch: 1 | loss: 0.6830138
	speed: 0.0151s/iter; left time: 814.7923s
	iters: 21100, epoch: 1 | loss: 0.4073988
	speed: 0.0151s/iter; left time: 814.9778s
	iters: 21200, epoch: 1 | loss: 0.6668651
	speed: 0.0152s/iter; left time: 815.2631s
	iters: 21300, epoch: 1 | loss: 0.9223473
	speed: 0.0152s/iter; left time: 814.1758s
	iters: 21400, epoch: 1 | loss: 0.7329172
	speed: 0.0152s/iter; left time: 812.6247s
	iters: 21500, epoch: 1 | loss: 0.4964048
	speed: 0.0152s/iter; left time: 814.0387s
	iters: 21600, epoch: 1 | loss: 0.5056559
	speed: 0.0152s/iter; left time: 809.7642s
	iters: 21700, epoch: 1 | loss: 0.4980753
	speed: 0.0152s/iter; left time: 806.9626s
	iters: 21800, epoch: 1 | loss: 0.4505584
	speed: 0.0151s/iter; left time: 801.1311s
	iters: 21900, epoch: 1 | loss: 0.7762644
	speed: 0.0151s/iter; left time: 801.2970s
	iters: 22000, epoch: 1 | loss: 0.9200252
	speed: 0.0151s/iter; left time: 798.5014s
	iters: 22100, epoch: 1 | loss: 0.8489771
	speed: 0.0151s/iter; left time: 796.6545s
	iters: 22200, epoch: 1 | loss: 0.7071725
	speed: 0.0151s/iter; left time: 794.2191s
	iters: 22300, epoch: 1 | loss: 0.8179837
	speed: 0.0151s/iter; left time: 796.5098s
	iters: 22400, epoch: 1 | loss: 1.1177112
	speed: 0.0151s/iter; left time: 795.0777s
	iters: 22500, epoch: 1 | loss: 0.3415546
	speed: 0.0151s/iter; left time: 791.2155s
	iters: 22600, epoch: 1 | loss: 0.8168806
	speed: 0.0151s/iter; left time: 790.9875s
	iters: 22700, epoch: 1 | loss: 0.6475970
	speed: 0.0152s/iter; left time: 793.6882s
	iters: 22800, epoch: 1 | loss: 0.5126519
	speed: 0.0152s/iter; left time: 791.7989s
	iters: 22900, epoch: 1 | loss: 0.8574783
	speed: 0.0152s/iter; left time: 792.9391s
	iters: 23000, epoch: 1 | loss: 1.1084119
	speed: 0.0151s/iter; left time: 785.6610s
	iters: 23100, epoch: 1 | loss: 0.7345771
	speed: 0.0151s/iter; left time: 782.1702s
	iters: 23200, epoch: 1 | loss: 0.4946141
	speed: 0.0151s/iter; left time: 780.2538s
	iters: 23300, epoch: 1 | loss: 0.6591626
	speed: 0.0151s/iter; left time: 779.0709s
	iters: 23400, epoch: 1 | loss: 0.5870015
	speed: 0.0151s/iter; left time: 779.3978s
	iters: 23500, epoch: 1 | loss: 0.8115743
	speed: 0.0151s/iter; left time: 773.9683s
	iters: 23600, epoch: 1 | loss: 0.8526791
	speed: 0.0150s/iter; left time: 772.2525s
	iters: 23700, epoch: 1 | loss: 0.7466588
	speed: 0.0151s/iter; left time: 773.5644s
	iters: 23800, epoch: 1 | loss: 0.5910317
	speed: 0.0151s/iter; left time: 771.2269s
	iters: 23900, epoch: 1 | loss: 0.5993735
	speed: 0.0151s/iter; left time: 770.5778s
	iters: 24000, epoch: 1 | loss: 0.7962937
	speed: 0.0151s/iter; left time: 766.5363s
	iters: 24100, epoch: 1 | loss: 1.2227530
	speed: 0.0151s/iter; left time: 768.1472s
	iters: 24200, epoch: 1 | loss: 0.7690564
	speed: 0.0151s/iter; left time: 763.7441s
	iters: 24300, epoch: 1 | loss: 0.7617378
	speed: 0.0150s/iter; left time: 760.5138s
	iters: 24400, epoch: 1 | loss: 0.3704543
	speed: 0.0151s/iter; left time: 760.8127s
	iters: 24500, epoch: 1 | loss: 0.6261119
	speed: 0.0152s/iter; left time: 764.2175s
	iters: 24600, epoch: 1 | loss: 0.8018156
	speed: 0.0150s/iter; left time: 757.2881s
	iters: 24700, epoch: 1 | loss: 0.9821240
	speed: 0.0151s/iter; left time: 756.3595s
	iters: 24800, epoch: 1 | loss: 0.8962909
	speed: 0.0149s/iter; left time: 748.1880s
	iters: 24900, epoch: 1 | loss: 0.4958432
	speed: 0.0148s/iter; left time: 742.3315s
	iters: 25000, epoch: 1 | loss: 0.6609723
	speed: 0.0151s/iter; left time: 756.1798s
	iters: 25100, epoch: 1 | loss: 0.8195335
	speed: 0.0152s/iter; left time: 756.8447s
	iters: 25200, epoch: 1 | loss: 0.7715762
	speed: 0.0151s/iter; left time: 753.0895s
	iters: 25300, epoch: 1 | loss: 0.5138833
	speed: 0.0151s/iter; left time: 749.3047s
	iters: 25400, epoch: 1 | loss: 0.9768376
	speed: 0.0150s/iter; left time: 744.6592s
	iters: 25500, epoch: 1 | loss: 0.7521071
	speed: 0.0152s/iter; left time: 750.9466s
	iters: 25600, epoch: 1 | loss: 0.6283905
	speed: 0.0152s/iter; left time: 749.7057s
	iters: 25700, epoch: 1 | loss: 0.9023204
	speed: 0.0152s/iter; left time: 747.8372s
	iters: 25800, epoch: 1 | loss: 0.5159045
	speed: 0.0151s/iter; left time: 744.0142s
	iters: 25900, epoch: 1 | loss: 0.8485288
	speed: 0.0151s/iter; left time: 741.6411s
	iters: 26000, epoch: 1 | loss: 0.8135466
	speed: 0.0151s/iter; left time: 736.9878s
	iters: 26100, epoch: 1 | loss: 1.1567361
	speed: 0.0152s/iter; left time: 741.4865s
	iters: 26200, epoch: 1 | loss: 0.5294847
	speed: 0.0152s/iter; left time: 740.9597s
	iters: 26300, epoch: 1 | loss: 0.9203809
	speed: 0.0151s/iter; left time: 736.3013s
	iters: 26400, epoch: 1 | loss: 0.9116329
	speed: 0.0152s/iter; left time: 737.6096s
	iters: 26500, epoch: 1 | loss: 0.7843348
	speed: 0.0151s/iter; left time: 732.6851s
	iters: 26600, epoch: 1 | loss: 0.8613185
	speed: 0.0152s/iter; left time: 734.9067s
	iters: 26700, epoch: 1 | loss: 0.7503335
	speed: 0.0152s/iter; left time: 732.2195s
	iters: 26800, epoch: 1 | loss: 1.0817474
	speed: 0.0152s/iter; left time: 729.9614s
	iters: 26900, epoch: 1 | loss: 0.8966182
	speed: 0.0152s/iter; left time: 730.0316s
	iters: 27000, epoch: 1 | loss: 0.5535370
	speed: 0.0152s/iter; left time: 728.2325s
	iters: 27100, epoch: 1 | loss: 0.8346513
	speed: 0.0151s/iter; left time: 724.5141s
	iters: 27200, epoch: 1 | loss: 0.4893573
	speed: 0.0152s/iter; left time: 723.7706s
	iters: 27300, epoch: 1 | loss: 0.8795803
	speed: 0.0151s/iter; left time: 721.0691s
	iters: 27400, epoch: 1 | loss: 1.1286197
	speed: 0.0151s/iter; left time: 718.5409s
	iters: 27500, epoch: 1 | loss: 0.3463913
	speed: 0.0151s/iter; left time: 716.6045s
	iters: 27600, epoch: 1 | loss: 0.5050765
	speed: 0.0151s/iter; left time: 714.4624s
	iters: 27700, epoch: 1 | loss: 0.8969433
	speed: 0.0151s/iter; left time: 713.9341s
	iters: 27800, epoch: 1 | loss: 0.9105102
	speed: 0.0152s/iter; left time: 715.0791s
	iters: 27900, epoch: 1 | loss: 0.3113613
	speed: 0.0152s/iter; left time: 713.4989s
	iters: 28000, epoch: 1 | loss: 0.5729005
	speed: 0.0152s/iter; left time: 713.0296s
	iters: 28100, epoch: 1 | loss: 0.4833511
	speed: 0.0152s/iter; left time: 711.1113s
	iters: 28200, epoch: 1 | loss: 1.0246617
	speed: 0.0152s/iter; left time: 709.0129s
	iters: 28300, epoch: 1 | loss: 0.4829964
	speed: 0.0152s/iter; left time: 708.5978s
	iters: 28400, epoch: 1 | loss: 0.7256421
	speed: 0.0152s/iter; left time: 707.9459s
	iters: 28500, epoch: 1 | loss: 1.0411572
	speed: 0.0152s/iter; left time: 705.2982s
	iters: 28600, epoch: 1 | loss: 0.9950959
	speed: 0.0151s/iter; left time: 699.5892s
	iters: 28700, epoch: 1 | loss: 1.1760106
	speed: 0.0151s/iter; left time: 698.0616s
	iters: 28800, epoch: 1 | loss: 0.6249228
	speed: 0.0150s/iter; left time: 690.8201s
	iters: 28900, epoch: 1 | loss: 0.5246943
	speed: 0.0151s/iter; left time: 693.8493s
	iters: 29000, epoch: 1 | loss: 0.9202644
	speed: 0.0150s/iter; left time: 690.5140s
	iters: 29100, epoch: 1 | loss: 0.6416266
	speed: 0.0151s/iter; left time: 691.4430s
	iters: 29200, epoch: 1 | loss: 0.9723945
	speed: 0.0151s/iter; left time: 690.2076s
	iters: 29300, epoch: 1 | loss: 1.1784480
	speed: 0.0151s/iter; left time: 690.4039s
	iters: 29400, epoch: 1 | loss: 0.5219122
	speed: 0.0151s/iter; left time: 685.6645s
	iters: 29500, epoch: 1 | loss: 0.5995835
	speed: 0.0151s/iter; left time: 686.1276s
	iters: 29600, epoch: 1 | loss: 0.8841326
	speed: 0.0149s/iter; left time: 675.9541s
	iters: 29700, epoch: 1 | loss: 0.4422930
	speed: 0.0152s/iter; left time: 686.6876s
	iters: 29800, epoch: 1 | loss: 0.6743125
	speed: 0.0152s/iter; left time: 685.1902s
	iters: 29900, epoch: 1 | loss: 0.9528691
	speed: 0.0152s/iter; left time: 683.1496s
	iters: 30000, epoch: 1 | loss: 0.8468668
	speed: 0.0152s/iter; left time: 682.7134s
	iters: 30100, epoch: 1 | loss: 0.6648418
	speed: 0.0152s/iter; left time: 680.5286s
	iters: 30200, epoch: 1 | loss: 0.8883892
	speed: 0.0151s/iter; left time: 675.7202s
	iters: 30300, epoch: 1 | loss: 0.7354650
	speed: 0.0151s/iter; left time: 671.9179s
	iters: 30400, epoch: 1 | loss: 0.6988330
	speed: 0.0151s/iter; left time: 673.6016s
	iters: 30500, epoch: 1 | loss: 0.9719471
	speed: 0.0151s/iter; left time: 671.8392s
	iters: 30600, epoch: 1 | loss: 0.6554962
	speed: 0.0152s/iter; left time: 671.9461s
	iters: 30700, epoch: 1 | loss: 0.7518637
	speed: 0.0152s/iter; left time: 670.6780s
	iters: 30800, epoch: 1 | loss: 0.5608150
	speed: 0.0151s/iter; left time: 668.1851s
	iters: 30900, epoch: 1 | loss: 0.8673676
	speed: 0.0152s/iter; left time: 667.8178s
	iters: 31000, epoch: 1 | loss: 0.4368362
	speed: 0.0152s/iter; left time: 666.3373s
	iters: 31100, epoch: 1 | loss: 0.7282186
	speed: 0.0151s/iter; left time: 663.1915s
	iters: 31200, epoch: 1 | loss: 0.8074029
	speed: 0.0152s/iter; left time: 665.1034s
	iters: 31300, epoch: 1 | loss: 0.6300746
	speed: 0.0152s/iter; left time: 660.9424s
	iters: 31400, epoch: 1 | loss: 0.5477283
	speed: 0.0151s/iter; left time: 655.7165s
	iters: 31500, epoch: 1 | loss: 0.4656947
	speed: 0.0151s/iter; left time: 657.2320s
	iters: 31600, epoch: 1 | loss: 1.0021553
	speed: 0.0151s/iter; left time: 655.3231s
	iters: 31700, epoch: 1 | loss: 0.8443499
	speed: 0.0151s/iter; left time: 652.9634s
	iters: 31800, epoch: 1 | loss: 0.4417137
	speed: 0.0151s/iter; left time: 652.5659s
	iters: 31900, epoch: 1 | loss: 0.4804775
	speed: 0.0150s/iter; left time: 647.0397s
	iters: 32000, epoch: 1 | loss: 0.7977707
	speed: 0.0151s/iter; left time: 646.0165s
	iters: 32100, epoch: 1 | loss: 0.5492439
	speed: 0.0151s/iter; left time: 648.6528s
	iters: 32200, epoch: 1 | loss: 0.5484354
	speed: 0.0152s/iter; left time: 649.1861s
	iters: 32300, epoch: 1 | loss: 0.6865029
	speed: 0.0151s/iter; left time: 643.9956s
	iters: 32400, epoch: 1 | loss: 0.8514252
	speed: 0.0152s/iter; left time: 646.4255s
	iters: 32500, epoch: 1 | loss: 0.6753467
	speed: 0.0152s/iter; left time: 644.3974s
	iters: 32600, epoch: 1 | loss: 0.7926618
	speed: 0.0152s/iter; left time: 642.9167s
	iters: 32700, epoch: 1 | loss: 0.8127297
	speed: 0.0152s/iter; left time: 639.7689s
	iters: 32800, epoch: 1 | loss: 0.8877325
	speed: 0.0152s/iter; left time: 639.1003s
	iters: 32900, epoch: 1 | loss: 0.8903709
	speed: 0.0152s/iter; left time: 640.6845s
	iters: 33000, epoch: 1 | loss: 0.8169462
	speed: 0.0152s/iter; left time: 637.1628s
	iters: 33100, epoch: 1 | loss: 0.6684449
	speed: 0.0152s/iter; left time: 635.6445s
	iters: 33200, epoch: 1 | loss: 0.5078845
	speed: 0.0152s/iter; left time: 634.3015s
	iters: 33300, epoch: 1 | loss: 0.7551810
	speed: 0.0152s/iter; left time: 633.4087s
	iters: 33400, epoch: 1 | loss: 1.0757771
	speed: 0.0152s/iter; left time: 631.5858s
	iters: 33500, epoch: 1 | loss: 0.7910744
	speed: 0.0151s/iter; left time: 627.3054s
	iters: 33600, epoch: 1 | loss: 1.0122321
	speed: 0.0152s/iter; left time: 628.3718s
	iters: 33700, epoch: 1 | loss: 0.7744887
	speed: 0.0152s/iter; left time: 627.9129s
	iters: 33800, epoch: 1 | loss: 0.7821587
	speed: 0.0152s/iter; left time: 623.7188s
	iters: 33900, epoch: 1 | loss: 0.5463735
	speed: 0.0152s/iter; left time: 621.8080s
	iters: 34000, epoch: 1 | loss: 1.1932671
	speed: 0.0152s/iter; left time: 621.2260s
	iters: 34100, epoch: 1 | loss: 0.4107260
	speed: 0.0152s/iter; left time: 620.6441s
	iters: 34200, epoch: 1 | loss: 0.9018663
	speed: 0.0152s/iter; left time: 618.4541s
	iters: 34300, epoch: 1 | loss: 0.7326730
	speed: 0.0152s/iter; left time: 615.9869s
	iters: 34400, epoch: 1 | loss: 0.7150081
	speed: 0.0152s/iter; left time: 614.5268s
	iters: 34500, epoch: 1 | loss: 0.7031177
	speed: 0.0152s/iter; left time: 615.4550s
	iters: 34600, epoch: 1 | loss: 0.7550038
	speed: 0.0152s/iter; left time: 611.6762s
	iters: 34700, epoch: 1 | loss: 0.6591113
	speed: 0.0152s/iter; left time: 610.4464s
	iters: 34800, epoch: 1 | loss: 0.9970546
	speed: 0.0153s/iter; left time: 612.6658s
	iters: 34900, epoch: 1 | loss: 0.4289390
	speed: 0.0152s/iter; left time: 608.3181s
	iters: 35000, epoch: 1 | loss: 1.2949945
	speed: 0.0153s/iter; left time: 610.0485s
	iters: 35100, epoch: 1 | loss: 0.3301617
	speed: 0.0152s/iter; left time: 605.6535s
	iters: 35200, epoch: 1 | loss: 0.3170363
	speed: 0.0152s/iter; left time: 603.2140s
	iters: 35300, epoch: 1 | loss: 0.9270954
	speed: 0.0151s/iter; left time: 599.3482s
	iters: 35400, epoch: 1 | loss: 0.9637731
	speed: 0.0151s/iter; left time: 595.5467s
	iters: 35500, epoch: 1 | loss: 0.5234720
	speed: 0.0151s/iter; left time: 595.5046s
	iters: 35600, epoch: 1 | loss: 0.6644536
	speed: 0.0151s/iter; left time: 595.1198s
	iters: 35700, epoch: 1 | loss: 1.1261311
	speed: 0.0151s/iter; left time: 592.3283s
	iters: 35800, epoch: 1 | loss: 0.6212320
	speed: 0.0152s/iter; left time: 595.5310s
	iters: 35900, epoch: 1 | loss: 0.4973446
	speed: 0.0152s/iter; left time: 592.6570s
	iters: 36000, epoch: 1 | loss: 0.6186451
	speed: 0.0152s/iter; left time: 590.9308s
	iters: 36100, epoch: 1 | loss: 0.8545131
	speed: 0.0152s/iter; left time: 589.0681s
	iters: 36200, epoch: 1 | loss: 0.9157941
	speed: 0.0151s/iter; left time: 585.6062s
	iters: 36300, epoch: 1 | loss: 0.7935370
	speed: 0.0149s/iter; left time: 574.0918s
	iters: 36400, epoch: 1 | loss: 0.6828922
	speed: 0.0150s/iter; left time: 575.9377s
	iters: 36500, epoch: 1 | loss: 0.4462540
	speed: 0.0151s/iter; left time: 578.7906s
	iters: 36600, epoch: 1 | loss: 0.5851952
	speed: 0.0150s/iter; left time: 574.3850s
	iters: 36700, epoch: 1 | loss: 0.7247220
	speed: 0.0148s/iter; left time: 566.4123s
	iters: 36800, epoch: 1 | loss: 0.6938581
	speed: 0.0148s/iter; left time: 565.1260s
	iters: 36900, epoch: 1 | loss: 0.5270690
	speed: 0.0149s/iter; left time: 564.8845s
	iters: 37000, epoch: 1 | loss: 0.5365951
	speed: 0.0149s/iter; left time: 563.8976s
	iters: 37100, epoch: 1 | loss: 0.7871720
	speed: 0.0149s/iter; left time: 562.3122s
	iters: 37200, epoch: 1 | loss: 0.6800584
	speed: 0.0151s/iter; left time: 567.8491s
	iters: 37300, epoch: 1 | loss: 0.5303142
	speed: 0.0151s/iter; left time: 568.3215s
	iters: 37400, epoch: 1 | loss: 0.6153921
	speed: 0.0151s/iter; left time: 565.2267s
Epoch: 1 cost time: 574.6208589076996
Epoch: 1, Steps: 37461 | Train Loss: 0.7440627 Vali Loss: 1.9227931 Test Loss: 1.3923383
Validation loss decreased (inf --> 1.922793).  Saving model ...
Updating learning rate to 0.0001
	iters: 100, epoch: 2 | loss: 0.8489529
	speed: 1.0582s/iter; left time: 39535.2895s
	iters: 200, epoch: 2 | loss: 0.9029855
	speed: 0.0152s/iter; left time: 564.5656s
	iters: 300, epoch: 2 | loss: 0.7098643
	speed: 0.0151s/iter; left time: 561.5229s
	iters: 400, epoch: 2 | loss: 0.6731452
	speed: 0.0151s/iter; left time: 560.3680s
	iters: 500, epoch: 2 | loss: 0.3971412
	speed: 0.0152s/iter; left time: 560.7530s
	iters: 600, epoch: 2 | loss: 0.5879466
	speed: 0.0151s/iter; left time: 558.3745s
	iters: 700, epoch: 2 | loss: 0.6958857
	speed: 0.0151s/iter; left time: 555.6424s
	iters: 800, epoch: 2 | loss: 0.9709497
	speed: 0.0152s/iter; left time: 556.2783s
	iters: 900, epoch: 2 | loss: 0.8549821
	speed: 0.0152s/iter; left time: 553.9819s
	iters: 1000, epoch: 2 | loss: 0.9531990
	speed: 0.0151s/iter; left time: 551.5742s
	iters: 1100, epoch: 2 | loss: 0.7733653
	speed: 0.0151s/iter; left time: 550.6028s
	iters: 1200, epoch: 2 | loss: 0.7847933
	speed: 0.0152s/iter; left time: 549.7666s
	iters: 1300, epoch: 2 | loss: 0.8168010
	speed: 0.0151s/iter; left time: 546.8919s
	iters: 1400, epoch: 2 | loss: 0.5673859
	speed: 0.0152s/iter; left time: 546.3818s
	iters: 1500, epoch: 2 | loss: 0.7804875
	speed: 0.0151s/iter; left time: 543.8525s
	iters: 1600, epoch: 2 | loss: 0.7505912
	speed: 0.0151s/iter; left time: 542.9239s
	iters: 1700, epoch: 2 | loss: 0.6900212
	speed: 0.0151s/iter; left time: 540.7501s
	iters: 1800, epoch: 2 | loss: 0.9903389
	speed: 0.0152s/iter; left time: 542.8433s
	iters: 1900, epoch: 2 | loss: 0.6637307
	speed: 0.0152s/iter; left time: 540.3131s
	iters: 2000, epoch: 2 | loss: 0.7374442
	speed: 0.0152s/iter; left time: 538.6664s
	iters: 2100, epoch: 2 | loss: 0.7107243
	speed: 0.0151s/iter; left time: 535.6528s
	iters: 2200, epoch: 2 | loss: 0.7622976
	speed: 0.0152s/iter; left time: 534.4767s
	iters: 2300, epoch: 2 | loss: 0.6016814
	speed: 0.0152s/iter; left time: 534.6011s
	iters: 2400, epoch: 2 | loss: 0.7135180
	speed: 0.0152s/iter; left time: 534.3707s
	iters: 2500, epoch: 2 | loss: 0.9299279
	speed: 0.0151s/iter; left time: 529.2527s
	iters: 2600, epoch: 2 | loss: 0.7568912
	speed: 0.0152s/iter; left time: 528.6151s
	iters: 2700, epoch: 2 | loss: 0.7323453
	speed: 0.0152s/iter; left time: 527.9285s
	iters: 2800, epoch: 2 | loss: 0.5851131
	speed: 0.0151s/iter; left time: 522.8938s
	iters: 2900, epoch: 2 | loss: 0.5587809
	speed: 0.0151s/iter; left time: 522.2132s
	iters: 3000, epoch: 2 | loss: 0.9305474
	speed: 0.0151s/iter; left time: 519.6398s
	iters: 3100, epoch: 2 | loss: 0.6992128
	speed: 0.0151s/iter; left time: 519.4344s
	iters: 3200, epoch: 2 | loss: 0.3148034
	speed: 0.0151s/iter; left time: 518.6862s
	iters: 3300, epoch: 2 | loss: 0.7379998
	speed: 0.0151s/iter; left time: 516.5668s
	iters: 3400, epoch: 2 | loss: 1.0642052
	speed: 0.0152s/iter; left time: 516.6502s
	iters: 3500, epoch: 2 | loss: 0.6280016
	speed: 0.0152s/iter; left time: 514.7393s
	iters: 3600, epoch: 2 | loss: 0.6736787
	speed: 0.0152s/iter; left time: 514.4636s
	iters: 3700, epoch: 2 | loss: 0.7441619
	speed: 0.0151s/iter; left time: 511.4563s
	iters: 3800, epoch: 2 | loss: 0.6618294
	speed: 0.0152s/iter; left time: 510.1458s
	iters: 3900, epoch: 2 | loss: 0.8966718
	speed: 0.0152s/iter; left time: 508.6128s
	iters: 4000, epoch: 2 | loss: 0.6631668
	speed: 0.0152s/iter; left time: 507.5142s
	iters: 4100, epoch: 2 | loss: 0.6361033
	speed: 0.0152s/iter; left time: 505.4910s
	iters: 4200, epoch: 2 | loss: 1.1164199
	speed: 0.0151s/iter; left time: 503.7023s
	iters: 4300, epoch: 2 | loss: 0.7010325
	speed: 0.0152s/iter; left time: 504.3623s
	iters: 4400, epoch: 2 | loss: 0.6295522
	speed: 0.0152s/iter; left time: 502.8199s
	iters: 4500, epoch: 2 | loss: 1.1639868
	speed: 0.0152s/iter; left time: 501.2000s
	iters: 4600, epoch: 2 | loss: 1.1751306
	speed: 0.0152s/iter; left time: 499.0033s
	iters: 4700, epoch: 2 | loss: 0.9452515
	speed: 0.0151s/iter; left time: 495.4329s
	iters: 4800, epoch: 2 | loss: 0.7886259
	speed: 0.0152s/iter; left time: 496.2135s
	iters: 4900, epoch: 2 | loss: 0.4911274
	speed: 0.0151s/iter; left time: 493.0517s
	iters: 5000, epoch: 2 | loss: 0.8347961
	speed: 0.0151s/iter; left time: 491.5791s
	iters: 5100, epoch: 2 | loss: 0.8369693
	speed: 0.0151s/iter; left time: 490.1725s
	iters: 5200, epoch: 2 | loss: 0.7025009
	speed: 0.0152s/iter; left time: 490.6933s
	iters: 5300, epoch: 2 | loss: 0.8229494
	speed: 0.0152s/iter; left time: 487.3223s
	iters: 5400, epoch: 2 | loss: 0.7600081
	speed: 0.0151s/iter; left time: 484.5622s
	iters: 5500, epoch: 2 | loss: 0.7089905
	speed: 0.0152s/iter; left time: 484.8093s
	iters: 5600, epoch: 2 | loss: 0.7832119
	speed: 0.0152s/iter; left time: 482.8300s
	iters: 5700, epoch: 2 | loss: 0.7771303
	speed: 0.0152s/iter; left time: 483.0182s
	iters: 5800, epoch: 2 | loss: 0.8339393
	speed: 0.0152s/iter; left time: 480.5253s
	iters: 5900, epoch: 2 | loss: 1.1018107
	speed: 0.0152s/iter; left time: 478.8794s
	iters: 6000, epoch: 2 | loss: 0.9523762
	speed: 0.0151s/iter; left time: 476.5100s
	iters: 6100, epoch: 2 | loss: 0.7205842
	speed: 0.0152s/iter; left time: 475.5526s
	iters: 6200, epoch: 2 | loss: 1.1800083
	speed: 0.0151s/iter; left time: 473.6101s
	iters: 6300, epoch: 2 | loss: 0.7057107
	speed: 0.0152s/iter; left time: 472.5619s
	iters: 6400, epoch: 2 | loss: 0.6225479
	speed: 0.0152s/iter; left time: 472.2747s
	iters: 6500, epoch: 2 | loss: 0.6317961
	speed: 0.0152s/iter; left time: 470.9006s
	iters: 6600, epoch: 2 | loss: 0.3927209
	speed: 0.0152s/iter; left time: 467.9172s
	iters: 6700, epoch: 2 | loss: 0.5975405
	speed: 0.0152s/iter; left time: 468.2041s
	iters: 6800, epoch: 2 | loss: 0.7610251
	speed: 0.0152s/iter; left time: 465.9409s
	iters: 6900, epoch: 2 | loss: 0.7386563
	speed: 0.0152s/iter; left time: 465.1598s
	iters: 7000, epoch: 2 | loss: 0.5176207
	speed: 0.0152s/iter; left time: 462.6023s
	iters: 7100, epoch: 2 | loss: 0.7567199
	speed: 0.0152s/iter; left time: 462.0463s
	iters: 7200, epoch: 2 | loss: 0.7374966
	speed: 0.0152s/iter; left time: 459.7519s
	iters: 7300, epoch: 2 | loss: 0.7914873
	speed: 0.0152s/iter; left time: 458.3549s
	iters: 7400, epoch: 2 | loss: 1.1353676
	speed: 0.0152s/iter; left time: 457.3681s
	iters: 7500, epoch: 2 | loss: 1.0796273
	speed: 0.0152s/iter; left time: 455.0424s
	iters: 7600, epoch: 2 | loss: 0.8905436
	speed: 0.0152s/iter; left time: 452.8211s
	iters: 7700, epoch: 2 | loss: 1.0306289
	speed: 0.0152s/iter; left time: 452.5525s
	iters: 7800, epoch: 2 | loss: 0.9448724
	speed: 0.0152s/iter; left time: 451.1678s
	iters: 7900, epoch: 2 | loss: 0.6846721
	speed: 0.0152s/iter; left time: 448.8600s
	iters: 8000, epoch: 2 | loss: 1.3495100
	speed: 0.0152s/iter; left time: 448.2034s
	iters: 8100, epoch: 2 | loss: 0.6280915
	speed: 0.0152s/iter; left time: 446.0158s
	iters: 8200, epoch: 2 | loss: 0.5747796
	speed: 0.0152s/iter; left time: 444.2568s
	iters: 8300, epoch: 2 | loss: 0.4299749
	speed: 0.0152s/iter; left time: 443.4289s
	iters: 8400, epoch: 2 | loss: 0.6103400
	speed: 0.0152s/iter; left time: 442.0144s
	iters: 8500, epoch: 2 | loss: 0.6017172
	speed: 0.0152s/iter; left time: 440.8256s
	iters: 8600, epoch: 2 | loss: 0.8218989
	speed: 0.0152s/iter; left time: 438.8613s
	iters: 8700, epoch: 2 | loss: 1.1370268
	speed: 0.0152s/iter; left time: 436.8030s
	iters: 8800, epoch: 2 | loss: 0.4704965
	speed: 0.0152s/iter; left time: 434.4132s
	iters: 8900, epoch: 2 | loss: 0.9977408
	speed: 0.0152s/iter; left time: 434.2140s
	iters: 9000, epoch: 2 | loss: 0.5466020
	speed: 0.0152s/iter; left time: 432.4141s
	iters: 9100, epoch: 2 | loss: 0.9204299
	speed: 0.0152s/iter; left time: 431.4852s
	iters: 9200, epoch: 2 | loss: 0.3863077
	speed: 0.0152s/iter; left time: 429.2060s
	iters: 9300, epoch: 2 | loss: 0.7921516
	speed: 0.0152s/iter; left time: 428.2845s
	iters: 9400, epoch: 2 | loss: 0.8708923
	speed: 0.0151s/iter; left time: 425.0291s
	iters: 9500, epoch: 2 | loss: 0.7172495
	speed: 0.0152s/iter; left time: 423.8414s
	iters: 9600, epoch: 2 | loss: 0.7226087
	speed: 0.0152s/iter; left time: 422.6467s
	iters: 9700, epoch: 2 | loss: 0.9628214
	speed: 0.0152s/iter; left time: 422.5144s
	iters: 9800, epoch: 2 | loss: 0.9874222
	speed: 0.0152s/iter; left time: 419.1258s
	iters: 9900, epoch: 2 | loss: 0.6978409
	speed: 0.0152s/iter; left time: 419.2974s
	iters: 10000, epoch: 2 | loss: 0.7248995
	speed: 0.0152s/iter; left time: 417.8552s
	iters: 10100, epoch: 2 | loss: 0.7292976
	speed: 0.0152s/iter; left time: 415.4350s
	iters: 10200, epoch: 2 | loss: 0.7623079
	speed: 0.0152s/iter; left time: 414.3207s
	iters: 10300, epoch: 2 | loss: 0.4805763
	speed: 0.0152s/iter; left time: 411.8465s
	iters: 10400, epoch: 2 | loss: 1.0697801
	speed: 0.0152s/iter; left time: 411.0935s
	iters: 10500, epoch: 2 | loss: 0.6302274
	speed: 0.0152s/iter; left time: 409.7993s
	iters: 10600, epoch: 2 | loss: 1.0713710
	speed: 0.0152s/iter; left time: 408.1218s
	iters: 10700, epoch: 2 | loss: 0.7068574
	speed: 0.0152s/iter; left time: 405.4584s
	iters: 10800, epoch: 2 | loss: 0.6139264
	speed: 0.0151s/iter; left time: 403.7762s
	iters: 10900, epoch: 2 | loss: 0.4977743
	speed: 0.0152s/iter; left time: 404.0473s
	iters: 11000, epoch: 2 | loss: 0.8005922
	speed: 0.0152s/iter; left time: 402.3277s
	iters: 11100, epoch: 2 | loss: 0.6334308
	speed: 0.0152s/iter; left time: 400.7722s
	iters: 11200, epoch: 2 | loss: 0.7742753
	speed: 0.0152s/iter; left time: 399.0762s
	iters: 11300, epoch: 2 | loss: 0.4568374
	speed: 0.0152s/iter; left time: 398.0015s
	iters: 11400, epoch: 2 | loss: 0.8641821
	speed: 0.0152s/iter; left time: 395.9458s
	iters: 11500, epoch: 2 | loss: 0.7297103
	speed: 0.0152s/iter; left time: 394.5757s
	iters: 11600, epoch: 2 | loss: 0.5812957
	speed: 0.0153s/iter; left time: 394.5217s
	iters: 11700, epoch: 2 | loss: 0.6674794
	speed: 0.0152s/iter; left time: 392.1155s
	iters: 11800, epoch: 2 | loss: 1.3679285
	speed: 0.0153s/iter; left time: 391.8588s
	iters: 11900, epoch: 2 | loss: 0.4065012
	speed: 0.0152s/iter; left time: 388.0124s
	iters: 12000, epoch: 2 | loss: 0.8529492
	speed: 0.0152s/iter; left time: 385.9775s
	iters: 12100, epoch: 2 | loss: 0.9243641
	speed: 0.0152s/iter; left time: 385.5740s
	iters: 12200, epoch: 2 | loss: 0.6145099
	speed: 0.0153s/iter; left time: 385.2577s
	iters: 12300, epoch: 2 | loss: 0.6830602
	speed: 0.0151s/iter; left time: 381.1659s
	iters: 12400, epoch: 2 | loss: 0.4246549
	speed: 0.0152s/iter; left time: 381.0280s
	iters: 12500, epoch: 2 | loss: 1.1095804
	speed: 0.0151s/iter; left time: 378.0716s
	iters: 12600, epoch: 2 | loss: 0.5154974
	speed: 0.0152s/iter; left time: 378.3294s
	iters: 12700, epoch: 2 | loss: 1.1916630
	speed: 0.0151s/iter; left time: 374.9076s
	iters: 12800, epoch: 2 | loss: 0.6630741
	speed: 0.0152s/iter; left time: 374.7404s
	iters: 12900, epoch: 2 | loss: 1.1463913
	speed: 0.0152s/iter; left time: 372.3913s
	iters: 13000, epoch: 2 | loss: 0.5076482
	speed: 0.0152s/iter; left time: 370.9819s
	iters: 13100, epoch: 2 | loss: 0.6995720
	speed: 0.0152s/iter; left time: 370.8675s
	iters: 13200, epoch: 2 | loss: 0.8850212
	speed: 0.0152s/iter; left time: 368.9766s
	iters: 13300, epoch: 2 | loss: 0.6750278
	speed: 0.0152s/iter; left time: 367.0611s
	iters: 13400, epoch: 2 | loss: 0.7402623
	speed: 0.0152s/iter; left time: 365.6697s
	iters: 13500, epoch: 2 | loss: 0.4932820
	speed: 0.0152s/iter; left time: 364.5406s
	iters: 13600, epoch: 2 | loss: 0.8456194
	speed: 0.0152s/iter; left time: 361.9296s
	iters: 13700, epoch: 2 | loss: 0.7222695
	speed: 0.0152s/iter; left time: 361.7097s
	iters: 13800, epoch: 2 | loss: 0.7022277
	speed: 0.0152s/iter; left time: 359.2236s
	iters: 13900, epoch: 2 | loss: 0.8045824
	speed: 0.0152s/iter; left time: 358.9724s
	iters: 14000, epoch: 2 | loss: 1.0185381
	speed: 0.0152s/iter; left time: 355.5616s
	iters: 14100, epoch: 2 | loss: 0.4687655
	speed: 0.0152s/iter; left time: 355.0137s
	iters: 14200, epoch: 2 | loss: 0.3624474
	speed: 0.0152s/iter; left time: 353.7484s
	iters: 14300, epoch: 2 | loss: 0.8661751
	speed: 0.0152s/iter; left time: 352.4455s
	iters: 14400, epoch: 2 | loss: 0.6379312
	speed: 0.0152s/iter; left time: 350.7386s
	iters: 14500, epoch: 2 | loss: 0.7757697
	speed: 0.0152s/iter; left time: 349.2164s
	iters: 14600, epoch: 2 | loss: 0.4478263
	speed: 0.0152s/iter; left time: 348.4248s
	iters: 14700, epoch: 2 | loss: 0.6315354
	speed: 0.0152s/iter; left time: 345.4281s
	iters: 14800, epoch: 2 | loss: 0.9746657
	speed: 0.0153s/iter; left time: 345.7691s
	iters: 14900, epoch: 2 | loss: 0.8314604
	speed: 0.0152s/iter; left time: 342.5229s
	iters: 15000, epoch: 2 | loss: 0.6732833
	speed: 0.0153s/iter; left time: 342.5794s
	iters: 15100, epoch: 2 | loss: 0.9219671
	speed: 0.0152s/iter; left time: 340.6815s
	iters: 15200, epoch: 2 | loss: 0.6211677
	speed: 0.0152s/iter; left time: 338.5680s
	iters: 15300, epoch: 2 | loss: 0.7623010
	speed: 0.0153s/iter; left time: 338.1635s
	iters: 15400, epoch: 2 | loss: 0.9834889
	speed: 0.0152s/iter; left time: 335.7000s
	iters: 15500, epoch: 2 | loss: 0.7187555
	speed: 0.0152s/iter; left time: 334.1579s
	iters: 15600, epoch: 2 | loss: 0.9802588
	speed: 0.0151s/iter; left time: 330.6275s
	iters: 15700, epoch: 2 | loss: 0.8849587
	speed: 0.0152s/iter; left time: 330.9788s
	iters: 15800, epoch: 2 | loss: 0.2914227
	speed: 0.0152s/iter; left time: 328.9428s
	iters: 15900, epoch: 2 | loss: 0.3758780
	speed: 0.0151s/iter; left time: 325.6103s
	iters: 16000, epoch: 2 | loss: 0.7174873
	speed: 0.0152s/iter; left time: 325.4360s
	iters: 16100, epoch: 2 | loss: 0.9399053
	speed: 0.0152s/iter; left time: 325.1412s
	iters: 16200, epoch: 2 | loss: 0.3992568
	speed: 0.0152s/iter; left time: 322.6742s
	iters: 16300, epoch: 2 | loss: 0.7581307
	speed: 0.0152s/iter; left time: 321.8384s
	iters: 16400, epoch: 2 | loss: 0.7269760
	speed: 0.0152s/iter; left time: 319.4246s
	iters: 16500, epoch: 2 | loss: 0.6558841
	speed: 0.0152s/iter; left time: 318.5788s
	iters: 16600, epoch: 2 | loss: 0.7130130
	speed: 0.0152s/iter; left time: 316.1624s
	iters: 16700, epoch: 2 | loss: 0.5081416
	speed: 0.0152s/iter; left time: 315.4250s
	iters: 16800, epoch: 2 | loss: 0.9917219
	speed: 0.0152s/iter; left time: 313.6760s
	iters: 16900, epoch: 2 | loss: 0.9107631
	speed: 0.0152s/iter; left time: 312.9612s
	iters: 17000, epoch: 2 | loss: 0.4201799
	speed: 0.0151s/iter; left time: 309.8936s
	iters: 17100, epoch: 2 | loss: 0.7552270
	speed: 0.0152s/iter; left time: 308.6685s
	iters: 17200, epoch: 2 | loss: 1.1307805
	speed: 0.0152s/iter; left time: 307.1210s
	iters: 17300, epoch: 2 | loss: 0.5044262
	speed: 0.0152s/iter; left time: 306.6617s
	iters: 17400, epoch: 2 | loss: 0.9287016
	speed: 0.0152s/iter; left time: 305.0657s
	iters: 17500, epoch: 2 | loss: 0.5891237
	speed: 0.0152s/iter; left time: 303.4927s
	iters: 17600, epoch: 2 | loss: 0.7133322
	speed: 0.0153s/iter; left time: 303.0860s
	iters: 17700, epoch: 2 | loss: 0.5966480
	speed: 0.0152s/iter; left time: 300.1132s
	iters: 17800, epoch: 2 | loss: 0.9038989
	speed: 0.0152s/iter; left time: 299.1255s
	iters: 17900, epoch: 2 | loss: 0.7755622
	speed: 0.0152s/iter; left time: 296.7271s
	iters: 18000, epoch: 2 | loss: 0.7648880
	speed: 0.0151s/iter; left time: 294.6620s
	iters: 18100, epoch: 2 | loss: 0.9691374
	speed: 0.0152s/iter; left time: 293.4090s
	iters: 18200, epoch: 2 | loss: 0.9331396
	speed: 0.0152s/iter; left time: 292.5946s
	iters: 18300, epoch: 2 | loss: 0.7040370
	speed: 0.0152s/iter; left time: 290.6818s
	iters: 18400, epoch: 2 | loss: 0.4757164
	speed: 0.0152s/iter; left time: 289.6442s
	iters: 18500, epoch: 2 | loss: 0.6240673
	speed: 0.0152s/iter; left time: 288.3008s
	iters: 18600, epoch: 2 | loss: 0.7087418
	speed: 0.0152s/iter; left time: 285.8172s
	iters: 18700, epoch: 2 | loss: 0.8533658
	speed: 0.0152s/iter; left time: 284.9980s
	iters: 18800, epoch: 2 | loss: 0.9187208
	speed: 0.0152s/iter; left time: 282.7666s
	iters: 18900, epoch: 2 | loss: 0.7874438
	speed: 0.0151s/iter; left time: 281.1436s
	iters: 19000, epoch: 2 | loss: 0.6291400
	speed: 0.0151s/iter; left time: 279.3117s
	iters: 19100, epoch: 2 | loss: 1.0356019
	speed: 0.0152s/iter; left time: 278.4575s
	iters: 19200, epoch: 2 | loss: 0.7405340
	speed: 0.0152s/iter; left time: 277.5830s
	iters: 19300, epoch: 2 | loss: 0.6278100
	speed: 0.0152s/iter; left time: 275.2788s
	iters: 19400, epoch: 2 | loss: 1.0464443
	speed: 0.0152s/iter; left time: 273.9324s
	iters: 19500, epoch: 2 | loss: 0.5783008
	speed: 0.0152s/iter; left time: 272.7568s
	iters: 19600, epoch: 2 | loss: 0.8310676
	speed: 0.0152s/iter; left time: 271.4703s
	iters: 19700, epoch: 2 | loss: 0.5332167
	speed: 0.0152s/iter; left time: 269.3747s
	iters: 19800, epoch: 2 | loss: 1.0393493
	speed: 0.0152s/iter; left time: 268.1852s
	iters: 19900, epoch: 2 | loss: 0.6729274
	speed: 0.0151s/iter; left time: 265.6332s
	iters: 20000, epoch: 2 | loss: 0.6370093
	speed: 0.0152s/iter; left time: 265.2175s
	iters: 20100, epoch: 2 | loss: 0.7475062
	speed: 0.0152s/iter; left time: 263.3160s
	iters: 20200, epoch: 2 | loss: 0.6234744
	speed: 0.0151s/iter; left time: 261.4482s
	iters: 20300, epoch: 2 | loss: 0.7018624
	speed: 0.0152s/iter; left time: 260.4178s
	iters: 20400, epoch: 2 | loss: 0.8287399
	speed: 0.0151s/iter; left time: 258.2236s
	iters: 20500, epoch: 2 | loss: 0.2855673
	speed: 0.0152s/iter; left time: 257.1972s
	iters: 20600, epoch: 2 | loss: 0.3087095
	speed: 0.0152s/iter; left time: 256.1368s
	iters: 20700, epoch: 2 | loss: 1.0370201
	speed: 0.0152s/iter; left time: 254.5869s
	iters: 20800, epoch: 2 | loss: 0.7264943
	speed: 0.0152s/iter; left time: 253.0613s
	iters: 20900, epoch: 2 | loss: 0.8275046
	speed: 0.0152s/iter; left time: 251.7906s
	iters: 21000, epoch: 2 | loss: 0.6656610
	speed: 0.0152s/iter; left time: 250.0543s
	iters: 21100, epoch: 2 | loss: 0.7295965
	speed: 0.0152s/iter; left time: 248.5043s
	iters: 21200, epoch: 2 | loss: 0.8165491
	speed: 0.0152s/iter; left time: 247.0147s
	iters: 21300, epoch: 2 | loss: 1.0442873
	speed: 0.0152s/iter; left time: 245.8229s
	iters: 21400, epoch: 2 | loss: 0.7264426
	speed: 0.0152s/iter; left time: 243.8798s
	iters: 21500, epoch: 2 | loss: 0.8159820
	speed: 0.0152s/iter; left time: 242.7020s
	iters: 21600, epoch: 2 | loss: 1.0671663
	speed: 0.0152s/iter; left time: 240.9976s
	iters: 21700, epoch: 2 | loss: 0.7619208
	speed: 0.0152s/iter; left time: 239.2800s
	iters: 21800, epoch: 2 | loss: 0.5689211
	speed: 0.0152s/iter; left time: 237.8660s
	iters: 21900, epoch: 2 | loss: 0.7470743
	speed: 0.0152s/iter; left time: 236.5855s
	iters: 22000, epoch: 2 | loss: 0.6409152
	speed: 0.0152s/iter; left time: 234.8397s
	iters: 22100, epoch: 2 | loss: 0.8307494
	speed: 0.0152s/iter; left time: 233.4342s
	iters: 22200, epoch: 2 | loss: 0.4816540
	speed: 0.0152s/iter; left time: 231.2850s
	iters: 22300, epoch: 2 | loss: 1.1020157
	speed: 0.0152s/iter; left time: 230.5806s
	iters: 22400, epoch: 2 | loss: 1.1112767
	speed: 0.0152s/iter; left time: 229.1515s
	iters: 22500, epoch: 2 | loss: 0.8540185
	speed: 0.0152s/iter; left time: 227.7380s
	iters: 22600, epoch: 2 | loss: 1.0274130
	speed: 0.0152s/iter; left time: 226.5204s
	iters: 22700, epoch: 2 | loss: 0.5247566
	speed: 0.0152s/iter; left time: 224.3534s
	iters: 22800, epoch: 2 | loss: 0.7878708
	speed: 0.0152s/iter; left time: 223.0496s
	iters: 22900, epoch: 2 | loss: 0.6278805
	speed: 0.0152s/iter; left time: 220.6993s
	iters: 23000, epoch: 2 | loss: 0.7679546
	speed: 0.0152s/iter; left time: 219.6961s
	iters: 23100, epoch: 2 | loss: 0.5958827
	speed: 0.0152s/iter; left time: 218.2625s
	iters: 23200, epoch: 2 | loss: 0.6015567
	speed: 0.0152s/iter; left time: 216.4818s
	iters: 23300, epoch: 2 | loss: 0.7282138
	speed: 0.0152s/iter; left time: 214.7107s
	iters: 23400, epoch: 2 | loss: 0.7956273
	speed: 0.0151s/iter; left time: 212.8668s
	iters: 23500, epoch: 2 | loss: 0.7443408
	speed: 0.0152s/iter; left time: 211.6162s
	iters: 23600, epoch: 2 | loss: 0.5561407
	speed: 0.0152s/iter; left time: 210.6681s
	iters: 23700, epoch: 2 | loss: 0.4567830
	speed: 0.0152s/iter; left time: 209.3024s
	iters: 23800, epoch: 2 | loss: 0.7455357
	speed: 0.0152s/iter; left time: 207.1752s
	iters: 23900, epoch: 2 | loss: 0.9173964
	speed: 0.0152s/iter; left time: 206.3926s
	iters: 24000, epoch: 2 | loss: 0.7836607
	speed: 0.0152s/iter; left time: 204.7645s
	iters: 24100, epoch: 2 | loss: 0.5879605
	speed: 0.0152s/iter; left time: 203.1676s
	iters: 24200, epoch: 2 | loss: 0.5155770
	speed: 0.0152s/iter; left time: 201.5602s
	iters: 24300, epoch: 2 | loss: 0.5900422
	speed: 0.0152s/iter; left time: 200.1547s
	iters: 24400, epoch: 2 | loss: 1.2096101
	speed: 0.0152s/iter; left time: 198.2810s
	iters: 24500, epoch: 2 | loss: 0.7747251
	speed: 0.0152s/iter; left time: 196.9724s
	iters: 24600, epoch: 2 | loss: 0.7866804
	speed: 0.0152s/iter; left time: 195.4305s
	iters: 24700, epoch: 2 | loss: 0.8318701
	speed: 0.0152s/iter; left time: 193.4515s
	iters: 24800, epoch: 2 | loss: 1.1667322
	speed: 0.0152s/iter; left time: 192.3072s
	iters: 24900, epoch: 2 | loss: 0.9638624
	speed: 0.0152s/iter; left time: 190.8025s
	iters: 25000, epoch: 2 | loss: 0.7818429
	speed: 0.0152s/iter; left time: 188.9777s
	iters: 25100, epoch: 2 | loss: 0.8448254
	speed: 0.0152s/iter; left time: 187.9420s
	iters: 25200, epoch: 2 | loss: 0.7570402
	speed: 0.0152s/iter; left time: 186.2761s
	iters: 25300, epoch: 2 | loss: 0.7176773
	speed: 0.0152s/iter; left time: 184.7498s
	iters: 25400, epoch: 2 | loss: 1.0172111
	speed: 0.0152s/iter; left time: 182.9189s
	iters: 25500, epoch: 2 | loss: 1.0806141
	speed: 0.0152s/iter; left time: 181.6413s
	iters: 25600, epoch: 2 | loss: 0.5643071
	speed: 0.0152s/iter; left time: 179.7538s
	iters: 25700, epoch: 2 | loss: 0.6417996
	speed: 0.0152s/iter; left time: 178.8789s
	iters: 25800, epoch: 2 | loss: 0.5768126
	speed: 0.0152s/iter; left time: 177.3062s
	iters: 25900, epoch: 2 | loss: 0.8076411
	speed: 0.0152s/iter; left time: 175.3780s
	iters: 26000, epoch: 2 | loss: 0.5748281
	speed: 0.0152s/iter; left time: 174.4048s
	iters: 26100, epoch: 2 | loss: 0.7225522
	speed: 0.0152s/iter; left time: 172.8971s
	iters: 26200, epoch: 2 | loss: 0.6049337
	speed: 0.0152s/iter; left time: 171.0253s
	iters: 26300, epoch: 2 | loss: 0.4294836
	speed: 0.0153s/iter; left time: 170.5274s
	iters: 26400, epoch: 2 | loss: 0.6410385
	speed: 0.0152s/iter; left time: 167.7332s
	iters: 26500, epoch: 2 | loss: 0.3975312
	speed: 0.0152s/iter; left time: 166.9645s
	iters: 26600, epoch: 2 | loss: 0.7271993
	speed: 0.0152s/iter; left time: 164.8475s
	iters: 26700, epoch: 2 | loss: 0.6942232
	speed: 0.0152s/iter; left time: 163.7681s
	iters: 26800, epoch: 2 | loss: 0.7817239
	speed: 0.0152s/iter; left time: 162.1183s
	iters: 26900, epoch: 2 | loss: 0.5626123
	speed: 0.0152s/iter; left time: 160.3599s
	iters: 27000, epoch: 2 | loss: 0.6540880
	speed: 0.0151s/iter; left time: 158.0284s
	iters: 27100, epoch: 2 | loss: 0.6966919
	speed: 0.0151s/iter; left time: 156.9096s
	iters: 27200, epoch: 2 | loss: 0.8864055
	speed: 0.0151s/iter; left time: 155.2251s
	iters: 27300, epoch: 2 | loss: 0.7506412
	speed: 0.0152s/iter; left time: 154.5081s
	iters: 27400, epoch: 2 | loss: 0.7493141
	speed: 0.0151s/iter; left time: 152.4194s
	iters: 27500, epoch: 2 | loss: 0.6621014
	speed: 0.0152s/iter; left time: 151.3811s
	iters: 27600, epoch: 2 | loss: 1.2041568
	speed: 0.0152s/iter; left time: 150.2862s
	iters: 27700, epoch: 2 | loss: 0.7082011
	speed: 0.0152s/iter; left time: 148.4061s
	iters: 27800, epoch: 2 | loss: 0.4935411
	speed: 0.0152s/iter; left time: 146.7933s
	iters: 27900, epoch: 2 | loss: 0.8625432
	speed: 0.0152s/iter; left time: 145.5378s
	iters: 28000, epoch: 2 | loss: 0.8276033
	speed: 0.0151s/iter; left time: 143.2469s
	iters: 28100, epoch: 2 | loss: 0.9800987
	speed: 0.0152s/iter; left time: 142.3831s
	iters: 28200, epoch: 2 | loss: 1.0654513
	speed: 0.0152s/iter; left time: 140.6527s
	iters: 28300, epoch: 2 | loss: 0.4533371
	speed: 0.0152s/iter; left time: 138.8502s
	iters: 28400, epoch: 2 | loss: 0.6464248
	speed: 0.0151s/iter; left time: 136.7948s
	iters: 28500, epoch: 2 | loss: 0.8732619
	speed: 0.0152s/iter; left time: 135.8590s
	iters: 28600, epoch: 2 | loss: 0.5213928
	speed: 0.0152s/iter; left time: 134.6684s
	iters: 28700, epoch: 2 | loss: 0.8371285
	speed: 0.0152s/iter; left time: 133.2212s
	iters: 28800, epoch: 2 | loss: 1.2677126
	speed: 0.0152s/iter; left time: 131.5253s
	iters: 28900, epoch: 2 | loss: 0.4634672
	speed: 0.0152s/iter; left time: 129.9772s
	iters: 29000, epoch: 2 | loss: 0.8907528
	speed: 0.0169s/iter; left time: 142.6524s
	iters: 29100, epoch: 2 | loss: 0.6394499
	speed: 0.0152s/iter; left time: 127.2091s
	iters: 29200, epoch: 2 | loss: 0.3573655
	speed: 0.0152s/iter; left time: 125.6320s
	iters: 29300, epoch: 2 | loss: 0.7722867
	speed: 0.0152s/iter; left time: 124.0448s
	iters: 29400, epoch: 2 | loss: 0.8696483
	speed: 0.0151s/iter; left time: 122.1280s
	iters: 29500, epoch: 2 | loss: 0.8193089
	speed: 0.0152s/iter; left time: 121.0827s
	iters: 29600, epoch: 2 | loss: 0.4584298
	speed: 0.0152s/iter; left time: 119.5033s
	iters: 29700, epoch: 2 | loss: 0.4402820
	speed: 0.0152s/iter; left time: 117.9303s
	iters: 29800, epoch: 2 | loss: 0.7536691
	speed: 0.0152s/iter; left time: 116.2294s
	iters: 29900, epoch: 2 | loss: 0.9231243
	speed: 0.0152s/iter; left time: 114.6357s
	iters: 30000, epoch: 2 | loss: 0.5047681
	speed: 0.0152s/iter; left time: 113.3165s
	iters: 30100, epoch: 2 | loss: 0.6477593
	speed: 0.0152s/iter; left time: 111.8691s
	iters: 30200, epoch: 2 | loss: 1.0309871
	speed: 0.0151s/iter; left time: 109.8520s
	iters: 30300, epoch: 2 | loss: 0.5586397
	speed: 0.0152s/iter; left time: 108.7682s
	iters: 30400, epoch: 2 | loss: 0.9019027
	speed: 0.0152s/iter; left time: 107.3067s
	iters: 30500, epoch: 2 | loss: 0.7924308
	speed: 0.0152s/iter; left time: 105.8926s
	iters: 30600, epoch: 2 | loss: 0.4947610
	speed: 0.0152s/iter; left time: 104.1189s
	iters: 30700, epoch: 2 | loss: 0.6658952
	speed: 0.0152s/iter; left time: 102.7235s
	iters: 30800, epoch: 2 | loss: 0.6643948
	speed: 0.0152s/iter; left time: 101.0489s
	iters: 30900, epoch: 2 | loss: 0.5235223
	speed: 0.0152s/iter; left time: 99.4253s
	iters: 31000, epoch: 2 | loss: 1.0884155
	speed: 0.0151s/iter; left time: 97.8633s
	iters: 31100, epoch: 2 | loss: 0.7552327
	speed: 0.0152s/iter; left time: 96.7562s
	iters: 31200, epoch: 2 | loss: 0.9121175
	speed: 0.0152s/iter; left time: 95.1981s
	iters: 31300, epoch: 2 | loss: 0.6719453
	speed: 0.0152s/iter; left time: 93.5937s
	iters: 31400, epoch: 2 | loss: 0.9007916
	speed: 0.0152s/iter; left time: 92.3351s
	iters: 31500, epoch: 2 | loss: 0.7310026
	speed: 0.0152s/iter; left time: 90.5296s
	iters: 31600, epoch: 2 | loss: 0.9623062
	speed: 0.0152s/iter; left time: 89.2629s
	iters: 31700, epoch: 2 | loss: 0.6473449
	speed: 0.0152s/iter; left time: 87.5915s
	iters: 31800, epoch: 2 | loss: 0.6820765
	speed: 0.0152s/iter; left time: 86.1053s
	iters: 31900, epoch: 2 | loss: 0.7396576
	speed: 0.0152s/iter; left time: 84.5898s
	iters: 32000, epoch: 2 | loss: 0.5700135
	speed: 0.0152s/iter; left time: 82.9960s
	iters: 32100, epoch: 2 | loss: 0.5668216
	speed: 0.0152s/iter; left time: 81.3874s
	iters: 32200, epoch: 2 | loss: 1.0128429
	speed: 0.0152s/iter; left time: 80.0478s
	iters: 32300, epoch: 2 | loss: 0.9793984
	speed: 0.0152s/iter; left time: 78.4755s
	iters: 32400, epoch: 2 | loss: 0.4729940
	speed: 0.0152s/iter; left time: 76.9462s
	iters: 32500, epoch: 2 | loss: 0.7022968
	speed: 0.0152s/iter; left time: 75.4404s
	iters: 32600, epoch: 2 | loss: 0.6046149
	speed: 0.0152s/iter; left time: 73.9758s
	iters: 32700, epoch: 2 | loss: 0.5273771
	speed: 0.0152s/iter; left time: 72.4201s
	iters: 32800, epoch: 2 | loss: 0.3851097
	speed: 0.0152s/iter; left time: 70.9809s
	iters: 32900, epoch: 2 | loss: 0.4002966
	speed: 0.0152s/iter; left time: 69.1761s
	iters: 33000, epoch: 2 | loss: 0.8049810
	speed: 0.0152s/iter; left time: 67.8001s
	iters: 33100, epoch: 2 | loss: 0.6491438
	speed: 0.0152s/iter; left time: 66.3553s
	iters: 33200, epoch: 2 | loss: 1.1619699
	speed: 0.0151s/iter; left time: 64.5053s
	iters: 33300, epoch: 2 | loss: 0.4605944
	speed: 0.0151s/iter; left time: 62.8576s
	iters: 33400, epoch: 2 | loss: 0.6459822
	speed: 0.0150s/iter; left time: 60.9995s
	iters: 33500, epoch: 2 | loss: 0.7038451
	speed: 0.0152s/iter; left time: 60.1113s
	iters: 33600, epoch: 2 | loss: 0.6660350
	speed: 0.0152s/iter; left time: 58.5861s
	iters: 33700, epoch: 2 | loss: 0.7477211
	speed: 0.0152s/iter; left time: 57.0722s
	iters: 33800, epoch: 2 | loss: 0.5844727
	speed: 0.0152s/iter; left time: 55.6980s
	iters: 33900, epoch: 2 | loss: 1.0274397
	speed: 0.0152s/iter; left time: 54.0065s
	iters: 34000, epoch: 2 | loss: 0.6823428
	speed: 0.0151s/iter; left time: 52.3321s
	iters: 34100, epoch: 2 | loss: 0.7356145
	speed: 0.0151s/iter; left time: 50.9006s
	iters: 34200, epoch: 2 | loss: 0.8117044
	speed: 0.0150s/iter; left time: 49.0530s
	iters: 34300, epoch: 2 | loss: 0.8643237
	speed: 0.0150s/iter; left time: 47.5811s
	iters: 34400, epoch: 2 | loss: 0.8833901
	speed: 0.0151s/iter; left time: 46.3035s
	iters: 34500, epoch: 2 | loss: 1.0497755
	speed: 0.0151s/iter; left time: 44.8315s
	iters: 34600, epoch: 2 | loss: 0.7747859
	speed: 0.0151s/iter; left time: 43.1727s
	iters: 34700, epoch: 2 | loss: 0.6189049
	speed: 0.0151s/iter; left time: 41.7911s
	iters: 34800, epoch: 2 | loss: 1.1349974
	speed: 0.0151s/iter; left time: 40.0644s
	iters: 34900, epoch: 2 | loss: 0.7179670
	speed: 0.0150s/iter; left time: 38.4250s
	iters: 35000, epoch: 2 | loss: 0.5935829
	speed: 0.0151s/iter; left time: 37.1980s
	iters: 35100, epoch: 2 | loss: 1.0418016
	speed: 0.0152s/iter; left time: 35.7946s
	iters: 35200, epoch: 2 | loss: 0.3098456
	speed: 0.0151s/iter; left time: 34.1126s
	iters: 35300, epoch: 2 | loss: 0.7183858
	speed: 0.0151s/iter; left time: 32.6248s
	iters: 35400, epoch: 2 | loss: 0.9720794
	speed: 0.0150s/iter; left time: 31.0070s
	iters: 35500, epoch: 2 | loss: 0.7395189
	speed: 0.0152s/iter; left time: 29.7274s
	iters: 35600, epoch: 2 | loss: 0.3505663
	speed: 0.0151s/iter; left time: 28.2092s
	iters: 35700, epoch: 2 | loss: 0.7604960
	speed: 0.0152s/iter; left time: 26.8644s
	iters: 35800, epoch: 2 | loss: 0.9056906
	speed: 0.0152s/iter; left time: 25.2469s
	iters: 35900, epoch: 2 | loss: 0.6310387
	speed: 0.0152s/iter; left time: 23.8202s
	iters: 36000, epoch: 2 | loss: 0.3340637
	speed: 0.0152s/iter; left time: 22.2106s
	iters: 36100, epoch: 2 | loss: 0.7458554
	speed: 0.0152s/iter; left time: 20.7064s
	iters: 36200, epoch: 2 | loss: 0.6700430
	speed: 0.0152s/iter; left time: 19.2344s
	iters: 36300, epoch: 2 | loss: 0.6692551
	speed: 0.0152s/iter; left time: 17.7118s
	iters: 36400, epoch: 2 | loss: 0.7365437
	speed: 0.0152s/iter; left time: 16.1154s
	iters: 36500, epoch: 2 | loss: 0.4775230
	speed: 0.0152s/iter; left time: 14.5957s
	iters: 36600, epoch: 2 | loss: 0.6255947
	speed: 0.0151s/iter; left time: 13.0180s
	iters: 36700, epoch: 2 | loss: 1.0191509
	speed: 0.0152s/iter; left time: 11.5799s
	iters: 36800, epoch: 2 | loss: 0.7925120
	speed: 0.0152s/iter; left time: 10.0588s
	iters: 36900, epoch: 2 | loss: 0.9061888
	speed: 0.0152s/iter; left time: 8.5350s
	iters: 37000, epoch: 2 | loss: 0.7917113
	speed: 0.0152s/iter; left time: 7.0257s
	iters: 37100, epoch: 2 | loss: 0.4160508
	speed: 0.0152s/iter; left time: 5.4972s
	iters: 37200, epoch: 2 | loss: 0.7436173
	speed: 0.0152s/iter; left time: 3.9708s
	iters: 37300, epoch: 2 | loss: 0.6553598
	speed: 0.0152s/iter; left time: 2.4621s
	iters: 37400, epoch: 2 | loss: 0.7045242
	speed: 0.0152s/iter; left time: 0.9430s
Epoch: 2 cost time: 569.0846571922302
Epoch: 2, Steps: 37461 | Train Loss: 0.7431235 Vali Loss: 2.0185652 Test Loss: 1.4349869
EarlyStopping counter: 1 out of 3
Updating learning rate to 5e-05
>>>>>>>testing : long_term_forecast_pems03_all_720_96_DLinear_custom_ftM_sl720_ll48_pl96_dm512_nh8_el2_dl1_df512_fc3_ebtimeF_dtTrue_srate0.1_sseed7_trainseed2024_Exp_0<<<<<<<<<<<<<<<<<<<<<<<<<<<<<<<<<
test 353181
test shape: (35318, 1, 96, 151) (35318, 1, 96, 151)
test shape: (35318, 96, 151) (35318, 96, 151)
mse:1.392336368560791, mae:0.8865445256233215
>>>>>>>Overall time: 1545 seconds<<<<<<<<<<<<<<<<<<<<<<<<<<<<<<<<<
