Args in experiment:
Namespace(activation='gelu', anomaly_ratio=0.25, batch_size=4, c_out=212, checkpoints='./checkpoints/', d_ff=512, d_layers=1, d_model=512, data='custom', data_path='pems08_all_common_flow.csv', dec_in=212, des='Exp', devices='0,1,2,3', distil=True, dropout=0, e_layers=2, embed='timeF', enc_in=212, factor=3, features='M', freq='h', gap_day=365, gpu=0, inverse=False, is_training=1, itr=1, label_len=48, learning_rate=0.0001, loss='MSE', lradj='type1', mask_rate=0.25, model='TimesNet', model_id='pems08_all_96_96', moving_avg=25, n_heads=8, num_kernels=6, num_workers=10, output_attention=False, p_hidden_dims=[128, 128], p_hidden_layers=2, patience=3, pred_len=96, root_path='../../data/pems/', samle_rate=0.1, sample_seed=7, seasonal_patterns='Monthly', seq_len=96, target='OT', task_name='long_term_forecast', top_k=5, train_epochs=2, train_seed=2024, use_amp=False, use_gpu=True, use_multi_gpu=False)
Use GPU: cuda:0
>>>>>>>start training : long_term_forecast_pems08_all_96_96_TimesNet_custom_ftM_sl96_ll48_pl96_dm512_nh8_el2_dl1_df512_fc3_ebtimeF_dtTrue_srate0.1_sseed7_trainseed2024_Exp_0>>>>>>>>>>>>>>>>>>>>>>>>>>
train 1590952
val 137109
test 379431
	iters: 100, epoch: 1 | loss: 1.1096514
	speed: 1.5490s/iter; left time: 123062.1698s
	iters: 200, epoch: 1 | loss: 0.9830600
	speed: 1.4849s/iter; left time: 117818.5208s
	iters: 300, epoch: 1 | loss: 0.9657984
	speed: 1.5341s/iter; left time: 121574.0596s
	iters: 400, epoch: 1 | loss: 1.1200900
	speed: 1.5200s/iter; left time: 120299.7254s
	iters: 500, epoch: 1 | loss: 0.6148325
	speed: 1.5546s/iter; left time: 122883.0275s
	iters: 600, epoch: 1 | loss: 1.0063975
	speed: 1.5754s/iter; left time: 124375.1370s
	iters: 700, epoch: 1 | loss: 0.6355450
	speed: 1.5655s/iter; left time: 123438.6906s
	iters: 800, epoch: 1 | loss: 1.0874187
	speed: 1.5243s/iter; left time: 120035.7490s
	iters: 900, epoch: 1 | loss: 0.9282783
	speed: 1.6154s/iter; left time: 127043.9809s
	iters: 1000, epoch: 1 | loss: 0.8648285
	speed: 1.5765s/iter; left time: 123828.0665s
	iters: 1100, epoch: 1 | loss: 0.8047029
	speed: 1.6076s/iter; left time: 126114.4150s
	iters: 1200, epoch: 1 | loss: 0.8508819
	speed: 1.5623s/iter; left time: 122401.0597s
	iters: 1300, epoch: 1 | loss: 1.3097407
	speed: 1.4868s/iter; left time: 116339.2571s
	iters: 1400, epoch: 1 | loss: 1.0166596
	speed: 1.5138s/iter; left time: 118296.5872s
	iters: 1500, epoch: 1 | loss: 1.1242899
	speed: 1.5105s/iter; left time: 117886.1831s
	iters: 1600, epoch: 1 | loss: 0.9132005
	speed: 1.4922s/iter; left time: 116312.0533s
	iters: 1700, epoch: 1 | loss: 0.6541321
	speed: 1.5665s/iter; left time: 121950.3861s
	iters: 1800, epoch: 1 | loss: 0.9894465
	speed: 1.5470s/iter; left time: 120271.7926s
	iters: 1900, epoch: 1 | loss: 0.8568413
	speed: 1.5074s/iter; left time: 117045.9808s
	iters: 2000, epoch: 1 | loss: 0.7747909
	speed: 1.5443s/iter; left time: 119753.5094s
	iters: 2100, epoch: 1 | loss: 0.6977770
	speed: 1.5405s/iter; left time: 119305.1593s
	iters: 2200, epoch: 1 | loss: 1.0362654
	speed: 1.5260s/iter; left time: 118029.2533s
	iters: 2300, epoch: 1 | loss: 1.1468525
	speed: 1.5457s/iter; left time: 119398.2397s
	iters: 2400, epoch: 1 | loss: 0.9272361
	speed: 1.6050s/iter; left time: 123824.0313s
	iters: 2500, epoch: 1 | loss: 0.5008589
	speed: 1.5861s/iter; left time: 122207.0812s
	iters: 2600, epoch: 1 | loss: 0.8482065
	speed: 1.5614s/iter; left time: 120144.2200s
	iters: 2700, epoch: 1 | loss: 0.8133441
	speed: 1.5650s/iter; left time: 120267.6627s
	iters: 2800, epoch: 1 | loss: 0.7164068
	speed: 1.5630s/iter; left time: 119952.7711s
	iters: 2900, epoch: 1 | loss: 0.8521342
	speed: 1.5478s/iter; left time: 118635.9451s
	iters: 3000, epoch: 1 | loss: 0.6321265
	speed: 1.5591s/iter; left time: 119347.0699s
	iters: 3100, epoch: 1 | loss: 1.0789826
	speed: 1.5526s/iter; left time: 118691.6785s
	iters: 3200, epoch: 1 | loss: 0.5072376
	speed: 1.5401s/iter; left time: 117579.9345s
	iters: 3300, epoch: 1 | loss: 0.9908451
	speed: 1.5450s/iter; left time: 117801.8130s
	iters: 3400, epoch: 1 | loss: 0.8293539
	speed: 1.5411s/iter; left time: 117351.1191s
	iters: 3500, epoch: 1 | loss: 0.9198431
	speed: 1.5736s/iter; left time: 119671.3037s
	iters: 3600, epoch: 1 | loss: 0.7397040
	speed: 1.5835s/iter; left time: 120263.3899s
	iters: 3700, epoch: 1 | loss: 0.7713611
	speed: 1.6076s/iter; left time: 121931.6424s
	iters: 3800, epoch: 1 | loss: 0.8106067
	speed: 1.5750s/iter; left time: 119301.2646s
	iters: 3900, epoch: 1 | loss: 0.7521595
	speed: 1.5845s/iter; left time: 119865.6977s
	iters: 4000, epoch: 1 | loss: 1.3541267
	speed: 1.5651s/iter; left time: 118240.4181s
	iters: 4100, epoch: 1 | loss: 0.8006272
	speed: 1.5621s/iter; left time: 117856.4714s
	iters: 4200, epoch: 1 | loss: 0.7435950
	speed: 1.5650s/iter; left time: 117915.8724s
	iters: 4300, epoch: 1 | loss: 0.9951594
	speed: 1.5723s/iter; left time: 118314.3376s
	iters: 4400, epoch: 1 | loss: 0.6038944
	speed: 1.5881s/iter; left time: 119338.2408s
	iters: 4500, epoch: 1 | loss: 0.6848749
	speed: 1.5789s/iter; left time: 118489.2877s
	iters: 4600, epoch: 1 | loss: 0.7318789
	speed: 1.5613s/iter; left time: 117011.7194s
	iters: 4700, epoch: 1 | loss: 0.7798814
	speed: 1.5580s/iter; left time: 116609.9891s
	iters: 4800, epoch: 1 | loss: 0.6416735
	speed: 1.5537s/iter; left time: 116135.7201s
	iters: 4900, epoch: 1 | loss: 0.7705202
	speed: 1.5606s/iter; left time: 116490.8183s
	iters: 5000, epoch: 1 | loss: 0.8562467
	speed: 1.5449s/iter; left time: 115163.9924s
	iters: 5100, epoch: 1 | loss: 0.6888054
	speed: 1.5758s/iter; left time: 117311.9650s
	iters: 5200, epoch: 1 | loss: 0.6598892
	speed: 1.5534s/iter; left time: 115487.8062s
	iters: 5300, epoch: 1 | loss: 0.6580583
	speed: 1.5482s/iter; left time: 114951.6117s
	iters: 5400, epoch: 1 | loss: 0.8866425
	speed: 1.5517s/iter; left time: 115054.7943s
	iters: 5500, epoch: 1 | loss: 0.6239475
	speed: 1.5609s/iter; left time: 115582.7424s
	iters: 5600, epoch: 1 | loss: 0.5260592
	speed: 1.5659s/iter; left time: 115796.4734s
	iters: 5700, epoch: 1 | loss: 0.8152855
	speed: 1.5529s/iter; left time: 114679.8453s
	iters: 5800, epoch: 1 | loss: 0.7480664
	speed: 1.5632s/iter; left time: 115281.4500s
	iters: 5900, epoch: 1 | loss: 0.7295444
	speed: 1.5755s/iter; left time: 116028.2403s
	iters: 6000, epoch: 1 | loss: 0.5944597
	speed: 1.5577s/iter; left time: 114561.2560s
	iters: 6100, epoch: 1 | loss: 0.6059989
	speed: 1.5720s/iter; left time: 115459.2820s
	iters: 6200, epoch: 1 | loss: 0.5305918
	speed: 1.5562s/iter; left time: 114144.9570s
	iters: 6300, epoch: 1 | loss: 0.7943940
	speed: 1.5621s/iter; left time: 114422.5918s
	iters: 6400, epoch: 1 | loss: 0.7711591
	speed: 1.5734s/iter; left time: 115092.8233s
	iters: 6500, epoch: 1 | loss: 0.6356873
	speed: 1.5675s/iter; left time: 114503.2631s
	iters: 6600, epoch: 1 | loss: 0.6061295
	speed: 1.5724s/iter; left time: 114703.2140s
	iters: 6700, epoch: 1 | loss: 1.0427659
	speed: 1.5604s/iter; left time: 113668.3788s
	iters: 6800, epoch: 1 | loss: 1.0210204
	speed: 1.5671s/iter; left time: 114000.7356s
	iters: 6900, epoch: 1 | loss: 0.6671130
	speed: 1.5605s/iter; left time: 113365.9874s
	iters: 7000, epoch: 1 | loss: 0.6367980
	speed: 1.5704s/iter; left time: 113928.1613s
	iters: 7100, epoch: 1 | loss: 0.4516658
	speed: 1.5679s/iter; left time: 113592.5393s
	iters: 7200, epoch: 1 | loss: 0.7002453
	speed: 1.5709s/iter; left time: 113653.5021s
	iters: 7300, epoch: 1 | loss: 0.8096776
	speed: 1.5798s/iter; left time: 114137.4854s
	iters: 7400, epoch: 1 | loss: 0.7444580
	speed: 1.5746s/iter; left time: 113600.1719s
	iters: 7500, epoch: 1 | loss: 0.7348770
	speed: 1.5596s/iter; left time: 112361.2672s
	iters: 7600, epoch: 1 | loss: 0.6903793
	speed: 1.5668s/iter; left time: 112723.7705s
	iters: 7700, epoch: 1 | loss: 0.5122514
	speed: 1.5766s/iter; left time: 113276.2549s
	iters: 7800, epoch: 1 | loss: 0.6535404
	speed: 1.5877s/iter; left time: 113913.1123s
	iters: 7900, epoch: 1 | loss: 0.6860327
	speed: 1.5836s/iter; left time: 113456.8889s
	iters: 8000, epoch: 1 | loss: 0.6576934
	speed: 1.5657s/iter; left time: 112017.9811s
	iters: 8100, epoch: 1 | loss: 0.6363156
	speed: 1.5606s/iter; left time: 111501.3036s
	iters: 8200, epoch: 1 | loss: 0.9189704
	speed: 1.5605s/iter; left time: 111335.8466s
	iters: 8300, epoch: 1 | loss: 0.3750990
	speed: 1.5804s/iter; left time: 112596.7319s
	iters: 8400, epoch: 1 | loss: 0.5187451
	speed: 1.5808s/iter; left time: 112470.4615s
	iters: 8500, epoch: 1 | loss: 0.7276256
	speed: 1.5870s/iter; left time: 112748.5851s
	iters: 8600, epoch: 1 | loss: 0.6940726
	speed: 1.5710s/iter; left time: 111456.7601s
	iters: 8700, epoch: 1 | loss: 0.6699864
	speed: 1.5563s/iter; left time: 110258.7502s
	iters: 8800, epoch: 1 | loss: 0.6979354
	speed: 1.5576s/iter; left time: 110192.7947s
	iters: 8900, epoch: 1 | loss: 0.4973224
	speed: 1.5849s/iter; left time: 111967.6304s
	iters: 9000, epoch: 1 | loss: 0.7906001
	speed: 1.5661s/iter; left time: 110483.3971s
	iters: 9100, epoch: 1 | loss: 0.5869899
	speed: 1.5506s/iter; left time: 109234.7821s
	iters: 9200, epoch: 1 | loss: 0.6732188
	speed: 1.5634s/iter; left time: 109983.2898s
	iters: 9300, epoch: 1 | loss: 0.5022272
	speed: 1.5604s/iter; left time: 109615.4872s
	iters: 9400, epoch: 1 | loss: 0.5334139
	speed: 1.5575s/iter; left time: 109254.6643s
	iters: 9500, epoch: 1 | loss: 0.4757368
	speed: 1.5453s/iter; left time: 108245.3098s
	iters: 9600, epoch: 1 | loss: 0.6669534
	speed: 1.5383s/iter; left time: 107601.4823s
	iters: 9700, epoch: 1 | loss: 0.7736585
	speed: 1.5594s/iter; left time: 108916.7942s
	iters: 9800, epoch: 1 | loss: 0.7198451
	speed: 1.5662s/iter; left time: 109235.3300s
	iters: 9900, epoch: 1 | loss: 0.4440188
	speed: 1.5702s/iter; left time: 109357.0033s
	iters: 10000, epoch: 1 | loss: 0.3890492
	speed: 1.5481s/iter; left time: 107667.0085s
	iters: 10100, epoch: 1 | loss: 0.6441513
	speed: 1.5765s/iter; left time: 109484.3529s
	iters: 10200, epoch: 1 | loss: 0.4676832
	speed: 1.5523s/iter; left time: 107645.1048s
	iters: 10300, epoch: 1 | loss: 0.8658899
	speed: 1.5570s/iter; left time: 107820.7918s
	iters: 10400, epoch: 1 | loss: 0.5350865
	speed: 1.5604s/iter; left time: 107895.7316s
	iters: 10500, epoch: 1 | loss: 0.5598224
	speed: 1.5571s/iter; left time: 107511.5694s
	iters: 10600, epoch: 1 | loss: 0.7732058
	speed: 1.5544s/iter; left time: 107167.8123s
	iters: 10700, epoch: 1 | loss: 0.6940165
	speed: 1.5568s/iter; left time: 107179.2745s
	iters: 10800, epoch: 1 | loss: 0.6429616
	speed: 1.5554s/iter; left time: 106928.7638s
	iters: 10900, epoch: 1 | loss: 0.7649040
	speed: 1.5709s/iter; left time: 107837.9721s
	iters: 11000, epoch: 1 | loss: 0.8781965
	speed: 1.5541s/iter; left time: 106525.8961s
	iters: 11100, epoch: 1 | loss: 0.7559519
	speed: 1.5610s/iter; left time: 106847.4574s
	iters: 11200, epoch: 1 | loss: 0.6620657
	speed: 1.5882s/iter; left time: 108548.4049s
	iters: 11300, epoch: 1 | loss: 0.7189685
	speed: 1.5554s/iter; left time: 106151.7221s
	iters: 11400, epoch: 1 | loss: 0.6790177
	speed: 1.5364s/iter; left time: 104703.3301s
	iters: 11500, epoch: 1 | loss: 0.5049769
	speed: 1.5157s/iter; left time: 103139.2791s
	iters: 11600, epoch: 1 | loss: 0.7483713
	speed: 1.5351s/iter; left time: 104304.6478s
	iters: 11700, epoch: 1 | loss: 0.6355199
	speed: 1.5311s/iter; left time: 103881.5798s
	iters: 11800, epoch: 1 | loss: 0.6029518
	speed: 1.5473s/iter; left time: 104823.3531s
	iters: 11900, epoch: 1 | loss: 0.6780716
	speed: 1.5235s/iter; left time: 103062.9177s
	iters: 12000, epoch: 1 | loss: 0.4252861
	speed: 1.5448s/iter; left time: 104345.9081s
	iters: 12100, epoch: 1 | loss: 0.3688940
	speed: 1.5586s/iter; left time: 105124.2312s
	iters: 12200, epoch: 1 | loss: 0.5695238
	speed: 1.5582s/iter; left time: 104940.0907s
	iters: 12300, epoch: 1 | loss: 0.4787042
	speed: 1.5385s/iter; left time: 103461.4190s
	iters: 12400, epoch: 1 | loss: 0.9567480
	speed: 1.5453s/iter; left time: 103760.1316s
	iters: 12500, epoch: 1 | loss: 0.6618814
	speed: 1.5460s/iter; left time: 103657.3705s
	iters: 12600, epoch: 1 | loss: 0.6512803
	speed: 1.5288s/iter; left time: 102345.7164s
	iters: 12700, epoch: 1 | loss: 0.4708318
	speed: 1.5358s/iter; left time: 102661.6836s
	iters: 12800, epoch: 1 | loss: 0.8488033
	speed: 1.5313s/iter; left time: 102208.7754s
	iters: 12900, epoch: 1 | loss: 0.4049691
	speed: 1.5400s/iter; left time: 102635.2993s
	iters: 13000, epoch: 1 | loss: 0.4468164
	speed: 1.5305s/iter; left time: 101853.4373s
	iters: 13100, epoch: 1 | loss: 0.5172143
	speed: 1.5365s/iter; left time: 102096.4291s
	iters: 13200, epoch: 1 | loss: 0.5842244
	speed: 1.5435s/iter; left time: 102405.0319s
	iters: 13300, epoch: 1 | loss: 0.5997633
	speed: 1.5521s/iter; left time: 102822.6406s
	iters: 13400, epoch: 1 | loss: 0.6711630
	speed: 1.5365s/iter; left time: 101632.9969s
	iters: 13500, epoch: 1 | loss: 0.8737795
	speed: 1.5265s/iter; left time: 100820.8925s
	iters: 13600, epoch: 1 | loss: 0.4681394
	speed: 1.5292s/iter; left time: 100845.2581s
	iters: 13700, epoch: 1 | loss: 0.6071865
	speed: 1.5239s/iter; left time: 100341.2809s
	iters: 13800, epoch: 1 | loss: 0.4133278
	speed: 1.6142s/iter; left time: 106128.9460s
	iters: 13900, epoch: 1 | loss: 0.7560420
	speed: 1.6313s/iter; left time: 107089.7638s
	iters: 14000, epoch: 1 | loss: 0.6571466
	speed: 1.6400s/iter; left time: 107494.3030s
	iters: 14100, epoch: 1 | loss: 0.4154974
	speed: 1.6256s/iter; left time: 106392.9330s
	iters: 14200, epoch: 1 | loss: 0.4806048
	speed: 1.6507s/iter; left time: 107870.6024s
	iters: 14300, epoch: 1 | loss: 0.6227475
	speed: 1.6340s/iter; left time: 106610.5934s
	iters: 14400, epoch: 1 | loss: 0.6533129
	speed: 1.6245s/iter; left time: 105832.8450s
	iters: 14500, epoch: 1 | loss: 0.5113944
	speed: 1.6617s/iter; left time: 108089.1179s
	iters: 14600, epoch: 1 | loss: 0.8560624
	speed: 1.6508s/iter; left time: 107211.7000s
	iters: 14700, epoch: 1 | loss: 0.4772810
	speed: 1.6584s/iter; left time: 107539.9642s
	iters: 14800, epoch: 1 | loss: 1.0895603
	speed: 1.6578s/iter; left time: 107340.5510s
	iters: 14900, epoch: 1 | loss: 0.8065400
	speed: 1.6477s/iter; left time: 106521.9289s
	iters: 15000, epoch: 1 | loss: 0.5254000
	speed: 1.6552s/iter; left time: 106839.1601s
	iters: 15100, epoch: 1 | loss: 0.6378408
	speed: 1.6398s/iter; left time: 105677.9795s
	iters: 15200, epoch: 1 | loss: 0.5486290
	speed: 1.6423s/iter; left time: 105678.3788s
	iters: 15300, epoch: 1 | loss: 0.8366396
	speed: 1.6443s/iter; left time: 105638.6865s
	iters: 15400, epoch: 1 | loss: 1.1649246
	speed: 1.6397s/iter; left time: 105180.7222s
	iters: 15500, epoch: 1 | loss: 0.9257231
	speed: 1.6468s/iter; left time: 105469.9144s
	iters: 15600, epoch: 1 | loss: 0.7370893
	speed: 1.6418s/iter; left time: 104988.1320s
	iters: 15700, epoch: 1 | loss: 0.5584017
	speed: 1.6449s/iter; left time: 105022.2533s
	iters: 15800, epoch: 1 | loss: 0.5527939
	speed: 1.6317s/iter; left time: 104015.0335s
	iters: 15900, epoch: 1 | loss: 0.6140038
	speed: 1.6143s/iter; left time: 102746.4118s
	iters: 16000, epoch: 1 | loss: 0.6103418
	speed: 1.6322s/iter; left time: 103723.8489s
	iters: 16100, epoch: 1 | loss: 0.5373670
	speed: 1.6375s/iter; left time: 103891.5326s
	iters: 16200, epoch: 1 | loss: 0.8477744
	speed: 1.6373s/iter; left time: 103717.1230s
	iters: 16300, epoch: 1 | loss: 0.5888522
	speed: 1.6300s/iter; left time: 103091.3418s
	iters: 16400, epoch: 1 | loss: 0.4852655
	speed: 1.6265s/iter; left time: 102709.3616s
	iters: 16500, epoch: 1 | loss: 0.4939093
	speed: 1.7010s/iter; left time: 107242.0808s
	iters: 16600, epoch: 1 | loss: 0.8918971
	speed: 1.7519s/iter; left time: 110275.8696s
	iters: 16700, epoch: 1 | loss: 0.4071996
	speed: 1.7560s/iter; left time: 110359.5422s
	iters: 16800, epoch: 1 | loss: 0.7287239
	speed: 1.7486s/iter; left time: 109717.3721s
	iters: 16900, epoch: 1 | loss: 0.5659727
	speed: 1.7414s/iter; left time: 109094.9274s
	iters: 17000, epoch: 1 | loss: 0.8160859
	speed: 1.7218s/iter; left time: 107691.9684s
	iters: 17100, epoch: 1 | loss: 0.3974835
	speed: 1.7215s/iter; left time: 107501.0915s
	iters: 17200, epoch: 1 | loss: 0.6934303
	speed: 1.7181s/iter; left time: 107121.1049s
	iters: 17300, epoch: 1 | loss: 0.6149613
	speed: 1.7175s/iter; left time: 106912.1524s
	iters: 17400, epoch: 1 | loss: 0.5633011
	speed: 1.7075s/iter; left time: 106117.5371s
	iters: 17500, epoch: 1 | loss: 0.6734176
	speed: 1.7057s/iter; left time: 105831.6421s
	iters: 17600, epoch: 1 | loss: 0.6852419
	speed: 1.7326s/iter; left time: 107330.6679s
	iters: 17700, epoch: 1 | loss: 0.5754988
	speed: 1.7286s/iter; left time: 106907.8522s
	iters: 17800, epoch: 1 | loss: 0.5499056
	speed: 1.7190s/iter; left time: 106144.5464s
	iters: 17900, epoch: 1 | loss: 0.4151987
	speed: 1.7206s/iter; left time: 106067.7077s
	iters: 18000, epoch: 1 | loss: 0.3997034
	speed: 1.7105s/iter; left time: 105273.8163s
	iters: 18100, epoch: 1 | loss: 0.4296081
	speed: 1.6970s/iter; left time: 104275.4382s
	iters: 18200, epoch: 1 | loss: 0.5080234
	speed: 1.6904s/iter; left time: 103698.8003s
	iters: 18300, epoch: 1 | loss: 0.8744253
	speed: 1.6901s/iter; left time: 103511.0445s
	iters: 18400, epoch: 1 | loss: 0.6888885
	speed: 1.7194s/iter; left time: 105138.9986s
	iters: 18500, epoch: 1 | loss: 0.4323344
	speed: 1.7090s/iter; left time: 104328.7931s
	iters: 18600, epoch: 1 | loss: 0.5526216
	speed: 1.7292s/iter; left time: 105386.7817s
	iters: 18700, epoch: 1 | loss: 0.3389757
	speed: 1.7332s/iter; left time: 105460.8940s
	iters: 18800, epoch: 1 | loss: 0.8066093
	speed: 1.6968s/iter; left time: 103078.3872s
	iters: 18900, epoch: 1 | loss: 0.8823309
	speed: 1.7090s/iter; left time: 103644.3620s
	iters: 19000, epoch: 1 | loss: 0.6170854
	speed: 1.7083s/iter; left time: 103434.0573s
	iters: 19100, epoch: 1 | loss: 0.4294134
	speed: 1.7065s/iter; left time: 103152.2059s
	iters: 19200, epoch: 1 | loss: 0.3555820
	speed: 1.7452s/iter; left time: 105318.3757s
	iters: 19300, epoch: 1 | loss: 1.9479256
	speed: 1.7253s/iter; left time: 103941.2036s
	iters: 19400, epoch: 1 | loss: 0.4520736
	speed: 1.7646s/iter; left time: 106133.2323s
	iters: 19500, epoch: 1 | loss: 0.5601266
	speed: 1.7620s/iter; left time: 105804.2256s
	iters: 19600, epoch: 1 | loss: 0.4777901
	speed: 1.7366s/iter; left time: 104106.2157s
	iters: 19700, epoch: 1 | loss: 0.4851404
	speed: 1.7452s/iter; left time: 104447.9182s
	iters: 19800, epoch: 1 | loss: 0.8252614
	speed: 1.7349s/iter; left time: 103657.9522s
	iters: 19900, epoch: 1 | loss: 0.8041548
	speed: 1.7273s/iter; left time: 103025.6065s
	iters: 20000, epoch: 1 | loss: 0.7172509
	speed: 1.7300s/iter; left time: 103018.0050s
	iters: 20100, epoch: 1 | loss: 0.6459456
	speed: 1.7419s/iter; left time: 103553.5318s
	iters: 20200, epoch: 1 | loss: 0.5944985
	speed: 1.7595s/iter; left time: 104418.3968s
	iters: 20300, epoch: 1 | loss: 0.5638667
	speed: 1.7500s/iter; left time: 103681.5399s
	iters: 20400, epoch: 1 | loss: 0.6018628
	speed: 1.7482s/iter; left time: 103399.8796s
	iters: 20500, epoch: 1 | loss: 0.4280298
	speed: 1.7423s/iter; left time: 102878.2588s
	iters: 20600, epoch: 1 | loss: 0.5293173
	speed: 1.7380s/iter; left time: 102448.6037s
	iters: 20700, epoch: 1 | loss: 0.2816683
	speed: 1.7389s/iter; left time: 102329.9814s
	iters: 20800, epoch: 1 | loss: 0.5933613
	speed: 1.7271s/iter; left time: 101463.0089s
	iters: 20900, epoch: 1 | loss: 0.5958291
	speed: 1.7216s/iter; left time: 100967.1911s
	iters: 21000, epoch: 1 | loss: 0.4514886
	speed: 1.7321s/iter; left time: 101407.7875s
	iters: 21100, epoch: 1 | loss: 0.7352053
	speed: 1.7504s/iter; left time: 102308.2441s
	iters: 21200, epoch: 1 | loss: 0.5235070
	speed: 1.7449s/iter; left time: 101806.7732s
	iters: 21300, epoch: 1 | loss: 0.4606626
	speed: 1.7214s/iter; left time: 100265.3002s
	iters: 21400, epoch: 1 | loss: 1.0084431
	speed: 1.7223s/iter; left time: 100145.9800s
	iters: 21500, epoch: 1 | loss: 0.8775006
	speed: 1.6879s/iter; left time: 97975.5539s
	iters: 21600, epoch: 1 | loss: 0.7691778
	speed: 1.6960s/iter; left time: 98276.0414s
	iters: 21700, epoch: 1 | loss: 0.8263215
	speed: 1.6627s/iter; left time: 96180.3883s
	iters: 21800, epoch: 1 | loss: 0.4903846
	speed: 1.6780s/iter; left time: 96900.3972s
	iters: 21900, epoch: 1 | loss: 0.5261657
	speed: 1.6856s/iter; left time: 97172.3715s
	iters: 22000, epoch: 1 | loss: 0.6773884
	speed: 1.7192s/iter; left time: 98937.2755s
	iters: 22100, epoch: 1 | loss: 0.4065347

