Args in experiment:
Namespace(activation='gelu', anomaly_ratio=0.25, batch_size=32, c_out=130, checkpoints='./checkpoints/', d_ff=2048, d_layers=1, d_model=128, data='custom', data_path='pems06_h.csv', dec_in=130, des='Exp', devices='0,1,2,3', distil=True, dropout=0, e_layers=2, embed='timeF', enc_in=130, factor=3, features='M', freq='h', gap_day=365, gpu=0, inverse=False, is_training=1, itr=1, label_len=48, learning_rate=0.0005, loss='MSE', lradj='type3', mask_rate=0.25, model='Autoformer', model_id='pems06_h_96_96', moving_avg=25, n_heads=8, num_kernels=6, num_workers=10, output_attention=False, p_hidden_dims=[128, 128], p_hidden_layers=2, patience=5, pred_len=192, root_path='../../data/pems/', samle_rate=1.0, sample_seed=7, seasonal_patterns='Monthly', seq_len=96, target='OT', task_name='long_term_forecast', top_k=5, train_epochs=200, train_seed=2024, use_amp=False, use_gpu=True, use_multi_gpu=False)
Use GPU: cuda:0
>>>>>>>start training : long_term_forecast_pems06_h_96_96_Autoformer_custom_ftM_sl96_ll48_pl192_dm128_nh8_el2_dl1_df2048_fc3_ebtimeF_dtTrue_srate1.0_sseed7_trainseed2024_Exp_0>>>>>>>>>>>>>>>>>>>>>>>>>>
train 87425
val 12341
test 24869
	iters: 100, epoch: 1 | loss: 0.3788111
	speed: 0.1285s/iter; left time: 70213.2082s
	iters: 200, epoch: 1 | loss: 0.2032538
	speed: 0.1240s/iter; left time: 67724.6024s
	iters: 300, epoch: 1 | loss: 0.1634670
	speed: 0.1237s/iter; left time: 67540.8240s
	iters: 400, epoch: 1 | loss: 0.2019982
	speed: 0.1237s/iter; left time: 67549.8585s
	iters: 500, epoch: 1 | loss: 0.1577352
	speed: 0.1234s/iter; left time: 67377.8646s
	iters: 600, epoch: 1 | loss: 0.1640505
	speed: 0.1240s/iter; left time: 67683.8751s
	iters: 700, epoch: 1 | loss: 0.1650372
	speed: 0.1234s/iter; left time: 67342.8089s
	iters: 800, epoch: 1 | loss: 0.1575540
	speed: 0.1235s/iter; left time: 67356.5405s
	iters: 900, epoch: 1 | loss: 0.1379743
	speed: 0.1242s/iter; left time: 67735.9871s
	iters: 1000, epoch: 1 | loss: 0.1312837
	speed: 0.1235s/iter; left time: 67377.0898s
	iters: 1100, epoch: 1 | loss: 0.1244393
	speed: 0.1238s/iter; left time: 67524.7276s
	iters: 1200, epoch: 1 | loss: 0.1257803
	speed: 0.1237s/iter; left time: 67460.4710s
	iters: 1300, epoch: 1 | loss: 0.1430858
	speed: 0.1236s/iter; left time: 67382.1352s
	iters: 1400, epoch: 1 | loss: 0.1266086
	speed: 0.1234s/iter; left time: 67241.3531s
	iters: 1500, epoch: 1 | loss: 0.1152258
	speed: 0.1234s/iter; left time: 67255.2931s
	iters: 1600, epoch: 1 | loss: 0.1206378
	speed: 0.1244s/iter; left time: 67778.6443s
	iters: 1700, epoch: 1 | loss: 0.1004140
	speed: 0.1238s/iter; left time: 67414.7148s
	iters: 1800, epoch: 1 | loss: 0.1539973
	speed: 0.1243s/iter; left time: 67686.4725s
	iters: 1900, epoch: 1 | loss: 0.0990879
	speed: 0.1236s/iter; left time: 67274.8097s
	iters: 2000, epoch: 1 | loss: 0.1258565
	speed: 0.1233s/iter; left time: 67112.9548s
	iters: 2100, epoch: 1 | loss: 0.1138756
	speed: 0.1239s/iter; left time: 67452.5918s
	iters: 2200, epoch: 1 | loss: 0.1558429
	speed: 0.1240s/iter; left time: 67501.3170s
	iters: 2300, epoch: 1 | loss: 0.1426710
	speed: 0.1238s/iter; left time: 67343.2516s
	iters: 2400, epoch: 1 | loss: 0.1209036
	speed: 0.1240s/iter; left time: 67435.7837s
	iters: 2500, epoch: 1 | loss: 0.1339379
	speed: 0.1236s/iter; left time: 67221.7333s
	iters: 2600, epoch: 1 | loss: 0.1075408
	speed: 0.1241s/iter; left time: 67507.4589s
	iters: 2700, epoch: 1 | loss: 0.1083526
	speed: 0.1238s/iter; left time: 67325.9382s
Epoch: 1 cost time: 338.7400550842285
Epoch: 1, Steps: 2732 | Train Loss: 0.1503408 Vali Loss: 0.3764985 Test Loss: 0.3837323
Validation loss decreased (inf --> 0.376498).  Saving model ...
	iters: 100, epoch: 2 | loss: 0.1312532
	speed: 3.2356s/iter; left time: 1758749.3607s
	iters: 200, epoch: 2 | loss: 0.1128621
	speed: 0.1239s/iter; left time: 67345.9008s
	iters: 300, epoch: 2 | loss: 0.0937924
	speed: 0.1247s/iter; left time: 67782.2560s
	iters: 400, epoch: 2 | loss: 0.1304073
	speed: 0.1238s/iter; left time: 67237.2520s
	iters: 500, epoch: 2 | loss: 0.1089238
	speed: 0.1243s/iter; left time: 67508.4452s
	iters: 600, epoch: 2 | loss: 0.1235660
	speed: 0.1239s/iter; left time: 67298.9488s
	iters: 700, epoch: 2 | loss: 0.1034422
	speed: 0.1240s/iter; left time: 67322.4230s
	iters: 800, epoch: 2 | loss: 0.1151205
	speed: 0.1242s/iter; left time: 67430.3901s
	iters: 900, epoch: 2 | loss: 0.0854806
	speed: 0.1242s/iter; left time: 67410.1606s
	iters: 1000, epoch: 2 | loss: 0.0926202
	speed: 0.1240s/iter; left time: 67291.0458s
	iters: 1100, epoch: 2 | loss: 0.1196774
	speed: 0.1238s/iter; left time: 67150.6985s
	iters: 1200, epoch: 2 | loss: 0.1149132
	speed: 0.1240s/iter; left time: 67269.5839s
	iters: 1300, epoch: 2 | loss: 0.1023892
	speed: 0.1240s/iter; left time: 67255.0509s
	iters: 1400, epoch: 2 | loss: 0.0986376
	speed: 0.1245s/iter; left time: 67502.7865s
	iters: 1500, epoch: 2 | loss: 0.0998589
	speed: 0.1238s/iter; left time: 67099.9157s
	iters: 1600, epoch: 2 | loss: 0.0991153
	speed: 0.1237s/iter; left time: 67078.8701s
	iters: 1700, epoch: 2 | loss: 0.0924770
	speed: 0.1242s/iter; left time: 67333.2505s
	iters: 1800, epoch: 2 | loss: 0.0809038
	speed: 0.1240s/iter; left time: 67192.3534s
	iters: 1900, epoch: 2 | loss: 0.1045691
	speed: 0.1242s/iter; left time: 67269.7598s
	iters: 2000, epoch: 2 | loss: 0.1091204
	speed: 0.1242s/iter; left time: 67266.9152s
	iters: 2100, epoch: 2 | loss: 0.1052374
	speed: 0.1240s/iter; left time: 67169.3408s
	iters: 2200, epoch: 2 | loss: 0.1008311
	speed: 0.1245s/iter; left time: 67390.2537s
	iters: 2300, epoch: 2 | loss: 0.1156467
	speed: 0.1241s/iter; left time: 67174.2839s
	iters: 2400, epoch: 2 | loss: 0.1062284
	speed: 0.1239s/iter; left time: 67038.2613s
	iters: 2500, epoch: 2 | loss: 0.0842496
	speed: 0.1241s/iter; left time: 67184.6809s
	iters: 2600, epoch: 2 | loss: 0.1058978
	speed: 0.1250s/iter; left time: 67639.8777s
	iters: 2700, epoch: 2 | loss: 0.0795019
	speed: 0.1244s/iter; left time: 67271.7635s
Epoch: 2 cost time: 339.5287618637085
Epoch: 2, Steps: 2732 | Train Loss: 0.1051765 Vali Loss: 0.3262895 Test Loss: 0.4083833
Validation loss decreased (0.376498 --> 0.326290).  Saving model ...
	iters: 100, epoch: 3 | loss: 0.1114742
	speed: 3.2259s/iter; left time: 1744687.7490s
	iters: 200, epoch: 3 | loss: 0.0947051
	speed: 0.1231s/iter; left time: 66568.0274s
	iters: 300, epoch: 3 | loss: 0.0917781
	speed: 0.1232s/iter; left time: 66588.7881s
	iters: 400, epoch: 3 | loss: 0.0864276
	speed: 0.1239s/iter; left time: 66988.3696s
	iters: 500, epoch: 3 | loss: 0.0975954
	speed: 0.1233s/iter; left time: 66616.8247s
	iters: 600, epoch: 3 | loss: 0.0954959
	speed: 0.1234s/iter; left time: 66674.5734s
	iters: 700, epoch: 3 | loss: 0.0819631
	speed: 0.1230s/iter; left time: 66426.0088s
	iters: 800, epoch: 3 | loss: 0.0820522
	speed: 0.1233s/iter; left time: 66592.4515s
	iters: 900, epoch: 3 | loss: 0.0854452
	speed: 0.1238s/iter; left time: 66846.5847s
	iters: 1000, epoch: 3 | loss: 0.1005817
	speed: 0.1243s/iter; left time: 67123.8745s
	iters: 1100, epoch: 3 | loss: 0.0866853
	speed: 0.1234s/iter; left time: 66632.6134s
	iters: 1200, epoch: 3 | loss: 0.1044262
	speed: 0.1236s/iter; left time: 66691.2443s
	iters: 1300, epoch: 3 | loss: 0.0754454
	speed: 0.1233s/iter; left time: 66537.7911s
	iters: 1400, epoch: 3 | loss: 0.0968329
	speed: 0.1236s/iter; left time: 66667.3461s
	iters: 1500, epoch: 3 | loss: 0.0803327
	speed: 0.1239s/iter; left time: 66831.7216s
	iters: 1600, epoch: 3 | loss: 0.0745309
	speed: 0.1238s/iter; left time: 66762.8193s
	iters: 1700, epoch: 3 | loss: 0.0970752
	speed: 0.1235s/iter; left time: 66574.2769s
	iters: 1800, epoch: 3 | loss: 0.0918590
	speed: 0.1234s/iter; left time: 66517.2310s
	iters: 1900, epoch: 3 | loss: 0.0896898
	speed: 0.1235s/iter; left time: 66563.5251s
	iters: 2000, epoch: 3 | loss: 0.0890590
	speed: 0.1244s/iter; left time: 67029.9206s
	iters: 2100, epoch: 3 | loss: 0.0894433
	speed: 0.1232s/iter; left time: 66370.6276s
	iters: 2200, epoch: 3 | loss: 0.0656273
	speed: 0.1235s/iter; left time: 66536.6290s
	iters: 2300, epoch: 3 | loss: 0.1038780
	speed: 0.1236s/iter; left time: 66556.0178s
	iters: 2400, epoch: 3 | loss: 0.0885008
	speed: 0.1236s/iter; left time: 66578.6098s
	iters: 2500, epoch: 3 | loss: 0.0820220
	speed: 0.1235s/iter; left time: 66503.9615s
	iters: 2600, epoch: 3 | loss: 0.0817515
	speed: 0.1235s/iter; left time: 66461.0976s
	iters: 2700, epoch: 3 | loss: 0.0831240
	speed: 0.1239s/iter; left time: 66677.8865s
Epoch: 3 cost time: 337.95297861099243
Epoch: 3, Steps: 2732 | Train Loss: 0.0923521 Vali Loss: 0.1755405 Test Loss: 0.2421214
Validation loss decreased (0.326290 --> 0.175540).  Saving model ...
	iters: 100, epoch: 4 | loss: 0.0908315
	speed: 3.2276s/iter; left time: 1736810.5112s
	iters: 200, epoch: 4 | loss: 0.0899141
	speed: 0.1234s/iter; left time: 66398.0925s
	iters: 300, epoch: 4 | loss: 0.0781066
	speed: 0.1230s/iter; left time: 66187.3498s
	iters: 400, epoch: 4 | loss: 0.0997787
	speed: 0.1237s/iter; left time: 66510.4026s
	iters: 500, epoch: 4 | loss: 0.0720048
	speed: 0.1233s/iter; left time: 66309.0333s
	iters: 600, epoch: 4 | loss: 0.0877474
	speed: 0.1230s/iter; left time: 66150.2025s
	iters: 700, epoch: 4 | loss: 0.0825157
	speed: 0.1229s/iter; left time: 66061.2930s
	iters: 800, epoch: 4 | loss: 0.0847533
	speed: 0.1237s/iter; left time: 66492.8857s
	iters: 900, epoch: 4 | loss: 0.0804212
	speed: 0.1237s/iter; left time: 66487.5738s
	iters: 1000, epoch: 4 | loss: 0.0943110
	speed: 0.1236s/iter; left time: 66423.7486s
	iters: 1100, epoch: 4 | loss: 0.1035888
	speed: 0.1243s/iter; left time: 66735.5419s
	iters: 1200, epoch: 4 | loss: 0.0780740
	speed: 0.1236s/iter; left time: 66388.7677s
	iters: 1300, epoch: 4 | loss: 0.1002553
	speed: 0.1232s/iter; left time: 66135.6805s
	iters: 1400, epoch: 4 | loss: 0.0886674
	speed: 0.1241s/iter; left time: 66612.2907s
	iters: 1500, epoch: 4 | loss: 0.0748605
	speed: 0.1237s/iter; left time: 66373.7423s
	iters: 1600, epoch: 4 | loss: 0.0822175
	speed: 0.1231s/iter; left time: 66065.6692s
	iters: 1700, epoch: 4 | loss: 0.0670264
	speed: 0.1233s/iter; left time: 66155.2322s
	iters: 1800, epoch: 4 | loss: 0.0835545
	speed: 0.1234s/iter; left time: 66189.3648s
	iters: 1900, epoch: 4 | loss: 0.0920489
	speed: 0.1235s/iter; left time: 66255.0857s
	iters: 2000, epoch: 4 | loss: 0.0861413
	speed: 0.1232s/iter; left time: 66087.0415s
	iters: 2100, epoch: 4 | loss: 0.0746714
	speed: 0.1230s/iter; left time: 65946.3738s
	iters: 2200, epoch: 4 | loss: 0.0816025
	speed: 0.1237s/iter; left time: 66285.7913s
	iters: 2300, epoch: 4 | loss: 0.0864900
	speed: 0.1241s/iter; left time: 66515.6633s
	iters: 2400, epoch: 4 | loss: 0.0842932
	speed: 0.1238s/iter; left time: 66312.4285s
	iters: 2500, epoch: 4 | loss: 0.0580856
	speed: 0.1234s/iter; left time: 66100.1149s
	iters: 2600, epoch: 4 | loss: 0.0873220
	speed: 0.1231s/iter; left time: 65955.9098s
	iters: 2700, epoch: 4 | loss: 0.0839970
	speed: 0.1231s/iter; left time: 65937.1850s
Epoch: 4 cost time: 337.72930884361267
Epoch: 4, Steps: 2732 | Train Loss: 0.0836590 Vali Loss: 0.3796661 Test Loss: 0.3005841
EarlyStopping counter: 1 out of 5
	iters: 100, epoch: 5 | loss: 0.0708391
	speed: 3.2276s/iter; left time: 1727984.0899s
	iters: 200, epoch: 5 | loss: 0.0718493
	speed: 0.1250s/iter; left time: 66927.1997s
	iters: 300, epoch: 5 | loss: 0.0721224
	speed: 0.1258s/iter; left time: 67306.5016s
	iters: 400, epoch: 5 | loss: 0.0923768
	speed: 0.1258s/iter; left time: 67291.8583s
	iters: 500, epoch: 5 | loss: 0.0944793
	speed: 0.1260s/iter; left time: 67407.0758s
	iters: 600, epoch: 5 | loss: 0.0845272
	speed: 0.1262s/iter; left time: 67526.7458s
	iters: 700, epoch: 5 | loss: 0.0675207
	speed: 0.1260s/iter; left time: 67371.4219s
	iters: 800, epoch: 5 | loss: 0.0807852
	speed: 0.1257s/iter; left time: 67222.6590s
	iters: 900, epoch: 5 | loss: 0.0747767
	speed: 0.1255s/iter; left time: 67103.8576s
	iters: 1000, epoch: 5 | loss: 0.0894018
	speed: 0.1261s/iter; left time: 67377.0181s
	iters: 1100, epoch: 5 | loss: 0.0903753
	speed: 0.1256s/iter; left time: 67106.8829s
	iters: 1200, epoch: 5 | loss: 0.0875357
	speed: 0.1253s/iter; left time: 66944.8475s
	iters: 1300, epoch: 5 | loss: 0.0910845
	speed: 0.1260s/iter; left time: 67298.3153s
	iters: 1400, epoch: 5 | loss: 0.0698121
	speed: 0.1253s/iter; left time: 66939.4730s
	iters: 1500, epoch: 5 | loss: 0.0725321
	speed: 0.1257s/iter; left time: 67142.4735s
	iters: 1600, epoch: 5 | loss: 0.0667689
	speed: 0.1258s/iter; left time: 67153.2117s
	iters: 1700, epoch: 5 | loss: 0.0797014
	speed: 0.1263s/iter; left time: 67402.0993s
	iters: 1800, epoch: 5 | loss: 0.0745233
	speed: 0.1251s/iter; left time: 66776.6525s
	iters: 1900, epoch: 5 | loss: 0.0816754
	speed: 0.1261s/iter; left time: 67261.9259s
	iters: 2000, epoch: 5 | loss: 0.0848256
	speed: 0.1260s/iter; left time: 67195.5326s
	iters: 2100, epoch: 5 | loss: 0.0699538
	speed: 0.1268s/iter; left time: 67618.3926s
	iters: 2200, epoch: 5 | loss: 0.0709909
	speed: 0.1265s/iter; left time: 67455.6950s
	iters: 2300, epoch: 5 | loss: 0.0676230
	speed: 0.1266s/iter; left time: 67501.1056s
	iters: 2400, epoch: 5 | loss: 0.0687474
	speed: 0.1260s/iter; left time: 67165.8172s
	iters: 2500, epoch: 5 | loss: 0.0935244
	speed: 0.1259s/iter; left time: 67101.0563s
	iters: 2600, epoch: 5 | loss: 0.0805765
	speed: 0.1252s/iter; left time: 66717.6547s
	iters: 2700, epoch: 5 | loss: 0.0960287
	speed: 0.1251s/iter; left time: 66650.2350s
Epoch: 5 cost time: 344.0598065853119
Epoch: 5, Steps: 2732 | Train Loss: 0.0775425 Vali Loss: 0.2336088 Test Loss: 0.2220925
EarlyStopping counter: 2 out of 5
	iters: 100, epoch: 6 | loss: 0.0769151
	speed: 3.2367s/iter; left time: 1724016.1128s
	iters: 200, epoch: 6 | loss: 0.0634758
	speed: 0.1310s/iter; left time: 69777.4705s
	iters: 300, epoch: 6 | loss: 0.0707845
	speed: 0.1302s/iter; left time: 69330.3621s
	iters: 400, epoch: 6 | loss: 0.0677827
	speed: 0.1301s/iter; left time: 69249.8562s
	iters: 500, epoch: 6 | loss: 0.0767713
	speed: 0.1300s/iter; left time: 69198.6519s
	iters: 600, epoch: 6 | loss: 0.0741181
	speed: 0.1295s/iter; left time: 68926.7410s
	iters: 700, epoch: 6 | loss: 0.0772195
	speed: 0.1298s/iter; left time: 69069.0406s
	iters: 800, epoch: 6 | loss: 0.0684050
	speed: 0.1293s/iter; left time: 68777.6939s
	iters: 900, epoch: 6 | loss: 0.0813104
	speed: 0.1300s/iter; left time: 69141.5782s
	iters: 1000, epoch: 6 | loss: 0.0729360
	speed: 0.1301s/iter; left time: 69170.1340s
	iters: 1100, epoch: 6 | loss: 0.0641354
	speed: 0.1301s/iter; left time: 69153.5893s
	iters: 1200, epoch: 6 | loss: 0.0790407
	speed: 0.1297s/iter; left time: 68951.5511s
	iters: 1300, epoch: 6 | loss: 0.0662189
	speed: 0.1294s/iter; left time: 68784.2912s
	iters: 1400, epoch: 6 | loss: 0.0861321
	speed: 0.1291s/iter; left time: 68620.6567s
	iters: 1500, epoch: 6 | loss: 0.0713420
	speed: 0.1302s/iter; left time: 69191.6051s
	iters: 1600, epoch: 6 | loss: 0.0563207
	speed: 0.1293s/iter; left time: 68666.6453s
	iters: 1700, epoch: 6 | loss: 0.0664318
	speed: 0.1292s/iter; left time: 68620.7467s
	iters: 1800, epoch: 6 | loss: 0.0593422
	speed: 0.1297s/iter; left time: 68838.3154s
	iters: 1900, epoch: 6 | loss: 0.0794611
	speed: 0.1300s/iter; left time: 68982.9367s
	iters: 2000, epoch: 6 | loss: 0.0622666
	speed: 0.1290s/iter; left time: 68484.1527s
	iters: 2100, epoch: 6 | loss: 0.0721548
	speed: 0.1302s/iter; left time: 69114.2271s
	iters: 2200, epoch: 6 | loss: 0.0719701
	speed: 0.1293s/iter; left time: 68596.4686s
	iters: 2300, epoch: 6 | loss: 0.0674073
	speed: 0.1290s/iter; left time: 68432.4060s
	iters: 2400, epoch: 6 | loss: 0.0680634
	speed: 0.1300s/iter; left time: 68936.6182s
	iters: 2500, epoch: 6 | loss: 0.0701231
	speed: 0.1291s/iter; left time: 68442.1366s
	iters: 2600, epoch: 6 | loss: 0.0581372
	speed: 0.1296s/iter; left time: 68694.2738s
	iters: 2700, epoch: 6 | loss: 0.0640216
	speed: 0.1294s/iter; left time: 68612.2047s
Epoch: 6 cost time: 354.80863857269287
Epoch: 6, Steps: 2732 | Train Loss: 0.0707520 Vali Loss: 0.3868152 Test Loss: 0.2579069
EarlyStopping counter: 3 out of 5
	iters: 100, epoch: 7 | loss: 0.0676443
	speed: 3.2332s/iter; left time: 1713292.3509s
	iters: 200, epoch: 7 | loss: 0.0664869
	speed: 0.1237s/iter; left time: 65552.9033s
	iters: 300, epoch: 7 | loss: 0.0656018
	speed: 0.1240s/iter; left time: 65670.5118s
	iters: 400, epoch: 7 | loss: 0.0705798
	speed: 0.1241s/iter; left time: 65746.6792s
	iters: 500, epoch: 7 | loss: 0.0680018
	speed: 0.1240s/iter; left time: 65646.7420s
	iters: 600, epoch: 7 | loss: 0.0660810
	speed: 0.1240s/iter; left time: 65646.4477s
	iters: 700, epoch: 7 | loss: 0.0599856
	speed: 0.1242s/iter; left time: 65764.0623s
	iters: 800, epoch: 7 | loss: 0.0650376
	speed: 0.1242s/iter; left time: 65725.5830s
	iters: 900, epoch: 7 | loss: 0.0643083
	speed: 0.1240s/iter; left time: 65590.8413s
	iters: 1000, epoch: 7 | loss: 0.0684118
	speed: 0.1240s/iter; left time: 65577.3980s
	iters: 1100, epoch: 7 | loss: 0.0691100
	speed: 0.1240s/iter; left time: 65592.9648s
	iters: 1200, epoch: 7 | loss: 0.0659087
	speed: 0.1243s/iter; left time: 65753.2711s
	iters: 1300, epoch: 7 | loss: 0.0633411
	speed: 0.1237s/iter; left time: 65393.7294s
	iters: 1400, epoch: 7 | loss: 0.0665173
	speed: 0.1241s/iter; left time: 65591.9182s
	iters: 1500, epoch: 7 | loss: 0.0703868
	speed: 0.1235s/iter; left time: 65287.3212s
	iters: 1600, epoch: 7 | loss: 0.0706386
	speed: 0.1243s/iter; left time: 65691.1942s
	iters: 1700, epoch: 7 | loss: 0.0647415
	speed: 0.1239s/iter; left time: 65472.6536s
	iters: 1800, epoch: 7 | loss: 0.0654185
	speed: 0.1240s/iter; left time: 65498.7426s
	iters: 1900, epoch: 7 | loss: 0.0706093
	speed: 0.1241s/iter; left time: 65539.8622s
	iters: 2000, epoch: 7 | loss: 0.0643740
	speed: 0.1241s/iter; left time: 65535.8222s
	iters: 2100, epoch: 7 | loss: 0.0604352
	speed: 0.1240s/iter; left time: 65454.0697s
	iters: 2200, epoch: 7 | loss: 0.0637183
	speed: 0.1244s/iter; left time: 65668.8791s
	iters: 2300, epoch: 7 | loss: 0.0621540
	speed: 0.1243s/iter; left time: 65593.6956s
	iters: 2400, epoch: 7 | loss: 0.0551284
	speed: 0.1241s/iter; left time: 65485.0123s
	iters: 2500, epoch: 7 | loss: 0.0565359
	speed: 0.1244s/iter; left time: 65610.1304s
	iters: 2600, epoch: 7 | loss: 0.0725837
	speed: 0.1239s/iter; left time: 65364.0300s
	iters: 2700, epoch: 7 | loss: 0.0630820
	speed: 0.1241s/iter; left time: 65462.8500s
Epoch: 7 cost time: 339.3504886627197
Epoch: 7, Steps: 2732 | Train Loss: 0.0663612 Vali Loss: 0.3288111 Test Loss: 0.2891334
EarlyStopping counter: 4 out of 5
	iters: 100, epoch: 8 | loss: 0.0657815
	speed: 3.2414s/iter; left time: 1708795.2324s
	iters: 200, epoch: 8 | loss: 0.0649162
	speed: 0.1306s/iter; left time: 68819.1441s
	iters: 300, epoch: 8 | loss: 0.0517217
	speed: 0.1307s/iter; left time: 68861.2463s
	iters: 400, epoch: 8 | loss: 0.0698801
	speed: 0.1315s/iter; left time: 69305.5478s
	iters: 500, epoch: 8 | loss: 0.0591453
	speed: 0.1313s/iter; left time: 69149.5375s
	iters: 600, epoch: 8 | loss: 0.0649188
	speed: 0.1312s/iter; left time: 69113.5657s
	iters: 700, epoch: 8 | loss: 0.0572719
	speed: 0.1309s/iter; left time: 68955.2495s
	iters: 800, epoch: 8 | loss: 0.0744765
	speed: 0.1308s/iter; left time: 68839.6220s
	iters: 900, epoch: 8 | loss: 0.0597388
	speed: 0.1303s/iter; left time: 68608.5563s
	iters: 1000, epoch: 8 | loss: 0.0663675
	speed: 0.1308s/iter; left time: 68827.0949s
	iters: 1100, epoch: 8 | loss: 0.0572106
	speed: 0.1312s/iter; left time: 69043.5157s
	iters: 1200, epoch: 8 | loss: 0.0625559
	speed: 0.1308s/iter; left time: 68834.4777s
	iters: 1300, epoch: 8 | loss: 0.0639818
	speed: 0.1314s/iter; left time: 69090.9538s
	iters: 1400, epoch: 8 | loss: 0.0632969
	speed: 0.1311s/iter; left time: 68947.8441s
	iters: 1500, epoch: 8 | loss: 0.0802205
	speed: 0.1302s/iter; left time: 68469.7312s
	iters: 1600, epoch: 8 | loss: 0.0608814
	speed: 0.1306s/iter; left time: 68638.9853s
	iters: 1700, epoch: 8 | loss: 0.0687256
	speed: 0.1307s/iter; left time: 68677.6900s
	iters: 1800, epoch: 8 | loss: 0.0527375
	speed: 0.1308s/iter; left time: 68756.3479s
	iters: 1900, epoch: 8 | loss: 0.0644049
	speed: 0.1309s/iter; left time: 68755.9258s
	iters: 2000, epoch: 8 | loss: 0.0550183
	speed: 0.1307s/iter; left time: 68640.1092s
	iters: 2100, epoch: 8 | loss: 0.0815792
	speed: 0.1303s/iter; left time: 68417.9779s
	iters: 2200, epoch: 8 | loss: 0.0519881
	speed: 0.1308s/iter; left time: 68673.4550s
	iters: 2300, epoch: 8 | loss: 0.0607995
	speed: 0.1312s/iter; left time: 68851.6961s
	iters: 2400, epoch: 8 | loss: 0.0559065
	speed: 0.1308s/iter; left time: 68670.9741s
	iters: 2500, epoch: 8 | loss: 0.0642249
	speed: 0.1309s/iter; left time: 68672.8123s
	iters: 2600, epoch: 8 | loss: 0.0593749
	speed: 0.1310s/iter; left time: 68742.9291s
	iters: 2700, epoch: 8 | loss: 0.0540781
	speed: 0.1304s/iter; left time: 68392.5576s
Epoch: 8 cost time: 357.92608070373535
Epoch: 8, Steps: 2732 | Train Loss: 0.0627388 Vali Loss: 0.2882259 Test Loss: 0.3093345
EarlyStopping counter: 5 out of 5
Early stopping
>>>>>>>testing : long_term_forecast_pems06_h_96_96_Autoformer_custom_ftM_sl96_ll48_pl192_dm128_nh8_el2_dl1_df2048_fc3_ebtimeF_dtTrue_srate1.0_sseed7_trainseed2024_Exp_0<<<<<<<<<<<<<<<<<<<<<<<<<<<<<<<<<
test 24869
test shape: (24869, 1, 192, 130) (24869, 1, 192, 130)
test shape: (24869, 192, 130) (24869, 192, 130)
mse:0.2421213835477829, mae:0.3223651051521301
>>>>>>>Overall time: 5692 seconds<<<<<<<<<<<<<<<<<<<<<<<<<<<<<<<<<
