Args in experiment:
Namespace(activation='gelu', anomaly_ratio=0.25, batch_size=32, c_out=107, checkpoints='./checkpoints/', d_ff=2048, d_layers=1, d_model=128, data='custom', data_path='pems10_h.csv', dec_in=107, des='Exp', devices='0,1,2,3', distil=True, dropout=0, e_layers=2, embed='timeF', enc_in=107, factor=3, features='M', freq='h', gap_day=365, gpu=0, inverse=False, is_training=1, itr=1, label_len=48, learning_rate=0.0005, loss='MSE', lradj='type3', mask_rate=0.25, model='Autoformer', model_id='pems10_h_96_720', moving_avg=25, n_heads=8, num_kernels=6, num_workers=10, output_attention=False, p_hidden_dims=[128, 128], p_hidden_layers=2, patience=5, pred_len=720, root_path='../../data/pems/', samle_rate=1.0, sample_seed=7, seasonal_patterns='Monthly', seq_len=96, target='OT', task_name='long_term_forecast', top_k=5, train_epochs=200, train_seed=2024, use_amp=False, use_gpu=True, use_multi_gpu=False)
Use GPU: cuda:0
>>>>>>>start training : long_term_forecast_pems10_h_96_720_Autoformer_custom_ftM_sl96_ll48_pl720_dm128_nh8_el2_dl1_df2048_fc3_ebtimeF_dtTrue_srate1.0_sseed7_trainseed2024_Exp_0>>>>>>>>>>>>>>>>>>>>>>>>>>
train 101866
val 13951
test 28618
	iters: 100, epoch: 1 | loss: 0.2905064
	speed: 0.2794s/iter; left time: 177846.5699s
	iters: 200, epoch: 1 | loss: 0.2060744
	speed: 0.2765s/iter; left time: 175942.6214s
	iters: 300, epoch: 1 | loss: 0.1914557
	speed: 0.2756s/iter; left time: 175377.3410s
	iters: 400, epoch: 1 | loss: 0.1473227
	speed: 0.2756s/iter; left time: 175355.1273s
	iters: 500, epoch: 1 | loss: 0.1718615
	speed: 0.2744s/iter; left time: 174541.8228s
	iters: 600, epoch: 1 | loss: 0.1651007
	speed: 0.2737s/iter; left time: 174087.1459s
	iters: 700, epoch: 1 | loss: 0.1356684
	speed: 0.2741s/iter; left time: 174285.5507s
	iters: 800, epoch: 1 | loss: 0.1240067
	speed: 0.2737s/iter; left time: 173994.8444s
	iters: 900, epoch: 1 | loss: 0.1564502
	speed: 0.2740s/iter; left time: 174183.3174s
	iters: 1000, epoch: 1 | loss: 0.1662008
	speed: 0.2739s/iter; left time: 174076.2456s
	iters: 1100, epoch: 1 | loss: 0.1541286
	speed: 0.2737s/iter; left time: 173946.2184s
	iters: 1200, epoch: 1 | loss: 0.1689568
	speed: 0.2740s/iter; left time: 174079.2097s
	iters: 1300, epoch: 1 | loss: 0.1552571
	speed: 0.2740s/iter; left time: 174081.7399s
	iters: 1400, epoch: 1 | loss: 0.1312675
	speed: 0.2736s/iter; left time: 173817.6379s
	iters: 1500, epoch: 1 | loss: 0.1163952
	speed: 0.2739s/iter; left time: 173939.2724s
	iters: 1600, epoch: 1 | loss: 0.1573939
	speed: 0.2737s/iter; left time: 173770.7806s
	iters: 1700, epoch: 1 | loss: 0.1329409
	speed: 0.2740s/iter; left time: 173955.2076s
	iters: 1800, epoch: 1 | loss: 0.1261048
	speed: 0.2738s/iter; left time: 173825.4262s
	iters: 1900, epoch: 1 | loss: 0.1136514
	speed: 0.2742s/iter; left time: 174032.3605s
	iters: 2000, epoch: 1 | loss: 0.1446163
	speed: 0.2741s/iter; left time: 173935.7965s
	iters: 2100, epoch: 1 | loss: 0.1330119
	speed: 0.2741s/iter; left time: 173940.4736s
	iters: 2200, epoch: 1 | loss: 0.1285568
	speed: 0.2738s/iter; left time: 173674.8939s
	iters: 2300, epoch: 1 | loss: 0.1150595
	speed: 0.2741s/iter; left time: 173854.9753s
	iters: 2400, epoch: 1 | loss: 0.1169642
	speed: 0.2736s/iter; left time: 173502.5476s
	iters: 2500, epoch: 1 | loss: 0.1250043
	speed: 0.2742s/iter; left time: 173864.3567s
	iters: 2600, epoch: 1 | loss: 0.1251635
	speed: 0.2738s/iter; left time: 173582.3943s
	iters: 2700, epoch: 1 | loss: 0.1270590
	speed: 0.2737s/iter; left time: 173505.8289s
	iters: 2800, epoch: 1 | loss: 0.1267533
	speed: 0.2736s/iter; left time: 173427.6803s
	iters: 2900, epoch: 1 | loss: 0.1247488
	speed: 0.2743s/iter; left time: 173810.8740s
	iters: 3000, epoch: 1 | loss: 0.1219085
	speed: 0.2737s/iter; left time: 173392.8264s
	iters: 3100, epoch: 1 | loss: 0.1218318
	speed: 0.2737s/iter; left time: 173420.3611s
Epoch: 1 cost time: 873.3472819328308
Epoch: 1, Steps: 3183 | Train Loss: 0.1466673 Vali Loss: 0.3188547 Test Loss: 0.3277272
Validation loss decreased (inf --> 0.318855).  Saving model ...
	iters: 100, epoch: 2 | loss: 0.0945437
	speed: 4.5595s/iter; left time: 2887610.6037s
	iters: 200, epoch: 2 | loss: 0.1126650
	speed: 0.2795s/iter; left time: 177009.1392s
	iters: 300, epoch: 2 | loss: 0.1074242
	speed: 0.2820s/iter; left time: 178568.2340s
	iters: 400, epoch: 2 | loss: 0.1077880
	speed: 0.2800s/iter; left time: 177236.9701s
	iters: 500, epoch: 2 | loss: 0.1094991
	speed: 0.2833s/iter; left time: 179310.6788s
	iters: 600, epoch: 2 | loss: 0.1269361
	speed: 0.2825s/iter; left time: 178773.7947s
	iters: 700, epoch: 2 | loss: 0.1112790
	speed: 0.2806s/iter; left time: 177524.4222s
	iters: 800, epoch: 2 | loss: 0.1020067
	speed: 0.2804s/iter; left time: 177396.8123s
	iters: 900, epoch: 2 | loss: 0.0982835
	speed: 0.2813s/iter; left time: 177899.5647s
	iters: 1000, epoch: 2 | loss: 0.1173979
	speed: 0.2816s/iter; left time: 178108.8078s
	iters: 1100, epoch: 2 | loss: 0.0986580
	speed: 0.2812s/iter; left time: 177806.8259s
	iters: 1200, epoch: 2 | loss: 0.0942066
	speed: 0.2808s/iter; left time: 177535.4976s
	iters: 1300, epoch: 2 | loss: 0.1028616
	speed: 0.2810s/iter; left time: 177610.5462s
	iters: 1400, epoch: 2 | loss: 0.0954909
	speed: 0.2811s/iter; left time: 177638.6223s
	iters: 1500, epoch: 2 | loss: 0.0948041
	speed: 0.2810s/iter; left time: 177541.8053s
	iters: 1600, epoch: 2 | loss: 0.1000193
	speed: 0.2813s/iter; left time: 177748.8150s
	iters: 1700, epoch: 2 | loss: 0.1100513
	speed: 0.2802s/iter; left time: 176977.4928s
	iters: 1800, epoch: 2 | loss: 0.1022326
	speed: 0.2801s/iter; left time: 176894.8783s
	iters: 1900, epoch: 2 | loss: 0.1087434
	speed: 0.2809s/iter; left time: 177407.4655s
	iters: 2000, epoch: 2 | loss: 0.0982249
	speed: 0.2805s/iter; left time: 177095.8745s
	iters: 2100, epoch: 2 | loss: 0.0950166
	speed: 0.2812s/iter; left time: 177533.6200s
	iters: 2200, epoch: 2 | loss: 0.0876595
	speed: 0.2808s/iter; left time: 177242.8611s
	iters: 2300, epoch: 2 | loss: 0.0965282
	speed: 0.2815s/iter; left time: 177642.7265s
	iters: 2400, epoch: 2 | loss: 0.0948311
	speed: 0.2814s/iter; left time: 177549.4961s
	iters: 2500, epoch: 2 | loss: 0.0995490
	speed: 0.2807s/iter; left time: 177117.8069s
	iters: 2600, epoch: 2 | loss: 0.0937428
	speed: 0.2811s/iter; left time: 177348.9476s
	iters: 2700, epoch: 2 | loss: 0.0940432
	speed: 0.2820s/iter; left time: 177841.7261s
	iters: 2800, epoch: 2 | loss: 0.1039654
	speed: 0.2813s/iter; left time: 177412.2590s
	iters: 2900, epoch: 2 | loss: 0.0977250
	speed: 0.2787s/iter; left time: 175712.4994s
	iters: 3000, epoch: 2 | loss: 0.0938390
	speed: 0.2795s/iter; left time: 176175.7492s
	iters: 3100, epoch: 2 | loss: 0.0983151
	speed: 0.2811s/iter; left time: 177196.2810s
Epoch: 2 cost time: 894.8388259410858
Epoch: 2, Steps: 3183 | Train Loss: 0.1026882 Vali Loss: 0.3324942 Test Loss: 0.4351263
EarlyStopping counter: 1 out of 5
	iters: 100, epoch: 3 | loss: 0.1041406
	speed: 4.5364s/iter; left time: 2858519.4710s
	iters: 200, epoch: 3 | loss: 0.0794800
	speed: 0.2741s/iter; left time: 172717.1657s
	iters: 300, epoch: 3 | loss: 0.0901622
	speed: 0.2740s/iter; left time: 172604.2542s
	iters: 400, epoch: 3 | loss: 0.0842991
	speed: 0.2745s/iter; left time: 172880.4532s
	iters: 500, epoch: 3 | loss: 0.0826634
	speed: 0.2750s/iter; left time: 173162.9217s
	iters: 600, epoch: 3 | loss: 0.0996883
	speed: 0.2754s/iter; left time: 173395.0793s
	iters: 700, epoch: 3 | loss: 0.0818615
	speed: 0.2756s/iter; left time: 173493.1830s
	iters: 800, epoch: 3 | loss: 0.0866125
	speed: 0.2755s/iter; left time: 173385.5788s
	iters: 900, epoch: 3 | loss: 0.0913178
	speed: 0.2751s/iter; left time: 173124.3162s
	iters: 1000, epoch: 3 | loss: 0.1059290
	speed: 0.2759s/iter; left time: 173596.3181s
	iters: 1100, epoch: 3 | loss: 0.0860523
	speed: 0.2748s/iter; left time: 172898.6114s
	iters: 1200, epoch: 3 | loss: 0.1128357
	speed: 0.2751s/iter; left time: 173059.8518s
	iters: 1300, epoch: 3 | loss: 0.0854733
	speed: 0.2756s/iter; left time: 173319.6526s
	iters: 1400, epoch: 3 | loss: 0.0938384
	speed: 0.2748s/iter; left time: 172775.7830s
	iters: 1500, epoch: 3 | loss: 0.0908355
	speed: 0.2750s/iter; left time: 172876.1575s
	iters: 1600, epoch: 3 | loss: 0.0887861
	speed: 0.2752s/iter; left time: 172986.4851s
	iters: 1700, epoch: 3 | loss: 0.0797586
	speed: 0.2755s/iter; left time: 173171.7801s
	iters: 1800, epoch: 3 | loss: 0.0840906
	speed: 0.2750s/iter; left time: 172788.9412s
	iters: 1900, epoch: 3 | loss: 0.0894504
	speed: 0.2751s/iter; left time: 172832.9219s
	iters: 2000, epoch: 3 | loss: 0.0797574
	speed: 0.2747s/iter; left time: 172549.7390s
	iters: 2100, epoch: 3 | loss: 0.0901085
	speed: 0.2756s/iter; left time: 173138.6410s
	iters: 2200, epoch: 3 | loss: 0.0814889
	speed: 0.2744s/iter; left time: 172346.2386s
	iters: 2300, epoch: 3 | loss: 0.0796063
	speed: 0.2743s/iter; left time: 172265.4827s
	iters: 2400, epoch: 3 | loss: 0.0896386
	speed: 0.2755s/iter; left time: 172975.9652s
	iters: 2500, epoch: 3 | loss: 0.0742677
	speed: 0.2744s/iter; left time: 172232.3331s
	iters: 2600, epoch: 3 | loss: 0.0869945
	speed: 0.2750s/iter; left time: 172612.1439s
	iters: 2700, epoch: 3 | loss: 0.0980024
	speed: 0.2748s/iter; left time: 172455.4634s
	iters: 2800, epoch: 3 | loss: 0.0930824
	speed: 0.2746s/iter; left time: 172324.1396s
	iters: 2900, epoch: 3 | loss: 0.0976302
	speed: 0.2745s/iter; left time: 172220.5385s
	iters: 3000, epoch: 3 | loss: 0.0815393
	speed: 0.2749s/iter; left time: 172407.6701s
	iters: 3100, epoch: 3 | loss: 0.0952704
	speed: 0.2743s/iter; left time: 172018.8337s
Epoch: 3 cost time: 875.487185716629
Epoch: 3, Steps: 3183 | Train Loss: 0.0910700 Vali Loss: 0.2801816 Test Loss: 0.3689993
Validation loss decreased (0.318855 --> 0.280182).  Saving model ...
	iters: 100, epoch: 4 | loss: 0.0861044
	speed: 4.5660s/iter; left time: 2862634.7611s
	iters: 200, epoch: 4 | loss: 0.2707520
	speed: 0.2775s/iter; left time: 173946.6326s
	iters: 300, epoch: 4 | loss: 0.2184877
	speed: 0.2773s/iter; left time: 173792.4437s
	iters: 400, epoch: 4 | loss: 0.2001983
	speed: 0.2772s/iter; left time: 173701.5609s
	iters: 500, epoch: 4 | loss: 0.2122999
	speed: 0.2772s/iter; left time: 173667.7173s
	iters: 600, epoch: 4 | loss: 0.2214966
	speed: 0.2777s/iter; left time: 173978.0094s
	iters: 700, epoch: 4 | loss: 0.1871149
	speed: 0.2772s/iter; left time: 173595.9725s
	iters: 800, epoch: 4 | loss: 0.1643836
	speed: 0.2780s/iter; left time: 174086.9187s
	iters: 900, epoch: 4 | loss: 0.2101164
	speed: 0.2784s/iter; left time: 174291.6592s
	iters: 1000, epoch: 4 | loss: 0.2172845
	speed: 0.2778s/iter; left time: 173934.1554s
	iters: 1100, epoch: 4 | loss: 0.1730550
	speed: 0.2769s/iter; left time: 173352.0140s
	iters: 1200, epoch: 4 | loss: 0.1760186
	speed: 0.2783s/iter; left time: 174176.6971s
	iters: 1300, epoch: 4 | loss: 0.1871244
	speed: 0.2770s/iter; left time: 173311.5239s
	iters: 1400, epoch: 4 | loss: 0.1779231
	speed: 0.2776s/iter; left time: 173661.9122s
	iters: 1500, epoch: 4 | loss: 0.1657320
	speed: 0.2780s/iter; left time: 173912.2000s
	iters: 1600, epoch: 4 | loss: 0.1625383
	speed: 0.2776s/iter; left time: 173649.9486s
	iters: 1700, epoch: 4 | loss: 0.1824649
	speed: 0.2772s/iter; left time: 173338.6989s
	iters: 1800, epoch: 4 | loss: 0.1573536
	speed: 0.2781s/iter; left time: 173855.2799s
	iters: 1900, epoch: 4 | loss: 0.1710192
	speed: 0.2777s/iter; left time: 173613.2656s
	iters: 2000, epoch: 4 | loss: 0.1750907
	speed: 0.2783s/iter; left time: 173938.1834s
	iters: 2100, epoch: 4 | loss: 0.1520473
	speed: 0.2775s/iter; left time: 173398.3464s
	iters: 2200, epoch: 4 | loss: 0.1861751
	speed: 0.2777s/iter; left time: 173514.1645s
	iters: 2300, epoch: 4 | loss: 0.1920243
	speed: 0.2779s/iter; left time: 173599.8319s
	iters: 2400, epoch: 4 | loss: 0.1602119
	speed: 0.2776s/iter; left time: 173408.9993s
	iters: 2500, epoch: 4 | loss: 0.1832267
	speed: 0.2775s/iter; left time: 173325.3872s
	iters: 2600, epoch: 4 | loss: 0.2037001
	speed: 0.2785s/iter; left time: 173895.9432s
	iters: 2700, epoch: 4 | loss: 0.1733365
	speed: 0.2777s/iter; left time: 173363.3016s
	iters: 2800, epoch: 4 | loss: 0.1625057
	speed: 0.2778s/iter; left time: 173403.1154s
	iters: 2900, epoch: 4 | loss: 0.1783530
	speed: 0.2778s/iter; left time: 173393.8986s
	iters: 3000, epoch: 4 | loss: 0.1532807
	speed: 0.2779s/iter; left time: 173392.8755s
	iters: 3100, epoch: 4 | loss: 0.1760040
	speed: 0.2777s/iter; left time: 173245.7985s
Epoch: 4 cost time: 884.5216817855835
Epoch: 4, Steps: 3183 | Train Loss: 0.1857853 Vali Loss: 0.2984812 Test Loss: 0.3338428
EarlyStopping counter: 1 out of 5
	iters: 100, epoch: 5 | loss: 0.1665963
	speed: 4.5380s/iter; left time: 2830672.5154s
	iters: 200, epoch: 5 | loss: 0.1649569
	speed: 0.2752s/iter; left time: 171657.8834s
	iters: 300, epoch: 5 | loss: 0.1468167
	speed: 0.2745s/iter; left time: 171178.1412s
	iters: 400, epoch: 5 | loss: 0.1756219
	speed: 0.2746s/iter; left time: 171235.0721s
	iters: 500, epoch: 5 | loss: 0.1820285
	speed: 0.2747s/iter; left time: 171255.9913s
	iters: 600, epoch: 5 | loss: 0.1469762
	speed: 0.2742s/iter; left time: 170878.1477s
	iters: 700, epoch: 5 | loss: 0.1902200
	speed: 0.2743s/iter; left time: 170935.3923s
	iters: 800, epoch: 5 | loss: 0.1898859
	speed: 0.2741s/iter; left time: 170810.6806s
	iters: 900, epoch: 5 | loss: 0.1696272
	speed: 0.2745s/iter; left time: 171016.8596s
	iters: 1000, epoch: 5 | loss: 0.1521759
	speed: 0.2746s/iter; left time: 171012.6500s
	iters: 1100, epoch: 5 | loss: 0.1429885
	speed: 0.2742s/iter; left time: 170760.9084s
	iters: 1200, epoch: 5 | loss: 0.1787941
	speed: 0.2745s/iter; left time: 170892.9615s
	iters: 1300, epoch: 5 | loss: 0.1659836
	speed: 0.2736s/iter; left time: 170364.8744s
	iters: 1400, epoch: 5 | loss: 0.1767490
	speed: 0.2739s/iter; left time: 170495.9264s
	iters: 1500, epoch: 5 | loss: 0.1421576
	speed: 0.2735s/iter; left time: 170220.4998s
	iters: 1600, epoch: 5 | loss: 0.1392706
	speed: 0.2738s/iter; left time: 170382.6874s
	iters: 1700, epoch: 5 | loss: 0.1491975
	speed: 0.2739s/iter; left time: 170398.1980s
	iters: 1800, epoch: 5 | loss: 0.1351175
	speed: 0.2738s/iter; left time: 170338.6204s
	iters: 1900, epoch: 5 | loss: 0.1330647
	speed: 0.2738s/iter; left time: 170265.2698s
	iters: 2000, epoch: 5 | loss: 0.1387296
	speed: 0.2736s/iter; left time: 170169.7163s
	iters: 2100, epoch: 5 | loss: 0.1409635
	speed: 0.2736s/iter; left time: 170095.9748s
	iters: 2200, epoch: 5 | loss: 0.1417942
	speed: 0.2739s/iter; left time: 170245.8935s
	iters: 2300, epoch: 5 | loss: 0.1278466
	speed: 0.2736s/iter; left time: 170058.7525s
	iters: 2400, epoch: 5 | loss: 0.1335781
	speed: 0.2739s/iter; left time: 170238.8469s
	iters: 2500, epoch: 5 | loss: 0.1466636
	speed: 0.2739s/iter; left time: 170200.0837s
	iters: 2600, epoch: 5 | loss: 0.1260863
	speed: 0.2745s/iter; left time: 170549.2766s
	iters: 2700, epoch: 5 | loss: 0.1082780
	speed: 0.2737s/iter; left time: 170042.4591s
	iters: 2800, epoch: 5 | loss: 0.1448029
	speed: 0.2743s/iter; left time: 170361.4038s
	iters: 2900, epoch: 5 | loss: 0.1117112
	speed: 0.2746s/iter; left time: 170489.3673s
	iters: 3000, epoch: 5 | loss: 0.1266197
	speed: 0.2741s/iter; left time: 170208.8603s
	iters: 3100, epoch: 5 | loss: 0.1230965
	speed: 0.2740s/iter; left time: 170119.6249s
Epoch: 5 cost time: 873.0576555728912
Epoch: 5, Steps: 3183 | Train Loss: 0.1496996 Vali Loss: 0.3328072 Test Loss: 0.3567053
EarlyStopping counter: 2 out of 5
	iters: 100, epoch: 6 | loss: 0.1475029
	speed: 4.5632s/iter; left time: 2831869.3773s
	iters: 200, epoch: 6 | loss: 0.1111024
	speed: 0.2824s/iter; left time: 175212.9663s
	iters: 300, epoch: 6 | loss: 0.2439002
	speed: 0.2825s/iter; left time: 175256.5808s
	iters: 400, epoch: 6 | loss: 0.1482905
	speed: 0.2829s/iter; left time: 175500.5289s
	iters: 500, epoch: 6 | loss: 0.1505902
	speed: 0.2834s/iter; left time: 175745.7865s
	iters: 600, epoch: 6 | loss: 0.1633519
	speed: 0.2830s/iter; left time: 175461.9237s
	iters: 700, epoch: 6 | loss: 0.1794363
	speed: 0.2832s/iter; left time: 175578.5877s
	iters: 800, epoch: 6 | loss: 0.1605355
	speed: 0.2830s/iter; left time: 175417.4144s
	iters: 900, epoch: 6 | loss: 0.1532644
	speed: 0.2823s/iter; left time: 174979.0467s
	iters: 1000, epoch: 6 | loss: 0.1417494
	speed: 0.2828s/iter; left time: 175276.3891s
	iters: 1100, epoch: 6 | loss: 0.1354580
	speed: 0.2825s/iter; left time: 175055.5104s
	iters: 1200, epoch: 6 | loss: 0.1637986
	speed: 0.2811s/iter; left time: 174144.9032s
	iters: 1300, epoch: 6 | loss: 0.1401014
	speed: 0.2814s/iter; left time: 174268.3372s
	iters: 1400, epoch: 6 | loss: 0.1370254
	speed: 0.2812s/iter; left time: 174116.9306s
	iters: 1500, epoch: 6 | loss: 0.1342892
	speed: 0.2811s/iter; left time: 174064.8080s
	iters: 1600, epoch: 6 | loss: 0.1466294
	speed: 0.2807s/iter; left time: 173752.4066s
	iters: 1700, epoch: 6 | loss: 0.1257494
	speed: 0.2814s/iter; left time: 174193.7751s
	iters: 1800, epoch: 6 | loss: 0.1541042
	speed: 0.2814s/iter; left time: 174160.8924s
	iters: 1900, epoch: 6 | loss: 0.1150300
	speed: 0.2816s/iter; left time: 174237.6202s
	iters: 2000, epoch: 6 | loss: 0.1882491
	speed: 0.2812s/iter; left time: 173994.4011s
	iters: 2100, epoch: 6 | loss: 0.1169186
	speed: 0.2810s/iter; left time: 173817.7572s
	iters: 2200, epoch: 6 | loss: 0.1345671
	speed: 0.2811s/iter; left time: 173876.7529s
	iters: 2300, epoch: 6 | loss: 0.1307795
	speed: 0.2808s/iter; left time: 173622.9392s
	iters: 2400, epoch: 6 | loss: 0.1108740
	speed: 0.2818s/iter; left time: 174210.3750s
	iters: 2500, epoch: 6 | loss: 0.1349895
	speed: 0.2803s/iter; left time: 173276.4361s
	iters: 2600, epoch: 6 | loss: 0.1305087
	speed: 0.2817s/iter; left time: 174113.0244s
	iters: 2700, epoch: 6 | loss: 0.1141267
	speed: 0.2815s/iter; left time: 173962.7222s
	iters: 2800, epoch: 6 | loss: 0.1201385
	speed: 0.2809s/iter; left time: 173592.5837s
	iters: 2900, epoch: 6 | loss: 0.1495497
	speed: 0.2804s/iter; left time: 173246.4187s
	iters: 3000, epoch: 6 | loss: 0.1577832
	speed: 0.2808s/iter; left time: 173458.9081s
	iters: 3100, epoch: 6 | loss: 0.1094446
	speed: 0.2815s/iter; left time: 173838.2899s
Epoch: 6 cost time: 897.0938367843628
Epoch: 6, Steps: 3183 | Train Loss: 0.1386759 Vali Loss: 0.2857662 Test Loss: 0.3235994
EarlyStopping counter: 3 out of 5
	iters: 100, epoch: 7 | loss: 0.1227390
	speed: 4.5600s/iter; left time: 2815341.9207s
	iters: 200, epoch: 7 | loss: 0.1215693
	speed: 0.2765s/iter; left time: 170661.6370s
	iters: 300, epoch: 7 | loss: 0.1200396
	speed: 0.2778s/iter; left time: 171442.5165s
	iters: 400, epoch: 7 | loss: 0.1132105
	speed: 0.2799s/iter; left time: 172747.8440s
	iters: 500, epoch: 7 | loss: 0.1254811
	speed: 0.2778s/iter; left time: 171434.1399s
	iters: 600, epoch: 7 | loss: 0.1064059
	speed: 0.2787s/iter; left time: 171939.3432s
	iters: 700, epoch: 7 | loss: 0.1249065
	speed: 0.2774s/iter; left time: 171092.4847s
	iters: 800, epoch: 7 | loss: 0.1061987
	speed: 0.2771s/iter; left time: 170892.6582s
	iters: 900, epoch: 7 | loss: 0.1245769
	speed: 0.2775s/iter; left time: 171113.1526s
	iters: 1000, epoch: 7 | loss: 0.1099717
	speed: 0.2774s/iter; left time: 171001.4904s
	iters: 1100, epoch: 7 | loss: 0.0948453
	speed: 0.2788s/iter; left time: 171822.4068s
	iters: 1200, epoch: 7 | loss: 0.1277446
	speed: 0.2786s/iter; left time: 171687.4536s
	iters: 1300, epoch: 7 | loss: 0.1086806
	speed: 0.2784s/iter; left time: 171572.2745s
	iters: 1400, epoch: 7 | loss: 0.1006262
	speed: 0.2780s/iter; left time: 171264.2890s
	iters: 1500, epoch: 7 | loss: 0.1217417
	speed: 0.2766s/iter; left time: 170388.6216s
	iters: 1600, epoch: 7 | loss: 0.1026834
	speed: 0.2766s/iter; left time: 170388.9201s
	iters: 1700, epoch: 7 | loss: 0.1171384
	speed: 0.2771s/iter; left time: 170657.0805s
	iters: 1800, epoch: 7 | loss: 0.1036419
	speed: 0.2777s/iter; left time: 170990.7080s
	iters: 1900, epoch: 7 | loss: 0.1280641
	speed: 0.2763s/iter; left time: 170064.0333s
	iters: 2000, epoch: 7 | loss: 0.1042121
	speed: 0.2794s/iter; left time: 171963.2033s
	iters: 2100, epoch: 7 | loss: 0.1082042
	speed: 0.2789s/iter; left time: 171624.4852s
	iters: 2200, epoch: 7 | loss: 0.0989501
	speed: 0.2806s/iter; left time: 172635.5798s
	iters: 2300, epoch: 7 | loss: 0.1080127
	speed: 0.2783s/iter; left time: 171195.4453s
	iters: 2400, epoch: 7 | loss: 0.0959757
	speed: 0.2769s/iter; left time: 170298.0156s
	iters: 2500, epoch: 7 | loss: 0.1033826
	speed: 0.2776s/iter; left time: 170712.2770s
	iters: 2600, epoch: 7 | loss: 0.0935698
	speed: 0.2783s/iter; left time: 171153.8228s
	iters: 2700, epoch: 7 | loss: 0.1066530
	speed: 0.2781s/iter; left time: 170993.2849s
	iters: 2800, epoch: 7 | loss: 0.0973064
	speed: 0.2795s/iter; left time: 171834.3551s
	iters: 2900, epoch: 7 | loss: 0.0990200
	speed: 0.2796s/iter; left time: 171836.1310s
	iters: 3000, epoch: 7 | loss: 0.1160086
	speed: 0.2799s/iter; left time: 171984.9689s
	iters: 3100, epoch: 7 | loss: 0.0921406
	speed: 0.2794s/iter; left time: 171677.6840s
Epoch: 7 cost time: 885.9773488044739
Epoch: 7, Steps: 3183 | Train Loss: 0.1122279 Vali Loss: 0.2922482 Test Loss: 0.3443533
EarlyStopping counter: 4 out of 5
	iters: 100, epoch: 8 | loss: 0.1409727
	speed: 4.5654s/iter; left time: 2804153.4316s
	iters: 200, epoch: 8 | loss: 0.1200153
	speed: 0.2785s/iter; left time: 171047.7859s
	iters: 300, epoch: 8 | loss: 0.1205107
	speed: 0.2784s/iter; left time: 170923.5346s
	iters: 400, epoch: 8 | loss: 0.1364004
	speed: 0.2780s/iter; left time: 170661.2688s
	iters: 500, epoch: 8 | loss: 0.1186773
	speed: 0.2770s/iter; left time: 170034.7420s
	iters: 600, epoch: 8 | loss: 0.1175135
	speed: 0.2769s/iter; left time: 169925.1077s
	iters: 700, epoch: 8 | loss: 0.1074102
	speed: 0.2770s/iter; left time: 169976.8293s
	iters: 800, epoch: 8 | loss: 0.1343355
	speed: 0.2774s/iter; left time: 170170.3558s
	iters: 900, epoch: 8 | loss: 0.1405103
	speed: 0.2777s/iter; left time: 170337.0316s
	iters: 1000, epoch: 8 | loss: 0.1053050
	speed: 0.2795s/iter; left time: 171413.4092s
	iters: 1100, epoch: 8 | loss: 0.1152272
	speed: 0.2762s/iter; left time: 169369.6191s
	iters: 1200, epoch: 8 | loss: 0.1266478
	speed: 0.2759s/iter; left time: 169182.7825s
	iters: 1300, epoch: 8 | loss: 0.1148086
	speed: 0.2780s/iter; left time: 170394.5014s
	iters: 1400, epoch: 8 | loss: 0.0951934
	speed: 0.2779s/iter; left time: 170351.8030s
	iters: 1500, epoch: 8 | loss: 0.1066890
	speed: 0.2778s/iter; left time: 170231.1055s
	iters: 1600, epoch: 8 | loss: 0.1046222
	speed: 0.2783s/iter; left time: 170523.0696s
	iters: 1700, epoch: 8 | loss: 0.1261013
	speed: 0.2783s/iter; left time: 170469.0681s
	iters: 1800, epoch: 8 | loss: 0.0958929
	speed: 0.2792s/iter; left time: 171014.1285s
	iters: 1900, epoch: 8 | loss: 0.1058849
	speed: 0.2799s/iter; left time: 171412.4625s
	iters: 2000, epoch: 8 | loss: 0.0973433
	speed: 0.2807s/iter; left time: 171875.2089s
	iters: 2100, epoch: 8 | loss: 0.0992588
	speed: 0.2807s/iter; left time: 171841.1344s
	iters: 2200, epoch: 8 | loss: 0.1179626
	speed: 0.2805s/iter; left time: 171726.8062s
	iters: 2300, epoch: 8 | loss: 0.0984714
	speed: 0.2814s/iter; left time: 172245.4281s
	iters: 2400, epoch: 8 | loss: 0.1298000
	speed: 0.2746s/iter; left time: 168019.7357s
	iters: 2500, epoch: 8 | loss: 0.1059787
	speed: 0.2742s/iter; left time: 167782.6229s
	iters: 2600, epoch: 8 | loss: 0.0934364
	speed: 0.2745s/iter; left time: 167888.6902s
	iters: 2700, epoch: 8 | loss: 0.1100996
	speed: 0.2746s/iter; left time: 167950.8056s
	iters: 2800, epoch: 8 | loss: 0.1011013
	speed: 0.2744s/iter; left time: 167778.5918s
	iters: 2900, epoch: 8 | loss: 0.1034038
	speed: 0.2746s/iter; left time: 167911.4324s
	iters: 3000, epoch: 8 | loss: 0.1045638
	speed: 0.2746s/iter; left time: 167892.0779s
	iters: 3100, epoch: 8 | loss: 0.0989343
	speed: 0.2747s/iter; left time: 167890.7413s
Epoch: 8 cost time: 883.2382702827454
Epoch: 8, Steps: 3183 | Train Loss: 0.1134366 Vali Loss: 0.2769679 Test Loss: 0.3292694
Validation loss decreased (0.280182 --> 0.276968).  Saving model ...
	iters: 100, epoch: 9 | loss: 0.1093794
	speed: 4.5311s/iter; left time: 2768683.5710s
	iters: 200, epoch: 9 | loss: 0.0961737
	speed: 0.2764s/iter; left time: 168892.1163s
	iters: 300, epoch: 9 | loss: 0.0920381
	speed: 0.2755s/iter; left time: 168296.7852s
	iters: 400, epoch: 9 | loss: 0.0978469
	speed: 0.2752s/iter; left time: 168094.2191s
	iters: 500, epoch: 9 | loss: 0.1116897
	speed: 0.2758s/iter; left time: 168402.2090s
	iters: 600, epoch: 9 | loss: 0.1034898
	speed: 0.2751s/iter; left time: 167971.7813s
	iters: 700, epoch: 9 | loss: 0.1180059
	speed: 0.2755s/iter; left time: 168170.6894s
	iters: 800, epoch: 9 | loss: 0.0940364
	speed: 0.2750s/iter; left time: 167828.4377s
	iters: 900, epoch: 9 | loss: 0.0955103
	speed: 0.2764s/iter; left time: 168686.9665s
	iters: 1000, epoch: 9 | loss: 0.0952257
	speed: 0.2755s/iter; left time: 168072.9625s
	iters: 1100, epoch: 9 | loss: 0.0955263
	speed: 0.2759s/iter; left time: 168305.9455s
	iters: 1200, epoch: 9 | loss: 0.0983268
	speed: 0.2754s/iter; left time: 167969.5400s
	iters: 1300, epoch: 9 | loss: 0.1069191
	speed: 0.2758s/iter; left time: 168219.9221s
	iters: 1400, epoch: 9 | loss: 0.0920225
	speed: 0.2755s/iter; left time: 168005.0745s
	iters: 1500, epoch: 9 | loss: 0.0969252
	speed: 0.2747s/iter; left time: 167488.3509s
	iters: 1600, epoch: 9 | loss: 0.0860182
	speed: 0.2758s/iter; left time: 168109.7970s
	iters: 1700, epoch: 9 | loss: 0.1073429
	speed: 0.2759s/iter; left time: 168124.7554s
	iters: 1800, epoch: 9 | loss: 0.0899280
	speed: 0.2753s/iter; left time: 167765.1170s
	iters: 1900, epoch: 9 | loss: 0.0956361
	speed: 0.2752s/iter; left time: 167633.3522s
	iters: 2000, epoch: 9 | loss: 0.1002249
	speed: 0.2763s/iter; left time: 168299.7351s
	iters: 2100, epoch: 9 | loss: 0.0958462
	speed: 0.2752s/iter; left time: 167591.8751s
	iters: 2200, epoch: 9 | loss: 0.0965613
	speed: 0.2757s/iter; left time: 167909.3547s
	iters: 2300, epoch: 9 | loss: 0.1046765
	speed: 0.2754s/iter; left time: 167675.9566s
	iters: 2400, epoch: 9 | loss: 0.1078069
	speed: 0.2757s/iter; left time: 167840.0587s
	iters: 2500, epoch: 9 | loss: 0.0935580
	speed: 0.2761s/iter; left time: 168025.0576s
	iters: 2600, epoch: 9 | loss: 0.0918095
	speed: 0.2755s/iter; left time: 167643.2293s
	iters: 2700, epoch: 9 | loss: 0.0891382
	speed: 0.2753s/iter; left time: 167499.9904s
	iters: 2800, epoch: 9 | loss: 0.0764456
	speed: 0.2759s/iter; left time: 167816.9948s
	iters: 2900, epoch: 9 | loss: 0.1129555
	speed: 0.2759s/iter; left time: 167808.6854s
	iters: 3000, epoch: 9 | loss: 0.0917853
	speed: 0.2755s/iter; left time: 167545.0070s
	iters: 3100, epoch: 9 | loss: 0.0853672
	speed: 0.2756s/iter; left time: 167586.6116s
Epoch: 9 cost time: 877.7431502342224
Epoch: 9, Steps: 3183 | Train Loss: 0.0984055 Vali Loss: 0.2927280 Test Loss: 0.3773288
EarlyStopping counter: 1 out of 5
	iters: 100, epoch: 10 | loss: 0.1786853
	speed: 4.5378s/iter; left time: 2758301.4815s
	iters: 200, epoch: 10 | loss: 0.1272733
	speed: 0.2741s/iter; left time: 166557.9714s
	iters: 300, epoch: 10 | loss: 0.1398994
	speed: 0.2748s/iter; left time: 166982.8065s
	iters: 400, epoch: 10 | loss: 0.1266757
	speed: 0.2740s/iter; left time: 166486.4242s
	iters: 500, epoch: 10 | loss: 0.1264715
	speed: 0.2751s/iter; left time: 167118.3581s
	iters: 600, epoch: 10 | loss: 0.1126877
	speed: 0.2744s/iter; left time: 166687.9067s
	iters: 700, epoch: 10 | loss: 0.1252627
	speed: 0.2747s/iter; left time: 166838.2176s
	iters: 800, epoch: 10 | loss: 0.1369588
	speed: 0.2742s/iter; left time: 166482.6478s
	iters: 900, epoch: 10 | loss: 0.1121555
	speed: 0.2750s/iter; left time: 166964.3475s
	iters: 1000, epoch: 10 | loss: 0.1143347
	speed: 0.2747s/iter; left time: 166704.3118s
	iters: 1100, epoch: 10 | loss: 0.1323753
	speed: 0.2750s/iter; left time: 166909.4523s
	iters: 1200, epoch: 10 | loss: 0.1302649
	speed: 0.2744s/iter; left time: 166509.0718s
	iters: 1300, epoch: 10 | loss: 0.1187236
	speed: 0.2742s/iter; left time: 166350.0163s
	iters: 1400, epoch: 10 | loss: 0.1061260
	speed: 0.2748s/iter; left time: 166653.4514s
	iters: 1500, epoch: 10 | loss: 0.1281045
	speed: 0.2748s/iter; left time: 166623.7810s
	iters: 1600, epoch: 10 | loss: 0.1126940
	speed: 0.2745s/iter; left time: 166446.4835s
	iters: 1700, epoch: 10 | loss: 0.1285449
	speed: 0.2747s/iter; left time: 166550.8729s
	iters: 1800, epoch: 10 | loss: 0.1069600
	speed: 0.2746s/iter; left time: 166432.0710s
	iters: 1900, epoch: 10 | loss: 0.1090376
	speed: 0.2742s/iter; left time: 166173.2435s
	iters: 2000, epoch: 10 | loss: 0.1159901
	speed: 0.2743s/iter; left time: 166238.4549s
	iters: 2100, epoch: 10 | loss: 0.1053128
	speed: 0.2744s/iter; left time: 166224.4412s
	iters: 2200, epoch: 10 | loss: 0.1027683
	speed: 0.2747s/iter; left time: 166388.5199s
	iters: 2300, epoch: 10 | loss: 0.0941925
	speed: 0.2750s/iter; left time: 166537.0586s
	iters: 2400, epoch: 10 | loss: 0.1101849
	speed: 0.2744s/iter; left time: 166188.2730s
	iters: 2500, epoch: 10 | loss: 0.1080648
	speed: 0.2744s/iter; left time: 166123.5574s
	iters: 2600, epoch: 10 | loss: 0.1000580
	speed: 0.2747s/iter; left time: 166292.9248s
	iters: 2700, epoch: 10 | loss: 0.0857654
	speed: 0.2746s/iter; left time: 166214.9683s
	iters: 2800, epoch: 10 | loss: 0.1025667
	speed: 0.2751s/iter; left time: 166459.0209s
	iters: 2900, epoch: 10 | loss: 0.1127368
	speed: 0.2744s/iter; left time: 166042.3067s
	iters: 3000, epoch: 10 | loss: 0.0952629
	speed: 0.2748s/iter; left time: 166247.2325s
	iters: 3100, epoch: 10 | loss: 0.0960731
	speed: 0.2742s/iter; left time: 165859.3068s
Epoch: 10 cost time: 874.4329073429108
Epoch: 10, Steps: 3183 | Train Loss: 0.1158197 Vali Loss: 0.2809679 Test Loss: 0.3301908
EarlyStopping counter: 2 out of 5
	iters: 100, epoch: 11 | loss: 0.1022658
	speed: 4.5601s/iter; left time: 2757333.4124s
	iters: 200, epoch: 11 | loss: 0.0909149
	speed: 0.2811s/iter; left time: 169961.4491s
	iters: 300, epoch: 11 | loss: 0.0856744
	speed: 0.2807s/iter; left time: 169681.4211s
	iters: 400, epoch: 11 | loss: 0.1180914
	speed: 0.2808s/iter; left time: 169714.5190s
	iters: 500, epoch: 11 | loss: 0.1323892
	speed: 0.2806s/iter; left time: 169559.8657s
	iters: 600, epoch: 11 | loss: 0.1361644
	speed: 0.2805s/iter; left time: 169467.8189s
	iters: 700, epoch: 11 | loss: 0.1151165
	speed: 0.2810s/iter; left time: 169724.5305s
	iters: 800, epoch: 11 | loss: 0.1107776
	speed: 0.2809s/iter; left time: 169681.1829s
	iters: 900, epoch: 11 | loss: 0.1098313
	speed: 0.2806s/iter; left time: 169474.0699s
	iters: 1000, epoch: 11 | loss: 0.1201822
	speed: 0.2831s/iter; left time: 170905.2733s
	iters: 1100, epoch: 11 | loss: 0.1164366
	speed: 0.2742s/iter; left time: 165504.4988s
	iters: 1200, epoch: 11 | loss: 0.1040928
	speed: 0.2743s/iter; left time: 165578.8979s
	iters: 1300, epoch: 11 | loss: 0.0921846
	speed: 0.2746s/iter; left time: 165725.7305s
	iters: 1400, epoch: 11 | loss: 0.1011628
	speed: 0.2745s/iter; left time: 165649.9893s
	iters: 1500, epoch: 11 | loss: 0.1043615
	speed: 0.2743s/iter; left time: 165463.8637s
	iters: 1600, epoch: 11 | loss: 0.1113779
	speed: 0.2749s/iter; left time: 165836.6916s
	iters: 1700, epoch: 11 | loss: 0.1141279
	speed: 0.2748s/iter; left time: 165748.5755s
	iters: 1800, epoch: 11 | loss: 0.1141612
	speed: 0.2742s/iter; left time: 165345.0367s
	iters: 1900, epoch: 11 | loss: 0.0974499
	speed: 0.2743s/iter; left time: 165346.3391s
	iters: 2000, epoch: 11 | loss: 0.1046508
	speed: 0.2745s/iter; left time: 165463.9480s
	iters: 2100, epoch: 11 | loss: 0.0940734
	speed: 0.2743s/iter; left time: 165315.0424s
	iters: 2200, epoch: 11 | loss: 0.0918759
	speed: 0.2749s/iter; left time: 165626.4768s
	iters: 2300, epoch: 11 | loss: 0.1045820
	speed: 0.2745s/iter; left time: 165379.4676s
	iters: 2400, epoch: 11 | loss: 0.0865512
	speed: 0.2746s/iter; left time: 165429.8001s
	iters: 2500, epoch: 11 | loss: 0.1044301
	speed: 0.2744s/iter; left time: 165273.9853s
	iters: 2600, epoch: 11 | loss: 0.0934372
	speed: 0.2749s/iter; left time: 165565.9739s
	iters: 2700, epoch: 11 | loss: 0.1090819
	speed: 0.2748s/iter; left time: 165463.0333s
	iters: 2800, epoch: 11 | loss: 0.0951497
	speed: 0.2749s/iter; left time: 165487.1684s
	iters: 2900, epoch: 11 | loss: 0.1026870
	speed: 0.2744s/iter; left time: 165168.8947s
	iters: 3000, epoch: 11 | loss: 0.1014754
	speed: 0.2745s/iter; left time: 165208.9750s
	iters: 3100, epoch: 11 | loss: 0.1041062
	speed: 0.2748s/iter; left time: 165329.3345s
Epoch: 11 cost time: 880.8583722114563
Epoch: 11, Steps: 3183 | Train Loss: 0.1034734 Vali Loss: 0.2776088 Test Loss: 0.3331825
EarlyStopping counter: 3 out of 5
	iters: 100, epoch: 12 | loss: 0.0903493
	speed: 4.5412s/iter; left time: 2731472.7876s
	iters: 200, epoch: 12 | loss: 0.0861762
	speed: 0.2749s/iter; left time: 165340.1135s
	iters: 300, epoch: 12 | loss: 0.0939403
	speed: 0.2751s/iter; left time: 165443.6842s
	iters: 400, epoch: 12 | loss: 0.0951338
	speed: 0.2745s/iter; left time: 164998.1432s
	iters: 500, epoch: 12 | loss: 0.0783759
	speed: 0.2757s/iter; left time: 165729.6476s
	iters: 600, epoch: 12 | loss: 0.0919494
	speed: 0.2749s/iter; left time: 165215.4055s
	iters: 700, epoch: 12 | loss: 0.0890775
	speed: 0.2748s/iter; left time: 165139.9405s
	iters: 800, epoch: 12 | loss: 0.0947197
	speed: 0.2747s/iter; left time: 165038.9046s
	iters: 900, epoch: 12 | loss: 0.0902246
	speed: 0.2750s/iter; left time: 165179.8380s
	iters: 1000, epoch: 12 | loss: 0.0777291
	speed: 0.2746s/iter; left time: 164946.4748s
	iters: 1100, epoch: 12 | loss: 0.0918035
	speed: 0.2747s/iter; left time: 164945.1287s
	iters: 1200, epoch: 12 | loss: 0.0998654
	speed: 0.2745s/iter; left time: 164799.1373s
	iters: 1300, epoch: 12 | loss: 0.0924312
	speed: 0.2749s/iter; left time: 165011.6059s
	iters: 1400, epoch: 12 | loss: 0.0948429
	speed: 0.2750s/iter; left time: 165078.0611s
	iters: 1500, epoch: 12 | loss: 0.1168557
	speed: 0.2748s/iter; left time: 164910.2459s
	iters: 1600, epoch: 12 | loss: 0.0928954
	speed: 0.2745s/iter; left time: 164684.4313s
	iters: 1700, epoch: 12 | loss: 0.0898439
	speed: 0.2743s/iter; left time: 164573.7789s
	iters: 1800, epoch: 12 | loss: 0.0957437
	speed: 0.2749s/iter; left time: 164855.6894s
	iters: 1900, epoch: 12 | loss: 0.0986010
	speed: 0.2745s/iter; left time: 164585.1519s
	iters: 2000, epoch: 12 | loss: 0.0858614
	speed: 0.2744s/iter; left time: 164505.1129s
	iters: 2100, epoch: 12 | loss: 0.0989057
	speed: 0.2741s/iter; left time: 164304.0120s
	iters: 2200, epoch: 12 | loss: 0.0885038
	speed: 0.2746s/iter; left time: 164584.3725s
	iters: 2300, epoch: 12 | loss: 0.0937594
	speed: 0.2749s/iter; left time: 164742.8853s
	iters: 2400, epoch: 12 | loss: 0.0957550
	speed: 0.2748s/iter; left time: 164679.2840s
	iters: 2500, epoch: 12 | loss: 0.0918096
	speed: 0.2748s/iter; left time: 164628.2013s
	iters: 2600, epoch: 12 | loss: 0.0840260
	speed: 0.2748s/iter; left time: 164623.1155s
	iters: 2700, epoch: 12 | loss: 0.0837124
	speed: 0.2748s/iter; left time: 164565.3599s
	iters: 2800, epoch: 12 | loss: 0.0843617
	speed: 0.2743s/iter; left time: 164230.5630s
	iters: 2900, epoch: 12 | loss: 0.0827485
	speed: 0.2745s/iter; left time: 164360.4677s
	iters: 3000, epoch: 12 | loss: 0.0936733
	speed: 0.2749s/iter; left time: 164540.2157s
	iters: 3100, epoch: 12 | loss: 0.0816045
	speed: 0.2746s/iter; left time: 164329.7654s
Epoch: 12 cost time: 874.989949464798
Epoch: 12, Steps: 3183 | Train Loss: 0.0941100 Vali Loss: 0.3254956 Test Loss: 0.4504641
EarlyStopping counter: 4 out of 5
	iters: 100, epoch: 13 | loss: 0.0930746
	speed: 4.5369s/iter; left time: 2714428.7917s
	iters: 200, epoch: 13 | loss: 0.0851923
	speed: 0.2735s/iter; left time: 163610.7756s
	iters: 300, epoch: 13 | loss: 0.1980623
	speed: 0.2741s/iter; left time: 163924.5528s
	iters: 400, epoch: 13 | loss: 0.1680367
	speed: 0.2739s/iter; left time: 163792.1315s
	iters: 500, epoch: 13 | loss: 0.1552854
	speed: 0.2739s/iter; left time: 163765.5116s
	iters: 600, epoch: 13 | loss: 0.1335466
	speed: 0.2741s/iter; left time: 163872.0608s
	iters: 700, epoch: 13 | loss: 0.1195856
	speed: 0.2756s/iter; left time: 164712.6388s
	iters: 800, epoch: 13 | loss: 0.1225309
	speed: 0.2805s/iter; left time: 167604.9181s
	iters: 900, epoch: 13 | loss: 0.1372728
	speed: 0.2747s/iter; left time: 164151.0061s
	iters: 1000, epoch: 13 | loss: 0.1038471
	speed: 0.2742s/iter; left time: 163827.6457s
	iters: 1100, epoch: 13 | loss: 0.1001278
	speed: 0.2738s/iter; left time: 163538.5153s
	iters: 1200, epoch: 13 | loss: 0.0974819
	speed: 0.2749s/iter; left time: 164148.0571s
	iters: 1300, epoch: 13 | loss: 0.0956966
	speed: 0.2746s/iter; left time: 163968.7118s
	iters: 1400, epoch: 13 | loss: 0.1101060
	speed: 0.2741s/iter; left time: 163632.5933s
	iters: 1500, epoch: 13 | loss: 0.0887732
	speed: 0.2747s/iter; left time: 163943.1527s
	iters: 1600, epoch: 13 | loss: 0.0926475
	speed: 0.2739s/iter; left time: 163480.9162s
	iters: 1700, epoch: 13 | loss: 0.0868640
	speed: 0.2750s/iter; left time: 164112.6811s
	iters: 1800, epoch: 13 | loss: 0.0984457
	speed: 0.2746s/iter; left time: 163812.1777s
	iters: 1900, epoch: 13 | loss: 0.1021516
	speed: 0.2745s/iter; left time: 163739.1636s
	iters: 2000, epoch: 13 | loss: 0.0835475
	speed: 0.2742s/iter; left time: 163529.6629s
	iters: 2100, epoch: 13 | loss: 0.0928127
	speed: 0.2749s/iter; left time: 163916.6612s
	iters: 2200, epoch: 13 | loss: 0.0769583
	speed: 0.2739s/iter; left time: 163277.5722s
	iters: 2300, epoch: 13 | loss: 0.0949875
	speed: 0.2747s/iter; left time: 163743.7874s
	iters: 2400, epoch: 13 | loss: 0.1026046
	speed: 0.2747s/iter; left time: 163733.6943s
	iters: 2500, epoch: 13 | loss: 0.0809346
	speed: 0.2751s/iter; left time: 163957.9847s
	iters: 2600, epoch: 13 | loss: 0.0915484
	speed: 0.2752s/iter; left time: 163958.9476s
	iters: 2700, epoch: 13 | loss: 0.0816565
	speed: 0.2748s/iter; left time: 163718.8709s
	iters: 2800, epoch: 13 | loss: 0.0893488
	speed: 0.2747s/iter; left time: 163584.2376s
	iters: 2900, epoch: 13 | loss: 0.0836616
	speed: 0.2749s/iter; left time: 163698.9506s
	iters: 3000, epoch: 13 | loss: 0.0995699
	speed: 0.2744s/iter; left time: 163389.1615s
	iters: 3100, epoch: 13 | loss: 0.0834228
	speed: 0.2746s/iter; left time: 163457.1618s
Epoch: 13 cost time: 874.7203559875488
Epoch: 13, Steps: 3183 | Train Loss: 0.1068388 Vali Loss: 0.2727039 Test Loss: 0.3221547
Validation loss decreased (0.276968 --> 0.272704).  Saving model ...
Traceback (most recent call last):
  File "/jobfs/116408791.gadi-pbs/timesnet/lib/python3.8/site-packages/torch/serialization.py", line 373, in save
    return
  File "/jobfs/116408791.gadi-pbs/timesnet/lib/python3.8/site-packages/torch/serialization.py", line 260, in __exit__
    self.buffer.flush()
OSError: [Errno 122] Disk quota exceeded

During handling of the above exception, another exception occurred:

Traceback (most recent call last):
  File "run.py", line 158, in <module>
    exp.train(setting)
  File "/g/data/hn98/du/exlts/hourdayweek/exp/exp_long_term_forecasting.py", line 214, in train
    early_stopping(vali_loss, self.model, path)
  File "/g/data/hn98/du/exlts/hourdayweek/utils/tools.py", line 51, in __call__
    self.save_checkpoint(val_loss, model, path)
  File "/g/data/hn98/du/exlts/hourdayweek/utils/tools.py", line 57, in save_checkpoint
    torch.save(model.state_dict(), path + '/' + 'checkpoint.pth')
  File "/jobfs/116408791.gadi-pbs/timesnet/lib/python3.8/site-packages/torch/serialization.py", line 374, in save
    _legacy_save(obj, opened_file, pickle_module, pickle_protocol)
  File "/jobfs/116408791.gadi-pbs/timesnet/lib/python3.8/site-packages/torch/serialization.py", line 214, in __exit__
    self.file_like.close()
OSError: [Errno 122] Disk quota exceeded
Args in experiment:
Namespace(activation='gelu', anomaly_ratio=0.25, batch_size=32, c_out=107, checkpoints='./checkpoints/', d_ff=2048, d_layers=1, d_model=128, data='custom', data_path='pems10_h.csv', dec_in=107, des='Exp', devices='0,1,2,3', distil=True, dropout=0, e_layers=2, embed='timeF', enc_in=107, factor=3, features='M', freq='h', gap_day=365, gpu=0, inverse=False, is_training=1, itr=1, label_len=48, learning_rate=0.0005, loss='MSE', lradj='type3', mask_rate=0.25, model='Autoformer', model_id='pems10_h_96_720', moving_avg=25, n_heads=8, num_kernels=6, num_workers=10, output_attention=False, p_hidden_dims=[128, 128], p_hidden_layers=2, patience=5, pred_len=720, root_path='../../data/pems/', samle_rate=1.0, sample_seed=7, seasonal_patterns='Monthly', seq_len=96, target='OT', task_name='long_term_forecast', top_k=5, train_epochs=200, train_seed=2024, use_amp=False, use_gpu=True, use_multi_gpu=False)
Use GPU: cuda:0
>>>>>>>start training : long_term_forecast_pems10_h_96_720_Autoformer_custom_ftM_sl96_ll48_pl720_dm128_nh8_el2_dl1_df2048_fc3_ebtimeF_dtTrue_srate1.0_sseed7_trainseed2024_Exp_0>>>>>>>>>>>>>>>>>>>>>>>>>>
train 101866
val 13951
test 28618
	iters: 100, epoch: 1 | loss: 0.2905065
	speed: 0.2818s/iter; left time: 179379.0695s
	iters: 200, epoch: 1 | loss: 0.2060744
	speed: 0.2773s/iter; left time: 176460.4191s
	iters: 300, epoch: 1 | loss: 0.1914557
	speed: 0.2772s/iter; left time: 176369.9457s
	iters: 400, epoch: 1 | loss: 0.1473227
	speed: 0.2773s/iter; left time: 176428.0251s
	iters: 500, epoch: 1 | loss: 0.1718615
	speed: 0.2772s/iter; left time: 176345.6405s
	iters: 600, epoch: 1 | loss: 0.1651006
	speed: 0.2775s/iter; left time: 176521.6567s
	iters: 700, epoch: 1 | loss: 0.1356686
	speed: 0.2770s/iter; left time: 176162.0216s
	iters: 800, epoch: 1 | loss: 0.1240068
	speed: 0.2777s/iter; left time: 176579.9688s
	iters: 900, epoch: 1 | loss: 0.1564501
	speed: 0.2766s/iter; left time: 175849.1880s
	iters: 1000, epoch: 1 | loss: 0.1662007
	speed: 0.2772s/iter; left time: 176193.3648s
	iters: 1100, epoch: 1 | loss: 0.1541415
	speed: 0.2772s/iter; left time: 176148.4789s
	iters: 1200, epoch: 1 | loss: 0.1689490
	speed: 0.2770s/iter; left time: 176011.1977s
	iters: 1300, epoch: 1 | loss: 0.1564440
	speed: 0.2769s/iter; left time: 175919.1580s
	iters: 1400, epoch: 1 | loss: 0.1273795
	speed: 0.2776s/iter; left time: 176301.4391s
	iters: 1500, epoch: 1 | loss: 0.1167888
	speed: 0.2774s/iter; left time: 176169.3178s
	iters: 1600, epoch: 1 | loss: 0.1619704
	speed: 0.2771s/iter; left time: 175963.9975s
	iters: 1700, epoch: 1 | loss: 0.1318687
	speed: 0.2770s/iter; left time: 175841.5034s
	iters: 1800, epoch: 1 | loss: 0.1248636
	speed: 0.2766s/iter; left time: 175613.8703s
	iters: 1900, epoch: 1 | loss: 0.1155893
	speed: 0.2772s/iter; left time: 175925.1350s
	iters: 2000, epoch: 1 | loss: 0.1459302
	speed: 0.2768s/iter; left time: 175652.4448s
	iters: 2100, epoch: 1 | loss: 0.1320809
	speed: 0.2766s/iter; left time: 175497.1227s
	iters: 2200, epoch: 1 | loss: 0.1291766
	speed: 0.2768s/iter; left time: 175614.9388s
	iters: 2300, epoch: 1 | loss: 0.1148608
	speed: 0.2762s/iter; left time: 175164.7362s
	iters: 2400, epoch: 1 | loss: 0.1116077
	speed: 0.2766s/iter; left time: 175427.8704s
	iters: 2500, epoch: 1 | loss: 0.1232620
	speed: 0.2764s/iter; left time: 175294.3111s
	iters: 2600, epoch: 1 | loss: 0.1239348
	speed: 0.2766s/iter; left time: 175359.9716s
	iters: 2700, epoch: 1 | loss: 0.1279594
	speed: 0.2763s/iter; left time: 175129.5815s
	iters: 2800, epoch: 1 | loss: 0.1272056
	speed: 0.2768s/iter; left time: 175463.9819s
	iters: 2900, epoch: 1 | loss: 0.1238593
	speed: 0.2767s/iter; left time: 175320.8768s
	iters: 3000, epoch: 1 | loss: 0.1214913
	speed: 0.2769s/iter; left time: 175438.1790s
	iters: 3100, epoch: 1 | loss: 0.1204230
	speed: 0.2770s/iter; left time: 175491.8256s
Epoch: 1 cost time: 882.2639474868774
Epoch: 1, Steps: 3183 | Train Loss: 0.1462010 Vali Loss: 0.3123258 Test Loss: 0.3274765
Validation loss decreased (inf --> 0.312326).  Saving model ...
	iters: 100, epoch: 2 | loss: 0.0921603
	speed: 4.5679s/iter; left time: 2892956.6765s
	iters: 200, epoch: 2 | loss: 0.1127746
	speed: 0.2762s/iter; left time: 174892.1236s
	iters: 300, epoch: 2 | loss: 0.1069659
	speed: 0.2778s/iter; left time: 175893.7911s
	iters: 400, epoch: 2 | loss: 0.1090073
	speed: 0.2771s/iter; left time: 175383.1783s
	iters: 500, epoch: 2 | loss: 0.1090930
	speed: 0.2779s/iter; left time: 175918.2624s
	iters: 600, epoch: 2 | loss: 0.1265409
	speed: 0.2784s/iter; left time: 176173.8028s
	iters: 700, epoch: 2 | loss: 0.1117394
	speed: 0.2778s/iter; left time: 175770.0438s
	iters: 800, epoch: 2 | loss: 0.1002871
	speed: 0.2780s/iter; left time: 175842.6049s
	iters: 900, epoch: 2 | loss: 0.0980503
	speed: 0.2779s/iter; left time: 175770.4122s
	iters: 1000, epoch: 2 | loss: 0.1166081
	speed: 0.2779s/iter; left time: 175723.3052s
	iters: 1100, epoch: 2 | loss: 0.0979479
	speed: 0.2785s/iter; left time: 176130.3262s
	iters: 1200, epoch: 2 | loss: 0.0939135
	speed: 0.2793s/iter; left time: 176604.4726s
	iters: 1300, epoch: 2 | loss: 0.1023354
	speed: 0.2771s/iter; left time: 175143.3141s
	iters: 1400, epoch: 2 | loss: 0.0943980
	speed: 0.2772s/iter; left time: 175220.3733s
	iters: 1500, epoch: 2 | loss: 0.0947061
	speed: 0.2786s/iter; left time: 176056.4521s
	iters: 1600, epoch: 2 | loss: 0.0991266
	speed: 0.2782s/iter; left time: 175792.9453s
	iters: 1700, epoch: 2 | loss: 0.1108054
	speed: 0.2789s/iter; left time: 176199.1623s
	iters: 1800, epoch: 2 | loss: 0.1018776
	speed: 0.2778s/iter; left time: 175436.0579s
	iters: 1900, epoch: 2 | loss: 0.1085286
	speed: 0.2783s/iter; left time: 175724.1915s
	iters: 2000, epoch: 2 | loss: 0.0979518
	speed: 0.2780s/iter; left time: 175508.5544s
	iters: 2100, epoch: 2 | loss: 0.0945780
	speed: 0.2782s/iter; left time: 175607.4976s
	iters: 2200, epoch: 2 | loss: 0.0877852
	speed: 0.2783s/iter; left time: 175671.5717s
	iters: 2300, epoch: 2 | loss: 0.1067082
	speed: 0.2790s/iter; left time: 176073.0930s
	iters: 2400, epoch: 2 | loss: 0.0955066
	speed: 0.2777s/iter; left time: 175233.6022s
	iters: 2500, epoch: 2 | loss: 0.0984364
	speed: 0.2791s/iter; left time: 176062.1939s
	iters: 2600, epoch: 2 | loss: 0.0939971
	speed: 0.2788s/iter; left time: 175857.5802s
	iters: 2700, epoch: 2 | loss: 0.0929814
	speed: 0.2785s/iter; left time: 175686.0163s
	iters: 2800, epoch: 2 | loss: 0.1027419
	speed: 0.2787s/iter; left time: 175751.2016s
	iters: 2900, epoch: 2 | loss: 0.0981282
	speed: 0.2782s/iter; left time: 175406.9142s
	iters: 3000, epoch: 2 | loss: 0.0925816
	speed: 0.2786s/iter; left time: 175641.9618s
	iters: 3100, epoch: 2 | loss: 0.0985935
	speed: 0.2802s/iter; left time: 176632.7944s
Epoch: 2 cost time: 885.9543759822845
Epoch: 2, Steps: 3183 | Train Loss: 0.1025293 Vali Loss: 0.4061619 Test Loss: 0.5249472
EarlyStopping counter: 1 out of 5
	iters: 100, epoch: 3 | loss: 0.1036609
	speed: 4.5883s/iter; left time: 2891241.5648s
	iters: 200, epoch: 3 | loss: 0.0793795
	speed: 0.2773s/iter; left time: 174739.4270s
	iters: 300, epoch: 3 | loss: 0.0903145
	speed: 0.2774s/iter; left time: 174753.0299s
	iters: 400, epoch: 3 | loss: 0.0843091
	speed: 0.2764s/iter; left time: 174073.3769s
	iters: 500, epoch: 3 | loss: 0.0825291
	speed: 0.2762s/iter; left time: 173935.3527s
	iters: 600, epoch: 3 | loss: 0.1002927
	speed: 0.2766s/iter; left time: 174161.6276s
	iters: 700, epoch: 3 | loss: 0.0819175
	speed: 0.2766s/iter; left time: 174114.6995s
	iters: 800, epoch: 3 | loss: 0.0878241
	speed: 0.2775s/iter; left time: 174692.0074s
	iters: 900, epoch: 3 | loss: 0.0938656
	speed: 0.2761s/iter; left time: 173775.4912s
	iters: 1000, epoch: 3 | loss: 0.1038977
	speed: 0.2775s/iter; left time: 174616.8471s
	iters: 1100, epoch: 3 | loss: 0.0838599
	speed: 0.2775s/iter; left time: 174587.2965s
	iters: 1200, epoch: 3 | loss: 0.1153822
	speed: 0.2772s/iter; left time: 174383.3961s
	iters: 1300, epoch: 3 | loss: 0.0851747
	speed: 0.2771s/iter; left time: 174264.9331s
	iters: 1400, epoch: 3 | loss: 0.3281477
	speed: 0.2780s/iter; left time: 174844.1823s
	iters: 1500, epoch: 3 | loss: 0.2380676
	speed: 0.2778s/iter; left time: 174667.8744s
	iters: 1600, epoch: 3 | loss: 0.2212740
	speed: 0.2769s/iter; left time: 174085.2157s
	iters: 1700, epoch: 3 | loss: 0.2038587
	speed: 0.2776s/iter; left time: 174481.2500s
	iters: 1800, epoch: 3 | loss: 0.2233651
	speed: 0.2771s/iter; left time: 174129.1952s
	iters: 1900, epoch: 3 | loss: 0.2130482
	speed: 0.2777s/iter; left time: 174458.0284s
	iters: 2000, epoch: 3 | loss: 0.1884014
	speed: 0.2774s/iter; left time: 174296.6164s
	iters: 2100, epoch: 3 | loss: 0.2279047
	speed: 0.2774s/iter; left time: 174221.0950s
	iters: 2200, epoch: 3 | loss: 0.1934487
	speed: 0.2772s/iter; left time: 174092.7052s
	iters: 2300, epoch: 3 | loss: 0.1957174
	speed: 0.2774s/iter; left time: 174185.7272s
	iters: 2400, epoch: 3 | loss: 0.2138258
	speed: 0.2778s/iter; left time: 174406.8388s
	iters: 2500, epoch: 3 | loss: 0.1879333
	speed: 0.2770s/iter; left time: 173899.5387s
	iters: 2600, epoch: 3 | loss: 0.1967462
	speed: 0.2764s/iter; left time: 173469.1313s
	iters: 2700, epoch: 3 | loss: 0.2252989
	speed: 0.2761s/iter; left time: 173276.9510s
	iters: 2800, epoch: 3 | loss: 0.2114136
	speed: 0.2763s/iter; left time: 173352.3254s
	iters: 2900, epoch: 3 | loss: 0.2286289
	speed: 0.2766s/iter; left time: 173531.2311s
	iters: 3000, epoch: 3 | loss: 0.2092423
	speed: 0.2767s/iter; left time: 173546.1837s
	iters: 3100, epoch: 3 | loss: 0.1966334
	speed: 0.2771s/iter; left time: 173783.7110s
Epoch: 3 cost time: 882.4919452667236
Epoch: 3, Steps: 3183 | Train Loss: 0.1776997 Vali Loss: 0.3500073 Test Loss: 0.3795925
EarlyStopping counter: 2 out of 5
	iters: 100, epoch: 4 | loss: 0.1943624
	speed: 4.5866s/iter; left time: 2875591.0154s
	iters: 200, epoch: 4 | loss: 0.2180635
	speed: 0.2781s/iter; left time: 174346.5498s
	iters: 300, epoch: 4 | loss: 0.1951407
	speed: 0.2782s/iter; left time: 174336.8581s
	iters: 400, epoch: 4 | loss: 0.1846075
	speed: 0.2776s/iter; left time: 173977.5039s
	iters: 500, epoch: 4 | loss: 0.2028433
	speed: 0.2773s/iter; left time: 173724.3270s
	iters: 600, epoch: 4 | loss: 0.2239919
	speed: 0.2778s/iter; left time: 174023.0438s
	iters: 700, epoch: 4 | loss: 0.1894280
	speed: 0.2781s/iter; left time: 174209.4066s
	iters: 800, epoch: 4 | loss: 0.1690716
	speed: 0.2775s/iter; left time: 173765.8885s
	iters: 900, epoch: 4 | loss: 0.2072033
	speed: 0.2768s/iter; left time: 173322.6465s
	iters: 1000, epoch: 4 | loss: 0.2126780
	speed: 0.2779s/iter; left time: 173953.9640s
	iters: 1100, epoch: 4 | loss: 0.1718455
	speed: 0.2780s/iter; left time: 174016.7421s
	iters: 1200, epoch: 4 | loss: 0.1779340
	speed: 0.2777s/iter; left time: 173776.4614s
	iters: 1300, epoch: 4 | loss: 0.1803614
	speed: 0.2767s/iter; left time: 173174.6308s
	iters: 1400, epoch: 4 | loss: 0.1706090
	speed: 0.2780s/iter; left time: 173930.4979s
	iters: 1500, epoch: 4 | loss: 0.1602562
	speed: 0.2773s/iter; left time: 173495.9830s
	iters: 1600, epoch: 4 | loss: 0.1674758
	speed: 0.2772s/iter; left time: 173383.0667s
	iters: 1700, epoch: 4 | loss: 0.1800735
	speed: 0.2768s/iter; left time: 173124.3100s
	iters: 1800, epoch: 4 | loss: 0.1557673
	speed: 0.2783s/iter; left time: 174034.9709s
	iters: 1900, epoch: 4 | loss: 0.1610418
	speed: 0.2782s/iter; left time: 173890.6094s
	iters: 2000, epoch: 4 | loss: 0.1634034
	speed: 0.2773s/iter; left time: 173296.7841s
	iters: 2100, epoch: 4 | loss: 0.1386594
	speed: 0.2771s/iter; left time: 173177.5326s
	iters: 2200, epoch: 4 | loss: 0.1763042
	speed: 0.2765s/iter; left time: 172743.6217s
	iters: 2300, epoch: 4 | loss: 0.1719299
	speed: 0.2774s/iter; left time: 173286.0337s
	iters: 2400, epoch: 4 | loss: 0.1533084
	speed: 0.2764s/iter; left time: 172647.4959s
	iters: 2500, epoch: 4 | loss: 0.1812510
	speed: 0.2770s/iter; left time: 173018.9858s
	iters: 2600, epoch: 4 | loss: 0.1399733
	speed: 0.2764s/iter; left time: 172582.3799s
	iters: 2700, epoch: 4 | loss: 0.1475593
	speed: 0.2768s/iter; left time: 172816.0820s
	iters: 2800, epoch: 4 | loss: 0.1473865
	speed: 0.2772s/iter; left time: 173057.7076s
	iters: 2900, epoch: 4 | loss: 0.1520832
	speed: 0.2767s/iter; left time: 172718.9422s
	iters: 3000, epoch: 4 | loss: 0.1249508
	speed: 0.2769s/iter; left time: 172808.9055s
	iters: 3100, epoch: 4 | loss: 0.1545766
	speed: 0.2768s/iter; left time: 172718.6032s
Epoch: 4 cost time: 883.3434951305389
Epoch: 4, Steps: 3183 | Train Loss: 0.1754277 Vali Loss: 0.2866049 Test Loss: 0.3312131
Validation loss decreased (0.312326 --> 0.286605).  Saving model ...
	iters: 100, epoch: 5 | loss: 0.1393238
	speed: 4.5748s/iter; left time: 2853645.8866s
	iters: 200, epoch: 5 | loss: 0.1419475
	speed: 0.2804s/iter; left time: 174901.9494s
	iters: 300, epoch: 5 | loss: 0.1247570
	speed: 0.2752s/iter; left time: 171609.1026s
	iters: 400, epoch: 5 | loss: 0.1414122
	speed: 0.2745s/iter; left time: 171157.2853s
	iters: 500, epoch: 5 | loss: 0.1572821
	speed: 0.2774s/iter; left time: 172915.9321s
	iters: 600, epoch: 5 | loss: 0.1258625
	speed: 0.2756s/iter; left time: 171782.8966s
	iters: 700, epoch: 5 | loss: 0.1389332
	speed: 0.2759s/iter; left time: 171959.0522s
	iters: 800, epoch: 5 | loss: 0.1478151
	speed: 0.2747s/iter; left time: 171149.9210s
	iters: 900, epoch: 5 | loss: 0.1321108
	speed: 0.2756s/iter; left time: 171684.9596s
	iters: 1000, epoch: 5 | loss: 0.1317775
	speed: 0.2781s/iter; left time: 173247.2897s
	iters: 1100, epoch: 5 | loss: 0.1081058
	speed: 0.2816s/iter; left time: 175355.9943s
	iters: 1200, epoch: 5 | loss: 0.1394865
	speed: 0.2827s/iter; left time: 176057.3474s
	iters: 1300, epoch: 5 | loss: 0.1613026
	speed: 0.2827s/iter; left time: 175970.1260s
	iters: 1400, epoch: 5 | loss: 0.1258049
	speed: 0.2830s/iter; left time: 176155.1664s
	iters: 1500, epoch: 5 | loss: 0.1153872
	speed: 0.2826s/iter; left time: 175882.9869s
	iters: 1600, epoch: 5 | loss: 0.1201486
	speed: 0.2828s/iter; left time: 175971.1274s
	iters: 1700, epoch: 5 | loss: 0.1278613
	speed: 0.2828s/iter; left time: 175956.6660s
	iters: 1800, epoch: 5 | loss: 0.1165160
	speed: 0.2824s/iter; left time: 175691.7502s
	iters: 1900, epoch: 5 | loss: 0.1172602
	speed: 0.2820s/iter; left time: 175413.3199s
	iters: 2000, epoch: 5 | loss: 0.1264006
	speed: 0.2795s/iter; left time: 173831.9523s
	iters: 2100, epoch: 5 | loss: 0.1241457
	speed: 0.2786s/iter; left time: 173203.8162s
	iters: 2200, epoch: 5 | loss: 0.1238290
	speed: 0.2786s/iter; left time: 173213.1058s
	iters: 2300, epoch: 5 | loss: 0.1066818
	speed: 0.2783s/iter; left time: 172956.7050s
	iters: 2400, epoch: 5 | loss: 0.1165562
	speed: 0.2775s/iter; left time: 172452.6038s
	iters: 2500, epoch: 5 | loss: 0.1279981
	speed: 0.2781s/iter; left time: 172811.6384s
	iters: 2600, epoch: 5 | loss: 0.1079023
	speed: 0.2782s/iter; left time: 172842.8344s
	iters: 2700, epoch: 5 | loss: 0.0975759
	speed: 0.2779s/iter; left time: 172643.2210s
	iters: 2800, epoch: 5 | loss: 0.1208475
	speed: 0.2784s/iter; left time: 172883.2202s
	iters: 2900, epoch: 5 | loss: 0.0998188
	speed: 0.2786s/iter; left time: 172991.5015s
	iters: 3000, epoch: 5 | loss: 0.1108848
	speed: 0.2777s/iter; left time: 172430.8758s
	iters: 3100, epoch: 5 | loss: 0.1123282
	speed: 0.2785s/iter; left time: 172901.7856s
Epoch: 5 cost time: 888.1241128444672
Epoch: 5, Steps: 3183 | Train Loss: 0.1324775 Vali Loss: 0.4759806 Test Loss: 0.5095495
EarlyStopping counter: 1 out of 5
	iters: 100, epoch: 6 | loss: 0.2498390
	speed: 4.5975s/iter; left time: 2853143.1481s
	iters: 200, epoch: 6 | loss: 0.2035049
	speed: 0.2788s/iter; left time: 173002.0216s
	iters: 300, epoch: 6 | loss: 0.2417363
	speed: 0.2781s/iter; left time: 172544.2897s
	iters: 400, epoch: 6 | loss: 0.1897480
	speed: 0.2785s/iter; left time: 172769.6064s
	iters: 500, epoch: 6 | loss: 0.1865128
	speed: 0.2785s/iter; left time: 172732.3047s
	iters: 600, epoch: 6 | loss: 0.1972834
	speed: 0.2786s/iter; left time: 172766.4172s
	iters: 700, epoch: 6 | loss: 0.2162324
	speed: 0.2806s/iter; left time: 173958.9939s
	iters: 800, epoch: 6 | loss: 0.2023267
	speed: 0.2793s/iter; left time: 173115.7276s
	iters: 900, epoch: 6 | loss: 0.1898816
	speed: 0.2784s/iter; left time: 172535.1375s
	iters: 1000, epoch: 6 | loss: 0.1838851
	speed: 0.2777s/iter; left time: 172099.1964s
	iters: 1100, epoch: 6 | loss: 0.1820637
	speed: 0.2769s/iter; left time: 171576.6704s
	iters: 1200, epoch: 6 | loss: 0.2100074
	speed: 0.2778s/iter; left time: 172102.8700s
	iters: 1300, epoch: 6 | loss: 0.1906509
	speed: 0.2779s/iter; left time: 172127.9185s
	iters: 1400, epoch: 6 | loss: 0.1856628
	speed: 0.2774s/iter; left time: 171759.4306s
	iters: 1500, epoch: 6 | loss: 0.1753616
	speed: 0.2782s/iter; left time: 172235.6017s
	iters: 1600, epoch: 6 | loss: 0.1943178
	speed: 0.2776s/iter; left time: 171880.7267s
	iters: 1700, epoch: 6 | loss: 0.1775351
	speed: 0.2781s/iter; left time: 172161.3268s
	iters: 1800, epoch: 6 | loss: 0.2022167
	speed: 0.2801s/iter; left time: 173333.7170s
	iters: 1900, epoch: 6 | loss: 0.1600712
	speed: 0.2790s/iter; left time: 172670.6855s
	iters: 2000, epoch: 6 | loss: 0.2364848
	speed: 0.2777s/iter; left time: 171819.0824s
	iters: 2100, epoch: 6 | loss: 0.1677958
	speed: 0.2791s/iter; left time: 172630.5564s
	iters: 2200, epoch: 6 | loss: 0.1684186
	speed: 0.2787s/iter; left time: 172367.7063s
	iters: 2300, epoch: 6 | loss: 0.1799338
	speed: 0.2787s/iter; left time: 172328.1499s
	iters: 2400, epoch: 6 | loss: 0.1618564
	speed: 0.2775s/iter; left time: 171577.0420s
	iters: 2500, epoch: 6 | loss: 0.1758749
	speed: 0.2776s/iter; left time: 171621.3299s
	iters: 2600, epoch: 6 | loss: 0.1649858
	speed: 0.2792s/iter; left time: 172547.6103s
	iters: 2700, epoch: 6 | loss: 0.1508804
	speed: 0.2793s/iter; left time: 172581.4998s
	iters: 2800, epoch: 6 | loss: 0.1597494
	speed: 0.2790s/iter; left time: 172412.2639s
	iters: 2900, epoch: 6 | loss: 0.2330244
	speed: 0.2779s/iter; left time: 171667.7010s
	iters: 3000, epoch: 6 | loss: 0.2205135
	speed: 0.2774s/iter; left time: 171361.4005s
	iters: 3100, epoch: 6 | loss: 0.1657288
	speed: 0.2784s/iter; left time: 171964.1833s
Epoch: 6 cost time: 886.696310043335
Epoch: 6, Steps: 3183 | Train Loss: 0.1887212 Vali Loss: 0.3303066 Test Loss: 0.3733264
EarlyStopping counter: 2 out of 5
	iters: 100, epoch: 7 | loss: 0.1882327
	speed: 5.5948s/iter; left time: 3454223.5164s
	iters: 200, epoch: 7 | loss: 0.1716201
	speed: 0.2772s/iter; left time: 171092.5742s
	iters: 300, epoch: 7 | loss: 0.1698704
	speed: 0.2771s/iter; left time: 171010.9237s
	iters: 400, epoch: 7 | loss: 0.1529662
	speed: 0.2768s/iter; left time: 170827.4157s
	iters: 500, epoch: 7 | loss: 0.1796825
	speed: 0.2763s/iter; left time: 170504.7910s
	iters: 600, epoch: 7 | loss: 0.1541073
	speed: 0.2765s/iter; left time: 170554.8964s
	iters: 700, epoch: 7 | loss: 0.1589745
	speed: 0.2764s/iter; left time: 170510.2643s
	iters: 800, epoch: 7 | loss: 0.1469291
	speed: 0.2766s/iter; left time: 170563.3856s
	iters: 900, epoch: 7 | loss: 0.1986362
	speed: 0.2771s/iter; left time: 170842.8372s
	iters: 1000, epoch: 7 | loss: 0.1742578
	speed: 0.2757s/iter; left time: 169994.5806s
	iters: 1100, epoch: 7 | loss: 0.1565540
	speed: 0.2766s/iter; left time: 170473.1611s
	iters: 1200, epoch: 7 | loss: 0.2032146
	speed: 0.2763s/iter; left time: 170255.6757s
	iters: 1300, epoch: 7 | loss: 0.1712756
	speed: 0.2764s/iter; left time: 170318.5995s
	iters: 1400, epoch: 7 | loss: 0.1592701
	speed: 0.2771s/iter; left time: 170728.1420s
	iters: 1500, epoch: 7 | loss: 0.1777433
	speed: 0.2762s/iter; left time: 170161.7788s
	iters: 1600, epoch: 7 | loss: 0.1612012
	speed: 0.2774s/iter; left time: 170835.0092s
	iters: 1700, epoch: 7 | loss: 0.1735907
	speed: 0.2767s/iter; left time: 170420.1516s
	iters: 1800, epoch: 7 | loss: 0.1554457
	speed: 0.2764s/iter; left time: 170202.5009s
	iters: 1900, epoch: 7 | loss: 0.1921587
	speed: 0.2765s/iter; left time: 170211.4326s
	iters: 2000, epoch: 7 | loss: 0.1561178
	speed: 0.2763s/iter; left time: 170091.0079s
	iters: 2100, epoch: 7 | loss: 0.1576399
	speed: 0.2771s/iter; left time: 170504.7090s
	iters: 2200, epoch: 7 | loss: 0.1484974
	speed: 0.2757s/iter; left time: 169652.8954s
	iters: 2300, epoch: 7 | loss: 0.1501998
	speed: 0.2768s/iter; left time: 170315.3229s
	iters: 2400, epoch: 7 | loss: 0.1416008
	speed: 0.2752s/iter; left time: 169258.5698s
	iters: 2500, epoch: 7 | loss: 0.1422763
	speed: 0.2758s/iter; left time: 169647.9751s
	iters: 2600, epoch: 7 | loss: 0.1417295
	speed: 0.2748s/iter; left time: 168982.8345s
	iters: 2700, epoch: 7 | loss: 0.1574655
	speed: 0.2747s/iter; left time: 168863.7200s
	iters: 2800, epoch: 7 | loss: 0.1422113
	speed: 0.2753s/iter; left time: 169200.0116s
	iters: 2900, epoch: 7 | loss: 0.1359565
	speed: 0.2749s/iter; left time: 168933.9674s
	iters: 3000, epoch: 7 | loss: 0.1580360
	speed: 0.2750s/iter; left time: 168979.9593s
	iters: 3100, epoch: 7 | loss: 0.1291164
	speed: 0.2756s/iter; left time: 169358.4002s
Epoch: 7 cost time: 879.7096648216248
Epoch: 7, Steps: 3183 | Train Loss: 0.1653411 Vali Loss: 0.3294139 Test Loss: 0.3767908
EarlyStopping counter: 3 out of 5
	iters: 100, epoch: 8 | loss: 0.1625514
	speed: 5.5961s/iter; left time: 3437223.4758s
	iters: 200, epoch: 8 | loss: 0.1550010
	speed: 0.2768s/iter; left time: 170011.0262s
	iters: 300, epoch: 8 | loss: 0.1518291
	speed: 0.2769s/iter; left time: 170041.9352s
	iters: 400, epoch: 8 | loss: 0.1763805
	speed: 0.2773s/iter; left time: 170215.1259s
	iters: 500, epoch: 8 | loss: 0.1500798
	speed: 0.2769s/iter; left time: 169943.2010s
	iters: 600, epoch: 8 | loss: 0.1507764
	speed: 0.2785s/iter; left time: 170891.6584s
	iters: 700, epoch: 8 | loss: 0.1398267
	speed: 0.2770s/iter; left time: 169974.4739s
	iters: 800, epoch: 8 | loss: 0.1700336
	speed: 0.2772s/iter; left time: 170092.0316s
	iters: 900, epoch: 8 | loss: 0.1712552
	speed: 0.2776s/iter; left time: 170299.4642s
	iters: 1000, epoch: 8 | loss: 0.1322209
	speed: 0.2771s/iter; left time: 169957.2220s
	iters: 1100, epoch: 8 | loss: 0.1445623
	speed: 0.2778s/iter; left time: 170357.7031s
	iters: 1200, epoch: 8 | loss: 0.1551748
	speed: 0.2768s/iter; left time: 169740.9122s
	iters: 1300, epoch: 8 | loss: 0.1384490
	speed: 0.2779s/iter; left time: 170388.2795s
	iters: 1400, epoch: 8 | loss: 0.1521463
	speed: 0.2771s/iter; left time: 169844.4212s
	iters: 1500, epoch: 8 | loss: 0.1527378
	speed: 0.2775s/iter; left time: 170052.3427s
	iters: 1600, epoch: 8 | loss: 0.1429576
	speed: 0.2773s/iter; left time: 169895.6556s
	iters: 1700, epoch: 8 | loss: 0.1791413
	speed: 0.2772s/iter; left time: 169835.3590s
	iters: 1800, epoch: 8 | loss: 0.1416272
	speed: 0.2784s/iter; left time: 170550.9471s
	iters: 1900, epoch: 8 | loss: 0.1427917
	speed: 0.2779s/iter; left time: 170187.5725s
	iters: 2000, epoch: 8 | loss: 0.1317056
	speed: 0.2777s/iter; left time: 170032.1673s
	iters: 2100, epoch: 8 | loss: 0.1315360
	speed: 0.2781s/iter; left time: 170233.9895s
	iters: 2200, epoch: 8 | loss: 0.1517052
	speed: 0.2778s/iter; left time: 170042.9808s
	iters: 2300, epoch: 8 | loss: 0.1345844
	speed: 0.2783s/iter; left time: 170311.2932s
	iters: 2400, epoch: 8 | loss: 0.1595840
	speed: 0.2771s/iter; left time: 169550.0288s
	iters: 2500, epoch: 8 | loss: 0.1350825
	speed: 0.2778s/iter; left time: 169984.6448s
	iters: 2600, epoch: 8 | loss: 0.1298454
	speed: 0.2784s/iter; left time: 170309.6614s
	iters: 2700, epoch: 8 | loss: 0.1409621
	speed: 0.2772s/iter; left time: 169535.6834s
	iters: 2800, epoch: 8 | loss: 0.1267918
	speed: 0.2783s/iter; left time: 170211.0578s
	iters: 2900, epoch: 8 | loss: 0.1231024
	speed: 0.2779s/iter; left time: 169911.2504s
	iters: 3000, epoch: 8 | loss: 0.1346028
	speed: 0.2776s/iter; left time: 169699.5927s
	iters: 3100, epoch: 8 | loss: 0.1314708
	speed: 0.2776s/iter; left time: 169694.7822s
Epoch: 8 cost time: 884.082190990448
Epoch: 8, Steps: 3183 | Train Loss: 0.1479075 Vali Loss: 0.3076152 Test Loss: 0.3792408
EarlyStopping counter: 4 out of 5
	iters: 100, epoch: 9 | loss: 0.1332283
	speed: 4.5785s/iter; left time: 2797657.8287s
	iters: 200, epoch: 9 | loss: 0.1187684
	speed: 0.2758s/iter; left time: 168473.7072s
	iters: 300, epoch: 9 | loss: 0.1124602
	speed: 0.2751s/iter; left time: 168015.4842s
	iters: 400, epoch: 9 | loss: 0.1181452
	speed: 0.2748s/iter; left time: 167810.0432s
	iters: 500, epoch: 9 | loss: 0.1273409
	speed: 0.2750s/iter; left time: 167933.8709s
	iters: 600, epoch: 9 | loss: 0.1212524
	speed: 0.2764s/iter; left time: 168749.4012s
	iters: 700, epoch: 9 | loss: 0.1518822
	speed: 0.2760s/iter; left time: 168506.3792s
	iters: 800, epoch: 9 | loss: 0.1137332
	speed: 0.2766s/iter; left time: 168846.0958s
	iters: 900, epoch: 9 | loss: 0.1182901
	speed: 0.2764s/iter; left time: 168655.1212s
	iters: 1000, epoch: 9 | loss: 0.1286082
	speed: 0.2761s/iter; left time: 168486.1643s
	iters: 1100, epoch: 9 | loss: 0.1784984
	speed: 0.2765s/iter; left time: 168699.9391s
	iters: 1200, epoch: 9 | loss: 0.1469944
	speed: 0.2770s/iter; left time: 168974.7550s
	iters: 1300, epoch: 9 | loss: 0.1404263
	speed: 0.2760s/iter; left time: 168323.2147s
	iters: 1400, epoch: 9 | loss: 0.1164830
	speed: 0.2766s/iter; left time: 168631.3049s
	iters: 1500, epoch: 9 | loss: 0.1243693
	speed: 0.2764s/iter; left time: 168521.5642s
	iters: 1600, epoch: 9 | loss: 0.1071069
	speed: 0.2761s/iter; left time: 168269.0818s
	iters: 1700, epoch: 9 | loss: 0.1313813
	speed: 0.2770s/iter; left time: 168803.3319s
	iters: 1800, epoch: 9 | loss: 0.1061844
	speed: 0.2750s/iter; left time: 167578.0289s
	iters: 1900, epoch: 9 | loss: 0.1172246
	speed: 0.2758s/iter; left time: 168022.8231s
	iters: 2000, epoch: 9 | loss: 0.1150120
	speed: 0.2750s/iter; left time: 167496.4383s
	iters: 2100, epoch: 9 | loss: 0.1126771
	speed: 0.2757s/iter; left time: 167886.0764s
	iters: 2200, epoch: 9 | loss: 0.1264828
	speed: 0.2750s/iter; left time: 167449.2443s
	iters: 2300, epoch: 9 | loss: 0.1323332
	speed: 0.2752s/iter; left time: 167533.1501s
	iters: 2400, epoch: 9 | loss: 0.1315352
	speed: 0.2750s/iter; left time: 167392.1455s
	iters: 2500, epoch: 9 | loss: 0.1178109
	speed: 0.2761s/iter; left time: 168030.1437s
	iters: 2600, epoch: 9 | loss: 0.1103355
	speed: 0.2783s/iter; left time: 169350.2666s
	iters: 2700, epoch: 9 | loss: 0.1131045
	speed: 0.2766s/iter; left time: 168287.2963s
	iters: 2800, epoch: 9 | loss: 0.0905119
	speed: 0.2766s/iter; left time: 168240.0687s
	iters: 2900, epoch: 9 | loss: 0.1265839
	speed: 0.2763s/iter; left time: 168074.4414s
	iters: 3000, epoch: 9 | loss: 0.1046719
	speed: 0.2765s/iter; left time: 168148.0223s
	iters: 3100, epoch: 9 | loss: 0.0988310
	speed: 0.2766s/iter; left time: 168174.1004s
Epoch: 9 cost time: 879.1992092132568
Epoch: 9, Steps: 3183 | Train Loss: 0.1243290 Vali Loss: 0.2840696 Test Loss: 0.3587410
Validation loss decreased (0.286605 --> 0.284070).  Saving model ...
	iters: 100, epoch: 10 | loss: 0.0937735
	speed: 4.5634s/iter; left time: 2773901.6802s
	iters: 200, epoch: 10 | loss: 0.0940024
	speed: 0.2751s/iter; left time: 167209.2483s
	iters: 300, epoch: 10 | loss: 0.1055120
	speed: 0.2754s/iter; left time: 167358.4627s
	iters: 400, epoch: 10 | loss: 0.0910791
	speed: 0.2749s/iter; left time: 166997.9667s
	iters: 500, epoch: 10 | loss: 0.1026472
	speed: 0.2756s/iter; left time: 167386.8192s
	iters: 600, epoch: 10 | loss: 0.0966224
	speed: 0.2744s/iter; left time: 166675.4072s
	iters: 700, epoch: 10 | loss: 0.1052618
	speed: 0.2756s/iter; left time: 167357.6659s
	iters: 800, epoch: 10 | loss: 0.1179042
	speed: 0.2754s/iter; left time: 167231.2720s
	iters: 900, epoch: 10 | loss: 0.0984251
	speed: 0.2751s/iter; left time: 166975.8465s
	iters: 1000, epoch: 10 | loss: 0.0972176
	speed: 0.2748s/iter; left time: 166771.4742s
	iters: 1100, epoch: 10 | loss: 0.1128046
	speed: 0.2751s/iter; left time: 166966.8779s
	iters: 1200, epoch: 10 | loss: 0.1079977
	speed: 0.2757s/iter; left time: 167307.0966s
	iters: 1300, epoch: 10 | loss: 0.1045016
	speed: 0.2745s/iter; left time: 166542.2208s
	iters: 1400, epoch: 10 | loss: 0.0990759
	speed: 0.2754s/iter; left time: 167029.9431s
	iters: 1500, epoch: 10 | loss: 0.1475006
	speed: 0.2752s/iter; left time: 166871.7310s
	iters: 1600, epoch: 10 | loss: 0.1159607
	speed: 0.2752s/iter; left time: 166843.8045s
	iters: 1700, epoch: 10 | loss: 0.1311973
	speed: 0.2753s/iter; left time: 166919.8198s
	iters: 1800, epoch: 10 | loss: 0.1073830
	speed: 0.2744s/iter; left time: 166337.1368s
	iters: 1900, epoch: 10 | loss: 0.1117603
	speed: 0.2752s/iter; left time: 166810.8848s
	iters: 2000, epoch: 10 | loss: 0.1158325
	speed: 0.2755s/iter; left time: 166921.3563s
	iters: 2100, epoch: 10 | loss: 0.1059158
	speed: 0.2754s/iter; left time: 166824.0141s
	iters: 2200, epoch: 10 | loss: 0.1061221
	speed: 0.2753s/iter; left time: 166775.7324s
	iters: 2300, epoch: 10 | loss: 0.0977775
	speed: 0.2760s/iter; left time: 167173.8084s
	iters: 2400, epoch: 10 | loss: 0.1066253
	speed: 0.2755s/iter; left time: 166858.1990s
	iters: 2500, epoch: 10 | loss: 0.1044800
	speed: 0.2759s/iter; left time: 167068.8821s
	iters: 2600, epoch: 10 | loss: 0.1011115
	speed: 0.2757s/iter; left time: 166888.9517s
	iters: 2700, epoch: 10 | loss: 0.0888369
	speed: 0.2749s/iter; left time: 166410.5201s
	iters: 2800, epoch: 10 | loss: 0.1028385
	speed: 0.2761s/iter; left time: 167078.2142s
	iters: 2900, epoch: 10 | loss: 0.1369591
	speed: 0.2759s/iter; left time: 166935.4108s
	iters: 3000, epoch: 10 | loss: 0.1119512
	speed: 0.2752s/iter; left time: 166512.4929s
	iters: 3100, epoch: 10 | loss: 0.1085903
	speed: 0.2758s/iter; left time: 166808.5372s
Epoch: 10 cost time: 877.0418605804443
Epoch: 10, Steps: 3183 | Train Loss: 0.1086099 Vali Loss: 0.3066052 Test Loss: 0.4330587
EarlyStopping counter: 1 out of 5
	iters: 100, epoch: 11 | loss: 0.1121658
	speed: 5.5886s/iter; left time: 3379278.4003s
	iters: 200, epoch: 11 | loss: 0.1163708
	speed: 0.2813s/iter; left time: 170084.1505s
	iters: 300, epoch: 11 | loss: 0.0985704
	speed: 0.2816s/iter; left time: 170216.0754s
	iters: 400, epoch: 11 | loss: 0.1318617
	speed: 0.2818s/iter; left time: 170324.1532s
	iters: 500, epoch: 11 | loss: 0.1035139
	speed: 0.2821s/iter; left time: 170479.1799s
	iters: 600, epoch: 11 | loss: 0.1236107
	speed: 0.2823s/iter; left time: 170536.8274s
	iters: 700, epoch: 11 | loss: 0.1102802
	speed: 0.2825s/iter; left time: 170642.8679s
	iters: 800, epoch: 11 | loss: 0.1082203
	speed: 0.2824s/iter; left time: 170585.0002s
	iters: 900, epoch: 11 | loss: 0.1055962
	speed: 0.2822s/iter; left time: 170419.4065s
	iters: 1000, epoch: 11 | loss: 0.1178018
	speed: 0.2826s/iter; left time: 170613.1249s
	iters: 1100, epoch: 11 | loss: 0.1178631
	speed: 0.2823s/iter; left time: 170436.1421s
	iters: 1200, epoch: 11 | loss: 0.1001872
	speed: 0.2821s/iter; left time: 170263.6148s
	iters: 1300, epoch: 11 | loss: 0.1011580
	speed: 0.2816s/iter; left time: 169916.2048s
	iters: 1400, epoch: 11 | loss: 0.2093967
	speed: 0.2817s/iter; left time: 169981.9395s
	iters: 1500, epoch: 11 | loss: 0.1508621
	speed: 0.2819s/iter; left time: 170051.9077s
	iters: 1600, epoch: 11 | loss: 0.1383107
	speed: 0.2815s/iter; left time: 169799.5369s
	iters: 1700, epoch: 11 | loss: 0.1361540
	speed: 0.2822s/iter; left time: 170176.3616s
	iters: 1800, epoch: 11 | loss: 0.1391746
	speed: 0.2816s/iter; left time: 169777.2093s
	iters: 1900, epoch: 11 | loss: 0.1190259
	speed: 0.2818s/iter; left time: 169870.9864s
	iters: 2000, epoch: 11 | loss: 0.1259706
	speed: 0.2818s/iter; left time: 169859.6150s
	iters: 2100, epoch: 11 | loss: 0.1089568
	speed: 0.2820s/iter; left time: 169940.0174s
	iters: 2200, epoch: 11 | loss: 0.1050164
	speed: 0.2821s/iter; left time: 169999.2119s
	iters: 2300, epoch: 11 | loss: 0.1242631
	speed: 0.2817s/iter; left time: 169715.3443s
	iters: 2400, epoch: 11 | loss: 0.1000765
	speed: 0.2817s/iter; left time: 169669.3933s
	iters: 2500, epoch: 11 | loss: 0.1162827
	speed: 0.2812s/iter; left time: 169360.3693s
	iters: 2600, epoch: 11 | loss: 0.1038617
	speed: 0.2819s/iter; left time: 169779.6351s
	iters: 2700, epoch: 11 | loss: 0.1167130
	speed: 0.2818s/iter; left time: 169668.0724s
	iters: 2800, epoch: 11 | loss: 0.1040358
	speed: 0.2817s/iter; left time: 169557.0313s
	iters: 2900, epoch: 11 | loss: 0.1122703
	speed: 0.2819s/iter; left time: 169642.9661s
	iters: 3000, epoch: 11 | loss: 0.1068401
	speed: 0.2813s/iter; left time: 169280.9549s
	iters: 3100, epoch: 11 | loss: 0.1095016
	speed: 0.2813s/iter; left time: 169221.4377s
Epoch: 11 cost time: 897.6712033748627
Epoch: 11, Steps: 3183 | Train Loss: 0.1158650 Vali Loss: 0.2748455 Test Loss: 0.3399042
Validation loss decreased (0.284070 --> 0.274846).  Saving model ...
	iters: 100, epoch: 12 | loss: 0.0965968
	speed: 4.5819s/iter; left time: 2755948.2264s
	iters: 200, epoch: 12 | loss: 0.0984651
	speed: 0.2756s/iter; left time: 165769.1843s
	iters: 300, epoch: 12 | loss: 0.1026551
	speed: 0.2753s/iter; left time: 165531.6330s
	iters: 400, epoch: 12 | loss: 0.1034261
	speed: 0.2759s/iter; left time: 165839.4759s
	iters: 500, epoch: 12 | loss: 0.0855099
	speed: 0.2750s/iter; left time: 165294.2644s
	iters: 600, epoch: 12 | loss: 0.0989573
	speed: 0.2764s/iter; left time: 166101.5865s
	iters: 700, epoch: 12 | loss: 0.0958446
	speed: 0.2759s/iter; left time: 165760.2858s
	iters: 800, epoch: 12 | loss: 0.1015261
	speed: 0.2752s/iter; left time: 165352.1124s
	iters: 900, epoch: 12 | loss: 0.0951222
	speed: 0.2761s/iter; left time: 165838.2311s
	iters: 1000, epoch: 12 | loss: 0.1058156
	speed: 0.2769s/iter; left time: 166295.1711s
	iters: 1100, epoch: 12 | loss: 0.1107624
	speed: 0.2760s/iter; left time: 165741.8243s
	iters: 1200, epoch: 12 | loss: 0.1163884
	speed: 0.2754s/iter; left time: 165333.3393s
	iters: 1300, epoch: 12 | loss: 0.1040061
	speed: 0.2748s/iter; left time: 164978.3549s
	iters: 1400, epoch: 12 | loss: 0.1071728
	speed: 0.2764s/iter; left time: 165879.3628s
	iters: 1500, epoch: 12 | loss: 0.1248766
	speed: 0.2750s/iter; left time: 165002.1054s
	iters: 1600, epoch: 12 | loss: 0.1025356
	speed: 0.2745s/iter; left time: 164671.7601s
	iters: 1700, epoch: 12 | loss: 0.0953594
	speed: 0.2754s/iter; left time: 165228.4318s
	iters: 1800, epoch: 12 | loss: 0.1061664
	speed: 0.2753s/iter; left time: 165099.8201s
	iters: 1900, epoch: 12 | loss: 0.1067060
	speed: 0.2756s/iter; left time: 165246.6410s
	iters: 2000, epoch: 12 | loss: 0.0925154
	speed: 0.2755s/iter; left time: 165169.0206s
	iters: 2100, epoch: 12 | loss: 0.1055349
	speed: 0.2749s/iter; left time: 164770.0680s
	iters: 2200, epoch: 12 | loss: 0.0937413
	speed: 0.2753s/iter; left time: 165031.7959s
	iters: 2300, epoch: 12 | loss: 0.1295527
	speed: 0.2757s/iter; left time: 165246.4393s
	iters: 2400, epoch: 12 | loss: 0.1076801
	speed: 0.2745s/iter; left time: 164458.7677s
	iters: 2500, epoch: 12 | loss: 0.0978722
	speed: 0.2745s/iter; left time: 164478.0188s
	iters: 2600, epoch: 12 | loss: 0.0917740
	speed: 0.2752s/iter; left time: 164864.3599s
	iters: 2700, epoch: 12 | loss: 0.0941075
	speed: 0.2753s/iter; left time: 164877.4773s
	iters: 2800, epoch: 12 | loss: 0.0925963
	speed: 0.2757s/iter; left time: 165075.2911s
	iters: 2900, epoch: 12 | loss: 0.0929736
	speed: 0.2749s/iter; left time: 164565.2644s
	iters: 3000, epoch: 12 | loss: 0.1000482
	speed: 0.2753s/iter; left time: 164786.3825s
	iters: 3100, epoch: 12 | loss: 0.0880395
	speed: 0.2752s/iter; left time: 164701.9398s
Epoch: 12 cost time: 877.3507568836212
Epoch: 12, Steps: 3183 | Train Loss: 0.1038146 Vali Loss: 0.2677337 Test Loss: 0.3316391
Validation loss decreased (0.274846 --> 0.267734).  Saving model ...
	iters: 100, epoch: 13 | loss: 0.1005186
	speed: 4.5828s/iter; left time: 2741892.7438s
	iters: 200, epoch: 13 | loss: 0.0934980
	speed: 0.2761s/iter; left time: 165157.1446s
	iters: 300, epoch: 13 | loss: 0.0857509
	speed: 0.2755s/iter; left time: 164781.0074s
	iters: 400, epoch: 13 | loss: 0.1015666
	speed: 0.2753s/iter; left time: 164654.1901s
	iters: 500, epoch: 13 | loss: 0.1057201
	speed: 0.2757s/iter; left time: 164831.8293s
	iters: 600, epoch: 13 | loss: 0.0969642
	speed: 0.2762s/iter; left time: 165093.7280s
	iters: 700, epoch: 13 | loss: 0.0905046
	speed: 0.2756s/iter; left time: 164707.6226s
	iters: 800, epoch: 13 | loss: 0.1009412
	speed: 0.2758s/iter; left time: 164843.0704s
	iters: 900, epoch: 13 | loss: 0.1137318
	speed: 0.2758s/iter; left time: 164806.5900s
	iters: 1000, epoch: 13 | loss: 0.0901677
	speed: 0.2761s/iter; left time: 164929.4561s
	iters: 1100, epoch: 13 | loss: 0.0861665
	speed: 0.2761s/iter; left time: 164929.2735s
	iters: 1200, epoch: 13 | loss: 0.0932642
	speed: 0.2763s/iter; left time: 164990.0295s
	iters: 1300, epoch: 13 | loss: 0.0949038
	speed: 0.2762s/iter; left time: 164943.9411s
	iters: 1400, epoch: 13 | loss: 0.1002511
	speed: 0.2757s/iter; left time: 164573.1339s
	iters: 1500, epoch: 13 | loss: 0.0890040
	speed: 0.2762s/iter; left time: 164858.6765s
	iters: 1600, epoch: 13 | loss: 0.0921030
	speed: 0.2762s/iter; left time: 164820.4485s
	iters: 1700, epoch: 13 | loss: 0.0887998
	speed: 0.2757s/iter; left time: 164501.0703s
	iters: 1800, epoch: 13 | loss: 0.1002876
	speed: 0.2754s/iter; left time: 164327.0955s
	iters: 1900, epoch: 13 | loss: 0.1000912
	speed: 0.2763s/iter; left time: 164788.1712s
	iters: 2000, epoch: 13 | loss: 0.0845206
	speed: 0.2759s/iter; left time: 164549.0661s
	iters: 2100, epoch: 13 | loss: 0.0941169
	speed: 0.2761s/iter; left time: 164644.8498s
	iters: 2200, epoch: 13 | loss: 0.0788989
	speed: 0.2757s/iter; left time: 164357.9583s
	iters: 2300, epoch: 13 | loss: 0.0955866
	speed: 0.2760s/iter; left time: 164535.4013s
	iters: 2400, epoch: 13 | loss: 0.1027542
	speed: 0.2767s/iter; left time: 164915.1452s
	iters: 2500, epoch: 13 | loss: 0.0815552
	speed: 0.2771s/iter; left time: 165146.5713s
	iters: 2600, epoch: 13 | loss: 0.0897228
	speed: 0.2772s/iter; left time: 165135.7334s
	iters: 2700, epoch: 13 | loss: 0.0844042
	speed: 0.2767s/iter; left time: 164841.4676s
	iters: 2800, epoch: 13 | loss: 0.0897917
	speed: 0.2767s/iter; left time: 164799.2775s
	iters: 2900, epoch: 13 | loss: 0.0843676
	speed: 0.2765s/iter; left time: 164636.6383s
	iters: 3000, epoch: 13 | loss: 0.1121185
	speed: 0.2779s/iter; left time: 165462.5794s
	iters: 3100, epoch: 13 | loss: 0.0860786
	speed: 0.2771s/iter; left time: 164947.4511s
Epoch: 13 cost time: 879.8344435691833
Epoch: 13, Steps: 3183 | Train Loss: 0.0937391 Vali Loss: 0.2838595 Test Loss: 0.3528543
EarlyStopping counter: 1 out of 5
	iters: 100, epoch: 14 | loss: 0.0944420
	speed: 4.5919s/iter; left time: 2732759.3066s
	iters: 200, epoch: 14 | loss: 0.1024624
	speed: 0.2779s/iter; left time: 165382.0697s
	iters: 300, epoch: 14 | loss: 0.0972215
	speed: 0.2777s/iter; left time: 165181.1166s
	iters: 400, epoch: 14 | loss: 0.0917410
	speed: 0.2781s/iter; left time: 165424.1474s
	iters: 500, epoch: 14 | loss: 0.0870317
	speed: 0.2778s/iter; left time: 165242.3356s
	iters: 600, epoch: 14 | loss: 0.0871556
	speed: 0.2777s/iter; left time: 165143.1715s
	iters: 700, epoch: 14 | loss: 0.0881498
	speed: 0.2778s/iter; left time: 165184.3903s
	iters: 800, epoch: 14 | loss: 0.1012395
	speed: 0.2775s/iter; left time: 164973.9400s
	iters: 900, epoch: 14 | loss: 0.0915334
	speed: 0.2780s/iter; left time: 165202.3214s
	iters: 1000, epoch: 14 | loss: 0.0912417
	speed: 0.2781s/iter; left time: 165253.2356s
	iters: 1100, epoch: 14 | loss: 0.1555223
	speed: 0.2784s/iter; left time: 165396.2622s
	iters: 1200, epoch: 14 | loss: 0.1384518
	speed: 0.2783s/iter; left time: 165331.9307s
	iters: 1300, epoch: 14 | loss: 0.1389132
	speed: 0.2797s/iter; left time: 166114.6282s
	iters: 1400, epoch: 14 | loss: 0.1361131
	speed: 0.2777s/iter; left time: 164900.6670s
	iters: 1500, epoch: 14 | loss: 0.1177886
	speed: 0.2782s/iter; left time: 165173.4685s
	iters: 1600, epoch: 14 | loss: 0.0898430
	speed: 0.2778s/iter; left time: 164904.0078s
	iters: 1700, epoch: 14 | loss: 0.1059901
	speed: 0.2779s/iter; left time: 164919.5295s
	iters: 1800, epoch: 14 | loss: 0.0905940
	speed: 0.2783s/iter; left time: 165147.0855s
	iters: 1900, epoch: 14 | loss: 0.0935682
	speed: 0.2776s/iter; left time: 164679.7060s
	iters: 2000, epoch: 14 | loss: 0.0865863
	speed: 0.2778s/iter; left time: 164774.4489s
	iters: 2100, epoch: 14 | loss: 0.1010850
	speed: 0.2817s/iter; left time: 167110.1251s
	iters: 2200, epoch: 14 | loss: 0.0891103
	speed: 0.2842s/iter; left time: 168547.4965s
	iters: 2300, epoch: 14 | loss: 0.0888579
	speed: 0.2855s/iter; left time: 169294.6888s
	iters: 2400, epoch: 14 | loss: 0.0981225
	speed: 0.2849s/iter; left time: 168876.2886s
	iters: 2500, epoch: 14 | loss: 0.0824075
	speed: 0.2808s/iter; left time: 166435.7775s
	iters: 2600, epoch: 14 | loss: 0.0942581
	speed: 0.2777s/iter; left time: 164567.6380s
	iters: 2700, epoch: 14 | loss: 0.1219568
	speed: 0.2781s/iter; left time: 164791.5309s
	iters: 2800, epoch: 14 | loss: 0.1083600
	speed: 0.2778s/iter; left time: 164586.0561s
	iters: 2900, epoch: 14 | loss: 0.1104151
	speed: 0.2781s/iter; left time: 164729.0014s
	iters: 3000, epoch: 14 | loss: 0.0979727
	speed: 0.2781s/iter; left time: 164703.7308s
	iters: 3100, epoch: 14 | loss: 0.1086568
	speed: 0.2780s/iter; left time: 164582.8049s
Epoch: 14 cost time: 888.1352770328522
Epoch: 14, Steps: 3183 | Train Loss: 0.1035756 Vali Loss: 0.2776899 Test Loss: 0.3259510
EarlyStopping counter: 2 out of 5
	iters: 100, epoch: 15 | loss: 0.0935341
	speed: 4.5660s/iter; left time: 2702768.7970s
	iters: 200, epoch: 15 | loss: 0.0944010
	speed: 0.2758s/iter; left time: 163248.6175s
	iters: 300, epoch: 15 | loss: 0.1033954
	speed: 0.2759s/iter; left time: 163287.2339s
	iters: 400, epoch: 15 | loss: 0.0919613
	speed: 0.2756s/iter; left time: 163078.8232s
	iters: 500, epoch: 15 | loss: 0.0935244
	speed: 0.2760s/iter; left time: 163292.9618s
	iters: 600, epoch: 15 | loss: 0.0965553
	speed: 0.2752s/iter; left time: 162785.7353s
	iters: 700, epoch: 15 | loss: 0.1242549
	speed: 0.2757s/iter; left time: 163055.5092s
	iters: 800, epoch: 15 | loss: 0.1031298
	speed: 0.2755s/iter; left time: 162872.9542s
	iters: 900, epoch: 15 | loss: 0.1184388
	speed: 0.2749s/iter; left time: 162487.2338s
	iters: 1000, epoch: 15 | loss: 0.0892905
	speed: 0.2748s/iter; left time: 162441.6335s
	iters: 1100, epoch: 15 | loss: 0.1027671
	speed: 0.2756s/iter; left time: 162857.1073s
	iters: 1200, epoch: 15 | loss: 0.1071034
	speed: 0.2756s/iter; left time: 162844.4013s
	iters: 1300, epoch: 15 | loss: 0.1033627
	speed: 0.2754s/iter; left time: 162679.2219s
	iters: 1400, epoch: 15 | loss: 0.1058862
	speed: 0.2764s/iter; left time: 163223.7030s
	iters: 1500, epoch: 15 | loss: 0.0982632
	speed: 0.2789s/iter; left time: 164691.1567s
	iters: 1600, epoch: 15 | loss: 0.0961582
	speed: 0.2803s/iter; left time: 165491.8277s
	iters: 1700, epoch: 15 | loss: 0.0992908
	speed: 0.2801s/iter; left time: 165331.9634s
	iters: 1800, epoch: 15 | loss: 0.0944697
	speed: 0.2800s/iter; left time: 165271.0798s
	iters: 1900, epoch: 15 | loss: 0.0991630
	speed: 0.2790s/iter; left time: 164638.8805s
	iters: 2000, epoch: 15 | loss: 0.0937640
	speed: 0.2805s/iter; left time: 165502.4293s
	iters: 2100, epoch: 15 | loss: 0.0984405
	speed: 0.2806s/iter; left time: 165564.7224s
	iters: 2200, epoch: 15 | loss: 0.0976720
	speed: 0.2793s/iter; left time: 164717.4442s
	iters: 2300, epoch: 15 | loss: 0.1043272
	speed: 0.2794s/iter; left time: 164747.5712s
	iters: 2400, epoch: 15 | loss: 0.0800464
	speed: 0.2794s/iter; left time: 164760.6177s
	iters: 2500, epoch: 15 | loss: 0.0900098
	speed: 0.2790s/iter; left time: 164478.5353s
	iters: 2600, epoch: 15 | loss: 0.0990044
	speed: 0.2787s/iter; left time: 164286.1922s
	iters: 2700, epoch: 15 | loss: 0.1179886
	speed: 0.2790s/iter; left time: 164420.1776s
	iters: 2800, epoch: 15 | loss: 0.0984981
	speed: 0.2790s/iter; left time: 164372.9983s
	iters: 2900, epoch: 15 | loss: 0.0936840
	speed: 0.2786s/iter; left time: 164132.9210s
	iters: 3000, epoch: 15 | loss: 0.1006854
	speed: 0.2788s/iter; left time: 164227.5652s
	iters: 3100, epoch: 15 | loss: 0.0949540
	speed: 0.2801s/iter; left time: 164933.7423s
Epoch: 15 cost time: 884.581618309021
Epoch: 15, Steps: 3183 | Train Loss: 0.0998969 Vali Loss: 0.3349764 Test Loss: 0.3681154
EarlyStopping counter: 3 out of 5
	iters: 100, epoch: 16 | loss: 0.0859211
	speed: 5.6055s/iter; left time: 3300257.8582s
	iters: 200, epoch: 16 | loss: 0.0892251
	speed: 0.2749s/iter; left time: 161815.4617s
	iters: 300, epoch: 16 | loss: 0.0848546
	speed: 0.2755s/iter; left time: 162138.1353s
	iters: 400, epoch: 16 | loss: 0.0969056
	speed: 0.2754s/iter; left time: 162079.7365s
	iters: 500, epoch: 16 | loss: 0.1055043
	speed: 0.2755s/iter; left time: 162079.5834s
	iters: 600, epoch: 16 | loss: 0.0934981
	speed: 0.2749s/iter; left time: 161695.3544s
	iters: 700, epoch: 16 | loss: 0.0921042
	speed: 0.2753s/iter; left time: 161899.0950s
	iters: 800, epoch: 16 | loss: 0.0982963
	speed: 0.2750s/iter; left time: 161728.2721s
	iters: 900, epoch: 16 | loss: 0.0872854
	speed: 0.2745s/iter; left time: 161400.4518s
	iters: 1000, epoch: 16 | loss: 0.0992609
	speed: 0.2755s/iter; left time: 161943.9422s
	iters: 1100, epoch: 16 | loss: 0.0908117
	speed: 0.2747s/iter; left time: 161473.4284s
	iters: 1200, epoch: 16 | loss: 0.0925642
	speed: 0.2749s/iter; left time: 161527.6008s
	iters: 1300, epoch: 16 | loss: 0.0960996
	speed: 0.2751s/iter; left time: 161664.5463s
	iters: 1400, epoch: 16 | loss: 0.0856126
	speed: 0.2752s/iter; left time: 161674.3675s
	iters: 1500, epoch: 16 | loss: 0.0874561
	speed: 0.2750s/iter; left time: 161545.3857s
	iters: 1600, epoch: 16 | loss: 0.0850654
	speed: 0.2751s/iter; left time: 161569.3799s
	iters: 1700, epoch: 16 | loss: 0.0949484
	speed: 0.2747s/iter; left time: 161299.1644s
	iters: 1800, epoch: 16 | loss: 0.0844974
	speed: 0.2748s/iter; left time: 161337.5901s
	iters: 1900, epoch: 16 | loss: 0.1160961
	speed: 0.2745s/iter; left time: 161115.8230s
	iters: 2000, epoch: 16 | loss: 0.0881608
	speed: 0.2750s/iter; left time: 161384.8557s
	iters: 2100, epoch: 16 | loss: 0.0863771
	speed: 0.2751s/iter; left time: 161436.6601s
	iters: 2200, epoch: 16 | loss: 0.0931673
	speed: 0.2745s/iter; left time: 161034.5336s
	iters: 2300, epoch: 16 | loss: 0.0810861
	speed: 0.2750s/iter; left time: 161329.0162s
	iters: 2400, epoch: 16 | loss: 0.0965874
	speed: 0.2752s/iter; left time: 161371.8828s
	iters: 2500, epoch: 16 | loss: 0.0775635
	speed: 0.2754s/iter; left time: 161477.1564s
	iters: 2600, epoch: 16 | loss: 0.1013596
	speed: 0.2750s/iter; left time: 161218.7828s
	iters: 2700, epoch: 16 | loss: 0.0910645
	speed: 0.2757s/iter; left time: 161614.1583s
	iters: 2800, epoch: 16 | loss: 0.0837157
	speed: 0.2748s/iter; left time: 161076.5939s
	iters: 2900, epoch: 16 | loss: 0.0891085
	speed: 0.2755s/iter; left time: 161409.1064s
	iters: 3000, epoch: 16 | loss: 0.0852298
	speed: 0.2751s/iter; left time: 161167.4547s
	iters: 3100, epoch: 16 | loss: 0.0820567
	speed: 0.2751s/iter; left time: 161169.9680s
Epoch: 16 cost time: 876.1370391845703
Epoch: 16, Steps: 3183 | Train Loss: 0.0910856 Vali Loss: 0.2798492 Test Loss: 0.3407666
EarlyStopping counter: 4 out of 5
	iters: 100, epoch: 17 | loss: 0.0958995
	speed: 4.5749s/iter; left time: 2678943.7842s
	iters: 200, epoch: 17 | loss: 0.0914372
	speed: 0.2777s/iter; left time: 162611.1704s
	iters: 300, epoch: 17 | loss: 0.0730323
	speed: 0.2779s/iter; left time: 162646.5975s
	iters: 400, epoch: 17 | loss: 0.0838706
	speed: 0.2776s/iter; left time: 162458.0484s
	iters: 500, epoch: 17 | loss: 0.0883124
	speed: 0.2772s/iter; left time: 162215.1793s
	iters: 600, epoch: 17 | loss: 0.0815371
	speed: 0.2775s/iter; left time: 162372.1615s
	iters: 700, epoch: 17 | loss: 0.0738479
	speed: 0.2777s/iter; left time: 162421.4862s
	iters: 800, epoch: 17 | loss: 0.0726713
	speed: 0.2782s/iter; left time: 162687.6865s
	iters: 900, epoch: 17 | loss: 0.0918634
	speed: 0.2775s/iter; left time: 162247.6355s
	iters: 1000, epoch: 17 | loss: 0.0913927
	speed: 0.2774s/iter; left time: 162171.4720s
	iters: 1100, epoch: 17 | loss: 0.0853177
	speed: 0.2779s/iter; left time: 162426.5075s
	iters: 1200, epoch: 17 | loss: 0.0896578
	speed: 0.2787s/iter; left time: 162863.4475s
	iters: 1300, epoch: 17 | loss: 0.0810054
	speed: 0.2773s/iter; left time: 162028.6043s
	iters: 1400, epoch: 17 | loss: 0.0909470
	speed: 0.2776s/iter; left time: 162205.8053s
	iters: 1500, epoch: 17 | loss: 0.0805891
	speed: 0.2776s/iter; left time: 162165.6657s
	iters: 1600, epoch: 17 | loss: 0.0805087
	speed: 0.2779s/iter; left time: 162337.3090s
	iters: 1700, epoch: 17 | loss: 0.0770797
	speed: 0.2771s/iter; left time: 161822.0958s
	iters: 1800, epoch: 17 | loss: 0.0896453
	speed: 0.2769s/iter; left time: 161703.1035s
	iters: 1900, epoch: 17 | loss: 0.0765202
	speed: 0.2778s/iter; left time: 162146.8150s
	iters: 2000, epoch: 17 | loss: 0.0863125
	speed: 0.2773s/iter; left time: 161837.8432s
	iters: 2100, epoch: 17 | loss: 0.0823309
	speed: 0.2776s/iter; left time: 162024.6126s
	iters: 2200, epoch: 17 | loss: 0.0818226
	speed: 0.2774s/iter; left time: 161873.4515s
	iters: 2300, epoch: 17 | loss: 0.0818416
	speed: 0.2779s/iter; left time: 162118.8391s
	iters: 2400, epoch: 17 | loss: 0.0827030
	speed: 0.2774s/iter; left time: 161803.0828s
	iters: 2500, epoch: 17 | loss: 0.0753580
	speed: 0.2779s/iter; left time: 162064.8638s
	iters: 2600, epoch: 17 | loss: 0.0919142
	speed: 0.2769s/iter; left time: 161471.2752s
	iters: 2700, epoch: 17 | loss: 0.0745103
	speed: 0.2775s/iter; left time: 161763.8465s
	iters: 2800, epoch: 17 | loss: 0.0903100
	speed: 0.2773s/iter; left time: 161620.5856s
	iters: 2900, epoch: 17 | loss: 0.0907142
	speed: 0.2778s/iter; left time: 161896.8819s
	iters: 3000, epoch: 17 | loss: 0.0742699
	speed: 0.2775s/iter; left time: 161674.3328s
	iters: 3100, epoch: 17 | loss: 0.0847510
	speed: 0.2769s/iter; left time: 161337.6569s
Epoch: 17 cost time: 884.0329399108887
Epoch: 17, Steps: 3183 | Train Loss: 0.0854260 Vali Loss: 0.2822050 Test Loss: 0.3583717
EarlyStopping counter: 5 out of 5
Early stopping
>>>>>>>testing : long_term_forecast_pems10_h_96_720_Autoformer_custom_ftM_sl96_ll48_pl720_dm128_nh8_el2_dl1_df2048_fc3_ebtimeF_dtTrue_srate1.0_sseed7_trainseed2024_Exp_0<<<<<<<<<<<<<<<<<<<<<<<<<<<<<<<<<
test 28618
test shape: (28618, 1, 720, 107) (28618, 1, 720, 107)
test shape: (28618, 720, 107) (28618, 720, 107)
mse:0.33164075016975403, mae:0.39408716559410095
>>>>>>>Overall time: 23292 seconds<<<<<<<<<<<<<<<<<<<<<<<<<<<<<<<<<
