Args in experiment:
Namespace(activation='gelu', anomaly_ratio=0.25, batch_size=32, c_out=212, checkpoints='./checkpoints/', d_conv=4, d_ff=2048, d_layers=1, d_model=512, data='custom', data_path='pems08_d.csv', dec_in=212, des='Exp', devices='0,1,2,3', distil=True, dropout=0, e_layers=2, embed='timeF', enc_in=212, expand=2, factor=3, features='M', freq='h', gap_day=365, gpu=0, inverse=False, is_training=1, itr=1, label_len=48, learning_rate=0.0005, loss='MSE', lradj='type3', mask_rate=0.25, model='Autoformer', model_id='pems08_d_96_336', moving_avg=25, n_heads=8, num_kernels=6, num_workers=10, output_attention=False, p_hidden_dims=[128, 128], p_hidden_layers=2, patience=5, pred_len=336, root_path='../../data/pems/', samle_rate=1.0, sample_seed=7, seasonal_patterns='Monthly', seq_len=96, target='', task_name='long_term_forecast', top_k=5, train_epochs=200, train_seed=2024, use_amp=False, use_gpu=True, use_multi_gpu=False)
Use GPU: cuda:0
>>>>>>>start training : long_term_forecast_pems08_d_96_336_Autoformer_custom_ftM_sl96_ll48_pl336_dm512_nh8_el2_dl1_df2048_fc3_ebtimeF_dtTrue_srate1.0_sseed7_trainseed2024_Exp_0>>>>>>>>>>>>>>>>>>>>>>>>>>
train 5463
val 508
test 1349
	iters: 100, epoch: 1 | loss: 0.7190211
	speed: 0.2248s/iter; left time: 7620.4666s
Epoch: 1 cost time: 38.13290023803711
Epoch: 1, Steps: 170 | Train Loss: 0.7177605 Vali Loss: 0.5335465 Test Loss: 1.1274953
Validation loss decreased (inf --> 0.533547).  Saving model ...
	iters: 100, epoch: 2 | loss: 0.4923964
	speed: 0.5886s/iter; left time: 19854.0531s
Epoch: 2 cost time: 38.10995054244995
Epoch: 2, Steps: 170 | Train Loss: 0.5257149 Vali Loss: 0.6202170 Test Loss: 1.1431555
EarlyStopping counter: 1 out of 5
	iters: 100, epoch: 3 | loss: 0.3284318
	speed: 0.5879s/iter; left time: 19729.9863s
Epoch: 3 cost time: 38.23420166969299
Epoch: 3, Steps: 170 | Train Loss: 0.3462796 Vali Loss: 0.6223044 Test Loss: 1.1344987
EarlyStopping counter: 2 out of 5
	iters: 100, epoch: 4 | loss: 0.3052129
	speed: 0.5878s/iter; left time: 19628.3634s
Epoch: 4 cost time: 38.035531997680664
Epoch: 4, Steps: 170 | Train Loss: 0.3008387 Vali Loss: 0.5898479 Test Loss: 1.1501098
EarlyStopping counter: 3 out of 5
	iters: 100, epoch: 5 | loss: 0.2721774
	speed: 0.5883s/iter; left time: 19544.9930s
Epoch: 5 cost time: 38.176132917404175
Epoch: 5, Steps: 170 | Train Loss: 0.2758713 Vali Loss: 0.5831082 Test Loss: 1.1571580
EarlyStopping counter: 4 out of 5
	iters: 100, epoch: 6 | loss: 0.2596867
	speed: 0.5856s/iter; left time: 19355.1726s
Epoch: 6 cost time: 38.037731409072876
Epoch: 6, Steps: 170 | Train Loss: 0.2600630 Vali Loss: 0.5875246 Test Loss: 1.1728818
EarlyStopping counter: 5 out of 5
Early stopping
>>>>>>>testing : long_term_forecast_pems08_d_96_336_Autoformer_custom_ftM_sl96_ll48_pl336_dm512_nh8_el2_dl1_df2048_fc3_ebtimeF_dtTrue_srate1.0_sseed7_trainseed2024_Exp_0<<<<<<<<<<<<<<<<<<<<<<<<<<<<<<<<<
test 1349
test shape: (1349, 1, 336, 212) (1349, 1, 336, 212)
test shape: (1349, 336, 212) (1349, 336, 212)
mse:1.1274951696395874, mae:0.6893979907035828
>>>>>>>Overall time: 376 seconds<<<<<<<<<<<<<<<<<<<<<<<<<<<<<<<<<
