Args in experiment:
Namespace(activation='gelu', anomaly_ratio=0.25, batch_size=32, c_out=1613, checkpoints='./checkpoints/', d_conv=4, d_ff=2048, d_layers=1, d_model=128, data='custom', data_path='pems07_h.csv', dec_in=1613, des='Exp', devices='0,1,2,3', distil=True, dropout=0, e_layers=2, embed='timeF', enc_in=1613, expand=2, factor=3, features='M', freq='h', gap_day=365, gpu=0, inverse=False, is_training=1, itr=1, label_len=48, learning_rate=0.0005, loss='MSE', lradj='type3', mask_rate=0.25, model='Autoformer', model_id='pems07_h_96_336', moving_avg=25, n_heads=8, num_kernels=6, num_workers=10, output_attention=False, p_hidden_dims=[128, 128], p_hidden_layers=2, patience=5, pred_len=336, root_path='../../data/pems/', samle_rate=1.0, sample_seed=7, seasonal_patterns='Monthly', seq_len=96, target='OT', task_name='long_term_forecast', top_k=5, train_epochs=200, train_seed=2024, use_amp=False, use_gpu=True, use_multi_gpu=False)
Use GPU: cuda:0
>>>>>>>start training : long_term_forecast_pems07_h_96_336_Autoformer_custom_ftM_sl96_ll48_pl336_dm128_nh8_el2_dl1_df2048_fc3_ebtimeF_dtTrue_srate1.0_sseed7_trainseed2024_Exp_0>>>>>>>>>>>>>>>>>>>>>>>>>>
train 133364
val 18779
test 37892
	iters: 100, epoch: 1 | loss: 0.2929353
	speed: 0.2524s/iter; left time: 210299.1163s
	iters: 200, epoch: 1 | loss: 0.2261172
	speed: 0.2439s/iter; left time: 203205.4442s
	iters: 300, epoch: 1 | loss: 0.2020835
	speed: 0.2435s/iter; left time: 202824.0578s
	iters: 400, epoch: 1 | loss: 0.2123297
	speed: 0.2440s/iter; left time: 203247.7484s
	iters: 500, epoch: 1 | loss: 0.2162589
	speed: 0.2437s/iter; left time: 202945.2449s
	iters: 600, epoch: 1 | loss: 0.2063808
	speed: 0.2419s/iter; left time: 201470.2026s
	iters: 700, epoch: 1 | loss: 0.1938636
	speed: 0.2411s/iter; left time: 200769.9418s
	iters: 800, epoch: 1 | loss: 0.2008881
	speed: 0.2420s/iter; left time: 201462.0424s
	iters: 900, epoch: 1 | loss: 0.1957596
	speed: 0.2389s/iter; left time: 198882.4077s
	iters: 1000, epoch: 1 | loss: 0.1761054
	speed: 0.2374s/iter; left time: 197639.0892s
	iters: 1100, epoch: 1 | loss: 0.1768871
	speed: 0.2376s/iter; left time: 197723.2218s
	iters: 1200, epoch: 1 | loss: 0.1782590
	speed: 0.2377s/iter; left time: 197840.3362s
	iters: 1300, epoch: 1 | loss: 0.1777717
	speed: 0.2369s/iter; left time: 197163.2266s
	iters: 1400, epoch: 1 | loss: 0.1900002
	speed: 0.2372s/iter; left time: 197318.7920s
	iters: 1500, epoch: 1 | loss: 0.1864770
	speed: 0.2361s/iter; left time: 196409.5760s
	iters: 1600, epoch: 1 | loss: 0.1892437
	speed: 0.2366s/iter; left time: 196792.5515s
	iters: 1700, epoch: 1 | loss: 0.1955578
	speed: 0.2358s/iter; left time: 196123.3442s
	iters: 1800, epoch: 1 | loss: 0.1826985
	speed: 0.2365s/iter; left time: 196658.1227s
	iters: 1900, epoch: 1 | loss: 0.1649902
	speed: 0.2359s/iter; left time: 196121.4158s
	iters: 2000, epoch: 1 | loss: 0.1994283
	speed: 0.2357s/iter; left time: 195980.5021s
	iters: 2100, epoch: 1 | loss: 0.2032103
	speed: 0.2364s/iter; left time: 196551.1837s
	iters: 2200, epoch: 1 | loss: 0.1851784
	speed: 0.2365s/iter; left time: 196545.6113s
	iters: 2300, epoch: 1 | loss: 0.1600346
	speed: 0.2356s/iter; left time: 195843.8369s
	iters: 2400, epoch: 1 | loss: 0.1479501
	speed: 0.2354s/iter; left time: 195596.5782s
	iters: 2500, epoch: 1 | loss: 0.1554575
	speed: 0.2361s/iter; left time: 196147.1787s
	iters: 2600, epoch: 1 | loss: 0.1491143
	speed: 0.2344s/iter; left time: 194733.4481s
	iters: 2700, epoch: 1 | loss: 0.1949643
	speed: 0.2365s/iter; left time: 196501.0320s
	iters: 2800, epoch: 1 | loss: 0.1930568
	speed: 0.2359s/iter; left time: 195932.9293s
	iters: 2900, epoch: 1 | loss: 0.1884108
	speed: 0.2363s/iter; left time: 196267.4097s
	iters: 3000, epoch: 1 | loss: 0.1850188
	speed: 0.2360s/iter; left time: 195984.9858s
	iters: 3100, epoch: 1 | loss: 0.1787975
	speed: 0.2372s/iter; left time: 196958.3644s
	iters: 3200, epoch: 1 | loss: 0.1694983
	speed: 0.2366s/iter; left time: 196455.6752s
	iters: 3300, epoch: 1 | loss: 0.1813612
	speed: 0.2361s/iter; left time: 196005.4450s
	iters: 3400, epoch: 1 | loss: 0.1857305
	speed: 0.2368s/iter; left time: 196551.7531s
	iters: 3500, epoch: 1 | loss: 0.1861499
	speed: 0.2364s/iter; left time: 196203.7734s
	iters: 3600, epoch: 1 | loss: 0.1620762
	speed: 0.2365s/iter; left time: 196276.1077s
	iters: 3700, epoch: 1 | loss: 0.1866102
	speed: 0.2351s/iter; left time: 195103.4235s
	iters: 3800, epoch: 1 | loss: 0.1649226
	speed: 0.2359s/iter; left time: 195716.5980s
	iters: 3900, epoch: 1 | loss: 0.1686973
	speed: 0.2367s/iter; left time: 196364.8060s
	iters: 4000, epoch: 1 | loss: 0.1809369
	speed: 0.2364s/iter; left time: 196037.4075s
	iters: 4100, epoch: 1 | loss: 0.1973998
	speed: 0.2364s/iter; left time: 196071.1876s
Epoch: 1 cost time: 991.4718713760376
Epoch: 1, Steps: 4167 | Train Loss: 0.1951478 Vali Loss: 0.2238812 Test Loss: 0.3251079
Validation loss decreased (inf --> 0.223881).  Saving model ...
	iters: 100, epoch: 2 | loss: 0.1626564
	speed: 8.1747s/iter; left time: 6777892.9593s
	iters: 200, epoch: 2 | loss: 0.1775234
	speed: 0.2368s/iter; left time: 196288.9219s
	iters: 300, epoch: 2 | loss: 0.1874652
	speed: 0.2365s/iter; left time: 196029.0120s
	iters: 400, epoch: 2 | loss: 0.1686048
	speed: 0.2365s/iter; left time: 196018.5264s
	iters: 500, epoch: 2 | loss: 0.1690221
	speed: 0.2366s/iter; left time: 196082.4899s
	iters: 600, epoch: 2 | loss: 0.1572628
	speed: 0.2373s/iter; left time: 196614.7405s
	iters: 700, epoch: 2 | loss: 0.2635310
	speed: 0.2364s/iter; left time: 195829.1804s
	iters: 800, epoch: 2 | loss: 0.2205725
	speed: 0.2364s/iter; left time: 195838.0990s
	iters: 900, epoch: 2 | loss: 0.2239317
	speed: 0.2358s/iter; left time: 195349.7255s
	iters: 1000, epoch: 2 | loss: 0.2032933
	speed: 0.2363s/iter; left time: 195684.9602s
	iters: 1100, epoch: 2 | loss: 0.1943834
	speed: 0.2362s/iter; left time: 195642.7797s
	iters: 1200, epoch: 2 | loss: 0.1916791
	speed: 0.2362s/iter; left time: 195605.3004s
	iters: 1300, epoch: 2 | loss: 0.1840528
	speed: 0.2358s/iter; left time: 195219.6810s
	iters: 1400, epoch: 2 | loss: 0.2213780
	speed: 0.2359s/iter; left time: 195276.5819s
	iters: 1500, epoch: 2 | loss: 0.2147864
	speed: 0.2356s/iter; left time: 194979.0377s
	iters: 1600, epoch: 2 | loss: 0.2028746
	speed: 0.2358s/iter; left time: 195161.1184s
	iters: 1700, epoch: 2 | loss: 0.1963773
	speed: 0.2360s/iter; left time: 195330.4691s
	iters: 1800, epoch: 2 | loss: 0.1881380
	speed: 0.2359s/iter; left time: 195177.9909s
	iters: 1900, epoch: 2 | loss: 0.2009242
	speed: 0.2374s/iter; left time: 196427.5978s
	iters: 2000, epoch: 2 | loss: 0.1956265
	speed: 0.2369s/iter; left time: 196007.5793s
	iters: 2100, epoch: 2 | loss: 0.1971705
	speed: 0.2373s/iter; left time: 196300.3640s
	iters: 2200, epoch: 2 | loss: 0.1913930
	speed: 0.2378s/iter; left time: 196628.5706s
	iters: 2300, epoch: 2 | loss: 0.1886442
	speed: 0.2377s/iter; left time: 196529.0854s
	iters: 2400, epoch: 2 | loss: 0.1951820
	speed: 0.2372s/iter; left time: 196122.2829s
	iters: 2500, epoch: 2 | loss: 0.1808918
	speed: 0.2371s/iter; left time: 196022.5522s
	iters: 2600, epoch: 2 | loss: 0.1759379
	speed: 0.2371s/iter; left time: 195955.2564s
	iters: 2700, epoch: 2 | loss: 0.2219846
	speed: 0.2380s/iter; left time: 196736.7841s
	iters: 2800, epoch: 2 | loss: 0.1973130
	speed: 0.2373s/iter; left time: 196086.8957s
	iters: 2900, epoch: 2 | loss: 0.1752795
	speed: 0.2367s/iter; left time: 195605.3137s
	iters: 3000, epoch: 2 | loss: 0.1885975
	speed: 0.2373s/iter; left time: 196055.0967s
	iters: 3100, epoch: 2 | loss: 0.1852145
	speed: 0.2369s/iter; left time: 195671.7283s
	iters: 3200, epoch: 2 | loss: 0.1732324
	speed: 0.2382s/iter; left time: 196748.8791s
	iters: 3300, epoch: 2 | loss: 0.1746763
	speed: 0.2375s/iter; left time: 196170.5789s
	iters: 3400, epoch: 2 | loss: 0.1956331
	speed: 0.2371s/iter; left time: 195800.1579s
	iters: 3500, epoch: 2 | loss: 0.1822114
	speed: 0.2373s/iter; left time: 195920.9415s
	iters: 3600, epoch: 2 | loss: 0.1684783
	speed: 0.2371s/iter; left time: 195744.3141s
	iters: 3700, epoch: 2 | loss: 0.1834930
	speed: 0.2377s/iter; left time: 196205.9369s
	iters: 3800, epoch: 2 | loss: 0.1607860
	speed: 0.2369s/iter; left time: 195555.0074s
	iters: 3900, epoch: 2 | loss: 0.1914227
	speed: 0.2372s/iter; left time: 195797.2064s
	iters: 4000, epoch: 2 | loss: 0.1817225
	speed: 0.2376s/iter; left time: 196103.8597s
	iters: 4100, epoch: 2 | loss: 0.1949792
	speed: 0.2372s/iter; left time: 195690.1788s
Epoch: 2 cost time: 988.0161633491516
Epoch: 2, Steps: 4167 | Train Loss: 0.2006224 Vali Loss: 0.2345239 Test Loss: 0.3247819
EarlyStopping counter: 1 out of 5
	iters: 100, epoch: 3 | loss: 0.1929933
	speed: 8.1276s/iter; left time: 6705006.8027s
	iters: 200, epoch: 3 | loss: 0.1761415
	speed: 0.2434s/iter; left time: 200751.4523s
	iters: 300, epoch: 3 | loss: 0.1887094
	speed: 0.2411s/iter; left time: 198819.6501s
	iters: 400, epoch: 3 | loss: 0.2383801
	speed: 0.2351s/iter; left time: 193913.3658s
	iters: 500, epoch: 3 | loss: 0.1945600
	speed: 0.2349s/iter; left time: 193652.7753s
	iters: 600, epoch: 3 | loss: 0.1794147
	speed: 0.2348s/iter; left time: 193602.3837s
	iters: 700, epoch: 3 | loss: 0.1775023
	speed: 0.2349s/iter; left time: 193629.5058s
	iters: 800, epoch: 3 | loss: 0.1837702
	speed: 0.2349s/iter; left time: 193660.4852s
	iters: 900, epoch: 3 | loss: 0.2025383
	speed: 0.2355s/iter; left time: 194103.6229s
	iters: 1000, epoch: 3 | loss: 0.1786738
	speed: 0.2349s/iter; left time: 193576.5468s
	iters: 1100, epoch: 3 | loss: 0.1690767
	speed: 0.2351s/iter; left time: 193690.4155s
	iters: 1200, epoch: 3 | loss: 0.1654479
	speed: 0.2350s/iter; left time: 193647.2797s
	iters: 1300, epoch: 3 | loss: 0.1595486
	speed: 0.2348s/iter; left time: 193407.8396s
	iters: 1400, epoch: 3 | loss: 0.1570939
	speed: 0.2355s/iter; left time: 194008.4155s
	iters: 1500, epoch: 3 | loss: 0.1612093
	speed: 0.2347s/iter; left time: 193258.4685s
	iters: 1600, epoch: 3 | loss: 0.1723322
	speed: 0.2349s/iter; left time: 193473.3331s
	iters: 1700, epoch: 3 | loss: 0.1538362
	speed: 0.2349s/iter; left time: 193418.2859s
	iters: 1800, epoch: 3 | loss: 0.1507170
	speed: 0.2352s/iter; left time: 193651.6947s
	iters: 1900, epoch: 3 | loss: 0.2489581
	speed: 0.2351s/iter; left time: 193488.1617s
	iters: 2000, epoch: 3 | loss: 0.1706251
	speed: 0.2354s/iter; left time: 193747.9228s
	iters: 2100, epoch: 3 | loss: 0.1860517
	speed: 0.2350s/iter; left time: 193384.2716s
	iters: 2200, epoch: 3 | loss: 0.1853867
	speed: 0.2348s/iter; left time: 193213.2191s
	iters: 2300, epoch: 3 | loss: 0.1747166
	speed: 0.2348s/iter; left time: 193219.7653s
	iters: 2400, epoch: 3 | loss: 0.1769388
	speed: 0.2351s/iter; left time: 193433.3839s
	iters: 2500, epoch: 3 | loss: 0.1995174
	speed: 0.2352s/iter; left time: 193500.6978s
	iters: 2600, epoch: 3 | loss: 0.1868402
	speed: 0.2351s/iter; left time: 193356.6226s
	iters: 2700, epoch: 3 | loss: 0.1835366
	speed: 0.2353s/iter; left time: 193525.3242s
	iters: 2800, epoch: 3 | loss: 0.1730547
	speed: 0.2357s/iter; left time: 193842.7802s
	iters: 2900, epoch: 3 | loss: 0.1683761
	speed: 0.2361s/iter; left time: 194143.9521s
	iters: 3000, epoch: 3 | loss: 0.1654133
	speed: 0.2360s/iter; left time: 194039.5920s
	iters: 3100, epoch: 3 | loss: 0.2103290
	speed: 0.2360s/iter; left time: 194004.4669s
	iters: 3200, epoch: 3 | loss: 0.1680938
	speed: 0.2359s/iter; left time: 193905.5282s
	iters: 3300, epoch: 3 | loss: 0.1849927
	speed: 0.2361s/iter; left time: 194015.7690s
	iters: 3400, epoch: 3 | loss: 0.1673872
	speed: 0.2359s/iter; left time: 193819.8882s
	iters: 3500, epoch: 3 | loss: 0.1953985
	speed: 0.2366s/iter; left time: 194347.2385s
	iters: 3600, epoch: 3 | loss: 0.1874076
	speed: 0.2357s/iter; left time: 193587.8649s
	iters: 3700, epoch: 3 | loss: 0.1795909
	speed: 0.2357s/iter; left time: 193614.0903s
	iters: 3800, epoch: 3 | loss: 0.1930888
	speed: 0.2359s/iter; left time: 193757.8123s
	iters: 3900, epoch: 3 | loss: 0.2002392
	speed: 0.2358s/iter; left time: 193602.4510s
	iters: 4000, epoch: 3 | loss: 0.1787591
	speed: 0.2361s/iter; left time: 193866.3817s
	iters: 4100, epoch: 3 | loss: 0.1811355
	speed: 0.2360s/iter; left time: 193781.6562s
Epoch: 3 cost time: 984.1188991069794
Epoch: 3, Steps: 4167 | Train Loss: 0.1796572 Vali Loss: 0.2235469 Test Loss: 0.3182419
Validation loss decreased (0.223881 --> 0.223547).  Saving model ...
	iters: 100, epoch: 4 | loss: 0.1691930
	speed: 8.2065s/iter; left time: 6735862.1481s
	iters: 200, epoch: 4 | loss: 0.1587738
	speed: 0.2386s/iter; left time: 195804.1717s
	iters: 300, epoch: 4 | loss: 0.1567218
	speed: 0.2379s/iter; left time: 195209.6133s
	iters: 400, epoch: 4 | loss: 0.1812023
	speed: 0.2374s/iter; left time: 194788.6191s
	iters: 500, epoch: 4 | loss: 0.1671871
	speed: 0.2387s/iter; left time: 195832.2996s
	iters: 600, epoch: 4 | loss: 0.1644537
	speed: 0.2380s/iter; left time: 195239.8993s
	iters: 700, epoch: 4 | loss: 0.1543511
	speed: 0.2390s/iter; left time: 196055.9034s
	iters: 800, epoch: 4 | loss: 0.2166550
	speed: 0.2380s/iter; left time: 195194.2427s
	iters: 900, epoch: 4 | loss: 0.1764360
	speed: 0.2382s/iter; left time: 195362.5175s
	iters: 1000, epoch: 4 | loss: 0.1631393
	speed: 0.2381s/iter; left time: 195196.9057s
	iters: 1100, epoch: 4 | loss: 0.1587451
	speed: 0.2380s/iter; left time: 195100.0683s
	iters: 1200, epoch: 4 | loss: 0.1872692
	speed: 0.2388s/iter; left time: 195739.4380s
	iters: 1300, epoch: 4 | loss: 0.1712098
	speed: 0.2378s/iter; left time: 194896.3170s
	iters: 1400, epoch: 4 | loss: 0.1522573
	speed: 0.2379s/iter; left time: 194948.9093s
	iters: 1500, epoch: 4 | loss: 0.1483827
	speed: 0.2380s/iter; left time: 195022.6052s
	iters: 1600, epoch: 4 | loss: 0.1975425
	speed: 0.2373s/iter; left time: 194458.2112s
	iters: 1700, epoch: 4 | loss: 0.1791437
	speed: 0.2369s/iter; left time: 194087.1250s
	iters: 1800, epoch: 4 | loss: 0.1880638
	speed: 0.2357s/iter; left time: 193070.9348s
	iters: 1900, epoch: 4 | loss: 0.1745769
	speed: 0.2360s/iter; left time: 193312.0041s
	iters: 2000, epoch: 4 | loss: 0.1725753
	speed: 0.2363s/iter; left time: 193490.3853s
	iters: 2100, epoch: 4 | loss: 0.2014626
	speed: 0.2368s/iter; left time: 193901.3418s
	iters: 2200, epoch: 4 | loss: 0.1512409
	speed: 0.2370s/iter; left time: 194050.2076s
	iters: 2300, epoch: 4 | loss: 0.1859623
	speed: 0.2385s/iter; left time: 195250.5183s
	iters: 2400, epoch: 4 | loss: 0.1545596
	speed: 0.2375s/iter; left time: 194430.5232s
	iters: 2500, epoch: 4 | loss: 0.1451323
	speed: 0.2380s/iter; left time: 194810.8679s
	iters: 2600, epoch: 4 | loss: 0.1649285
	speed: 0.2380s/iter; left time: 194732.2064s
	iters: 2700, epoch: 4 | loss: 0.1603235
	speed: 0.2387s/iter; left time: 195330.1298s
	iters: 2800, epoch: 4 | loss: 0.1487887
	speed: 0.2391s/iter; left time: 195612.1910s
	iters: 2900, epoch: 4 | loss: 0.1461996
	speed: 0.2386s/iter; left time: 195139.8719s
	iters: 3000, epoch: 4 | loss: 0.1441848
	speed: 0.2372s/iter; left time: 194012.8867s
	iters: 3100, epoch: 4 | loss: 0.1353614
	speed: 0.2384s/iter; left time: 194933.3151s
	iters: 3200, epoch: 4 | loss: 0.1371370
	speed: 0.2385s/iter; left time: 195060.4246s
	iters: 3300, epoch: 4 | loss: 0.1754532
	speed: 0.2378s/iter; left time: 194456.3245s
	iters: 3400, epoch: 4 | loss: 0.1492274
	speed: 0.2383s/iter; left time: 194840.1403s
	iters: 3500, epoch: 4 | loss: 0.2457292
	speed: 0.2388s/iter; left time: 195204.2629s
	iters: 3600, epoch: 4 | loss: 0.1812777
	speed: 0.2375s/iter; left time: 194086.4678s
	iters: 3700, epoch: 4 | loss: 0.2014981
	speed: 0.2377s/iter; left time: 194253.3283s
	iters: 3800, epoch: 4 | loss: 0.1789054
	speed: 0.2380s/iter; left time: 194453.4218s
	iters: 3900, epoch: 4 | loss: 0.1780221
	speed: 0.2371s/iter; left time: 193698.5514s
	iters: 4000, epoch: 4 | loss: 0.1623676
	speed: 0.2372s/iter; left time: 193737.0875s
	iters: 4100, epoch: 4 | loss: 0.1716487
	speed: 0.2372s/iter; left time: 193705.1008s
Epoch: 4 cost time: 991.9985682964325
Epoch: 4, Steps: 4167 | Train Loss: 0.1711984 Vali Loss: 0.2096149 Test Loss: 0.3212839
Validation loss decreased (0.223547 --> 0.209615).  Saving model ...
	iters: 100, epoch: 5 | loss: 0.1698076
	speed: 8.2400s/iter; left time: 6729085.4327s
	iters: 200, epoch: 5 | loss: 0.1615412
	speed: 0.2997s/iter; left time: 244695.0444s
	iters: 300, epoch: 5 | loss: 0.1593578
	speed: 0.2995s/iter; left time: 244553.0736s
	iters: 400, epoch: 5 | loss: 0.1587953
	speed: 0.2991s/iter; left time: 244166.3882s
	iters: 500, epoch: 5 | loss: 0.1563766
	speed: 0.2995s/iter; left time: 244443.3373s
	iters: 600, epoch: 5 | loss: 0.1474615
	speed: 0.2995s/iter; left time: 244391.8864s
	iters: 700, epoch: 5 | loss: 0.1506234
	speed: 0.3008s/iter; left time: 245425.7813s
	iters: 800, epoch: 5 | loss: 0.1421121
	speed: 0.3006s/iter; left time: 245244.5007s
	iters: 900, epoch: 5 | loss: 0.1353821
	speed: 0.3001s/iter; left time: 244871.0271s
	iters: 1000, epoch: 5 | loss: 0.1300994
	speed: 0.3004s/iter; left time: 245071.7717s
	iters: 1100, epoch: 5 | loss: 0.1521667
	speed: 0.2989s/iter; left time: 243779.1486s
	iters: 1200, epoch: 5 | loss: 0.1379793
	speed: 0.3001s/iter; left time: 244746.4969s
	iters: 1300, epoch: 5 | loss: 0.1266674
	speed: 0.2997s/iter; left time: 244422.7768s
	iters: 1400, epoch: 5 | loss: 0.2017634
	speed: 0.3001s/iter; left time: 244714.0850s
	iters: 1500, epoch: 5 | loss: 0.1977463
	speed: 0.3006s/iter; left time: 245043.5814s
	iters: 1600, epoch: 5 | loss: 0.1855510
	speed: 0.3002s/iter; left time: 244734.8181s
	iters: 1700, epoch: 5 | loss: 0.1626436
	speed: 0.3002s/iter; left time: 244665.1570s
	iters: 1800, epoch: 5 | loss: 0.1671748
	speed: 0.2999s/iter; left time: 244369.1595s
	iters: 1900, epoch: 5 | loss: 0.1483335
	speed: 0.3001s/iter; left time: 244557.3087s
	iters: 2000, epoch: 5 | loss: 0.1406734
	speed: 0.3002s/iter; left time: 244584.0450s
	iters: 2100, epoch: 5 | loss: 0.1362521
	speed: 0.2998s/iter; left time: 244260.4810s
	iters: 2200, epoch: 5 | loss: 0.1379126
	speed: 0.2994s/iter; left time: 243853.7260s
	iters: 2300, epoch: 5 | loss: 0.1434090
	speed: 0.2988s/iter; left time: 243357.4998s
	iters: 2400, epoch: 5 | loss: 0.1975788
	speed: 0.3005s/iter; left time: 244684.2047s
	iters: 2500, epoch: 5 | loss: 0.1731700
	speed: 0.2995s/iter; left time: 243825.7384s
	iters: 2600, epoch: 5 | loss: 0.1785563
	speed: 0.3004s/iter; left time: 244530.4122s
	iters: 2700, epoch: 5 | loss: 0.1841061
	speed: 0.2998s/iter; left time: 244078.8859s
	iters: 2800, epoch: 5 | loss: 0.1680896
	speed: 0.3006s/iter; left time: 244701.8447s
	iters: 2900, epoch: 5 | loss: 0.1711222
	speed: 0.2998s/iter; left time: 243997.1457s
	iters: 3000, epoch: 5 | loss: 0.1769571
	speed: 0.3000s/iter; left time: 244113.9187s
	iters: 3100, epoch: 5 | loss: 0.1675733
	speed: 0.3001s/iter; left time: 244177.6240s
	iters: 3200, epoch: 5 | loss: 0.1688423
	speed: 0.3005s/iter; left time: 244460.8977s
	iters: 3300, epoch: 5 | loss: 0.1601366
	speed: 0.3004s/iter; left time: 244354.6135s
	iters: 3400, epoch: 5 | loss: 0.1975606
	speed: 0.3005s/iter; left time: 244410.9699s
	iters: 3500, epoch: 5 | loss: 0.1407267
	speed: 0.2999s/iter; left time: 243891.2912s
	iters: 3600, epoch: 5 | loss: 0.1556839
	speed: 0.3007s/iter; left time: 244535.5727s
	iters: 3700, epoch: 5 | loss: 0.1450690
	speed: 0.3005s/iter; left time: 244320.0836s
	iters: 3800, epoch: 5 | loss: 0.1599518
	speed: 0.3008s/iter; left time: 244558.9193s
	iters: 3900, epoch: 5 | loss: 0.1602073
	speed: 0.3001s/iter; left time: 243902.1858s
	iters: 4000, epoch: 5 | loss: 0.1410516
	speed: 0.3002s/iter; left time: 244022.1907s
	iters: 4100, epoch: 5 | loss: 0.1324335
	speed: 0.3004s/iter; left time: 244124.9328s
Epoch: 5 cost time: 1251.5039722919464
Epoch: 5, Steps: 4167 | Train Loss: 0.1639274 Vali Loss: 0.2050922 Test Loss: 0.3105993
Validation loss decreased (0.209615 --> 0.205092).  Saving model ...
	iters: 100, epoch: 6 | loss: 0.1652282
	speed: 8.2234s/iter; left time: 6681193.4320s
	iters: 200, epoch: 6 | loss: 0.1868684
	speed: 0.2342s/iter; left time: 190250.4875s
	iters: 300, epoch: 6 | loss: 0.1898186
	speed: 0.2342s/iter; left time: 190241.8928s
	iters: 400, epoch: 6 | loss: 0.1622049
	speed: 0.2341s/iter; left time: 190099.0837s
	iters: 500, epoch: 6 | loss: 0.1545192
	speed: 0.2342s/iter; left time: 190215.8754s
	iters: 600, epoch: 6 | loss: 0.1410401
	speed: 0.2342s/iter; left time: 190172.5296s
	iters: 700, epoch: 6 | loss: 0.1426247
	speed: 0.2342s/iter; left time: 190124.3670s
	iters: 800, epoch: 6 | loss: 0.1425217
	speed: 0.2343s/iter; left time: 190183.5265s
	iters: 900, epoch: 6 | loss: 0.1335088
	speed: 0.2341s/iter; left time: 190003.1642s
	iters: 1000, epoch: 6 | loss: 0.1512482
	speed: 0.2337s/iter; left time: 189691.2696s
	iters: 1100, epoch: 6 | loss: 0.1412887
	speed: 0.2345s/iter; left time: 190255.8007s
	iters: 1200, epoch: 6 | loss: 0.1315117
	speed: 0.2342s/iter; left time: 190024.6647s
	iters: 1300, epoch: 6 | loss: 0.1307542
	speed: 0.2338s/iter; left time: 189712.1595s
	iters: 1400, epoch: 6 | loss: 0.1333829
	speed: 0.2339s/iter; left time: 189732.1228s
	iters: 1500, epoch: 6 | loss: 0.1391838
	speed: 0.2341s/iter; left time: 189861.5923s
	iters: 1600, epoch: 6 | loss: 0.1408363
	speed: 0.2341s/iter; left time: 189842.9630s
	iters: 1700, epoch: 6 | loss: 0.1286395
	speed: 0.2343s/iter; left time: 190012.9254s
	iters: 1800, epoch: 6 | loss: 0.1200153
	speed: 0.2342s/iter; left time: 189871.9106s
	iters: 1900, epoch: 6 | loss: 0.1275523
	speed: 0.2343s/iter; left time: 189977.5434s
	iters: 2000, epoch: 6 | loss: 0.1358833
	speed: 0.2345s/iter; left time: 190077.0413s
	iters: 2100, epoch: 6 | loss: 0.5486266
	speed: 0.2340s/iter; left time: 189672.6961s
	iters: 2200, epoch: 6 | loss: 0.1991250
	speed: 0.2344s/iter; left time: 189933.3336s
	iters: 2300, epoch: 6 | loss: 0.1789495
	speed: 0.2340s/iter; left time: 189614.7089s
	iters: 2400, epoch: 6 | loss: 0.1832263
	speed: 0.2343s/iter; left time: 189791.7191s
	iters: 2500, epoch: 6 | loss: 0.1809205
	speed: 0.2343s/iter; left time: 189787.4248s
	iters: 2600, epoch: 6 | loss: 0.1887761
	speed: 0.2344s/iter; left time: 189857.1316s
	iters: 2700, epoch: 6 | loss: 0.1749923
	speed: 0.2346s/iter; left time: 190032.7044s
	iters: 2800, epoch: 6 | loss: 0.1853165
	speed: 0.2339s/iter; left time: 189381.9791s
	iters: 2900, epoch: 6 | loss: 0.1590226
	speed: 0.2346s/iter; left time: 189941.5400s
	iters: 3000, epoch: 6 | loss: 0.1718136
	speed: 0.2546s/iter; left time: 206088.3273s
	iters: 3100, epoch: 6 | loss: 0.1651206
	speed: 0.2714s/iter; left time: 219671.1231s
	iters: 3200, epoch: 6 | loss: 0.1966357
	speed: 0.2713s/iter; left time: 219561.7713s
	iters: 3300, epoch: 6 | loss: 0.1779726
	speed: 0.2712s/iter; left time: 219448.0543s
	iters: 3400, epoch: 6 | loss: 0.1662236
	speed: 0.2716s/iter; left time: 219731.2939s
	iters: 3500, epoch: 6 | loss: 0.1545689
	speed: 0.2718s/iter; left time: 219882.3806s
	iters: 3600, epoch: 6 | loss: 0.1741453
	speed: 0.2714s/iter; left time: 219566.5329s
	iters: 3700, epoch: 6 | loss: 0.1669408
	speed: 0.2719s/iter; left time: 219891.4482s
	iters: 3800, epoch: 6 | loss: 0.1655195
	speed: 0.2715s/iter; left time: 219604.7073s
	iters: 3900, epoch: 6 | loss: 0.1578751
	speed: 0.2716s/iter; left time: 219667.3224s
	iters: 4000, epoch: 6 | loss: 0.1557172
	speed: 0.2717s/iter; left time: 219649.6139s
	iters: 4100, epoch: 6 | loss: 0.1590274
	speed: 0.2715s/iter; left time: 219517.1243s
Epoch: 6 cost time: 1023.0547399520874
Epoch: 6, Steps: 4167 | Train Loss: 0.1648800 Vali Loss: 0.2238276 Test Loss: 0.3297865
EarlyStopping counter: 1 out of 5
	iters: 100, epoch: 7 | loss: 0.1509200
	speed: 8.2020s/iter; left time: 6629628.8497s
	iters: 200, epoch: 7 | loss: 0.1629799
	speed: 0.2343s/iter; left time: 189375.0618s
	iters: 300, epoch: 7 | loss: 0.1548772
	speed: 0.2345s/iter; left time: 189524.7210s
	iters: 400, epoch: 7 | loss: 0.1449181
	speed: 0.2345s/iter; left time: 189457.7076s
	iters: 500, epoch: 7 | loss: 0.1539635
	speed: 0.2347s/iter; left time: 189597.1744s
	iters: 600, epoch: 7 | loss: 0.1447515
	speed: 0.2342s/iter; left time: 189199.8828s
	iters: 700, epoch: 7 | loss: 0.1521017
	speed: 0.2345s/iter; left time: 189442.9016s
	iters: 800, epoch: 7 | loss: 0.1644044
	speed: 0.2346s/iter; left time: 189500.4937s
	iters: 900, epoch: 7 | loss: 0.1475636
	speed: 0.2345s/iter; left time: 189396.2349s
	iters: 1000, epoch: 7 | loss: 0.1452268
	speed: 0.2347s/iter; left time: 189518.1016s
	iters: 1100, epoch: 7 | loss: 0.1385624
	speed: 0.2340s/iter; left time: 188933.0828s
	iters: 1200, epoch: 7 | loss: 0.2154745
	speed: 0.2349s/iter; left time: 189608.3509s
	iters: 1300, epoch: 7 | loss: 0.1716430
	speed: 0.2347s/iter; left time: 189396.7345s
	iters: 1400, epoch: 7 | loss: 0.1666664
	speed: 0.2342s/iter; left time: 188964.1470s
	iters: 1500, epoch: 7 | loss: 0.1550313
	speed: 0.2344s/iter; left time: 189146.3718s
	iters: 1600, epoch: 7 | loss: 0.1521391
	speed: 0.2341s/iter; left time: 188893.2943s
	iters: 1700, epoch: 7 | loss: 0.1452707
	speed: 0.2343s/iter; left time: 189035.8776s
	iters: 1800, epoch: 7 | loss: 0.1560085
	speed: 0.2352s/iter; left time: 189683.2211s
	iters: 1900, epoch: 7 | loss: 0.1342515
	speed: 0.2354s/iter; left time: 189860.3111s
	iters: 2000, epoch: 7 | loss: 0.1296944
	speed: 0.2344s/iter; left time: 188995.5494s
	iters: 2100, epoch: 7 | loss: 0.1410614
	speed: 0.2341s/iter; left time: 188788.5821s
	iters: 2200, epoch: 7 | loss: 0.1362676
	speed: 0.2346s/iter; left time: 189111.5546s
	iters: 2300, epoch: 7 | loss: 0.1358175
	speed: 0.2349s/iter; left time: 189328.0531s
	iters: 2400, epoch: 7 | loss: 0.1332067
	speed: 0.2345s/iter; left time: 188983.3313s
	iters: 2500, epoch: 7 | loss: 0.1381648
	speed: 0.2345s/iter; left time: 188975.3170s
	iters: 2600, epoch: 7 | loss: 0.1338538
	speed: 0.2352s/iter; left time: 189505.4314s
	iters: 2700, epoch: 7 | loss: 0.1463837
	speed: 0.2345s/iter; left time: 188961.3669s
	iters: 2800, epoch: 7 | loss: 0.1301549
	speed: 0.2349s/iter; left time: 189273.0794s
	iters: 2900, epoch: 7 | loss: 0.1448982
	speed: 0.2345s/iter; left time: 188891.6591s
	iters: 3000, epoch: 7 | loss: 0.1331381
	speed: 0.2344s/iter; left time: 188793.3222s
	iters: 3100, epoch: 7 | loss: 0.1203906
	speed: 0.2350s/iter; left time: 189216.1043s
	iters: 3200, epoch: 7 | loss: 0.1304591
	speed: 0.2344s/iter; left time: 188732.2207s
	iters: 3300, epoch: 7 | loss: 0.1507000
	speed: 0.2342s/iter; left time: 188557.2250s
	iters: 3400, epoch: 7 | loss: 0.1522035
	speed: 0.2346s/iter; left time: 188845.2537s
	iters: 3500, epoch: 7 | loss: 0.2049435
	speed: 0.2348s/iter; left time: 188957.8960s
	iters: 3600, epoch: 7 | loss: 0.1738561
	speed: 0.2346s/iter; left time: 188843.3216s
	iters: 3700, epoch: 7 | loss: 0.1790477
	speed: 0.2343s/iter; left time: 188504.0057s
	iters: 3800, epoch: 7 | loss: 0.1810618
	speed: 0.2344s/iter; left time: 188629.0252s
	iters: 3900, epoch: 7 | loss: 0.1592433
	speed: 0.2346s/iter; left time: 188732.2548s
	iters: 4000, epoch: 7 | loss: 0.1592733
	speed: 0.2345s/iter; left time: 188642.0334s
	iters: 4100, epoch: 7 | loss: 0.1767862
	speed: 0.2343s/iter; left time: 188407.6176s
Epoch: 7 cost time: 978.3137199878693
Epoch: 7, Steps: 4167 | Train Loss: 0.1549668 Vali Loss: 0.2140214 Test Loss: 0.3099292
EarlyStopping counter: 2 out of 5
	iters: 100, epoch: 8 | loss: 0.1553079
	speed: 8.1958s/iter; left time: 6590476.7625s
	iters: 200, epoch: 8 | loss: 0.1436973
	speed: 0.2372s/iter; left time: 190737.7149s
	iters: 300, epoch: 8 | loss: 0.1726336
	speed: 0.2375s/iter; left time: 190900.4396s
	iters: 400, epoch: 8 | loss: 0.2090654
	speed: 0.2369s/iter; left time: 190461.0274s
	iters: 500, epoch: 8 | loss: 0.1659345
	speed: 0.2373s/iter; left time: 190695.4420s
	iters: 600, epoch: 8 | loss: 0.1581730
	speed: 0.2377s/iter; left time: 191036.1788s
	iters: 700, epoch: 8 | loss: 0.1421133
	speed: 0.2368s/iter; left time: 190252.8103s
	iters: 800, epoch: 8 | loss: 0.1606288
	speed: 0.2373s/iter; left time: 190647.9986s
	iters: 900, epoch: 8 | loss: 0.1620235
	speed: 0.2372s/iter; left time: 190551.3619s
	iters: 1000, epoch: 8 | loss: 0.1445500
	speed: 0.2368s/iter; left time: 190199.0319s
	iters: 1100, epoch: 8 | loss: 0.1552525
	speed: 0.2380s/iter; left time: 191164.0774s
	iters: 1200, epoch: 8 | loss: 0.2038419
	speed: 0.2372s/iter; left time: 190445.7162s
	iters: 1300, epoch: 8 | loss: 0.1442262
	speed: 0.2372s/iter; left time: 190437.1255s
	iters: 1400, epoch: 8 | loss: 0.1417537
	speed: 0.2372s/iter; left time: 190410.5156s
	iters: 1500, epoch: 8 | loss: 0.1405506
	speed: 0.2375s/iter; left time: 190626.7717s
	iters: 1600, epoch: 8 | loss: 0.1454559
	speed: 0.2381s/iter; left time: 191132.6026s
	iters: 1700, epoch: 8 | loss: 0.1374941
	speed: 0.2370s/iter; left time: 190203.1975s
	iters: 1800, epoch: 8 | loss: 0.1692010
	speed: 0.2373s/iter; left time: 190425.5565s
	iters: 1900, epoch: 8 | loss: 0.1432329
	speed: 0.2371s/iter; left time: 190200.0786s
	iters: 2000, epoch: 8 | loss: 0.1863009
	speed: 0.2372s/iter; left time: 190277.4516s
	iters: 2100, epoch: 8 | loss: 0.1460458
	speed: 0.2370s/iter; left time: 190081.5836s
	iters: 2200, epoch: 8 | loss: 0.1472849
	speed: 0.2379s/iter; left time: 190803.9441s
	iters: 2300, epoch: 8 | loss: 0.1702563
	speed: 0.2455s/iter; left time: 196905.9255s
	iters: 2400, epoch: 8 | loss: 0.1489790
	speed: 0.2389s/iter; left time: 191576.7771s
	iters: 2500, epoch: 8 | loss: 0.1353718
	speed: 0.2370s/iter; left time: 190012.7476s
	iters: 2600, epoch: 8 | loss: 0.1406649
	speed: 0.2383s/iter; left time: 191046.7005s
	iters: 2700, epoch: 8 | loss: 0.1428597
	speed: 0.2371s/iter; left time: 190043.8872s
	iters: 2800, epoch: 8 | loss: 0.1479326
	speed: 0.2375s/iter; left time: 190312.6290s
	iters: 2900, epoch: 8 | loss: 0.1256520
	speed: 0.2374s/iter; left time: 190245.8727s
	iters: 3000, epoch: 8 | loss: 0.3247523
	speed: 0.2370s/iter; left time: 189867.2328s
	iters: 3100, epoch: 8 | loss: 0.1850460
	speed: 0.2379s/iter; left time: 190607.9751s
	iters: 3200, epoch: 8 | loss: 0.1604796
	speed: 0.2371s/iter; left time: 189951.8278s
	iters: 3300, epoch: 8 | loss: 0.1612877
	speed: 0.2383s/iter; left time: 190831.6106s
	iters: 3400, epoch: 8 | loss: 0.1532139
	speed: 0.2375s/iter; left time: 190194.6348s
	iters: 3500, epoch: 8 | loss: 0.1420522
	speed: 0.2376s/iter; left time: 190247.4188s
	iters: 3600, epoch: 8 | loss: 0.1531636
	speed: 0.2374s/iter; left time: 190098.2612s
	iters: 3700, epoch: 8 | loss: 0.1476961
	speed: 0.2373s/iter; left time: 189960.4320s
	iters: 3800, epoch: 8 | loss: 0.1649071
	speed: 0.2373s/iter; left time: 189977.6394s
	iters: 3900, epoch: 8 | loss: 0.1486218
	speed: 0.2371s/iter; left time: 189785.3246s
	iters: 4000, epoch: 8 | loss: 0.1398079
	speed: 0.2370s/iter; left time: 189661.8395s
	iters: 4100, epoch: 8 | loss: 0.1487789
	speed: 0.2363s/iter; left time: 189093.6514s
Epoch: 8 cost time: 990.9347422122955
Epoch: 8, Steps: 4167 | Train Loss: 0.1573413 Vali Loss: 0.1959485 Test Loss: 0.3062204
Validation loss decreased (0.205092 --> 0.195948).  Saving model ...
	iters: 100, epoch: 9 | loss: 0.1619373
	speed: 8.1860s/iter; left time: 6548534.0324s
	iters: 200, epoch: 9 | loss: 0.1546744
	speed: 0.2347s/iter; left time: 187711.0228s
	iters: 300, epoch: 9 | loss: 0.1676646
	speed: 0.2352s/iter; left time: 188086.2930s
	iters: 400, epoch: 9 | loss: 0.1341878
	speed: 0.2347s/iter; left time: 187669.2329s
	iters: 500, epoch: 9 | loss: 0.1931759
	speed: 0.2349s/iter; left time: 187785.9050s
	iters: 600, epoch: 9 | loss: 0.1432575
	speed: 0.2346s/iter; left time: 187567.3115s
	iters: 700, epoch: 9 | loss: 0.1370491
	speed: 0.2349s/iter; left time: 187768.9690s
	iters: 800, epoch: 9 | loss: 0.1266541
	speed: 0.2349s/iter; left time: 187744.7417s
	iters: 900, epoch: 9 | loss: 0.1443021
	speed: 0.2352s/iter; left time: 187931.9237s
	iters: 1000, epoch: 9 | loss: 0.1315475
	speed: 0.2350s/iter; left time: 187803.9671s
	iters: 1100, epoch: 9 | loss: 0.1297946
	speed: 0.2348s/iter; left time: 187575.8837s
	iters: 1200, epoch: 9 | loss: 0.1425792
	speed: 0.2347s/iter; left time: 187518.9113s
	iters: 1300, epoch: 9 | loss: 0.1352426
	speed: 0.2344s/iter; left time: 187216.6067s
	iters: 1400, epoch: 9 | loss: 0.1309313
	speed: 0.2353s/iter; left time: 187928.8029s
	iters: 1500, epoch: 9 | loss: 0.1503015
	speed: 0.2352s/iter; left time: 187792.6114s
	iters: 1600, epoch: 9 | loss: 0.1302489
	speed: 0.2349s/iter; left time: 187597.0017s
	iters: 1700, epoch: 9 | loss: 0.1337031
	speed: 0.2351s/iter; left time: 187726.8242s
	iters: 1800, epoch: 9 | loss: 0.1926076
	speed: 0.2351s/iter; left time: 187675.4054s
	iters: 1900, epoch: 9 | loss: 0.1735283
	speed: 0.2351s/iter; left time: 187688.1181s
	iters: 2000, epoch: 9 | loss: 0.1751649
	speed: 0.2349s/iter; left time: 187497.9977s
	iters: 2100, epoch: 9 | loss: 0.1488746
	speed: 0.2354s/iter; left time: 187819.6946s
	iters: 2200, epoch: 9 | loss: 0.2572905
	speed: 0.2358s/iter; left time: 188104.2261s
	iters: 2300, epoch: 9 | loss: 0.1597589
	speed: 0.2353s/iter; left time: 187678.7647s
	iters: 2400, epoch: 9 | loss: 0.1606959
	speed: 0.2350s/iter; left time: 187465.9263s
	iters: 2500, epoch: 9 | loss: 0.1840566
	speed: 0.2352s/iter; left time: 187562.6477s
	iters: 2600, epoch: 9 | loss: 0.1600874
	speed: 0.2348s/iter; left time: 187252.3170s
	iters: 2700, epoch: 9 | loss: 0.1640556
	speed: 0.2349s/iter; left time: 187317.2623s
	iters: 2800, epoch: 9 | loss: 0.1526193
	speed: 0.2349s/iter; left time: 187268.1832s
	iters: 2900, epoch: 9 | loss: 0.1362585
	speed: 0.2353s/iter; left time: 187553.1182s
	iters: 3000, epoch: 9 | loss: 0.1449952
	speed: 0.2349s/iter; left time: 187261.3144s
	iters: 3100, epoch: 9 | loss: 0.1470822
	speed: 0.2350s/iter; left time: 187270.8426s
	iters: 3200, epoch: 9 | loss: 0.1282943
	speed: 0.2348s/iter; left time: 187110.4396s
	iters: 3300, epoch: 9 | loss: 0.1375272
	speed: 0.2346s/iter; left time: 186928.8901s
	iters: 3400, epoch: 9 | loss: 0.1319218
	speed: 0.2352s/iter; left time: 187369.5659s
	iters: 3500, epoch: 9 | loss: 0.1432910
	speed: 0.2348s/iter; left time: 187009.5043s
	iters: 3600, epoch: 9 | loss: 0.1381109
	speed: 0.2352s/iter; left time: 187352.8399s
	iters: 3700, epoch: 9 | loss: 0.1307248
	speed: 0.2350s/iter; left time: 187171.1395s
	iters: 3800, epoch: 9 | loss: 0.1273491
	speed: 0.2348s/iter; left time: 186990.8419s
	iters: 3900, epoch: 9 | loss: 0.1351132
	speed: 0.2356s/iter; left time: 187600.9775s
	iters: 4000, epoch: 9 | loss: 0.1288470
	speed: 0.2355s/iter; left time: 187470.0920s
	iters: 4100, epoch: 9 | loss: 0.1466665
	speed: 0.2360s/iter; left time: 187839.9035s
Epoch: 9 cost time: 980.4111979007721
Epoch: 9, Steps: 4167 | Train Loss: 0.1490771 Vali Loss: 0.1926842 Test Loss: 0.3202124
Validation loss decreased (0.195948 --> 0.192684).  Saving model ...
	iters: 100, epoch: 10 | loss: 0.1335793
	speed: 8.2184s/iter; left time: 6540208.6881s
	iters: 200, epoch: 10 | loss: 0.1379227
	speed: 0.2353s/iter; left time: 187258.4512s
	iters: 300, epoch: 10 | loss: 0.1251009
	speed: 0.2356s/iter; left time: 187411.7989s
	iters: 400, epoch: 10 | loss: 0.1314300
	speed: 0.2348s/iter; left time: 186783.7783s
	iters: 500, epoch: 10 | loss: 0.1258495
	speed: 0.2352s/iter; left time: 187038.5251s
	iters: 600, epoch: 10 | loss: 0.1295270
	speed: 0.2351s/iter; left time: 186969.7378s
	iters: 700, epoch: 10 | loss: 0.1268216
	speed: 0.2362s/iter; left time: 187806.5006s
	iters: 800, epoch: 10 | loss: 0.1327782
	speed: 0.2351s/iter; left time: 186941.9278s
	iters: 900, epoch: 10 | loss: 0.1445712
	speed: 0.2353s/iter; left time: 187102.5241s
	iters: 1000, epoch: 10 | loss: 0.2025141
	speed: 0.2349s/iter; left time: 186731.6511s
	iters: 1100, epoch: 10 | loss: 0.1796577
	speed: 0.2360s/iter; left time: 187580.4982s
	iters: 1200, epoch: 10 | loss: 0.1578540
	speed: 0.2359s/iter; left time: 187483.9699s
	iters: 1300, epoch: 10 | loss: 0.1567256
	speed: 0.2354s/iter; left time: 187043.8998s
	iters: 1400, epoch: 10 | loss: 0.1500678
	speed: 0.2369s/iter; left time: 188252.4818s
	iters: 1500, epoch: 10 | loss: 0.1904966
	speed: 0.2411s/iter; left time: 191526.3929s
	iters: 1600, epoch: 10 | loss: 0.1372497
	speed: 0.2413s/iter; left time: 191652.5678s
	iters: 1700, epoch: 10 | loss: 0.1424975
	speed: 0.2417s/iter; left time: 191979.0956s
	iters: 1800, epoch: 10 | loss: 0.1355306
	speed: 0.2412s/iter; left time: 191509.1924s
	iters: 1900, epoch: 10 | loss: 0.1648133
	speed: 0.2410s/iter; left time: 191381.9242s
	iters: 2000, epoch: 10 | loss: 0.1244215
	speed: 0.2414s/iter; left time: 191674.1378s
	iters: 2100, epoch: 10 | loss: 0.1283806
	speed: 0.2409s/iter; left time: 191248.8243s
	iters: 2200, epoch: 10 | loss: 0.1239243
	speed: 0.2421s/iter; left time: 192117.5675s
	iters: 2300, epoch: 10 | loss: 0.1319960
	speed: 0.2412s/iter; left time: 191413.1840s
	iters: 2400, epoch: 10 | loss: 0.1386805
	speed: 0.2419s/iter; left time: 191948.5174s
	iters: 2500, epoch: 10 | loss: 0.1243347
	speed: 0.2410s/iter; left time: 191222.2361s
	iters: 2600, epoch: 10 | loss: 0.1157239
	speed: 0.2417s/iter; left time: 191718.2838s
	iters: 2700, epoch: 10 | loss: 0.1406480
	speed: 0.2415s/iter; left time: 191520.6771s
	iters: 2800, epoch: 10 | loss: 0.1215096
	speed: 0.2415s/iter; left time: 191560.3853s
	iters: 2900, epoch: 10 | loss: 0.1255256
	speed: 0.2415s/iter; left time: 191497.6644s
	iters: 3000, epoch: 10 | loss: 0.1858417
	speed: 0.2417s/iter; left time: 191629.3145s
	iters: 3100, epoch: 10 | loss: 0.1388792
	speed: 0.2410s/iter; left time: 191032.4545s
	iters: 3200, epoch: 10 | loss: 0.1434352
	speed: 0.2418s/iter; left time: 191666.5942s
	iters: 3300, epoch: 10 | loss: 0.1212605
	speed: 0.2416s/iter; left time: 191470.7623s
	iters: 3400, epoch: 10 | loss: 0.1215072
	speed: 0.2414s/iter; left time: 191344.7553s
	iters: 3500, epoch: 10 | loss: 0.1340975
	speed: 0.2413s/iter; left time: 191197.7225s
	iters: 3600, epoch: 10 | loss: 0.1200235
	speed: 0.2412s/iter; left time: 191137.1436s
	iters: 3700, epoch: 10 | loss: 0.1705432
	speed: 0.2419s/iter; left time: 191636.0454s
	iters: 3800, epoch: 10 | loss: 0.1680291
	speed: 0.2416s/iter; left time: 191380.0009s
	iters: 3900, epoch: 10 | loss: 0.1698346
	speed: 0.2415s/iter; left time: 191250.6310s
	iters: 4000, epoch: 10 | loss: 0.1673565
	speed: 0.2412s/iter; left time: 191000.5083s
	iters: 4100, epoch: 10 | loss: 0.1650220
	speed: 0.2419s/iter; left time: 191556.0700s
Epoch: 10 cost time: 998.7246153354645
Epoch: 10, Steps: 4167 | Train Loss: 0.1513674 Vali Loss: 0.2149221 Test Loss: 0.3126580
EarlyStopping counter: 1 out of 5
	iters: 100, epoch: 11 | loss: 0.1610667
	speed: 8.1719s/iter; left time: 6469104.4973s
	iters: 200, epoch: 11 | loss: 0.1701316
	speed: 0.2426s/iter; left time: 191989.6193s
	iters: 300, epoch: 11 | loss: 0.1571427
	speed: 0.2425s/iter; left time: 191926.6725s
	iters: 400, epoch: 11 | loss: 0.1678069
	speed: 0.2428s/iter; left time: 192126.8463s
	iters: 500, epoch: 11 | loss: 0.1653714
	speed: 0.2427s/iter; left time: 192003.4273s
	iters: 600, epoch: 11 | loss: 0.1554546
	speed: 0.2425s/iter; left time: 191842.8978s
	iters: 700, epoch: 11 | loss: 0.1562957
	speed: 0.2422s/iter; left time: 191569.1524s
	iters: 800, epoch: 11 | loss: 0.1528529
	speed: 0.2427s/iter; left time: 191948.1465s
	iters: 900, epoch: 11 | loss: 0.1435466
	speed: 0.2424s/iter; left time: 191662.9395s
	iters: 1000, epoch: 11 | loss: 0.1436816
	speed: 0.2432s/iter; left time: 192315.5820s
	iters: 1100, epoch: 11 | loss: 0.1320931
	speed: 0.2426s/iter; left time: 191779.6291s
	iters: 1200, epoch: 11 | loss: 0.1596810
	speed: 0.2423s/iter; left time: 191567.4513s
	iters: 1300, epoch: 11 | loss: 0.1397385
	speed: 0.2424s/iter; left time: 191608.6383s
	iters: 1400, epoch: 11 | loss: 0.1214992
	speed: 0.2428s/iter; left time: 191854.1719s
	iters: 1500, epoch: 11 | loss: 0.1420064
	speed: 0.2433s/iter; left time: 192238.3171s
	iters: 1600, epoch: 11 | loss: 0.1434917
	speed: 0.2421s/iter; left time: 191254.8889s
	iters: 1700, epoch: 11 | loss: 0.1346363
	speed: 0.2426s/iter; left time: 191649.8499s
	iters: 1800, epoch: 11 | loss: 0.1246846
	speed: 0.2428s/iter; left time: 191801.8854s
	iters: 1900, epoch: 11 | loss: 0.1303470
	speed: 0.2429s/iter; left time: 191857.9208s
	iters: 2000, epoch: 11 | loss: 0.1394562
	speed: 0.2428s/iter; left time: 191737.9670s
	iters: 2100, epoch: 11 | loss: 0.1399545
	speed: 0.2434s/iter; left time: 192191.5026s
	iters: 2200, epoch: 11 | loss: 0.1228601
	speed: 0.2424s/iter; left time: 191395.2408s
	iters: 2300, epoch: 11 | loss: 0.1321220
	speed: 0.2418s/iter; left time: 190876.8181s
	iters: 2400, epoch: 11 | loss: 0.1422517
	speed: 0.2414s/iter; left time: 190551.0589s
	iters: 2500, epoch: 11 | loss: 0.1361427
	speed: 0.2416s/iter; left time: 190691.6210s
	iters: 2600, epoch: 11 | loss: 0.1205133
	speed: 0.2420s/iter; left time: 190961.8455s
	iters: 2700, epoch: 11 | loss: 0.1310519
	speed: 0.2417s/iter; left time: 190706.3365s
	iters: 2800, epoch: 11 | loss: 0.1270619
	speed: 0.2421s/iter; left time: 191024.9996s
	iters: 2900, epoch: 11 | loss: 0.1206775
	speed: 0.2419s/iter; left time: 190821.4166s
	iters: 3000, epoch: 11 | loss: 0.1192373
	speed: 0.2426s/iter; left time: 191333.9719s
	iters: 3100, epoch: 11 | loss: 0.1071278
	speed: 0.2419s/iter; left time: 190787.4685s
	iters: 3200, epoch: 11 | loss: 0.1230602
	speed: 0.2416s/iter; left time: 190518.9923s
	iters: 3300, epoch: 11 | loss: 0.1451413
	speed: 0.2421s/iter; left time: 190891.0876s
	iters: 3400, epoch: 11 | loss: 0.1182958
	speed: 0.2418s/iter; left time: 190625.6969s
	iters: 3500, epoch: 11 | loss: 0.1416861
	speed: 0.2417s/iter; left time: 190527.3668s
	iters: 3600, epoch: 11 | loss: 0.1281630
	speed: 0.2425s/iter; left time: 191094.2732s
	iters: 3700, epoch: 11 | loss: 0.1269309
	speed: 0.2416s/iter; left time: 190365.5059s
	iters: 3800, epoch: 11 | loss: 0.1834235
	speed: 0.2413s/iter; left time: 190111.6293s
	iters: 3900, epoch: 11 | loss: 0.1340673
	speed: 0.2425s/iter; left time: 191076.6459s
	iters: 4000, epoch: 11 | loss: 0.1259987
	speed: 0.2425s/iter; left time: 191035.8276s
	iters: 4100, epoch: 11 | loss: 0.1250449
	speed: 0.2425s/iter; left time: 191005.1164s
Epoch: 11 cost time: 1010.7071251869202
Args in experiment:
Namespace(activation='gelu', anomaly_ratio=0.25, batch_size=32, c_out=1613, checkpoints='./checkpoints/', d_conv=4, d_ff=2048, d_layers=1, d_model=128, data='custom', data_path='pems07_h.csv', dec_in=1613, des='Exp', devices='0,1,2,3', distil=True, dropout=0, e_layers=2, embed='timeF', enc_in=1613, expand=2, factor=3, features='M', freq='h', gap_day=365, gpu=0, inverse=False, is_training=1, itr=1, label_len=48, learning_rate=0.0005, loss='MSE', lradj='type3', mask_rate=0.25, model='Autoformer', model_id='pems07_h_96_336', moving_avg=25, n_heads=8, num_kernels=6, num_workers=10, output_attention=False, p_hidden_dims=[128, 128], p_hidden_layers=2, patience=5, pred_len=336, root_path='../../data/pems/', samle_rate=1.0, sample_seed=7, seasonal_patterns='Monthly', seq_len=96, target='OT', task_name='long_term_forecast', top_k=5, train_epochs=200, train_seed=2024, use_amp=False, use_gpu=True, use_multi_gpu=False)
Use GPU: cuda:0
>>>>>>>start training : long_term_forecast_pems07_h_96_336_Autoformer_custom_ftM_sl96_ll48_pl336_dm128_nh8_el2_dl1_df2048_fc3_ebtimeF_dtTrue_srate1.0_sseed7_trainseed2024_Exp_0>>>>>>>>>>>>>>>>>>>>>>>>>>
train 133364
val 18779
test 37892
	iters: 100, epoch: 1 | loss: 0.2595305
	speed: 0.2503s/iter; left time: 208558.7183s
	iters: 200, epoch: 1 | loss: 0.2251364
	speed: 0.2403s/iter; left time: 200198.7502s
	iters: 300, epoch: 1 | loss: 0.2044343
	speed: 0.2395s/iter; left time: 199534.8643s
	iters: 400, epoch: 1 | loss: 0.2138027
	speed: 0.2401s/iter; left time: 199968.9652s
	iters: 500, epoch: 1 | loss: 0.2133274
	speed: 0.2408s/iter; left time: 200594.8193s
	iters: 600, epoch: 1 | loss: 0.2063773
	speed: 0.2404s/iter; left time: 200238.5367s
	iters: 700, epoch: 1 | loss: 0.1910136
	speed: 0.2403s/iter; left time: 200117.8635s
	iters: 800, epoch: 1 | loss: 0.1905777
	speed: 0.2411s/iter; left time: 200735.5544s
	iters: 900, epoch: 1 | loss: 0.1917376
	speed: 0.2416s/iter; left time: 201117.9713s
	iters: 1000, epoch: 1 | loss: 0.1735822
	speed: 0.2419s/iter; left time: 201316.6636s
	iters: 1100, epoch: 1 | loss: 0.1895238
	speed: 0.2418s/iter; left time: 201233.2732s
	iters: 1200, epoch: 1 | loss: 0.1820840
	speed: 0.2416s/iter; left time: 201021.1235s
	iters: 1300, epoch: 1 | loss: 0.1933875
	speed: 0.2419s/iter; left time: 201296.6476s
	iters: 1400, epoch: 1 | loss: 0.1955661
	speed: 0.2418s/iter; left time: 201149.8789s
	iters: 1500, epoch: 1 | loss: 0.1801364
	speed: 0.2418s/iter; left time: 201123.3400s
	iters: 1600, epoch: 1 | loss: 0.1824456
	speed: 0.2416s/iter; left time: 200947.7944s
	iters: 1700, epoch: 1 | loss: 0.1774468
	speed: 0.2419s/iter; left time: 201158.0304s
	iters: 1800, epoch: 1 | loss: 0.1823041
	speed: 0.2413s/iter; left time: 200706.8319s
	iters: 1900, epoch: 1 | loss: 0.1590338
	speed: 0.2421s/iter; left time: 201317.0719s
	iters: 2000, epoch: 1 | loss: 0.1786778
	speed: 0.2425s/iter; left time: 201598.0840s
	iters: 2100, epoch: 1 | loss: 0.1795519
	speed: 0.2426s/iter; left time: 201676.7560s
	iters: 2200, epoch: 1 | loss: 0.1795382
	speed: 0.2425s/iter; left time: 201539.5703s
	iters: 2300, epoch: 1 | loss: 0.1662042
	speed: 0.2428s/iter; left time: 201766.6470s
	iters: 2400, epoch: 1 | loss: 0.1491406
	speed: 0.2428s/iter; left time: 201764.7225s
	iters: 2500, epoch: 1 | loss: 0.1972661
	speed: 0.2433s/iter; left time: 202163.9992s
	iters: 2600, epoch: 1 | loss: 0.1647850
	speed: 0.2430s/iter; left time: 201912.6509s
	iters: 2700, epoch: 1 | loss: 0.1656878
	speed: 0.2430s/iter; left time: 201820.6049s
	iters: 2800, epoch: 1 | loss: 0.1718266
	speed: 0.2426s/iter; left time: 201509.7870s
	iters: 2900, epoch: 1 | loss: 0.1710368
	speed: 0.2430s/iter; left time: 201788.1065s
	iters: 3000, epoch: 1 | loss: 0.1691291
	speed: 0.2430s/iter; left time: 201760.3704s
	iters: 3100, epoch: 1 | loss: 0.1634900
	speed: 0.2428s/iter; left time: 201602.8847s
	iters: 3200, epoch: 1 | loss: 0.1768774
	speed: 0.2428s/iter; left time: 201575.5638s
	iters: 3300, epoch: 1 | loss: 0.1712296
	speed: 0.2431s/iter; left time: 201776.1683s
	iters: 3400, epoch: 1 | loss: 0.1869679
	speed: 0.2430s/iter; left time: 201681.9610s
	iters: 3500, epoch: 1 | loss: 0.1909108
	speed: 0.2428s/iter; left time: 201499.5688s
	iters: 3600, epoch: 1 | loss: 0.1664074
	speed: 0.2432s/iter; left time: 201844.3613s
	iters: 3700, epoch: 1 | loss: 0.1783031
	speed: 0.2428s/iter; left time: 201454.2373s
	iters: 3800, epoch: 1 | loss: 0.1644825
	speed: 0.2428s/iter; left time: 201464.0860s
	iters: 3900, epoch: 1 | loss: 0.1728678
	speed: 0.2424s/iter; left time: 201079.9895s
	iters: 4000, epoch: 1 | loss: 0.1894351
	speed: 0.2431s/iter; left time: 201650.9597s
	iters: 4100, epoch: 1 | loss: 0.1861537
	speed: 0.2428s/iter; left time: 201341.9250s
Epoch: 1 cost time: 1009.9114348888397
Epoch: 1, Steps: 4167 | Train Loss: 0.1898118 Vali Loss: 0.2250701 Test Loss: 0.3267817
Validation loss decreased (inf --> 0.225070).  Saving model ...
	iters: 100, epoch: 2 | loss: 0.1646187
	speed: 8.1262s/iter; left time: 6737719.5131s
	iters: 200, epoch: 2 | loss: 0.1638551
	speed: 0.2463s/iter; left time: 204184.3449s
	iters: 300, epoch: 2 | loss: 0.1743849
	speed: 0.2452s/iter; left time: 203288.4732s
	iters: 400, epoch: 2 | loss: 0.1719754
	speed: 0.2449s/iter; left time: 202956.9807s
	iters: 500, epoch: 2 | loss: 0.1661328
	speed: 0.2446s/iter; left time: 202693.2076s
	iters: 600, epoch: 2 | loss: 0.1704577
	speed: 0.2445s/iter; left time: 202627.3760s
	iters: 700, epoch: 2 | loss: 0.1589900
	speed: 0.2453s/iter; left time: 203254.9994s
	iters: 800, epoch: 2 | loss: 0.1624060
	speed: 0.2449s/iter; left time: 202856.4352s
	iters: 900, epoch: 2 | loss: 0.1655125
	speed: 0.2448s/iter; left time: 202798.2665s
	iters: 1000, epoch: 2 | loss: 0.1597171
	speed: 0.2449s/iter; left time: 202869.5471s
	iters: 1100, epoch: 2 | loss: 0.1608682
	speed: 0.2452s/iter; left time: 203019.7994s
	iters: 1200, epoch: 2 | loss: 0.1587151
	speed: 0.2455s/iter; left time: 203261.5347s
	iters: 1300, epoch: 2 | loss: 0.1485914
	speed: 0.2455s/iter; left time: 203234.3264s
	iters: 1400, epoch: 2 | loss: 0.1659757
	speed: 0.2453s/iter; left time: 203058.3344s
	iters: 1500, epoch: 2 | loss: 0.1830413
	speed: 0.2454s/iter; left time: 203163.1587s
	iters: 1600, epoch: 2 | loss: 0.1687541
	speed: 0.2454s/iter; left time: 203141.4301s
	iters: 1700, epoch: 2 | loss: 0.1663329
	speed: 0.2450s/iter; left time: 202758.4710s
	iters: 1800, epoch: 2 | loss: 0.1556778
	speed: 0.2453s/iter; left time: 202951.8624s
	iters: 1900, epoch: 2 | loss: 0.1710474
	speed: 0.2454s/iter; left time: 203069.0303s
	iters: 2000, epoch: 2 | loss: 0.1774152
	speed: 0.2457s/iter; left time: 203277.0605s
	iters: 2100, epoch: 2 | loss: 0.1717631
	speed: 0.2453s/iter; left time: 202868.9353s
	iters: 2200, epoch: 2 | loss: 0.1745614
	speed: 0.2458s/iter; left time: 203266.3763s
	iters: 2300, epoch: 2 | loss: 0.1673307
	speed: 0.2452s/iter; left time: 202756.9120s
	iters: 2400, epoch: 2 | loss: 0.1719240
	speed: 0.2453s/iter; left time: 202846.7889s
	iters: 2500, epoch: 2 | loss: 0.1583971
	speed: 0.2454s/iter; left time: 202913.4464s
	iters: 2600, epoch: 2 | loss: 0.1532510
	speed: 0.2455s/iter; left time: 202936.4590s
	iters: 2700, epoch: 2 | loss: 0.1761166
	speed: 0.2459s/iter; left time: 203241.3165s
	iters: 2800, epoch: 2 | loss: 0.1657269
	speed: 0.2462s/iter; left time: 203489.6451s
	iters: 2900, epoch: 2 | loss: 0.1692027
	speed: 0.2458s/iter; left time: 203098.4062s
	iters: 3000, epoch: 2 | loss: 0.1558320
	speed: 0.2462s/iter; left time: 203379.1972s
	iters: 3100, epoch: 2 | loss: 0.1688934
	speed: 0.2462s/iter; left time: 203395.9685s
	iters: 3200, epoch: 2 | loss: 0.1492731
	speed: 0.2462s/iter; left time: 203370.3616s
	iters: 3300, epoch: 2 | loss: 0.1931985
	speed: 0.2461s/iter; left time: 203258.2508s
	iters: 3400, epoch: 2 | loss: 0.1742414
	speed: 0.2463s/iter; left time: 203422.7562s
	iters: 3500, epoch: 2 | loss: 0.1597989
	speed: 0.2463s/iter; left time: 203357.2299s
	iters: 3600, epoch: 2 | loss: 0.1541370
	speed: 0.2462s/iter; left time: 203277.5681s
	iters: 3700, epoch: 2 | loss: 0.1850346
	speed: 0.2465s/iter; left time: 203497.1766s
	iters: 3800, epoch: 2 | loss: 0.1473895
	speed: 0.2460s/iter; left time: 203043.5462s
	iters: 3900, epoch: 2 | loss: 0.1578387
	speed: 0.2464s/iter; left time: 203381.9760s
	iters: 4000, epoch: 2 | loss: 0.1461823
	speed: 0.2463s/iter; left time: 203232.8708s
	iters: 4100, epoch: 2 | loss: 0.1594612
	speed: 0.2462s/iter; left time: 203112.7914s
Epoch: 2 cost time: 1024.0540540218353
Epoch: 2, Steps: 4167 | Train Loss: 0.1669906 Vali Loss: 0.2111404 Test Loss: 0.3204038
Validation loss decreased (0.225070 --> 0.211140).  Saving model ...
	iters: 100, epoch: 3 | loss: 0.1549049
	speed: 8.1452s/iter; left time: 6719522.5044s
	iters: 200, epoch: 3 | loss: 0.1442305
	speed: 0.2482s/iter; left time: 204769.9980s
	iters: 300, epoch: 3 | loss: 0.1625533
	speed: 0.2479s/iter; left time: 204468.7805s
	iters: 400, epoch: 3 | loss: 0.1502607
	speed: 0.2481s/iter; left time: 204591.1957s
	iters: 500, epoch: 3 | loss: 0.1662860
	speed: 0.2481s/iter; left time: 204548.3593s
	iters: 600, epoch: 3 | loss: 0.1541448
	speed: 0.2481s/iter; left time: 204548.5737s
	iters: 700, epoch: 3 | loss: 0.1414054
	speed: 0.2484s/iter; left time: 204765.3995s
	iters: 800, epoch: 3 | loss: 0.1378778
	speed: 0.2481s/iter; left time: 204474.7015s
	iters: 900, epoch: 3 | loss: 0.1689280
	speed: 0.2484s/iter; left time: 204703.3519s
	iters: 1000, epoch: 3 | loss: 0.1516459
	speed: 0.2484s/iter; left time: 204692.8450s
	iters: 1100, epoch: 3 | loss: 0.1420994
	speed: 0.2480s/iter; left time: 204363.4723s
	iters: 1200, epoch: 3 | loss: 0.1493210
	speed: 0.2487s/iter; left time: 204855.2073s
	iters: 1300, epoch: 3 | loss: 0.1481779
	speed: 0.2481s/iter; left time: 204402.3954s
	iters: 1400, epoch: 3 | loss: 0.1448823
	speed: 0.2486s/iter; left time: 204727.2148s
	iters: 1500, epoch: 3 | loss: 0.1552555
	speed: 0.2484s/iter; left time: 204553.4387s
	iters: 1600, epoch: 3 | loss: 0.1474660
	speed: 0.2484s/iter; left time: 204573.0719s
	iters: 1700, epoch: 3 | loss: 0.1471689
	speed: 0.2486s/iter; left time: 204691.6069s
	iters: 1800, epoch: 3 | loss: 0.1409607
	speed: 0.2485s/iter; left time: 204579.4521s
	iters: 1900, epoch: 3 | loss: 0.1486277
	speed: 0.2485s/iter; left time: 204537.0294s
	iters: 2000, epoch: 3 | loss: 0.1729241
	speed: 0.2488s/iter; left time: 204767.7262s
	iters: 2100, epoch: 3 | loss: 0.1638318
	speed: 0.2483s/iter; left time: 204328.8962s
	iters: 2200, epoch: 3 | loss: 0.1698929
	speed: 0.2485s/iter; left time: 204441.7988s
	iters: 2300, epoch: 3 | loss: 0.1523179
	speed: 0.2485s/iter; left time: 204459.0817s
	iters: 2400, epoch: 3 | loss: 0.1665680
	speed: 0.2488s/iter; left time: 204679.1661s
	iters: 2500, epoch: 3 | loss: 0.1826481
	speed: 0.2486s/iter; left time: 204503.6226s
	iters: 2600, epoch: 3 | loss: 0.1550510
	speed: 0.2487s/iter; left time: 204543.2966s
	iters: 2700, epoch: 3 | loss: 0.1659982
	speed: 0.2488s/iter; left time: 204624.8271s
	iters: 2800, epoch: 3 | loss: 0.1612374
	speed: 0.2482s/iter; left time: 204082.2108s
	iters: 2900, epoch: 3 | loss: 0.1591685
	speed: 0.2486s/iter; left time: 204401.9492s
	iters: 3000, epoch: 3 | loss: 0.1576393
	speed: 0.2486s/iter; left time: 204381.3743s
	iters: 3100, epoch: 3 | loss: 0.1560315
	speed: 0.2488s/iter; left time: 204474.8835s
	iters: 3200, epoch: 3 | loss: 0.1436863
	speed: 0.2486s/iter; left time: 204354.1885s
	iters: 3300, epoch: 3 | loss: 0.1810915
	speed: 0.2487s/iter; left time: 204360.2388s
	iters: 3400, epoch: 3 | loss: 0.1542334
	speed: 0.2484s/iter; left time: 204134.2137s
	iters: 3500, epoch: 3 | loss: 0.1503628
	speed: 0.2490s/iter; left time: 204592.4374s
	iters: 3600, epoch: 3 | loss: 0.1542083
	speed: 0.2489s/iter; left time: 204489.7046s
	iters: 3700, epoch: 3 | loss: 0.1584728
	speed: 0.2493s/iter; left time: 204736.5165s
	iters: 3800, epoch: 3 | loss: 0.1560810
	speed: 0.2489s/iter; left time: 204389.0499s
	iters: 3900, epoch: 3 | loss: 0.1694633
	speed: 0.2488s/iter; left time: 204297.1762s
	iters: 4000, epoch: 3 | loss: 0.1410910
	speed: 0.2486s/iter; left time: 204087.9935s
	iters: 4100, epoch: 3 | loss: 0.1486402
	speed: 0.2490s/iter; left time: 204430.9561s
Epoch: 3 cost time: 1035.8909335136414
Epoch: 3, Steps: 4167 | Train Loss: 0.1538094 Vali Loss: 0.1996983 Test Loss: 0.3092811
Validation loss decreased (0.211140 --> 0.199698).  Saving model ...
	iters: 100, epoch: 4 | loss: 0.1683315
	speed: 8.2016s/iter; left time: 6731879.1535s
	iters: 200, epoch: 4 | loss: 0.1438837
	speed: 0.2452s/iter; left time: 201206.2991s
	iters: 300, epoch: 4 | loss: 0.1428149
	speed: 0.2452s/iter; left time: 201219.6011s
	iters: 400, epoch: 4 | loss: 0.1542390
	speed: 0.2451s/iter; left time: 201138.5863s
	iters: 500, epoch: 4 | loss: 0.1415920
	speed: 0.2454s/iter; left time: 201303.9749s
	iters: 600, epoch: 4 | loss: 0.1424442
	speed: 0.2442s/iter; left time: 200343.1938s
	iters: 700, epoch: 4 | loss: 0.1642627
	speed: 0.2457s/iter; left time: 201539.8278s
	iters: 800, epoch: 4 | loss: 0.1630161
	speed: 0.2427s/iter; left time: 199048.0227s
	iters: 900, epoch: 4 | loss: 0.1383787
	speed: 0.2424s/iter; left time: 198793.9688s
	iters: 1000, epoch: 4 | loss: 0.1740082
	speed: 0.2414s/iter; left time: 197964.6281s
	iters: 1100, epoch: 4 | loss: 0.1581760
	speed: 0.2417s/iter; left time: 198144.7166s
	iters: 1200, epoch: 4 | loss: 0.1521398
	speed: 0.2437s/iter; left time: 199791.1888s
	iters: 1300, epoch: 4 | loss: 0.1417081
	speed: 0.2437s/iter; left time: 199747.9270s
	iters: 1400, epoch: 4 | loss: 0.1420417
	speed: 0.2429s/iter; left time: 199022.5763s
	iters: 1500, epoch: 4 | loss: 0.1399640
	speed: 0.2431s/iter; left time: 199191.2575s
	iters: 1600, epoch: 4 | loss: 0.1477535
	speed: 0.2431s/iter; left time: 199168.6924s
	iters: 1700, epoch: 4 | loss: 0.1420287
	speed: 0.2433s/iter; left time: 199280.8066s
	iters: 1800, epoch: 4 | loss: 0.1474541
	speed: 0.2443s/iter; left time: 200110.3058s
	iters: 1900, epoch: 4 | loss: 0.1415748
	speed: 0.2433s/iter; left time: 199302.4846s
	iters: 2000, epoch: 4 | loss: 0.1410090
	speed: 0.2409s/iter; left time: 197237.5789s
	iters: 2100, epoch: 4 | loss: 0.1382047
	speed: 0.2419s/iter; left time: 198052.1031s
	iters: 2200, epoch: 4 | loss: 0.1313565
	speed: 0.2434s/iter; left time: 199242.8742s
	iters: 2300, epoch: 4 | loss: 0.1394870
	speed: 0.2437s/iter; left time: 199469.0669s
	iters: 2400, epoch: 4 | loss: 0.2685117
	speed: 0.2434s/iter; left time: 199262.6134s
	iters: 2500, epoch: 4 | loss: 0.1765450
	speed: 0.2408s/iter; left time: 197082.1047s
	iters: 2600, epoch: 4 | loss: 0.1644725
	speed: 0.2403s/iter; left time: 196639.4759s
	iters: 2700, epoch: 4 | loss: 0.1600081
	speed: 0.2406s/iter; left time: 196892.6342s
	iters: 2800, epoch: 4 | loss: 0.1630550
	speed: 0.2401s/iter; left time: 196396.0726s
	iters: 2900, epoch: 4 | loss: 0.1541857
	speed: 0.2441s/iter; left time: 199713.2448s
	iters: 3000, epoch: 4 | loss: 0.1572573
	speed: 0.2443s/iter; left time: 199786.0348s
	iters: 3100, epoch: 4 | loss: 0.1521686
	speed: 0.2444s/iter; left time: 199907.4054s
	iters: 3200, epoch: 4 | loss: 0.1526715
	speed: 0.2445s/iter; left time: 199906.1664s
	iters: 3300, epoch: 4 | loss: 0.1600146
	speed: 0.2448s/iter; left time: 200111.6518s
	iters: 3400, epoch: 4 | loss: 0.1587330
	speed: 0.2446s/iter; left time: 199972.2162s
	iters: 3500, epoch: 4 | loss: 0.1630612
	speed: 0.2449s/iter; left time: 200165.4200s
	iters: 3600, epoch: 4 | loss: 0.1939884
	speed: 0.2447s/iter; left time: 199957.9199s
	iters: 3700, epoch: 4 | loss: 0.1628832
	speed: 0.2447s/iter; left time: 199940.9826s
	iters: 3800, epoch: 4 | loss: 0.1462814
	speed: 0.2447s/iter; left time: 199911.3769s
	iters: 3900, epoch: 4 | loss: 0.1523365
	speed: 0.2448s/iter; left time: 200015.0133s
	iters: 4000, epoch: 4 | loss: 0.1380253
	speed: 0.2447s/iter; left time: 199863.0215s
	iters: 4100, epoch: 4 | loss: 0.1460272
	speed: 0.2449s/iter; left time: 200011.1012s
Epoch: 4 cost time: 1015.549441576004
Epoch: 4, Steps: 4167 | Train Loss: 0.1557664 Vali Loss: 0.1918110 Test Loss: 0.2990355
Validation loss decreased (0.199698 --> 0.191811).  Saving model ...
	iters: 100, epoch: 5 | loss: 0.1293674
	speed: 8.1880s/iter; left time: 6686552.2641s
	iters: 200, epoch: 5 | loss: 0.2916992
	speed: 0.2449s/iter; left time: 199966.8040s
	iters: 300, epoch: 5 | loss: 0.1999686
	speed: 0.2450s/iter; left time: 200024.1424s
	iters: 400, epoch: 5 | loss: 0.1966218
	speed: 0.2449s/iter; left time: 199903.3344s
	iters: 500, epoch: 5 | loss: 0.1862185
	speed: 0.2445s/iter; left time: 199609.1490s
	iters: 600, epoch: 5 | loss: 0.1774183
	speed: 0.2448s/iter; left time: 199807.1627s
	iters: 700, epoch: 5 | loss: 0.1839584
	speed: 0.2452s/iter; left time: 200069.1975s
	iters: 800, epoch: 5 | loss: 0.1727636
	speed: 0.2449s/iter; left time: 199787.6605s
	iters: 900, epoch: 5 | loss: 0.1678639
	speed: 0.2451s/iter; left time: 199968.9816s
	iters: 1000, epoch: 5 | loss: 0.1551924
	speed: 0.2450s/iter; left time: 199840.7746s
	iters: 1100, epoch: 5 | loss: 0.1812968
	speed: 0.2462s/iter; left time: 200807.5272s
	iters: 1200, epoch: 5 | loss: 0.1646675
	speed: 0.2459s/iter; left time: 200511.1780s
	iters: 1300, epoch: 5 | loss: 0.1572910
	speed: 0.2447s/iter; left time: 199539.4124s
	iters: 1400, epoch: 5 | loss: 0.1602823
	speed: 0.2452s/iter; left time: 199925.0866s
	iters: 1500, epoch: 5 | loss: 0.1714393
	speed: 0.2450s/iter; left time: 199733.3698s
	iters: 1600, epoch: 5 | loss: 0.1643324
	speed: 0.2465s/iter; left time: 200952.0264s
	iters: 1700, epoch: 5 | loss: 0.1542355
	speed: 0.2454s/iter; left time: 199995.3187s
	iters: 1800, epoch: 5 | loss: 0.1627236
	speed: 0.2452s/iter; left time: 199784.0511s
	iters: 1900, epoch: 5 | loss: 0.1525694
	speed: 0.2455s/iter; left time: 200016.6247s
	iters: 2000, epoch: 5 | loss: 0.1554735
	speed: 0.2461s/iter; left time: 200538.2084s
	iters: 2100, epoch: 5 | loss: 0.1512844
	speed: 0.2454s/iter; left time: 199912.1518s
	iters: 2200, epoch: 5 | loss: 0.1581398
	speed: 0.2453s/iter; left time: 199770.8781s
	iters: 2300, epoch: 5 | loss: 0.1671385
	speed: 0.2445s/iter; left time: 199139.0321s
	iters: 2400, epoch: 5 | loss: 0.1463614
	speed: 0.2460s/iter; left time: 200295.5538s
	iters: 2500, epoch: 5 | loss: 0.1448258
	speed: 0.2460s/iter; left time: 200277.0978s
	iters: 2600, epoch: 5 | loss: 0.1517828
	speed: 0.2462s/iter; left time: 200417.1324s
	iters: 2700, epoch: 5 | loss: 0.1569596
	speed: 0.2457s/iter; left time: 200022.2889s
	iters: 2800, epoch: 5 | loss: 0.2245930
	speed: 0.2469s/iter; left time: 200960.9275s
	iters: 2900, epoch: 5 | loss: 0.2004410
	speed: 0.2450s/iter; left time: 199393.0394s
	iters: 3000, epoch: 5 | loss: 0.1937797
	speed: 0.2453s/iter; left time: 199601.4119s
	iters: 3100, epoch: 5 | loss: 0.1754751
	speed: 0.2456s/iter; left time: 199832.4117s
	iters: 3200, epoch: 5 | loss: 0.1604213
	speed: 0.2450s/iter; left time: 199288.7970s
	iters: 3300, epoch: 5 | loss: 0.1760286
	speed: 0.2447s/iter; left time: 199045.8762s
	iters: 3400, epoch: 5 | loss: 0.2041234
	speed: 0.2452s/iter; left time: 199400.3855s
	iters: 3500, epoch: 5 | loss: 0.1630831
	speed: 0.2452s/iter; left time: 199387.7990s
	iters: 3600, epoch: 5 | loss: 0.1768875
	speed: 0.2451s/iter; left time: 199314.3164s
	iters: 3700, epoch: 5 | loss: 0.1683099
	speed: 0.2468s/iter; left time: 200618.0537s
	iters: 3800, epoch: 5 | loss: 0.2028445
	speed: 0.2463s/iter; left time: 200200.8362s
	iters: 3900, epoch: 5 | loss: 0.1658719
	speed: 0.2455s/iter; left time: 199583.3725s
	iters: 4000, epoch: 5 | loss: 0.1593718
	speed: 0.2453s/iter; left time: 199326.6173s
	iters: 4100, epoch: 5 | loss: 0.1499840
	speed: 0.2459s/iter; left time: 199824.7238s
Epoch: 5 cost time: 1023.095534324646
Epoch: 5, Steps: 4167 | Train Loss: 0.1772817 Vali Loss: 0.2313773 Test Loss: 0.3592736
EarlyStopping counter: 1 out of 5
	iters: 100, epoch: 6 | loss: 0.1667231
	speed: 8.1612s/iter; left time: 6630664.1232s
	iters: 200, epoch: 6 | loss: 0.1746857
	speed: 0.2380s/iter; left time: 193308.0510s
	iters: 300, epoch: 6 | loss: 0.1747880
	speed: 0.2423s/iter; left time: 196836.3465s
	iters: 400, epoch: 6 | loss: 0.1511321
	speed: 0.2395s/iter; left time: 194552.4593s
	iters: 500, epoch: 6 | loss: 0.1667448
	speed: 0.2398s/iter; left time: 194731.2817s
	iters: 600, epoch: 6 | loss: 0.1472898
	speed: 0.2396s/iter; left time: 194547.4120s
	iters: 700, epoch: 6 | loss: 0.1536145
	speed: 0.2396s/iter; left time: 194512.0201s
	iters: 800, epoch: 6 | loss: 0.1522917
	speed: 0.2396s/iter; left time: 194523.7987s
	iters: 900, epoch: 6 | loss: 0.1446724
	speed: 0.2392s/iter; left time: 194132.4005s
	iters: 1000, epoch: 6 | loss: 0.1628142
	speed: 0.2389s/iter; left time: 193867.6331s
	iters: 1100, epoch: 6 | loss: 0.1552132
	speed: 0.2390s/iter; left time: 193966.7039s
	iters: 1200, epoch: 6 | loss: 0.1448299
	speed: 0.2389s/iter; left time: 193848.6627s
	iters: 1300, epoch: 6 | loss: 0.1422115
	speed: 0.2393s/iter; left time: 194157.4724s
	iters: 1400, epoch: 6 | loss: 0.1462786
	speed: 0.2392s/iter; left time: 194029.0860s
	iters: 1500, epoch: 6 | loss: 0.1498083
	speed: 0.2388s/iter; left time: 193662.1609s
	iters: 1600, epoch: 6 | loss: 0.1920022
	speed: 0.2396s/iter; left time: 194326.4002s
	iters: 1700, epoch: 6 | loss: 0.1730906
	speed: 0.2388s/iter; left time: 193647.8937s
	iters: 1800, epoch: 6 | loss: 0.1485713
	speed: 0.2398s/iter; left time: 194383.2856s
	iters: 1900, epoch: 6 | loss: 0.2010138
	speed: 0.2398s/iter; left time: 194361.5389s
	iters: 2000, epoch: 6 | loss: 0.1744731
	speed: 0.2396s/iter; left time: 194180.1444s
	iters: 2100, epoch: 6 | loss: 0.2502080
	speed: 0.2398s/iter; left time: 194360.3340s
	iters: 2200, epoch: 6 | loss: 0.1779596
	speed: 0.2400s/iter; left time: 194450.0392s
	iters: 2300, epoch: 6 | loss: 0.1588414
	speed: 0.2406s/iter; left time: 194944.0858s
	iters: 2400, epoch: 6 | loss: 0.1619398
	speed: 0.2405s/iter; left time: 194866.0001s
	iters: 2500, epoch: 6 | loss: 0.1707676
	speed: 0.2405s/iter; left time: 194842.3859s
	iters: 2600, epoch: 6 | loss: 0.1763686
	speed: 0.2401s/iter; left time: 194508.6837s
	iters: 2700, epoch: 6 | loss: 0.1656193
	speed: 0.2408s/iter; left time: 195012.8282s
	iters: 2800, epoch: 6 | loss: 0.1687818
	speed: 0.2400s/iter; left time: 194371.8187s
	iters: 2900, epoch: 6 | loss: 0.1465503
	speed: 0.2404s/iter; left time: 194617.0628s
	iters: 3000, epoch: 6 | loss: 0.1680314
	speed: 0.2399s/iter; left time: 194228.2633s
	iters: 3100, epoch: 6 | loss: 0.1609930
	speed: 0.2402s/iter; left time: 194446.9974s
	iters: 3200, epoch: 6 | loss: 0.1703667
	speed: 0.2403s/iter; left time: 194510.4674s
	iters: 3300, epoch: 6 | loss: 0.1583842
	speed: 0.2398s/iter; left time: 194098.6193s
	iters: 3400, epoch: 6 | loss: 0.1525920
	speed: 0.2407s/iter; left time: 194747.8337s
	iters: 3500, epoch: 6 | loss: 0.1443061
	speed: 0.2403s/iter; left time: 194390.7111s
	iters: 3600, epoch: 6 | loss: 0.2053316
	speed: 0.2396s/iter; left time: 193855.8559s
	iters: 3700, epoch: 6 | loss: 0.1808649
	speed: 0.2397s/iter; left time: 193905.2676s
	iters: 3800, epoch: 6 | loss: 0.1730336
	speed: 0.2400s/iter; left time: 194138.1686s
	iters: 3900, epoch: 6 | loss: 0.1644864
	speed: 0.2395s/iter; left time: 193654.8160s
	iters: 4000, epoch: 6 | loss: 0.1506511
	speed: 0.2395s/iter; left time: 193688.0944s
	iters: 4100, epoch: 6 | loss: 0.1790621
	speed: 0.2396s/iter; left time: 193689.1150s
Epoch: 6 cost time: 999.8757078647614
Epoch: 6, Steps: 4167 | Train Loss: 0.1678550 Vali Loss: 0.2341283 Test Loss: 0.3289280
EarlyStopping counter: 2 out of 5
	iters: 100, epoch: 7 | loss: 0.1433285
	speed: 8.1491s/iter; left time: 6586897.6126s
	iters: 200, epoch: 7 | loss: 0.1503219
	speed: 0.2401s/iter; left time: 194036.1706s
	iters: 300, epoch: 7 | loss: 0.1425260
	speed: 0.2395s/iter; left time: 193504.3297s
	iters: 400, epoch: 7 | loss: 0.1959047
	speed: 0.2403s/iter; left time: 194125.1298s
	iters: 500, epoch: 7 | loss: 0.1808292
	speed: 0.2398s/iter; left time: 193773.9136s
	iters: 600, epoch: 7 | loss: 0.1707241
	speed: 0.2391s/iter; left time: 193157.9747s
	iters: 700, epoch: 7 | loss: 0.1794019
	speed: 0.2386s/iter; left time: 192741.6450s
	iters: 800, epoch: 7 | loss: 0.1775580
	speed: 0.2384s/iter; left time: 192511.3681s
	iters: 900, epoch: 7 | loss: 0.1702475
	speed: 0.2382s/iter; left time: 192322.1497s
	iters: 1000, epoch: 7 | loss: 0.1683420
	speed: 0.2385s/iter; left time: 192569.7889s
	iters: 1100, epoch: 7 | loss: 0.1531387
	speed: 0.2384s/iter; left time: 192477.8695s
	iters: 1200, epoch: 7 | loss: 0.1722270
	speed: 0.2388s/iter; left time: 192767.3321s
	iters: 1300, epoch: 7 | loss: 0.1474911
	speed: 0.2382s/iter; left time: 192240.7518s
	iters: 1400, epoch: 7 | loss: 0.1967320
	speed: 0.2389s/iter; left time: 192797.4223s
	iters: 1500, epoch: 7 | loss: 0.1741892
	speed: 0.2394s/iter; left time: 193139.5591s
	iters: 1600, epoch: 7 | loss: 0.1750279
	speed: 0.2394s/iter; left time: 193162.3963s
	iters: 1700, epoch: 7 | loss: 0.1705734
	speed: 0.2387s/iter; left time: 192551.7168s
	iters: 1800, epoch: 7 | loss: 0.1804397
	speed: 0.2390s/iter; left time: 192762.3079s
	iters: 1900, epoch: 7 | loss: 0.1491505
	speed: 0.2402s/iter; left time: 193740.8303s
	iters: 2000, epoch: 7 | loss: 0.1740823
	speed: 0.2472s/iter; left time: 199361.6532s
	iters: 2100, epoch: 7 | loss: 0.1505165
	speed: 0.2391s/iter; left time: 192796.9145s
	iters: 2200, epoch: 7 | loss: 0.1475093
	speed: 0.2389s/iter; left time: 192635.0136s
	iters: 2300, epoch: 7 | loss: 0.1444004
	speed: 0.2391s/iter; left time: 192745.0943s
	iters: 2400, epoch: 7 | loss: 0.1417227
	speed: 0.2390s/iter; left time: 192669.4680s
	iters: 2500, epoch: 7 | loss: 0.1708919
	speed: 0.2393s/iter; left time: 192861.5342s
	iters: 2600, epoch: 7 | loss: 0.1486198
	speed: 0.2385s/iter; left time: 192155.7455s
	iters: 2700, epoch: 7 | loss: 0.1579603
	speed: 0.2395s/iter; left time: 192950.1696s
	iters: 2800, epoch: 7 | loss: 0.1399612
	speed: 0.2385s/iter; left time: 192144.1806s
	iters: 2900, epoch: 7 | loss: 0.1522199
	speed: 0.2388s/iter; left time: 192349.7418s
	iters: 3000, epoch: 7 | loss: 0.1410547
	speed: 0.2387s/iter; left time: 192248.7769s
	iters: 3100, epoch: 7 | loss: 0.1283414
	speed: 0.2382s/iter; left time: 191819.9038s
	iters: 3200, epoch: 7 | loss: 0.1369147
	speed: 0.2379s/iter; left time: 191534.3098s
	iters: 3300, epoch: 7 | loss: 0.1597532
	speed: 0.2381s/iter; left time: 191711.7328s
	iters: 3400, epoch: 7 | loss: 0.1617936
	speed: 0.2387s/iter; left time: 192173.6660s
	iters: 3500, epoch: 7 | loss: 0.1392964
	speed: 0.2388s/iter; left time: 192175.4605s
	iters: 3600, epoch: 7 | loss: 0.1317286
	speed: 0.2380s/iter; left time: 191566.5456s
	iters: 3700, epoch: 7 | loss: 0.1499522
	speed: 0.2383s/iter; left time: 191767.9460s
	iters: 3800, epoch: 7 | loss: 0.1428192
	speed: 0.2384s/iter; left time: 191852.5170s
	iters: 3900, epoch: 7 | loss: 0.1294216
	speed: 0.2383s/iter; left time: 191703.6850s
	iters: 4000, epoch: 7 | loss: 0.1471091
	speed: 0.2388s/iter; left time: 192095.7025s
	iters: 4100, epoch: 7 | loss: 0.2221024
	speed: 0.2389s/iter; left time: 192155.9833s
Epoch: 7 cost time: 996.9527351856232
Epoch: 7, Steps: 4167 | Train Loss: 0.1623301 Vali Loss: 0.2457463 Test Loss: 0.3288083
EarlyStopping counter: 3 out of 5
	iters: 100, epoch: 8 | loss: 0.1720218
	speed: 8.1840s/iter; left time: 6581004.7721s
	iters: 200, epoch: 8 | loss: 0.1592625
	speed: 0.2461s/iter; left time: 197854.4581s
	iters: 300, epoch: 8 | loss: 0.1956588
	speed: 0.2450s/iter; left time: 196996.9229s
	iters: 400, epoch: 8 | loss: 0.2026084
	speed: 0.2455s/iter; left time: 197318.6720s
	iters: 500, epoch: 8 | loss: 0.2031471
	speed: 0.2453s/iter; left time: 197189.3788s
	iters: 600, epoch: 8 | loss: 0.1677148
	speed: 0.2456s/iter; left time: 197355.1406s
	iters: 700, epoch: 8 | loss: 0.1522158
	speed: 0.2459s/iter; left time: 197584.9184s
	iters: 800, epoch: 8 | loss: 0.1676192
	speed: 0.2456s/iter; left time: 197298.9967s
	iters: 900, epoch: 8 | loss: 0.1838360
	speed: 0.2445s/iter; left time: 196375.9606s
	iters: 1000, epoch: 8 | loss: 0.1647136
	speed: 0.2437s/iter; left time: 195752.4194s
	iters: 1100, epoch: 8 | loss: 0.1510389
	speed: 0.2436s/iter; left time: 195651.7529s
	iters: 1200, epoch: 8 | loss: 0.1432962
	speed: 0.2434s/iter; left time: 195470.0117s
	iters: 1300, epoch: 8 | loss: 0.1494055
	speed: 0.2437s/iter; left time: 195671.2616s
	iters: 1400, epoch: 8 | loss: 0.1573565
	speed: 0.2438s/iter; left time: 195749.2830s
	iters: 1500, epoch: 8 | loss: 0.1583257
	speed: 0.2438s/iter; left time: 195717.7581s
	iters: 1600, epoch: 8 | loss: 0.1827383
	speed: 0.2442s/iter; left time: 195989.5616s
	iters: 1700, epoch: 8 | loss: 0.1735250
	speed: 0.2440s/iter; left time: 195813.9112s
	iters: 1800, epoch: 8 | loss: 0.1699002
	speed: 0.2443s/iter; left time: 196050.3693s
	iters: 1900, epoch: 8 | loss: 0.1660545
	speed: 0.2436s/iter; left time: 195485.7472s
	iters: 2000, epoch: 8 | loss: 0.1800387
	speed: 0.2444s/iter; left time: 196084.7599s
	iters: 2100, epoch: 8 | loss: 0.1656576
	speed: 0.2443s/iter; left time: 195992.9751s
	iters: 2200, epoch: 8 | loss: 0.1707866
	speed: 0.2440s/iter; left time: 195668.7837s
	iters: 2300, epoch: 8 | loss: 0.1649195
	speed: 0.2443s/iter; left time: 195878.2689s
	iters: 2400, epoch: 8 | loss: 0.1707251
	speed: 0.2443s/iter; left time: 195876.0477s
	iters: 2500, epoch: 8 | loss: 0.1586482
	speed: 0.2441s/iter; left time: 195721.2315s
	iters: 2600, epoch: 8 | loss: 0.1650403
	speed: 0.2443s/iter; left time: 195813.1831s
	iters: 2700, epoch: 8 | loss: 0.1581585
	speed: 0.2441s/iter; left time: 195675.2504s
	iters: 2800, epoch: 8 | loss: 0.1654919
	speed: 0.2440s/iter; left time: 195527.9337s
	iters: 2900, epoch: 8 | loss: 0.1562237
	speed: 0.2447s/iter; left time: 196082.4692s
	iters: 3000, epoch: 8 | loss: 0.1502958
	speed: 0.2448s/iter; left time: 196143.8574s
	iters: 3100, epoch: 8 | loss: 0.1895914
	speed: 0.2444s/iter; left time: 195806.0644s
	iters: 3200, epoch: 8 | loss: 0.1427144
	speed: 0.2440s/iter; left time: 195426.3663s
	iters: 3300, epoch: 8 | loss: 0.1481910
	speed: 0.2439s/iter; left time: 195314.5741s
	iters: 3400, epoch: 8 | loss: 0.1447433
	speed: 0.2444s/iter; left time: 195731.6965s
	iters: 3500, epoch: 8 | loss: 0.1423365
	speed: 0.2440s/iter; left time: 195360.1077s
	iters: 3600, epoch: 8 | loss: 0.1526468
	speed: 0.2443s/iter; left time: 195559.5863s
	iters: 3700, epoch: 8 | loss: 0.1467385
	speed: 0.2437s/iter; left time: 195122.3058s
	iters: 3800, epoch: 8 | loss: 0.1527877
	speed: 0.2434s/iter; left time: 194831.0107s
	iters: 3900, epoch: 8 | loss: 0.1444185
	speed: 0.2443s/iter; left time: 195551.8616s
	iters: 4000, epoch: 8 | loss: 0.1380433
	speed: 0.2411s/iter; left time: 192912.1447s
	iters: 4100, epoch: 8 | loss: 0.1475462
	speed: 0.2383s/iter; left time: 190678.2272s
Epoch: 8 cost time: 1018.0814890861511
Epoch: 8, Steps: 4167 | Train Loss: 0.1646889 Vali Loss: 0.2078961 Test Loss: 0.3101692
EarlyStopping counter: 4 out of 5
	iters: 100, epoch: 9 | loss: 0.2824007
	speed: 8.1958s/iter; left time: 6556329.9502s
	iters: 200, epoch: 9 | loss: 0.1988909
	speed: 0.2393s/iter; left time: 191381.7995s
	iters: 300, epoch: 9 | loss: 0.2034574
	speed: 0.2399s/iter; left time: 191885.8091s
	iters: 400, epoch: 9 | loss: 0.1483894
	speed: 0.2391s/iter; left time: 191223.6788s
	iters: 500, epoch: 9 | loss: 0.1562648
	speed: 0.2387s/iter; left time: 190873.6169s
	iters: 600, epoch: 9 | loss: 0.1319240
	speed: 0.2394s/iter; left time: 191426.2117s
	iters: 700, epoch: 9 | loss: 0.1388147
	speed: 0.2385s/iter; left time: 190650.5471s
	iters: 800, epoch: 9 | loss: 0.1336367
	speed: 0.2382s/iter; left time: 190391.8512s
	iters: 900, epoch: 9 | loss: 0.1468612
	speed: 0.2379s/iter; left time: 190143.9088s
	iters: 1000, epoch: 9 | loss: 0.1345806
	speed: 0.2382s/iter; left time: 190301.1919s
	iters: 1100, epoch: 9 | loss: 0.1331818
	speed: 0.2384s/iter; left time: 190512.7054s
	iters: 1200, epoch: 9 | loss: 0.1478347
	speed: 0.2385s/iter; left time: 190491.5289s
	iters: 1300, epoch: 9 | loss: 0.1412225
	speed: 0.2381s/iter; left time: 190157.6999s
	iters: 1400, epoch: 9 | loss: 0.1394675
	speed: 0.2389s/iter; left time: 190786.6434s
	iters: 1500, epoch: 9 | loss: 0.1551087
	speed: 0.2390s/iter; left time: 190880.6844s
	iters: 1600, epoch: 9 | loss: 0.1373772
	speed: 0.2389s/iter; left time: 190783.4133s
	iters: 1700, epoch: 9 | loss: 0.1415323
	speed: 0.2395s/iter; left time: 191185.6945s
	iters: 1800, epoch: 9 | loss: 0.1336868
	speed: 0.2396s/iter; left time: 191225.4726s
	iters: 1900, epoch: 9 | loss: 0.1366354
	speed: 0.2383s/iter; left time: 190236.9591s
	iters: 2000, epoch: 9 | loss: 0.1447034
	speed: 0.2393s/iter; left time: 190941.7335s
	iters: 2100, epoch: 9 | loss: 0.1374434
	speed: 0.2386s/iter; left time: 190394.7183s
	iters: 2200, epoch: 9 | loss: 0.1424133
	speed: 0.2394s/iter; left time: 191016.4505s
	iters: 2300, epoch: 9 | loss: 0.1421467
	speed: 0.2389s/iter; left time: 190620.7978s
	iters: 2400, epoch: 9 | loss: 0.1366437
	speed: 0.2392s/iter; left time: 190785.3510s
	iters: 2500, epoch: 9 | loss: 0.1570815
	speed: 0.2387s/iter; left time: 190414.0287s
	iters: 2600, epoch: 9 | loss: 0.1374660
	speed: 0.2388s/iter; left time: 190434.6049s
	iters: 2700, epoch: 9 | loss: 0.1404558
	speed: 0.2393s/iter; left time: 190812.3442s
	iters: 2800, epoch: 9 | loss: 0.1421000
	speed: 0.2398s/iter; left time: 191215.5032s
	iters: 2900, epoch: 9 | loss: 0.1316722
	speed: 0.2384s/iter; left time: 190046.2222s
	iters: 3000, epoch: 9 | loss: 0.1393775
	speed: 0.2376s/iter; left time: 189394.7150s
	iters: 3100, epoch: 9 | loss: 0.1456327
	speed: 0.2377s/iter; left time: 189422.5472s
	iters: 3200, epoch: 9 | loss: 0.1251128
	speed: 0.2375s/iter; left time: 189262.9610s
	iters: 3300, epoch: 9 | loss: 0.1384710
	speed: 0.2381s/iter; left time: 189730.2526s
	iters: 3400, epoch: 9 | loss: 0.1352481
	speed: 0.2384s/iter; left time: 189896.7445s
	iters: 3500, epoch: 9 | loss: 0.1471761
	speed: 0.2381s/iter; left time: 189667.6469s
	iters: 3600, epoch: 9 | loss: 0.1385862
	speed: 0.2377s/iter; left time: 189357.2492s
	iters: 3700, epoch: 9 | loss: 0.1287731
	speed: 0.2377s/iter; left time: 189323.8520s
	iters: 3800, epoch: 9 | loss: 0.1321315
	speed: 0.2382s/iter; left time: 189703.7275s
	iters: 3900, epoch: 9 | loss: 0.1354546
	speed: 0.2379s/iter; left time: 189427.7134s
	iters: 4000, epoch: 9 | loss: 0.1356340
	speed: 0.2377s/iter; left time: 189235.1271s
	iters: 4100, epoch: 9 | loss: 0.1260785
	speed: 0.2384s/iter; left time: 189778.0801s
Epoch: 9 cost time: 996.2052674293518
Epoch: 9, Steps: 4167 | Train Loss: 0.1457547 Vali Loss: 0.2094640 Test Loss: 0.3021579
EarlyStopping counter: 5 out of 5
Early stopping
>>>>>>>testing : long_term_forecast_pems07_h_96_336_Autoformer_custom_ftM_sl96_ll48_pl336_dm128_nh8_el2_dl1_df2048_fc3_ebtimeF_dtTrue_srate1.0_sseed7_trainseed2024_Exp_0<<<<<<<<<<<<<<<<<<<<<<<<<<<<<<<<<
test 37892
test shape: (37892, 1, 336, 1613) (37892, 1, 336, 1613)
test shape: (37892, 336, 1613) (37892, 336, 1613)
