Args in experiment:
Namespace(activation='gelu', anomaly_ratio=0.25, batch_size=32, c_out=130, checkpoints='./checkpoints/', d_ff=2048, d_layers=1, d_model=128, data='custom', data_path='pems06_d.csv', dec_in=130, des='Exp', devices='0,1,2,3', distil=True, dropout=0, e_layers=2, embed='timeF', enc_in=130, factor=3, features='M', freq='h', gap_day=365, gpu=0, inverse=False, is_training=1, itr=1, label_len=48, learning_rate=0.0005, loss='MSE', lradj='type3', mask_rate=0.25, model='Autoformer', model_id='pems06_d_96_96', moving_avg=25, n_heads=8, num_kernels=6, num_workers=10, output_attention=False, p_hidden_dims=[128, 128], p_hidden_layers=2, patience=5, pred_len=96, root_path='../../data/pems/', samle_rate=1.0, sample_seed=7, seasonal_patterns='Monthly', seq_len=96, target='OT', task_name='long_term_forecast', top_k=5, train_epochs=200, train_seed=2024, use_amp=False, use_gpu=True, use_multi_gpu=False)
Use GPU: cuda:0
>>>>>>>start training : long_term_forecast_pems06_d_96_96_Autoformer_custom_ftM_sl96_ll48_pl96_dm128_nh8_el2_dl1_df2048_fc3_ebtimeF_dtTrue_srate1.0_sseed7_trainseed2024_Exp_0>>>>>>>>>>>>>>>>>>>>>>>>>>
train 3463
val 428
test 949
	iters: 100, epoch: 1 | loss: 0.5815539
	speed: 0.1083s/iter; left time: 2329.3637s
Epoch: 1 cost time: 11.796111345291138
Epoch: 1, Steps: 108 | Train Loss: 0.6267686 Vali Loss: 0.7381005 Test Loss: 0.5248440
Validation loss decreased (inf --> 0.738100).  Saving model ...
	iters: 100, epoch: 2 | loss: 0.4077944
	speed: 0.2306s/iter; left time: 4932.7830s
Epoch: 2 cost time: 11.287520408630371
Epoch: 2, Steps: 108 | Train Loss: 0.4504915 Vali Loss: 0.7353375 Test Loss: 0.5175691
Validation loss decreased (0.738100 --> 0.735337).  Saving model ...
	iters: 100, epoch: 3 | loss: 0.3011568
	speed: 0.2327s/iter; left time: 4952.5476s
Epoch: 3 cost time: 11.462646961212158
Epoch: 3, Steps: 108 | Train Loss: 0.3524126 Vali Loss: 0.7579998 Test Loss: 0.5462241
EarlyStopping counter: 1 out of 5
	iters: 100, epoch: 4 | loss: 0.2714130
	speed: 0.2320s/iter; left time: 4912.1074s
Epoch: 4 cost time: 11.312973499298096
Epoch: 4, Steps: 108 | Train Loss: 0.2868513 Vali Loss: 0.7844805 Test Loss: 0.5798855
EarlyStopping counter: 2 out of 5
	iters: 100, epoch: 5 | loss: 0.2493178
	speed: 0.2593s/iter; left time: 5463.7143s
Epoch: 5 cost time: 11.28482699394226
Epoch: 5, Steps: 108 | Train Loss: 0.2445716 Vali Loss: 0.7665573 Test Loss: 0.6331661
EarlyStopping counter: 3 out of 5
	iters: 100, epoch: 6 | loss: 0.2233451
	speed: 0.2305s/iter; left time: 4831.5504s
Epoch: 6 cost time: 11.261615753173828
Epoch: 6, Steps: 108 | Train Loss: 0.2151653 Vali Loss: 0.7678772 Test Loss: 0.6490641
EarlyStopping counter: 4 out of 5
	iters: 100, epoch: 7 | loss: 0.1949818
	speed: 0.2321s/iter; left time: 4839.3377s
Epoch: 7 cost time: 11.626333236694336
Epoch: 7, Steps: 108 | Train Loss: 0.1995849 Vali Loss: 0.7379178 Test Loss: 0.6220621
EarlyStopping counter: 5 out of 5
Early stopping
>>>>>>>testing : long_term_forecast_pems06_d_96_96_Autoformer_custom_ftM_sl96_ll48_pl96_dm128_nh8_el2_dl1_df2048_fc3_ebtimeF_dtTrue_srate1.0_sseed7_trainseed2024_Exp_0<<<<<<<<<<<<<<<<<<<<<<<<<<<<<<<<<
test 949
test shape: (949, 1, 96, 130) (949, 1, 96, 130)
test shape: (949, 96, 130) (949, 96, 130)
mse:0.5175689458847046, mae:0.4368601143360138
>>>>>>>Overall time: 193 seconds<<<<<<<<<<<<<<<<<<<<<<<<<<<<<<<<<
