Args in experiment:
Namespace(activation='gelu', anomaly_ratio=0.25, batch_size=32, c_out=1613, checkpoints='./checkpoints/', d_conv=4, d_ff=2048, d_layers=1, d_model=512, data='custom', data_path='pems07_h.csv', dec_in=1613, des='Exp', devices='0,1,2,3', distil=True, dropout=0, e_layers=2, embed='timeF', enc_in=1613, expand=2, factor=3, features='M', freq='h', gap_day=365, gpu=0, inverse=False, is_training=1, itr=1, label_len=48, learning_rate=0.0005, loss='MSE', lradj='type3', mask_rate=0.25, model='DLinear', model_id='pems07_h_96_192', moving_avg=25, n_heads=8, num_kernels=6, num_workers=10, output_attention=False, p_hidden_dims=[128, 128], p_hidden_layers=2, patience=5, pred_len=192, root_path='../../data/pems/', samle_rate=1.0, sample_seed=7, seasonal_patterns='Monthly', seq_len=96, target='', task_name='long_term_forecast', top_k=5, train_epochs=200, train_seed=2024, use_amp=False, use_gpu=True, use_multi_gpu=False)
Use GPU: cuda:0
>>>>>>>start training : long_term_forecast_pems07_h_96_192_DLinear_custom_ftM_sl96_ll48_pl192_dm512_nh8_el2_dl1_df2048_fc3_ebtimeF_dtTrue_srate1.0_sseed7_trainseed2024_Exp_0>>>>>>>>>>>>>>>>>>>>>>>>>>
train 133508
val 18923
test 38036
	iters: 100, epoch: 1 | loss: 0.2441928
	speed: 0.0645s/iter; left time: 53852.1835s
	iters: 200, epoch: 1 | loss: 0.1894138
	speed: 0.0559s/iter; left time: 46634.1920s
	iters: 300, epoch: 1 | loss: 0.1895276
	speed: 0.0560s/iter; left time: 46689.7011s
	iters: 400, epoch: 1 | loss: 0.1650456
	speed: 0.0563s/iter; left time: 46933.7865s
	iters: 500, epoch: 1 | loss: 0.1776034
	speed: 0.0565s/iter; left time: 47111.7669s
	iters: 600, epoch: 1 | loss: 0.1689990
	speed: 0.0575s/iter; left time: 47962.9081s
	iters: 700, epoch: 1 | loss: 0.1596727
	speed: 0.0578s/iter; left time: 48218.5341s
	iters: 800, epoch: 1 | loss: 0.1629721
	speed: 0.0581s/iter; left time: 48458.5853s
	iters: 900, epoch: 1 | loss: 0.1853218
	speed: 0.0581s/iter; left time: 48398.3242s
	iters: 1000, epoch: 1 | loss: 0.1556117
	speed: 0.0575s/iter; left time: 47961.6026s
	iters: 1100, epoch: 1 | loss: 0.1701426
	speed: 0.0573s/iter; left time: 47708.7384s
	iters: 1200, epoch: 1 | loss: 0.1484518
	speed: 0.0573s/iter; left time: 47754.4775s
	iters: 1300, epoch: 1 | loss: 0.1349842
	speed: 0.0574s/iter; left time: 47788.9918s
	iters: 1400, epoch: 1 | loss: 0.1700386
	speed: 0.0572s/iter; left time: 47646.5711s
	iters: 1500, epoch: 1 | loss: 0.1538088
	speed: 0.0574s/iter; left time: 47769.4868s
	iters: 1600, epoch: 1 | loss: 0.1413814
	speed: 0.0574s/iter; left time: 47836.0831s
	iters: 1700, epoch: 1 | loss: 0.1723224
	speed: 0.0577s/iter; left time: 48033.7286s
	iters: 1800, epoch: 1 | loss: 0.1686971
	speed: 0.0575s/iter; left time: 47912.3216s
	iters: 1900, epoch: 1 | loss: 0.1735731
	speed: 0.0577s/iter; left time: 48016.8327s
	iters: 2000, epoch: 1 | loss: 0.1415185
	speed: 0.0574s/iter; left time: 47786.2337s
	iters: 2100, epoch: 1 | loss: 0.1544990
	speed: 0.0581s/iter; left time: 48329.4860s
	iters: 2200, epoch: 1 | loss: 0.1343700
	speed: 0.0581s/iter; left time: 48363.3419s
	iters: 2300, epoch: 1 | loss: 0.1638181
	speed: 0.0579s/iter; left time: 48180.6553s
	iters: 2400, epoch: 1 | loss: 0.1829485
	speed: 0.0580s/iter; left time: 48278.9905s
	iters: 2500, epoch: 1 | loss: 0.1608715
	speed: 0.0581s/iter; left time: 48312.5822s
	iters: 2600, epoch: 1 | loss: 0.2067203
	speed: 0.0581s/iter; left time: 48319.9806s
	iters: 2700, epoch: 1 | loss: 0.1509311
	speed: 0.0580s/iter; left time: 48202.5722s
	iters: 2800, epoch: 1 | loss: 0.1357226
	speed: 0.0576s/iter; left time: 47893.6171s
	iters: 2900, epoch: 1 | loss: 0.1580564
	speed: 0.0580s/iter; left time: 48219.2626s
	iters: 3000, epoch: 1 | loss: 0.1759119
	speed: 0.0581s/iter; left time: 48267.1122s
	iters: 3100, epoch: 1 | loss: 0.1435665
	speed: 0.0582s/iter; left time: 48402.3560s
	iters: 3200, epoch: 1 | loss: 0.1514280
	speed: 0.0581s/iter; left time: 48256.5653s
	iters: 3300, epoch: 1 | loss: 0.1575662
	speed: 0.0578s/iter; left time: 48035.3549s
	iters: 3400, epoch: 1 | loss: 0.1609948
	speed: 0.0580s/iter; left time: 48195.4582s
	iters: 3500, epoch: 1 | loss: 0.1632296
	speed: 0.0583s/iter; left time: 48421.9334s
	iters: 3600, epoch: 1 | loss: 0.1438433
	speed: 0.0581s/iter; left time: 48290.9994s
	iters: 3700, epoch: 1 | loss: 0.1521192
	speed: 0.0581s/iter; left time: 48297.0879s
	iters: 3800, epoch: 1 | loss: 0.1636619
	speed: 0.0580s/iter; left time: 48202.5977s
	iters: 3900, epoch: 1 | loss: 0.1481721
	speed: 0.0580s/iter; left time: 48194.9846s
	iters: 4000, epoch: 1 | loss: 0.1467296
	speed: 0.0581s/iter; left time: 48279.4222s
	iters: 4100, epoch: 1 | loss: 0.1445893
	speed: 0.0581s/iter; left time: 48246.5155s
Epoch: 1 cost time: 241.3890016078949
Epoch: 1, Steps: 4172 | Train Loss: 0.1687884 Vali Loss: 0.1532780 Test Loss: 0.1824845
Validation loss decreased (inf --> 0.153278).  Saving model ...
	iters: 100, epoch: 2 | loss: 0.1535248
	speed: 2.8240s/iter; left time: 2344317.2007s
	iters: 200, epoch: 2 | loss: 0.1617185
	speed: 0.0570s/iter; left time: 47341.9273s
	iters: 300, epoch: 2 | loss: 0.1515985
	speed: 0.0566s/iter; left time: 46943.3894s
	iters: 400, epoch: 2 | loss: 0.1750804
	speed: 0.0568s/iter; left time: 47109.6479s
	iters: 500, epoch: 2 | loss: 0.1630037
	speed: 0.0569s/iter; left time: 47230.2986s
	iters: 600, epoch: 2 | loss: 0.1586938
	speed: 0.0569s/iter; left time: 47172.3518s
	iters: 700, epoch: 2 | loss: 0.1530626
	speed: 0.0568s/iter; left time: 47114.8033s
	iters: 800, epoch: 2 | loss: 0.1656545
	speed: 0.0569s/iter; left time: 47195.6635s
	iters: 900, epoch: 2 | loss: 0.1708386
	speed: 0.0570s/iter; left time: 47281.8711s
	iters: 1000, epoch: 2 | loss: 0.1467244
	speed: 0.0567s/iter; left time: 47025.1338s
	iters: 1100, epoch: 2 | loss: 0.1557280
	speed: 0.0566s/iter; left time: 46933.1341s
	iters: 1200, epoch: 2 | loss: 0.1512371
	speed: 0.0572s/iter; left time: 47458.0018s
	iters: 1300, epoch: 2 | loss: 0.1716926
	speed: 0.0572s/iter; left time: 47453.9868s
	iters: 1400, epoch: 2 | loss: 0.1307905
	speed: 0.0566s/iter; left time: 46894.7970s
	iters: 1500, epoch: 2 | loss: 0.1444671
	speed: 0.0568s/iter; left time: 47045.9420s
	iters: 1600, epoch: 2 | loss: 0.1410986
	speed: 0.0567s/iter; left time: 47010.8661s
	iters: 1700, epoch: 2 | loss: 0.1779880
	speed: 0.0568s/iter; left time: 47022.4753s
	iters: 1800, epoch: 2 | loss: 0.1500563
	speed: 0.0570s/iter; left time: 47226.2168s
	iters: 1900, epoch: 2 | loss: 0.1474645
	speed: 0.0569s/iter; left time: 47157.3907s
	iters: 2000, epoch: 2 | loss: 0.1945103
	speed: 0.0568s/iter; left time: 47025.8570s
	iters: 2100, epoch: 2 | loss: 0.1542401
	speed: 0.0565s/iter; left time: 46819.7782s
	iters: 2200, epoch: 2 | loss: 0.1480572
	speed: 0.0573s/iter; left time: 47472.2730s
	iters: 2300, epoch: 2 | loss: 0.1545547
	speed: 0.0572s/iter; left time: 47334.7440s
	iters: 2400, epoch: 2 | loss: 0.1652683
	speed: 0.0568s/iter; left time: 47020.0404s
	iters: 2500, epoch: 2 | loss: 0.1653986
	speed: 0.0570s/iter; left time: 47168.1403s
	iters: 2600, epoch: 2 | loss: 0.1585708
	speed: 0.0567s/iter; left time: 46886.6881s
	iters: 2700, epoch: 2 | loss: 0.1671491
	speed: 0.0567s/iter; left time: 46918.4997s
	iters: 2800, epoch: 2 | loss: 0.1568605
	speed: 0.0568s/iter; left time: 47018.2377s
	iters: 2900, epoch: 2 | loss: 0.1896309
	speed: 0.0569s/iter; left time: 47089.5126s
	iters: 3000, epoch: 2 | loss: 0.1522294
	speed: 0.0566s/iter; left time: 46862.2188s
	iters: 3100, epoch: 2 | loss: 0.1615578
	speed: 0.0568s/iter; left time: 47018.6428s
	iters: 3200, epoch: 2 | loss: 0.1650139
	speed: 0.0568s/iter; left time: 46994.2499s
	iters: 3300, epoch: 2 | loss: 0.1666590
	speed: 0.0568s/iter; left time: 46959.6154s
	iters: 3400, epoch: 2 | loss: 0.1724541
	speed: 0.0567s/iter; left time: 46902.1561s
	iters: 3500, epoch: 2 | loss: 0.1458754
	speed: 0.0567s/iter; left time: 46879.2997s
	iters: 3600, epoch: 2 | loss: 0.1683043
	speed: 0.0570s/iter; left time: 47093.9432s
	iters: 3700, epoch: 2 | loss: 0.1411367
	speed: 0.0575s/iter; left time: 47498.9859s
	iters: 3800, epoch: 2 | loss: 0.1676210
	speed: 0.0578s/iter; left time: 47732.4172s
	iters: 3900, epoch: 2 | loss: 0.1470186
	speed: 0.0564s/iter; left time: 46586.4117s
	iters: 4000, epoch: 2 | loss: 0.1681607
	speed: 0.0562s/iter; left time: 46402.5369s
	iters: 4100, epoch: 2 | loss: 0.1412548
	speed: 0.0565s/iter; left time: 46669.3739s
Epoch: 2 cost time: 237.80603003501892
Epoch: 2, Steps: 4172 | Train Loss: 0.1580547 Vali Loss: 0.1524715 Test Loss: 0.1817838
Validation loss decreased (0.153278 --> 0.152472).  Saving model ...
	iters: 100, epoch: 3 | loss: 0.1497730
	speed: 2.8134s/iter; left time: 2323779.3641s
	iters: 200, epoch: 3 | loss: 0.1586150
	speed: 0.0563s/iter; left time: 46499.0560s
	iters: 300, epoch: 3 | loss: 0.1612304
	speed: 0.0568s/iter; left time: 46934.5377s
	iters: 400, epoch: 3 | loss: 0.1628685
	speed: 0.0580s/iter; left time: 47919.9248s
	iters: 500, epoch: 3 | loss: 0.1480858
	speed: 0.0584s/iter; left time: 48176.8058s
	iters: 600, epoch: 3 | loss: 0.1627945
	speed: 0.0584s/iter; left time: 48174.0501s
	iters: 700, epoch: 3 | loss: 0.1526624
	speed: 0.0602s/iter; left time: 49688.0497s
	iters: 800, epoch: 3 | loss: 0.1583601
	speed: 0.0593s/iter; left time: 48972.9680s
	iters: 900, epoch: 3 | loss: 0.2093084
	speed: 0.0577s/iter; left time: 47596.6071s
	iters: 1000, epoch: 3 | loss: 0.1591550
	speed: 0.0578s/iter; left time: 47705.0127s
	iters: 1100, epoch: 3 | loss: 0.1682840
	speed: 0.0580s/iter; left time: 47821.1360s
	iters: 1200, epoch: 3 | loss: 0.1709332
	speed: 0.0584s/iter; left time: 48183.2904s
	iters: 1300, epoch: 3 | loss: 0.1691593
	speed: 0.0588s/iter; left time: 48492.9183s
	iters: 1400, epoch: 3 | loss: 0.1482721
	speed: 0.0593s/iter; left time: 48892.4499s
	iters: 1500, epoch: 3 | loss: 0.1540955
	speed: 0.0585s/iter; left time: 48200.9164s
	iters: 1600, epoch: 3 | loss: 0.1609604
	speed: 0.0582s/iter; left time: 48005.7307s
	iters: 1700, epoch: 3 | loss: 0.1530428
	speed: 0.0590s/iter; left time: 48671.4685s
	iters: 1800, epoch: 3 | loss: 0.1577897
	speed: 0.0581s/iter; left time: 47919.6776s
	iters: 1900, epoch: 3 | loss: 0.1510776
	speed: 0.0591s/iter; left time: 48734.5618s
	iters: 2000, epoch: 3 | loss: 0.1448040
	speed: 0.0582s/iter; left time: 47969.3706s
	iters: 2100, epoch: 3 | loss: 0.1529019
	speed: 0.0585s/iter; left time: 48185.6599s
	iters: 2200, epoch: 3 | loss: 0.1811524
	speed: 0.0582s/iter; left time: 47945.3321s
	iters: 2300, epoch: 3 | loss: 0.1819870
	speed: 0.0580s/iter; left time: 47789.9802s
	iters: 2400, epoch: 3 | loss: 0.1613252
	speed: 0.0581s/iter; left time: 47845.8543s
	iters: 2500, epoch: 3 | loss: 0.1662969
	speed: 0.0583s/iter; left time: 48010.2309s
	iters: 2600, epoch: 3 | loss: 0.1710168
	speed: 0.0585s/iter; left time: 48188.7606s
	iters: 2700, epoch: 3 | loss: 0.1945246
	speed: 0.0593s/iter; left time: 48837.5732s
	iters: 2800, epoch: 3 | loss: 0.1623222
	speed: 0.0575s/iter; left time: 47329.7443s
	iters: 2900, epoch: 3 | loss: 0.1387970
	speed: 0.0579s/iter; left time: 47675.2207s
	iters: 3000, epoch: 3 | loss: 0.1525633
	speed: 0.0574s/iter; left time: 47245.5951s
	iters: 3100, epoch: 3 | loss: 0.1614712
	speed: 0.0577s/iter; left time: 47519.0572s
	iters: 3200, epoch: 3 | loss: 0.1533788
	speed: 0.0580s/iter; left time: 47748.1942s
	iters: 3300, epoch: 3 | loss: 0.1407967
	speed: 0.0578s/iter; left time: 47546.3114s
	iters: 3400, epoch: 3 | loss: 0.1638527
	speed: 0.0577s/iter; left time: 47448.7738s
	iters: 3500, epoch: 3 | loss: 0.1782320
	speed: 0.0572s/iter; left time: 47014.3210s
	iters: 3600, epoch: 3 | loss: 0.1521363
	speed: 0.0574s/iter; left time: 47175.4889s
	iters: 3700, epoch: 3 | loss: 0.1658236
	speed: 0.0571s/iter; left time: 46989.1867s
	iters: 3800, epoch: 3 | loss: 0.1604360
	speed: 0.0579s/iter; left time: 47580.1070s
	iters: 3900, epoch: 3 | loss: 0.1533828
	speed: 0.0596s/iter; left time: 49000.3517s
	iters: 4000, epoch: 3 | loss: 0.1607254
	speed: 0.0576s/iter; left time: 47356.1826s
	iters: 4100, epoch: 3 | loss: 0.1446206
	speed: 0.0573s/iter; left time: 47100.0783s
Epoch: 3 cost time: 243.0095727443695
Epoch: 3, Steps: 4172 | Train Loss: 0.1579208 Vali Loss: 0.1524470 Test Loss: 0.1817701
Validation loss decreased (0.152472 --> 0.152447).  Saving model ...
	iters: 100, epoch: 4 | loss: 0.1527815
	speed: 2.8155s/iter; left time: 2313719.4364s
	iters: 200, epoch: 4 | loss: 0.1477313
	speed: 0.0564s/iter; left time: 46332.9242s
	iters: 300, epoch: 4 | loss: 0.1564320
	speed: 0.0576s/iter; left time: 47307.2885s
	iters: 400, epoch: 4 | loss: 0.1639773
	speed: 0.0575s/iter; left time: 47273.7070s
	iters: 500, epoch: 4 | loss: 0.1681550
	speed: 0.0585s/iter; left time: 48013.2161s
	iters: 600, epoch: 4 | loss: 0.1449390
	speed: 0.0569s/iter; left time: 46762.4015s
	iters: 700, epoch: 4 | loss: 0.1659916
	speed: 0.0569s/iter; left time: 46757.9450s
	iters: 800, epoch: 4 | loss: 0.1573486
	speed: 0.0584s/iter; left time: 47969.6338s
	iters: 900, epoch: 4 | loss: 0.1628234
	speed: 0.0572s/iter; left time: 46941.2167s
	iters: 1000, epoch: 4 | loss: 0.1493857
	speed: 0.0575s/iter; left time: 47159.9186s
	iters: 1100, epoch: 4 | loss: 0.1569560
	speed: 0.0575s/iter; left time: 47225.6261s
	iters: 1200, epoch: 4 | loss: 0.1559841
	speed: 0.0576s/iter; left time: 47283.0531s
	iters: 1300, epoch: 4 | loss: 0.1472585
	speed: 0.0577s/iter; left time: 47340.4549s
	iters: 1400, epoch: 4 | loss: 0.1726926
	speed: 0.0584s/iter; left time: 47926.3801s
	iters: 1500, epoch: 4 | loss: 0.1497949
	speed: 0.0570s/iter; left time: 46786.5982s
	iters: 1600, epoch: 4 | loss: 0.1359060
	speed: 0.0581s/iter; left time: 47642.6268s
	iters: 1700, epoch: 4 | loss: 0.1686622
	speed: 0.0572s/iter; left time: 46942.0429s
	iters: 1800, epoch: 4 | loss: 0.1577090
	speed: 0.0577s/iter; left time: 47302.0580s
	iters: 1900, epoch: 4 | loss: 0.1572638
	speed: 0.0576s/iter; left time: 47222.4166s
	iters: 2000, epoch: 4 | loss: 0.1584671
	speed: 0.0576s/iter; left time: 47241.9054s
	iters: 2100, epoch: 4 | loss: 0.1480260
	speed: 0.0587s/iter; left time: 48133.0783s
	iters: 2200, epoch: 4 | loss: 0.1620894
	speed: 0.0572s/iter; left time: 46908.4311s
	iters: 2300, epoch: 4 | loss: 0.1470142
	speed: 0.0577s/iter; left time: 47312.8150s
	iters: 2400, epoch: 4 | loss: 0.1775200
	speed: 0.0576s/iter; left time: 47207.9472s
	iters: 2500, epoch: 4 | loss: 0.1625707
	speed: 0.0570s/iter; left time: 46692.4289s
	iters: 2600, epoch: 4 | loss: 0.1864710
	speed: 0.0572s/iter; left time: 46823.5610s
	iters: 2700, epoch: 4 | loss: 0.1672554
	speed: 0.0581s/iter; left time: 47587.6091s
	iters: 2800, epoch: 4 | loss: 0.1698478
	speed: 0.0575s/iter; left time: 47136.6047s
	iters: 2900, epoch: 4 | loss: 0.1651410
	speed: 0.0583s/iter; left time: 47731.2528s
	iters: 3000, epoch: 4 | loss: 0.1523894
	speed: 0.0582s/iter; left time: 47688.0602s
	iters: 3100, epoch: 4 | loss: 0.1556489
	speed: 0.0576s/iter; left time: 47179.1889s
	iters: 3200, epoch: 4 | loss: 0.1516317
	speed: 0.0573s/iter; left time: 46919.2292s
	iters: 3300, epoch: 4 | loss: 0.1649094
	speed: 0.0576s/iter; left time: 47174.4935s
	iters: 3400, epoch: 4 | loss: 0.1543316
	speed: 0.0570s/iter; left time: 46670.8120s
	iters: 3500, epoch: 4 | loss: 0.1527864
	speed: 0.0585s/iter; left time: 47893.4043s
	iters: 3600, epoch: 4 | loss: 0.1475156
	speed: 0.0579s/iter; left time: 47395.0130s
	iters: 3700, epoch: 4 | loss: 0.1433603
	speed: 0.0581s/iter; left time: 47566.8795s
	iters: 3800, epoch: 4 | loss: 0.1654785
	speed: 0.0570s/iter; left time: 46662.8506s
	iters: 3900, epoch: 4 | loss: 0.1344031
	speed: 0.0569s/iter; left time: 46551.0757s
	iters: 4000, epoch: 4 | loss: 0.1771421
	speed: 0.0581s/iter; left time: 47490.5156s
	iters: 4100, epoch: 4 | loss: 0.1542364
	speed: 0.0571s/iter; left time: 46709.9461s
Epoch: 4 cost time: 240.91712617874146
Epoch: 4, Steps: 4172 | Train Loss: 0.1578965 Vali Loss: 0.1525807 Test Loss: 0.1823177
EarlyStopping counter: 1 out of 5
	iters: 100, epoch: 5 | loss: 0.1693314
	speed: 2.8012s/iter; left time: 2290319.2698s
	iters: 200, epoch: 5 | loss: 0.1332139
	speed: 0.0578s/iter; left time: 47287.5592s
	iters: 300, epoch: 5 | loss: 0.1574801
	speed: 0.0582s/iter; left time: 47601.2561s
	iters: 400, epoch: 5 | loss: 0.1561691
	speed: 0.0585s/iter; left time: 47824.9360s
	iters: 500, epoch: 5 | loss: 0.1509011
	speed: 0.0586s/iter; left time: 47916.0188s
	iters: 600, epoch: 5 | loss: 0.1620587
	speed: 0.0593s/iter; left time: 48443.1184s
	iters: 700, epoch: 5 | loss: 0.1591273
	speed: 0.0586s/iter; left time: 47867.8330s
	iters: 800, epoch: 5 | loss: 0.1545656
	speed: 0.0594s/iter; left time: 48499.0071s
	iters: 900, epoch: 5 | loss: 0.1683566
	speed: 0.0594s/iter; left time: 48498.3537s
	iters: 1000, epoch: 5 | loss: 0.1447665
	speed: 0.0593s/iter; left time: 48471.0768s
	iters: 1100, epoch: 5 | loss: 0.1493776
	speed: 0.0616s/iter; left time: 50308.3788s
	iters: 1200, epoch: 5 | loss: 0.1709137
	speed: 0.0592s/iter; left time: 48363.3604s
	iters: 1300, epoch: 5 | loss: 0.1685315
	speed: 0.0589s/iter; left time: 48113.1520s
	iters: 1400, epoch: 5 | loss: 0.1489138
	speed: 0.0592s/iter; left time: 48305.1195s
	iters: 1500, epoch: 5 | loss: 0.1736271
	speed: 0.0604s/iter; left time: 49267.5995s
	iters: 1600, epoch: 5 | loss: 0.1384657
	speed: 0.0603s/iter; left time: 49177.0043s
	iters: 1700, epoch: 5 | loss: 0.1620146
	speed: 0.0590s/iter; left time: 48121.9448s
	iters: 1800, epoch: 5 | loss: 0.1606552
	speed: 0.0599s/iter; left time: 48900.5084s
	iters: 1900, epoch: 5 | loss: 0.1726310
	speed: 0.0585s/iter; left time: 47756.5695s
	iters: 2000, epoch: 5 | loss: 0.1519641
	speed: 0.0587s/iter; left time: 47903.5078s
	iters: 2100, epoch: 5 | loss: 0.1779890
	speed: 0.0587s/iter; left time: 47860.6786s
	iters: 2200, epoch: 5 | loss: 0.1447967
	speed: 0.0587s/iter; left time: 47835.1183s
	iters: 2300, epoch: 5 | loss: 0.1624967
	speed: 0.0586s/iter; left time: 47797.8575s
	iters: 2400, epoch: 5 | loss: 0.1702518
	speed: 0.0587s/iter; left time: 47837.3420s
	iters: 2500, epoch: 5 | loss: 0.1702613
	speed: 0.0586s/iter; left time: 47783.8307s
	iters: 2600, epoch: 5 | loss: 0.1941688
	speed: 0.0591s/iter; left time: 48153.2438s
	iters: 2700, epoch: 5 | loss: 0.1438060
	speed: 0.0606s/iter; left time: 49362.5503s
	iters: 2800, epoch: 5 | loss: 0.1575814
	speed: 0.0589s/iter; left time: 48015.7753s
	iters: 2900, epoch: 5 | loss: 0.1652372
	speed: 0.0596s/iter; left time: 48553.1282s
	iters: 3000, epoch: 5 | loss: 0.1654684
	speed: 0.0588s/iter; left time: 47944.2167s
	iters: 3100, epoch: 5 | loss: 0.1389139
	speed: 0.0593s/iter; left time: 48340.3106s
	iters: 3200, epoch: 5 | loss: 0.1431548
	speed: 0.0601s/iter; left time: 48968.4154s
	iters: 3300, epoch: 5 | loss: 0.1754595
	speed: 0.0593s/iter; left time: 48313.6309s
	iters: 3400, epoch: 5 | loss: 0.1492661
	speed: 0.0593s/iter; left time: 48280.0093s
	iters: 3500, epoch: 5 | loss: 0.1541406
	speed: 0.0591s/iter; left time: 48105.8452s
	iters: 3600, epoch: 5 | loss: 0.1674165
	speed: 0.0591s/iter; left time: 48078.9198s
	iters: 3700, epoch: 5 | loss: 0.1878286
	speed: 0.0598s/iter; left time: 48713.9068s
	iters: 3800, epoch: 5 | loss: 0.1679197
	speed: 0.0585s/iter; left time: 47647.4535s
	iters: 3900, epoch: 5 | loss: 0.1495620
	speed: 0.0587s/iter; left time: 47760.3136s
	iters: 4000, epoch: 5 | loss: 0.1468306
	speed: 0.0591s/iter; left time: 48110.3574s
	iters: 4100, epoch: 5 | loss: 0.1613405
	speed: 0.0588s/iter; left time: 47821.1928s
Epoch: 5 cost time: 247.19475746154785
Epoch: 5, Steps: 4172 | Train Loss: 0.1579167 Vali Loss: 0.1523980 Test Loss: 0.1819746
Validation loss decreased (0.152447 --> 0.152398).  Saving model ...
	iters: 100, epoch: 6 | loss: 0.1603494
	speed: 2.8115s/iter; left time: 2287017.2743s
	iters: 200, epoch: 6 | loss: 0.1672325
	speed: 0.0564s/iter; left time: 45834.3715s
	iters: 300, epoch: 6 | loss: 0.1431741
	speed: 0.0562s/iter; left time: 45688.9887s
	iters: 400, epoch: 6 | loss: 0.1558393
	speed: 0.0563s/iter; left time: 45792.3495s
	iters: 500, epoch: 6 | loss: 0.1713073
	speed: 0.0563s/iter; left time: 45758.1357s
	iters: 600, epoch: 6 | loss: 0.1597612
	speed: 0.0566s/iter; left time: 46021.8441s
	iters: 700, epoch: 6 | loss: 0.1630534
	speed: 0.0566s/iter; left time: 45996.6502s
	iters: 800, epoch: 6 | loss: 0.1600931
	speed: 0.0564s/iter; left time: 45857.5481s
	iters: 900, epoch: 6 | loss: 0.1476362
	speed: 0.0562s/iter; left time: 45705.7301s
	iters: 1000, epoch: 6 | loss: 0.1761265
	speed: 0.0563s/iter; left time: 45751.4816s
	iters: 1100, epoch: 6 | loss: 0.1647869
	speed: 0.0563s/iter; left time: 45708.7610s
	iters: 1200, epoch: 6 | loss: 0.1599211
	speed: 0.0561s/iter; left time: 45567.8146s
	iters: 1300, epoch: 6 | loss: 0.1346238
	speed: 0.0559s/iter; left time: 45421.1016s
	iters: 1400, epoch: 6 | loss: 0.1472400
	speed: 0.0562s/iter; left time: 45682.0076s
	iters: 1500, epoch: 6 | loss: 0.1465467
	speed: 0.0567s/iter; left time: 46066.4711s
	iters: 1600, epoch: 6 | loss: 0.1552200
	speed: 0.0566s/iter; left time: 45978.9556s
	iters: 1700, epoch: 6 | loss: 0.1504490
	speed: 0.0570s/iter; left time: 46251.5556s
	iters: 1800, epoch: 6 | loss: 0.1720052
	speed: 0.0572s/iter; left time: 46466.4642s
	iters: 1900, epoch: 6 | loss: 0.1751948
	speed: 0.0577s/iter; left time: 46860.2225s
	iters: 2000, epoch: 6 | loss: 0.1405961
	speed: 0.0573s/iter; left time: 46510.0334s
	iters: 2100, epoch: 6 | loss: 0.1525700
	speed: 0.0582s/iter; left time: 47227.8119s
	iters: 2200, epoch: 6 | loss: 0.1452579
	speed: 0.0567s/iter; left time: 45994.0153s
	iters: 2300, epoch: 6 | loss: 0.1466435
	speed: 0.0566s/iter; left time: 45921.8213s
	iters: 2400, epoch: 6 | loss: 0.1714154
	speed: 0.0566s/iter; left time: 45940.1199s
	iters: 2500, epoch: 6 | loss: 0.1269740
	speed: 0.0569s/iter; left time: 46111.7353s
	iters: 2600, epoch: 6 | loss: 0.1600749
	speed: 0.0568s/iter; left time: 46042.9580s
	iters: 2700, epoch: 6 | loss: 0.1640541
	speed: 0.0571s/iter; left time: 46285.4388s
	iters: 2800, epoch: 6 | loss: 0.1525405
	speed: 0.0577s/iter; left time: 46812.4998s
	iters: 2900, epoch: 6 | loss: 0.1536968
	speed: 0.0575s/iter; left time: 46600.9550s
	iters: 3000, epoch: 6 | loss: 0.1409725
	speed: 0.0583s/iter; left time: 47223.5369s
	iters: 3100, epoch: 6 | loss: 0.1649648
	speed: 0.0571s/iter; left time: 46285.4794s
	iters: 3200, epoch: 6 | loss: 0.1597119
	speed: 0.0571s/iter; left time: 46289.2099s
	iters: 3300, epoch: 6 | loss: 0.1847761
	speed: 0.0577s/iter; left time: 46770.2502s
	iters: 3400, epoch: 6 | loss: 0.1442172
	speed: 0.0565s/iter; left time: 45769.9174s
	iters: 3500, epoch: 6 | loss: 0.1533403
	speed: 0.0565s/iter; left time: 45766.7958s
	iters: 3600, epoch: 6 | loss: 0.1646848
	speed: 0.0568s/iter; left time: 45971.7153s
	iters: 3700, epoch: 6 | loss: 0.1648778
	speed: 0.0568s/iter; left time: 45999.2841s
	iters: 3800, epoch: 6 | loss: 0.1441526
	speed: 0.0568s/iter; left time: 45986.3875s
	iters: 3900, epoch: 6 | loss: 0.1663053
	speed: 0.0570s/iter; left time: 46136.9670s
	iters: 4000, epoch: 6 | loss: 0.1487491
	speed: 0.0567s/iter; left time: 45915.3217s
	iters: 4100, epoch: 6 | loss: 0.1644228
	speed: 0.0574s/iter; left time: 46444.6451s
Epoch: 6 cost time: 237.83037066459656
Epoch: 6, Steps: 4172 | Train Loss: 0.1579120 Vali Loss: 0.1522679 Test Loss: 0.1821757
Validation loss decreased (0.152398 --> 0.152268).  Saving model ...
	iters: 100, epoch: 7 | loss: 0.1748952
	speed: 2.8298s/iter; left time: 2290109.7630s
	iters: 200, epoch: 7 | loss: 0.1702648
	speed: 0.0566s/iter; left time: 45820.4228s
	iters: 300, epoch: 7 | loss: 0.1649964
	speed: 0.0566s/iter; left time: 45804.1083s
	iters: 400, epoch: 7 | loss: 0.1312168
	speed: 0.0572s/iter; left time: 46291.3461s
	iters: 500, epoch: 7 | loss: 0.1558057
	speed: 0.0575s/iter; left time: 46502.0530s
	iters: 600, epoch: 7 | loss: 0.1572439
	speed: 0.0577s/iter; left time: 46666.0830s
	iters: 700, epoch: 7 | loss: 0.1613305
	speed: 0.0576s/iter; left time: 46609.7064s
	iters: 800, epoch: 7 | loss: 0.1535180
	speed: 0.0579s/iter; left time: 46819.3006s
	iters: 900, epoch: 7 | loss: 0.1697314
	speed: 0.0580s/iter; left time: 46864.6401s
	iters: 1000, epoch: 7 | loss: 0.1682212
	speed: 0.0586s/iter; left time: 47384.7559s
	iters: 1100, epoch: 7 | loss: 0.1780276
	speed: 0.0579s/iter; left time: 46832.3269s
	iters: 1200, epoch: 7 | loss: 0.1577061
	speed: 0.0594s/iter; left time: 48008.8056s
	iters: 1300, epoch: 7 | loss: 0.1427799
	speed: 0.0588s/iter; left time: 47475.4968s
	iters: 1400, epoch: 7 | loss: 0.1605545
	speed: 0.0592s/iter; left time: 47835.3542s
	iters: 1500, epoch: 7 | loss: 0.1617243
	speed: 0.0594s/iter; left time: 47991.9030s
	iters: 1600, epoch: 7 | loss: 0.1570427
	speed: 0.0578s/iter; left time: 46724.7363s
	iters: 1700, epoch: 7 | loss: 0.1345945
	speed: 0.0585s/iter; left time: 47212.7285s
	iters: 1800, epoch: 7 | loss: 0.1572367
	speed: 0.0580s/iter; left time: 46873.9263s
	iters: 1900, epoch: 7 | loss: 0.1511711
	speed: 0.0581s/iter; left time: 46933.5080s
	iters: 2000, epoch: 7 | loss: 0.1566394
	speed: 0.0579s/iter; left time: 46775.6502s
	iters: 2100, epoch: 7 | loss: 0.1517320
	speed: 0.0580s/iter; left time: 46818.8647s
	iters: 2200, epoch: 7 | loss: 0.1828848
	speed: 0.0575s/iter; left time: 46416.4243s
	iters: 2300, epoch: 7 | loss: 0.1677436
	speed: 0.0576s/iter; left time: 46492.7949s
	iters: 2400, epoch: 7 | loss: 0.1480488
	speed: 0.0574s/iter; left time: 46341.6249s
	iters: 2500, epoch: 7 | loss: 0.1630554
	speed: 0.0575s/iter; left time: 46408.3951s
	iters: 2600, epoch: 7 | loss: 0.1537779
	speed: 0.0574s/iter; left time: 46271.9175s
	iters: 2700, epoch: 7 | loss: 0.1773377
	speed: 0.0571s/iter; left time: 46032.0476s
	iters: 2800, epoch: 7 | loss: 0.1686501
	speed: 0.0573s/iter; left time: 46180.6301s
	iters: 2900, epoch: 7 | loss: 0.1709558
	speed: 0.0575s/iter; left time: 46366.8606s
	iters: 3000, epoch: 7 | loss: 0.1541999
	speed: 0.0573s/iter; left time: 46175.8309s
	iters: 3100, epoch: 7 | loss: 0.1440912
	speed: 0.0586s/iter; left time: 47267.6543s
	iters: 3200, epoch: 7 | loss: 0.1591207
	speed: 0.0592s/iter; left time: 47724.6250s
	iters: 3300, epoch: 7 | loss: 0.1695921
	speed: 0.0575s/iter; left time: 46378.9709s
	iters: 3400, epoch: 7 | loss: 0.1311386
	speed: 0.0576s/iter; left time: 46386.7451s
	iters: 3500, epoch: 7 | loss: 0.1427809
	speed: 0.0580s/iter; left time: 46757.0731s
	iters: 3600, epoch: 7 | loss: 0.1426278
	speed: 0.0575s/iter; left time: 46354.6958s
	iters: 3700, epoch: 7 | loss: 0.1663646
	speed: 0.0576s/iter; left time: 46387.8097s
	iters: 3800, epoch: 7 | loss: 0.1482513
	speed: 0.0594s/iter; left time: 47862.8395s
	iters: 3900, epoch: 7 | loss: 0.1401415
	speed: 0.0585s/iter; left time: 47089.5955s
	iters: 4000, epoch: 7 | loss: 0.1567283
	speed: 0.0584s/iter; left time: 46993.4293s
	iters: 4100, epoch: 7 | loss: 0.1874921
	speed: 0.0579s/iter; left time: 46618.3013s
Epoch: 7 cost time: 242.25107598304749
Epoch: 7, Steps: 4172 | Train Loss: 0.1579087 Vali Loss: 0.1523228 Test Loss: 0.1819188
EarlyStopping counter: 1 out of 5
	iters: 100, epoch: 8 | loss: 0.1471083
	speed: 2.8176s/iter; left time: 2268401.5466s
	iters: 200, epoch: 8 | loss: 0.1904042
	speed: 0.0561s/iter; left time: 45133.9736s
	iters: 300, epoch: 8 | loss: 0.1877975
	speed: 0.0565s/iter; left time: 45457.2358s
	iters: 400, epoch: 8 | loss: 0.1498582
	speed: 0.0568s/iter; left time: 45706.7099s
	iters: 500, epoch: 8 | loss: 0.1373760
	speed: 0.0568s/iter; left time: 45701.8000s
	iters: 600, epoch: 8 | loss: 0.1551945
	speed: 0.0573s/iter; left time: 46069.8992s
	iters: 700, epoch: 8 | loss: 0.1622149
	speed: 0.0576s/iter; left time: 46340.4695s
	iters: 800, epoch: 8 | loss: 0.1504476
	speed: 0.0580s/iter; left time: 46627.3782s
	iters: 900, epoch: 8 | loss: 0.1532053
	speed: 0.0578s/iter; left time: 46520.9540s
	iters: 1000, epoch: 8 | loss: 0.1586594
	speed: 0.0580s/iter; left time: 46643.0767s
	iters: 1100, epoch: 8 | loss: 0.1484670
	speed: 0.0577s/iter; left time: 46377.5400s
	iters: 1200, epoch: 8 | loss: 0.1426470
	speed: 0.0570s/iter; left time: 45846.3330s
	iters: 1300, epoch: 8 | loss: 0.1472654
	speed: 0.0576s/iter; left time: 46290.0310s
	iters: 1400, epoch: 8 | loss: 0.1450882
	speed: 0.0581s/iter; left time: 46718.4833s
	iters: 1500, epoch: 8 | loss: 0.1525598
	speed: 0.0579s/iter; left time: 46547.8543s
	iters: 1600, epoch: 8 | loss: 0.1516316
	speed: 0.0579s/iter; left time: 46500.8376s
	iters: 1700, epoch: 8 | loss: 0.1572092
	speed: 0.0571s/iter; left time: 45888.0122s
	iters: 1800, epoch: 8 | loss: 0.1812892
	speed: 0.0575s/iter; left time: 46196.7200s
	iters: 1900, epoch: 8 | loss: 0.1757782
	speed: 0.0576s/iter; left time: 46265.4677s
	iters: 2000, epoch: 8 | loss: 0.1696596
	speed: 0.0564s/iter; left time: 45338.5766s
	iters: 2100, epoch: 8 | loss: 0.1438099
	speed: 0.0564s/iter; left time: 45319.6953s
	iters: 2200, epoch: 8 | loss: 0.1401371
	speed: 0.0564s/iter; left time: 45283.6443s
	iters: 2300, epoch: 8 | loss: 0.1437216
	speed: 0.0572s/iter; left time: 45920.8732s
	iters: 2400, epoch: 8 | loss: 0.1753820
	speed: 0.0577s/iter; left time: 46337.7631s
	iters: 2500, epoch: 8 | loss: 0.1697514
	speed: 0.0567s/iter; left time: 45491.8268s
	iters: 2600, epoch: 8 | loss: 0.1501101
	speed: 0.0562s/iter; left time: 45137.2904s
	iters: 2700, epoch: 8 | loss: 0.1370128
	speed: 0.0571s/iter; left time: 45788.2716s
	iters: 2800, epoch: 8 | loss: 0.1411939
	speed: 0.0570s/iter; left time: 45776.4555s
	iters: 2900, epoch: 8 | loss: 0.1680695
	speed: 0.0570s/iter; left time: 45699.0292s
	iters: 3000, epoch: 8 | loss: 0.1543609
	speed: 0.0579s/iter; left time: 46467.8868s
	iters: 3100, epoch: 8 | loss: 0.1475393
	speed: 0.0571s/iter; left time: 45801.6208s
	iters: 3200, epoch: 8 | loss: 0.1549634
	speed: 0.0573s/iter; left time: 45923.0830s
	iters: 3300, epoch: 8 | loss: 0.1648377
	speed: 0.0571s/iter; left time: 45822.2509s
	iters: 3400, epoch: 8 | loss: 0.1570285
	speed: 0.0570s/iter; left time: 45706.7229s
	iters: 3500, epoch: 8 | loss: 0.1763144
	speed: 0.0571s/iter; left time: 45799.2623s
	iters: 3600, epoch: 8 | loss: 0.1523793
	speed: 0.0576s/iter; left time: 46175.5839s
	iters: 3700, epoch: 8 | loss: 0.1524535
	speed: 0.0577s/iter; left time: 46260.1010s
	iters: 3800, epoch: 8 | loss: 0.1564807
	speed: 0.0567s/iter; left time: 45477.9820s
	iters: 3900, epoch: 8 | loss: 0.1537700
	speed: 0.0568s/iter; left time: 45543.7252s
	iters: 4000, epoch: 8 | loss: 0.1692096
	speed: 0.0569s/iter; left time: 45610.6330s
	iters: 4100, epoch: 8 | loss: 0.1731634
	speed: 0.0575s/iter; left time: 46041.8521s
Epoch: 8 cost time: 239.35288000106812
Epoch: 8, Steps: 4172 | Train Loss: 0.1578962 Vali Loss: 0.1524801 Test Loss: 0.1821792
EarlyStopping counter: 2 out of 5
	iters: 100, epoch: 9 | loss: 0.1508654
	speed: 2.8302s/iter; left time: 2266746.2191s
	iters: 200, epoch: 9 | loss: 0.1803861
	speed: 0.0598s/iter; left time: 47908.3061s
	iters: 300, epoch: 9 | loss: 0.1573293
	speed: 0.0596s/iter; left time: 47761.6515s
	iters: 400, epoch: 9 | loss: 0.1712784
	speed: 0.0591s/iter; left time: 47311.4885s
	iters: 500, epoch: 9 | loss: 0.1598818
	speed: 0.0585s/iter; left time: 46817.0901s
	iters: 600, epoch: 9 | loss: 0.1507058
	speed: 0.0586s/iter; left time: 46943.8958s
	iters: 700, epoch: 9 | loss: 0.1799460
	speed: 0.0586s/iter; left time: 46914.0287s
	iters: 800, epoch: 9 | loss: 0.1688896
	speed: 0.0594s/iter; left time: 47569.5943s
	iters: 900, epoch: 9 | loss: 0.1488261
	speed: 0.0582s/iter; left time: 46599.2161s
	iters: 1000, epoch: 9 | loss: 0.1517920
	speed: 0.0583s/iter; left time: 46612.7504s
	iters: 1100, epoch: 9 | loss: 0.1374368
	speed: 0.0606s/iter; left time: 48471.9320s
	iters: 1200, epoch: 9 | loss: 0.1646195
	speed: 0.0591s/iter; left time: 47274.5113s
	iters: 1300, epoch: 9 | loss: 0.1673601
	speed: 0.0583s/iter; left time: 46630.4344s
	iters: 1400, epoch: 9 | loss: 0.1528143
	speed: 0.0584s/iter; left time: 46690.5745s
	iters: 1500, epoch: 9 | loss: 0.1572037
	speed: 0.0585s/iter; left time: 46768.3497s
	iters: 1600, epoch: 9 | loss: 0.1673174
	speed: 0.0583s/iter; left time: 46622.5633s
	iters: 1700, epoch: 9 | loss: 0.1510756
	speed: 0.0581s/iter; left time: 46462.0368s
	iters: 1800, epoch: 9 | loss: 0.1681174
	speed: 0.0581s/iter; left time: 46406.6163s
	iters: 1900, epoch: 9 | loss: 0.1449261
	speed: 0.0583s/iter; left time: 46580.2817s
	iters: 2000, epoch: 9 | loss: 0.1612656
	speed: 0.0580s/iter; left time: 46358.8251s
	iters: 2100, epoch: 9 | loss: 0.1669462
	speed: 0.0580s/iter; left time: 46328.9105s
	iters: 2200, epoch: 9 | loss: 0.1723967
	speed: 0.0579s/iter; left time: 46269.9080s
	iters: 2300, epoch: 9 | loss: 0.1426672
	speed: 0.0581s/iter; left time: 46392.2815s
	iters: 2400, epoch: 9 | loss: 0.1515814
	speed: 0.0579s/iter; left time: 46276.3589s
	iters: 2500, epoch: 9 | loss: 0.1389084
	speed: 0.0579s/iter; left time: 46204.9964s
	iters: 2600, epoch: 9 | loss: 0.1456932
	speed: 0.0572s/iter; left time: 45645.1578s
	iters: 2700, epoch: 9 | loss: 0.1541024
	speed: 0.0574s/iter; left time: 45797.2500s
	iters: 2800, epoch: 9 | loss: 0.1758057
	speed: 0.0581s/iter; left time: 46401.7058s
	iters: 2900, epoch: 9 | loss: 0.1635653
	speed: 0.0573s/iter; left time: 45732.2905s
	iters: 3000, epoch: 9 | loss: 0.1604119
	speed: 0.0591s/iter; left time: 47191.4639s
	iters: 3100, epoch: 9 | loss: 0.1554062
	speed: 0.0574s/iter; left time: 45771.3451s
	iters: 3200, epoch: 9 | loss: 0.1540667
	speed: 0.0575s/iter; left time: 45876.9177s
	iters: 3300, epoch: 9 | loss: 0.1542521
	speed: 0.0575s/iter; left time: 45865.8915s
	iters: 3400, epoch: 9 | loss: 0.1463611
	speed: 0.0573s/iter; left time: 45740.4041s
	iters: 3500, epoch: 9 | loss: 0.1484799
	speed: 0.0581s/iter; left time: 46345.4526s
	iters: 3600, epoch: 9 | loss: 0.1358063
	speed: 0.0591s/iter; left time: 47143.0260s
	iters: 3700, epoch: 9 | loss: 0.1744219
	speed: 0.0576s/iter; left time: 45898.0517s
	iters: 3800, epoch: 9 | loss: 0.1538108
	speed: 0.0584s/iter; left time: 46555.6622s
	iters: 3900, epoch: 9 | loss: 0.1807541
	speed: 0.0575s/iter; left time: 45829.6911s
	iters: 4000, epoch: 9 | loss: 0.1531745
	speed: 0.0573s/iter; left time: 45703.0551s
	iters: 4100, epoch: 9 | loss: 0.1457802
	speed: 0.0575s/iter; left time: 45813.4081s
Epoch: 9 cost time: 243.81111979484558
Epoch: 9, Steps: 4172 | Train Loss: 0.1578962 Vali Loss: 0.1523108 Test Loss: 0.1816833
EarlyStopping counter: 3 out of 5
	iters: 100, epoch: 10 | loss: 0.1774940
	speed: 2.8396s/iter; left time: 2262436.0721s
	iters: 200, epoch: 10 | loss: 0.1520523
	speed: 0.0585s/iter; left time: 46570.5562s
	iters: 300, epoch: 10 | loss: 0.1368009
	speed: 0.0592s/iter; left time: 47175.1365s
	iters: 400, epoch: 10 | loss: 0.1432545
	speed: 0.0602s/iter; left time: 47923.1843s
	iters: 500, epoch: 10 | loss: 0.1496999
	speed: 0.0589s/iter; left time: 46919.1761s
	iters: 600, epoch: 10 | loss: 0.1384162
	speed: 0.0586s/iter; left time: 46663.9560s
	iters: 700, epoch: 10 | loss: 0.1417487
	speed: 0.0582s/iter; left time: 46370.2295s
	iters: 800, epoch: 10 | loss: 0.1635548
	speed: 0.0582s/iter; left time: 46327.6915s
	iters: 900, epoch: 10 | loss: 0.1653471
	speed: 0.0583s/iter; left time: 46442.9925s
	iters: 1000, epoch: 10 | loss: 0.1328068
	speed: 0.0586s/iter; left time: 46649.7340s
	iters: 1100, epoch: 10 | loss: 0.1561643
	speed: 0.0603s/iter; left time: 48019.6702s
	iters: 1200, epoch: 10 | loss: 0.1514319
	speed: 0.0601s/iter; left time: 47802.8068s
	iters: 1300, epoch: 10 | loss: 0.1500539
	speed: 0.0582s/iter; left time: 46282.1635s
	iters: 1400, epoch: 10 | loss: 0.1393643
	speed: 0.0593s/iter; left time: 47156.5967s
	iters: 1500, epoch: 10 | loss: 0.1554767
	speed: 0.0599s/iter; left time: 47665.1187s
	iters: 1600, epoch: 10 | loss: 0.1767094
	speed: 0.0585s/iter; left time: 46538.6018s
	iters: 1700, epoch: 10 | loss: 0.1750374
	speed: 0.0586s/iter; left time: 46575.2686s
	iters: 1800, epoch: 10 | loss: 0.1391122
	speed: 0.0594s/iter; left time: 47189.0072s
	iters: 1900, epoch: 10 | loss: 0.1666767
	speed: 0.0578s/iter; left time: 45955.2826s
	iters: 2000, epoch: 10 | loss: 0.1717383
	speed: 0.0579s/iter; left time: 46032.6046s
	iters: 2100, epoch: 10 | loss: 0.1375374
	speed: 0.0578s/iter; left time: 45943.2755s
	iters: 2200, epoch: 10 | loss: 0.1683241
	speed: 0.0578s/iter; left time: 45960.6050s
	iters: 2300, epoch: 10 | loss: 0.1454675
	speed: 0.0579s/iter; left time: 45996.9993s
	iters: 2400, epoch: 10 | loss: 0.1791978
	speed: 0.0578s/iter; left time: 45947.2135s
	iters: 2500, epoch: 10 | loss: 0.1379267
	speed: 0.0582s/iter; left time: 46215.8597s
	iters: 2600, epoch: 10 | loss: 0.1724705
	speed: 0.0583s/iter; left time: 46266.5405s
	iters: 2700, epoch: 10 | loss: 0.1528075
	speed: 0.0582s/iter; left time: 46224.0021s
	iters: 2800, epoch: 10 | loss: 0.1386968
	speed: 0.0578s/iter; left time: 45901.1438s
	iters: 2900, epoch: 10 | loss: 0.1469990
	speed: 0.0579s/iter; left time: 46008.6248s
	iters: 3000, epoch: 10 | loss: 0.1565908
	speed: 0.0577s/iter; left time: 45821.0879s
	iters: 3100, epoch: 10 | loss: 0.1604111
	speed: 0.0575s/iter; left time: 45630.8356s
	iters: 3200, epoch: 10 | loss: 0.1619344
	speed: 0.0575s/iter; left time: 45612.2028s
	iters: 3300, epoch: 10 | loss: 0.1831007
	speed: 0.0572s/iter; left time: 45357.5244s
	iters: 3400, epoch: 10 | loss: 0.1643528
	speed: 0.0574s/iter; left time: 45522.6648s
	iters: 3500, epoch: 10 | loss: 0.1614380
	speed: 0.0573s/iter; left time: 45439.6976s
	iters: 3600, epoch: 10 | loss: 0.1548992
	speed: 0.0571s/iter; left time: 45317.1183s
	iters: 3700, epoch: 10 | loss: 0.1528785
	speed: 0.0579s/iter; left time: 45959.3971s
	iters: 3800, epoch: 10 | loss: 0.1838319
	speed: 0.0588s/iter; left time: 46632.2226s
	iters: 3900, epoch: 10 | loss: 0.1566635
	speed: 0.0579s/iter; left time: 45897.3701s
	iters: 4000, epoch: 10 | loss: 0.1457555
	speed: 0.0579s/iter; left time: 45921.5831s
	iters: 4100, epoch: 10 | loss: 0.1418940
	speed: 0.0582s/iter; left time: 46134.0489s
Epoch: 10 cost time: 243.81079816818237
Epoch: 10, Steps: 4172 | Train Loss: 0.1578908 Vali Loss: 0.1521044 Test Loss: 0.1817829
Validation loss decreased (0.152268 --> 0.152104).  Saving model ...
	iters: 100, epoch: 11 | loss: 0.1707438
	speed: 2.8275s/iter; left time: 2240983.9318s
	iters: 200, epoch: 11 | loss: 0.1964362
	speed: 0.0586s/iter; left time: 46420.6106s
	iters: 300, epoch: 11 | loss: 0.1539726
	speed: 0.0616s/iter; left time: 48794.6368s
	iters: 400, epoch: 11 | loss: 0.1589818
	speed: 0.0596s/iter; left time: 47254.1945s
	iters: 500, epoch: 11 | loss: 0.1650485
	speed: 0.0590s/iter; left time: 46702.7887s
	iters: 600, epoch: 11 | loss: 0.1624717
	speed: 0.0587s/iter; left time: 46523.0786s
	iters: 700, epoch: 11 | loss: 0.1389117
	speed: 0.0589s/iter; left time: 46637.8535s
	iters: 800, epoch: 11 | loss: 0.1458211
	speed: 0.0586s/iter; left time: 46389.4711s
	iters: 900, epoch: 11 | loss: 0.1552051
	speed: 0.0589s/iter; left time: 46597.6068s
	iters: 1000, epoch: 11 | loss: 0.1659050
	speed: 0.0586s/iter; left time: 46361.9979s
	iters: 1100, epoch: 11 | loss: 0.1484313
	speed: 0.0605s/iter; left time: 47920.4427s
	iters: 1200, epoch: 11 | loss: 0.1471029
	speed: 0.0584s/iter; left time: 46249.1724s
	iters: 1300, epoch: 11 | loss: 0.1574406
	speed: 0.0583s/iter; left time: 46102.7738s
	iters: 1400, epoch: 11 | loss: 0.1489461
	speed: 0.0596s/iter; left time: 47160.0253s
	iters: 1500, epoch: 11 | loss: 0.1789098
	speed: 0.0582s/iter; left time: 46076.8035s
	iters: 1600, epoch: 11 | loss: 0.1546538
	speed: 0.0581s/iter; left time: 45975.7042s
	iters: 1700, epoch: 11 | loss: 0.1774775
	speed: 0.0598s/iter; left time: 47330.4584s
	iters: 1800, epoch: 11 | loss: 0.1748920
	speed: 0.0584s/iter; left time: 46198.2712s
	iters: 1900, epoch: 11 | loss: 0.1597608
	speed: 0.0582s/iter; left time: 45996.2516s
	iters: 2000, epoch: 11 | loss: 0.1677934
	speed: 0.0588s/iter; left time: 46475.6864s
	iters: 2100, epoch: 11 | loss: 0.1662874
	speed: 0.0586s/iter; left time: 46348.4158s
	iters: 2200, epoch: 11 | loss: 0.1673675
	speed: 0.0596s/iter; left time: 47130.3554s
	iters: 2300, epoch: 11 | loss: 0.1373639
	speed: 0.0584s/iter; left time: 46157.7089s
	iters: 2400, epoch: 11 | loss: 0.1605750
	speed: 0.0594s/iter; left time: 46970.2121s
	iters: 2500, epoch: 11 | loss: 0.1439623
	speed: 0.0580s/iter; left time: 45832.9731s
	iters: 2600, epoch: 11 | loss: 0.1700981
	speed: 0.0588s/iter; left time: 46450.6869s
	iters: 2700, epoch: 11 | loss: 0.1546011
	speed: 0.0573s/iter; left time: 45298.9643s
	iters: 2800, epoch: 11 | loss: 0.1484459
	speed: 0.0574s/iter; left time: 45312.5482s
	iters: 2900, epoch: 11 | loss: 0.1520577
	speed: 0.0576s/iter; left time: 45520.0671s
	iters: 3000, epoch: 11 | loss: 0.1728459
	speed: 0.0577s/iter; left time: 45568.5944s
	iters: 3100, epoch: 11 | loss: 0.1598910
	speed: 0.0576s/iter; left time: 45456.4132s
	iters: 3200, epoch: 11 | loss: 0.1485321
	speed: 0.0574s/iter; left time: 45354.3988s
	iters: 3300, epoch: 11 | loss: 0.1559955
	speed: 0.0576s/iter; left time: 45430.5318s
	iters: 3400, epoch: 11 | loss: 0.1575992
	speed: 0.0577s/iter; left time: 45517.0916s
	iters: 3500, epoch: 11 | loss: 0.1975630
	speed: 0.0574s/iter; left time: 45306.4988s
	iters: 3600, epoch: 11 | loss: 0.1729972
	speed: 0.0588s/iter; left time: 46362.7361s
	iters: 3700, epoch: 11 | loss: 0.1387729
	speed: 0.0573s/iter; left time: 45192.3721s
	iters: 3800, epoch: 11 | loss: 0.1522641
	speed: 0.0573s/iter; left time: 45242.0894s
	iters: 3900, epoch: 11 | loss: 0.1898570
	speed: 0.0574s/iter; left time: 45277.5151s
	iters: 4000, epoch: 11 | loss: 0.1455388
	speed: 0.0581s/iter; left time: 45805.5853s
	iters: 4100, epoch: 11 | loss: 0.1517856
	speed: 0.0584s/iter; left time: 46081.5722s
Epoch: 11 cost time: 244.29799103736877
Epoch: 11, Steps: 4172 | Train Loss: 0.1579050 Vali Loss: 0.1527365 Test Loss: 0.1823337
EarlyStopping counter: 1 out of 5
	iters: 100, epoch: 12 | loss: 0.1531004
	speed: 2.8376s/iter; left time: 2237154.5566s
	iters: 200, epoch: 12 | loss: 0.1544511
	speed: 0.0589s/iter; left time: 46466.3892s
	iters: 300, epoch: 12 | loss: 0.1630911
	speed: 0.0581s/iter; left time: 45793.2098s
	iters: 400, epoch: 12 | loss: 0.1344943
	speed: 0.0581s/iter; left time: 45793.5481s
	iters: 500, epoch: 12 | loss: 0.1641184
	speed: 0.0582s/iter; left time: 45900.8370s
	iters: 600, epoch: 12 | loss: 0.1633039
	speed: 0.0602s/iter; left time: 47464.5750s
	iters: 700, epoch: 12 | loss: 0.1495627
	speed: 0.0586s/iter; left time: 46159.3613s
	iters: 800, epoch: 12 | loss: 0.1534057
	speed: 0.0587s/iter; left time: 46272.5551s
	iters: 900, epoch: 12 | loss: 0.1519893
	speed: 0.0587s/iter; left time: 46245.4522s
	iters: 1000, epoch: 12 | loss: 0.1356384
	speed: 0.0589s/iter; left time: 46367.4185s
	iters: 1100, epoch: 12 | loss: 0.1641435
	speed: 0.0587s/iter; left time: 46185.3414s
	iters: 1200, epoch: 12 | loss: 0.1453957
	speed: 0.0586s/iter; left time: 46098.6934s
	iters: 1300, epoch: 12 | loss: 0.1986904
	speed: 0.0585s/iter; left time: 46051.7839s
	iters: 1400, epoch: 12 | loss: 0.1710066
	speed: 0.0587s/iter; left time: 46230.4145s
	iters: 1500, epoch: 12 | loss: 0.1589746
	speed: 0.0585s/iter; left time: 46038.6841s
	iters: 1600, epoch: 12 | loss: 0.1677645
	speed: 0.0585s/iter; left time: 46061.2090s
	iters: 1700, epoch: 12 | loss: 0.1527351
	speed: 0.0591s/iter; left time: 46518.2186s
	iters: 1800, epoch: 12 | loss: 0.1525834
	speed: 0.0593s/iter; left time: 46639.6018s
	iters: 1900, epoch: 12 | loss: 0.1794354
	speed: 0.0588s/iter; left time: 46219.9365s
	iters: 2000, epoch: 12 | loss: 0.1721938
	speed: 0.0590s/iter; left time: 46410.7243s
	iters: 2100, epoch: 12 | loss: 0.1528429
	speed: 0.0589s/iter; left time: 46323.9627s
	iters: 2200, epoch: 12 | loss: 0.1423866
	speed: 0.0583s/iter; left time: 45869.9647s
	iters: 2300, epoch: 12 | loss: 0.1422823
	speed: 0.0575s/iter; left time: 45236.7484s
	iters: 2400, epoch: 12 | loss: 0.1889249
	speed: 0.0575s/iter; left time: 45204.2513s
	iters: 2500, epoch: 12 | loss: 0.1713837
	speed: 0.0594s/iter; left time: 46718.0213s
	iters: 2600, epoch: 12 | loss: 0.1586827
	speed: 0.0596s/iter; left time: 46853.0513s
	iters: 2700, epoch: 12 | loss: 0.1392203
	speed: 0.0597s/iter; left time: 46894.9279s
	iters: 2800, epoch: 12 | loss: 0.1446297
	speed: 0.0584s/iter; left time: 45913.1313s
	iters: 2900, epoch: 12 | loss: 0.1559087
	speed: 0.0584s/iter; left time: 45851.9376s
	iters: 3000, epoch: 12 | loss: 0.1375498
	speed: 0.0586s/iter; left time: 46001.4199s
	iters: 3100, epoch: 12 | loss: 0.1513026
	speed: 0.0574s/iter; left time: 45087.8809s
	iters: 3200, epoch: 12 | loss: 0.1579318
	speed: 0.0578s/iter; left time: 45407.9936s
	iters: 3300, epoch: 12 | loss: 0.1551902
	speed: 0.0579s/iter; left time: 45470.4845s
	iters: 3400, epoch: 12 | loss: 0.1493472
	speed: 0.0576s/iter; left time: 45260.7822s
	iters: 3500, epoch: 12 | loss: 0.1379853
	speed: 0.0578s/iter; left time: 45410.6789s
	iters: 3600, epoch: 12 | loss: 0.1663584
	speed: 0.0579s/iter; left time: 45459.2649s
	iters: 3700, epoch: 12 | loss: 0.1817622
	speed: 0.0580s/iter; left time: 45522.7705s
	iters: 3800, epoch: 12 | loss: 0.1472329
	speed: 0.0591s/iter; left time: 46411.7597s
	iters: 3900, epoch: 12 | loss: 0.1469317
	speed: 0.0589s/iter; left time: 46179.4493s
	iters: 4000, epoch: 12 | loss: 0.1620663
	speed: 0.0577s/iter; left time: 45271.3820s
	iters: 4100, epoch: 12 | loss: 0.1584778
	speed: 0.0578s/iter; left time: 45350.7399s
Epoch: 12 cost time: 244.67988753318787
Epoch: 12, Steps: 4172 | Train Loss: 0.1578848 Vali Loss: 0.1529325 Test Loss: 0.1825397
EarlyStopping counter: 2 out of 5
	iters: 100, epoch: 13 | loss: 0.1409425
	speed: 2.8343s/iter; left time: 2222741.7209s
	iters: 200, epoch: 13 | loss: 0.1611592
	speed: 0.0559s/iter; left time: 43845.3909s
	iters: 300, epoch: 13 | loss: 0.2179041
	speed: 0.0563s/iter; left time: 44111.2819s
	iters: 400, epoch: 13 | loss: 0.1563487
	speed: 0.0563s/iter; left time: 44143.6872s
	iters: 500, epoch: 13 | loss: 0.1779962
	speed: 0.0563s/iter; left time: 44156.9349s
	iters: 600, epoch: 13 | loss: 0.1576742
	speed: 0.0562s/iter; left time: 44079.3744s
	iters: 700, epoch: 13 | loss: 0.1582751
	speed: 0.0567s/iter; left time: 44446.6084s
	iters: 800, epoch: 13 | loss: 0.1502650
	speed: 0.0581s/iter; left time: 45485.5843s
	iters: 900, epoch: 13 | loss: 0.1636176
	speed: 0.0571s/iter; left time: 44766.1691s
	iters: 1000, epoch: 13 | loss: 0.1929754
	speed: 0.0570s/iter; left time: 44639.8908s
	iters: 1100, epoch: 13 | loss: 0.1627694
	speed: 0.0569s/iter; left time: 44540.6418s
	iters: 1200, epoch: 13 | loss: 0.1609240
	speed: 0.0570s/iter; left time: 44658.6235s
	iters: 1300, epoch: 13 | loss: 0.1522827
	speed: 0.0571s/iter; left time: 44681.5817s
	iters: 1400, epoch: 13 | loss: 0.1561002
	speed: 0.0568s/iter; left time: 44486.0616s
	iters: 1500, epoch: 13 | loss: 0.1438910
	speed: 0.0568s/iter; left time: 44439.0625s
	iters: 1600, epoch: 13 | loss: 0.1561221
	speed: 0.0566s/iter; left time: 44315.5583s
	iters: 1700, epoch: 13 | loss: 0.1517957
	speed: 0.0574s/iter; left time: 44898.3564s
	iters: 1800, epoch: 13 | loss: 0.1597887
	speed: 0.0576s/iter; left time: 45078.9596s
	iters: 1900, epoch: 13 | loss: 0.1661768
	speed: 0.0575s/iter; left time: 45005.5251s
	iters: 2000, epoch: 13 | loss: 0.1511635
	speed: 0.0576s/iter; left time: 45063.8683s
	iters: 2100, epoch: 13 | loss: 0.1550219
	speed: 0.0572s/iter; left time: 44750.8366s
	iters: 2200, epoch: 13 | loss: 0.1644738
	speed: 0.0572s/iter; left time: 44717.5695s
	iters: 2300, epoch: 13 | loss: 0.1662388
	speed: 0.0569s/iter; left time: 44512.9711s
	iters: 2400, epoch: 13 | loss: 0.1403736
	speed: 0.0575s/iter; left time: 44937.2686s
	iters: 2500, epoch: 13 | loss: 0.1659537
	speed: 0.0565s/iter; left time: 44210.8634s
	iters: 2600, epoch: 13 | loss: 0.1743861
	speed: 0.0568s/iter; left time: 44420.5174s
	iters: 2700, epoch: 13 | loss: 0.1569659
	speed: 0.0570s/iter; left time: 44526.3137s
	iters: 2800, epoch: 13 | loss: 0.1257571
	speed: 0.0568s/iter; left time: 44389.6493s
	iters: 2900, epoch: 13 | loss: 0.1734654
	speed: 0.0567s/iter; left time: 44338.8325s
	iters: 3000, epoch: 13 | loss: 0.1473711
	speed: 0.0573s/iter; left time: 44771.0704s
	iters: 3100, epoch: 13 | loss: 0.1499698
	speed: 0.0588s/iter; left time: 45899.9666s
	iters: 3200, epoch: 13 | loss: 0.1580583
	speed: 0.0575s/iter; left time: 44901.2328s
	iters: 3300, epoch: 13 | loss: 0.1523809
	speed: 0.0577s/iter; left time: 45042.3346s
	iters: 3400, epoch: 13 | loss: 0.1555029
	speed: 0.0582s/iter; left time: 45465.3480s
	iters: 3500, epoch: 13 | loss: 0.1547418
	speed: 0.0570s/iter; left time: 44476.5098s
	iters: 3600, epoch: 13 | loss: 0.1477887
	speed: 0.0579s/iter; left time: 45220.2782s
	iters: 3700, epoch: 13 | loss: 0.1651013
	speed: 0.0578s/iter; left time: 45096.9915s
	iters: 3800, epoch: 13 | loss: 0.1271561
	speed: 0.0579s/iter; left time: 45167.0127s
	iters: 3900, epoch: 13 | loss: 0.1562688
	speed: 0.0576s/iter; left time: 44985.3614s
	iters: 4000, epoch: 13 | loss: 0.1793856
	speed: 0.0582s/iter; left time: 45451.0790s
	iters: 4100, epoch: 13 | loss: 0.1533134
	speed: 0.0570s/iter; left time: 44499.3238s
Epoch: 13 cost time: 239.22996592521667
Epoch: 13, Steps: 4172 | Train Loss: 0.1578813 Vali Loss: 0.1525787 Test Loss: 0.1820954
EarlyStopping counter: 3 out of 5
	iters: 100, epoch: 14 | loss: 0.1713347
	speed: 2.8169s/iter; left time: 2197403.1602s
	iters: 200, epoch: 14 | loss: 0.1821623
	speed: 0.0566s/iter; left time: 44179.5052s
	iters: 300, epoch: 14 | loss: 0.1570917
	speed: 0.0569s/iter; left time: 44368.8655s
	iters: 400, epoch: 14 | loss: 0.1381098
	speed: 0.0568s/iter; left time: 44303.9024s
	iters: 500, epoch: 14 | loss: 0.1526973
	speed: 0.0573s/iter; left time: 44700.7284s
	iters: 600, epoch: 14 | loss: 0.1373138
	speed: 0.0565s/iter; left time: 44008.7841s
	iters: 700, epoch: 14 | loss: 0.1480187
	speed: 0.0565s/iter; left time: 44026.5564s
	iters: 800, epoch: 14 | loss: 0.1465591
	speed: 0.0568s/iter; left time: 44237.5183s
	iters: 900, epoch: 14 | loss: 0.1465422
	speed: 0.0570s/iter; left time: 44436.5284s
	iters: 1000, epoch: 14 | loss: 0.1568457
	speed: 0.0569s/iter; left time: 44298.6544s
	iters: 1100, epoch: 14 | loss: 0.1562902
	speed: 0.0568s/iter; left time: 44224.9831s
	iters: 1200, epoch: 14 | loss: 0.1809184
	speed: 0.0569s/iter; left time: 44333.6467s
	iters: 1300, epoch: 14 | loss: 0.1559710
	speed: 0.0570s/iter; left time: 44379.2854s
	iters: 1400, epoch: 14 | loss: 0.1479651
	speed: 0.0570s/iter; left time: 44374.5901s
	iters: 1500, epoch: 14 | loss: 0.1709815
	speed: 0.0579s/iter; left time: 45089.5319s
	iters: 1600, epoch: 14 | loss: 0.1551704
	speed: 0.0576s/iter; left time: 44872.0943s
	iters: 1700, epoch: 14 | loss: 0.1627268
	speed: 0.0569s/iter; left time: 44332.4583s
	iters: 1800, epoch: 14 | loss: 0.1528958
	speed: 0.0571s/iter; left time: 44410.1691s
	iters: 1900, epoch: 14 | loss: 0.1610531
	speed: 0.0573s/iter; left time: 44575.7622s
	iters: 2000, epoch: 14 | loss: 0.1687171
	speed: 0.0569s/iter; left time: 44290.8765s
	iters: 2100, epoch: 14 | loss: 0.1477843
	speed: 0.0569s/iter; left time: 44241.0179s
	iters: 2200, epoch: 14 | loss: 0.1608162
	speed: 0.0569s/iter; left time: 44257.2168s
	iters: 2300, epoch: 14 | loss: 0.1591557
	speed: 0.0567s/iter; left time: 44137.9853s
	iters: 2400, epoch: 14 | loss: 0.1569585
	speed: 0.0569s/iter; left time: 44251.0758s
	iters: 2500, epoch: 14 | loss: 0.1612417
	speed: 0.0570s/iter; left time: 44320.9667s
	iters: 2600, epoch: 14 | loss: 0.1427379
	speed: 0.0576s/iter; left time: 44773.8289s
	iters: 2700, epoch: 14 | loss: 0.1839546
	speed: 0.0582s/iter; left time: 45268.8820s
	iters: 2800, epoch: 14 | loss: 0.1467637
	speed: 0.0571s/iter; left time: 44360.0598s
	iters: 2900, epoch: 14 | loss: 0.1612110
	speed: 0.0584s/iter; left time: 45376.5366s
	iters: 3000, epoch: 14 | loss: 0.1602823
	speed: 0.0581s/iter; left time: 45134.6718s
	iters: 3100, epoch: 14 | loss: 0.1523351
	speed: 0.0577s/iter; left time: 44828.0614s
	iters: 3200, epoch: 14 | loss: 0.1418377
	speed: 0.0574s/iter; left time: 44604.3339s
	iters: 3300, epoch: 14 | loss: 0.1558882
	speed: 0.0579s/iter; left time: 44954.1765s
	iters: 3400, epoch: 14 | loss: 0.1544454
	speed: 0.0569s/iter; left time: 44174.9851s
	iters: 3500, epoch: 14 | loss: 0.1708997
	speed: 0.0564s/iter; left time: 43784.0842s
	iters: 3600, epoch: 14 | loss: 0.1512441
	speed: 0.0571s/iter; left time: 44361.3134s
	iters: 3700, epoch: 14 | loss: 0.1325061
	speed: 0.0567s/iter; left time: 44042.5456s
	iters: 3800, epoch: 14 | loss: 0.1434190
	speed: 0.0582s/iter; left time: 45217.6272s
	iters: 3900, epoch: 14 | loss: 0.1453003
	speed: 0.0573s/iter; left time: 44511.9436s
	iters: 4000, epoch: 14 | loss: 0.1679632
	speed: 0.0566s/iter; left time: 43900.8557s
	iters: 4100, epoch: 14 | loss: 0.1501449
	speed: 0.0569s/iter; left time: 44149.7505s
Epoch: 14 cost time: 239.03527092933655
Epoch: 14, Steps: 4172 | Train Loss: 0.1579074 Vali Loss: 0.1525219 Test Loss: 0.1821056
EarlyStopping counter: 4 out of 5
	iters: 100, epoch: 15 | loss: 0.1597619
	speed: 2.8075s/iter; left time: 2178343.7994s
	iters: 200, epoch: 15 | loss: 0.1695577
	speed: 0.0562s/iter; left time: 43596.6969s
	iters: 300, epoch: 15 | loss: 0.1750302
	speed: 0.0569s/iter; left time: 44166.5983s
	iters: 400, epoch: 15 | loss: 0.1492348
	speed: 0.0565s/iter; left time: 43811.1973s
	iters: 500, epoch: 15 | loss: 0.1590763
	speed: 0.0567s/iter; left time: 44004.4368s
	iters: 600, epoch: 15 | loss: 0.1486035
	speed: 0.0562s/iter; left time: 43581.7962s
	iters: 700, epoch: 15 | loss: 0.1521145
	speed: 0.0565s/iter; left time: 43794.6670s
	iters: 800, epoch: 15 | loss: 0.1446863
	speed: 0.0567s/iter; left time: 43946.1581s
	iters: 900, epoch: 15 | loss: 0.1449356
	speed: 0.0567s/iter; left time: 43928.8210s
	iters: 1000, epoch: 15 | loss: 0.1812710
	speed: 0.0567s/iter; left time: 43905.1824s
	iters: 1100, epoch: 15 | loss: 0.1706085
	speed: 0.0568s/iter; left time: 43993.1922s
	iters: 1200, epoch: 15 | loss: 0.1538171
	speed: 0.0566s/iter; left time: 43815.3013s
	iters: 1300, epoch: 15 | loss: 0.1715278
	speed: 0.0567s/iter; left time: 43924.0261s
	iters: 1400, epoch: 15 | loss: 0.1568623
	speed: 0.0567s/iter; left time: 43934.7298s
	iters: 1500, epoch: 15 | loss: 0.1595988
	speed: 0.0567s/iter; left time: 43923.4849s
	iters: 1600, epoch: 15 | loss: 0.1546927
	speed: 0.0574s/iter; left time: 44421.5702s
	iters: 1700, epoch: 15 | loss: 0.1292322
	speed: 0.0573s/iter; left time: 44362.5733s
	iters: 1800, epoch: 15 | loss: 0.1566735
	speed: 0.0579s/iter; left time: 44828.2921s
	iters: 1900, epoch: 15 | loss: 0.1704683
	speed: 0.0570s/iter; left time: 44095.5973s
	iters: 2000, epoch: 15 | loss: 0.1463163
	speed: 0.0569s/iter; left time: 44058.7423s
	iters: 2100, epoch: 15 | loss: 0.1641585
	speed: 0.0564s/iter; left time: 43660.8895s
	iters: 2200, epoch: 15 | loss: 0.1675621
	speed: 0.0563s/iter; left time: 43596.3172s
	iters: 2300, epoch: 15 | loss: 0.1494497
	speed: 0.0569s/iter; left time: 44016.8696s
	iters: 2400, epoch: 15 | loss: 0.1638630
	speed: 0.0580s/iter; left time: 44835.1411s
	iters: 2500, epoch: 15 | loss: 0.1580912
	speed: 0.0566s/iter; left time: 43809.3160s
	iters: 2600, epoch: 15 | loss: 0.1386862
	speed: 0.0564s/iter; left time: 43639.3540s
	iters: 2700, epoch: 15 | loss: 0.1613575
	speed: 0.0567s/iter; left time: 43820.4683s
	iters: 2800, epoch: 15 | loss: 0.1686420
	speed: 0.0572s/iter; left time: 44262.8209s
	iters: 2900, epoch: 15 | loss: 0.1384150
	speed: 0.0561s/iter; left time: 43403.6498s
	iters: 3000, epoch: 15 | loss: 0.1553460
	speed: 0.0564s/iter; left time: 43628.9085s
	iters: 3100, epoch: 15 | loss: 0.1314319
	speed: 0.0561s/iter; left time: 43392.2720s
	iters: 3200, epoch: 15 | loss: 0.1539749
	speed: 0.0562s/iter; left time: 43409.9025s
	iters: 3300, epoch: 15 | loss: 0.1551141
	speed: 0.0562s/iter; left time: 43390.5826s
	iters: 3400, epoch: 15 | loss: 0.1596071
	speed: 0.0563s/iter; left time: 43504.9756s
	iters: 3500, epoch: 15 | loss: 0.1548363
	speed: 0.0564s/iter; left time: 43552.1277s
	iters: 3600, epoch: 15 | loss: 0.1564975
	speed: 0.0567s/iter; left time: 43822.6418s
	iters: 3700, epoch: 15 | loss: 0.1528225
	speed: 0.0570s/iter; left time: 43999.7272s
	iters: 3800, epoch: 15 | loss: 0.1758649
	speed: 0.0572s/iter; left time: 44204.8212s
	iters: 3900, epoch: 15 | loss: 0.1540056
	speed: 0.0566s/iter; left time: 43685.4637s
	iters: 4000, epoch: 15 | loss: 0.1693596
	speed: 0.0566s/iter; left time: 43715.0858s
	iters: 4100, epoch: 15 | loss: 0.1635543
	speed: 0.0568s/iter; left time: 43843.5137s
Epoch: 15 cost time: 237.2330129146576
Epoch: 15, Steps: 4172 | Train Loss: 0.1579127 Vali Loss: 0.1526583 Test Loss: 0.1823314
EarlyStopping counter: 5 out of 5
Early stopping
>>>>>>>testing : long_term_forecast_pems07_h_96_192_DLinear_custom_ftM_sl96_ll48_pl192_dm512_nh8_el2_dl1_df2048_fc3_ebtimeF_dtTrue_srate1.0_sseed7_trainseed2024_Exp_0<<<<<<<<<<<<<<<<<<<<<<<<<<<<<<<<<
test 38036
test shape: (38036, 1, 192, 1613) (38036, 1, 192, 1613)
test shape: (38036, 192, 1613) (38036, 192, 1613)
mse:0.18178005516529083, mae:0.2308530956506729
>>>>>>>Overall time: 8449 seconds<<<<<<<<<<<<<<<<<<<<<<<<<<<<<<<<<
