Args in experiment:
Namespace(activation='gelu', anomaly_ratio=0.25, batch_size=32, c_out=107, checkpoints='./checkpoints/', d_ff=2048, d_layers=1, d_model=512, data='custom', data_path='pems10_h.csv', dec_in=107, des='Exp', devices='0,1,2,3', distil=True, dropout=0, e_layers=2, embed='timeF', enc_in=107, factor=3, features='M', freq='h', gap_day=365, gpu=0, inverse=False, is_training=1, itr=1, label_len=48, learning_rate=0.0005, loss='MSE', lradj='type3', mask_rate=0.25, model='DLinear', model_id='pems10_h_96_192', moving_avg=25, n_heads=8, num_kernels=6, num_workers=10, output_attention=False, p_hidden_dims=[128, 128], p_hidden_layers=2, patience=5, pred_len=192, root_path='../../data/pems/', samle_rate=1.0, sample_seed=7, seasonal_patterns='Monthly', seq_len=96, target='', task_name='long_term_forecast', top_k=5, train_epochs=200, train_seed=2024, use_amp=False, use_gpu=True, use_multi_gpu=False)
Use GPU: cuda:0
>>>>>>>start training : long_term_forecast_pems10_h_96_192_DLinear_custom_ftM_sl96_ll48_pl192_dm512_nh8_el2_dl1_df2048_fc3_ebtimeF_dtTrue_srate1.0_sseed7_trainseed2024_Exp_0>>>>>>>>>>>>>>>>>>>>>>>>>>
train 102394
val 14479
test 29146
	iters: 100, epoch: 1 | loss: 0.2206856
	speed: 0.0114s/iter; left time: 7291.1843s
	iters: 200, epoch: 1 | loss: 0.1908623
	speed: 0.0066s/iter; left time: 4244.5903s
	iters: 300, epoch: 1 | loss: 0.1772930
	speed: 0.0065s/iter; left time: 4141.8045s
	iters: 400, epoch: 1 | loss: 0.1697348
	speed: 0.0065s/iter; left time: 4149.0626s
	iters: 500, epoch: 1 | loss: 0.1896370
	speed: 0.0065s/iter; left time: 4149.5005s
	iters: 600, epoch: 1 | loss: 0.1666390
	speed: 0.0065s/iter; left time: 4158.8807s
	iters: 700, epoch: 1 | loss: 0.1373333
	speed: 0.0065s/iter; left time: 4155.8226s
	iters: 800, epoch: 1 | loss: 0.1482914
	speed: 0.0065s/iter; left time: 4158.6809s
	iters: 900, epoch: 1 | loss: 0.1936558
	speed: 0.0065s/iter; left time: 4158.4642s
	iters: 1000, epoch: 1 | loss: 0.1487516
	speed: 0.0065s/iter; left time: 4162.9810s
	iters: 1100, epoch: 1 | loss: 0.1445080
	speed: 0.0065s/iter; left time: 4153.5154s
	iters: 1200, epoch: 1 | loss: 0.1409349
	speed: 0.0065s/iter; left time: 4155.5493s
	iters: 1300, epoch: 1 | loss: 0.1540897
	speed: 0.0065s/iter; left time: 4159.8811s
	iters: 1400, epoch: 1 | loss: 0.1562760
	speed: 0.0065s/iter; left time: 4166.2676s
	iters: 1500, epoch: 1 | loss: 0.1648133
	speed: 0.0065s/iter; left time: 4161.6172s
	iters: 1600, epoch: 1 | loss: 0.1923903
	speed: 0.0065s/iter; left time: 4166.1797s
	iters: 1700, epoch: 1 | loss: 0.1456447
	speed: 0.0065s/iter; left time: 4163.5309s
	iters: 1800, epoch: 1 | loss: 0.1336462
	speed: 0.0065s/iter; left time: 4170.5053s
	iters: 1900, epoch: 1 | loss: 0.1730870
	speed: 0.0065s/iter; left time: 4167.6570s
	iters: 2000, epoch: 1 | loss: 0.1365766
	speed: 0.0065s/iter; left time: 4163.8300s
	iters: 2100, epoch: 1 | loss: 0.1669103
	speed: 0.0065s/iter; left time: 4160.9437s
	iters: 2200, epoch: 1 | loss: 0.1497228
	speed: 0.0065s/iter; left time: 4159.8246s
	iters: 2300, epoch: 1 | loss: 0.1343022
	speed: 0.0065s/iter; left time: 4161.6283s
	iters: 2400, epoch: 1 | loss: 0.1542627
	speed: 0.0065s/iter; left time: 4165.9783s
	iters: 2500, epoch: 1 | loss: 0.1680390
	speed: 0.0065s/iter; left time: 4163.7430s
	iters: 2600, epoch: 1 | loss: 0.1236975
	speed: 0.0065s/iter; left time: 4162.3483s
	iters: 2700, epoch: 1 | loss: 0.1569332
	speed: 0.0066s/iter; left time: 4180.5211s
	iters: 2800, epoch: 1 | loss: 0.1360962
	speed: 0.0065s/iter; left time: 4160.2734s
	iters: 2900, epoch: 1 | loss: 0.1816018
	speed: 0.0065s/iter; left time: 4161.0279s
	iters: 3000, epoch: 1 | loss: 0.1762933
	speed: 0.0065s/iter; left time: 4167.1354s
	iters: 3100, epoch: 1 | loss: 0.1597583
	speed: 0.0065s/iter; left time: 4162.3747s
Epoch: 1 cost time: 21.437947511672974
Epoch: 1, Steps: 3199 | Train Loss: 0.1652972 Vali Loss: 0.2078414 Test Loss: 0.2469354
Validation loss decreased (inf --> 0.207841).  Saving model ...
	iters: 100, epoch: 2 | loss: 0.1524247
	speed: 0.4544s/iter; left time: 289202.7111s
	iters: 200, epoch: 2 | loss: 0.1453542
	speed: 0.0065s/iter; left time: 4113.7024s
	iters: 300, epoch: 2 | loss: 0.1810340
	speed: 0.0065s/iter; left time: 4127.0721s
	iters: 400, epoch: 2 | loss: 0.1690010
	speed: 0.0065s/iter; left time: 4139.1830s
	iters: 500, epoch: 2 | loss: 0.1565829
	speed: 0.0065s/iter; left time: 4142.3299s
	iters: 600, epoch: 2 | loss: 0.1459837
	speed: 0.0065s/iter; left time: 4141.7894s
	iters: 700, epoch: 2 | loss: 0.1445992
	speed: 0.0065s/iter; left time: 4149.0826s
	iters: 800, epoch: 2 | loss: 0.1458566
	speed: 0.0065s/iter; left time: 4147.4130s
	iters: 900, epoch: 2 | loss: 0.1702423
	speed: 0.0065s/iter; left time: 4154.0039s
	iters: 1000, epoch: 2 | loss: 0.1508829
	speed: 0.0065s/iter; left time: 4150.8743s
	iters: 1100, epoch: 2 | loss: 0.1708641
	speed: 0.0065s/iter; left time: 4148.8546s
	iters: 1200, epoch: 2 | loss: 0.1512263
	speed: 0.0065s/iter; left time: 4155.4794s
	iters: 1300, epoch: 2 | loss: 0.1281549
	speed: 0.0065s/iter; left time: 4149.4695s
	iters: 1400, epoch: 2 | loss: 0.1521035
	speed: 0.0065s/iter; left time: 4149.2101s
	iters: 1500, epoch: 2 | loss: 0.1570196
	speed: 0.0065s/iter; left time: 4149.4169s
	iters: 1600, epoch: 2 | loss: 0.1456881
	speed: 0.0065s/iter; left time: 4148.4684s
	iters: 1700, epoch: 2 | loss: 0.1548328
	speed: 0.0065s/iter; left time: 4148.5462s
	iters: 1800, epoch: 2 | loss: 0.1584619
	speed: 0.0065s/iter; left time: 4151.7431s
	iters: 1900, epoch: 2 | loss: 0.1404069
	speed: 0.0065s/iter; left time: 4148.0081s
	iters: 2000, epoch: 2 | loss: 0.1793159
	speed: 0.0065s/iter; left time: 4149.9040s
	iters: 2100, epoch: 2 | loss: 0.1522481
	speed: 0.0065s/iter; left time: 4152.1757s
	iters: 2200, epoch: 2 | loss: 0.1679773
	speed: 0.0065s/iter; left time: 4147.7733s
	iters: 2300, epoch: 2 | loss: 0.1381816
	speed: 0.0065s/iter; left time: 4146.8594s
	iters: 2400, epoch: 2 | loss: 0.1641957
	speed: 0.0065s/iter; left time: 4145.6552s
	iters: 2500, epoch: 2 | loss: 0.1556137
	speed: 0.0065s/iter; left time: 4147.3161s
	iters: 2600, epoch: 2 | loss: 0.1569498
	speed: 0.0065s/iter; left time: 4147.8003s
	iters: 2700, epoch: 2 | loss: 0.1615416
	speed: 0.0065s/iter; left time: 4141.5813s
	iters: 2800, epoch: 2 | loss: 0.1503270
	speed: 0.0065s/iter; left time: 4146.4979s
	iters: 2900, epoch: 2 | loss: 0.1439350
	speed: 0.0066s/iter; left time: 4151.2994s
	iters: 3000, epoch: 2 | loss: 0.1288910
	speed: 0.0065s/iter; left time: 4142.1440s
	iters: 3100, epoch: 2 | loss: 0.1520066
	speed: 0.0065s/iter; left time: 4142.6170s
Epoch: 2 cost time: 21.277036666870117
Epoch: 2, Steps: 3199 | Train Loss: 0.1532519 Vali Loss: 0.2069851 Test Loss: 0.2466110
Validation loss decreased (0.207841 --> 0.206985).  Saving model ...
	iters: 100, epoch: 3 | loss: 0.1560788
	speed: 0.4541s/iter; left time: 287598.1807s
	iters: 200, epoch: 3 | loss: 0.1540593
	speed: 0.0065s/iter; left time: 4088.8286s
	iters: 300, epoch: 3 | loss: 0.1546333
	speed: 0.0065s/iter; left time: 4105.0554s
	iters: 400, epoch: 3 | loss: 0.1656462
	speed: 0.0065s/iter; left time: 4105.6536s
	iters: 500, epoch: 3 | loss: 0.1580331
	speed: 0.0065s/iter; left time: 4113.2454s
	iters: 600, epoch: 3 | loss: 0.1606009
	speed: 0.0065s/iter; left time: 4115.1241s
	iters: 700, epoch: 3 | loss: 0.1578571
	speed: 0.0065s/iter; left time: 4109.6271s
	iters: 800, epoch: 3 | loss: 0.1701144
	speed: 0.0065s/iter; left time: 4118.7328s
	iters: 900, epoch: 3 | loss: 0.1425233
	speed: 0.0065s/iter; left time: 4114.9285s
	iters: 1000, epoch: 3 | loss: 0.1678118
	speed: 0.0065s/iter; left time: 4117.7458s
	iters: 1100, epoch: 3 | loss: 0.1600443
	speed: 0.0065s/iter; left time: 4117.8243s
	iters: 1200, epoch: 3 | loss: 0.1871583
	speed: 0.0065s/iter; left time: 4118.2719s
	iters: 1300, epoch: 3 | loss: 0.1381378
	speed: 0.0065s/iter; left time: 4117.2196s
	iters: 1400, epoch: 3 | loss: 0.1464015
	speed: 0.0065s/iter; left time: 4115.8977s
	iters: 1500, epoch: 3 | loss: 0.1740427
	speed: 0.0065s/iter; left time: 4112.9158s
	iters: 1600, epoch: 3 | loss: 0.1340296
	speed: 0.0065s/iter; left time: 4121.8437s
	iters: 1700, epoch: 3 | loss: 0.1440831
	speed: 0.0065s/iter; left time: 4118.6370s
	iters: 1800, epoch: 3 | loss: 0.1354235
	speed: 0.0065s/iter; left time: 4122.8805s
	iters: 1900, epoch: 3 | loss: 0.1546073
	speed: 0.0065s/iter; left time: 4128.4912s
	iters: 2000, epoch: 3 | loss: 0.1654124
	speed: 0.0065s/iter; left time: 4124.2034s
	iters: 2100, epoch: 3 | loss: 0.1351618
	speed: 0.0065s/iter; left time: 4120.4120s
	iters: 2200, epoch: 3 | loss: 0.1660027
	speed: 0.0065s/iter; left time: 4116.6878s
	iters: 2300, epoch: 3 | loss: 0.1779535
	speed: 0.0065s/iter; left time: 4113.7425s
	iters: 2400, epoch: 3 | loss: 0.1621150
	speed: 0.0065s/iter; left time: 4119.5401s
	iters: 2500, epoch: 3 | loss: 0.1470066
	speed: 0.0065s/iter; left time: 4117.1906s
	iters: 2600, epoch: 3 | loss: 0.1681687
	speed: 0.0065s/iter; left time: 4119.0571s
	iters: 2700, epoch: 3 | loss: 0.1555505
	speed: 0.0065s/iter; left time: 4120.0401s
	iters: 2800, epoch: 3 | loss: 0.1369190
	speed: 0.0065s/iter; left time: 4114.9276s
	iters: 2900, epoch: 3 | loss: 0.1507258
	speed: 0.0065s/iter; left time: 4108.6169s
	iters: 3000, epoch: 3 | loss: 0.1358591
	speed: 0.0065s/iter; left time: 4096.0420s
	iters: 3100, epoch: 3 | loss: 0.1884029
	speed: 0.0065s/iter; left time: 4100.4851s
Epoch: 3 cost time: 21.192642211914062
Epoch: 3, Steps: 3199 | Train Loss: 0.1529719 Vali Loss: 0.2068479 Test Loss: 0.2463277
Validation loss decreased (0.206985 --> 0.206848).  Saving model ...
	iters: 100, epoch: 4 | loss: 0.1408403
	speed: 0.4536s/iter; left time: 285813.1487s
	iters: 200, epoch: 4 | loss: 0.1930733
	speed: 0.0064s/iter; left time: 4037.6830s
	iters: 300, epoch: 4 | loss: 0.1471084
	speed: 0.0064s/iter; left time: 4056.9275s
	iters: 400, epoch: 4 | loss: 0.1441645
	speed: 0.0065s/iter; left time: 4067.5813s
	iters: 500, epoch: 4 | loss: 0.1635021
	speed: 0.0065s/iter; left time: 4073.7545s
	iters: 600, epoch: 4 | loss: 0.1573973
	speed: 0.0065s/iter; left time: 4077.7399s
	iters: 700, epoch: 4 | loss: 0.1664918
	speed: 0.0065s/iter; left time: 4082.6469s
	iters: 800, epoch: 4 | loss: 0.1383089
	speed: 0.0065s/iter; left time: 4079.3017s
	iters: 900, epoch: 4 | loss: 0.1269517
	speed: 0.0065s/iter; left time: 4086.1045s
	iters: 1000, epoch: 4 | loss: 0.1579937
	speed: 0.0065s/iter; left time: 4091.8638s
	iters: 1100, epoch: 4 | loss: 0.1404194
	speed: 0.0065s/iter; left time: 4086.3388s
	iters: 1200, epoch: 4 | loss: 0.1707155
	speed: 0.0065s/iter; left time: 4087.2714s
	iters: 1300, epoch: 4 | loss: 0.1838479
	speed: 0.0065s/iter; left time: 4084.2945s
	iters: 1400, epoch: 4 | loss: 0.1514939
	speed: 0.0065s/iter; left time: 4086.7484s
	iters: 1500, epoch: 4 | loss: 0.1878918
	speed: 0.0065s/iter; left time: 4087.4280s
	iters: 1600, epoch: 4 | loss: 0.1389161
	speed: 0.0065s/iter; left time: 4086.7029s
	iters: 1700, epoch: 4 | loss: 0.1492659
	speed: 0.0065s/iter; left time: 4112.1951s
	iters: 1800, epoch: 4 | loss: 0.1492890
	speed: 0.0065s/iter; left time: 4078.3895s
	iters: 1900, epoch: 4 | loss: 0.1560897
	speed: 0.0065s/iter; left time: 4083.0074s
	iters: 2000, epoch: 4 | loss: 0.1667167
	speed: 0.0065s/iter; left time: 4086.6411s
	iters: 2100, epoch: 4 | loss: 0.1580852
	speed: 0.0065s/iter; left time: 4083.3130s
	iters: 2200, epoch: 4 | loss: 0.1478234
	speed: 0.0065s/iter; left time: 4083.0028s
	iters: 2300, epoch: 4 | loss: 0.1683919
	speed: 0.0065s/iter; left time: 4077.5397s
	iters: 2400, epoch: 4 | loss: 0.1640806
	speed: 0.0065s/iter; left time: 4080.2761s
	iters: 2500, epoch: 4 | loss: 0.1754216
	speed: 0.0065s/iter; left time: 4078.0368s
	iters: 2600, epoch: 4 | loss: 0.1424292
	speed: 0.0065s/iter; left time: 4077.1223s
	iters: 2700, epoch: 4 | loss: 0.1568448
	speed: 0.0065s/iter; left time: 4078.3427s
	iters: 2800, epoch: 4 | loss: 0.1711009
	speed: 0.0065s/iter; left time: 4072.3437s
	iters: 2900, epoch: 4 | loss: 0.1464558
	speed: 0.0065s/iter; left time: 4072.3900s
	iters: 3000, epoch: 4 | loss: 0.1627107
	speed: 0.0065s/iter; left time: 4071.6975s
	iters: 3100, epoch: 4 | loss: 0.1446839
	speed: 0.0065s/iter; left time: 4082.4801s
Epoch: 4 cost time: 21.107258796691895
Epoch: 4, Steps: 3199 | Train Loss: 0.1529391 Vali Loss: 0.2067304 Test Loss: 0.2464676
Validation loss decreased (0.206848 --> 0.206730).  Saving model ...
	iters: 100, epoch: 5 | loss: 0.1442510
	speed: 0.4544s/iter; left time: 284893.0638s
	iters: 200, epoch: 5 | loss: 0.1744438
	speed: 0.0064s/iter; left time: 4033.9899s
	iters: 300, epoch: 5 | loss: 0.1221636
	speed: 0.0064s/iter; left time: 4039.4560s
	iters: 400, epoch: 5 | loss: 0.1498392
	speed: 0.0065s/iter; left time: 4048.6252s
	iters: 500, epoch: 5 | loss: 0.1683217
	speed: 0.0064s/iter; left time: 4034.9808s
	iters: 600, epoch: 5 | loss: 0.1710059
	speed: 0.0064s/iter; left time: 4035.0327s
	iters: 700, epoch: 5 | loss: 0.1612628
	speed: 0.0065s/iter; left time: 4049.7001s
	iters: 800, epoch: 5 | loss: 0.1490847
	speed: 0.0065s/iter; left time: 4064.5911s
	iters: 900, epoch: 5 | loss: 0.1415998
	speed: 0.0065s/iter; left time: 4062.2746s
	iters: 1000, epoch: 5 | loss: 0.1492502
	speed: 0.0065s/iter; left time: 4067.1615s
	iters: 1100, epoch: 5 | loss: 0.1959710
	speed: 0.0065s/iter; left time: 4061.1978s
	iters: 1200, epoch: 5 | loss: 0.1298895
	speed: 0.0065s/iter; left time: 4063.0884s
	iters: 1300, epoch: 5 | loss: 0.1417501
	speed: 0.0065s/iter; left time: 4060.4446s
	iters: 1400, epoch: 5 | loss: 0.1505548
	speed: 0.0065s/iter; left time: 4064.9893s
	iters: 1500, epoch: 5 | loss: 0.1541589
	speed: 0.0065s/iter; left time: 4067.6085s
	iters: 1600, epoch: 5 | loss: 0.1603920
	speed: 0.0065s/iter; left time: 4059.6414s
	iters: 1700, epoch: 5 | loss: 0.1416730
	speed: 0.0065s/iter; left time: 4063.6303s
	iters: 1800, epoch: 5 | loss: 0.1716745
	speed: 0.0065s/iter; left time: 4062.5497s
	iters: 1900, epoch: 5 | loss: 0.1521236
	speed: 0.0065s/iter; left time: 4061.4602s
	iters: 2000, epoch: 5 | loss: 0.1387945
	speed: 0.0065s/iter; left time: 4063.5121s
	iters: 2100, epoch: 5 | loss: 0.1563647
	speed: 0.0065s/iter; left time: 4064.6096s
	iters: 2200, epoch: 5 | loss: 0.1258881
	speed: 0.0065s/iter; left time: 4055.7050s
	iters: 2300, epoch: 5 | loss: 0.1888718
	speed: 0.0065s/iter; left time: 4087.1572s
	iters: 2400, epoch: 5 | loss: 0.1311393
	speed: 0.0065s/iter; left time: 4060.7655s
	iters: 2500, epoch: 5 | loss: 0.1359662
	speed: 0.0065s/iter; left time: 4060.3522s
	iters: 2600, epoch: 5 | loss: 0.1436385
	speed: 0.0065s/iter; left time: 4062.8818s
	iters: 2700, epoch: 5 | loss: 0.1487105
	speed: 0.0065s/iter; left time: 4061.5420s
	iters: 2800, epoch: 5 | loss: 0.1679549
	speed: 0.0065s/iter; left time: 4060.3691s
	iters: 2900, epoch: 5 | loss: 0.1468855
	speed: 0.0065s/iter; left time: 4062.2109s
	iters: 3000, epoch: 5 | loss: 0.1560320
	speed: 0.0065s/iter; left time: 4058.6143s
	iters: 3100, epoch: 5 | loss: 0.1603579
	speed: 0.0065s/iter; left time: 4056.2027s
Epoch: 5 cost time: 21.098410606384277
Epoch: 5, Steps: 3199 | Train Loss: 0.1529496 Vali Loss: 0.2069966 Test Loss: 0.2464225
EarlyStopping counter: 1 out of 5
	iters: 100, epoch: 6 | loss: 0.1632587
	speed: 0.4501s/iter; left time: 280729.9055s
	iters: 200, epoch: 6 | loss: 0.1422083
	speed: 0.0064s/iter; left time: 4017.4161s
	iters: 300, epoch: 6 | loss: 0.1603710
	speed: 0.0065s/iter; left time: 4025.0609s
	iters: 400, epoch: 6 | loss: 0.1642032
	speed: 0.0065s/iter; left time: 4030.2254s
	iters: 500, epoch: 6 | loss: 0.1468775
	speed: 0.0065s/iter; left time: 4038.2308s
	iters: 600, epoch: 6 | loss: 0.1613158
	speed: 0.0065s/iter; left time: 4036.3007s
	iters: 700, epoch: 6 | loss: 0.1686229
	speed: 0.0065s/iter; left time: 4039.1352s
	iters: 800, epoch: 6 | loss: 0.1363375
	speed: 0.0065s/iter; left time: 4042.3876s
	iters: 900, epoch: 6 | loss: 0.1733688
	speed: 0.0065s/iter; left time: 4039.7620s
	iters: 1000, epoch: 6 | loss: 0.1469353
	speed: 0.0065s/iter; left time: 4049.0682s
	iters: 1100, epoch: 6 | loss: 0.1555148
	speed: 0.0065s/iter; left time: 4055.8145s
	iters: 1200, epoch: 6 | loss: 0.1437925
	speed: 0.0065s/iter; left time: 4048.5517s
	iters: 1300, epoch: 6 | loss: 0.1464362
	speed: 0.0065s/iter; left time: 4054.6425s
	iters: 1400, epoch: 6 | loss: 0.1394213
	speed: 0.0065s/iter; left time: 4052.6497s
	iters: 1500, epoch: 6 | loss: 0.1480351
	speed: 0.0065s/iter; left time: 4051.2805s
	iters: 1600, epoch: 6 | loss: 0.1441178
	speed: 0.0065s/iter; left time: 4074.8201s
	iters: 1700, epoch: 6 | loss: 0.1540619
	speed: 0.0065s/iter; left time: 4059.8211s
	iters: 1800, epoch: 6 | loss: 0.1396595
	speed: 0.0065s/iter; left time: 4056.5866s
	iters: 1900, epoch: 6 | loss: 0.1444563
	speed: 0.0065s/iter; left time: 4054.4502s
	iters: 2000, epoch: 6 | loss: 0.1506794
	speed: 0.0065s/iter; left time: 4056.0546s
	iters: 2100, epoch: 6 | loss: 0.1392128
	speed: 0.0065s/iter; left time: 4046.2716s
	iters: 2200, epoch: 6 | loss: 0.1566924
	speed: 0.0065s/iter; left time: 4051.6763s
	iters: 2300, epoch: 6 | loss: 0.1766735
	speed: 0.0065s/iter; left time: 4059.2380s
	iters: 2400, epoch: 6 | loss: 0.1413655
	speed: 0.0065s/iter; left time: 4053.5373s
	iters: 2500, epoch: 6 | loss: 0.1739233
	speed: 0.0065s/iter; left time: 4046.2961s
	iters: 2600, epoch: 6 | loss: 0.1356802
	speed: 0.0065s/iter; left time: 4046.1040s
	iters: 2700, epoch: 6 | loss: 0.1315592
	speed: 0.0065s/iter; left time: 4052.1179s
	iters: 2800, epoch: 6 | loss: 0.1539809
	speed: 0.0065s/iter; left time: 4043.7753s
	iters: 2900, epoch: 6 | loss: 0.1616011
	speed: 0.0065s/iter; left time: 4047.3446s
	iters: 3000, epoch: 6 | loss: 0.1658208
	speed: 0.0065s/iter; left time: 4046.8037s
	iters: 3100, epoch: 6 | loss: 0.1447657
	speed: 0.0065s/iter; left time: 4052.4132s
Epoch: 6 cost time: 21.14912223815918
Epoch: 6, Steps: 3199 | Train Loss: 0.1529156 Vali Loss: 0.2073091 Test Loss: 0.2470014
EarlyStopping counter: 2 out of 5
	iters: 100, epoch: 7 | loss: 0.1527029
	speed: 0.4536s/iter; left time: 281491.5626s
	iters: 200, epoch: 7 | loss: 0.1990342
	speed: 0.0067s/iter; left time: 4150.8270s
	iters: 300, epoch: 7 | loss: 0.1455523
	speed: 0.0066s/iter; left time: 4106.5178s
	iters: 400, epoch: 7 | loss: 0.1581947
	speed: 0.0066s/iter; left time: 4076.1637s
	iters: 500, epoch: 7 | loss: 0.1297239
	speed: 0.0067s/iter; left time: 4141.2383s
	iters: 600, epoch: 7 | loss: 0.1436892
	speed: 0.0065s/iter; left time: 4017.9248s
	iters: 700, epoch: 7 | loss: 0.1494723
	speed: 0.0065s/iter; left time: 4026.4889s
	iters: 800, epoch: 7 | loss: 0.1658511
	speed: 0.0065s/iter; left time: 4034.7117s
	iters: 900, epoch: 7 | loss: 0.1906881
	speed: 0.0065s/iter; left time: 4032.5847s
	iters: 1000, epoch: 7 | loss: 0.1393680
	speed: 0.0065s/iter; left time: 4034.4572s
	iters: 1100, epoch: 7 | loss: 0.1303688
	speed: 0.0065s/iter; left time: 4046.2248s
	iters: 1200, epoch: 7 | loss: 0.1544429
	speed: 0.0065s/iter; left time: 4029.3182s
	iters: 1300, epoch: 7 | loss: 0.1694033
	speed: 0.0065s/iter; left time: 4036.4727s
	iters: 1400, epoch: 7 | loss: 0.1311989
	speed: 0.0065s/iter; left time: 4039.8247s
	iters: 1500, epoch: 7 | loss: 0.1299592
	speed: 0.0065s/iter; left time: 4032.8075s
	iters: 1600, epoch: 7 | loss: 0.1732148
	speed: 0.0065s/iter; left time: 4034.5026s
	iters: 1700, epoch: 7 | loss: 0.1349307
	speed: 0.0065s/iter; left time: 4039.1512s
	iters: 1800, epoch: 7 | loss: 0.1489268
	speed: 0.0065s/iter; left time: 4035.3413s
	iters: 1900, epoch: 7 | loss: 0.1497039
	speed: 0.0065s/iter; left time: 4035.8944s
	iters: 2000, epoch: 7 | loss: 0.1301271
	speed: 0.0065s/iter; left time: 4037.3895s
	iters: 2100, epoch: 7 | loss: 0.1455332
	speed: 0.0065s/iter; left time: 4033.5132s
	iters: 2200, epoch: 7 | loss: 0.1487807
	speed: 0.0065s/iter; left time: 4035.4428s
	iters: 2300, epoch: 7 | loss: 0.1529784
	speed: 0.0065s/iter; left time: 4030.8321s
	iters: 2400, epoch: 7 | loss: 0.1537941
	speed: 0.0065s/iter; left time: 4032.6225s
	iters: 2500, epoch: 7 | loss: 0.1357150
	speed: 0.0065s/iter; left time: 4030.2548s
	iters: 2600, epoch: 7 | loss: 0.1327692
	speed: 0.0065s/iter; left time: 4032.4539s
	iters: 2700, epoch: 7 | loss: 0.1706034
	speed: 0.0065s/iter; left time: 4033.4219s
	iters: 2800, epoch: 7 | loss: 0.1535569
	speed: 0.0065s/iter; left time: 4030.8661s
	iters: 2900, epoch: 7 | loss: 0.1704186
	speed: 0.0065s/iter; left time: 4030.4611s
	iters: 3000, epoch: 7 | loss: 0.1275324
	speed: 0.0065s/iter; left time: 4031.8627s
	iters: 3100, epoch: 7 | loss: 0.1488957
	speed: 0.0065s/iter; left time: 4029.9909s
Epoch: 7 cost time: 21.267773389816284
Epoch: 7, Steps: 3199 | Train Loss: 0.1529085 Vali Loss: 0.2068840 Test Loss: 0.2465232
EarlyStopping counter: 3 out of 5
	iters: 100, epoch: 8 | loss: 0.1657352
	speed: 0.4541s/iter; left time: 280325.1634s
	iters: 200, epoch: 8 | loss: 0.1582128
	speed: 0.0064s/iter; left time: 3967.0016s
	iters: 300, epoch: 8 | loss: 0.1414112
	speed: 0.0065s/iter; left time: 3983.8570s
	iters: 400, epoch: 8 | loss: 0.1387879
	speed: 0.0065s/iter; left time: 3998.3222s
	iters: 500, epoch: 8 | loss: 0.1633494
	speed: 0.0065s/iter; left time: 4009.5025s
	iters: 600, epoch: 8 | loss: 0.1666039
	speed: 0.0065s/iter; left time: 4001.8305s
	iters: 700, epoch: 8 | loss: 0.1272634
	speed: 0.0065s/iter; left time: 4004.9311s
	iters: 800, epoch: 8 | loss: 0.1733409
	speed: 0.0065s/iter; left time: 4005.2917s
	iters: 900, epoch: 8 | loss: 0.1939440
	speed: 0.0065s/iter; left time: 4005.7092s
	iters: 1000, epoch: 8 | loss: 0.1422805
	speed: 0.0065s/iter; left time: 4011.4083s
	iters: 1100, epoch: 8 | loss: 0.1518269
	speed: 0.0065s/iter; left time: 4005.2106s
	iters: 1200, epoch: 8 | loss: 0.1566052
	speed: 0.0065s/iter; left time: 4000.6278s
	iters: 1300, epoch: 8 | loss: 0.1475575
	speed: 0.0065s/iter; left time: 4011.0733s
	iters: 1400, epoch: 8 | loss: 0.1357664
	speed: 0.0065s/iter; left time: 4014.8767s
	iters: 1500, epoch: 8 | loss: 0.1786223
	speed: 0.0065s/iter; left time: 4008.8490s
	iters: 1600, epoch: 8 | loss: 0.1449273
	speed: 0.0065s/iter; left time: 4008.1365s
	iters: 1700, epoch: 8 | loss: 0.1488265
	speed: 0.0065s/iter; left time: 4008.5293s
	iters: 1800, epoch: 8 | loss: 0.1830443
	speed: 0.0065s/iter; left time: 3999.6326s
	iters: 1900, epoch: 8 | loss: 0.1505037
	speed: 0.0065s/iter; left time: 4005.1948s
	iters: 2000, epoch: 8 | loss: 0.1643846
	speed: 0.0065s/iter; left time: 4009.2569s
	iters: 2100, epoch: 8 | loss: 0.1502947
	speed: 0.0065s/iter; left time: 3998.7559s
	iters: 2200, epoch: 8 | loss: 0.1722737
	speed: 0.0065s/iter; left time: 4005.6525s
	iters: 2300, epoch: 8 | loss: 0.1513641
	speed: 0.0065s/iter; left time: 4001.5081s
	iters: 2400, epoch: 8 | loss: 0.1616925
	speed: 0.0065s/iter; left time: 4004.4075s
	iters: 2500, epoch: 8 | loss: 0.1829352
	speed: 0.0065s/iter; left time: 4003.0322s
	iters: 2600, epoch: 8 | loss: 0.1436636
	speed: 0.0065s/iter; left time: 4001.8300s
	iters: 2700, epoch: 8 | loss: 0.1463063
	speed: 0.0065s/iter; left time: 4001.3770s
	iters: 2800, epoch: 8 | loss: 0.1616043
	speed: 0.0065s/iter; left time: 4000.7319s
	iters: 2900, epoch: 8 | loss: 0.1505338
	speed: 0.0065s/iter; left time: 4000.8281s
	iters: 3000, epoch: 8 | loss: 0.1299725
	speed: 0.0065s/iter; left time: 4004.0341s
	iters: 3100, epoch: 8 | loss: 0.1329437
	speed: 0.0065s/iter; left time: 3998.0072s
Epoch: 8 cost time: 21.16338610649109
Epoch: 8, Steps: 3199 | Train Loss: 0.1529041 Vali Loss: 0.2069935 Test Loss: 0.2467525
EarlyStopping counter: 4 out of 5
	iters: 100, epoch: 9 | loss: 0.1654524
	speed: 0.4529s/iter; left time: 278140.1754s
	iters: 200, epoch: 9 | loss: 0.1490991
	speed: 0.0065s/iter; left time: 3974.9400s
	iters: 300, epoch: 9 | loss: 0.1591331
	speed: 0.0065s/iter; left time: 3991.0912s
	iters: 400, epoch: 9 | loss: 0.1409440
	speed: 0.0065s/iter; left time: 3991.8547s
	iters: 500, epoch: 9 | loss: 0.1373411
	speed: 0.0065s/iter; left time: 3996.2919s
	iters: 600, epoch: 9 | loss: 0.1546218
	speed: 0.0065s/iter; left time: 4003.2935s
	iters: 700, epoch: 9 | loss: 0.1588893
	speed: 0.0065s/iter; left time: 4007.2164s
	iters: 800, epoch: 9 | loss: 0.1669549
	speed: 0.0065s/iter; left time: 4009.7047s
	iters: 900, epoch: 9 | loss: 0.1698427
	speed: 0.0065s/iter; left time: 4007.3958s
	iters: 1000, epoch: 9 | loss: 0.1604802
	speed: 0.0065s/iter; left time: 4011.2658s
	iters: 1100, epoch: 9 | loss: 0.1371592
	speed: 0.0065s/iter; left time: 4014.3143s
	iters: 1200, epoch: 9 | loss: 0.1581868
	speed: 0.0065s/iter; left time: 4013.4769s
	iters: 1300, epoch: 9 | loss: 0.1536735
	speed: 0.0066s/iter; left time: 4016.4082s
	iters: 1400, epoch: 9 | loss: 0.1703775
	speed: 0.0066s/iter; left time: 4016.7537s
	iters: 1500, epoch: 9 | loss: 0.1202796
	speed: 0.0065s/iter; left time: 4010.0022s
	iters: 1600, epoch: 9 | loss: 0.1509952
	speed: 0.0065s/iter; left time: 4011.4262s
	iters: 1700, epoch: 9 | loss: 0.1660248
	speed: 0.0066s/iter; left time: 4013.4160s
	iters: 1800, epoch: 9 | loss: 0.1410021
	speed: 0.0066s/iter; left time: 4014.1041s
	iters: 1900, epoch: 9 | loss: 0.1647044
	speed: 0.0066s/iter; left time: 4013.0763s
	iters: 2000, epoch: 9 | loss: 0.1364586
	speed: 0.0066s/iter; left time: 4024.4686s
	iters: 2100, epoch: 9 | loss: 0.1351655
	speed: 0.0066s/iter; left time: 4009.8727s
	iters: 2200, epoch: 9 | loss: 0.1481883
	speed: 0.0066s/iter; left time: 4012.8596s
	iters: 2300, epoch: 9 | loss: 0.1546170
	speed: 0.0066s/iter; left time: 4012.1952s
	iters: 2400, epoch: 9 | loss: 0.1761931
	speed: 0.0066s/iter; left time: 4014.5575s
	iters: 2500, epoch: 9 | loss: 0.1419294
	speed: 0.0066s/iter; left time: 4016.4930s
	iters: 2600, epoch: 9 | loss: 0.1491618
	speed: 0.0066s/iter; left time: 4009.7105s
	iters: 2700, epoch: 9 | loss: 0.1655669
	speed: 0.0066s/iter; left time: 4006.7265s
	iters: 2800, epoch: 9 | loss: 0.1454711
	speed: 0.0066s/iter; left time: 4004.8308s
	iters: 2900, epoch: 9 | loss: 0.1346343
	speed: 0.0066s/iter; left time: 4006.6856s
	iters: 3000, epoch: 9 | loss: 0.1635265
	speed: 0.0066s/iter; left time: 4010.1527s
	iters: 3100, epoch: 9 | loss: 0.1503170
	speed: 0.0066s/iter; left time: 4006.8754s
Epoch: 9 cost time: 21.28593420982361
Epoch: 9, Steps: 3199 | Train Loss: 0.1529281 Vali Loss: 0.2068050 Test Loss: 0.2467384
EarlyStopping counter: 5 out of 5
Early stopping
>>>>>>>testing : long_term_forecast_pems10_h_96_192_DLinear_custom_ftM_sl96_ll48_pl192_dm512_nh8_el2_dl1_df2048_fc3_ebtimeF_dtTrue_srate1.0_sseed7_trainseed2024_Exp_0<<<<<<<<<<<<<<<<<<<<<<<<<<<<<<<<<
test 29146
test shape: (29146, 1, 192, 107) (29146, 1, 192, 107)
test shape: (29146, 192, 107) (29146, 192, 107)
mse:0.24646587669849396, mae:0.277400404214859
>>>>>>>Overall time: 866 seconds<<<<<<<<<<<<<<<<<<<<<<<<<<<<<<<<<
Args in experiment:
Namespace(activation='gelu', anomaly_ratio=0.25, batch_size=32, c_out=107, checkpoints='./checkpoints/', d_ff=2048, d_layers=1, d_model=512, data='custom', data_path='pems10_h.csv', dec_in=107, des='Exp', devices='0,1,2,3', distil=True, dropout=0, e_layers=2, embed='timeF', enc_in=107, factor=3, features='M', freq='h', gap_day=365, gpu=0, inverse=False, is_training=1, itr=1, label_len=48, learning_rate=0.0005, loss='MSE', lradj='type3', mask_rate=0.25, model='DLinear', model_id='pems10_h_96_192', moving_avg=25, n_heads=8, num_kernels=6, num_workers=10, output_attention=False, p_hidden_dims=[128, 128], p_hidden_layers=2, patience=5, pred_len=192, root_path='../../data/pems/', samle_rate=1.0, sample_seed=7, seasonal_patterns='Monthly', seq_len=96, target='', task_name='long_term_forecast', top_k=5, train_epochs=200, train_seed=2024, use_amp=False, use_gpu=True, use_multi_gpu=False)
Use GPU: cuda:0
>>>>>>>start training : long_term_forecast_pems10_h_96_192_DLinear_custom_ftM_sl96_ll48_pl192_dm512_nh8_el2_dl1_df2048_fc3_ebtimeF_dtTrue_srate1.0_sseed7_trainseed2024_Exp_0>>>>>>>>>>>>>>>>>>>>>>>>>>
train 102394
val 14479
test 29146
	iters: 100, epoch: 1 | loss: 0.2206856
	speed: 0.0124s/iter; left time: 7910.4170s
	iters: 200, epoch: 1 | loss: 0.1908623
	speed: 0.0064s/iter; left time: 4065.7452s
	iters: 300, epoch: 1 | loss: 0.1772930
	speed: 0.0064s/iter; left time: 4064.7741s
	iters: 400, epoch: 1 | loss: 0.1697348
	speed: 0.0065s/iter; left time: 4142.4419s
	iters: 500, epoch: 1 | loss: 0.1896370
	speed: 0.0085s/iter; left time: 5460.7987s
	iters: 600, epoch: 1 | loss: 0.1666390
	speed: 0.0067s/iter; left time: 4303.5226s
	iters: 700, epoch: 1 | loss: 0.1373333
	speed: 0.0066s/iter; left time: 4191.5679s
	iters: 800, epoch: 1 | loss: 0.1482914
	speed: 0.0064s/iter; left time: 4085.8532s
	iters: 900, epoch: 1 | loss: 0.1936558
	speed: 0.0064s/iter; left time: 4080.2830s
	iters: 1000, epoch: 1 | loss: 0.1487516
	speed: 0.0064s/iter; left time: 4090.9193s
	iters: 1100, epoch: 1 | loss: 0.1445080
	speed: 0.0064s/iter; left time: 4116.5544s
	iters: 1200, epoch: 1 | loss: 0.1409349
	speed: 0.0064s/iter; left time: 4108.5956s
	iters: 1300, epoch: 1 | loss: 0.1540897
	speed: 0.0065s/iter; left time: 4138.7424s
	iters: 1400, epoch: 1 | loss: 0.1562760
	speed: 0.0066s/iter; left time: 4200.5811s
	iters: 1500, epoch: 1 | loss: 0.1648133
	speed: 0.0066s/iter; left time: 4187.0880s
	iters: 1600, epoch: 1 | loss: 0.1923903
	speed: 0.0066s/iter; left time: 4202.2064s
	iters: 1700, epoch: 1 | loss: 0.1456447
	speed: 0.0066s/iter; left time: 4213.0098s
	iters: 1800, epoch: 1 | loss: 0.1336462
	speed: 0.0065s/iter; left time: 4167.6288s
	iters: 1900, epoch: 1 | loss: 0.1730870
	speed: 0.0066s/iter; left time: 4180.3578s
	iters: 2000, epoch: 1 | loss: 0.1365766
	speed: 0.0066s/iter; left time: 4180.0674s
	iters: 2100, epoch: 1 | loss: 0.1669103
	speed: 0.0068s/iter; left time: 4351.8099s
	iters: 2200, epoch: 1 | loss: 0.1497228
	speed: 0.0067s/iter; left time: 4260.0000s
	iters: 2300, epoch: 1 | loss: 0.1343022
	speed: 0.0066s/iter; left time: 4191.5525s
	iters: 2400, epoch: 1 | loss: 0.1542627
	speed: 0.0068s/iter; left time: 4309.9287s
	iters: 2500, epoch: 1 | loss: 0.1680390
	speed: 0.0067s/iter; left time: 4277.9642s
	iters: 2600, epoch: 1 | loss: 0.1236975
	speed: 0.0066s/iter; left time: 4187.5306s
	iters: 2700, epoch: 1 | loss: 0.1569332
	speed: 0.0067s/iter; left time: 4254.6437s
	iters: 2800, epoch: 1 | loss: 0.1360962
	speed: 0.0065s/iter; left time: 4128.6261s
	iters: 2900, epoch: 1 | loss: 0.1816018
	speed: 0.0065s/iter; left time: 4134.5181s
	iters: 3000, epoch: 1 | loss: 0.1762933
	speed: 0.0067s/iter; left time: 4235.7634s
	iters: 3100, epoch: 1 | loss: 0.1597583
	speed: 0.0066s/iter; left time: 4197.7171s
Epoch: 1 cost time: 21.83811116218567
Epoch: 1, Steps: 3199 | Train Loss: 0.1652972 Vali Loss: 0.2078414 Test Loss: 0.2469354
Validation loss decreased (inf --> 0.207841).  Saving model ...
	iters: 100, epoch: 2 | loss: 0.1524247
	speed: 0.6143s/iter; left time: 390972.6795s
	iters: 200, epoch: 2 | loss: 0.1453542
	speed: 0.0072s/iter; left time: 4611.7760s
	iters: 300, epoch: 2 | loss: 0.1810340
	speed: 0.0070s/iter; left time: 4470.3787s
	iters: 400, epoch: 2 | loss: 0.1690010
	speed: 0.0072s/iter; left time: 4570.1384s
	iters: 500, epoch: 2 | loss: 0.1565829
	speed: 0.0077s/iter; left time: 4880.3171s
	iters: 600, epoch: 2 | loss: 0.1459837
	speed: 0.0078s/iter; left time: 4954.1753s
	iters: 700, epoch: 2 | loss: 0.1445992
	speed: 0.0080s/iter; left time: 5068.7828s
	iters: 800, epoch: 2 | loss: 0.1458566
	speed: 0.0077s/iter; left time: 4897.1426s
	iters: 900, epoch: 2 | loss: 0.1702423
	speed: 0.0078s/iter; left time: 4931.5442s
	iters: 1000, epoch: 2 | loss: 0.1508829
	speed: 0.0075s/iter; left time: 4738.1225s
	iters: 1100, epoch: 2 | loss: 0.1708641
	speed: 0.0080s/iter; left time: 5078.3111s
	iters: 1200, epoch: 2 | loss: 0.1512263
	speed: 0.0072s/iter; left time: 4544.6523s
	iters: 1300, epoch: 2 | loss: 0.1281549
	speed: 0.0069s/iter; left time: 4366.0154s
	iters: 1400, epoch: 2 | loss: 0.1521035
	speed: 0.0068s/iter; left time: 4340.8124s
	iters: 1500, epoch: 2 | loss: 0.1570196
	speed: 0.0074s/iter; left time: 4722.4633s
	iters: 1600, epoch: 2 | loss: 0.1456881
	speed: 0.0069s/iter; left time: 4382.4392s
	iters: 1700, epoch: 2 | loss: 0.1548328
	speed: 0.0073s/iter; left time: 4660.0548s
	iters: 1800, epoch: 2 | loss: 0.1584619
	speed: 0.0077s/iter; left time: 4909.9420s
	iters: 1900, epoch: 2 | loss: 0.1404069
	speed: 0.0070s/iter; left time: 4461.1202s
	iters: 2000, epoch: 2 | loss: 0.1793159
	speed: 0.0071s/iter; left time: 4519.7757s
	iters: 2100, epoch: 2 | loss: 0.1522481
	speed: 0.0070s/iter; left time: 4436.6281s
	iters: 2200, epoch: 2 | loss: 0.1679773
	speed: 0.0071s/iter; left time: 4474.6920s
	iters: 2300, epoch: 2 | loss: 0.1381816
	speed: 0.0070s/iter; left time: 4452.5000s
	iters: 2400, epoch: 2 | loss: 0.1641957
	speed: 0.0070s/iter; left time: 4426.0266s
	iters: 2500, epoch: 2 | loss: 0.1556137
	speed: 0.0072s/iter; left time: 4590.3284s
	iters: 2600, epoch: 2 | loss: 0.1569498
	speed: 0.0073s/iter; left time: 4648.2900s
	iters: 2700, epoch: 2 | loss: 0.1615416
	speed: 0.0070s/iter; left time: 4416.9928s
	iters: 2800, epoch: 2 | loss: 0.1503270
	speed: 0.0079s/iter; left time: 4977.4950s
	iters: 2900, epoch: 2 | loss: 0.1439350
	speed: 0.0068s/iter; left time: 4323.6980s
	iters: 3000, epoch: 2 | loss: 0.1288910
	speed: 0.0073s/iter; left time: 4607.1521s
	iters: 3100, epoch: 2 | loss: 0.1520066
	speed: 0.0070s/iter; left time: 4459.4251s
Epoch: 2 cost time: 23.68909215927124
Epoch: 2, Steps: 3199 | Train Loss: 0.1532519 Vali Loss: 0.2069851 Test Loss: 0.2466110
Validation loss decreased (0.207841 --> 0.206985).  Saving model ...
	iters: 100, epoch: 3 | loss: 0.1560788
	speed: 0.7123s/iter; left time: 451078.5982s
	iters: 200, epoch: 3 | loss: 0.1540593
	speed: 0.0070s/iter; left time: 4460.4107s
	iters: 300, epoch: 3 | loss: 0.1546333
	speed: 0.0075s/iter; left time: 4754.3933s
	iters: 400, epoch: 3 | loss: 0.1656462
	speed: 0.0069s/iter; left time: 4385.2413s
	iters: 500, epoch: 3 | loss: 0.1580331
	speed: 0.0071s/iter; left time: 4508.4748s
	iters: 600, epoch: 3 | loss: 0.1606009
	speed: 0.0080s/iter; left time: 5087.4398s
	iters: 700, epoch: 3 | loss: 0.1578571
	speed: 0.0072s/iter; left time: 4559.0580s
	iters: 800, epoch: 3 | loss: 0.1701144
	speed: 0.0074s/iter; left time: 4695.2980s
	iters: 900, epoch: 3 | loss: 0.1425233
	speed: 0.0074s/iter; left time: 4662.2724s
	iters: 1000, epoch: 3 | loss: 0.1678118
	speed: 0.0071s/iter; left time: 4504.3552s
	iters: 1100, epoch: 3 | loss: 0.1600443
	speed: 0.0073s/iter; left time: 4641.5531s
	iters: 1200, epoch: 3 | loss: 0.1871583
	speed: 0.0075s/iter; left time: 4758.9000s
	iters: 1300, epoch: 3 | loss: 0.1381378
	speed: 0.0070s/iter; left time: 4424.1577s
	iters: 1400, epoch: 3 | loss: 0.1464015
	speed: 0.0069s/iter; left time: 4335.7025s
	iters: 1500, epoch: 3 | loss: 0.1740427
	speed: 0.0074s/iter; left time: 4676.1877s
	iters: 1600, epoch: 3 | loss: 0.1340296
	speed: 0.0080s/iter; left time: 5054.2550s
	iters: 1700, epoch: 3 | loss: 0.1440831
	speed: 0.0078s/iter; left time: 4901.5817s
	iters: 1800, epoch: 3 | loss: 0.1354235
	speed: 0.0076s/iter; left time: 4773.1661s
	iters: 1900, epoch: 3 | loss: 0.1546073
	speed: 0.0075s/iter; left time: 4727.7672s
	iters: 2000, epoch: 3 | loss: 0.1654124
	speed: 0.0073s/iter; left time: 4599.8304s
	iters: 2100, epoch: 3 | loss: 0.1351618
	speed: 0.0070s/iter; left time: 4409.3078s
	iters: 2200, epoch: 3 | loss: 0.1660027
	speed: 0.0075s/iter; left time: 4744.9406s
	iters: 2300, epoch: 3 | loss: 0.1779535
	speed: 0.0066s/iter; left time: 4189.9117s
	iters: 2400, epoch: 3 | loss: 0.1621150
	speed: 0.0075s/iter; left time: 4739.1269s
	iters: 2500, epoch: 3 | loss: 0.1470066
	speed: 0.0073s/iter; left time: 4612.4481s
	iters: 2600, epoch: 3 | loss: 0.1681687
	speed: 0.0073s/iter; left time: 4606.0231s
	iters: 2700, epoch: 3 | loss: 0.1555505
	speed: 0.0075s/iter; left time: 4720.3841s
	iters: 2800, epoch: 3 | loss: 0.1369190
	speed: 0.0074s/iter; left time: 4645.1099s
	iters: 2900, epoch: 3 | loss: 0.1507258
	speed: 0.0073s/iter; left time: 4614.8197s
	iters: 3000, epoch: 3 | loss: 0.1358591
	speed: 0.0069s/iter; left time: 4338.3508s
	iters: 3100, epoch: 3 | loss: 0.1884029
	speed: 0.0073s/iter; left time: 4603.1386s
Epoch: 3 cost time: 23.77226209640503
Epoch: 3, Steps: 3199 | Train Loss: 0.1529719 Vali Loss: 0.2068479 Test Loss: 0.2463277
Validation loss decreased (0.206985 --> 0.206848).  Saving model ...
	iters: 100, epoch: 4 | loss: 0.1408403
	speed: 0.6686s/iter; left time: 421299.1479s
	iters: 200, epoch: 4 | loss: 0.1930733
	speed: 0.0069s/iter; left time: 4370.0378s
	iters: 300, epoch: 4 | loss: 0.1471084
	speed: 0.0067s/iter; left time: 4215.5905s
	iters: 400, epoch: 4 | loss: 0.1441645
	speed: 0.0074s/iter; left time: 4629.8546s
	iters: 500, epoch: 4 | loss: 0.1635021
	speed: 0.0075s/iter; left time: 4695.1075s
	iters: 600, epoch: 4 | loss: 0.1573973
	speed: 0.0073s/iter; left time: 4569.3313s
	iters: 700, epoch: 4 | loss: 0.1664918
	speed: 0.0070s/iter; left time: 4392.7399s
	iters: 800, epoch: 4 | loss: 0.1383089
	speed: 0.0068s/iter; left time: 4251.9356s
	iters: 900, epoch: 4 | loss: 0.1269517
	speed: 0.0074s/iter; left time: 4684.0155s
	iters: 1000, epoch: 4 | loss: 0.1579937
	speed: 0.0072s/iter; left time: 4510.4656s
	iters: 1100, epoch: 4 | loss: 0.1404194
	speed: 0.0068s/iter; left time: 4295.8809s
	iters: 1200, epoch: 4 | loss: 0.1707155
	speed: 0.0070s/iter; left time: 4387.6283s
	iters: 1300, epoch: 4 | loss: 0.1838479
	speed: 0.0070s/iter; left time: 4382.1835s
	iters: 1400, epoch: 4 | loss: 0.1514939
	speed: 0.0068s/iter; left time: 4258.6150s
	iters: 1500, epoch: 4 | loss: 0.1878918
	speed: 0.0072s/iter; left time: 4511.7230s
	iters: 1600, epoch: 4 | loss: 0.1389161
	speed: 0.0075s/iter; left time: 4703.6554s
	iters: 1700, epoch: 4 | loss: 0.1492659
	speed: 0.0078s/iter; left time: 4897.7172s
	iters: 1800, epoch: 4 | loss: 0.1492890
	speed: 0.0072s/iter; left time: 4516.5159s
	iters: 1900, epoch: 4 | loss: 0.1560897
	speed: 0.0069s/iter; left time: 4311.0739s
	iters: 2000, epoch: 4 | loss: 0.1667167
	speed: 0.0071s/iter; left time: 4444.4863s
	iters: 2100, epoch: 4 | loss: 0.1580852
	speed: 0.0070s/iter; left time: 4421.0315s
	iters: 2200, epoch: 4 | loss: 0.1478234
	speed: 0.0074s/iter; left time: 4642.0087s
	iters: 2300, epoch: 4 | loss: 0.1683919
	speed: 0.0077s/iter; left time: 4850.1889s
	iters: 2400, epoch: 4 | loss: 0.1640806
	speed: 0.0073s/iter; left time: 4569.0087s
	iters: 2500, epoch: 4 | loss: 0.1754216
	speed: 0.0076s/iter; left time: 4760.4934s
	iters: 2600, epoch: 4 | loss: 0.1424292
	speed: 0.0075s/iter; left time: 4712.0591s
	iters: 2700, epoch: 4 | loss: 0.1568448
	speed: 0.0076s/iter; left time: 4754.1577s
	iters: 2800, epoch: 4 | loss: 0.1711009
	speed: 0.0067s/iter; left time: 4212.9474s
	iters: 2900, epoch: 4 | loss: 0.1464558
	speed: 0.0065s/iter; left time: 4107.3499s
	iters: 3000, epoch: 4 | loss: 0.1627107
	speed: 0.0070s/iter; left time: 4412.7168s
	iters: 3100, epoch: 4 | loss: 0.1446839
	speed: 0.0071s/iter; left time: 4438.6610s
Epoch: 4 cost time: 23.3361713886261
Epoch: 4, Steps: 3199 | Train Loss: 0.1529391 Vali Loss: 0.2067304 Test Loss: 0.2464676
Validation loss decreased (0.206848 --> 0.206730).  Saving model ...
	iters: 100, epoch: 5 | loss: 0.1442510
	speed: 0.6962s/iter; left time: 436448.0408s
	iters: 200, epoch: 5 | loss: 0.1744438
	speed: 0.0067s/iter; left time: 4220.7579s
	iters: 300, epoch: 5 | loss: 0.1221636
	speed: 0.0072s/iter; left time: 4527.8530s
	iters: 400, epoch: 5 | loss: 0.1498392
	speed: 0.0076s/iter; left time: 4771.8085s
	iters: 500, epoch: 5 | loss: 0.1683217
	speed: 0.0074s/iter; left time: 4606.8485s
	iters: 600, epoch: 5 | loss: 0.1710059
	speed: 0.0068s/iter; left time: 4269.0573s
	iters: 700, epoch: 5 | loss: 0.1612628
	speed: 0.0068s/iter; left time: 4270.8994s
	iters: 800, epoch: 5 | loss: 0.1490847
	speed: 0.0073s/iter; left time: 4558.8197s
	iters: 900, epoch: 5 | loss: 0.1415998
	speed: 0.0069s/iter; left time: 4324.5643s
	iters: 1000, epoch: 5 | loss: 0.1492502
	speed: 0.0068s/iter; left time: 4238.1780s
	iters: 1100, epoch: 5 | loss: 0.1959710
	speed: 0.0069s/iter; left time: 4308.1408s
	iters: 1200, epoch: 5 | loss: 0.1298895
	speed: 0.0076s/iter; left time: 4766.7935s
	iters: 1300, epoch: 5 | loss: 0.1417501
	speed: 0.0075s/iter; left time: 4707.0222s
	iters: 1400, epoch: 5 | loss: 0.1505548
	speed: 0.0069s/iter; left time: 4333.0984s
	iters: 1500, epoch: 5 | loss: 0.1541589
	speed: 0.0075s/iter; left time: 4691.5336s
	iters: 1600, epoch: 5 | loss: 0.1603920
	speed: 0.0064s/iter; left time: 4031.1856s
	iters: 1700, epoch: 5 | loss: 0.1416730
	speed: 0.0074s/iter; left time: 4632.9387s
	iters: 1800, epoch: 5 | loss: 0.1716745
	speed: 0.0077s/iter; left time: 4829.8922s
	iters: 1900, epoch: 5 | loss: 0.1521236
	speed: 0.0078s/iter; left time: 4853.5721s
	iters: 2000, epoch: 5 | loss: 0.1387945
	speed: 0.0070s/iter; left time: 4368.5145s
	iters: 2100, epoch: 5 | loss: 0.1563647
	speed: 0.0079s/iter; left time: 4950.4115s
	iters: 2200, epoch: 5 | loss: 0.1258881
	speed: 0.0078s/iter; left time: 4894.6348s
	iters: 2300, epoch: 5 | loss: 0.1888718
	speed: 0.0073s/iter; left time: 4558.1497s
	iters: 2400, epoch: 5 | loss: 0.1311393
	speed: 0.0075s/iter; left time: 4671.5132s
	iters: 2500, epoch: 5 | loss: 0.1359662
	speed: 0.0073s/iter; left time: 4533.6581s
	iters: 2600, epoch: 5 | loss: 0.1436385
	speed: 0.0078s/iter; left time: 4845.6584s
	iters: 2700, epoch: 5 | loss: 0.1487105
	speed: 0.0069s/iter; left time: 4304.2293s
	iters: 2800, epoch: 5 | loss: 0.1679549
	speed: 0.0075s/iter; left time: 4699.5271s
	iters: 2900, epoch: 5 | loss: 0.1468855
	speed: 0.0079s/iter; left time: 4942.0117s
	iters: 3000, epoch: 5 | loss: 0.1560320
	speed: 0.0071s/iter; left time: 4457.9754s
	iters: 3100, epoch: 5 | loss: 0.1603579
	speed: 0.0074s/iter; left time: 4612.9849s
Epoch: 5 cost time: 23.72885274887085
Epoch: 5, Steps: 3199 | Train Loss: 0.1529496 Vali Loss: 0.2069966 Test Loss: 0.2464225
EarlyStopping counter: 1 out of 5
	iters: 100, epoch: 6 | loss: 0.1632587
	speed: 0.4865s/iter; left time: 303459.9131s
	iters: 200, epoch: 6 | loss: 0.1422083
	speed: 0.0075s/iter; left time: 4691.1576s
	iters: 300, epoch: 6 | loss: 0.1603710
	speed: 0.0070s/iter; left time: 4360.2655s
	iters: 400, epoch: 6 | loss: 0.1642032
	speed: 0.0065s/iter; left time: 4081.1079s
	iters: 500, epoch: 6 | loss: 0.1468775
	speed: 0.0071s/iter; left time: 4453.4720s
	iters: 600, epoch: 6 | loss: 0.1613158
	speed: 0.0070s/iter; left time: 4350.5704s
	iters: 700, epoch: 6 | loss: 0.1686229
	speed: 0.0073s/iter; left time: 4525.0068s
	iters: 800, epoch: 6 | loss: 0.1363375
	speed: 0.0075s/iter; left time: 4669.2846s
	iters: 900, epoch: 6 | loss: 0.1733688
	speed: 0.0070s/iter; left time: 4372.5560s
	iters: 1000, epoch: 6 | loss: 0.1469353
	speed: 0.0068s/iter; left time: 4229.7831s
	iters: 1100, epoch: 6 | loss: 0.1555148
	speed: 0.0069s/iter; left time: 4316.4621s
	iters: 1200, epoch: 6 | loss: 0.1437925
	speed: 0.0076s/iter; left time: 4716.7195s
	iters: 1300, epoch: 6 | loss: 0.1464362
	speed: 0.0072s/iter; left time: 4473.9354s
	iters: 1400, epoch: 6 | loss: 0.1394213
	speed: 0.0065s/iter; left time: 4064.5553s
	iters: 1500, epoch: 6 | loss: 0.1480351
	speed: 0.0078s/iter; left time: 4877.0491s
	iters: 1600, epoch: 6 | loss: 0.1441178
	speed: 0.0076s/iter; left time: 4722.0321s
	iters: 1700, epoch: 6 | loss: 0.1540619
	speed: 0.0074s/iter; left time: 4609.9727s
	iters: 1800, epoch: 6 | loss: 0.1396595
	speed: 0.0077s/iter; left time: 4811.0115s
	iters: 1900, epoch: 6 | loss: 0.1444563
	speed: 0.0075s/iter; left time: 4656.0895s
	iters: 2000, epoch: 6 | loss: 0.1506794
	speed: 0.0069s/iter; left time: 4272.3708s
	iters: 2100, epoch: 6 | loss: 0.1392128
	speed: 0.0071s/iter; left time: 4436.5380s
	iters: 2200, epoch: 6 | loss: 0.1566924
	speed: 0.0069s/iter; left time: 4301.1899s
	iters: 2300, epoch: 6 | loss: 0.1766735
	speed: 0.0071s/iter; left time: 4433.7253s
	iters: 2400, epoch: 6 | loss: 0.1413655
	speed: 0.0074s/iter; left time: 4579.2332s
	iters: 2500, epoch: 6 | loss: 0.1739233
	speed: 0.0074s/iter; left time: 4612.7042s
	iters: 2600, epoch: 6 | loss: 0.1356802
	speed: 0.0072s/iter; left time: 4463.0312s
	iters: 2700, epoch: 6 | loss: 0.1315592
	speed: 0.0076s/iter; left time: 4699.3511s
	iters: 2800, epoch: 6 | loss: 0.1539809
	speed: 0.0072s/iter; left time: 4480.8036s
	iters: 2900, epoch: 6 | loss: 0.1616011
	speed: 0.0071s/iter; left time: 4422.3171s
	iters: 3000, epoch: 6 | loss: 0.1658208
	speed: 0.0072s/iter; left time: 4475.9725s
	iters: 3100, epoch: 6 | loss: 0.1447657
	speed: 0.0066s/iter; left time: 4096.8126s
Epoch: 6 cost time: 23.406962871551514
Epoch: 6, Steps: 3199 | Train Loss: 0.1529156 Vali Loss: 0.2073091 Test Loss: 0.2470014
EarlyStopping counter: 2 out of 5
	iters: 100, epoch: 7 | loss: 0.1527029
	speed: 0.5784s/iter; left time: 358906.3833s
	iters: 200, epoch: 7 | loss: 0.1990342
	speed: 0.0069s/iter; left time: 4311.5635s
	iters: 300, epoch: 7 | loss: 0.1455523
	speed: 0.0072s/iter; left time: 4474.1051s
	iters: 400, epoch: 7 | loss: 0.1581947
	speed: 0.0074s/iter; left time: 4569.5311s
	iters: 500, epoch: 7 | loss: 0.1297239
	speed: 0.0079s/iter; left time: 4871.3695s
	iters: 600, epoch: 7 | loss: 0.1436892
	speed: 0.0072s/iter; left time: 4460.4718s
	iters: 700, epoch: 7 | loss: 0.1494723
	speed: 0.0071s/iter; left time: 4376.9445s
	iters: 800, epoch: 7 | loss: 0.1658511
	speed: 0.0071s/iter; left time: 4407.5295s
	iters: 900, epoch: 7 | loss: 0.1906881
	speed: 0.0069s/iter; left time: 4291.1186s
	iters: 1000, epoch: 7 | loss: 0.1393680
	speed: 0.0067s/iter; left time: 4132.9297s
	iters: 1100, epoch: 7 | loss: 0.1303688
	speed: 0.0074s/iter; left time: 4565.1521s
	iters: 1200, epoch: 7 | loss: 0.1544429
	speed: 0.0077s/iter; left time: 4762.5771s
	iters: 1300, epoch: 7 | loss: 0.1694033
	speed: 0.0075s/iter; left time: 4648.4008s
	iters: 1400, epoch: 7 | loss: 0.1311989
	speed: 0.0075s/iter; left time: 4667.4327s
	iters: 1500, epoch: 7 | loss: 0.1299592
	speed: 0.0080s/iter; left time: 4931.2697s
	iters: 1600, epoch: 7 | loss: 0.1732148
	speed: 0.0075s/iter; left time: 4634.1624s
	iters: 1700, epoch: 7 | loss: 0.1349307
	speed: 0.0074s/iter; left time: 4587.0094s
	iters: 1800, epoch: 7 | loss: 0.1489268
	speed: 0.0077s/iter; left time: 4760.4364s
	iters: 1900, epoch: 7 | loss: 0.1497039
	speed: 0.0074s/iter; left time: 4596.1627s
	iters: 2000, epoch: 7 | loss: 0.1301271
	speed: 0.0066s/iter; left time: 4103.6275s
	iters: 2100, epoch: 7 | loss: 0.1455332
	speed: 0.0079s/iter; left time: 4861.1554s
	iters: 2200, epoch: 7 | loss: 0.1487807
	speed: 0.0068s/iter; left time: 4235.0644s
	iters: 2300, epoch: 7 | loss: 0.1529784
	speed: 0.0070s/iter; left time: 4304.9903s
	iters: 2400, epoch: 7 | loss: 0.1537941
	speed: 0.0075s/iter; left time: 4653.2491s
	iters: 2500, epoch: 7 | loss: 0.1357150
	speed: 0.0070s/iter; left time: 4309.2611s
	iters: 2600, epoch: 7 | loss: 0.1327692
	speed: 0.0070s/iter; left time: 4327.5625s
	iters: 2700, epoch: 7 | loss: 0.1706034
	speed: 0.0074s/iter; left time: 4561.0665s
	iters: 2800, epoch: 7 | loss: 0.1535569
	speed: 0.0074s/iter; left time: 4581.5641s
	iters: 2900, epoch: 7 | loss: 0.1704186
	speed: 0.0074s/iter; left time: 4598.6823s
	iters: 3000, epoch: 7 | loss: 0.1275324
	speed: 0.0072s/iter; left time: 4451.4325s
	iters: 3100, epoch: 7 | loss: 0.1488957
	speed: 0.0073s/iter; left time: 4527.6648s
Epoch: 7 cost time: 23.739500999450684
Epoch: 7, Steps: 3199 | Train Loss: 0.1529085 Vali Loss: 0.2068840 Test Loss: 0.2465232
EarlyStopping counter: 3 out of 5
	iters: 100, epoch: 8 | loss: 0.1657352
	speed: 0.6107s/iter; left time: 377002.0858s
	iters: 200, epoch: 8 | loss: 0.1582128
	speed: 0.0072s/iter; left time: 4442.9192s
	iters: 300, epoch: 8 | loss: 0.1414112
	speed: 0.0073s/iter; left time: 4498.2530s
	iters: 400, epoch: 8 | loss: 0.1387879
	speed: 0.0072s/iter; left time: 4458.1628s
	iters: 500, epoch: 8 | loss: 0.1633494
	speed: 0.0066s/iter; left time: 4084.7646s
	iters: 600, epoch: 8 | loss: 0.1666039
	speed: 0.0070s/iter; left time: 4332.2989s
	iters: 700, epoch: 8 | loss: 0.1272634
	speed: 0.0072s/iter; left time: 4419.3777s
	iters: 800, epoch: 8 | loss: 0.1733409
	speed: 0.0072s/iter; left time: 4452.9484s
	iters: 900, epoch: 8 | loss: 0.1939440
	speed: 0.0070s/iter; left time: 4327.5475s
	iters: 1000, epoch: 8 | loss: 0.1422805
	speed: 0.0071s/iter; left time: 4367.3706s
	iters: 1100, epoch: 8 | loss: 0.1518269
	speed: 0.0070s/iter; left time: 4325.3105s
	iters: 1200, epoch: 8 | loss: 0.1566052
	speed: 0.0076s/iter; left time: 4661.9970s
	iters: 1300, epoch: 8 | loss: 0.1475575
	speed: 0.0069s/iter; left time: 4263.4580s
	iters: 1400, epoch: 8 | loss: 0.1357664
	speed: 0.0070s/iter; left time: 4293.9872s
	iters: 1500, epoch: 8 | loss: 0.1786223
	speed: 0.0084s/iter; left time: 5154.5707s
	iters: 1600, epoch: 8 | loss: 0.1449273
	speed: 0.0073s/iter; left time: 4473.8204s
	iters: 1700, epoch: 8 | loss: 0.1488265
	speed: 0.0067s/iter; left time: 4143.8079s
	iters: 1800, epoch: 8 | loss: 0.1830443
	speed: 0.0072s/iter; left time: 4410.2386s
	iters: 1900, epoch: 8 | loss: 0.1505037
	speed: 0.0074s/iter; left time: 4547.1577s
	iters: 2000, epoch: 8 | loss: 0.1643846
	speed: 0.0076s/iter; left time: 4688.3765s
	iters: 2100, epoch: 8 | loss: 0.1502947
	speed: 0.0070s/iter; left time: 4314.5192s
	iters: 2200, epoch: 8 | loss: 0.1722737
	speed: 0.0075s/iter; left time: 4644.0320s
	iters: 2300, epoch: 8 | loss: 0.1513641
	speed: 0.0073s/iter; left time: 4491.0408s
	iters: 2400, epoch: 8 | loss: 0.1616925
	speed: 0.0071s/iter; left time: 4385.8549s
	iters: 2500, epoch: 8 | loss: 0.1829352
	speed: 0.0077s/iter; left time: 4731.5119s
	iters: 2600, epoch: 8 | loss: 0.1436636
	speed: 0.0073s/iter; left time: 4469.4944s
	iters: 2700, epoch: 8 | loss: 0.1463063
	speed: 0.0071s/iter; left time: 4349.0912s
	iters: 2800, epoch: 8 | loss: 0.1616043
	speed: 0.0073s/iter; left time: 4465.2167s
	iters: 2900, epoch: 8 | loss: 0.1505338
	speed: 0.0074s/iter; left time: 4530.4945s
	iters: 3000, epoch: 8 | loss: 0.1299725
	speed: 0.0078s/iter; left time: 4767.6978s
	iters: 3100, epoch: 8 | loss: 0.1329437
	speed: 0.0071s/iter; left time: 4347.4915s
Epoch: 8 cost time: 23.53658938407898
Epoch: 8, Steps: 3199 | Train Loss: 0.1529041 Vali Loss: 0.2069935 Test Loss: 0.2467525
EarlyStopping counter: 4 out of 5
	iters: 100, epoch: 9 | loss: 0.1654524
	speed: 0.6312s/iter; left time: 387651.7103s
	iters: 200, epoch: 9 | loss: 0.1490991
	speed: 0.0071s/iter; left time: 4371.5839s
	iters: 300, epoch: 9 | loss: 0.1591331
	speed: 0.0073s/iter; left time: 4456.9666s
	iters: 400, epoch: 9 | loss: 0.1409440
	speed: 0.0069s/iter; left time: 4234.7659s
	iters: 500, epoch: 9 | loss: 0.1373411
	speed: 0.0070s/iter; left time: 4296.4798s
	iters: 600, epoch: 9 | loss: 0.1546218
	speed: 0.0070s/iter; left time: 4289.3017s
	iters: 700, epoch: 9 | loss: 0.1588893
	speed: 0.0079s/iter; left time: 4847.2357s
	iters: 800, epoch: 9 | loss: 0.1669549
	speed: 0.0074s/iter; left time: 4522.6129s
	iters: 900, epoch: 9 | loss: 0.1698427
	speed: 0.0071s/iter; left time: 4384.1075s
	iters: 1000, epoch: 9 | loss: 0.1604802
	speed: 0.0075s/iter; left time: 4627.8690s
	iters: 1100, epoch: 9 | loss: 0.1371592
	speed: 0.0071s/iter; left time: 4369.4927s
	iters: 1200, epoch: 9 | loss: 0.1581868
	speed: 0.0069s/iter; left time: 4212.0137s
	iters: 1300, epoch: 9 | loss: 0.1536735
	speed: 0.0074s/iter; left time: 4550.1074s
	iters: 1400, epoch: 9 | loss: 0.1703775
	speed: 0.0078s/iter; left time: 4800.3297s
	iters: 1500, epoch: 9 | loss: 0.1202796
	speed: 0.0068s/iter; left time: 4138.4807s
	iters: 1600, epoch: 9 | loss: 0.1509952
	speed: 0.0074s/iter; left time: 4531.8198s
	iters: 1700, epoch: 9 | loss: 0.1660248
	speed: 0.0069s/iter; left time: 4217.5022s
	iters: 1800, epoch: 9 | loss: 0.1410021
	speed: 0.0070s/iter; left time: 4273.3559s
	iters: 1900, epoch: 9 | loss: 0.1647044
	speed: 0.0071s/iter; left time: 4371.3519s
	iters: 2000, epoch: 9 | loss: 0.1364586
	speed: 0.0072s/iter; left time: 4386.3610s
	iters: 2100, epoch: 9 | loss: 0.1351655
	speed: 0.0078s/iter; left time: 4782.6328s
	iters: 2200, epoch: 9 | loss: 0.1481883
	speed: 0.0078s/iter; left time: 4760.5173s
	iters: 2300, epoch: 9 | loss: 0.1546170
	speed: 0.0070s/iter; left time: 4304.5335s
	iters: 2400, epoch: 9 | loss: 0.1761931
	speed: 0.0067s/iter; left time: 4068.6273s
	iters: 2500, epoch: 9 | loss: 0.1419294
	speed: 0.0070s/iter; left time: 4302.2544s
	iters: 2600, epoch: 9 | loss: 0.1491618
	speed: 0.0065s/iter; left time: 3980.0436s
	iters: 2700, epoch: 9 | loss: 0.1655669
	speed: 0.0070s/iter; left time: 4309.9046s
	iters: 2800, epoch: 9 | loss: 0.1454711
	speed: 0.0070s/iter; left time: 4275.1869s
	iters: 2900, epoch: 9 | loss: 0.1346343
	speed: 0.0066s/iter; left time: 4053.9136s
	iters: 3000, epoch: 9 | loss: 0.1635265
	speed: 0.0069s/iter; left time: 4221.5713s
	iters: 3100, epoch: 9 | loss: 0.1503170
	speed: 0.0071s/iter; left time: 4366.7363s
Epoch: 9 cost time: 23.286243677139282
Epoch: 9, Steps: 3199 | Train Loss: 0.1529281 Vali Loss: 0.2068050 Test Loss: 0.2467384
EarlyStopping counter: 5 out of 5
Early stopping
>>>>>>>testing : long_term_forecast_pems10_h_96_192_DLinear_custom_ftM_sl96_ll48_pl192_dm512_nh8_el2_dl1_df2048_fc3_ebtimeF_dtTrue_srate1.0_sseed7_trainseed2024_Exp_0<<<<<<<<<<<<<<<<<<<<<<<<<<<<<<<<<
test 29146
test shape: (29146, 1, 192, 107) (29146, 1, 192, 107)
test shape: (29146, 192, 107) (29146, 192, 107)
mse:0.24646587669849396, mae:0.277400404214859
>>>>>>>Overall time: 1047 seconds<<<<<<<<<<<<<<<<<<<<<<<<<<<<<<<<<
