Args in experiment:
Namespace(activation='gelu', anomaly_ratio=0.25, batch_size=32, c_out=103, checkpoints='./checkpoints/', d_ff=2048, d_layers=1, d_model=512, data='custom', data_path='pems05_h.csv', dec_in=103, des='Exp', devices='0,1,2,3', distil=True, dropout=0, e_layers=2, embed='timeF', enc_in=103, factor=3, features='M', freq='h', gap_day=365, gpu=0, inverse=False, is_training=1, itr=1, label_len=48, learning_rate=0.0005, loss='MSE', lradj='type3', mask_rate=0.25, model='DLinear', model_id='pems05_h_96_192', moving_avg=25, n_heads=8, num_kernels=6, num_workers=10, output_attention=False, p_hidden_dims=[128, 128], p_hidden_layers=2, patience=5, pred_len=192, root_path='../../data/pems/', samle_rate=1.0, sample_seed=7, seasonal_patterns='Monthly', seq_len=96, target='', task_name='long_term_forecast', top_k=5, train_epochs=200, train_seed=2024, use_amp=False, use_gpu=True, use_multi_gpu=False)
Use GPU: cuda:0
>>>>>>>start training : long_term_forecast_pems05_h_96_192_DLinear_custom_ftM_sl96_ll48_pl192_dm512_nh8_el2_dl1_df2048_fc3_ebtimeF_dtTrue_srate1.0_sseed7_trainseed2024_Exp_0>>>>>>>>>>>>>>>>>>>>>>>>>>
train 73582
val 10363
test 20914
	iters: 100, epoch: 1 | loss: 0.1783476
	speed: 0.0110s/iter; left time: 5038.0937s
	iters: 200, epoch: 1 | loss: 0.1597926
	speed: 0.0069s/iter; left time: 3168.7477s
	iters: 300, epoch: 1 | loss: 0.1527848
	speed: 0.0068s/iter; left time: 3109.0801s
	iters: 400, epoch: 1 | loss: 0.1470133
	speed: 0.0068s/iter; left time: 3118.3564s
	iters: 500, epoch: 1 | loss: 0.1390453
	speed: 0.0068s/iter; left time: 3119.4177s
	iters: 600, epoch: 1 | loss: 0.1375352
	speed: 0.0068s/iter; left time: 3121.3124s
	iters: 700, epoch: 1 | loss: 0.1266042
	speed: 0.0068s/iter; left time: 3111.7546s
	iters: 800, epoch: 1 | loss: 0.1261847
	speed: 0.0068s/iter; left time: 3116.2213s
	iters: 900, epoch: 1 | loss: 0.1316678
	speed: 0.0068s/iter; left time: 3115.5391s
	iters: 1000, epoch: 1 | loss: 0.1233241
	speed: 0.0068s/iter; left time: 3122.5161s
	iters: 1100, epoch: 1 | loss: 0.1372930
	speed: 0.0068s/iter; left time: 3121.4397s
	iters: 1200, epoch: 1 | loss: 0.1244652
	speed: 0.0068s/iter; left time: 3123.6588s
	iters: 1300, epoch: 1 | loss: 0.1272899
	speed: 0.0068s/iter; left time: 3125.5991s
	iters: 1400, epoch: 1 | loss: 0.1255747
	speed: 0.0068s/iter; left time: 3125.1764s
	iters: 1500, epoch: 1 | loss: 0.1404409
	speed: 0.0068s/iter; left time: 3121.0855s
	iters: 1600, epoch: 1 | loss: 0.1167729
	speed: 0.0068s/iter; left time: 3120.9147s
	iters: 1700, epoch: 1 | loss: 0.1189998
	speed: 0.0068s/iter; left time: 3124.5761s
	iters: 1800, epoch: 1 | loss: 0.1084791
	speed: 0.0068s/iter; left time: 3123.5381s
	iters: 1900, epoch: 1 | loss: 0.1276014
	speed: 0.0068s/iter; left time: 3120.9980s
	iters: 2000, epoch: 1 | loss: 0.1327127
	speed: 0.0068s/iter; left time: 3117.9304s
	iters: 2100, epoch: 1 | loss: 0.1281529
	speed: 0.0068s/iter; left time: 3118.6800s
	iters: 2200, epoch: 1 | loss: 0.1163406
	speed: 0.0068s/iter; left time: 3119.2227s
Epoch: 1 cost time: 16.112430572509766
Epoch: 1, Steps: 2299 | Train Loss: 0.1368149 Vali Loss: 0.1016778 Test Loss: 0.1347027
Validation loss decreased (inf --> 0.101678).  Saving model ...
	iters: 100, epoch: 2 | loss: 0.1226652
	speed: 0.3272s/iter; left time: 149682.6743s
	iters: 200, epoch: 2 | loss: 0.1323144
	speed: 0.0066s/iter; left time: 2999.4863s
	iters: 300, epoch: 2 | loss: 0.1269355
	speed: 0.0066s/iter; left time: 3013.8176s
	iters: 400, epoch: 2 | loss: 0.1217473
	speed: 0.0066s/iter; left time: 3034.6605s
	iters: 500, epoch: 2 | loss: 0.1177489
	speed: 0.0066s/iter; left time: 3030.9011s
	iters: 600, epoch: 2 | loss: 0.1143296
	speed: 0.0066s/iter; left time: 3032.7564s
	iters: 700, epoch: 2 | loss: 0.1163647
	speed: 0.0066s/iter; left time: 3035.8599s
	iters: 800, epoch: 2 | loss: 0.1095494
	speed: 0.0066s/iter; left time: 3036.1927s
	iters: 900, epoch: 2 | loss: 0.1221318
	speed: 0.0066s/iter; left time: 2993.9326s
	iters: 1000, epoch: 2 | loss: 0.1101203
	speed: 0.0064s/iter; left time: 2931.7168s
	iters: 1100, epoch: 2 | loss: 0.1333221
	speed: 0.0064s/iter; left time: 2932.9015s
	iters: 1200, epoch: 2 | loss: 0.1230531
	speed: 0.0064s/iter; left time: 2934.2096s
	iters: 1300, epoch: 2 | loss: 0.1344812
	speed: 0.0064s/iter; left time: 2932.3842s
	iters: 1400, epoch: 2 | loss: 0.1244621
	speed: 0.0064s/iter; left time: 2935.0690s
	iters: 1500, epoch: 2 | loss: 0.1341597
	speed: 0.0064s/iter; left time: 2925.1582s
	iters: 1600, epoch: 2 | loss: 0.1181013
	speed: 0.0064s/iter; left time: 2915.4874s
	iters: 1700, epoch: 2 | loss: 0.1108297
	speed: 0.0064s/iter; left time: 2903.2059s
	iters: 1800, epoch: 2 | loss: 0.1175470
	speed: 0.0064s/iter; left time: 2895.4580s
	iters: 1900, epoch: 2 | loss: 0.1235513
	speed: 0.0064s/iter; left time: 2902.7869s
	iters: 2000, epoch: 2 | loss: 0.1141386
	speed: 0.0064s/iter; left time: 2895.3351s
	iters: 2100, epoch: 2 | loss: 0.1263214
	speed: 0.0064s/iter; left time: 2920.8077s
	iters: 2200, epoch: 2 | loss: 0.1364109
	speed: 0.0064s/iter; left time: 2924.9579s
Epoch: 2 cost time: 15.269450664520264
Epoch: 2, Steps: 2299 | Train Loss: 0.1218491 Vali Loss: 0.1004808 Test Loss: 0.1332708
Validation loss decreased (0.101678 --> 0.100481).  Saving model ...
	iters: 100, epoch: 3 | loss: 0.1221888
	speed: 0.3290s/iter; left time: 149731.5643s
	iters: 200, epoch: 3 | loss: 0.1154636
	speed: 0.0062s/iter; left time: 2843.5095s
	iters: 300, epoch: 3 | loss: 0.1269710
	speed: 0.0063s/iter; left time: 2875.7590s
	iters: 400, epoch: 3 | loss: 0.1081277
	speed: 0.0063s/iter; left time: 2877.1784s
	iters: 500, epoch: 3 | loss: 0.1287243
	speed: 0.0063s/iter; left time: 2883.6521s
	iters: 600, epoch: 3 | loss: 0.1196290
	speed: 0.0063s/iter; left time: 2884.3760s
	iters: 700, epoch: 3 | loss: 0.1336663
	speed: 0.0063s/iter; left time: 2882.0044s
	iters: 800, epoch: 3 | loss: 0.1322566
	speed: 0.0064s/iter; left time: 2891.0406s
	iters: 900, epoch: 3 | loss: 0.1092646
	speed: 0.0064s/iter; left time: 2885.5248s
	iters: 1000, epoch: 3 | loss: 0.1258054
	speed: 0.0063s/iter; left time: 2883.1862s
	iters: 1100, epoch: 3 | loss: 0.1158676
	speed: 0.0064s/iter; left time: 2887.0987s
	iters: 1200, epoch: 3 | loss: 0.1186384
	speed: 0.0064s/iter; left time: 2889.1624s
	iters: 1300, epoch: 3 | loss: 0.1215249
	speed: 0.0063s/iter; left time: 2879.2712s
	iters: 1400, epoch: 3 | loss: 0.1222892
	speed: 0.0063s/iter; left time: 2859.7471s
	iters: 1500, epoch: 3 | loss: 0.1321983
	speed: 0.0063s/iter; left time: 2869.9156s
	iters: 1600, epoch: 3 | loss: 0.1093001
	speed: 0.0063s/iter; left time: 2868.7813s
	iters: 1700, epoch: 3 | loss: 0.1118012
	speed: 0.0063s/iter; left time: 2869.7155s
	iters: 1800, epoch: 3 | loss: 0.1126508
	speed: 0.0063s/iter; left time: 2863.9653s
	iters: 1900, epoch: 3 | loss: 0.1224911
	speed: 0.0063s/iter; left time: 2861.1289s
	iters: 2000, epoch: 3 | loss: 0.1184461
	speed: 0.0063s/iter; left time: 2863.0931s
	iters: 2100, epoch: 3 | loss: 0.1140051
	speed: 0.0063s/iter; left time: 2861.5054s
	iters: 2200, epoch: 3 | loss: 0.1147697
	speed: 0.0065s/iter; left time: 2939.0322s
Epoch: 3 cost time: 14.94249153137207
Epoch: 3, Steps: 2299 | Train Loss: 0.1213526 Vali Loss: 0.1001223 Test Loss: 0.1328873
Validation loss decreased (0.100481 --> 0.100122).  Saving model ...
	iters: 100, epoch: 4 | loss: 0.1285860
	speed: 0.3255s/iter; left time: 147365.2640s
	iters: 200, epoch: 4 | loss: 0.1236777
	speed: 0.0063s/iter; left time: 2830.4016s
	iters: 300, epoch: 4 | loss: 0.1292217
	speed: 0.0062s/iter; left time: 2818.0834s
	iters: 400, epoch: 4 | loss: 0.1202869
	speed: 0.0062s/iter; left time: 2822.5356s
	iters: 500, epoch: 4 | loss: 0.1217285
	speed: 0.0062s/iter; left time: 2827.2327s
	iters: 600, epoch: 4 | loss: 0.1302195
	speed: 0.0063s/iter; left time: 2831.9813s
	iters: 700, epoch: 4 | loss: 0.1200392
	speed: 0.0063s/iter; left time: 2832.2587s
	iters: 800, epoch: 4 | loss: 0.1272837
	speed: 0.0063s/iter; left time: 2836.3999s
	iters: 900, epoch: 4 | loss: 0.1233174
	speed: 0.0063s/iter; left time: 2830.6515s
	iters: 1000, epoch: 4 | loss: 0.1525324
	speed: 0.0063s/iter; left time: 2841.3285s
	iters: 1100, epoch: 4 | loss: 0.1416578
	speed: 0.0063s/iter; left time: 2831.2205s
	iters: 1200, epoch: 4 | loss: 0.1211951
	speed: 0.0063s/iter; left time: 2861.0079s
	iters: 1300, epoch: 4 | loss: 0.1086547
	speed: 0.0063s/iter; left time: 2866.4418s
	iters: 1400, epoch: 4 | loss: 0.1209456
	speed: 0.0064s/iter; left time: 2868.5240s
	iters: 1500, epoch: 4 | loss: 0.1278941
	speed: 0.0064s/iter; left time: 2876.5104s
	iters: 1600, epoch: 4 | loss: 0.1177735
	speed: 0.0064s/iter; left time: 2884.1884s
	iters: 1700, epoch: 4 | loss: 0.1195898
	speed: 0.0064s/iter; left time: 2878.2954s
	iters: 1800, epoch: 4 | loss: 0.1219266
	speed: 0.0064s/iter; left time: 2884.2246s
	iters: 1900, epoch: 4 | loss: 0.1303519
	speed: 0.0064s/iter; left time: 2878.4830s
	iters: 2000, epoch: 4 | loss: 0.1124089
	speed: 0.0064s/iter; left time: 2877.7985s
	iters: 2100, epoch: 4 | loss: 0.1136805
	speed: 0.0064s/iter; left time: 2885.0934s
	iters: 2200, epoch: 4 | loss: 0.1151277
	speed: 0.0064s/iter; left time: 2882.6890s
Epoch: 4 cost time: 14.872716903686523
Epoch: 4, Steps: 2299 | Train Loss: 0.1212679 Vali Loss: 0.1002373 Test Loss: 0.1326866
EarlyStopping counter: 1 out of 5
	iters: 100, epoch: 5 | loss: 0.1364006
	speed: 0.3266s/iter; left time: 147155.5430s
	iters: 200, epoch: 5 | loss: 0.1225691
	speed: 0.0063s/iter; left time: 2832.0743s
	iters: 300, epoch: 5 | loss: 0.1266748
	speed: 0.0063s/iter; left time: 2842.5145s
	iters: 400, epoch: 5 | loss: 0.1409154
	speed: 0.0063s/iter; left time: 2845.9685s
	iters: 500, epoch: 5 | loss: 0.1334938
	speed: 0.0063s/iter; left time: 2849.6074s
	iters: 600, epoch: 5 | loss: 0.1279528
	speed: 0.0063s/iter; left time: 2852.1061s
	iters: 700, epoch: 5 | loss: 0.1129940
	speed: 0.0063s/iter; left time: 2847.9969s
	iters: 800, epoch: 5 | loss: 0.1172599
	speed: 0.0063s/iter; left time: 2853.7351s
	iters: 900, epoch: 5 | loss: 0.1412042
	speed: 0.0063s/iter; left time: 2851.2404s
	iters: 1000, epoch: 5 | loss: 0.1172683
	speed: 0.0063s/iter; left time: 2851.6730s
	iters: 1100, epoch: 5 | loss: 0.1146834
	speed: 0.0064s/iter; left time: 2854.5657s
	iters: 1200, epoch: 5 | loss: 0.1172295
	speed: 0.0064s/iter; left time: 2858.1844s
	iters: 1300, epoch: 5 | loss: 0.1188304
	speed: 0.0064s/iter; left time: 2856.6303s
	iters: 1400, epoch: 5 | loss: 0.1322380
	speed: 0.0064s/iter; left time: 2854.4480s
	iters: 1500, epoch: 5 | loss: 0.1103243
	speed: 0.0064s/iter; left time: 2853.6113s
	iters: 1600, epoch: 5 | loss: 0.1308829
	speed: 0.0064s/iter; left time: 2855.3599s
	iters: 1700, epoch: 5 | loss: 0.1206847
	speed: 0.0064s/iter; left time: 2857.2509s
	iters: 1800, epoch: 5 | loss: 0.1169057
	speed: 0.0064s/iter; left time: 2867.9097s
	iters: 1900, epoch: 5 | loss: 0.1192440
	speed: 0.0064s/iter; left time: 2860.0806s
	iters: 2000, epoch: 5 | loss: 0.1243670
	speed: 0.0064s/iter; left time: 2861.9459s
	iters: 2100, epoch: 5 | loss: 0.1319126
	speed: 0.0064s/iter; left time: 2884.9217s
	iters: 2200, epoch: 5 | loss: 0.1384601
	speed: 0.0063s/iter; left time: 2811.1277s
Epoch: 5 cost time: 14.914960861206055
Epoch: 5, Steps: 2299 | Train Loss: 0.1212286 Vali Loss: 0.0997059 Test Loss: 0.1325357
Validation loss decreased (0.100122 --> 0.099706).  Saving model ...
	iters: 100, epoch: 6 | loss: 0.1124994
	speed: 0.3291s/iter; left time: 147483.7764s
	iters: 200, epoch: 6 | loss: 0.1217902
	speed: 0.0063s/iter; left time: 2822.5587s
	iters: 300, epoch: 6 | loss: 0.1202441
	speed: 0.0063s/iter; left time: 2836.2642s
	iters: 400, epoch: 6 | loss: 0.1286233
	speed: 0.0064s/iter; left time: 2851.4530s
	iters: 500, epoch: 6 | loss: 0.1244773
	speed: 0.0065s/iter; left time: 2901.7445s
	iters: 600, epoch: 6 | loss: 0.1638331
	speed: 0.0065s/iter; left time: 2895.2534s
	iters: 700, epoch: 6 | loss: 0.1229217
	speed: 0.0065s/iter; left time: 2906.9764s
	iters: 800, epoch: 6 | loss: 0.1206092
	speed: 0.0065s/iter; left time: 2908.6187s
	iters: 900, epoch: 6 | loss: 0.1060965
	speed: 0.0065s/iter; left time: 2897.7402s
	iters: 1000, epoch: 6 | loss: 0.1030198
	speed: 0.0065s/iter; left time: 2902.8333s
	iters: 1100, epoch: 6 | loss: 0.1341480
	speed: 0.0065s/iter; left time: 2908.9655s
	iters: 1200, epoch: 6 | loss: 0.1270222
	speed: 0.0065s/iter; left time: 2895.7673s
	iters: 1300, epoch: 6 | loss: 0.1108264
	speed: 0.0065s/iter; left time: 2909.7939s
	iters: 1400, epoch: 6 | loss: 0.1087969
	speed: 0.0065s/iter; left time: 2906.7019s
	iters: 1500, epoch: 6 | loss: 0.1149951
	speed: 0.0065s/iter; left time: 2903.9582s
	iters: 1600, epoch: 6 | loss: 0.1117553
	speed: 0.0065s/iter; left time: 2901.3380s
	iters: 1700, epoch: 6 | loss: 0.1168336
	speed: 0.0065s/iter; left time: 2904.8582s
	iters: 1800, epoch: 6 | loss: 0.1266071
	speed: 0.0065s/iter; left time: 2900.7959s
	iters: 1900, epoch: 6 | loss: 0.1283822
	speed: 0.0065s/iter; left time: 2897.8313s
	iters: 2000, epoch: 6 | loss: 0.1218900
	speed: 0.0065s/iter; left time: 2894.6635s
	iters: 2100, epoch: 6 | loss: 0.1192186
	speed: 0.0065s/iter; left time: 2900.4235s
	iters: 2200, epoch: 6 | loss: 0.1102332
	speed: 0.0065s/iter; left time: 2896.1413s
Epoch: 6 cost time: 15.235135555267334
Epoch: 6, Steps: 2299 | Train Loss: 0.1212146 Vali Loss: 0.0996436 Test Loss: 0.1323269
Validation loss decreased (0.099706 --> 0.099644).  Saving model ...
	iters: 100, epoch: 7 | loss: 0.1175869
	speed: 0.3271s/iter; left time: 145876.3335s
	iters: 200, epoch: 7 | loss: 0.1339766
	speed: 0.0063s/iter; left time: 2820.9470s
	iters: 300, epoch: 7 | loss: 0.1135988
	speed: 0.0064s/iter; left time: 2838.1094s
	iters: 400, epoch: 7 | loss: 0.1194534
	speed: 0.0064s/iter; left time: 2838.7273s
	iters: 500, epoch: 7 | loss: 0.1180950
	speed: 0.0064s/iter; left time: 2844.7044s
	iters: 600, epoch: 7 | loss: 0.1236717
	speed: 0.0064s/iter; left time: 2847.5119s
	iters: 700, epoch: 7 | loss: 0.1273497
	speed: 0.0064s/iter; left time: 2844.8447s
	iters: 800, epoch: 7 | loss: 0.1220982
	speed: 0.0064s/iter; left time: 2847.3170s
	iters: 900, epoch: 7 | loss: 0.1114910
	speed: 0.0064s/iter; left time: 2851.9612s
	iters: 1000, epoch: 7 | loss: 0.1149242
	speed: 0.0064s/iter; left time: 2856.5883s
	iters: 1100, epoch: 7 | loss: 0.1355324
	speed: 0.0064s/iter; left time: 2857.2341s
	iters: 1200, epoch: 7 | loss: 0.1448944
	speed: 0.0064s/iter; left time: 2854.1305s
	iters: 1300, epoch: 7 | loss: 0.1130390
	speed: 0.0064s/iter; left time: 2853.8196s
	iters: 1400, epoch: 7 | loss: 0.1274434
	speed: 0.0064s/iter; left time: 2855.1644s
	iters: 1500, epoch: 7 | loss: 0.1152255
	speed: 0.0064s/iter; left time: 2850.7949s
	iters: 1600, epoch: 7 | loss: 0.1160476
	speed: 0.0064s/iter; left time: 2853.3375s
	iters: 1700, epoch: 7 | loss: 0.1129610
	speed: 0.0064s/iter; left time: 2852.0419s
	iters: 1800, epoch: 7 | loss: 0.1148513
	speed: 0.0064s/iter; left time: 2849.9268s
	iters: 1900, epoch: 7 | loss: 0.1275972
	speed: 0.0064s/iter; left time: 2854.1251s
	iters: 2000, epoch: 7 | loss: 0.1243279
	speed: 0.0064s/iter; left time: 2853.9567s
	iters: 2100, epoch: 7 | loss: 0.1301238
	speed: 0.0064s/iter; left time: 2854.8433s
	iters: 2200, epoch: 7 | loss: 0.1313815
	speed: 0.0064s/iter; left time: 2849.4778s
Epoch: 7 cost time: 15.08802342414856
Epoch: 7, Steps: 2299 | Train Loss: 0.1212200 Vali Loss: 0.0997157 Test Loss: 0.1324892
EarlyStopping counter: 1 out of 5
	iters: 100, epoch: 8 | loss: 0.1224955
	speed: 0.3283s/iter; left time: 145624.5631s
	iters: 200, epoch: 8 | loss: 0.1176553
	speed: 0.0067s/iter; left time: 2972.2832s
	iters: 300, epoch: 8 | loss: 0.1109522
	speed: 0.0067s/iter; left time: 2969.7789s
	iters: 400, epoch: 8 | loss: 0.1310463
	speed: 0.0067s/iter; left time: 2979.1975s
	iters: 500, epoch: 8 | loss: 0.1234371
	speed: 0.0067s/iter; left time: 2984.5983s
	iters: 600, epoch: 8 | loss: 0.1199247
	speed: 0.0067s/iter; left time: 2977.5840s
	iters: 700, epoch: 8 | loss: 0.1203239
	speed: 0.0067s/iter; left time: 2985.6786s
	iters: 800, epoch: 8 | loss: 0.1161495
	speed: 0.0068s/iter; left time: 2991.9593s
	iters: 900, epoch: 8 | loss: 0.1347809
	speed: 0.0068s/iter; left time: 2991.0188s
	iters: 1000, epoch: 8 | loss: 0.1230361
	speed: 0.0068s/iter; left time: 2995.9016s
	iters: 1100, epoch: 8 | loss: 0.1225892
	speed: 0.0068s/iter; left time: 2995.5478s
	iters: 1200, epoch: 8 | loss: 0.1314691
	speed: 0.0067s/iter; left time: 2983.7057s
	iters: 1300, epoch: 8 | loss: 0.1170577
	speed: 0.0067s/iter; left time: 2975.2397s
	iters: 1400, epoch: 8 | loss: 0.1164437
	speed: 0.0067s/iter; left time: 2970.0200s
	iters: 1500, epoch: 8 | loss: 0.1217917
	speed: 0.0067s/iter; left time: 2965.1324s
	iters: 1600, epoch: 8 | loss: 0.1129154
	speed: 0.0067s/iter; left time: 2967.3490s
	iters: 1700, epoch: 8 | loss: 0.1135128
	speed: 0.0068s/iter; left time: 2989.8820s
	iters: 1800, epoch: 8 | loss: 0.1126286
	speed: 0.0068s/iter; left time: 2984.5350s
	iters: 1900, epoch: 8 | loss: 0.1300347
	speed: 0.0068s/iter; left time: 2982.2048s
	iters: 2000, epoch: 8 | loss: 0.1279719
	speed: 0.0068s/iter; left time: 2993.4195s
	iters: 2100, epoch: 8 | loss: 0.1216654
	speed: 0.0067s/iter; left time: 2967.4886s
	iters: 2200, epoch: 8 | loss: 0.1193846
	speed: 0.0067s/iter; left time: 2962.4566s
Epoch: 8 cost time: 15.812975406646729
Epoch: 8, Steps: 2299 | Train Loss: 0.1211883 Vali Loss: 0.0998029 Test Loss: 0.1324297
EarlyStopping counter: 2 out of 5
	iters: 100, epoch: 9 | loss: 0.1251745
	speed: 0.3228s/iter; left time: 142460.8717s
	iters: 200, epoch: 9 | loss: 0.1094307
	speed: 0.0063s/iter; left time: 2780.6376s
	iters: 300, epoch: 9 | loss: 0.1382720
	speed: 0.0063s/iter; left time: 2789.1696s
	iters: 400, epoch: 9 | loss: 0.1149774
	speed: 0.0063s/iter; left time: 2794.3718s
	iters: 500, epoch: 9 | loss: 0.1306931
	speed: 0.0063s/iter; left time: 2796.2453s
	iters: 600, epoch: 9 | loss: 0.1147043
	speed: 0.0063s/iter; left time: 2796.3646s
	iters: 700, epoch: 9 | loss: 0.1127091
	speed: 0.0064s/iter; left time: 2800.3073s
	iters: 800, epoch: 9 | loss: 0.1254260
	speed: 0.0064s/iter; left time: 2802.6006s
	iters: 900, epoch: 9 | loss: 0.1264208
	speed: 0.0064s/iter; left time: 2808.5770s
	iters: 1000, epoch: 9 | loss: 0.1180060
	speed: 0.0068s/iter; left time: 2992.0220s
	iters: 1100, epoch: 9 | loss: 0.1338262
	speed: 0.0067s/iter; left time: 2962.3887s
	iters: 1200, epoch: 9 | loss: 0.1265405
	speed: 0.0068s/iter; left time: 2977.3352s
	iters: 1300, epoch: 9 | loss: 0.1253858
	speed: 0.0067s/iter; left time: 2953.2237s
	iters: 1400, epoch: 9 | loss: 0.1205850
	speed: 0.0067s/iter; left time: 2966.5672s
	iters: 1500, epoch: 9 | loss: 0.1164370
	speed: 0.0068s/iter; left time: 2990.4858s
	iters: 1600, epoch: 9 | loss: 0.1329564
	speed: 0.0068s/iter; left time: 2980.7766s
	iters: 1700, epoch: 9 | loss: 0.1329385
	speed: 0.0063s/iter; left time: 2790.8354s
	iters: 1800, epoch: 9 | loss: 0.1454267
	speed: 0.0064s/iter; left time: 2796.2766s
	iters: 1900, epoch: 9 | loss: 0.1134948
	speed: 0.0064s/iter; left time: 2797.7698s
	iters: 2000, epoch: 9 | loss: 0.1126806
	speed: 0.0064s/iter; left time: 2801.9335s
	iters: 2100, epoch: 9 | loss: 0.1248410
	speed: 0.0064s/iter; left time: 2799.7069s
	iters: 2200, epoch: 9 | loss: 0.1205481
	speed: 0.0064s/iter; left time: 2798.0099s
Epoch: 9 cost time: 15.207557201385498
Epoch: 9, Steps: 2299 | Train Loss: 0.1211897 Vali Loss: 0.0998991 Test Loss: 0.1325556
EarlyStopping counter: 3 out of 5
	iters: 100, epoch: 10 | loss: 0.1194599
	speed: 0.3773s/iter; left time: 165640.2681s
	iters: 200, epoch: 10 | loss: 0.1173393
	speed: 0.0063s/iter; left time: 2772.7495s
	iters: 300, epoch: 10 | loss: 0.1161102
	speed: 0.0063s/iter; left time: 2777.7757s
	iters: 400, epoch: 10 | loss: 0.1225359
	speed: 0.0064s/iter; left time: 2786.1526s
	iters: 500, epoch: 10 | loss: 0.1241525
	speed: 0.0064s/iter; left time: 2788.1841s
	iters: 600, epoch: 10 | loss: 0.1188152
	speed: 0.0064s/iter; left time: 2789.6917s
	iters: 700, epoch: 10 | loss: 0.1311174
	speed: 0.0066s/iter; left time: 2884.7691s
	iters: 800, epoch: 10 | loss: 0.1123447
	speed: 0.0063s/iter; left time: 2781.4909s
	iters: 900, epoch: 10 | loss: 0.1432896
	speed: 0.0064s/iter; left time: 2790.0148s
	iters: 1000, epoch: 10 | loss: 0.1190274
	speed: 0.0064s/iter; left time: 2817.2787s
	iters: 1100, epoch: 10 | loss: 0.1313826
	speed: 0.0063s/iter; left time: 2756.7045s
	iters: 1200, epoch: 10 | loss: 0.1264278
	speed: 0.0063s/iter; left time: 2750.7337s
	iters: 1300, epoch: 10 | loss: 0.1124420
	speed: 0.0063s/iter; left time: 2736.6183s
	iters: 1400, epoch: 10 | loss: 0.1328145
	speed: 0.0063s/iter; left time: 2747.8348s
	iters: 1500, epoch: 10 | loss: 0.1280565
	speed: 0.0063s/iter; left time: 2749.1716s
	iters: 1600, epoch: 10 | loss: 0.1126837
	speed: 0.0063s/iter; left time: 2743.5501s
	iters: 1700, epoch: 10 | loss: 0.1270339
	speed: 0.0063s/iter; left time: 2745.1422s
	iters: 1800, epoch: 10 | loss: 0.1083872
	speed: 0.0063s/iter; left time: 2740.8227s
	iters: 1900, epoch: 10 | loss: 0.1225858
	speed: 0.0063s/iter; left time: 2745.3193s
	iters: 2000, epoch: 10 | loss: 0.1095559
	speed: 0.0063s/iter; left time: 2738.3269s
	iters: 2100, epoch: 10 | loss: 0.1369433
	speed: 0.0062s/iter; left time: 2729.4350s
	iters: 2200, epoch: 10 | loss: 0.1294874
	speed: 0.0063s/iter; left time: 2765.6649s
Epoch: 10 cost time: 14.889134168624878
Epoch: 10, Steps: 2299 | Train Loss: 0.1212100 Vali Loss: 0.1000072 Test Loss: 0.1325866
EarlyStopping counter: 4 out of 5
	iters: 100, epoch: 11 | loss: 0.1333688
	speed: 0.3233s/iter; left time: 141196.9529s
	iters: 200, epoch: 11 | loss: 0.1235064
	speed: 0.0063s/iter; left time: 2753.3396s
	iters: 300, epoch: 11 | loss: 0.1169612
	speed: 0.0063s/iter; left time: 2757.5359s
	iters: 400, epoch: 11 | loss: 0.1180372
	speed: 0.0063s/iter; left time: 2759.8383s
	iters: 500, epoch: 11 | loss: 0.1203960
	speed: 0.0063s/iter; left time: 2764.0171s
	iters: 600, epoch: 11 | loss: 0.1120815
	speed: 0.0063s/iter; left time: 2765.4043s
	iters: 700, epoch: 11 | loss: 0.1309803
	speed: 0.0064s/iter; left time: 2775.5549s
	iters: 800, epoch: 11 | loss: 0.1063497
	speed: 0.0064s/iter; left time: 2769.8393s
	iters: 900, epoch: 11 | loss: 0.1156337
	speed: 0.0064s/iter; left time: 2773.0224s
	iters: 1000, epoch: 11 | loss: 0.1180097
	speed: 0.0064s/iter; left time: 2771.1248s
	iters: 1100, epoch: 11 | loss: 0.1260468
	speed: 0.0064s/iter; left time: 2768.8705s
	iters: 1200, epoch: 11 | loss: 0.1251457
	speed: 0.0064s/iter; left time: 2769.9684s
	iters: 1300, epoch: 11 | loss: 0.1281473
	speed: 0.0064s/iter; left time: 2772.3042s
	iters: 1400, epoch: 11 | loss: 0.1088404
	speed: 0.0064s/iter; left time: 2773.0515s
	iters: 1500, epoch: 11 | loss: 0.1177522
	speed: 0.0064s/iter; left time: 2771.3736s
	iters: 1600, epoch: 11 | loss: 0.1312938
	speed: 0.0064s/iter; left time: 2770.5564s
	iters: 1700, epoch: 11 | loss: 0.1109029
	speed: 0.0064s/iter; left time: 2769.9623s
	iters: 1800, epoch: 11 | loss: 0.0961488
	speed: 0.0064s/iter; left time: 2768.7169s
	iters: 1900, epoch: 11 | loss: 0.1312499
	speed: 0.0064s/iter; left time: 2768.7959s
	iters: 2000, epoch: 11 | loss: 0.1189405
	speed: 0.0064s/iter; left time: 2768.7212s
	iters: 2100, epoch: 11 | loss: 0.1347589
	speed: 0.0064s/iter; left time: 2768.8431s
	iters: 2200, epoch: 11 | loss: 0.1150144
	speed: 0.0064s/iter; left time: 2770.2132s
Epoch: 11 cost time: 14.944624900817871
Epoch: 11, Steps: 2299 | Train Loss: 0.1211881 Vali Loss: 0.1000390 Test Loss: 0.1325923
EarlyStopping counter: 5 out of 5
Early stopping
>>>>>>>testing : long_term_forecast_pems05_h_96_192_DLinear_custom_ftM_sl96_ll48_pl192_dm512_nh8_el2_dl1_df2048_fc3_ebtimeF_dtTrue_srate1.0_sseed7_trainseed2024_Exp_0<<<<<<<<<<<<<<<<<<<<<<<<<<<<<<<<<
test 20914
test shape: (20914, 1, 192, 103) (20914, 1, 192, 103)
test shape: (20914, 192, 103) (20914, 192, 103)
mse:0.1323270946741104, mae:0.21621432900428772
>>>>>>>Overall time: 717 seconds<<<<<<<<<<<<<<<<<<<<<<<<<<<<<<<<<
