Args in experiment:
Namespace(activation='gelu', anomaly_ratio=0.25, batch_size=32, c_out=521, checkpoints='./checkpoints/', d_ff=2048, d_layers=1, d_model=512, data='custom', data_path='pems11_d.csv', dec_in=521, des='Exp', devices='0,1,2,3', distil=True, dropout=0, e_layers=2, embed='timeF', enc_in=521, factor=3, features='M', freq='h', gap_day=365, gpu=0, inverse=False, is_training=1, itr=1, label_len=48, learning_rate=0.0005, loss='MSE', lradj='type3', mask_rate=0.25, model='DLinear', model_id='pems11_d_96_96', moving_avg=25, n_heads=8, num_kernels=6, num_workers=10, output_attention=False, p_hidden_dims=[128, 128], p_hidden_layers=2, patience=5, pred_len=96, root_path='../../data/pems/', samle_rate=1.0, sample_seed=7, seasonal_patterns='Monthly', seq_len=96, target='', task_name='long_term_forecast', top_k=5, train_epochs=200, train_seed=2024, use_amp=False, use_gpu=True, use_multi_gpu=False)
Use GPU: cuda:0
>>>>>>>start training : long_term_forecast_pems11_d_96_96_DLinear_custom_ftM_sl96_ll48_pl96_dm512_nh8_el2_dl1_df2048_fc3_ebtimeF_dtTrue_srate1.0_sseed7_trainseed2024_Exp_0>>>>>>>>>>>>>>>>>>>>>>>>>>
train 5319
val 693
test 1479
	iters: 100, epoch: 1 | loss: 0.3455896
	speed: 0.0191s/iter; left time: 632.8097s
Epoch: 1 cost time: 2.9460415840148926
Epoch: 1, Steps: 166 | Train Loss: 0.4101712 Vali Loss: 0.4157188 Test Loss: 21096.4023438
Validation loss decreased (inf --> 0.415719).  Saving model ...
	iters: 100, epoch: 2 | loss: 0.3951334
	speed: 0.0660s/iter; left time: 2172.7935s
Epoch: 2 cost time: 2.844827890396118
Epoch: 2, Steps: 166 | Train Loss: 0.3662207 Vali Loss: 0.4088013 Test Loss: 21284.4550781
Validation loss decreased (0.415719 --> 0.408801).  Saving model ...
	iters: 100, epoch: 3 | loss: 0.4796446
	speed: 0.0671s/iter; left time: 2197.9682s
Epoch: 3 cost time: 2.8333230018615723
Epoch: 3, Steps: 166 | Train Loss: 0.3626487 Vali Loss: 0.4087721 Test Loss: 21053.2636719
Validation loss decreased (0.408801 --> 0.408772).  Saving model ...
	iters: 100, epoch: 4 | loss: 0.4638035
	speed: 0.0668s/iter; left time: 2177.6831s
Epoch: 4 cost time: 2.828225612640381
Epoch: 4, Steps: 166 | Train Loss: 0.3622260 Vali Loss: 0.4084636 Test Loss: 20861.1054688
Validation loss decreased (0.408772 --> 0.408464).  Saving model ...
	iters: 100, epoch: 5 | loss: 0.3728024
	speed: 0.0666s/iter; left time: 2159.2129s
Epoch: 5 cost time: 2.8236124515533447
Epoch: 5, Steps: 166 | Train Loss: 0.3616808 Vali Loss: 0.4086561 Test Loss: 20947.5019531
EarlyStopping counter: 1 out of 5
	iters: 100, epoch: 6 | loss: 0.3680659
	speed: 0.0667s/iter; left time: 2152.2131s
Epoch: 6 cost time: 2.837709903717041
Epoch: 6, Steps: 166 | Train Loss: 0.3620017 Vali Loss: 0.4089949 Test Loss: 21302.0820312
EarlyStopping counter: 2 out of 5
	iters: 100, epoch: 7 | loss: 0.4458473
	speed: 0.0665s/iter; left time: 2134.8475s
Epoch: 7 cost time: 2.8289194107055664
Epoch: 7, Steps: 166 | Train Loss: 0.3618323 Vali Loss: 0.4084133 Test Loss: 21138.0761719
Validation loss decreased (0.408464 --> 0.408413).  Saving model ...
	iters: 100, epoch: 8 | loss: 0.4168639
	speed: 0.0665s/iter; left time: 2123.5404s
Epoch: 8 cost time: 2.8533647060394287
Epoch: 8, Steps: 166 | Train Loss: 0.3618448 Vali Loss: 0.4083488 Test Loss: 21004.0000000
Validation loss decreased (0.408413 --> 0.408349).  Saving model ...
	iters: 100, epoch: 9 | loss: 0.4117790
	speed: 0.0666s/iter; left time: 2116.6242s
Epoch: 9 cost time: 2.849559783935547
Epoch: 9, Steps: 166 | Train Loss: 0.3618203 Vali Loss: 0.4081662 Test Loss: 21104.3867188
Validation loss decreased (0.408349 --> 0.408166).  Saving model ...
	iters: 100, epoch: 10 | loss: 0.2746315
	speed: 0.0671s/iter; left time: 2121.6317s
Epoch: 10 cost time: 2.8281912803649902
Epoch: 10, Steps: 166 | Train Loss: 0.3618624 Vali Loss: 0.4081298 Test Loss: 21079.0390625
Validation loss decreased (0.408166 --> 0.408130).  Saving model ...
	iters: 100, epoch: 11 | loss: 0.3358438
	speed: 0.0663s/iter; left time: 2085.9470s
Epoch: 11 cost time: 2.85481595993042
Epoch: 11, Steps: 166 | Train Loss: 0.3617694 Vali Loss: 0.4094792 Test Loss: 20847.6953125
EarlyStopping counter: 1 out of 5
	iters: 100, epoch: 12 | loss: 0.4021325
	speed: 0.0674s/iter; left time: 2108.4488s
Epoch: 12 cost time: 2.9285483360290527
Epoch: 12, Steps: 166 | Train Loss: 0.3619440 Vali Loss: 0.4093744 Test Loss: 20771.0000000
EarlyStopping counter: 2 out of 5
	iters: 100, epoch: 13 | loss: 0.3466697
	speed: 0.0674s/iter; left time: 2097.5823s
Epoch: 13 cost time: 2.833240270614624
Epoch: 13, Steps: 166 | Train Loss: 0.3618531 Vali Loss: 0.4081223 Test Loss: 21138.4453125
Validation loss decreased (0.408130 --> 0.408122).  Saving model ...
	iters: 100, epoch: 14 | loss: 0.3442224
	speed: 0.0669s/iter; left time: 2069.0865s
Epoch: 14 cost time: 2.8328781127929688
Epoch: 14, Steps: 166 | Train Loss: 0.3619282 Vali Loss: 0.4081647 Test Loss: 20944.7949219
EarlyStopping counter: 1 out of 5
	iters: 100, epoch: 15 | loss: 0.2886161
	speed: 0.0668s/iter; left time: 2055.1754s
Epoch: 15 cost time: 2.936863660812378
Epoch: 15, Steps: 166 | Train Loss: 0.3618201 Vali Loss: 0.4081282 Test Loss: 21196.9199219
EarlyStopping counter: 2 out of 5
	iters: 100, epoch: 16 | loss: 0.3446789
	speed: 0.0675s/iter; left time: 2067.3014s
Epoch: 16 cost time: 2.8300349712371826
Epoch: 16, Steps: 166 | Train Loss: 0.3619406 Vali Loss: 0.4087965 Test Loss: 21259.0136719
EarlyStopping counter: 3 out of 5
	iters: 100, epoch: 17 | loss: 0.3249547
	speed: 0.0666s/iter; left time: 2026.4980s
Epoch: 17 cost time: 2.7960636615753174
Epoch: 17, Steps: 166 | Train Loss: 0.3617398 Vali Loss: 0.4099527 Test Loss: 20898.3007812
EarlyStopping counter: 4 out of 5
	iters: 100, epoch: 18 | loss: 0.4295030
	speed: 0.0669s/iter; left time: 2024.2061s
Epoch: 18 cost time: 2.874685049057007
Epoch: 18, Steps: 166 | Train Loss: 0.3616649 Vali Loss: 0.4086556 Test Loss: 21046.1562500
EarlyStopping counter: 5 out of 5
Early stopping
>>>>>>>testing : long_term_forecast_pems11_d_96_96_DLinear_custom_ftM_sl96_ll48_pl96_dm512_nh8_el2_dl1_df2048_fc3_ebtimeF_dtTrue_srate1.0_sseed7_trainseed2024_Exp_0<<<<<<<<<<<<<<<<<<<<<<<<<<<<<<<<<
test 1479
test shape: (1479, 1, 96, 521) (1479, 1, 96, 521)
test shape: (1479, 96, 521) (1479, 96, 521)
mse:21138.251953125, mae:3.341226577758789
>>>>>>>Overall time: 142 seconds<<<<<<<<<<<<<<<<<<<<<<<<<<<<<<<<<
