Args in experiment:
Namespace(activation='gelu', anomaly_ratio=0.25, batch_size=32, c_out=521, checkpoints='./checkpoints/', d_ff=2048, d_layers=1, d_model=512, data='custom', data_path='pems11_d.csv', dec_in=521, des='Exp', devices='0,1,2,3', distil=True, dropout=0, e_layers=2, embed='timeF', enc_in=521, factor=3, features='M', freq='h', gap_day=365, gpu=0, inverse=False, is_training=1, itr=1, label_len=48, learning_rate=0.0005, loss='MSE', lradj='type3', mask_rate=0.25, model='DLinear', model_id='pems11_d_96_720', moving_avg=25, n_heads=8, num_kernels=6, num_workers=10, output_attention=False, p_hidden_dims=[128, 128], p_hidden_layers=2, patience=5, pred_len=720, root_path='../../data/pems/', samle_rate=1.0, sample_seed=7, seasonal_patterns='Monthly', seq_len=96, target='', task_name='long_term_forecast', top_k=5, train_epochs=200, train_seed=2024, use_amp=False, use_gpu=True, use_multi_gpu=False)
Use GPU: cuda:0
>>>>>>>start training : long_term_forecast_pems11_d_96_720_DLinear_custom_ftM_sl96_ll48_pl720_dm512_nh8_el2_dl1_df2048_fc3_ebtimeF_dtTrue_srate1.0_sseed7_trainseed2024_Exp_0>>>>>>>>>>>>>>>>>>>>>>>>>>
train 4695
val 69
test 855
	iters: 100, epoch: 1 | loss: 0.6922439
	speed: 0.0723s/iter; left time: 2104.4751s
Epoch: 1 cost time: 10.432575225830078
Epoch: 1, Steps: 146 | Train Loss: 0.7495531 Vali Loss: 0.5565017 Test Loss: 144364.4218750
Validation loss decreased (inf --> 0.556502).  Saving model ...
	iters: 100, epoch: 2 | loss: 0.8369552
	speed: 0.1600s/iter; left time: 4632.7996s
Epoch: 2 cost time: 10.221581220626831
Epoch: 2, Steps: 146 | Train Loss: 0.7042021 Vali Loss: 0.5515743 Test Loss: 144978.9062500
Validation loss decreased (0.556502 --> 0.551574).  Saving model ...
	iters: 100, epoch: 3 | loss: 0.6552732
	speed: 0.1607s/iter; left time: 4628.1705s
Epoch: 3 cost time: 10.17198920249939
Epoch: 3, Steps: 146 | Train Loss: 0.7003802 Vali Loss: 0.5510159 Test Loss: 145028.8593750
Validation loss decreased (0.551574 --> 0.551016).  Saving model ...
	iters: 100, epoch: 4 | loss: 0.7881525
	speed: 0.1590s/iter; left time: 4556.6541s
Epoch: 4 cost time: 10.194263696670532
Epoch: 4, Steps: 146 | Train Loss: 0.6997516 Vali Loss: 0.5497793 Test Loss: 144345.8750000
Validation loss decreased (0.551016 --> 0.549779).  Saving model ...
	iters: 100, epoch: 5 | loss: 0.7682279
	speed: 0.1589s/iter; left time: 4530.4886s
Epoch: 5 cost time: 10.257409572601318
Epoch: 5, Steps: 146 | Train Loss: 0.6991228 Vali Loss: 0.5497354 Test Loss: 145231.1093750
Validation loss decreased (0.549779 --> 0.549735).  Saving model ...
	iters: 100, epoch: 6 | loss: 0.6999400
	speed: 0.1618s/iter; left time: 4590.3619s
Epoch: 6 cost time: 10.18031358718872
Epoch: 6, Steps: 146 | Train Loss: 0.6991705 Vali Loss: 0.5497947 Test Loss: 144873.5156250
EarlyStopping counter: 1 out of 5
	iters: 100, epoch: 7 | loss: 0.7296545
	speed: 0.1590s/iter; left time: 4486.6202s
Epoch: 7 cost time: 10.184861421585083
Epoch: 7, Steps: 146 | Train Loss: 0.6985108 Vali Loss: 0.5490751 Test Loss: 144967.3593750
Validation loss decreased (0.549735 --> 0.549075).  Saving model ...
	iters: 100, epoch: 8 | loss: 0.8155056
	speed: 0.1587s/iter; left time: 4456.0569s
Epoch: 8 cost time: 10.212565660476685
Epoch: 8, Steps: 146 | Train Loss: 0.6977438 Vali Loss: 0.5507349 Test Loss: 144649.3906250
EarlyStopping counter: 1 out of 5
	iters: 100, epoch: 9 | loss: 0.7078559
	speed: 0.1594s/iter; left time: 4452.4284s
Epoch: 9 cost time: 10.243921041488647
Epoch: 9, Steps: 146 | Train Loss: 0.6981279 Vali Loss: 0.5507931 Test Loss: 145370.6718750
EarlyStopping counter: 2 out of 5
	iters: 100, epoch: 10 | loss: 0.6539709
	speed: 0.1590s/iter; left time: 4419.3207s
Epoch: 10 cost time: 10.15444540977478
Epoch: 10, Steps: 146 | Train Loss: 0.6992107 Vali Loss: 0.5499399 Test Loss: 145205.3593750
EarlyStopping counter: 3 out of 5
	iters: 100, epoch: 11 | loss: 0.6913365
	speed: 0.1587s/iter; left time: 4387.2858s
Epoch: 11 cost time: 10.20053482055664
Epoch: 11, Steps: 146 | Train Loss: 0.6981043 Vali Loss: 0.5505868 Test Loss: 145197.5156250
EarlyStopping counter: 4 out of 5
	iters: 100, epoch: 12 | loss: 0.5914971
	speed: 0.1609s/iter; left time: 4423.0790s
Epoch: 12 cost time: 10.217807531356812
Epoch: 12, Steps: 146 | Train Loss: 0.6989755 Vali Loss: 0.5502732 Test Loss: 145471.2500000
EarlyStopping counter: 5 out of 5
Early stopping
>>>>>>>testing : long_term_forecast_pems11_d_96_720_DLinear_custom_ftM_sl96_ll48_pl720_dm512_nh8_el2_dl1_df2048_fc3_ebtimeF_dtTrue_srate1.0_sseed7_trainseed2024_Exp_0<<<<<<<<<<<<<<<<<<<<<<<<<<<<<<<<<
test 855
test shape: (855, 1, 720, 521) (855, 1, 720, 521)
test shape: (855, 720, 521) (855, 720, 521)
mse:144967.40625, mae:14.106497764587402
>>>>>>>Overall time: 214 seconds<<<<<<<<<<<<<<<<<<<<<<<<<<<<<<<<<
