Args in experiment:
Namespace(activation='gelu', anomaly_ratio=0.25, batch_size=32, c_out=130, checkpoints='./checkpoints/', d_ff=2048, d_layers=1, d_model=512, data='custom', data_path='pems06_h.csv', dec_in=130, des='Exp', devices='0,1,2,3', distil=True, dropout=0, e_layers=2, embed='timeF', enc_in=130, factor=3, features='M', freq='h', gap_day=365, gpu=0, inverse=False, is_training=1, itr=1, label_len=48, learning_rate=0.0005, loss='MSE', lradj='type3', mask_rate=0.25, model='DLinear', model_id='pems06_h_96_336', moving_avg=25, n_heads=8, num_kernels=6, num_workers=10, output_attention=False, p_hidden_dims=[128, 128], p_hidden_layers=2, patience=5, pred_len=336, root_path='../../data/pems/', samle_rate=1.0, sample_seed=7, seasonal_patterns='Monthly', seq_len=96, target='', task_name='long_term_forecast', top_k=5, train_epochs=200, train_seed=2024, use_amp=False, use_gpu=True, use_multi_gpu=False)
Use GPU: cuda:0
>>>>>>>start training : long_term_forecast_pems06_h_96_336_DLinear_custom_ftM_sl96_ll48_pl336_dm512_nh8_el2_dl1_df2048_fc3_ebtimeF_dtTrue_srate1.0_sseed7_trainseed2024_Exp_0>>>>>>>>>>>>>>>>>>>>>>>>>>
train 87281
val 12197
test 24725
	iters: 100, epoch: 1 | loss: 0.2806714
	speed: 0.0142s/iter; left time: 7751.7253s
	iters: 200, epoch: 1 | loss: 0.2371621
	speed: 0.0093s/iter; left time: 5050.6989s
	iters: 300, epoch: 1 | loss: 0.2227103
	speed: 0.0093s/iter; left time: 5057.0517s
	iters: 400, epoch: 1 | loss: 0.2147228
	speed: 0.0094s/iter; left time: 5098.8113s
	iters: 500, epoch: 1 | loss: 0.1924180
	speed: 0.0094s/iter; left time: 5106.4449s
	iters: 600, epoch: 1 | loss: 0.1771249
	speed: 0.0094s/iter; left time: 5118.8826s
	iters: 700, epoch: 1 | loss: 0.2139884
	speed: 0.0094s/iter; left time: 5106.7810s
	iters: 800, epoch: 1 | loss: 0.1851724
	speed: 0.0094s/iter; left time: 5104.9073s
	iters: 900, epoch: 1 | loss: 0.1913585
	speed: 0.0094s/iter; left time: 5091.9967s
	iters: 1000, epoch: 1 | loss: 0.2128034
	speed: 0.0094s/iter; left time: 5101.1531s
	iters: 1100, epoch: 1 | loss: 0.2136432
	speed: 0.0094s/iter; left time: 5097.8387s
	iters: 1200, epoch: 1 | loss: 0.1906277
	speed: 0.0094s/iter; left time: 5094.3006s
	iters: 1300, epoch: 1 | loss: 0.1824205
	speed: 0.0094s/iter; left time: 5098.8103s
	iters: 1400, epoch: 1 | loss: 0.1925774
	speed: 0.0094s/iter; left time: 5125.7418s
	iters: 1500, epoch: 1 | loss: 0.1579453
	speed: 0.0094s/iter; left time: 5104.1630s
	iters: 1600, epoch: 1 | loss: 0.1790885
	speed: 0.0094s/iter; left time: 5103.7250s
	iters: 1700, epoch: 1 | loss: 0.1399125
	speed: 0.0094s/iter; left time: 5102.9770s
	iters: 1800, epoch: 1 | loss: 0.1665853
	speed: 0.0094s/iter; left time: 5105.1995s
	iters: 1900, epoch: 1 | loss: 0.1948144
	speed: 0.0094s/iter; left time: 5107.1189s
	iters: 2000, epoch: 1 | loss: 0.1877060
	speed: 0.0094s/iter; left time: 5109.4531s
	iters: 2100, epoch: 1 | loss: 0.1559013
	speed: 0.0094s/iter; left time: 5102.9520s
	iters: 2200, epoch: 1 | loss: 0.1410404
	speed: 0.0094s/iter; left time: 5127.0560s
	iters: 2300, epoch: 1 | loss: 0.2019535
	speed: 0.0094s/iter; left time: 5099.4834s
	iters: 2400, epoch: 1 | loss: 0.1670544
	speed: 0.0094s/iter; left time: 5086.9913s
	iters: 2500, epoch: 1 | loss: 0.1964132
	speed: 0.0094s/iter; left time: 5089.3474s
	iters: 2600, epoch: 1 | loss: 0.2238612
	speed: 0.0094s/iter; left time: 5104.5440s
	iters: 2700, epoch: 1 | loss: 0.1739639
	speed: 0.0094s/iter; left time: 5103.0860s
Epoch: 1 cost time: 26.12622570991516
Epoch: 1, Steps: 2727 | Train Loss: 0.1930986 Vali Loss: 0.1201857 Test Loss: 0.1722175
Validation loss decreased (inf --> 0.120186).  Saving model ...
	iters: 100, epoch: 2 | loss: 0.1969877
	speed: 0.4802s/iter; left time: 260517.6777s
	iters: 200, epoch: 2 | loss: 0.1635211
	speed: 0.0091s/iter; left time: 4954.9779s
	iters: 300, epoch: 2 | loss: 0.2002586
	speed: 0.0092s/iter; left time: 4968.6198s
	iters: 400, epoch: 2 | loss: 0.1601302
	speed: 0.0092s/iter; left time: 4964.8465s
	iters: 500, epoch: 2 | loss: 0.1741331
	speed: 0.0092s/iter; left time: 4972.6188s
	iters: 600, epoch: 2 | loss: 0.1903496
	speed: 0.0093s/iter; left time: 5032.7936s
	iters: 700, epoch: 2 | loss: 0.1547937
	speed: 0.0092s/iter; left time: 4991.2110s
	iters: 800, epoch: 2 | loss: 0.1703157
	speed: 0.0093s/iter; left time: 5013.5267s
	iters: 900, epoch: 2 | loss: 0.1681130
	speed: 0.0093s/iter; left time: 5019.6270s
	iters: 1000, epoch: 2 | loss: 0.1559048
	speed: 0.0093s/iter; left time: 5024.9459s
	iters: 1100, epoch: 2 | loss: 0.1563330
	speed: 0.0093s/iter; left time: 5019.9251s
	iters: 1200, epoch: 2 | loss: 0.1898704
	speed: 0.0093s/iter; left time: 5014.5547s
	iters: 1300, epoch: 2 | loss: 0.1460895
	speed: 0.0093s/iter; left time: 5017.2633s
	iters: 1400, epoch: 2 | loss: 0.1873874
	speed: 0.0093s/iter; left time: 5018.8285s
	iters: 1500, epoch: 2 | loss: 0.1747371
	speed: 0.0093s/iter; left time: 5020.2263s
	iters: 1600, epoch: 2 | loss: 0.1584582
	speed: 0.0093s/iter; left time: 5013.3761s
	iters: 1700, epoch: 2 | loss: 0.2232268
	speed: 0.0093s/iter; left time: 5019.3499s
	iters: 1800, epoch: 2 | loss: 0.1595160
	speed: 0.0093s/iter; left time: 5021.5608s
	iters: 1900, epoch: 2 | loss: 0.2896008
	speed: 0.0093s/iter; left time: 5012.4969s
	iters: 2000, epoch: 2 | loss: 0.1827638
	speed: 0.0093s/iter; left time: 5030.4329s
	iters: 2100, epoch: 2 | loss: 0.1928132
	speed: 0.0093s/iter; left time: 5014.4464s
	iters: 2200, epoch: 2 | loss: 0.2264913
	speed: 0.0093s/iter; left time: 5018.4116s
	iters: 2300, epoch: 2 | loss: 0.1804523
	speed: 0.0093s/iter; left time: 5007.2265s
	iters: 2400, epoch: 2 | loss: 0.2197065
	speed: 0.0093s/iter; left time: 5012.6400s
	iters: 2500, epoch: 2 | loss: 0.1599275
	speed: 0.0093s/iter; left time: 5005.5587s
	iters: 2600, epoch: 2 | loss: 0.1867198
	speed: 0.0093s/iter; left time: 5010.8101s
	iters: 2700, epoch: 2 | loss: 0.1932969
	speed: 0.0093s/iter; left time: 5008.2473s
Epoch: 2 cost time: 25.60378861427307
Epoch: 2, Steps: 2727 | Train Loss: 0.1787880 Vali Loss: 0.1192234 Test Loss: 0.1709246
Validation loss decreased (0.120186 --> 0.119223).  Saving model ...
	iters: 100, epoch: 3 | loss: 0.1558712
	speed: 0.4795s/iter; left time: 258881.2808s
	iters: 200, epoch: 3 | loss: 0.1685022
	speed: 0.0092s/iter; left time: 4955.5156s
	iters: 300, epoch: 3 | loss: 0.1359456
	speed: 0.0092s/iter; left time: 4941.5319s
	iters: 400, epoch: 3 | loss: 0.2274266
	speed: 0.0092s/iter; left time: 4940.1981s
	iters: 500, epoch: 3 | loss: 0.1875298
	speed: 0.0092s/iter; left time: 4982.3721s
	iters: 600, epoch: 3 | loss: 0.1452364
	speed: 0.0092s/iter; left time: 4976.0323s
	iters: 700, epoch: 3 | loss: 0.2082890
	speed: 0.0092s/iter; left time: 4982.7723s
	iters: 800, epoch: 3 | loss: 0.1711434
	speed: 0.0092s/iter; left time: 4982.8457s
	iters: 900, epoch: 3 | loss: 0.1678210
	speed: 0.0092s/iter; left time: 4953.7026s
	iters: 1000, epoch: 3 | loss: 0.1842466
	speed: 0.0092s/iter; left time: 4938.2740s
	iters: 1100, epoch: 3 | loss: 0.1930953
	speed: 0.0092s/iter; left time: 4938.1812s
	iters: 1200, epoch: 3 | loss: 0.2064747
	speed: 0.0091s/iter; left time: 4918.5821s
	iters: 1300, epoch: 3 | loss: 0.2137449
	speed: 0.0091s/iter; left time: 4921.4718s
	iters: 1400, epoch: 3 | loss: 0.1613397
	speed: 0.0091s/iter; left time: 4925.8944s
	iters: 1500, epoch: 3 | loss: 0.1493984
	speed: 0.0092s/iter; left time: 4940.5517s
	iters: 1600, epoch: 3 | loss: 0.1780711
	speed: 0.0091s/iter; left time: 4921.7599s
	iters: 1700, epoch: 3 | loss: 0.2099709
	speed: 0.0092s/iter; left time: 4926.9130s
	iters: 1800, epoch: 3 | loss: 0.1779974
	speed: 0.0092s/iter; left time: 4945.5050s
	iters: 1900, epoch: 3 | loss: 0.2257780
	speed: 0.0092s/iter; left time: 4945.6366s
	iters: 2000, epoch: 3 | loss: 0.1712650
	speed: 0.0092s/iter; left time: 4933.4950s
	iters: 2100, epoch: 3 | loss: 0.1966633
	speed: 0.0092s/iter; left time: 4948.7352s
	iters: 2200, epoch: 3 | loss: 0.2316245
	speed: 0.0092s/iter; left time: 4924.6183s
	iters: 2300, epoch: 3 | loss: 0.1801498
	speed: 0.0092s/iter; left time: 4931.2231s
	iters: 2400, epoch: 3 | loss: 0.1668653
	speed: 0.0092s/iter; left time: 4949.1136s
	iters: 2500, epoch: 3 | loss: 0.1851540
	speed: 0.0092s/iter; left time: 4922.5680s
	iters: 2600, epoch: 3 | loss: 0.1654314
	speed: 0.0092s/iter; left time: 4937.7086s
	iters: 2700, epoch: 3 | loss: 0.1350666
	speed: 0.0092s/iter; left time: 4939.3604s
Epoch: 3 cost time: 25.41280198097229
Epoch: 3, Steps: 2727 | Train Loss: 0.1782470 Vali Loss: 0.1196953 Test Loss: 0.1712970
EarlyStopping counter: 1 out of 5
	iters: 100, epoch: 4 | loss: 0.1780186
	speed: 0.4745s/iter; left time: 254844.0585s
	iters: 200, epoch: 4 | loss: 0.2343118
	speed: 0.0095s/iter; left time: 5114.7909s
	iters: 300, epoch: 4 | loss: 0.1747440
	speed: 0.0095s/iter; left time: 5103.4387s
	iters: 400, epoch: 4 | loss: 0.1645121
	speed: 0.0096s/iter; left time: 5161.9092s
	iters: 500, epoch: 4 | loss: 0.1724845
	speed: 0.0098s/iter; left time: 5262.7839s
	iters: 600, epoch: 4 | loss: 0.1671473
	speed: 0.0098s/iter; left time: 5274.9774s
	iters: 700, epoch: 4 | loss: 0.1795257
	speed: 0.0098s/iter; left time: 5267.9682s
	iters: 800, epoch: 4 | loss: 0.1811799
	speed: 0.0098s/iter; left time: 5269.1004s
	iters: 900, epoch: 4 | loss: 0.1395880
	speed: 0.0098s/iter; left time: 5277.4986s
	iters: 1000, epoch: 4 | loss: 0.2140720
	speed: 0.0098s/iter; left time: 5281.5619s
	iters: 1100, epoch: 4 | loss: 0.1701552
	speed: 0.0098s/iter; left time: 5279.8905s
	iters: 1200, epoch: 4 | loss: 0.2625417
	speed: 0.0099s/iter; left time: 5283.9294s
	iters: 1300, epoch: 4 | loss: 0.2393466
	speed: 0.0098s/iter; left time: 5274.3074s
	iters: 1400, epoch: 4 | loss: 0.1865343
	speed: 0.0098s/iter; left time: 5273.4983s
	iters: 1500, epoch: 4 | loss: 0.1644760
	speed: 0.0098s/iter; left time: 5275.2615s
	iters: 1600, epoch: 4 | loss: 0.1715554
	speed: 0.0099s/iter; left time: 5276.9279s
	iters: 1700, epoch: 4 | loss: 0.1735753
	speed: 0.0098s/iter; left time: 5272.4634s
	iters: 1800, epoch: 4 | loss: 0.1469235
	speed: 0.0098s/iter; left time: 5271.9921s
	iters: 1900, epoch: 4 | loss: 0.1838309
	speed: 0.0099s/iter; left time: 5275.1299s
	iters: 2000, epoch: 4 | loss: 0.1986151
	speed: 0.0099s/iter; left time: 5276.5843s
	iters: 2100, epoch: 4 | loss: 0.1363041
	speed: 0.0098s/iter; left time: 5268.3658s
	iters: 2200, epoch: 4 | loss: 0.2083038
	speed: 0.0099s/iter; left time: 5270.8700s
	iters: 2300, epoch: 4 | loss: 0.1845539
	speed: 0.0099s/iter; left time: 5275.3395s
	iters: 2400, epoch: 4 | loss: 0.1894017
	speed: 0.0099s/iter; left time: 5269.0055s
	iters: 2500, epoch: 4 | loss: 0.1725021
	speed: 0.0098s/iter; left time: 5264.1982s
	iters: 2600, epoch: 4 | loss: 0.1411743
	speed: 0.0099s/iter; left time: 5266.9497s
	iters: 2700, epoch: 4 | loss: 0.1490676
	speed: 0.0098s/iter; left time: 5260.9994s
Epoch: 4 cost time: 27.050983428955078
Epoch: 4, Steps: 2727 | Train Loss: 0.1781383 Vali Loss: 0.1195469 Test Loss: 0.1713341
EarlyStopping counter: 2 out of 5
	iters: 100, epoch: 5 | loss: 0.1468116
	speed: 0.4758s/iter; left time: 254244.3068s
	iters: 200, epoch: 5 | loss: 0.1934894
	speed: 0.0097s/iter; left time: 5204.2736s
	iters: 300, epoch: 5 | loss: 0.1834665
	speed: 0.0098s/iter; left time: 5229.1730s
	iters: 400, epoch: 5 | loss: 0.1507613
	speed: 0.0098s/iter; left time: 5242.2471s
	iters: 500, epoch: 5 | loss: 0.1754701
	speed: 0.0098s/iter; left time: 5256.0467s
	iters: 600, epoch: 5 | loss: 0.1369941
	speed: 0.0098s/iter; left time: 5254.4183s
	iters: 700, epoch: 5 | loss: 0.2358874
	speed: 0.0099s/iter; left time: 5265.0472s
	iters: 800, epoch: 5 | loss: 0.2346072
	speed: 0.0099s/iter; left time: 5263.3241s
	iters: 900, epoch: 5 | loss: 0.1719304
	speed: 0.0099s/iter; left time: 5267.8974s
	iters: 1000, epoch: 5 | loss: 0.2001781
	speed: 0.0099s/iter; left time: 5264.7974s
	iters: 1100, epoch: 5 | loss: 0.1533882
	speed: 0.0099s/iter; left time: 5257.6491s
	iters: 1200, epoch: 5 | loss: 0.1868453
	speed: 0.0098s/iter; left time: 5242.8527s
	iters: 1300, epoch: 5 | loss: 0.1875754
	speed: 0.0098s/iter; left time: 5238.5187s
	iters: 1400, epoch: 5 | loss: 0.1894473
	speed: 0.0098s/iter; left time: 5239.4554s
	iters: 1500, epoch: 5 | loss: 0.1735345
	speed: 0.0098s/iter; left time: 5237.6453s
	iters: 1600, epoch: 5 | loss: 0.1983953
	speed: 0.0099s/iter; left time: 5259.5103s
	iters: 1700, epoch: 5 | loss: 0.1626826
	speed: 0.0098s/iter; left time: 5238.5075s
	iters: 1800, epoch: 5 | loss: 0.1785780
	speed: 0.0098s/iter; left time: 5237.5701s
	iters: 1900, epoch: 5 | loss: 0.2047306
	speed: 0.0098s/iter; left time: 5239.8743s
	iters: 2000, epoch: 5 | loss: 0.1669599
	speed: 0.0098s/iter; left time: 5231.7797s
	iters: 2100, epoch: 5 | loss: 0.1560383
	speed: 0.0098s/iter; left time: 5226.0372s
	iters: 2200, epoch: 5 | loss: 0.1663883
	speed: 0.0098s/iter; left time: 5235.4799s
	iters: 2300, epoch: 5 | loss: 0.2251174
	speed: 0.0098s/iter; left time: 5234.1715s
	iters: 2400, epoch: 5 | loss: 0.1791994
	speed: 0.0098s/iter; left time: 5229.9555s
	iters: 2500, epoch: 5 | loss: 0.1771798
	speed: 0.0098s/iter; left time: 5231.5741s
	iters: 2600, epoch: 5 | loss: 0.1879545
	speed: 0.0098s/iter; left time: 5223.1772s
	iters: 2700, epoch: 5 | loss: 0.1661779
	speed: 0.0098s/iter; left time: 5234.9870s
Epoch: 5 cost time: 27.189412117004395
Epoch: 5, Steps: 2727 | Train Loss: 0.1781383 Vali Loss: 0.1195110 Test Loss: 0.1711189
EarlyStopping counter: 3 out of 5
	iters: 100, epoch: 6 | loss: 0.1562341
	speed: 0.4810s/iter; left time: 255740.7865s
	iters: 200, epoch: 6 | loss: 0.1950849
	speed: 0.0097s/iter; left time: 5164.8552s
	iters: 300, epoch: 6 | loss: 0.2039234
	speed: 0.0098s/iter; left time: 5182.8916s
	iters: 400, epoch: 6 | loss: 0.1808572
	speed: 0.0098s/iter; left time: 5229.4267s
	iters: 500, epoch: 6 | loss: 0.1555291
	speed: 0.0098s/iter; left time: 5201.6076s
	iters: 600, epoch: 6 | loss: 0.1774593
	speed: 0.0098s/iter; left time: 5211.0067s
	iters: 700, epoch: 6 | loss: 0.1413242
	speed: 0.0098s/iter; left time: 5213.1315s
	iters: 800, epoch: 6 | loss: 0.1796544
	speed: 0.0098s/iter; left time: 5209.3901s
	iters: 900, epoch: 6 | loss: 0.1712129
	speed: 0.0098s/iter; left time: 5219.2294s
	iters: 1000, epoch: 6 | loss: 0.1507409
	speed: 0.0098s/iter; left time: 5217.2414s
	iters: 1100, epoch: 6 | loss: 0.1590866
	speed: 0.0098s/iter; left time: 5217.5945s
	iters: 1200, epoch: 6 | loss: 0.2141313
	speed: 0.0098s/iter; left time: 5218.5277s
	iters: 1300, epoch: 6 | loss: 0.1441889
	speed: 0.0099s/iter; left time: 5226.5073s
	iters: 1400, epoch: 6 | loss: 0.1692011
	speed: 0.0098s/iter; left time: 5221.6236s
	iters: 1500, epoch: 6 | loss: 0.1647004
	speed: 0.0099s/iter; left time: 5224.0260s
	iters: 1600, epoch: 6 | loss: 0.1357924
	speed: 0.0098s/iter; left time: 5221.2232s
	iters: 1700, epoch: 6 | loss: 0.1378032
	speed: 0.0099s/iter; left time: 5226.1996s
	iters: 1800, epoch: 6 | loss: 0.2038920
	speed: 0.0099s/iter; left time: 5221.4521s
	iters: 1900, epoch: 6 | loss: 0.1815713
	speed: 0.0099s/iter; left time: 5225.2560s
	iters: 2000, epoch: 6 | loss: 0.1304336
	speed: 0.0099s/iter; left time: 5220.6676s
	iters: 2100, epoch: 6 | loss: 0.1882310
	speed: 0.0099s/iter; left time: 5220.5838s
	iters: 2200, epoch: 6 | loss: 0.1360729
	speed: 0.0099s/iter; left time: 5218.1121s
	iters: 2300, epoch: 6 | loss: 0.1446533
	speed: 0.0098s/iter; left time: 5212.5836s
	iters: 2400, epoch: 6 | loss: 0.2567057
	speed: 0.0099s/iter; left time: 5217.4186s
	iters: 2500, epoch: 6 | loss: 0.1763594
	speed: 0.0099s/iter; left time: 5216.1125s
	iters: 2600, epoch: 6 | loss: 0.1672566
	speed: 0.0099s/iter; left time: 5215.6115s
	iters: 2700, epoch: 6 | loss: 0.1945546
	speed: 0.0099s/iter; left time: 5219.9905s
Epoch: 6 cost time: 27.145500421524048
Epoch: 6, Steps: 2727 | Train Loss: 0.1780461 Vali Loss: 0.1192852 Test Loss: 0.1709719
EarlyStopping counter: 4 out of 5
	iters: 100, epoch: 7 | loss: 0.1676138
	speed: 0.4739s/iter; left time: 250661.8306s
	iters: 200, epoch: 7 | loss: 0.1509347
	speed: 0.0092s/iter; left time: 4864.8691s
	iters: 300, epoch: 7 | loss: 0.1623885
	speed: 0.0092s/iter; left time: 4887.2188s
	iters: 400, epoch: 7 | loss: 0.1655949
	speed: 0.0093s/iter; left time: 4906.2286s
	iters: 500, epoch: 7 | loss: 0.1685918
	speed: 0.0093s/iter; left time: 4897.5784s
	iters: 600, epoch: 7 | loss: 0.2199233
	speed: 0.0093s/iter; left time: 4904.2540s
	iters: 700, epoch: 7 | loss: 0.1787187
	speed: 0.0093s/iter; left time: 4916.5460s
	iters: 800, epoch: 7 | loss: 0.2846669
	speed: 0.0093s/iter; left time: 4920.2677s
	iters: 900, epoch: 7 | loss: 0.1445971
	speed: 0.0093s/iter; left time: 4917.3946s
	iters: 1000, epoch: 7 | loss: 0.2143687
	speed: 0.0093s/iter; left time: 4927.0399s
	iters: 1100, epoch: 7 | loss: 0.2144222
	speed: 0.0093s/iter; left time: 4925.1074s
	iters: 1200, epoch: 7 | loss: 0.2201825
	speed: 0.0093s/iter; left time: 4922.4857s
	iters: 1300, epoch: 7 | loss: 0.1373360
	speed: 0.0093s/iter; left time: 4929.1000s
	iters: 1400, epoch: 7 | loss: 0.2114272
	speed: 0.0093s/iter; left time: 4927.6879s
	iters: 1500, epoch: 7 | loss: 0.1527859
	speed: 0.0093s/iter; left time: 4928.2268s
	iters: 1600, epoch: 7 | loss: 0.2223772
	speed: 0.0093s/iter; left time: 4930.6150s
	iters: 1700, epoch: 7 | loss: 0.2090269
	speed: 0.0094s/iter; left time: 4942.4528s
	iters: 1800, epoch: 7 | loss: 0.2730449
	speed: 0.0093s/iter; left time: 4909.7302s
	iters: 1900, epoch: 7 | loss: 0.2053225
	speed: 0.0093s/iter; left time: 4918.2614s
	iters: 2000, epoch: 7 | loss: 0.1648006
	speed: 0.0093s/iter; left time: 4900.6475s
	iters: 2100, epoch: 7 | loss: 0.1769577
	speed: 0.0093s/iter; left time: 4911.9806s
	iters: 2200, epoch: 7 | loss: 0.1782203
	speed: 0.0093s/iter; left time: 4910.1453s
	iters: 2300, epoch: 7 | loss: 0.1879531
	speed: 0.0093s/iter; left time: 4916.6052s
	iters: 2400, epoch: 7 | loss: 0.1765088
	speed: 0.0093s/iter; left time: 4919.8116s
	iters: 2500, epoch: 7 | loss: 0.1695864
	speed: 0.0094s/iter; left time: 4931.9282s
	iters: 2600, epoch: 7 | loss: 0.1363036
	speed: 0.0094s/iter; left time: 4927.9955s
	iters: 2700, epoch: 7 | loss: 0.1772368
	speed: 0.0094s/iter; left time: 4929.3006s
Epoch: 7 cost time: 25.75025510787964
Epoch: 7, Steps: 2727 | Train Loss: 0.1780671 Vali Loss: 0.1192095 Test Loss: 0.1708647
Validation loss decreased (0.119223 --> 0.119210).  Saving model ...
	iters: 100, epoch: 8 | loss: 0.1808217
	speed: 0.4760s/iter; left time: 250452.8259s
	iters: 200, epoch: 8 | loss: 0.1864799
	speed: 0.0092s/iter; left time: 4822.1494s
	iters: 300, epoch: 8 | loss: 0.1737041
	speed: 0.0092s/iter; left time: 4834.7734s
	iters: 400, epoch: 8 | loss: 0.1797921
	speed: 0.0092s/iter; left time: 4839.7086s
	iters: 500, epoch: 8 | loss: 0.1678174
	speed: 0.0092s/iter; left time: 4853.8019s
	iters: 600, epoch: 8 | loss: 0.1372214
	speed: 0.0092s/iter; left time: 4859.3601s
	iters: 700, epoch: 8 | loss: 0.1485548
	speed: 0.0093s/iter; left time: 4862.1012s
	iters: 800, epoch: 8 | loss: 0.1848868
	speed: 0.0093s/iter; left time: 4865.4324s
	iters: 900, epoch: 8 | loss: 0.1819442
	speed: 0.0093s/iter; left time: 4875.1706s
	iters: 1000, epoch: 8 | loss: 0.1847724
	speed: 0.0093s/iter; left time: 4869.4959s
	iters: 1100, epoch: 8 | loss: 0.1686828
	speed: 0.0093s/iter; left time: 4866.8585s
	iters: 1200, epoch: 8 | loss: 0.2005392
	speed: 0.0093s/iter; left time: 4875.6608s
	iters: 1300, epoch: 8 | loss: 0.2263846
	speed: 0.0093s/iter; left time: 4876.4772s
	iters: 1400, epoch: 8 | loss: 0.1750325
	speed: 0.0093s/iter; left time: 4876.3606s
	iters: 1500, epoch: 8 | loss: 0.1887907
	speed: 0.0093s/iter; left time: 4871.0498s
	iters: 1600, epoch: 8 | loss: 0.1697104
	speed: 0.0093s/iter; left time: 4862.5730s
	iters: 1700, epoch: 8 | loss: 0.1631023
	speed: 0.0093s/iter; left time: 4871.0671s
	iters: 1800, epoch: 8 | loss: 0.2095305
	speed: 0.0093s/iter; left time: 4869.5133s
	iters: 1900, epoch: 8 | loss: 0.2465115
	speed: 0.0093s/iter; left time: 4867.2871s
	iters: 2000, epoch: 8 | loss: 0.1573150
	speed: 0.0093s/iter; left time: 4863.7826s
	iters: 2100, epoch: 8 | loss: 0.1474353
	speed: 0.0093s/iter; left time: 4869.5703s
	iters: 2200, epoch: 8 | loss: 0.1829532
	speed: 0.0093s/iter; left time: 4869.0624s
	iters: 2300, epoch: 8 | loss: 0.1723251
	speed: 0.0093s/iter; left time: 4891.5573s
	iters: 2400, epoch: 8 | loss: 0.2308530
	speed: 0.0093s/iter; left time: 4862.4503s
	iters: 2500, epoch: 8 | loss: 0.1739863
	speed: 0.0093s/iter; left time: 4870.0832s
	iters: 2600, epoch: 8 | loss: 0.1617164
	speed: 0.0093s/iter; left time: 4868.1708s
	iters: 2700, epoch: 8 | loss: 0.1809892
	speed: 0.0093s/iter; left time: 4865.5634s
Epoch: 8 cost time: 25.639747381210327
Epoch: 8, Steps: 2727 | Train Loss: 0.1780949 Vali Loss: 0.1192874 Test Loss: 0.1708927
EarlyStopping counter: 1 out of 5
	iters: 100, epoch: 9 | loss: 0.1613796
	speed: 0.4812s/iter; left time: 251902.0885s
	iters: 200, epoch: 9 | loss: 0.2442619
	speed: 0.0096s/iter; left time: 5041.9374s
	iters: 300, epoch: 9 | loss: 0.1645536
	speed: 0.0096s/iter; left time: 5035.1627s
	iters: 400, epoch: 9 | loss: 0.2359307
	speed: 0.0097s/iter; left time: 5049.3722s
	iters: 500, epoch: 9 | loss: 0.1695530
	speed: 0.0097s/iter; left time: 5071.7833s
	iters: 600, epoch: 9 | loss: 0.1523104
	speed: 0.0098s/iter; left time: 5101.2392s
	iters: 700, epoch: 9 | loss: 0.1589522
	speed: 0.0097s/iter; left time: 5075.5812s
	iters: 800, epoch: 9 | loss: 0.1725603
	speed: 0.0097s/iter; left time: 5064.9795s
	iters: 900, epoch: 9 | loss: 0.1916892
	speed: 0.0097s/iter; left time: 5091.5774s
	iters: 1000, epoch: 9 | loss: 0.2015615
	speed: 0.0098s/iter; left time: 5096.1963s
	iters: 1100, epoch: 9 | loss: 0.1676537
	speed: 0.0098s/iter; left time: 5097.8221s
	iters: 1200, epoch: 9 | loss: 0.1998372
	speed: 0.0097s/iter; left time: 5090.6926s
	iters: 1300, epoch: 9 | loss: 0.1804529
	speed: 0.0098s/iter; left time: 5093.1997s
	iters: 1400, epoch: 9 | loss: 0.1448477
	speed: 0.0098s/iter; left time: 5099.0097s
	iters: 1500, epoch: 9 | loss: 0.2113313
	speed: 0.0098s/iter; left time: 5098.4340s
	iters: 1600, epoch: 9 | loss: 0.1274552
	speed: 0.0097s/iter; left time: 5072.1964s
	iters: 1700, epoch: 9 | loss: 0.1631742
	speed: 0.0098s/iter; left time: 5098.2851s
	iters: 1800, epoch: 9 | loss: 0.1910379
	speed: 0.0098s/iter; left time: 5102.7347s
	iters: 1900, epoch: 9 | loss: 0.1795712
	speed: 0.0098s/iter; left time: 5088.8449s
	iters: 2000, epoch: 9 | loss: 0.1976999
	speed: 0.0098s/iter; left time: 5091.6486s
	iters: 2100, epoch: 9 | loss: 0.1922800
	speed: 0.0095s/iter; left time: 4930.0197s
	iters: 2200, epoch: 9 | loss: 0.1825363
	speed: 0.0094s/iter; left time: 4888.8433s
	iters: 2300, epoch: 9 | loss: 0.1893163
	speed: 0.0094s/iter; left time: 4889.3014s
	iters: 2400, epoch: 9 | loss: 0.1496054
	speed: 0.0094s/iter; left time: 4892.3261s
	iters: 2500, epoch: 9 | loss: 0.1900391
	speed: 0.0094s/iter; left time: 4891.7937s
	iters: 2600, epoch: 9 | loss: 0.1560186
	speed: 0.0094s/iter; left time: 4891.4387s
	iters: 2700, epoch: 9 | loss: 0.2095941
	speed: 0.0094s/iter; left time: 4899.0552s
Epoch: 9 cost time: 26.61665654182434
Epoch: 9, Steps: 2727 | Train Loss: 0.1780606 Vali Loss: 0.1194453 Test Loss: 0.1710934
EarlyStopping counter: 2 out of 5
	iters: 100, epoch: 10 | loss: 0.1504877
	speed: 0.4737s/iter; left time: 246691.9773s
	iters: 200, epoch: 10 | loss: 0.2053361
	speed: 0.0094s/iter; left time: 4890.8711s
	iters: 300, epoch: 10 | loss: 0.1541162
	speed: 0.0094s/iter; left time: 4912.4628s
	iters: 400, epoch: 10 | loss: 0.1539845
	speed: 0.0095s/iter; left time: 4930.8171s
	iters: 500, epoch: 10 | loss: 0.1709412
	speed: 0.0095s/iter; left time: 4936.5368s
	iters: 600, epoch: 10 | loss: 0.1380565
	speed: 0.0095s/iter; left time: 4941.9365s
	iters: 700, epoch: 10 | loss: 0.1465521
	speed: 0.0095s/iter; left time: 4934.5179s
	iters: 800, epoch: 10 | loss: 0.1959472
	speed: 0.0095s/iter; left time: 4940.9976s
	iters: 900, epoch: 10 | loss: 0.1645739
	speed: 0.0095s/iter; left time: 4940.8732s
	iters: 1000, epoch: 10 | loss: 0.1724973
	speed: 0.0095s/iter; left time: 4937.6783s
	iters: 1100, epoch: 10 | loss: 0.1366497
	speed: 0.0095s/iter; left time: 4949.2295s
	iters: 1200, epoch: 10 | loss: 0.1941610
	speed: 0.0095s/iter; left time: 4947.3617s
	iters: 1300, epoch: 10 | loss: 0.2283217
	speed: 0.0095s/iter; left time: 4946.3676s
	iters: 1400, epoch: 10 | loss: 0.1758217
	speed: 0.0095s/iter; left time: 4948.4808s
	iters: 1500, epoch: 10 | loss: 0.2098240
	speed: 0.0095s/iter; left time: 4946.6317s
	iters: 1600, epoch: 10 | loss: 0.1802484
	speed: 0.0095s/iter; left time: 4954.8392s
	iters: 1700, epoch: 10 | loss: 0.1618416
	speed: 0.0094s/iter; left time: 4865.4749s
	iters: 1800, epoch: 10 | loss: 0.1504906
	speed: 0.0094s/iter; left time: 4867.8629s
	iters: 1900, epoch: 10 | loss: 0.1807269
	speed: 0.0094s/iter; left time: 4870.6246s
	iters: 2000, epoch: 10 | loss: 0.1849997
	speed: 0.0094s/iter; left time: 4867.3629s
	iters: 2100, epoch: 10 | loss: 0.1967223
	speed: 0.0094s/iter; left time: 4863.8559s
	iters: 2200, epoch: 10 | loss: 0.1795031
	speed: 0.0093s/iter; left time: 4845.2884s
	iters: 2300, epoch: 10 | loss: 0.2384305
	speed: 0.0094s/iter; left time: 4876.7748s
	iters: 2400, epoch: 10 | loss: 0.1833159
	speed: 0.0093s/iter; left time: 4842.9306s
	iters: 2500, epoch: 10 | loss: 0.1737081
	speed: 0.0093s/iter; left time: 4839.3295s
	iters: 2600, epoch: 10 | loss: 0.1718739
	speed: 0.0093s/iter; left time: 4839.6945s
	iters: 2700, epoch: 10 | loss: 0.1763157
	speed: 0.0093s/iter; left time: 4843.2735s
Epoch: 10 cost time: 26.11928367614746
Epoch: 10, Steps: 2727 | Train Loss: 0.1780338 Vali Loss: 0.1193105 Test Loss: 0.1710305
EarlyStopping counter: 3 out of 5
	iters: 100, epoch: 11 | loss: 0.1877493
	speed: 0.5297s/iter; left time: 274425.4742s
	iters: 200, epoch: 11 | loss: 0.1388782
	speed: 0.0092s/iter; left time: 4745.6773s
	iters: 300, epoch: 11 | loss: 0.1861098
	speed: 0.0092s/iter; left time: 4757.3688s
	iters: 400, epoch: 11 | loss: 0.1508406
	speed: 0.0092s/iter; left time: 4776.0062s
	iters: 500, epoch: 11 | loss: 0.2193065
	speed: 0.0092s/iter; left time: 4781.5802s
	iters: 600, epoch: 11 | loss: 0.1481201
	speed: 0.0092s/iter; left time: 4783.8078s
	iters: 700, epoch: 11 | loss: 0.1626523
	speed: 0.0092s/iter; left time: 4781.0453s
	iters: 800, epoch: 11 | loss: 0.1583749
	speed: 0.0093s/iter; left time: 4785.6334s
	iters: 900, epoch: 11 | loss: 0.1782253
	speed: 0.0093s/iter; left time: 4790.9569s
	iters: 1000, epoch: 11 | loss: 0.1616029
	speed: 0.0093s/iter; left time: 4785.7067s
	iters: 1100, epoch: 11 | loss: 0.1681345
	speed: 0.0093s/iter; left time: 4790.2409s
	iters: 1200, epoch: 11 | loss: 0.1791714
	speed: 0.0093s/iter; left time: 4796.1853s
	iters: 1300, epoch: 11 | loss: 0.2459401
	speed: 0.0093s/iter; left time: 4792.4246s
	iters: 1400, epoch: 11 | loss: 0.1860095
	speed: 0.0093s/iter; left time: 4790.1828s
	iters: 1500, epoch: 11 | loss: 0.2342208
	speed: 0.0093s/iter; left time: 4797.6391s
	iters: 1600, epoch: 11 | loss: 0.2415501
	speed: 0.0093s/iter; left time: 4793.8669s
	iters: 1700, epoch: 11 | loss: 0.1617288
	speed: 0.0093s/iter; left time: 4790.1955s
	iters: 1800, epoch: 11 | loss: 0.1953957
	speed: 0.0093s/iter; left time: 4795.0009s
	iters: 1900, epoch: 11 | loss: 0.1790788
	speed: 0.0093s/iter; left time: 4787.1847s
	iters: 2000, epoch: 11 | loss: 0.2032801
	speed: 0.0093s/iter; left time: 4787.1077s
	iters: 2100, epoch: 11 | loss: 0.1962956
	speed: 0.0093s/iter; left time: 4787.2826s
	iters: 2200, epoch: 11 | loss: 0.2244415
	speed: 0.0093s/iter; left time: 4802.1256s
	iters: 2300, epoch: 11 | loss: 0.1553214
	speed: 0.0093s/iter; left time: 4801.2047s
	iters: 2400, epoch: 11 | loss: 0.1790919
	speed: 0.0093s/iter; left time: 4785.4806s
	iters: 2500, epoch: 11 | loss: 0.2298029
	speed: 0.0093s/iter; left time: 4784.7175s
	iters: 2600, epoch: 11 | loss: 0.2059840
	speed: 0.0093s/iter; left time: 4786.1015s
	iters: 2700, epoch: 11 | loss: 0.1563342
	speed: 0.0093s/iter; left time: 4783.6653s
Epoch: 11 cost time: 25.606480836868286
Epoch: 11, Steps: 2727 | Train Loss: 0.1780746 Vali Loss: 0.1190294 Test Loss: 0.1706350
Validation loss decreased (0.119210 --> 0.119029).  Saving model ...
	iters: 100, epoch: 12 | loss: 0.1970070
	speed: 0.4745s/iter; left time: 244524.2110s
	iters: 200, epoch: 12 | loss: 0.2001300
	speed: 0.0091s/iter; left time: 4679.7400s
	iters: 300, epoch: 12 | loss: 0.1678783
	speed: 0.0091s/iter; left time: 4684.4883s
	iters: 400, epoch: 12 | loss: 0.1875831
	speed: 0.0092s/iter; left time: 4712.4252s
	iters: 500, epoch: 12 | loss: 0.1725882
	speed: 0.0091s/iter; left time: 4704.4746s
	iters: 600, epoch: 12 | loss: 0.2265254
	speed: 0.0091s/iter; left time: 4710.0195s
	iters: 700, epoch: 12 | loss: 0.1509850
	speed: 0.0092s/iter; left time: 4727.4676s
	iters: 800, epoch: 12 | loss: 0.1772858
	speed: 0.0092s/iter; left time: 4737.7938s
	iters: 900, epoch: 12 | loss: 0.1730006
	speed: 0.0092s/iter; left time: 4752.7450s
	iters: 1000, epoch: 12 | loss: 0.1908719
	speed: 0.0092s/iter; left time: 4741.4653s
	iters: 1100, epoch: 12 | loss: 0.1814709
	speed: 0.0092s/iter; left time: 4742.4466s
	iters: 1200, epoch: 12 | loss: 0.1413686
	speed: 0.0093s/iter; left time: 4758.0614s
	iters: 1300, epoch: 12 | loss: 0.2497755
	speed: 0.0093s/iter; left time: 4762.0794s
	iters: 1400, epoch: 12 | loss: 0.2113698
	speed: 0.0093s/iter; left time: 4761.4889s
	iters: 1500, epoch: 12 | loss: 0.1756338
	speed: 0.0093s/iter; left time: 4760.5773s
	iters: 1600, epoch: 12 | loss: 0.1866090
	speed: 0.0093s/iter; left time: 4758.1086s
	iters: 1700, epoch: 12 | loss: 0.1642725
	speed: 0.0093s/iter; left time: 4767.3849s
	iters: 1800, epoch: 12 | loss: 0.1444409
	speed: 0.0092s/iter; left time: 4734.3901s
	iters: 1900, epoch: 12 | loss: 0.1540171
	speed: 0.0093s/iter; left time: 4750.1493s
	iters: 2000, epoch: 12 | loss: 0.1557515
	speed: 0.0093s/iter; left time: 4750.0896s
	iters: 2100, epoch: 12 | loss: 0.1989487
	speed: 0.0092s/iter; left time: 4709.2681s
	iters: 2200, epoch: 12 | loss: 0.1866382
	speed: 0.0092s/iter; left time: 4738.8972s
	iters: 2300, epoch: 12 | loss: 0.1606596
	speed: 0.0092s/iter; left time: 4726.4402s
	iters: 2400, epoch: 12 | loss: 0.1716574
	speed: 0.0092s/iter; left time: 4714.9111s
	iters: 2500, epoch: 12 | loss: 0.2454444
	speed: 0.0092s/iter; left time: 4711.5684s
	iters: 2600, epoch: 12 | loss: 0.1956302
	speed: 0.0092s/iter; left time: 4720.6520s
	iters: 2700, epoch: 12 | loss: 0.1725528
	speed: 0.0092s/iter; left time: 4695.0711s
Epoch: 12 cost time: 25.457629919052124
Epoch: 12, Steps: 2727 | Train Loss: 0.1780526 Vali Loss: 0.1192068 Test Loss: 0.1708968
EarlyStopping counter: 1 out of 5
	iters: 100, epoch: 13 | loss: 0.1510589
	speed: 0.4803s/iter; left time: 246171.2261s
	iters: 200, epoch: 13 | loss: 0.1618541
	speed: 0.0092s/iter; left time: 4718.6070s
	iters: 300, epoch: 13 | loss: 0.1606581
	speed: 0.0093s/iter; left time: 4746.4049s
	iters: 400, epoch: 13 | loss: 0.1987963
	speed: 0.0093s/iter; left time: 4752.9313s
	iters: 500, epoch: 13 | loss: 0.1804792
	speed: 0.0093s/iter; left time: 4761.5320s
	iters: 600, epoch: 13 | loss: 0.1628666
	speed: 0.0093s/iter; left time: 4772.8319s
	iters: 700, epoch: 13 | loss: 0.1848930
	speed: 0.0093s/iter; left time: 4768.8837s
	iters: 800, epoch: 13 | loss: 0.1953916
	speed: 0.0093s/iter; left time: 4771.5658s
	iters: 900, epoch: 13 | loss: 0.1298674
	speed: 0.0094s/iter; left time: 4801.3722s
	iters: 1000, epoch: 13 | loss: 0.1700089
	speed: 0.0093s/iter; left time: 4784.1174s
	iters: 1100, epoch: 13 | loss: 0.1884890
	speed: 0.0094s/iter; left time: 4783.8045s
	iters: 1200, epoch: 13 | loss: 0.1572627
	speed: 0.0094s/iter; left time: 4786.4851s
	iters: 1300, epoch: 13 | loss: 0.1775618
	speed: 0.0094s/iter; left time: 4784.3532s
	iters: 1400, epoch: 13 | loss: 0.1905631
	speed: 0.0094s/iter; left time: 4781.5172s
	iters: 1500, epoch: 13 | loss: 0.1609177
	speed: 0.0094s/iter; left time: 4789.8883s
	iters: 1600, epoch: 13 | loss: 0.1891044
	speed: 0.0094s/iter; left time: 4781.2491s
	iters: 1700, epoch: 13 | loss: 0.1979953
	speed: 0.0094s/iter; left time: 4784.0841s
	iters: 1800, epoch: 13 | loss: 0.1767056
	speed: 0.0093s/iter; left time: 4770.1101s
	iters: 1900, epoch: 13 | loss: 0.1771910
	speed: 0.0094s/iter; left time: 4779.5252s
	iters: 2000, epoch: 13 | loss: 0.1602152
	speed: 0.0094s/iter; left time: 4779.6779s
	iters: 2100, epoch: 13 | loss: 0.1845929
	speed: 0.0094s/iter; left time: 4781.7317s
	iters: 2200, epoch: 13 | loss: 0.1502881
	speed: 0.0094s/iter; left time: 4778.3063s
	iters: 2300, epoch: 13 | loss: 0.1908444
	speed: 0.0094s/iter; left time: 4779.7004s
	iters: 2400, epoch: 13 | loss: 0.1494985
	speed: 0.0094s/iter; left time: 4779.6253s
	iters: 2500, epoch: 13 | loss: 0.1715081
	speed: 0.0094s/iter; left time: 4779.3454s
	iters: 2600, epoch: 13 | loss: 0.2010045
	speed: 0.0094s/iter; left time: 4775.1640s
	iters: 2700, epoch: 13 | loss: 0.2302203
	speed: 0.0093s/iter; left time: 4767.0347s
Epoch: 13 cost time: 25.81841254234314
Epoch: 13, Steps: 2727 | Train Loss: 0.1780747 Vali Loss: 0.1193619 Test Loss: 0.1709621
EarlyStopping counter: 2 out of 5
	iters: 100, epoch: 14 | loss: 0.1566864
	speed: 0.4776s/iter; left time: 243497.4312s
	iters: 200, epoch: 14 | loss: 0.1646764
	speed: 0.0091s/iter; left time: 4659.1115s
	iters: 300, epoch: 14 | loss: 0.1598071
	speed: 0.0092s/iter; left time: 4667.3023s
	iters: 400, epoch: 14 | loss: 0.1787077
	speed: 0.0092s/iter; left time: 4665.0137s
	iters: 500, epoch: 14 | loss: 0.1407883
	speed: 0.0091s/iter; left time: 4655.9711s
	iters: 600, epoch: 14 | loss: 0.1749433
	speed: 0.0092s/iter; left time: 4666.6922s
	iters: 700, epoch: 14 | loss: 0.1596432
	speed: 0.0092s/iter; left time: 4671.8723s
	iters: 800, epoch: 14 | loss: 0.1733768
	speed: 0.0092s/iter; left time: 4695.6725s
	iters: 900, epoch: 14 | loss: 0.1808386
	speed: 0.0092s/iter; left time: 4671.0994s
	iters: 1000, epoch: 14 | loss: 0.1706703
	speed: 0.0093s/iter; left time: 4724.2329s
	iters: 1100, epoch: 14 | loss: 0.1627553
	speed: 0.0093s/iter; left time: 4730.7609s
	iters: 1200, epoch: 14 | loss: 0.1718961
	speed: 0.0093s/iter; left time: 4727.5084s
	iters: 1300, epoch: 14 | loss: 0.2044634
	speed: 0.0093s/iter; left time: 4728.5911s
	iters: 1400, epoch: 14 | loss: 0.1850712
	speed: 0.0093s/iter; left time: 4710.0805s
	iters: 1500, epoch: 14 | loss: 0.1745343
	speed: 0.0093s/iter; left time: 4710.1460s
	iters: 1600, epoch: 14 | loss: 0.1536081
	speed: 0.0093s/iter; left time: 4725.5198s
	iters: 1700, epoch: 14 | loss: 0.1638543
	speed: 0.0093s/iter; left time: 4720.2485s
	iters: 1800, epoch: 14 | loss: 0.1679528
	speed: 0.0093s/iter; left time: 4714.1477s
	iters: 1900, epoch: 14 | loss: 0.1997311
	speed: 0.0093s/iter; left time: 4723.1732s
	iters: 2000, epoch: 14 | loss: 0.1517693
	speed: 0.0093s/iter; left time: 4716.0381s
	iters: 2100, epoch: 14 | loss: 0.1570249
	speed: 0.0093s/iter; left time: 4717.1414s
	iters: 2200, epoch: 14 | loss: 0.1438734
	speed: 0.0093s/iter; left time: 4729.8920s
	iters: 2300, epoch: 14 | loss: 0.1697519
	speed: 0.0093s/iter; left time: 4743.3017s
	iters: 2400, epoch: 14 | loss: 0.1617150
	speed: 0.0094s/iter; left time: 4749.5178s
	iters: 2500, epoch: 14 | loss: 0.2814606
	speed: 0.0094s/iter; left time: 4754.8623s
	iters: 2600, epoch: 14 | loss: 0.1642022
	speed: 0.0094s/iter; left time: 4764.1309s
	iters: 2700, epoch: 14 | loss: 0.1484935
	speed: 0.0094s/iter; left time: 4751.0376s
Epoch: 14 cost time: 25.66275906562805
Epoch: 14, Steps: 2727 | Train Loss: 0.1780522 Vali Loss: 0.1193939 Test Loss: 0.1709655
EarlyStopping counter: 3 out of 5
	iters: 100, epoch: 15 | loss: 0.1824268
	speed: 0.5189s/iter; left time: 263167.9853s
	iters: 200, epoch: 15 | loss: 0.1856294
	speed: 0.0096s/iter; left time: 4854.1250s
	iters: 300, epoch: 15 | loss: 0.2073344
	speed: 0.0093s/iter; left time: 4699.1184s
	iters: 400, epoch: 15 | loss: 0.1643443
	speed: 0.0091s/iter; left time: 4631.3184s
	iters: 500, epoch: 15 | loss: 0.1764891
	speed: 0.0091s/iter; left time: 4630.5459s
	iters: 600, epoch: 15 | loss: 0.1579520
	speed: 0.0091s/iter; left time: 4630.6902s
	iters: 700, epoch: 15 | loss: 0.1585929
	speed: 0.0091s/iter; left time: 4633.8133s
	iters: 800, epoch: 15 | loss: 0.1951405
	speed: 0.0092s/iter; left time: 4640.7877s
	iters: 900, epoch: 15 | loss: 0.1660727
	speed: 0.0092s/iter; left time: 4658.0875s
	iters: 1000, epoch: 15 | loss: 0.1775285
	speed: 0.0092s/iter; left time: 4637.7999s
	iters: 1100, epoch: 15 | loss: 0.1619927
	speed: 0.0092s/iter; left time: 4664.3034s
	iters: 1200, epoch: 15 | loss: 0.1887315
	speed: 0.0092s/iter; left time: 4653.9775s
	iters: 1300, epoch: 15 | loss: 0.1728808
	speed: 0.0092s/iter; left time: 4657.2180s
	iters: 1400, epoch: 15 | loss: 0.1752941
	speed: 0.0092s/iter; left time: 4661.8534s
	iters: 1500, epoch: 15 | loss: 0.1550102
	speed: 0.0092s/iter; left time: 4658.3624s
	iters: 1600, epoch: 15 | loss: 0.1515039
	speed: 0.0092s/iter; left time: 4648.1866s
	iters: 1700, epoch: 15 | loss: 0.1547372
	speed: 0.0092s/iter; left time: 4659.6321s
	iters: 1800, epoch: 15 | loss: 0.1700900
	speed: 0.0092s/iter; left time: 4665.2861s
	iters: 1900, epoch: 15 | loss: 0.1857536
	speed: 0.0092s/iter; left time: 4656.6983s
	iters: 2000, epoch: 15 | loss: 0.1627697
	speed: 0.0092s/iter; left time: 4650.5454s
	iters: 2100, epoch: 15 | loss: 0.1912622
	speed: 0.0092s/iter; left time: 4661.4452s
	iters: 2200, epoch: 15 | loss: 0.1569359
	speed: 0.0092s/iter; left time: 4665.1315s
	iters: 2300, epoch: 15 | loss: 0.1757831
	speed: 0.0092s/iter; left time: 4658.4101s
	iters: 2400, epoch: 15 | loss: 0.1722913
	speed: 0.0092s/iter; left time: 4662.1490s
	iters: 2500, epoch: 15 | loss: 0.1716231
	speed: 0.0092s/iter; left time: 4654.3219s
	iters: 2600, epoch: 15 | loss: 0.1669388
	speed: 0.0093s/iter; left time: 4673.3329s
	iters: 2700, epoch: 15 | loss: 0.1559279
	speed: 0.0092s/iter; left time: 4651.3926s
Epoch: 15 cost time: 25.522984504699707
Epoch: 15, Steps: 2727 | Train Loss: 0.1780518 Vali Loss: 0.1195117 Test Loss: 0.1711462
EarlyStopping counter: 4 out of 5
	iters: 100, epoch: 16 | loss: 0.1912032
	speed: 0.4780s/iter; left time: 241112.0785s
	iters: 200, epoch: 16 | loss: 0.1857066
	speed: 0.0091s/iter; left time: 4610.1770s
	iters: 300, epoch: 16 | loss: 0.1628517
	speed: 0.0092s/iter; left time: 4634.3866s
	iters: 400, epoch: 16 | loss: 0.1735530
	speed: 0.0092s/iter; left time: 4639.0501s
	iters: 500, epoch: 16 | loss: 0.1720579
	speed: 0.0092s/iter; left time: 4637.6480s
	iters: 600, epoch: 16 | loss: 0.1833182
	speed: 0.0092s/iter; left time: 4645.8355s
	iters: 700, epoch: 16 | loss: 0.1733198
	speed: 0.0092s/iter; left time: 4651.1811s
	iters: 800, epoch: 16 | loss: 0.1929993
	speed: 0.0092s/iter; left time: 4650.6337s
	iters: 900, epoch: 16 | loss: 0.1457425
	speed: 0.0092s/iter; left time: 4655.0978s
	iters: 1000, epoch: 16 | loss: 0.2319981
	speed: 0.0093s/iter; left time: 4659.3749s
	iters: 1100, epoch: 16 | loss: 0.2119739
	speed: 0.0093s/iter; left time: 4666.0983s
	iters: 1200, epoch: 16 | loss: 0.1534715
	speed: 0.0093s/iter; left time: 4663.3750s
	iters: 1300, epoch: 16 | loss: 0.1749465
	speed: 0.0093s/iter; left time: 4667.7680s
	iters: 1400, epoch: 16 | loss: 0.1717944
	speed: 0.0093s/iter; left time: 4660.7866s
	iters: 1500, epoch: 16 | loss: 0.2076688
	speed: 0.0093s/iter; left time: 4663.3596s
	iters: 1600, epoch: 16 | loss: 0.2036905
	speed: 0.0093s/iter; left time: 4663.3821s
	iters: 1700, epoch: 16 | loss: 0.1405293
	speed: 0.0093s/iter; left time: 4672.7845s
	iters: 1800, epoch: 16 | loss: 0.1722517
	speed: 0.0093s/iter; left time: 4672.4855s
	iters: 1900, epoch: 16 | loss: 0.1591338
	speed: 0.0093s/iter; left time: 4667.4819s
	iters: 2000, epoch: 16 | loss: 0.2415347
	speed: 0.0093s/iter; left time: 4666.6167s
	iters: 2100, epoch: 16 | loss: 0.2075204
	speed: 0.0092s/iter; left time: 4645.1253s
	iters: 2200, epoch: 16 | loss: 0.1880904
	speed: 0.0093s/iter; left time: 4679.3996s
	iters: 2300, epoch: 16 | loss: 0.1799499
	speed: 0.0093s/iter; left time: 4652.4644s
	iters: 2400, epoch: 16 | loss: 0.1518793
	speed: 0.0093s/iter; left time: 4683.2800s
	iters: 2500, epoch: 16 | loss: 0.1691733
	speed: 0.0093s/iter; left time: 4653.1321s
	iters: 2600, epoch: 16 | loss: 0.2035822
	speed: 0.0093s/iter; left time: 4652.2255s
	iters: 2700, epoch: 16 | loss: 0.1684766
	speed: 0.0093s/iter; left time: 4658.2890s
Epoch: 16 cost time: 25.579103231430054
Epoch: 16, Steps: 2727 | Train Loss: 0.1780766 Vali Loss: 0.1191467 Test Loss: 0.1708084
EarlyStopping counter: 5 out of 5
Early stopping
>>>>>>>testing : long_term_forecast_pems06_h_96_336_DLinear_custom_ftM_sl96_ll48_pl336_dm512_nh8_el2_dl1_df2048_fc3_ebtimeF_dtTrue_srate1.0_sseed7_trainseed2024_Exp_0<<<<<<<<<<<<<<<<<<<<<<<<<<<<<<<<<
test 24725
test shape: (24725, 1, 336, 130) (24725, 1, 336, 130)
test shape: (24725, 336, 130) (24725, 336, 130)
mse:0.17063571512699127, mae:0.22660225629806519
>>>>>>>Overall time: 1415 seconds<<<<<<<<<<<<<<<<<<<<<<<<<<<<<<<<<
