Args in experiment:
Namespace(activation='gelu', anomaly_ratio=0.25, batch_size=32, c_out=151, checkpoints='./checkpoints/', d_ff=2048, d_layers=1, d_model=512, data='custom', data_path='pems03_h.csv', dec_in=151, des='Exp', devices='0,1,2,3', distil=True, dropout=0, e_layers=2, embed='timeF', enc_in=151, factor=3, features='M', freq='h', gap_day=365, gpu=0, inverse=False, is_training=1, itr=1, label_len=48, learning_rate=0.0005, loss='MSE', lradj='type3', mask_rate=0.25, model='DLinear', model_id='pems03_h_96_720', moving_avg=25, n_heads=8, num_kernels=6, num_workers=10, output_attention=False, p_hidden_dims=[128, 128], p_hidden_layers=2, patience=5, pred_len=720, root_path='../../data/pems/', samle_rate=1.0, sample_seed=7, seasonal_patterns='Monthly', seq_len=96, target='', task_name='long_term_forecast', top_k=5, train_epochs=200, train_seed=2024, use_amp=False, use_gpu=True, use_multi_gpu=False)
Use GPU: cuda:0
>>>>>>>start training : long_term_forecast_pems03_h_96_720_DLinear_custom_ftM_sl96_ll48_pl720_dm512_nh8_el2_dl1_df2048_fc3_ebtimeF_dtTrue_srate1.0_sseed7_trainseed2024_Exp_0>>>>>>>>>>>>>>>>>>>>>>>>>>
train 132980
val 18395
test 37508
	iters: 100, epoch: 1 | loss: 0.3824607
	speed: 0.0242s/iter; left time: 20119.4433s
	iters: 200, epoch: 1 | loss: 0.3387746
	speed: 0.0165s/iter; left time: 13699.1909s
	iters: 300, epoch: 1 | loss: 0.3068193
	speed: 0.0166s/iter; left time: 13752.7041s
	iters: 400, epoch: 1 | loss: 0.3205349
	speed: 0.0166s/iter; left time: 13781.5334s
	iters: 500, epoch: 1 | loss: 0.2863659
	speed: 0.0166s/iter; left time: 13786.3886s
	iters: 600, epoch: 1 | loss: 0.2904803
	speed: 0.0166s/iter; left time: 13772.9149s
	iters: 700, epoch: 1 | loss: 0.2984294
	speed: 0.0166s/iter; left time: 13784.8839s
	iters: 800, epoch: 1 | loss: 0.3376157
	speed: 0.0167s/iter; left time: 13854.9099s
	iters: 900, epoch: 1 | loss: 0.3163019
	speed: 0.0166s/iter; left time: 13802.9477s
	iters: 1000, epoch: 1 | loss: 0.3282422
	speed: 0.0167s/iter; left time: 13832.4285s
	iters: 1100, epoch: 1 | loss: 0.2901750
	speed: 0.0167s/iter; left time: 13826.8185s
	iters: 1200, epoch: 1 | loss: 0.2902547
	speed: 0.0167s/iter; left time: 13827.4414s
	iters: 1300, epoch: 1 | loss: 0.3222181
	speed: 0.0167s/iter; left time: 13819.7496s
	iters: 1400, epoch: 1 | loss: 0.3099828
	speed: 0.0167s/iter; left time: 13813.7326s
	iters: 1500, epoch: 1 | loss: 0.2915004
	speed: 0.0167s/iter; left time: 13824.9323s
	iters: 1600, epoch: 1 | loss: 0.3275524
	speed: 0.0167s/iter; left time: 13819.4274s
	iters: 1700, epoch: 1 | loss: 0.3056146
	speed: 0.0167s/iter; left time: 13825.9963s
	iters: 1800, epoch: 1 | loss: 0.2996698
	speed: 0.0167s/iter; left time: 13835.2262s
	iters: 1900, epoch: 1 | loss: 0.2588612
	speed: 0.0167s/iter; left time: 13882.6122s
	iters: 2000, epoch: 1 | loss: 0.2926570
	speed: 0.0167s/iter; left time: 13827.2325s
	iters: 2100, epoch: 1 | loss: 0.3118656
	speed: 0.0167s/iter; left time: 13826.3136s
	iters: 2200, epoch: 1 | loss: 0.2899467
	speed: 0.0167s/iter; left time: 13822.9027s
	iters: 2300, epoch: 1 | loss: 0.3060561
	speed: 0.0167s/iter; left time: 13820.0336s
	iters: 2400, epoch: 1 | loss: 0.2657300
	speed: 0.0166s/iter; left time: 13766.8518s
	iters: 2500, epoch: 1 | loss: 0.2989266
	speed: 0.0166s/iter; left time: 13750.4368s
	iters: 2600, epoch: 1 | loss: 0.2707967
	speed: 0.0166s/iter; left time: 13740.3338s
	iters: 2700, epoch: 1 | loss: 0.2893621
	speed: 0.0166s/iter; left time: 13780.7132s
	iters: 2800, epoch: 1 | loss: 0.2714997
	speed: 0.0166s/iter; left time: 13756.1344s
	iters: 2900, epoch: 1 | loss: 0.2951600
	speed: 0.0166s/iter; left time: 13735.5177s
	iters: 3000, epoch: 1 | loss: 0.2596711
	speed: 0.0166s/iter; left time: 13751.8057s
	iters: 3100, epoch: 1 | loss: 0.3069036
	speed: 0.0166s/iter; left time: 13737.4805s
	iters: 3200, epoch: 1 | loss: 0.2668927
	speed: 0.0166s/iter; left time: 13725.5227s
	iters: 3300, epoch: 1 | loss: 0.2920809
	speed: 0.0166s/iter; left time: 13711.6020s
	iters: 3400, epoch: 1 | loss: 0.2679563
	speed: 0.0166s/iter; left time: 13710.6084s
	iters: 3500, epoch: 1 | loss: 0.2688164
	speed: 0.0167s/iter; left time: 13788.7187s
	iters: 3600, epoch: 1 | loss: 0.3031535
	speed: 0.0167s/iter; left time: 13795.6158s
	iters: 3700, epoch: 1 | loss: 0.2987153
	speed: 0.0166s/iter; left time: 13692.0936s
	iters: 3800, epoch: 1 | loss: 0.2955055
	speed: 0.0166s/iter; left time: 13708.1825s
	iters: 3900, epoch: 1 | loss: 0.3392046
	speed: 0.0166s/iter; left time: 13722.9281s
	iters: 4000, epoch: 1 | loss: 0.2799129
	speed: 0.0166s/iter; left time: 13701.2816s
	iters: 4100, epoch: 1 | loss: 0.2929562
	speed: 0.0166s/iter; left time: 13702.4697s
Epoch: 1 cost time: 69.92398166656494
Epoch: 1, Steps: 4155 | Train Loss: 0.2999657 Vali Loss: 0.2477797 Test Loss: 0.2022003
Validation loss decreased (inf --> 0.247780).  Saving model ...
	iters: 100, epoch: 2 | loss: 0.2579216
	speed: 1.1413s/iter; left time: 943567.5367s
	iters: 200, epoch: 2 | loss: 0.2632673
	speed: 0.0164s/iter; left time: 13594.6863s
	iters: 300, epoch: 2 | loss: 0.3124498
	speed: 0.0166s/iter; left time: 13687.2639s
	iters: 400, epoch: 2 | loss: 0.2711181
	speed: 0.0166s/iter; left time: 13706.5258s
	iters: 500, epoch: 2 | loss: 0.3170853
	speed: 0.0166s/iter; left time: 13744.6921s
	iters: 600, epoch: 2 | loss: 0.3083548
	speed: 0.0166s/iter; left time: 13743.3066s
	iters: 700, epoch: 2 | loss: 0.2407843
	speed: 0.0166s/iter; left time: 13742.4705s
	iters: 800, epoch: 2 | loss: 0.2825614
	speed: 0.0166s/iter; left time: 13742.9026s
	iters: 900, epoch: 2 | loss: 0.2926024
	speed: 0.0166s/iter; left time: 13751.0672s
	iters: 1000, epoch: 2 | loss: 0.2861860
	speed: 0.0167s/iter; left time: 13759.7945s
	iters: 1100, epoch: 2 | loss: 0.2801975
	speed: 0.0167s/iter; left time: 13778.1996s
	iters: 1200, epoch: 2 | loss: 0.2555247
	speed: 0.0167s/iter; left time: 13765.7732s
	iters: 1300, epoch: 2 | loss: 0.2713567
	speed: 0.0167s/iter; left time: 13763.7398s
	iters: 1400, epoch: 2 | loss: 0.2743057
	speed: 0.0167s/iter; left time: 13766.0618s
	iters: 1500, epoch: 2 | loss: 0.3109790
	speed: 0.0167s/iter; left time: 13774.3392s
	iters: 1600, epoch: 2 | loss: 0.2810263
	speed: 0.0167s/iter; left time: 13778.0555s
	iters: 1700, epoch: 2 | loss: 0.2914514
	speed: 0.0167s/iter; left time: 13771.0152s
	iters: 1800, epoch: 2 | loss: 0.3004160
	speed: 0.0167s/iter; left time: 13759.0251s
	iters: 1900, epoch: 2 | loss: 0.2837707
	speed: 0.0167s/iter; left time: 13770.7888s
	iters: 2000, epoch: 2 | loss: 0.3039842
	speed: 0.0167s/iter; left time: 13766.1264s
	iters: 2100, epoch: 2 | loss: 0.2878062
	speed: 0.0167s/iter; left time: 13794.6507s
	iters: 2200, epoch: 2 | loss: 0.2541804
	speed: 0.0167s/iter; left time: 13765.7200s
	iters: 2300, epoch: 2 | loss: 0.2918935
	speed: 0.0167s/iter; left time: 13783.5384s
	iters: 2400, epoch: 2 | loss: 0.2894523
	speed: 0.0167s/iter; left time: 13764.5593s
	iters: 2500, epoch: 2 | loss: 0.2650053
	speed: 0.0167s/iter; left time: 13749.1635s
	iters: 2600, epoch: 2 | loss: 0.2692338
	speed: 0.0167s/iter; left time: 13771.3978s
	iters: 2700, epoch: 2 | loss: 0.3294708
	speed: 0.0167s/iter; left time: 13776.6612s
	iters: 2800, epoch: 2 | loss: 0.2985315
	speed: 0.0167s/iter; left time: 13761.6926s
	iters: 2900, epoch: 2 | loss: 0.2974280
	speed: 0.0167s/iter; left time: 13762.2228s
	iters: 3000, epoch: 2 | loss: 0.2903717
	speed: 0.0167s/iter; left time: 13753.1317s
	iters: 3100, epoch: 2 | loss: 0.2730534
	speed: 0.0167s/iter; left time: 13752.5720s
	iters: 3200, epoch: 2 | loss: 0.2885863
	speed: 0.0167s/iter; left time: 13752.2398s
	iters: 3300, epoch: 2 | loss: 0.3100405
	speed: 0.0167s/iter; left time: 13750.4601s
	iters: 3400, epoch: 2 | loss: 0.3313434
	speed: 0.0167s/iter; left time: 13745.8436s
	iters: 3500, epoch: 2 | loss: 0.2572938
	speed: 0.0167s/iter; left time: 13742.2663s
	iters: 3600, epoch: 2 | loss: 0.3134149
	speed: 0.0167s/iter; left time: 13747.3217s
	iters: 3700, epoch: 2 | loss: 0.3021299
	speed: 0.0167s/iter; left time: 13735.2739s
	iters: 3800, epoch: 2 | loss: 0.2784694
	speed: 0.0167s/iter; left time: 13750.0728s
	iters: 3900, epoch: 2 | loss: 0.3338093
	speed: 0.0167s/iter; left time: 13734.9641s
	iters: 4000, epoch: 2 | loss: 0.2993492
	speed: 0.0167s/iter; left time: 13732.3456s
	iters: 4100, epoch: 2 | loss: 0.2995979
	speed: 0.0167s/iter; left time: 13745.9731s
Epoch: 2 cost time: 69.87248182296753
Epoch: 2, Steps: 4155 | Train Loss: 0.2932663 Vali Loss: 0.2472079 Test Loss: 0.2020177
Validation loss decreased (0.247780 --> 0.247208).  Saving model ...
	iters: 100, epoch: 3 | loss: 0.2667359
	speed: 1.1446s/iter; left time: 941507.1072s
	iters: 200, epoch: 3 | loss: 0.2475448
	speed: 0.0164s/iter; left time: 13452.8145s
	iters: 300, epoch: 3 | loss: 0.2827587
	speed: 0.0164s/iter; left time: 13510.2931s
	iters: 400, epoch: 3 | loss: 0.3133218
	speed: 0.0164s/iter; left time: 13526.4241s
	iters: 500, epoch: 3 | loss: 0.2890965
	speed: 0.0165s/iter; left time: 13556.6274s
	iters: 600, epoch: 3 | loss: 0.3072923
	speed: 0.0165s/iter; left time: 13569.4043s
	iters: 700, epoch: 3 | loss: 0.2406363
	speed: 0.0166s/iter; left time: 13669.8543s
	iters: 800, epoch: 3 | loss: 0.2718802
	speed: 0.0166s/iter; left time: 13675.3553s
	iters: 900, epoch: 3 | loss: 0.2929227
	speed: 0.0166s/iter; left time: 13678.8425s
	iters: 1000, epoch: 3 | loss: 0.2776797
	speed: 0.0167s/iter; left time: 13708.4368s
	iters: 1100, epoch: 3 | loss: 0.2674254
	speed: 0.0166s/iter; left time: 13606.7351s
	iters: 1200, epoch: 3 | loss: 0.2777160
	speed: 0.0166s/iter; left time: 13632.7147s
	iters: 1300, epoch: 3 | loss: 0.3094914
	speed: 0.0167s/iter; left time: 13684.6062s
	iters: 1400, epoch: 3 | loss: 0.2746964
	speed: 0.0167s/iter; left time: 13694.0289s
	iters: 1500, epoch: 3 | loss: 0.3047188
	speed: 0.0167s/iter; left time: 13693.1114s
	iters: 1600, epoch: 3 | loss: 0.2934050
	speed: 0.0167s/iter; left time: 13671.8011s
	iters: 1700, epoch: 3 | loss: 0.2857364
	speed: 0.0167s/iter; left time: 13699.6672s
	iters: 1800, epoch: 3 | loss: 0.2827567
	speed: 0.0167s/iter; left time: 13691.8335s
	iters: 1900, epoch: 3 | loss: 0.2939214
	speed: 0.0167s/iter; left time: 13692.4806s
	iters: 2000, epoch: 3 | loss: 0.2659338
	speed: 0.0167s/iter; left time: 13683.9875s
	iters: 2100, epoch: 3 | loss: 0.2813640
	speed: 0.0167s/iter; left time: 13676.4469s
	iters: 2200, epoch: 3 | loss: 0.2713967
	speed: 0.0167s/iter; left time: 13691.1576s
	iters: 2300, epoch: 3 | loss: 0.2861544
	speed: 0.0167s/iter; left time: 13686.4161s
	iters: 2400, epoch: 3 | loss: 0.3162323
	speed: 0.0167s/iter; left time: 13679.2366s
	iters: 2500, epoch: 3 | loss: 0.2710534
	speed: 0.0167s/iter; left time: 13719.0937s
	iters: 2600, epoch: 3 | loss: 0.3097428
	speed: 0.0167s/iter; left time: 13692.4780s
	iters: 2700, epoch: 3 | loss: 0.2878127
	speed: 0.0167s/iter; left time: 13720.0045s
	iters: 2800, epoch: 3 | loss: 0.3095186
	speed: 0.0167s/iter; left time: 13680.5416s
	iters: 2900, epoch: 3 | loss: 0.2951209
	speed: 0.0167s/iter; left time: 13693.1802s
	iters: 3000, epoch: 3 | loss: 0.2818635
	speed: 0.0167s/iter; left time: 13689.9074s
	iters: 3100, epoch: 3 | loss: 0.2701064
	speed: 0.0167s/iter; left time: 13696.7218s
	iters: 3200, epoch: 3 | loss: 0.3220998
	speed: 0.0167s/iter; left time: 13693.7376s
	iters: 3300, epoch: 3 | loss: 0.3262869
	speed: 0.0167s/iter; left time: 13684.6508s
	iters: 3400, epoch: 3 | loss: 0.3150502
	speed: 0.0167s/iter; left time: 13686.3776s
	iters: 3500, epoch: 3 | loss: 0.2739971
	speed: 0.0167s/iter; left time: 13666.6643s
	iters: 3600, epoch: 3 | loss: 0.2951408
	speed: 0.0167s/iter; left time: 13670.8683s
	iters: 3700, epoch: 3 | loss: 0.2514332
	speed: 0.0167s/iter; left time: 13656.6380s
	iters: 3800, epoch: 3 | loss: 0.2951309
	speed: 0.0167s/iter; left time: 13699.5552s
	iters: 3900, epoch: 3 | loss: 0.3029360
	speed: 0.0167s/iter; left time: 13668.8519s
	iters: 4000, epoch: 3 | loss: 0.3030173
	speed: 0.0167s/iter; left time: 13676.0637s
	iters: 4100, epoch: 3 | loss: 0.3474106
	speed: 0.0167s/iter; left time: 13668.9363s
Epoch: 3 cost time: 69.80710101127625
Epoch: 3, Steps: 4155 | Train Loss: 0.2932073 Vali Loss: 0.2470592 Test Loss: 0.2018882
Validation loss decreased (0.247208 --> 0.247059).  Saving model ...
	iters: 100, epoch: 4 | loss: 0.3537825
	speed: 1.1470s/iter; left time: 938774.2107s
	iters: 200, epoch: 4 | loss: 0.2567917
	speed: 0.0170s/iter; left time: 13923.9163s
	iters: 300, epoch: 4 | loss: 0.3005528
	speed: 0.0171s/iter; left time: 13967.7217s
	iters: 400, epoch: 4 | loss: 0.2644992
	speed: 0.0171s/iter; left time: 13986.4998s
	iters: 500, epoch: 4 | loss: 0.3001265
	speed: 0.0171s/iter; left time: 13998.4563s
	iters: 600, epoch: 4 | loss: 0.2898824
	speed: 0.0170s/iter; left time: 13911.2112s
	iters: 700, epoch: 4 | loss: 0.2974321
	speed: 0.0168s/iter; left time: 13738.9902s
	iters: 800, epoch: 4 | loss: 0.2769941
	speed: 0.0168s/iter; left time: 13744.5707s
	iters: 900, epoch: 4 | loss: 0.2756996
	speed: 0.0168s/iter; left time: 13758.7853s
	iters: 1000, epoch: 4 | loss: 0.2800753
	speed: 0.0168s/iter; left time: 13769.5576s
	iters: 1100, epoch: 4 | loss: 0.2897407
	speed: 0.0168s/iter; left time: 13712.2239s
	iters: 1200, epoch: 4 | loss: 0.3422073
	speed: 0.0168s/iter; left time: 13710.5620s
	iters: 1300, epoch: 4 | loss: 0.2667143
	speed: 0.0168s/iter; left time: 13691.8786s
	iters: 1400, epoch: 4 | loss: 0.2984399
	speed: 0.0168s/iter; left time: 13702.0775s
	iters: 1500, epoch: 4 | loss: 0.3166207
	speed: 0.0169s/iter; left time: 13836.9277s
	iters: 1600, epoch: 4 | loss: 0.2688455
	speed: 0.0168s/iter; left time: 13729.6303s
	iters: 1700, epoch: 4 | loss: 0.2521107
	speed: 0.0168s/iter; left time: 13693.6914s
	iters: 1800, epoch: 4 | loss: 0.3028201
	speed: 0.0167s/iter; left time: 13622.7279s
	iters: 1900, epoch: 4 | loss: 0.3509658
	speed: 0.0167s/iter; left time: 13639.6871s
	iters: 2000, epoch: 4 | loss: 0.2986306
	speed: 0.0167s/iter; left time: 13638.4549s
	iters: 2100, epoch: 4 | loss: 0.2671601
	speed: 0.0167s/iter; left time: 13619.1684s
	iters: 2200, epoch: 4 | loss: 0.2653727
	speed: 0.0167s/iter; left time: 13624.1060s
	iters: 2300, epoch: 4 | loss: 0.3259372
	speed: 0.0167s/iter; left time: 13617.0563s
	iters: 2400, epoch: 4 | loss: 0.2868616
	speed: 0.0167s/iter; left time: 13619.1415s
	iters: 2500, epoch: 4 | loss: 0.2845820
	speed: 0.0167s/iter; left time: 13646.9911s
	iters: 2600, epoch: 4 | loss: 0.2898747
	speed: 0.0167s/iter; left time: 13609.7520s
	iters: 2700, epoch: 4 | loss: 0.2721571
	speed: 0.0167s/iter; left time: 13606.9851s
	iters: 2800, epoch: 4 | loss: 0.2848668
	speed: 0.0167s/iter; left time: 13653.3865s
	iters: 2900, epoch: 4 | loss: 0.3452472
	speed: 0.0167s/iter; left time: 13602.7101s
	iters: 3000, epoch: 4 | loss: 0.3270951
	speed: 0.0167s/iter; left time: 13632.7573s
	iters: 3100, epoch: 4 | loss: 0.2765752
	speed: 0.0167s/iter; left time: 13646.1625s
	iters: 3200, epoch: 4 | loss: 0.2871835
	speed: 0.0167s/iter; left time: 13634.9250s
	iters: 3300, epoch: 4 | loss: 0.2646685
	speed: 0.0167s/iter; left time: 13644.4541s
	iters: 3400, epoch: 4 | loss: 0.2994551
	speed: 0.0168s/iter; left time: 13655.6187s
	iters: 3500, epoch: 4 | loss: 0.3276156
	speed: 0.0167s/iter; left time: 13626.5502s
	iters: 3600, epoch: 4 | loss: 0.2811374
	speed: 0.0167s/iter; left time: 13604.6619s
	iters: 3700, epoch: 4 | loss: 0.2825591
	speed: 0.0167s/iter; left time: 13614.6235s
	iters: 3800, epoch: 4 | loss: 0.2757959
	speed: 0.0167s/iter; left time: 13617.7545s
	iters: 3900, epoch: 4 | loss: 0.2926517
	speed: 0.0167s/iter; left time: 13623.5044s
	iters: 4000, epoch: 4 | loss: 0.2985843
	speed: 0.0167s/iter; left time: 13608.6594s
	iters: 4100, epoch: 4 | loss: 0.2721883
	speed: 0.0167s/iter; left time: 13594.4487s
Epoch: 4 cost time: 70.38404273986816
Epoch: 4, Steps: 4155 | Train Loss: 0.2931851 Vali Loss: 0.2468683 Test Loss: 0.2017992
Validation loss decreased (0.247059 --> 0.246868).  Saving model ...
	iters: 100, epoch: 5 | loss: 0.2774912
	speed: 1.1299s/iter; left time: 920016.2703s
	iters: 200, epoch: 5 | loss: 0.2940764
	speed: 0.0166s/iter; left time: 13480.2606s
	iters: 300, epoch: 5 | loss: 0.2918508
	speed: 0.0166s/iter; left time: 13518.9800s
	iters: 400, epoch: 5 | loss: 0.2735323
	speed: 0.0166s/iter; left time: 13519.2076s
	iters: 500, epoch: 5 | loss: 0.2793323
	speed: 0.0166s/iter; left time: 13513.2797s
	iters: 600, epoch: 5 | loss: 0.3284281
	speed: 0.0166s/iter; left time: 13485.6090s
	iters: 700, epoch: 5 | loss: 0.3559239
	speed: 0.0166s/iter; left time: 13482.0138s
	iters: 800, epoch: 5 | loss: 0.3285613
	speed: 0.0166s/iter; left time: 13515.6735s
	iters: 900, epoch: 5 | loss: 0.2997698
	speed: 0.0166s/iter; left time: 13511.7333s
	iters: 1000, epoch: 5 | loss: 0.2319047
	speed: 0.0166s/iter; left time: 13526.1740s
	iters: 1100, epoch: 5 | loss: 0.2620113
	speed: 0.0166s/iter; left time: 13531.5748s
	iters: 1200, epoch: 5 | loss: 0.2620272
	speed: 0.0166s/iter; left time: 13535.0856s
	iters: 1300, epoch: 5 | loss: 0.3195748
	speed: 0.0167s/iter; left time: 13545.2501s
	iters: 1400, epoch: 5 | loss: 0.2891472
	speed: 0.0167s/iter; left time: 13548.9901s
	iters: 1500, epoch: 5 | loss: 0.3007691
	speed: 0.0166s/iter; left time: 13520.7585s
	iters: 1600, epoch: 5 | loss: 0.2833544
	speed: 0.0166s/iter; left time: 13532.2375s
	iters: 1700, epoch: 5 | loss: 0.2846686
	speed: 0.0167s/iter; left time: 13547.5380s
	iters: 1800, epoch: 5 | loss: 0.3256412
	speed: 0.0167s/iter; left time: 13539.5824s
	iters: 1900, epoch: 5 | loss: 0.2729518
	speed: 0.0167s/iter; left time: 13547.8593s
	iters: 2000, epoch: 5 | loss: 0.2594419
	speed: 0.0167s/iter; left time: 13555.1634s
	iters: 2100, epoch: 5 | loss: 0.2868926
	speed: 0.0167s/iter; left time: 13550.1367s
	iters: 2200, epoch: 5 | loss: 0.2981587
	speed: 0.0167s/iter; left time: 13539.8574s
	iters: 2300, epoch: 5 | loss: 0.2508410
	speed: 0.0167s/iter; left time: 13547.1528s
	iters: 2400, epoch: 5 | loss: 0.3240459
	speed: 0.0167s/iter; left time: 13555.0693s
	iters: 2500, epoch: 5 | loss: 0.2816186
	speed: 0.0167s/iter; left time: 13536.3524s
	iters: 2600, epoch: 5 | loss: 0.2837608
	speed: 0.0167s/iter; left time: 13536.7812s
	iters: 2700, epoch: 5 | loss: 0.2866869
	speed: 0.0167s/iter; left time: 13568.1959s
	iters: 2800, epoch: 5 | loss: 0.3120682
	speed: 0.0167s/iter; left time: 13535.6946s
	iters: 2900, epoch: 5 | loss: 0.2849128
	speed: 0.0167s/iter; left time: 13553.1302s
	iters: 3000, epoch: 5 | loss: 0.2685409
	speed: 0.0167s/iter; left time: 13583.9226s
	iters: 3100, epoch: 5 | loss: 0.2609886
	speed: 0.0167s/iter; left time: 13534.7936s
	iters: 3200, epoch: 5 | loss: 0.3149763
	speed: 0.0167s/iter; left time: 13529.9110s
	iters: 3300, epoch: 5 | loss: 0.3048183
	speed: 0.0167s/iter; left time: 13527.9105s
	iters: 3400, epoch: 5 | loss: 0.2711703
	speed: 0.0167s/iter; left time: 13545.2492s
	iters: 3500, epoch: 5 | loss: 0.2658656
	speed: 0.0167s/iter; left time: 13505.5356s
	iters: 3600, epoch: 5 | loss: 0.2996847
	speed: 0.0165s/iter; left time: 13341.2637s
	iters: 3700, epoch: 5 | loss: 0.2801434
	speed: 0.0165s/iter; left time: 13351.4915s
	iters: 3800, epoch: 5 | loss: 0.2874037
	speed: 0.0165s/iter; left time: 13349.4580s
	iters: 3900, epoch: 5 | loss: 0.3003038
	speed: 0.0165s/iter; left time: 13362.9683s
	iters: 4000, epoch: 5 | loss: 0.2986479
	speed: 0.0165s/iter; left time: 13362.2605s
	iters: 4100, epoch: 5 | loss: 0.3245082
	speed: 0.0165s/iter; left time: 13366.5192s
Epoch: 5 cost time: 69.70954275131226
Epoch: 5, Steps: 4155 | Train Loss: 0.2931746 Vali Loss: 0.2471133 Test Loss: 0.2020009
EarlyStopping counter: 1 out of 5
	iters: 100, epoch: 6 | loss: 0.3594635
	speed: 1.1487s/iter; left time: 930619.2474s
	iters: 200, epoch: 6 | loss: 0.2707982
	speed: 0.0165s/iter; left time: 13349.3424s
	iters: 300, epoch: 6 | loss: 0.2966319
	speed: 0.0165s/iter; left time: 13352.9526s
	iters: 400, epoch: 6 | loss: 0.3318035
	speed: 0.0165s/iter; left time: 13385.9980s
	iters: 500, epoch: 6 | loss: 0.2951736
	speed: 0.0166s/iter; left time: 13461.8523s
	iters: 600, epoch: 6 | loss: 0.3080070
	speed: 0.0166s/iter; left time: 13438.1708s
	iters: 700, epoch: 6 | loss: 0.2597483
	speed: 0.0166s/iter; left time: 13440.5198s
	iters: 800, epoch: 6 | loss: 0.2974068
	speed: 0.0166s/iter; left time: 13437.0262s
	iters: 900, epoch: 6 | loss: 0.2534755
	speed: 0.0166s/iter; left time: 13437.6333s
	iters: 1000, epoch: 6 | loss: 0.2903705
	speed: 0.0166s/iter; left time: 13463.7845s
	iters: 1100, epoch: 6 | loss: 0.2925617
	speed: 0.0166s/iter; left time: 13440.1328s
	iters: 1200, epoch: 6 | loss: 0.3112561
	speed: 0.0166s/iter; left time: 13451.8117s
	iters: 1300, epoch: 6 | loss: 0.2914652
	speed: 0.0166s/iter; left time: 13456.7970s
	iters: 1400, epoch: 6 | loss: 0.2946437
	speed: 0.0166s/iter; left time: 13455.1875s
	iters: 1500, epoch: 6 | loss: 0.3041379
	speed: 0.0166s/iter; left time: 13463.3459s
	iters: 1600, epoch: 6 | loss: 0.3037613
	speed: 0.0166s/iter; left time: 13448.5598s
	iters: 1700, epoch: 6 | loss: 0.2747428
	speed: 0.0166s/iter; left time: 13454.1736s
	iters: 1800, epoch: 6 | loss: 0.2847464
	speed: 0.0166s/iter; left time: 13459.2402s
	iters: 1900, epoch: 6 | loss: 0.3049979
	speed: 0.0167s/iter; left time: 13468.5912s
	iters: 2000, epoch: 6 | loss: 0.2998506
	speed: 0.0167s/iter; left time: 13463.7282s
	iters: 2100, epoch: 6 | loss: 0.2886567
	speed: 0.0166s/iter; left time: 13454.0048s
	iters: 2200, epoch: 6 | loss: 0.2752156
	speed: 0.0167s/iter; left time: 13461.2499s
	iters: 2300, epoch: 6 | loss: 0.3054149
	speed: 0.0167s/iter; left time: 13460.0752s
	iters: 2400, epoch: 6 | loss: 0.3237781
	speed: 0.0167s/iter; left time: 13482.7366s
	iters: 2500, epoch: 6 | loss: 0.2502455
	speed: 0.0167s/iter; left time: 13509.4457s
	iters: 2600, epoch: 6 | loss: 0.2966563
	speed: 0.0167s/iter; left time: 13483.2996s
	iters: 2700, epoch: 6 | loss: 0.3275209
	speed: 0.0167s/iter; left time: 13484.9282s
	iters: 2800, epoch: 6 | loss: 0.3126650
	speed: 0.0167s/iter; left time: 13464.5602s
	iters: 2900, epoch: 6 | loss: 0.2959753
	speed: 0.0167s/iter; left time: 13481.6018s
	iters: 3000, epoch: 6 | loss: 0.2777850
	speed: 0.0167s/iter; left time: 13471.4099s
	iters: 3100, epoch: 6 | loss: 0.2509576
	speed: 0.0167s/iter; left time: 13490.5778s
	iters: 3200, epoch: 6 | loss: 0.3040561
	speed: 0.0167s/iter; left time: 13485.2352s
	iters: 3300, epoch: 6 | loss: 0.2666338
	speed: 0.0167s/iter; left time: 13489.7167s
	iters: 3400, epoch: 6 | loss: 0.2623438
	speed: 0.0167s/iter; left time: 13490.7880s
	iters: 3500, epoch: 6 | loss: 0.3345343
	speed: 0.0167s/iter; left time: 13473.2269s
	iters: 3600, epoch: 6 | loss: 0.2949117
	speed: 0.0167s/iter; left time: 13501.4309s
	iters: 3700, epoch: 6 | loss: 0.2825707
	speed: 0.0167s/iter; left time: 13477.7629s
	iters: 3800, epoch: 6 | loss: 0.3522791
	speed: 0.0167s/iter; left time: 13504.0224s
	iters: 3900, epoch: 6 | loss: 0.3119138
	speed: 0.0167s/iter; left time: 13467.1212s
	iters: 4000, epoch: 6 | loss: 0.3085759
	speed: 0.0167s/iter; left time: 13467.4463s
	iters: 4100, epoch: 6 | loss: 0.3431104
	speed: 0.0167s/iter; left time: 13473.7097s
Epoch: 6 cost time: 69.83790755271912
Epoch: 6, Steps: 4155 | Train Loss: 0.2932078 Vali Loss: 0.2476222 Test Loss: 0.2023108
EarlyStopping counter: 2 out of 5
	iters: 100, epoch: 7 | loss: 0.2949383
	speed: 1.1354s/iter; left time: 915107.7244s
	iters: 200, epoch: 7 | loss: 0.2808926
	speed: 0.0164s/iter; left time: 13181.7894s
	iters: 300, epoch: 7 | loss: 0.2836989
	speed: 0.0165s/iter; left time: 13314.1990s
	iters: 400, epoch: 7 | loss: 0.3384357
	speed: 0.0165s/iter; left time: 13320.3185s
	iters: 500, epoch: 7 | loss: 0.2762086
	speed: 0.0165s/iter; left time: 13322.7023s
	iters: 600, epoch: 7 | loss: 0.2899332
	speed: 0.0166s/iter; left time: 13357.5071s
	iters: 700, epoch: 7 | loss: 0.3130429
	speed: 0.0166s/iter; left time: 13351.2827s
	iters: 800, epoch: 7 | loss: 0.2778467
	speed: 0.0166s/iter; left time: 13362.7494s
	iters: 900, epoch: 7 | loss: 0.2659035
	speed: 0.0166s/iter; left time: 13405.1082s
	iters: 1000, epoch: 7 | loss: 0.3478199
	speed: 0.0166s/iter; left time: 13367.4308s
	iters: 1100, epoch: 7 | loss: 0.3069780
	speed: 0.0166s/iter; left time: 13396.1667s
	iters: 1200, epoch: 7 | loss: 0.2549334
	speed: 0.0166s/iter; left time: 13358.3071s
	iters: 1300, epoch: 7 | loss: 0.2810259
	speed: 0.0166s/iter; left time: 13361.7665s
	iters: 1400, epoch: 7 | loss: 0.3069254
	speed: 0.0166s/iter; left time: 13392.4538s
	iters: 1500, epoch: 7 | loss: 0.2612534
	speed: 0.0166s/iter; left time: 13381.8102s
	iters: 1600, epoch: 7 | loss: 0.2596250
	speed: 0.0166s/iter; left time: 13378.2807s
	iters: 1700, epoch: 7 | loss: 0.2834848
	speed: 0.0166s/iter; left time: 13383.8324s
	iters: 1800, epoch: 7 | loss: 0.2829763
	speed: 0.0166s/iter; left time: 13375.1944s
	iters: 1900, epoch: 7 | loss: 0.2759488
	speed: 0.0166s/iter; left time: 13364.5355s
	iters: 2000, epoch: 7 | loss: 0.3151544
	speed: 0.0166s/iter; left time: 13375.2098s
	iters: 2100, epoch: 7 | loss: 0.2907850
	speed: 0.0166s/iter; left time: 13375.9366s
	iters: 2200, epoch: 7 | loss: 0.3112364
	speed: 0.0166s/iter; left time: 13367.4729s
	iters: 2300, epoch: 7 | loss: 0.2911028
	speed: 0.0166s/iter; left time: 13361.2664s
	iters: 2400, epoch: 7 | loss: 0.2943173
	speed: 0.0166s/iter; left time: 13367.9372s
	iters: 2500, epoch: 7 | loss: 0.2878913
	speed: 0.0166s/iter; left time: 13370.1132s
	iters: 2600, epoch: 7 | loss: 0.3240703
	speed: 0.0166s/iter; left time: 13354.4251s
	iters: 2700, epoch: 7 | loss: 0.3136193
	speed: 0.0166s/iter; left time: 13367.1341s
	iters: 2800, epoch: 7 | loss: 0.2415190
	speed: 0.0166s/iter; left time: 13362.2662s
	iters: 2900, epoch: 7 | loss: 0.2873108
	speed: 0.0166s/iter; left time: 13358.0578s
	iters: 3000, epoch: 7 | loss: 0.2880431
	speed: 0.0166s/iter; left time: 13348.8661s
	iters: 3100, epoch: 7 | loss: 0.3037098
	speed: 0.0166s/iter; left time: 13357.0384s
	iters: 3200, epoch: 7 | loss: 0.2887856
	speed: 0.0166s/iter; left time: 13359.3181s
	iters: 3300, epoch: 7 | loss: 0.2828411
	speed: 0.0166s/iter; left time: 13363.5300s
	iters: 3400, epoch: 7 | loss: 0.2785827
	speed: 0.0167s/iter; left time: 13364.7780s
	iters: 3500, epoch: 7 | loss: 0.2377637
	speed: 0.0166s/iter; left time: 13359.2152s
	iters: 3600, epoch: 7 | loss: 0.2913860
	speed: 0.0166s/iter; left time: 13343.3870s
	iters: 3700, epoch: 7 | loss: 0.3242802
	speed: 0.0167s/iter; left time: 13360.8580s
	iters: 3800, epoch: 7 | loss: 0.3058298
	speed: 0.0166s/iter; left time: 13337.8694s
	iters: 3900, epoch: 7 | loss: 0.2746389
	speed: 0.0166s/iter; left time: 13345.7083s
	iters: 4000, epoch: 7 | loss: 0.2985926
	speed: 0.0166s/iter; left time: 13354.0229s
	iters: 4100, epoch: 7 | loss: 0.2614441
	speed: 0.0166s/iter; left time: 13345.9163s
Epoch: 7 cost time: 69.71167612075806
Epoch: 7, Steps: 4155 | Train Loss: 0.2931903 Vali Loss: 0.2472464 Test Loss: 0.2021086
EarlyStopping counter: 3 out of 5
	iters: 100, epoch: 8 | loss: 0.2737134
	speed: 1.1530s/iter; left time: 924520.4199s
	iters: 200, epoch: 8 | loss: 0.2855750
	speed: 0.0170s/iter; left time: 13615.3641s
	iters: 300, epoch: 8 | loss: 0.2923128
	speed: 0.0170s/iter; left time: 13648.7957s
	iters: 400, epoch: 8 | loss: 0.2729317
	speed: 0.0171s/iter; left time: 13684.1886s
	iters: 500, epoch: 8 | loss: 0.2808354
	speed: 0.0171s/iter; left time: 13710.9530s
	iters: 600, epoch: 8 | loss: 0.2672207
	speed: 0.0171s/iter; left time: 13722.5105s
	iters: 700, epoch: 8 | loss: 0.2874534
	speed: 0.0171s/iter; left time: 13738.4716s
	iters: 800, epoch: 8 | loss: 0.2958941
	speed: 0.0171s/iter; left time: 13730.1636s
	iters: 900, epoch: 8 | loss: 0.2616885
	speed: 0.0171s/iter; left time: 13730.0654s
	iters: 1000, epoch: 8 | loss: 0.2997120
	speed: 0.0172s/iter; left time: 13747.0055s
	iters: 1100, epoch: 8 | loss: 0.3072919
	speed: 0.0172s/iter; left time: 13742.5454s
	iters: 1200, epoch: 8 | loss: 0.3099735
	speed: 0.0172s/iter; left time: 13739.5904s
	iters: 1300, epoch: 8 | loss: 0.2836049
	speed: 0.0172s/iter; left time: 13744.1449s
	iters: 1400, epoch: 8 | loss: 0.2979857
	speed: 0.0172s/iter; left time: 13754.9428s
	iters: 1500, epoch: 8 | loss: 0.2771208
	speed: 0.0172s/iter; left time: 13750.6311s
	iters: 1600, epoch: 8 | loss: 0.3223934
	speed: 0.0172s/iter; left time: 13757.4080s
	iters: 1700, epoch: 8 | loss: 0.2845975
	speed: 0.0172s/iter; left time: 13740.5902s
	iters: 1800, epoch: 8 | loss: 0.2879052
	speed: 0.0172s/iter; left time: 13750.9541s
	iters: 1900, epoch: 8 | loss: 0.3066995
	speed: 0.0172s/iter; left time: 13753.7846s
	iters: 2000, epoch: 8 | loss: 0.2855569
	speed: 0.0172s/iter; left time: 13749.8646s
	iters: 2100, epoch: 8 | loss: 0.3325886
	speed: 0.0172s/iter; left time: 13742.7548s
	iters: 2200, epoch: 8 | loss: 0.2803620
	speed: 0.0172s/iter; left time: 13747.4430s
	iters: 2300, epoch: 8 | loss: 0.3130412
	speed: 0.0172s/iter; left time: 13781.4562s
	iters: 2400, epoch: 8 | loss: 0.3193885
	speed: 0.0172s/iter; left time: 13738.5093s
	iters: 2500, epoch: 8 | loss: 0.3030273
	speed: 0.0172s/iter; left time: 13740.9174s
	iters: 2600, epoch: 8 | loss: 0.2883244
	speed: 0.0172s/iter; left time: 13762.4616s
	iters: 2700, epoch: 8 | loss: 0.3357996
	speed: 0.0172s/iter; left time: 13730.9686s
	iters: 2800, epoch: 8 | loss: 0.2760308
	speed: 0.0172s/iter; left time: 13746.1310s
	iters: 2900, epoch: 8 | loss: 0.2980016
	speed: 0.0172s/iter; left time: 13734.1714s
	iters: 3000, epoch: 8 | loss: 0.3399805
	speed: 0.0172s/iter; left time: 13732.8983s
	iters: 3100, epoch: 8 | loss: 0.2925670
	speed: 0.0172s/iter; left time: 13733.7028s
	iters: 3200, epoch: 8 | loss: 0.2892842
	speed: 0.0172s/iter; left time: 13734.3239s
	iters: 3300, epoch: 8 | loss: 0.2854092
	speed: 0.0172s/iter; left time: 13727.4558s
	iters: 3400, epoch: 8 | loss: 0.2899733
	speed: 0.0172s/iter; left time: 13736.4078s
	iters: 3500, epoch: 8 | loss: 0.3136052
	speed: 0.0172s/iter; left time: 13718.1036s
	iters: 3600, epoch: 8 | loss: 0.2866748
	speed: 0.0172s/iter; left time: 13731.6711s
	iters: 3700, epoch: 8 | loss: 0.3031314
	speed: 0.0172s/iter; left time: 13725.3037s
	iters: 3800, epoch: 8 | loss: 0.3057390
	speed: 0.0172s/iter; left time: 13712.6980s
	iters: 3900, epoch: 8 | loss: 0.3224382
	speed: 0.0172s/iter; left time: 13713.1089s
	iters: 4000, epoch: 8 | loss: 0.3097155
	speed: 0.0172s/iter; left time: 13706.7125s
	iters: 4100, epoch: 8 | loss: 0.2351698
	speed: 0.0172s/iter; left time: 13708.1580s
Epoch: 8 cost time: 71.93633389472961
Epoch: 8, Steps: 4155 | Train Loss: 0.2931882 Vali Loss: 0.2471899 Test Loss: 0.2020223
EarlyStopping counter: 4 out of 5
	iters: 100, epoch: 9 | loss: 0.2848974
	speed: 1.1341s/iter; left time: 904604.4986s
	iters: 200, epoch: 9 | loss: 0.2993778
	speed: 0.0166s/iter; left time: 13271.3887s
	iters: 300, epoch: 9 | loss: 0.2784851
	speed: 0.0167s/iter; left time: 13320.2687s
	iters: 400, epoch: 9 | loss: 0.3292619
	speed: 0.0167s/iter; left time: 13327.7748s
	iters: 500, epoch: 9 | loss: 0.2682315
	speed: 0.0167s/iter; left time: 13331.7411s
	iters: 600, epoch: 9 | loss: 0.3055838
	speed: 0.0168s/iter; left time: 13366.7501s
	iters: 700, epoch: 9 | loss: 0.3685874
	speed: 0.0168s/iter; left time: 13375.5974s
	iters: 800, epoch: 9 | loss: 0.3075071
	speed: 0.0168s/iter; left time: 13368.6731s
	iters: 900, epoch: 9 | loss: 0.2785988
	speed: 0.0168s/iter; left time: 13376.7059s
	iters: 1000, epoch: 9 | loss: 0.2799595
	speed: 0.0168s/iter; left time: 13380.8971s
	iters: 1100, epoch: 9 | loss: 0.2873361
	speed: 0.0168s/iter; left time: 13383.1931s
	iters: 1200, epoch: 9 | loss: 0.2693950
	speed: 0.0168s/iter; left time: 13391.4514s
	iters: 1300, epoch: 9 | loss: 0.2794637
	speed: 0.0168s/iter; left time: 13387.3434s
	iters: 1400, epoch: 9 | loss: 0.3037487
	speed: 0.0168s/iter; left time: 13389.2701s
	iters: 1500, epoch: 9 | loss: 0.2964989
	speed: 0.0168s/iter; left time: 13387.0553s
	iters: 1600, epoch: 9 | loss: 0.2840375
	speed: 0.0168s/iter; left time: 13377.3807s
	iters: 1700, epoch: 9 | loss: 0.3022969
	speed: 0.0168s/iter; left time: 13381.3337s
	iters: 1800, epoch: 9 | loss: 0.2825661
	speed: 0.0168s/iter; left time: 13392.0885s
	iters: 1900, epoch: 9 | loss: 0.3040854
	speed: 0.0168s/iter; left time: 13395.8555s
	iters: 2000, epoch: 9 | loss: 0.2867903
	speed: 0.0168s/iter; left time: 13385.8396s
	iters: 2100, epoch: 9 | loss: 0.3109178
	speed: 0.0168s/iter; left time: 13391.7133s
	iters: 2200, epoch: 9 | loss: 0.2589271
	speed: 0.0168s/iter; left time: 13373.2912s
	iters: 2300, epoch: 9 | loss: 0.2841605
	speed: 0.0168s/iter; left time: 13380.0612s
	iters: 2400, epoch: 9 | loss: 0.3192307
	speed: 0.0168s/iter; left time: 13384.0319s
	iters: 2500, epoch: 9 | loss: 0.2776314
	speed: 0.0168s/iter; left time: 13381.2722s
	iters: 2600, epoch: 9 | loss: 0.2761092
	speed: 0.0168s/iter; left time: 13372.8064s
	iters: 2700, epoch: 9 | loss: 0.3076957
	speed: 0.0169s/iter; left time: 13418.7054s
	iters: 2800, epoch: 9 | loss: 0.3119613
	speed: 0.0171s/iter; left time: 13631.6207s
	iters: 2900, epoch: 9 | loss: 0.2936499
	speed: 0.0171s/iter; left time: 13610.9569s
	iters: 3000, epoch: 9 | loss: 0.3080423
	speed: 0.0171s/iter; left time: 13620.7861s
	iters: 3100, epoch: 9 | loss: 0.2742085
	speed: 0.0171s/iter; left time: 13605.5068s
	iters: 3200, epoch: 9 | loss: 0.3565124
	speed: 0.0171s/iter; left time: 13610.3113s
	iters: 3300, epoch: 9 | loss: 0.3003233
	speed: 0.0169s/iter; left time: 13397.7406s
	iters: 3400, epoch: 9 | loss: 0.2677492
	speed: 0.0169s/iter; left time: 13414.0103s
	iters: 3500, epoch: 9 | loss: 0.3239065
	speed: 0.0169s/iter; left time: 13446.9984s
	iters: 3600, epoch: 9 | loss: 0.3010504
	speed: 0.0169s/iter; left time: 13403.5440s
	iters: 3700, epoch: 9 | loss: 0.2664773
	speed: 0.0171s/iter; left time: 13616.3848s
	iters: 3800, epoch: 9 | loss: 0.3261622
	speed: 0.0171s/iter; left time: 13610.9655s
	iters: 3900, epoch: 9 | loss: 0.2999956
	speed: 0.0171s/iter; left time: 13541.0208s
	iters: 4000, epoch: 9 | loss: 0.2943387
	speed: 0.0168s/iter; left time: 13364.4903s
	iters: 4100, epoch: 9 | loss: 0.2966552
	speed: 0.0167s/iter; left time: 13288.0652s
Epoch: 9 cost time: 70.67224049568176
Epoch: 9, Steps: 4155 | Train Loss: 0.2932071 Vali Loss: 0.2473967 Test Loss: 0.2021313
EarlyStopping counter: 5 out of 5
Early stopping
>>>>>>>testing : long_term_forecast_pems03_h_96_720_DLinear_custom_ftM_sl96_ll48_pl720_dm512_nh8_el2_dl1_df2048_fc3_ebtimeF_dtTrue_srate1.0_sseed7_trainseed2024_Exp_0<<<<<<<<<<<<<<<<<<<<<<<<<<<<<<<<<
test 37508
