Args in experiment:
Namespace(activation='gelu', anomaly_ratio=0.25, batch_size=32, c_out=1613, checkpoints='./checkpoints/', d_conv=4, d_ff=2048, d_layers=1, d_model=512, data='custom', data_path='pems07_d.csv', dec_in=1613, des='Exp', devices='0,1,2,3', distil=True, dropout=0, e_layers=2, embed='timeF', enc_in=1613, expand=2, factor=3, features='M', freq='h', gap_day=365, gpu=0, inverse=False, is_training=1, itr=1, label_len=48, learning_rate=0.0005, loss='MSE', lradj='type3', mask_rate=0.25, model='DLinear', model_id='pems07_d_96_336', moving_avg=25, n_heads=8, num_kernels=6, num_workers=10, output_attention=False, p_hidden_dims=[128, 128], p_hidden_layers=2, patience=5, pred_len=336, root_path='../../data/pems/', samle_rate=1.0, sample_seed=7, seasonal_patterns='Monthly', seq_len=96, target='', task_name='long_term_forecast', top_k=5, train_epochs=200, train_seed=2024, use_amp=False, use_gpu=True, use_multi_gpu=False)
Use GPU: cuda:0
>>>>>>>start training : long_term_forecast_pems07_d_96_336_DLinear_custom_ftM_sl96_ll48_pl336_dm512_nh8_el2_dl1_df2048_fc3_ebtimeF_dtTrue_srate1.0_sseed7_trainseed2024_Exp_0>>>>>>>>>>>>>>>>>>>>>>>>>>
train 5143
val 463
test 1257
	iters: 100, epoch: 1 | loss: 0.7924566
	speed: 0.1525s/iter; left time: 4865.7510s
Epoch: 1 cost time: 24.17199206352234
Epoch: 1, Steps: 160 | Train Loss: 0.8329093 Vali Loss: 1.4936069 Test Loss: 2.0546517
Validation loss decreased (inf --> 1.493607).  Saving model ...
	iters: 100, epoch: 2 | loss: 0.8423843
	speed: 0.4668s/iter; left time: 14818.1436s
Epoch: 2 cost time: 24.100976943969727
Epoch: 2, Steps: 160 | Train Loss: 0.7948104 Vali Loss: 1.4990331 Test Loss: 2.0490999
EarlyStopping counter: 1 out of 5
	iters: 100, epoch: 3 | loss: 0.8254598
	speed: 0.4678s/iter; left time: 14772.3311s
Epoch: 3 cost time: 24.01448154449463
Epoch: 3, Steps: 160 | Train Loss: 0.7924694 Vali Loss: 1.4804535 Test Loss: 2.0520849
Validation loss decreased (1.493607 --> 1.480453).  Saving model ...
	iters: 100, epoch: 4 | loss: 0.7749278
	speed: 0.4659s/iter; left time: 14638.4080s
Epoch: 4 cost time: 24.157377243041992
Epoch: 4, Steps: 160 | Train Loss: 0.7918781 Vali Loss: 1.4871216 Test Loss: 2.0483484
EarlyStopping counter: 1 out of 5
	iters: 100, epoch: 5 | loss: 0.7871295
	speed: 0.4656s/iter; left time: 14554.0830s
Epoch: 5 cost time: 24.055635929107666
Epoch: 5, Steps: 160 | Train Loss: 0.7918451 Vali Loss: 1.4845817 Test Loss: 2.0483606
EarlyStopping counter: 2 out of 5
	iters: 100, epoch: 6 | loss: 0.7627023
	speed: 0.4658s/iter; left time: 14487.9599s
Epoch: 6 cost time: 24.046175003051758
Epoch: 6, Steps: 160 | Train Loss: 0.7920600 Vali Loss: 1.4863898 Test Loss: 2.0490887
EarlyStopping counter: 3 out of 5
	iters: 100, epoch: 7 | loss: 0.8062006
	speed: 0.4644s/iter; left time: 14367.9842s
Epoch: 7 cost time: 24.042282342910767
Epoch: 7, Steps: 160 | Train Loss: 0.7921369 Vali Loss: 1.4804122 Test Loss: 2.0503399
Validation loss decreased (1.480453 --> 1.480412).  Saving model ...
	iters: 100, epoch: 8 | loss: 0.8115398
	speed: 0.4650s/iter; left time: 14314.5227s
Epoch: 8 cost time: 24.13103437423706
Epoch: 8, Steps: 160 | Train Loss: 0.7918847 Vali Loss: 1.4786863 Test Loss: 2.0514596
Validation loss decreased (1.480412 --> 1.478686).  Saving model ...
	iters: 100, epoch: 9 | loss: 0.8750883
	speed: 0.4663s/iter; left time: 14279.1318s
Epoch: 9 cost time: 24.137322187423706
Epoch: 9, Steps: 160 | Train Loss: 0.7918844 Vali Loss: 1.4888684 Test Loss: 2.0504224
EarlyStopping counter: 1 out of 5
	iters: 100, epoch: 10 | loss: 0.8313564
	speed: 0.4628s/iter; left time: 14097.9686s
Epoch: 10 cost time: 24.195860624313354
Epoch: 10, Steps: 160 | Train Loss: 0.7919257 Vali Loss: 1.4922911 Test Loss: 2.0505726
EarlyStopping counter: 2 out of 5
	iters: 100, epoch: 11 | loss: 0.8003011
	speed: 0.4663s/iter; left time: 14130.7859s
Epoch: 11 cost time: 24.197476148605347
Epoch: 11, Steps: 160 | Train Loss: 0.7917364 Vali Loss: 1.4834578 Test Loss: 2.0509484
EarlyStopping counter: 3 out of 5
	iters: 100, epoch: 12 | loss: 0.7652242
	speed: 0.4676s/iter; left time: 14092.7559s
Epoch: 12 cost time: 24.1743266582489
Epoch: 12, Steps: 160 | Train Loss: 0.7918173 Vali Loss: 1.4832469 Test Loss: 2.0547991
EarlyStopping counter: 4 out of 5
	iters: 100, epoch: 13 | loss: 0.7322748
	speed: 0.4650s/iter; left time: 13941.0843s
Epoch: 13 cost time: 24.021136045455933
Epoch: 13, Steps: 160 | Train Loss: 0.7916431 Vali Loss: 1.4852377 Test Loss: 2.0508482
EarlyStopping counter: 5 out of 5
Early stopping
>>>>>>>testing : long_term_forecast_pems07_d_96_336_DLinear_custom_ftM_sl96_ll48_pl336_dm512_nh8_el2_dl1_df2048_fc3_ebtimeF_dtTrue_srate1.0_sseed7_trainseed2024_Exp_0<<<<<<<<<<<<<<<<<<<<<<<<<<<<<<<<<
test 1257
test shape: (1257, 1, 336, 1613) (1257, 1, 336, 1613)
test shape: (1257, 336, 1613) (1257, 336, 1613)
mse:2.0514607429504395, mae:0.813280463218689
>>>>>>>Overall time: 635 seconds<<<<<<<<<<<<<<<<<<<<<<<<<<<<<<<<<
