Args in experiment:
Namespace(activation='gelu', anomaly_ratio=0.25, batch_size=32, c_out=521, checkpoints='./checkpoints/', d_ff=2048, d_layers=1, d_model=512, data='custom', data_path='pems11_h.csv', dec_in=521, des='Exp', devices='0,1,2,3', distil=True, dropout=0, e_layers=2, embed='timeF', enc_in=521, factor=3, features='M', freq='h', gap_day=365, gpu=0, inverse=False, is_training=1, itr=1, label_len=48, learning_rate=0.0005, loss='MSE', lradj='type3', mask_rate=0.25, model='DLinear', model_id='pems11_h_96_192', moving_avg=25, n_heads=8, num_kernels=6, num_workers=10, output_attention=False, p_hidden_dims=[128, 128], p_hidden_layers=2, patience=5, pred_len=192, root_path='../../data/pems/', samle_rate=1.0, sample_seed=7, seasonal_patterns='Monthly', seq_len=96, target='', task_name='long_term_forecast', top_k=5, train_epochs=200, train_seed=2024, use_amp=False, use_gpu=True, use_multi_gpu=False)
Use GPU: cuda:0
>>>>>>>start training : long_term_forecast_pems11_h_96_192_DLinear_custom_ftM_sl96_ll48_pl192_dm512_nh8_el2_dl1_df2048_fc3_ebtimeF_dtTrue_srate1.0_sseed7_trainseed2024_Exp_0>>>>>>>>>>>>>>>>>>>>>>>>>>
train 131962
val 18703
test 37594
	iters: 100, epoch: 1 | loss: 0.2344161
	speed: 0.0279s/iter; left time: 22980.6352s
	iters: 200, epoch: 1 | loss: 0.2211177
	speed: 0.0215s/iter; left time: 17721.5836s
	iters: 300, epoch: 1 | loss: 0.1897178
	speed: 0.0216s/iter; left time: 17835.2011s
	iters: 400, epoch: 1 | loss: 0.2298487
	speed: 0.0217s/iter; left time: 17907.0490s
	iters: 500, epoch: 1 | loss: 0.2237049
	speed: 0.0218s/iter; left time: 17938.2094s
	iters: 600, epoch: 1 | loss: 0.1773212
	speed: 0.0218s/iter; left time: 17944.0481s
	iters: 700, epoch: 1 | loss: 0.1890680
	speed: 0.0218s/iter; left time: 17922.2782s
	iters: 800, epoch: 1 | loss: 0.1761564
	speed: 0.0217s/iter; left time: 17836.4227s
	iters: 900, epoch: 1 | loss: 0.2380440
	speed: 0.0213s/iter; left time: 17520.8771s
	iters: 1000, epoch: 1 | loss: 0.1823423
	speed: 0.0214s/iter; left time: 17597.2594s
	iters: 1100, epoch: 1 | loss: 0.1618795
	speed: 0.0214s/iter; left time: 17623.0067s
	iters: 1200, epoch: 1 | loss: 0.1674408
	speed: 0.0214s/iter; left time: 17598.7460s
	iters: 1300, epoch: 1 | loss: 0.1783308
	speed: 0.0214s/iter; left time: 17617.3997s
	iters: 1400, epoch: 1 | loss: 0.1781185
	speed: 0.0214s/iter; left time: 17606.6477s
	iters: 1500, epoch: 1 | loss: 0.1563208
	speed: 0.0214s/iter; left time: 17599.9345s
	iters: 1600, epoch: 1 | loss: 0.1687380
	speed: 0.0215s/iter; left time: 17715.9082s
	iters: 1700, epoch: 1 | loss: 0.2215502
	speed: 0.0214s/iter; left time: 17598.1026s
	iters: 1800, epoch: 1 | loss: 0.1530603
	speed: 0.0214s/iter; left time: 17603.7972s
	iters: 1900, epoch: 1 | loss: 0.1720578
	speed: 0.0216s/iter; left time: 17805.9352s
	iters: 2000, epoch: 1 | loss: 0.1728362
	speed: 0.0218s/iter; left time: 17950.5300s
	iters: 2100, epoch: 1 | loss: 0.1871559
	speed: 0.0218s/iter; left time: 17910.3084s
	iters: 2200, epoch: 1 | loss: 0.1989957
	speed: 0.0218s/iter; left time: 17898.5114s
	iters: 2300, epoch: 1 | loss: 0.1506630
	speed: 0.0218s/iter; left time: 17892.1219s
	iters: 2400, epoch: 1 | loss: 0.1663123
	speed: 0.0218s/iter; left time: 17892.6982s
	iters: 2500, epoch: 1 | loss: 0.1648318
	speed: 0.0218s/iter; left time: 17887.8270s
	iters: 2600, epoch: 1 | loss: 0.2082170
	speed: 0.0218s/iter; left time: 17882.0451s
	iters: 2700, epoch: 1 | loss: 0.1621581
	speed: 0.0218s/iter; left time: 17889.4617s
	iters: 2800, epoch: 1 | loss: 0.2303590
	speed: 0.0218s/iter; left time: 17894.6189s
	iters: 2900, epoch: 1 | loss: 0.1817086
	speed: 0.0218s/iter; left time: 17909.8694s
	iters: 3000, epoch: 1 | loss: 0.1831101
	speed: 0.0218s/iter; left time: 17883.4158s
	iters: 3100, epoch: 1 | loss: 0.1499996
	speed: 0.0218s/iter; left time: 17872.3666s
	iters: 3200, epoch: 1 | loss: 0.1699316
	speed: 0.0218s/iter; left time: 17869.2099s
	iters: 3300, epoch: 1 | loss: 0.1682901
	speed: 0.0218s/iter; left time: 17866.5116s
	iters: 3400, epoch: 1 | loss: 0.1708871
	speed: 0.0217s/iter; left time: 17861.1096s
	iters: 3500, epoch: 1 | loss: 0.1546125
	speed: 0.0217s/iter; left time: 17854.3008s
	iters: 3600, epoch: 1 | loss: 0.1716793
	speed: 0.0218s/iter; left time: 17873.4447s
	iters: 3700, epoch: 1 | loss: 0.2244422
	speed: 0.0218s/iter; left time: 17865.1495s
	iters: 3800, epoch: 1 | loss: 0.1568118
	speed: 0.0218s/iter; left time: 17865.3078s
	iters: 3900, epoch: 1 | loss: 0.1764479
	speed: 0.0218s/iter; left time: 17856.7270s
	iters: 4000, epoch: 1 | loss: 0.1742581
	speed: 0.0218s/iter; left time: 17851.5128s
	iters: 4100, epoch: 1 | loss: 0.1983965
	speed: 0.0218s/iter; left time: 17859.6349s
Epoch: 1 cost time: 89.94908285140991
Epoch: 1, Steps: 4123 | Train Loss: 0.1825206 Vali Loss: 0.2197115 Test Loss: 24.8425407
Validation loss decreased (inf --> 0.219712).  Saving model ...
	iters: 100, epoch: 2 | loss: 0.1723956
	speed: 1.1697s/iter; left time: 959613.3004s
	iters: 200, epoch: 2 | loss: 0.1565358
	speed: 0.0210s/iter; left time: 17252.2411s
	iters: 300, epoch: 2 | loss: 0.2048601
	speed: 0.0211s/iter; left time: 17329.5568s
	iters: 400, epoch: 2 | loss: 0.1754321
	speed: 0.0212s/iter; left time: 17424.6984s
	iters: 500, epoch: 2 | loss: 0.1834725
	speed: 0.0213s/iter; left time: 17450.2659s
	iters: 600, epoch: 2 | loss: 0.1929310
	speed: 0.0213s/iter; left time: 17428.2874s
	iters: 700, epoch: 2 | loss: 0.2262073
	speed: 0.0213s/iter; left time: 17429.0836s
	iters: 800, epoch: 2 | loss: 0.1804467
	speed: 0.0212s/iter; left time: 17377.0652s
	iters: 900, epoch: 2 | loss: 0.1513788
	speed: 0.0213s/iter; left time: 17429.1049s
	iters: 1000, epoch: 2 | loss: 0.1457818
	speed: 0.0213s/iter; left time: 17472.4293s
	iters: 1100, epoch: 2 | loss: 0.1495559
	speed: 0.0213s/iter; left time: 17490.1081s
	iters: 1200, epoch: 2 | loss: 0.2334461
	speed: 0.0213s/iter; left time: 17477.2792s
	iters: 1300, epoch: 2 | loss: 0.1753324
	speed: 0.0213s/iter; left time: 17481.0305s
	iters: 1400, epoch: 2 | loss: 0.1778006
	speed: 0.0213s/iter; left time: 17479.1778s
	iters: 1500, epoch: 2 | loss: 0.1524372
	speed: 0.0213s/iter; left time: 17483.8251s
	iters: 1600, epoch: 2 | loss: 0.1609274
	speed: 0.0214s/iter; left time: 17499.1151s
	iters: 1700, epoch: 2 | loss: 0.1612101
	speed: 0.0213s/iter; left time: 17460.9654s
	iters: 1800, epoch: 2 | loss: 0.1414915
	speed: 0.0214s/iter; left time: 17479.1461s
	iters: 1900, epoch: 2 | loss: 0.1364974
	speed: 0.0214s/iter; left time: 17517.7418s
	iters: 2000, epoch: 2 | loss: 0.1612836
	speed: 0.0214s/iter; left time: 17489.2403s
	iters: 2100, epoch: 2 | loss: 0.1613383
	speed: 0.0214s/iter; left time: 17485.5016s
	iters: 2200, epoch: 2 | loss: 0.1599759
	speed: 0.0214s/iter; left time: 17541.6274s
	iters: 2300, epoch: 2 | loss: 0.2079456
	speed: 0.0214s/iter; left time: 17483.9710s
	iters: 2400, epoch: 2 | loss: 0.1674052
	speed: 0.0214s/iter; left time: 17491.7034s
	iters: 2500, epoch: 2 | loss: 0.1988246
	speed: 0.0214s/iter; left time: 17481.4718s
	iters: 2600, epoch: 2 | loss: 0.2127865
	speed: 0.0214s/iter; left time: 17499.0353s
	iters: 2700, epoch: 2 | loss: 0.2004468
	speed: 0.0214s/iter; left time: 17476.6321s
	iters: 2800, epoch: 2 | loss: 0.1486691
	speed: 0.0214s/iter; left time: 17470.7773s
	iters: 2900, epoch: 2 | loss: 0.1246322
	speed: 0.0214s/iter; left time: 17464.3387s
	iters: 3000, epoch: 2 | loss: 0.1545864
	speed: 0.0214s/iter; left time: 17469.4802s
	iters: 3100, epoch: 2 | loss: 0.2163098
	speed: 0.0214s/iter; left time: 17489.9919s
	iters: 3200, epoch: 2 | loss: 0.1556607
	speed: 0.0214s/iter; left time: 17472.2073s
	iters: 3300, epoch: 2 | loss: 0.1616314
	speed: 0.0214s/iter; left time: 17464.9610s
	iters: 3400, epoch: 2 | loss: 0.2064443
	speed: 0.0214s/iter; left time: 17465.0680s
	iters: 3500, epoch: 2 | loss: 0.1813101
	speed: 0.0214s/iter; left time: 17466.7287s
	iters: 3600, epoch: 2 | loss: 0.2121574
	speed: 0.0214s/iter; left time: 17458.9836s
	iters: 3700, epoch: 2 | loss: 0.2171042
	speed: 0.0214s/iter; left time: 17467.4283s
	iters: 3800, epoch: 2 | loss: 0.1415582
	speed: 0.0214s/iter; left time: 17457.1391s
	iters: 3900, epoch: 2 | loss: 0.1969044
	speed: 0.0214s/iter; left time: 17442.5610s
	iters: 4000, epoch: 2 | loss: 0.1644206
	speed: 0.0214s/iter; left time: 17472.9980s
	iters: 4100, epoch: 2 | loss: 0.1743943
	speed: 0.0214s/iter; left time: 17441.4381s
Epoch: 2 cost time: 88.40784335136414
Epoch: 2, Steps: 4123 | Train Loss: 0.1733064 Vali Loss: 0.2197538 Test Loss: 24.8214893
EarlyStopping counter: 1 out of 5
	iters: 100, epoch: 3 | loss: 0.1871601
	speed: 1.1707s/iter; left time: 955568.7529s
	iters: 200, epoch: 3 | loss: 0.1745967
	speed: 0.0212s/iter; left time: 17289.1987s
	iters: 300, epoch: 3 | loss: 0.1544862
	speed: 0.0213s/iter; left time: 17384.6379s
	iters: 400, epoch: 3 | loss: 0.1549876
	speed: 0.0213s/iter; left time: 17377.0547s
	iters: 500, epoch: 3 | loss: 0.1699201
	speed: 0.0214s/iter; left time: 17443.5986s
	iters: 600, epoch: 3 | loss: 0.1568144
	speed: 0.0213s/iter; left time: 17412.7925s
	iters: 700, epoch: 3 | loss: 0.1585885
	speed: 0.0214s/iter; left time: 17427.2226s
	iters: 800, epoch: 3 | loss: 0.1749747
	speed: 0.0213s/iter; left time: 17386.1604s
	iters: 900, epoch: 3 | loss: 0.1780547
	speed: 0.0214s/iter; left time: 17418.2698s
	iters: 1000, epoch: 3 | loss: 0.1825962
	speed: 0.0214s/iter; left time: 17427.4262s
	iters: 1100, epoch: 3 | loss: 0.1867061
	speed: 0.0214s/iter; left time: 17420.2312s
	iters: 1200, epoch: 3 | loss: 0.1639170
	speed: 0.0214s/iter; left time: 17433.6734s
	iters: 1300, epoch: 3 | loss: 0.1621632
	speed: 0.0214s/iter; left time: 17470.8854s
	iters: 1400, epoch: 3 | loss: 0.1519304
	speed: 0.0214s/iter; left time: 17444.8584s
	iters: 1500, epoch: 3 | loss: 0.1729527
	speed: 0.0214s/iter; left time: 17416.7120s
	iters: 1600, epoch: 3 | loss: 0.1898425
	speed: 0.0214s/iter; left time: 17437.9665s
	iters: 1700, epoch: 3 | loss: 0.1581310
	speed: 0.0214s/iter; left time: 17421.1581s
	iters: 1800, epoch: 3 | loss: 0.1492621
	speed: 0.0213s/iter; left time: 17359.4258s
	iters: 1900, epoch: 3 | loss: 0.1781012
	speed: 0.0214s/iter; left time: 17401.1447s
	iters: 2000, epoch: 3 | loss: 0.1682286
	speed: 0.0213s/iter; left time: 17363.2482s
	iters: 2100, epoch: 3 | loss: 0.1890386
	speed: 0.0214s/iter; left time: 17404.1147s
	iters: 2200, epoch: 3 | loss: 0.1522858
	speed: 0.0214s/iter; left time: 17401.6764s
	iters: 2300, epoch: 3 | loss: 0.1389254
	speed: 0.0214s/iter; left time: 17435.0296s
	iters: 2400, epoch: 3 | loss: 0.1844190
	speed: 0.0214s/iter; left time: 17402.8723s
	iters: 2500, epoch: 3 | loss: 0.1585055
	speed: 0.0214s/iter; left time: 17420.6833s
	iters: 2600, epoch: 3 | loss: 0.1716477
	speed: 0.0212s/iter; left time: 17222.5243s
	iters: 2700, epoch: 3 | loss: 0.1531821
	speed: 0.0212s/iter; left time: 17217.2730s
	iters: 2800, epoch: 3 | loss: 0.1648019
	speed: 0.0212s/iter; left time: 17230.7111s
	iters: 2900, epoch: 3 | loss: 0.1742734
	speed: 0.0212s/iter; left time: 17240.2530s
	iters: 3000, epoch: 3 | loss: 0.1435779
	speed: 0.0212s/iter; left time: 17231.9592s
	iters: 3100, epoch: 3 | loss: 0.2134878
	speed: 0.0212s/iter; left time: 17216.2117s
	iters: 3200, epoch: 3 | loss: 0.1452681
	speed: 0.0212s/iter; left time: 17207.6369s
	iters: 3300, epoch: 3 | loss: 0.2000178
	speed: 0.0211s/iter; left time: 17178.7776s
	iters: 3400, epoch: 3 | loss: 0.1900077
	speed: 0.0211s/iter; left time: 17192.2035s
	iters: 3500, epoch: 3 | loss: 0.1627847
	speed: 0.0211s/iter; left time: 17190.3446s
	iters: 3600, epoch: 3 | loss: 0.1593460
	speed: 0.0212s/iter; left time: 17255.9021s
	iters: 3700, epoch: 3 | loss: 0.1559709
	speed: 0.0212s/iter; left time: 17255.3580s
	iters: 3800, epoch: 3 | loss: 0.1782923
	speed: 0.0213s/iter; left time: 17287.0287s
	iters: 3900, epoch: 3 | loss: 0.1547364
	speed: 0.0212s/iter; left time: 17246.7995s
	iters: 4000, epoch: 3 | loss: 0.1984406
	speed: 0.0212s/iter; left time: 17262.4004s
	iters: 4100, epoch: 3 | loss: 0.1913460
	speed: 0.0212s/iter; left time: 17242.8541s
Epoch: 3 cost time: 88.26171779632568
Epoch: 3, Steps: 4123 | Train Loss: 0.1731898 Vali Loss: 0.2195513 Test Loss: 24.8994808
Validation loss decreased (0.219712 --> 0.219551).  Saving model ...
	iters: 100, epoch: 4 | loss: 0.1833497
	speed: 1.1726s/iter; left time: 952290.2277s
	iters: 200, epoch: 4 | loss: 0.1409296
	speed: 0.0209s/iter; left time: 17004.7253s
	iters: 300, epoch: 4 | loss: 0.1753144
	speed: 0.0211s/iter; left time: 17108.9258s
	iters: 400, epoch: 4 | loss: 0.2248390
	speed: 0.0211s/iter; left time: 17138.1824s
	iters: 500, epoch: 4 | loss: 0.1723912
	speed: 0.0212s/iter; left time: 17178.6736s
	iters: 600, epoch: 4 | loss: 0.1394313
	speed: 0.0212s/iter; left time: 17226.5791s
	iters: 700, epoch: 4 | loss: 0.1730304
	speed: 0.0212s/iter; left time: 17205.0637s
	iters: 800, epoch: 4 | loss: 0.1686886
	speed: 0.0212s/iter; left time: 17202.4523s
	iters: 900, epoch: 4 | loss: 0.1406775
	speed: 0.0212s/iter; left time: 17208.7197s
	iters: 1000, epoch: 4 | loss: 0.1595812
	speed: 0.0212s/iter; left time: 17225.2494s
	iters: 1100, epoch: 4 | loss: 0.1964950
	speed: 0.0213s/iter; left time: 17245.6423s
	iters: 1200, epoch: 4 | loss: 0.1785500
	speed: 0.0213s/iter; left time: 17255.8877s
	iters: 1300, epoch: 4 | loss: 0.1477105
	speed: 0.0212s/iter; left time: 17223.2992s
	iters: 1400, epoch: 4 | loss: 0.1897714
	speed: 0.0213s/iter; left time: 17235.6683s
	iters: 1500, epoch: 4 | loss: 0.1304161
	speed: 0.0212s/iter; left time: 17221.5932s
	iters: 1600, epoch: 4 | loss: 0.1624054
	speed: 0.0212s/iter; left time: 17174.7522s
	iters: 1700, epoch: 4 | loss: 0.1615078
	speed: 0.0212s/iter; left time: 17179.9111s
	iters: 1800, epoch: 4 | loss: 0.1539657
	speed: 0.0212s/iter; left time: 17207.1671s
	iters: 1900, epoch: 4 | loss: 0.1546534
	speed: 0.0212s/iter; left time: 17211.0852s
	iters: 2000, epoch: 4 | loss: 0.1671822
	speed: 0.0211s/iter; left time: 17096.9394s
	iters: 2100, epoch: 4 | loss: 0.1953273
	speed: 0.0212s/iter; left time: 17159.2334s
	iters: 2200, epoch: 4 | loss: 0.1832878
	speed: 0.0213s/iter; left time: 17220.9282s
	iters: 2300, epoch: 4 | loss: 0.1425631
	speed: 0.0213s/iter; left time: 17228.2257s
	iters: 2400, epoch: 4 | loss: 0.1712338
	speed: 0.0213s/iter; left time: 17235.4977s
	iters: 2500, epoch: 4 | loss: 0.1447210
	speed: 0.0213s/iter; left time: 17258.7368s
	iters: 2600, epoch: 4 | loss: 0.1606932
	speed: 0.0213s/iter; left time: 17272.9725s
	iters: 2700, epoch: 4 | loss: 0.1554745
	speed: 0.0213s/iter; left time: 17257.6586s
	iters: 2800, epoch: 4 | loss: 0.2117454
	speed: 0.0213s/iter; left time: 17256.8642s
	iters: 2900, epoch: 4 | loss: 0.1868629
	speed: 0.0213s/iter; left time: 17241.4238s
	iters: 3000, epoch: 4 | loss: 0.1830422
	speed: 0.0213s/iter; left time: 17237.9757s
	iters: 3100, epoch: 4 | loss: 0.1922769
	speed: 0.0213s/iter; left time: 17230.0003s
	iters: 3200, epoch: 4 | loss: 0.1798140
	speed: 0.0213s/iter; left time: 17246.4614s
	iters: 3300, epoch: 4 | loss: 0.1865621
	speed: 0.0213s/iter; left time: 17256.6750s
	iters: 3400, epoch: 4 | loss: 0.1914234
	speed: 0.0213s/iter; left time: 17243.8602s
	iters: 3500, epoch: 4 | loss: 0.1827647
	speed: 0.0213s/iter; left time: 17233.1017s
	iters: 3600, epoch: 4 | loss: 0.2114986
	speed: 0.0213s/iter; left time: 17239.6176s
	iters: 3700, epoch: 4 | loss: 0.1964081
	speed: 0.0213s/iter; left time: 17243.0586s
	iters: 3800, epoch: 4 | loss: 0.1938523
	speed: 0.0213s/iter; left time: 17224.2592s
	iters: 3900, epoch: 4 | loss: 0.1688658
	speed: 0.0213s/iter; left time: 17232.6262s
	iters: 4000, epoch: 4 | loss: 0.2022550
	speed: 0.0213s/iter; left time: 17231.9800s
	iters: 4100, epoch: 4 | loss: 0.1624230
	speed: 0.0213s/iter; left time: 17250.8224s
Epoch: 4 cost time: 88.05882930755615
Epoch: 4, Steps: 4123 | Train Loss: 0.1732002 Vali Loss: 0.2193895 Test Loss: 24.8312492
Validation loss decreased (0.219551 --> 0.219390).  Saving model ...
	iters: 100, epoch: 5 | loss: 0.1218321
	speed: 1.1694s/iter; left time: 944900.7937s
	iters: 200, epoch: 5 | loss: 0.1802982
	speed: 0.0210s/iter; left time: 17001.3975s
	iters: 300, epoch: 5 | loss: 0.1659115
	speed: 0.0211s/iter; left time: 17079.4326s
	iters: 400, epoch: 5 | loss: 0.1437345
	speed: 0.0211s/iter; left time: 17062.8330s
	iters: 500, epoch: 5 | loss: 0.1808451
	speed: 0.0212s/iter; left time: 17094.0353s
	iters: 600, epoch: 5 | loss: 0.2078942
	speed: 0.0212s/iter; left time: 17136.6943s
	iters: 700, epoch: 5 | loss: 0.2161091
	speed: 0.0212s/iter; left time: 17131.4516s
	iters: 800, epoch: 5 | loss: 0.1893510
	speed: 0.0213s/iter; left time: 17189.6157s
	iters: 900, epoch: 5 | loss: 0.1602456
	speed: 0.0213s/iter; left time: 17173.5105s
	iters: 1000, epoch: 5 | loss: 0.1556093
	speed: 0.0212s/iter; left time: 17150.2253s
	iters: 1100, epoch: 5 | loss: 0.1945942
	speed: 0.0213s/iter; left time: 17183.5127s
	iters: 1200, epoch: 5 | loss: 0.1396978
	speed: 0.0213s/iter; left time: 17176.0987s
	iters: 1300, epoch: 5 | loss: 0.1772487
	speed: 0.0213s/iter; left time: 17182.1857s
	iters: 1400, epoch: 5 | loss: 0.1929380
	speed: 0.0213s/iter; left time: 17174.3611s
	iters: 1500, epoch: 5 | loss: 0.1807149
	speed: 0.0213s/iter; left time: 17172.7513s
	iters: 1600, epoch: 5 | loss: 0.1703022
	speed: 0.0213s/iter; left time: 17177.9639s
	iters: 1700, epoch: 5 | loss: 0.1393455
	speed: 0.0213s/iter; left time: 17181.0904s
	iters: 1800, epoch: 5 | loss: 0.1797530
	speed: 0.0213s/iter; left time: 17189.0082s
	iters: 1900, epoch: 5 | loss: 0.1975672
	speed: 0.0213s/iter; left time: 17174.2613s
	iters: 2000, epoch: 5 | loss: 0.1529123
	speed: 0.0213s/iter; left time: 17175.7404s
	iters: 2100, epoch: 5 | loss: 0.1544324
	speed: 0.0213s/iter; left time: 17178.9481s
	iters: 2200, epoch: 5 | loss: 0.1578847
	speed: 0.0213s/iter; left time: 17159.3336s
	iters: 2300, epoch: 5 | loss: 0.1709521
	speed: 0.0213s/iter; left time: 17162.4166s
	iters: 2400, epoch: 5 | loss: 0.1787822
	speed: 0.0213s/iter; left time: 17175.1223s
	iters: 2500, epoch: 5 | loss: 0.1690557
	speed: 0.0214s/iter; left time: 17208.4510s
	iters: 2600, epoch: 5 | loss: 0.1701923
	speed: 0.0214s/iter; left time: 17206.1306s
	iters: 2700, epoch: 5 | loss: 0.1176690
	speed: 0.0214s/iter; left time: 17204.3306s
	iters: 2800, epoch: 5 | loss: 0.1533755
	speed: 0.0214s/iter; left time: 17233.1872s
	iters: 2900, epoch: 5 | loss: 0.1867163
	speed: 0.0213s/iter; left time: 17189.4593s
	iters: 3000, epoch: 5 | loss: 0.1850943
	speed: 0.0214s/iter; left time: 17200.9110s
	iters: 3100, epoch: 5 | loss: 0.1346575
	speed: 0.0213s/iter; left time: 17181.1170s
	iters: 3200, epoch: 5 | loss: 0.1534813
	speed: 0.0214s/iter; left time: 17193.9629s
	iters: 3300, epoch: 5 | loss: 0.1846631
	speed: 0.0213s/iter; left time: 17177.4567s
	iters: 3400, epoch: 5 | loss: 0.1678765
	speed: 0.0214s/iter; left time: 17201.9004s
	iters: 3500, epoch: 5 | loss: 0.1585083
	speed: 0.0213s/iter; left time: 17152.4067s
	iters: 3600, epoch: 5 | loss: 0.1697936
	speed: 0.0214s/iter; left time: 17199.2804s
	iters: 3700, epoch: 5 | loss: 0.1545156
	speed: 0.0213s/iter; left time: 17158.4766s
	iters: 3800, epoch: 5 | loss: 0.1759309
	speed: 0.0213s/iter; left time: 17167.7630s
	iters: 3900, epoch: 5 | loss: 0.1866692
	speed: 0.0213s/iter; left time: 17162.2846s
	iters: 4000, epoch: 5 | loss: 0.1680851
	speed: 0.0214s/iter; left time: 17170.6776s
	iters: 4100, epoch: 5 | loss: 0.1765639
	speed: 0.0214s/iter; left time: 17171.1722s
Epoch: 5 cost time: 88.29272961616516
Epoch: 5, Steps: 4123 | Train Loss: 0.1731930 Vali Loss: 0.2196613 Test Loss: 24.8304749
EarlyStopping counter: 1 out of 5
	iters: 100, epoch: 6 | loss: 0.1616447
	speed: 1.2740s/iter; left time: 1024160.9132s
	iters: 200, epoch: 6 | loss: 0.1804817
	speed: 0.0211s/iter; left time: 16963.4865s
	iters: 300, epoch: 6 | loss: 0.2276781
	speed: 0.0212s/iter; left time: 17045.9295s
	iters: 400, epoch: 6 | loss: 0.1744292
	speed: 0.0213s/iter; left time: 17091.9378s
	iters: 500, epoch: 6 | loss: 0.1864562
	speed: 0.0212s/iter; left time: 17072.2231s
	iters: 600, epoch: 6 | loss: 0.1621896
	speed: 0.0213s/iter; left time: 17119.6542s
	iters: 700, epoch: 6 | loss: 0.1485317
	speed: 0.0213s/iter; left time: 17118.0116s
	iters: 800, epoch: 6 | loss: 0.1629337
	speed: 0.0213s/iter; left time: 17127.8605s
	iters: 900, epoch: 6 | loss: 0.1730359
	speed: 0.0213s/iter; left time: 17131.2098s
	iters: 1000, epoch: 6 | loss: 0.1825219
	speed: 0.0214s/iter; left time: 17151.0203s
	iters: 1100, epoch: 6 | loss: 0.1832272
	speed: 0.0214s/iter; left time: 17182.3508s
	iters: 1200, epoch: 6 | loss: 0.1535054
	speed: 0.0214s/iter; left time: 17188.7050s
	iters: 1300, epoch: 6 | loss: 0.1687448
	speed: 0.0214s/iter; left time: 17178.7233s
	iters: 1400, epoch: 6 | loss: 0.1672689
	speed: 0.0214s/iter; left time: 17187.2988s
	iters: 1500, epoch: 6 | loss: 0.1610470
	speed: 0.0214s/iter; left time: 17169.8683s
	iters: 1600, epoch: 6 | loss: 0.1697878
	speed: 0.0214s/iter; left time: 17201.0615s
	iters: 1700, epoch: 6 | loss: 0.1688473
	speed: 0.0214s/iter; left time: 17180.5606s
	iters: 1800, epoch: 6 | loss: 0.2475941
	speed: 0.0214s/iter; left time: 17187.3336s
	iters: 1900, epoch: 6 | loss: 0.1941213
	speed: 0.0214s/iter; left time: 17194.8751s
	iters: 2000, epoch: 6 | loss: 0.1783933
	speed: 0.0214s/iter; left time: 17187.2799s
	iters: 2100, epoch: 6 | loss: 0.1646666
	speed: 0.0214s/iter; left time: 17194.7611s
	iters: 2200, epoch: 6 | loss: 0.1798774
	speed: 0.0214s/iter; left time: 17192.9035s
	iters: 2300, epoch: 6 | loss: 0.1493002
	speed: 0.0215s/iter; left time: 17217.5604s
	iters: 2400, epoch: 6 | loss: 0.1771954
	speed: 0.0215s/iter; left time: 17194.2011s
	iters: 2500, epoch: 6 | loss: 0.2169363
	speed: 0.0215s/iter; left time: 17203.2520s
	iters: 2600, epoch: 6 | loss: 0.1668722
	speed: 0.0214s/iter; left time: 17171.3796s
	iters: 2700, epoch: 6 | loss: 0.2077878
	speed: 0.0215s/iter; left time: 17197.0067s
	iters: 2800, epoch: 6 | loss: 0.1642137
	speed: 0.0214s/iter; left time: 17184.0107s
	iters: 2900, epoch: 6 | loss: 0.1404579
	speed: 0.0215s/iter; left time: 17183.8083s
	iters: 3000, epoch: 6 | loss: 0.1987468
	speed: 0.0215s/iter; left time: 17186.1931s
	iters: 3100, epoch: 6 | loss: 0.1851848
	speed: 0.0215s/iter; left time: 17189.9782s
	iters: 3200, epoch: 6 | loss: 0.1584848
	speed: 0.0215s/iter; left time: 17229.9798s
	iters: 3300, epoch: 6 | loss: 0.2052096
	speed: 0.0217s/iter; left time: 17376.1544s
	iters: 3400, epoch: 6 | loss: 0.1454372
	speed: 0.0218s/iter; left time: 17456.8047s
	iters: 3500, epoch: 6 | loss: 0.1672847
	speed: 0.0218s/iter; left time: 17457.0022s
	iters: 3600, epoch: 6 | loss: 0.2326953
	speed: 0.0218s/iter; left time: 17455.1305s
	iters: 3700, epoch: 6 | loss: 0.1725873
	speed: 0.0218s/iter; left time: 17471.2916s
	iters: 3800, epoch: 6 | loss: 0.2006950
	speed: 0.0218s/iter; left time: 17452.0757s
	iters: 3900, epoch: 6 | loss: 0.1866518
	speed: 0.0218s/iter; left time: 17449.4884s
	iters: 4000, epoch: 6 | loss: 0.1536876
	speed: 0.0218s/iter; left time: 17471.1794s
	iters: 4100, epoch: 6 | loss: 0.1809684
	speed: 0.0218s/iter; left time: 17448.0023s
Epoch: 6 cost time: 89.01532626152039
Epoch: 6, Steps: 4123 | Train Loss: 0.1731791 Vali Loss: 0.2201821 Test Loss: 24.8783226
EarlyStopping counter: 2 out of 5
	iters: 100, epoch: 7 | loss: 0.1768062
	speed: 1.1677s/iter; left time: 933858.9816s
	iters: 200, epoch: 7 | loss: 0.1918932
	speed: 0.0211s/iter; left time: 16874.8751s
	iters: 300, epoch: 7 | loss: 0.1776559
	speed: 0.0213s/iter; left time: 17003.0533s
	iters: 400, epoch: 7 | loss: 0.1933993
	speed: 0.0212s/iter; left time: 16941.1410s
	iters: 500, epoch: 7 | loss: 0.1155126
	speed: 0.0212s/iter; left time: 16929.2584s
	iters: 600, epoch: 7 | loss: 0.1308618
	speed: 0.0212s/iter; left time: 16952.7212s
	iters: 700, epoch: 7 | loss: 0.1501622
	speed: 0.0213s/iter; left time: 17050.8065s
	iters: 800, epoch: 7 | loss: 0.2020304
	speed: 0.0214s/iter; left time: 17079.2233s
	iters: 900, epoch: 7 | loss: 0.1628019
	speed: 0.0213s/iter; left time: 17053.2178s
	iters: 1000, epoch: 7 | loss: 0.1505288
	speed: 0.0214s/iter; left time: 17068.1584s
	iters: 1100, epoch: 7 | loss: 0.1559461
	speed: 0.0213s/iter; left time: 17047.5664s
	iters: 1200, epoch: 7 | loss: 0.1564541
	speed: 0.0213s/iter; left time: 17035.2429s
	iters: 1300, epoch: 7 | loss: 0.1664037
	speed: 0.0213s/iter; left time: 17003.9190s
	iters: 1400, epoch: 7 | loss: 0.1676927
	speed: 0.0213s/iter; left time: 17012.6407s
	iters: 1500, epoch: 7 | loss: 0.1505052
	speed: 0.0215s/iter; left time: 17141.8935s
	iters: 1600, epoch: 7 | loss: 0.1495840
	speed: 0.0214s/iter; left time: 17065.3100s
	iters: 1700, epoch: 7 | loss: 0.1742495
	speed: 0.0214s/iter; left time: 17059.9029s
	iters: 1800, epoch: 7 | loss: 0.1713749
	speed: 0.0214s/iter; left time: 17047.5421s
	iters: 1900, epoch: 7 | loss: 0.1276361
	speed: 0.0214s/iter; left time: 17050.6189s
	iters: 2000, epoch: 7 | loss: 0.1704660
	speed: 0.0214s/iter; left time: 17054.7976s
	iters: 2100, epoch: 7 | loss: 0.1630881
	speed: 0.0214s/iter; left time: 17068.6236s
	iters: 2200, epoch: 7 | loss: 0.1721099
	speed: 0.0214s/iter; left time: 17061.6060s
	iters: 2300, epoch: 7 | loss: 0.2047660
	speed: 0.0214s/iter; left time: 17065.8790s
	iters: 2400, epoch: 7 | loss: 0.1730171
	speed: 0.0214s/iter; left time: 17063.0795s
	iters: 2500, epoch: 7 | loss: 0.1243744
	speed: 0.0214s/iter; left time: 17045.8854s
	iters: 2600, epoch: 7 | loss: 0.1581774
	speed: 0.0214s/iter; left time: 17051.0924s
	iters: 2700, epoch: 7 | loss: 0.1653766
	speed: 0.0214s/iter; left time: 17052.2379s
	iters: 2800, epoch: 7 | loss: 0.1629152
	speed: 0.0214s/iter; left time: 17039.7571s
	iters: 2900, epoch: 7 | loss: 0.1869182
	speed: 0.0214s/iter; left time: 17030.6193s
	iters: 3000, epoch: 7 | loss: 0.1379925
	speed: 0.0214s/iter; left time: 17049.9261s
	iters: 3100, epoch: 7 | loss: 0.1692345
	speed: 0.0214s/iter; left time: 17029.6792s
	iters: 3200, epoch: 7 | loss: 0.1785856
	speed: 0.0214s/iter; left time: 17030.4726s
	iters: 3300, epoch: 7 | loss: 0.1428147
	speed: 0.0214s/iter; left time: 17032.2472s
	iters: 3400, epoch: 7 | loss: 0.1661016
	speed: 0.0214s/iter; left time: 17049.9526s
	iters: 3500, epoch: 7 | loss: 0.1660589
	speed: 0.0214s/iter; left time: 17023.8981s
	iters: 3600, epoch: 7 | loss: 0.1638196
	speed: 0.0213s/iter; left time: 16983.2923s
	iters: 3700, epoch: 7 | loss: 0.2123793
	speed: 0.0213s/iter; left time: 16971.1825s
	iters: 3800, epoch: 7 | loss: 0.1622292
	speed: 0.0214s/iter; left time: 17011.8024s
	iters: 3900, epoch: 7 | loss: 0.1489816
	speed: 0.0213s/iter; left time: 16977.5749s
	iters: 4000, epoch: 7 | loss: 0.1906900
	speed: 0.0213s/iter; left time: 16974.0682s
	iters: 4100, epoch: 7 | loss: 0.1727107
	speed: 0.0214s/iter; left time: 16999.8382s
Epoch: 7 cost time: 88.43729853630066
Epoch: 7, Steps: 4123 | Train Loss: 0.1731979 Vali Loss: 0.2197010 Test Loss: 24.8047409
EarlyStopping counter: 3 out of 5
	iters: 100, epoch: 8 | loss: 0.1991378
	speed: 1.1708s/iter; left time: 931535.7439s
	iters: 200, epoch: 8 | loss: 0.1919034
	speed: 0.0211s/iter; left time: 16751.2022s
	iters: 300, epoch: 8 | loss: 0.2059610
	speed: 0.0212s/iter; left time: 16827.2751s
	iters: 400, epoch: 8 | loss: 0.1672765
	speed: 0.0212s/iter; left time: 16869.3988s
	iters: 500, epoch: 8 | loss: 0.1794326
	speed: 0.0213s/iter; left time: 16926.4235s
	iters: 600, epoch: 8 | loss: 0.1907376
	speed: 0.0213s/iter; left time: 16920.9168s
	iters: 700, epoch: 8 | loss: 0.1718803
	speed: 0.0213s/iter; left time: 16926.9983s
	iters: 800, epoch: 8 | loss: 0.1712212
	speed: 0.0213s/iter; left time: 16952.7754s
	iters: 900, epoch: 8 | loss: 0.1882300
	speed: 0.0213s/iter; left time: 16946.3903s
	iters: 1000, epoch: 8 | loss: 0.1592493
	speed: 0.0214s/iter; left time: 16975.4525s
	iters: 1100, epoch: 8 | loss: 0.1579947
	speed: 0.0213s/iter; left time: 16964.2567s
	iters: 1200, epoch: 8 | loss: 0.1666573
	speed: 0.0213s/iter; left time: 16938.2533s
	iters: 1300, epoch: 8 | loss: 0.1428232
	speed: 0.0213s/iter; left time: 16959.0343s
	iters: 1400, epoch: 8 | loss: 0.2416961
	speed: 0.0212s/iter; left time: 16877.3842s
	iters: 1500, epoch: 8 | loss: 0.1335161
	speed: 0.0213s/iter; left time: 16888.3576s
	iters: 1600, epoch: 8 | loss: 0.1665703
	speed: 0.0213s/iter; left time: 16910.2810s
	iters: 1700, epoch: 8 | loss: 0.1648852
	speed: 0.0213s/iter; left time: 16906.3398s
	iters: 1800, epoch: 8 | loss: 0.1688578
	speed: 0.0213s/iter; left time: 16904.1747s
	iters: 1900, epoch: 8 | loss: 0.1862690
	speed: 0.0213s/iter; left time: 16885.8084s
	iters: 2000, epoch: 8 | loss: 0.1991540
	speed: 0.0213s/iter; left time: 16885.2464s
	iters: 2100, epoch: 8 | loss: 0.1769421
	speed: 0.0213s/iter; left time: 16890.4475s
	iters: 2200, epoch: 8 | loss: 0.1566372
	speed: 0.0214s/iter; left time: 16944.8658s
	iters: 2300, epoch: 8 | loss: 0.1860851
	speed: 0.0213s/iter; left time: 16890.3055s
	iters: 2400, epoch: 8 | loss: 0.1852684
	speed: 0.0213s/iter; left time: 16868.1877s
	iters: 2500, epoch: 8 | loss: 0.1700457
	speed: 0.0213s/iter; left time: 16888.7165s
	iters: 2600, epoch: 8 | loss: 0.1620971
	speed: 0.0213s/iter; left time: 16885.2581s
	iters: 2700, epoch: 8 | loss: 0.1721427
	speed: 0.0213s/iter; left time: 16899.4142s
	iters: 2800, epoch: 8 | loss: 0.1799704
	speed: 0.0213s/iter; left time: 16874.9166s
	iters: 2900, epoch: 8 | loss: 0.2012020
	speed: 0.0213s/iter; left time: 16905.7435s
	iters: 3000, epoch: 8 | loss: 0.2078353
	speed: 0.0213s/iter; left time: 16880.1256s
	iters: 3100, epoch: 8 | loss: 0.1500296
	speed: 0.0213s/iter; left time: 16898.5857s
	iters: 3200, epoch: 8 | loss: 0.1708414
	speed: 0.0213s/iter; left time: 16884.1923s
	iters: 3300, epoch: 8 | loss: 0.1580597
	speed: 0.0213s/iter; left time: 16865.5039s
	iters: 3400, epoch: 8 | loss: 0.2243642
	speed: 0.0213s/iter; left time: 16874.2813s
	iters: 3500, epoch: 8 | loss: 0.1563035
	speed: 0.0213s/iter; left time: 16884.8787s
	iters: 3600, epoch: 8 | loss: 0.2530575
	speed: 0.0213s/iter; left time: 16875.6292s
	iters: 3700, epoch: 8 | loss: 0.1802102
	speed: 0.0213s/iter; left time: 16872.4206s
	iters: 3800, epoch: 8 | loss: 0.1792741
	speed: 0.0213s/iter; left time: 16900.5930s
	iters: 3900, epoch: 8 | loss: 0.1703373
	speed: 0.0213s/iter; left time: 16826.7038s
	iters: 4000, epoch: 8 | loss: 0.2313291
	speed: 0.0213s/iter; left time: 16868.1553s
	iters: 4100, epoch: 8 | loss: 0.1911048
	speed: 0.0213s/iter; left time: 16861.6498s
Epoch: 8 cost time: 88.2501118183136
Epoch: 8, Steps: 4123 | Train Loss: 0.1731892 Vali Loss: 0.2196246 Test Loss: 24.7390594
EarlyStopping counter: 4 out of 5
	iters: 100, epoch: 9 | loss: 0.2350128
	speed: 1.1767s/iter; left time: 931396.3615s
	iters: 200, epoch: 9 | loss: 0.1815741
	speed: 0.0211s/iter; left time: 16674.9250s
	iters: 300, epoch: 9 | loss: 0.1376147
	speed: 0.0211s/iter; left time: 16694.1956s
	iters: 400, epoch: 9 | loss: 0.1447031
	speed: 0.0212s/iter; left time: 16802.9426s
	iters: 500, epoch: 9 | loss: 0.1735979
	speed: 0.0213s/iter; left time: 16877.7973s
	iters: 600, epoch: 9 | loss: 0.1757655
	speed: 0.0214s/iter; left time: 16894.4044s
	iters: 700, epoch: 9 | loss: 0.1788480
	speed: 0.0214s/iter; left time: 16905.9191s
	iters: 800, epoch: 9 | loss: 0.1973309
	speed: 0.0213s/iter; left time: 16882.2120s
	iters: 900, epoch: 9 | loss: 0.1733815
	speed: 0.0214s/iter; left time: 16924.5457s
	iters: 1000, epoch: 9 | loss: 0.1646038
	speed: 0.0215s/iter; left time: 16969.9445s
	iters: 1100, epoch: 9 | loss: 0.1829939
	speed: 0.0215s/iter; left time: 16973.2713s
	iters: 1200, epoch: 9 | loss: 0.1940909
	speed: 0.0214s/iter; left time: 16954.0959s
	iters: 1300, epoch: 9 | loss: 0.1693272
	speed: 0.0215s/iter; left time: 16977.2886s
	iters: 1400, epoch: 9 | loss: 0.1951807
	speed: 0.0214s/iter; left time: 16937.7595s
	iters: 1500, epoch: 9 | loss: 0.2088078
	speed: 0.0214s/iter; left time: 16937.4716s
	iters: 1600, epoch: 9 | loss: 0.1447679
	speed: 0.0215s/iter; left time: 16961.2192s
	iters: 1700, epoch: 9 | loss: 0.1777332
	speed: 0.0215s/iter; left time: 16946.3542s
	iters: 1800, epoch: 9 | loss: 0.2154879
	speed: 0.0215s/iter; left time: 16947.0994s
	iters: 1900, epoch: 9 | loss: 0.1717390
	speed: 0.0214s/iter; left time: 16905.9113s
	iters: 2000, epoch: 9 | loss: 0.1984596
	speed: 0.0215s/iter; left time: 16940.3249s
	iters: 2100, epoch: 9 | loss: 0.1467688
	speed: 0.0214s/iter; left time: 16888.4966s
	iters: 2200, epoch: 9 | loss: 0.1425695
	speed: 0.0213s/iter; left time: 16824.7916s
	iters: 2300, epoch: 9 | loss: 0.1706289
	speed: 0.0212s/iter; left time: 16761.9340s
	iters: 2400, epoch: 9 | loss: 0.2014707
	speed: 0.0213s/iter; left time: 16774.1673s
	iters: 2500, epoch: 9 | loss: 0.1874286
	speed: 0.0213s/iter; left time: 16788.9350s
	iters: 2600, epoch: 9 | loss: 0.1934313
	speed: 0.0214s/iter; left time: 16888.8774s
	iters: 2700, epoch: 9 | loss: 0.1564188
	speed: 0.0215s/iter; left time: 16927.4928s
	iters: 2800, epoch: 9 | loss: 0.1717089
	speed: 0.0215s/iter; left time: 16923.9743s
	iters: 2900, epoch: 9 | loss: 0.1600621
	speed: 0.0215s/iter; left time: 16920.3037s
	iters: 3000, epoch: 9 | loss: 0.1749979
	speed: 0.0214s/iter; left time: 16909.9400s
	iters: 3100, epoch: 9 | loss: 0.1661787
	speed: 0.0214s/iter; left time: 16891.7634s
	iters: 3200, epoch: 9 | loss: 0.1470390
	speed: 0.0214s/iter; left time: 16880.3409s
	iters: 3300, epoch: 9 | loss: 0.2403166
	speed: 0.0215s/iter; left time: 16911.7507s
	iters: 3400, epoch: 9 | loss: 0.1984280
	speed: 0.0214s/iter; left time: 16895.3720s
	iters: 3500, epoch: 9 | loss: 0.1836467
	speed: 0.0215s/iter; left time: 16908.8563s
	iters: 3600, epoch: 9 | loss: 0.1837421
	speed: 0.0214s/iter; left time: 16851.4822s
	iters: 3700, epoch: 9 | loss: 0.1830018
	speed: 0.0214s/iter; left time: 16860.5154s
	iters: 3800, epoch: 9 | loss: 0.2277156
	speed: 0.0214s/iter; left time: 16824.6431s
	iters: 3900, epoch: 9 | loss: 0.1641892
	speed: 0.0214s/iter; left time: 16837.2841s
	iters: 4000, epoch: 9 | loss: 0.1728871
	speed: 0.0214s/iter; left time: 16847.1121s
	iters: 4100, epoch: 9 | loss: 0.1449675
	speed: 0.0214s/iter; left time: 16838.9667s
Epoch: 9 cost time: 88.60661005973816
Epoch: 9, Steps: 4123 | Train Loss: 0.1731771 Vali Loss: 0.2194772 Test Loss: 24.8181381
EarlyStopping counter: 5 out of 5
Early stopping
>>>>>>>testing : long_term_forecast_pems11_h_96_192_DLinear_custom_ftM_sl96_ll48_pl192_dm512_nh8_el2_dl1_df2048_fc3_ebtimeF_dtTrue_srate1.0_sseed7_trainseed2024_Exp_0<<<<<<<<<<<<<<<<<<<<<<<<<<<<<<<<<
test 37594
Args in experiment:
Namespace(activation='gelu', anomaly_ratio=0.25, batch_size=32, c_out=521, checkpoints='./checkpoints/', d_ff=2048, d_layers=1, d_model=512, data='custom', data_path='pems11_h.csv', dec_in=521, des='Exp', devices='0,1,2,3', distil=True, dropout=0, e_layers=2, embed='timeF', enc_in=521, factor=3, features='M', freq='h', gap_day=365, gpu=0, inverse=False, is_training=1, itr=1, label_len=48, learning_rate=0.0005, loss='MSE', lradj='type3', mask_rate=0.25, model='DLinear', model_id='pems11_h_96_192', moving_avg=25, n_heads=8, num_kernels=6, num_workers=10, output_attention=False, p_hidden_dims=[128, 128], p_hidden_layers=2, patience=5, pred_len=192, root_path='../../data/pems/', samle_rate=1.0, sample_seed=7, seasonal_patterns='Monthly', seq_len=96, target='', task_name='long_term_forecast', top_k=5, train_epochs=200, train_seed=2024, use_amp=False, use_gpu=True, use_multi_gpu=False)
Use GPU: cuda:0
>>>>>>>start training : long_term_forecast_pems11_h_96_192_DLinear_custom_ftM_sl96_ll48_pl192_dm512_nh8_el2_dl1_df2048_fc3_ebtimeF_dtTrue_srate1.0_sseed7_trainseed2024_Exp_0>>>>>>>>>>>>>>>>>>>>>>>>>>
train 131962
val 18703
test 37594
	iters: 100, epoch: 1 | loss: 0.2344161
	speed: 0.0266s/iter; left time: 21936.1621s
	iters: 200, epoch: 1 | loss: 0.2211177
	speed: 0.0206s/iter; left time: 16986.2197s
	iters: 300, epoch: 1 | loss: 0.1897178
	speed: 0.0204s/iter; left time: 16835.6347s
	iters: 400, epoch: 1 | loss: 0.2298487
	speed: 0.0204s/iter; left time: 16826.0720s
	iters: 500, epoch: 1 | loss: 0.2237049
	speed: 0.0203s/iter; left time: 16764.1785s
	iters: 600, epoch: 1 | loss: 0.1773212
	speed: 0.0206s/iter; left time: 16995.3114s
	iters: 700, epoch: 1 | loss: 0.1890680
	speed: 0.0204s/iter; left time: 16843.2995s
	iters: 800, epoch: 1 | loss: 0.1761564
	speed: 0.0204s/iter; left time: 16829.1956s
	iters: 900, epoch: 1 | loss: 0.2380440
	speed: 0.0205s/iter; left time: 16890.2161s
	iters: 1000, epoch: 1 | loss: 0.1823423
	speed: 0.0207s/iter; left time: 17067.1749s
	iters: 1100, epoch: 1 | loss: 0.1618795
	speed: 0.0206s/iter; left time: 16991.9864s
	iters: 1200, epoch: 1 | loss: 0.1674408
	speed: 0.0207s/iter; left time: 17078.1092s
	iters: 1300, epoch: 1 | loss: 0.1783308
	speed: 0.0206s/iter; left time: 16945.5649s
	iters: 1400, epoch: 1 | loss: 0.1781185
	speed: 0.0207s/iter; left time: 17029.2241s
	iters: 1500, epoch: 1 | loss: 0.1563208
	speed: 0.0210s/iter; left time: 17298.3744s
	iters: 1600, epoch: 1 | loss: 0.1687380
	speed: 0.0208s/iter; left time: 17144.2014s
	iters: 1700, epoch: 1 | loss: 0.2215502
	speed: 0.0208s/iter; left time: 17093.9779s
	iters: 1800, epoch: 1 | loss: 0.1530603
	speed: 0.0208s/iter; left time: 17113.0204s
	iters: 1900, epoch: 1 | loss: 0.1720578
	speed: 0.0208s/iter; left time: 17128.6938s
	iters: 2000, epoch: 1 | loss: 0.1728362
	speed: 0.0208s/iter; left time: 17101.3119s
	iters: 2100, epoch: 1 | loss: 0.1871559
	speed: 0.0208s/iter; left time: 17095.4247s
	iters: 2200, epoch: 1 | loss: 0.1989957
	speed: 0.0206s/iter; left time: 16982.3360s
	iters: 2300, epoch: 1 | loss: 0.1506630
	speed: 0.0207s/iter; left time: 17009.3103s
	iters: 2400, epoch: 1 | loss: 0.1663123
	speed: 0.0207s/iter; left time: 17001.7196s
	iters: 2500, epoch: 1 | loss: 0.1648318
	speed: 0.0207s/iter; left time: 17022.3177s
	iters: 2600, epoch: 1 | loss: 0.2082170
	speed: 0.0207s/iter; left time: 17015.7631s
	iters: 2700, epoch: 1 | loss: 0.1621581
	speed: 0.0208s/iter; left time: 17118.9099s
	iters: 2800, epoch: 1 | loss: 0.2303590
	speed: 0.0208s/iter; left time: 17091.9789s
	iters: 2900, epoch: 1 | loss: 0.1817086
	speed: 0.0209s/iter; left time: 17153.1835s
	iters: 3000, epoch: 1 | loss: 0.1831101
	speed: 0.0206s/iter; left time: 16914.6394s
	iters: 3100, epoch: 1 | loss: 0.1499996
	speed: 0.0209s/iter; left time: 17174.9601s
	iters: 3200, epoch: 1 | loss: 0.1699316
	speed: 0.0206s/iter; left time: 16956.1343s
	iters: 3300, epoch: 1 | loss: 0.1682901
	speed: 0.0207s/iter; left time: 17016.0626s
	iters: 3400, epoch: 1 | loss: 0.1708871
	speed: 0.0208s/iter; left time: 17063.4688s
	iters: 3500, epoch: 1 | loss: 0.1546125
	speed: 0.0208s/iter; left time: 17064.2784s
	iters: 3600, epoch: 1 | loss: 0.1716793
	speed: 0.0208s/iter; left time: 17101.4974s
	iters: 3700, epoch: 1 | loss: 0.2244422
	speed: 0.0208s/iter; left time: 17078.3531s
	iters: 3800, epoch: 1 | loss: 0.1568118
	speed: 0.0208s/iter; left time: 17067.4528s
	iters: 3900, epoch: 1 | loss: 0.1764479
	speed: 0.0207s/iter; left time: 17023.1008s
	iters: 4000, epoch: 1 | loss: 0.1742581
	speed: 0.0207s/iter; left time: 17002.1956s
	iters: 4100, epoch: 1 | loss: 0.1983965
	speed: 0.0207s/iter; left time: 17004.6112s
Epoch: 1 cost time: 85.98706889152527
Epoch: 1, Steps: 4123 | Train Loss: 0.1825206 Vali Loss: 0.2197115 Test Loss: 24.8425407
Validation loss decreased (inf --> 0.219712).  Saving model ...
	iters: 100, epoch: 2 | loss: 0.1723956
	speed: 1.2068s/iter; left time: 990039.7189s
	iters: 200, epoch: 2 | loss: 0.1565358
	speed: 0.0215s/iter; left time: 17611.8914s
	iters: 300, epoch: 2 | loss: 0.2048601
	speed: 0.0215s/iter; left time: 17634.0937s
	iters: 400, epoch: 2 | loss: 0.1754321
	speed: 0.0213s/iter; left time: 17429.0741s
	iters: 500, epoch: 2 | loss: 0.1834725
	speed: 0.0210s/iter; left time: 17219.0367s
	iters: 600, epoch: 2 | loss: 0.1929310
	speed: 0.0206s/iter; left time: 16904.9249s
	iters: 700, epoch: 2 | loss: 0.2262073
	speed: 0.0213s/iter; left time: 17481.1301s
	iters: 800, epoch: 2 | loss: 0.1804467
	speed: 0.0218s/iter; left time: 17871.5332s
	iters: 900, epoch: 2 | loss: 0.1513788
	speed: 0.0206s/iter; left time: 16918.3108s
	iters: 1000, epoch: 2 | loss: 0.1457818
	speed: 0.0206s/iter; left time: 16886.8928s
	iters: 1100, epoch: 2 | loss: 0.1495559
	speed: 0.0214s/iter; left time: 17560.9555s
	iters: 1200, epoch: 2 | loss: 0.2334461
	speed: 0.0214s/iter; left time: 17491.7981s
	iters: 1300, epoch: 2 | loss: 0.1753324
	speed: 0.0212s/iter; left time: 17379.6211s
	iters: 1400, epoch: 2 | loss: 0.1778006
	speed: 0.0210s/iter; left time: 17226.6841s
	iters: 1500, epoch: 2 | loss: 0.1524372
	speed: 0.0211s/iter; left time: 17274.0148s
	iters: 1600, epoch: 2 | loss: 0.1609274
	speed: 0.0207s/iter; left time: 16952.5956s
	iters: 1700, epoch: 2 | loss: 0.1612101
	speed: 0.0209s/iter; left time: 17152.6595s
	iters: 1800, epoch: 2 | loss: 0.1414915
	speed: 0.0209s/iter; left time: 17081.0425s
	iters: 1900, epoch: 2 | loss: 0.1364974
	speed: 0.0215s/iter; left time: 17619.9103s
	iters: 2000, epoch: 2 | loss: 0.1612836
	speed: 0.0214s/iter; left time: 17480.7009s
	iters: 2100, epoch: 2 | loss: 0.1613383
	speed: 0.0215s/iter; left time: 17574.9001s
	iters: 2200, epoch: 2 | loss: 0.1599759
	speed: 0.0213s/iter; left time: 17449.1028s
	iters: 2300, epoch: 2 | loss: 0.2079456
	speed: 0.0208s/iter; left time: 16978.1926s
	iters: 2400, epoch: 2 | loss: 0.1674052
	speed: 0.0211s/iter; left time: 17273.3251s
	iters: 2500, epoch: 2 | loss: 0.1988246
	speed: 0.0210s/iter; left time: 17211.0945s
	iters: 2600, epoch: 2 | loss: 0.2127865
	speed: 0.0207s/iter; left time: 16961.8996s
	iters: 2700, epoch: 2 | loss: 0.2004468
	speed: 0.0209s/iter; left time: 17065.0665s
	iters: 2800, epoch: 2 | loss: 0.1486691
	speed: 0.0214s/iter; left time: 17463.0515s
	iters: 2900, epoch: 2 | loss: 0.1246322
	speed: 0.0213s/iter; left time: 17428.4918s
	iters: 3000, epoch: 2 | loss: 0.1545864
	speed: 0.0216s/iter; left time: 17656.4438s
	iters: 3100, epoch: 2 | loss: 0.2163098
	speed: 0.0208s/iter; left time: 17005.5328s
	iters: 3200, epoch: 2 | loss: 0.1556607
	speed: 0.0212s/iter; left time: 17357.2219s
	iters: 3300, epoch: 2 | loss: 0.1616314
	speed: 0.0213s/iter; left time: 17432.1594s
	iters: 3400, epoch: 2 | loss: 0.2064443
	speed: 0.0215s/iter; left time: 17569.2525s
	iters: 3500, epoch: 2 | loss: 0.1813101
	speed: 0.0214s/iter; left time: 17498.7549s
	iters: 3600, epoch: 2 | loss: 0.2121574
	speed: 0.0213s/iter; left time: 17411.8306s
	iters: 3700, epoch: 2 | loss: 0.2171042
	speed: 0.0211s/iter; left time: 17251.4184s
	iters: 3800, epoch: 2 | loss: 0.1415582
	speed: 0.0211s/iter; left time: 17218.1330s
	iters: 3900, epoch: 2 | loss: 0.1969044
	speed: 0.0211s/iter; left time: 17259.7826s
	iters: 4000, epoch: 2 | loss: 0.1644206
	speed: 0.0213s/iter; left time: 17405.0701s
	iters: 4100, epoch: 2 | loss: 0.1743943
	speed: 0.0219s/iter; left time: 17872.0862s
Epoch: 2 cost time: 87.83515954017639
Epoch: 2, Steps: 4123 | Train Loss: 0.1733064 Vali Loss: 0.2197538 Test Loss: 24.8214893
EarlyStopping counter: 1 out of 5
	iters: 100, epoch: 3 | loss: 0.1871601
	speed: 1.2136s/iter; left time: 990589.4510s
	iters: 200, epoch: 3 | loss: 0.1745967
	speed: 0.0216s/iter; left time: 17634.5723s
	iters: 300, epoch: 3 | loss: 0.1544862
	speed: 0.0215s/iter; left time: 17552.6856s
	iters: 400, epoch: 3 | loss: 0.1549876
	speed: 0.0209s/iter; left time: 17019.3659s
	iters: 500, epoch: 3 | loss: 0.1699201
	speed: 0.0205s/iter; left time: 16725.2469s
	iters: 600, epoch: 3 | loss: 0.1568144
	speed: 0.0211s/iter; left time: 17174.9201s
	iters: 700, epoch: 3 | loss: 0.1585885
	speed: 0.0212s/iter; left time: 17331.4261s
	iters: 800, epoch: 3 | loss: 0.1749747
	speed: 0.0213s/iter; left time: 17401.1753s
	iters: 900, epoch: 3 | loss: 0.1780547
	speed: 0.0215s/iter; left time: 17507.6659s
	iters: 1000, epoch: 3 | loss: 0.1825962
	speed: 0.0213s/iter; left time: 17369.7004s
	iters: 1100, epoch: 3 | loss: 0.1867061
	speed: 0.0215s/iter; left time: 17523.8043s
	iters: 1200, epoch: 3 | loss: 0.1639170
	speed: 0.0212s/iter; left time: 17307.3880s
	iters: 1300, epoch: 3 | loss: 0.1621632
	speed: 0.0216s/iter; left time: 17628.3677s
	iters: 1400, epoch: 3 | loss: 0.1519304
	speed: 0.0214s/iter; left time: 17413.7296s
	iters: 1500, epoch: 3 | loss: 0.1729527
	speed: 0.0214s/iter; left time: 17419.3347s
	iters: 1600, epoch: 3 | loss: 0.1898425
	speed: 0.0206s/iter; left time: 16765.0576s
	iters: 1700, epoch: 3 | loss: 0.1581310
	speed: 0.0210s/iter; left time: 17100.1890s
	iters: 1800, epoch: 3 | loss: 0.1492621
	speed: 0.0211s/iter; left time: 17220.9440s
	iters: 1900, epoch: 3 | loss: 0.1781012
	speed: 0.0213s/iter; left time: 17323.5363s
	iters: 2000, epoch: 3 | loss: 0.1682286
	speed: 0.0216s/iter; left time: 17557.1668s
	iters: 2100, epoch: 3 | loss: 0.1890386
	speed: 0.0213s/iter; left time: 17369.5163s
	iters: 2200, epoch: 3 | loss: 0.1522858
	speed: 0.0214s/iter; left time: 17445.5025s
	iters: 2300, epoch: 3 | loss: 0.1389254
	speed: 0.0216s/iter; left time: 17586.7969s
	iters: 2400, epoch: 3 | loss: 0.1844190
	speed: 0.0208s/iter; left time: 16956.5743s
	iters: 2500, epoch: 3 | loss: 0.1585055
	speed: 0.0208s/iter; left time: 16925.7676s
	iters: 2600, epoch: 3 | loss: 0.1716477
	speed: 0.0213s/iter; left time: 17355.5870s
	iters: 2700, epoch: 3 | loss: 0.1531821
	speed: 0.0206s/iter; left time: 16782.0786s
	iters: 2800, epoch: 3 | loss: 0.1648019
	speed: 0.0212s/iter; left time: 17259.3444s
	iters: 2900, epoch: 3 | loss: 0.1742734
	speed: 0.0215s/iter; left time: 17503.4372s
	iters: 3000, epoch: 3 | loss: 0.1435779
	speed: 0.0212s/iter; left time: 17222.2206s
	iters: 3100, epoch: 3 | loss: 0.2134878
	speed: 0.0207s/iter; left time: 16839.9331s
	iters: 3200, epoch: 3 | loss: 0.1452681
	speed: 0.0209s/iter; left time: 17028.0888s
	iters: 3300, epoch: 3 | loss: 0.2000178
	speed: 0.0207s/iter; left time: 16820.1812s
	iters: 3400, epoch: 3 | loss: 0.1900077
	speed: 0.0211s/iter; left time: 17156.6718s
	iters: 3500, epoch: 3 | loss: 0.1627847
	speed: 0.0211s/iter; left time: 17148.5323s
	iters: 3600, epoch: 3 | loss: 0.1593460
	speed: 0.0219s/iter; left time: 17823.5279s
	iters: 3700, epoch: 3 | loss: 0.1559709
	speed: 0.0207s/iter; left time: 16798.9480s
	iters: 3800, epoch: 3 | loss: 0.1782923
	speed: 0.0212s/iter; left time: 17221.1068s
	iters: 3900, epoch: 3 | loss: 0.1547364
	speed: 0.0213s/iter; left time: 17317.8910s
	iters: 4000, epoch: 3 | loss: 0.1984406
	speed: 0.0209s/iter; left time: 16985.4334s
	iters: 4100, epoch: 3 | loss: 0.1913460
	speed: 0.0210s/iter; left time: 17072.3762s
Epoch: 3 cost time: 87.79079055786133
Epoch: 3, Steps: 4123 | Train Loss: 0.1731898 Vali Loss: 0.2195513 Test Loss: 24.8994808
Validation loss decreased (0.219712 --> 0.219551).  Saving model ...
	iters: 100, epoch: 4 | loss: 0.1833497
	speed: 1.2163s/iter; left time: 987826.9044s
	iters: 200, epoch: 4 | loss: 0.1409296
	speed: 0.0218s/iter; left time: 17721.7379s
	iters: 300, epoch: 4 | loss: 0.1753144
	speed: 0.0217s/iter; left time: 17655.5658s
	iters: 400, epoch: 4 | loss: 0.2248390
	speed: 0.0213s/iter; left time: 17288.3759s
	iters: 500, epoch: 4 | loss: 0.1723912
	speed: 0.0217s/iter; left time: 17636.6690s
	iters: 600, epoch: 4 | loss: 0.1394313
	speed: 0.0220s/iter; left time: 17834.7230s
	iters: 700, epoch: 4 | loss: 0.1730304
	speed: 0.0217s/iter; left time: 17589.4164s
	iters: 800, epoch: 4 | loss: 0.1686886
	speed: 0.0216s/iter; left time: 17538.2609s
	iters: 900, epoch: 4 | loss: 0.1406775
	speed: 0.0218s/iter; left time: 17667.5765s
	iters: 1000, epoch: 4 | loss: 0.1595812
	speed: 0.0212s/iter; left time: 17197.8351s
	iters: 1100, epoch: 4 | loss: 0.1964950
	speed: 0.0218s/iter; left time: 17666.7603s
	iters: 1200, epoch: 4 | loss: 0.1785500
	speed: 0.0212s/iter; left time: 17210.1414s
	iters: 1300, epoch: 4 | loss: 0.1477105
	speed: 0.0212s/iter; left time: 17212.9747s
	iters: 1400, epoch: 4 | loss: 0.1897714
	speed: 0.0217s/iter; left time: 17589.3734s
	iters: 1500, epoch: 4 | loss: 0.1304161
	speed: 0.0218s/iter; left time: 17709.0680s
	iters: 1600, epoch: 4 | loss: 0.1624054
	speed: 0.0221s/iter; left time: 17892.3086s
	iters: 1700, epoch: 4 | loss: 0.1615078
	speed: 0.0210s/iter; left time: 17061.6794s
	iters: 1800, epoch: 4 | loss: 0.1539657
	speed: 0.0209s/iter; left time: 16967.2665s
	iters: 1900, epoch: 4 | loss: 0.1546534
	speed: 0.0211s/iter; left time: 17089.8417s
	iters: 2000, epoch: 4 | loss: 0.1671822
	speed: 0.0213s/iter; left time: 17261.3038s
	iters: 2100, epoch: 4 | loss: 0.1953273
	speed: 0.0210s/iter; left time: 17004.9525s
	iters: 2200, epoch: 4 | loss: 0.1832878
	speed: 0.0213s/iter; left time: 17281.8365s
	iters: 2300, epoch: 4 | loss: 0.1425631
	speed: 0.0216s/iter; left time: 17458.9778s
	iters: 2400, epoch: 4 | loss: 0.1712338
	speed: 0.0211s/iter; left time: 17107.8107s
	iters: 2500, epoch: 4 | loss: 0.1447210
	speed: 0.0209s/iter; left time: 16960.9782s
	iters: 2600, epoch: 4 | loss: 0.1606932
	speed: 0.0211s/iter; left time: 17084.5392s
	iters: 2700, epoch: 4 | loss: 0.1554745
	speed: 0.0213s/iter; left time: 17281.1669s
	iters: 2800, epoch: 4 | loss: 0.2117454
	speed: 0.0212s/iter; left time: 17130.7166s
	iters: 2900, epoch: 4 | loss: 0.1868629
	speed: 0.0212s/iter; left time: 17181.1875s
	iters: 3000, epoch: 4 | loss: 0.1830422
	speed: 0.0211s/iter; left time: 17071.6823s
	iters: 3100, epoch: 4 | loss: 0.1922769
	speed: 0.0211s/iter; left time: 17085.8795s
	iters: 3200, epoch: 4 | loss: 0.1798140
	speed: 0.0212s/iter; left time: 17124.6294s
	iters: 3300, epoch: 4 | loss: 0.1865621
	speed: 0.0211s/iter; left time: 17031.1065s
	iters: 3400, epoch: 4 | loss: 0.1914234
	speed: 0.0210s/iter; left time: 16993.0383s
	iters: 3500, epoch: 4 | loss: 0.1827647
	speed: 0.0213s/iter; left time: 17242.4552s
	iters: 3600, epoch: 4 | loss: 0.2114986
	speed: 0.0213s/iter; left time: 17203.6964s
	iters: 3700, epoch: 4 | loss: 0.1964081
	speed: 0.0217s/iter; left time: 17554.5329s
	iters: 3800, epoch: 4 | loss: 0.1938523
	speed: 0.0210s/iter; left time: 16959.8225s
	iters: 3900, epoch: 4 | loss: 0.1688658
	speed: 0.0208s/iter; left time: 16841.9048s
	iters: 4000, epoch: 4 | loss: 0.2022550
	speed: 0.0208s/iter; left time: 16836.1292s
	iters: 4100, epoch: 4 | loss: 0.1624230
	speed: 0.0209s/iter; left time: 16923.1269s
Epoch: 4 cost time: 88.35211491584778
Epoch: 4, Steps: 4123 | Train Loss: 0.1732002 Vali Loss: 0.2193895 Test Loss: 24.8312492
Validation loss decreased (0.219551 --> 0.219390).  Saving model ...
	iters: 100, epoch: 5 | loss: 0.1218321
	speed: 1.2010s/iter; left time: 970379.8729s
	iters: 200, epoch: 5 | loss: 0.1802982
	speed: 0.0208s/iter; left time: 16821.5208s
	iters: 300, epoch: 5 | loss: 0.1659115
	speed: 0.0208s/iter; left time: 16800.1308s
	iters: 400, epoch: 5 | loss: 0.1437345
	speed: 0.0215s/iter; left time: 17396.7196s
	iters: 500, epoch: 5 | loss: 0.1808451
	speed: 0.0212s/iter; left time: 17141.0384s
	iters: 600, epoch: 5 | loss: 0.2078942
	speed: 0.0213s/iter; left time: 17220.5428s
	iters: 700, epoch: 5 | loss: 0.2161091
	speed: 0.0216s/iter; left time: 17458.5941s
	iters: 800, epoch: 5 | loss: 0.1893510
	speed: 0.0213s/iter; left time: 17171.6576s
	iters: 900, epoch: 5 | loss: 0.1602456
	speed: 0.0216s/iter; left time: 17426.8314s
	iters: 1000, epoch: 5 | loss: 0.1556093
	speed: 0.0214s/iter; left time: 17302.6701s
	iters: 1100, epoch: 5 | loss: 0.1945942
	speed: 0.0224s/iter; left time: 18094.3952s
	iters: 1200, epoch: 5 | loss: 0.1396978
	speed: 0.0218s/iter; left time: 17598.3390s
	iters: 1300, epoch: 5 | loss: 0.1772487
	speed: 0.0218s/iter; left time: 17569.3567s
	iters: 1400, epoch: 5 | loss: 0.1929380
	speed: 0.0211s/iter; left time: 17036.0284s
	iters: 1500, epoch: 5 | loss: 0.1807149
	speed: 0.0219s/iter; left time: 17700.3496s
	iters: 1600, epoch: 5 | loss: 0.1703022
	speed: 0.0215s/iter; left time: 17334.0718s
	iters: 1700, epoch: 5 | loss: 0.1393455
	speed: 0.0213s/iter; left time: 17184.1954s
	iters: 1800, epoch: 5 | loss: 0.1797530
	speed: 0.0208s/iter; left time: 16740.7106s
	iters: 1900, epoch: 5 | loss: 0.1975672
	speed: 0.0206s/iter; left time: 16622.4306s
	iters: 2000, epoch: 5 | loss: 0.1529123
	speed: 0.0212s/iter; left time: 17065.8492s
	iters: 2100, epoch: 5 | loss: 0.1544324
	speed: 0.0216s/iter; left time: 17380.5088s
	iters: 2200, epoch: 5 | loss: 0.1578847
	speed: 0.0214s/iter; left time: 17238.2681s
	iters: 2300, epoch: 5 | loss: 0.1709521
	speed: 0.0217s/iter; left time: 17446.2026s
	iters: 2400, epoch: 5 | loss: 0.1787822
	speed: 0.0213s/iter; left time: 17190.9299s
	iters: 2500, epoch: 5 | loss: 0.1690557
	speed: 0.0220s/iter; left time: 17733.8932s
	iters: 2600, epoch: 5 | loss: 0.1701923
	speed: 0.0209s/iter; left time: 16835.0952s
	iters: 2700, epoch: 5 | loss: 0.1176690
	speed: 0.0214s/iter; left time: 17204.8049s
	iters: 2800, epoch: 5 | loss: 0.1533755
	speed: 0.0214s/iter; left time: 17196.8741s
	iters: 2900, epoch: 5 | loss: 0.1867163
	speed: 0.0210s/iter; left time: 16889.1040s
	iters: 3000, epoch: 5 | loss: 0.1850943
	speed: 0.0215s/iter; left time: 17278.7536s
	iters: 3100, epoch: 5 | loss: 0.1346575
	speed: 0.0210s/iter; left time: 16883.5674s
	iters: 3200, epoch: 5 | loss: 0.1534813
	speed: 0.0210s/iter; left time: 16911.3056s
	iters: 3300, epoch: 5 | loss: 0.1846631
	speed: 0.0221s/iter; left time: 17751.3261s
	iters: 3400, epoch: 5 | loss: 0.1678765
	speed: 0.0214s/iter; left time: 17238.3322s
	iters: 3500, epoch: 5 | loss: 0.1585083
	speed: 0.0219s/iter; left time: 17648.3640s
	iters: 3600, epoch: 5 | loss: 0.1697936
	speed: 0.0210s/iter; left time: 16875.0507s
	iters: 3700, epoch: 5 | loss: 0.1545156
	speed: 0.0208s/iter; left time: 16768.5353s
	iters: 3800, epoch: 5 | loss: 0.1759309
	speed: 0.0215s/iter; left time: 17303.7991s
	iters: 3900, epoch: 5 | loss: 0.1866692
	speed: 0.0217s/iter; left time: 17467.7295s
	iters: 4000, epoch: 5 | loss: 0.1680851
	speed: 0.0214s/iter; left time: 17193.6162s
	iters: 4100, epoch: 5 | loss: 0.1765639
	speed: 0.0213s/iter; left time: 17165.3620s
Epoch: 5 cost time: 88.56224393844604
Epoch: 5, Steps: 4123 | Train Loss: 0.1731930 Vali Loss: 0.2196613 Test Loss: 24.8304749
EarlyStopping counter: 1 out of 5
	iters: 100, epoch: 6 | loss: 0.1616447
	speed: 1.2105s/iter; left time: 973119.5713s
	iters: 200, epoch: 6 | loss: 0.1804817
	speed: 0.0212s/iter; left time: 17050.0205s
	iters: 300, epoch: 6 | loss: 0.2276781
	speed: 0.0207s/iter; left time: 16640.0572s
	iters: 400, epoch: 6 | loss: 0.1744292
	speed: 0.0211s/iter; left time: 16982.6492s
	iters: 500, epoch: 6 | loss: 0.1864562
	speed: 0.0208s/iter; left time: 16743.0591s
	iters: 600, epoch: 6 | loss: 0.1621896
	speed: 0.0211s/iter; left time: 16987.6088s
	iters: 700, epoch: 6 | loss: 0.1485317
	speed: 0.0213s/iter; left time: 17108.2020s
	iters: 800, epoch: 6 | loss: 0.1629337
	speed: 0.0213s/iter; left time: 17120.4228s
	iters: 900, epoch: 6 | loss: 0.1730359
	speed: 0.0210s/iter; left time: 16901.9735s
	iters: 1000, epoch: 6 | loss: 0.1825219
	speed: 0.0210s/iter; left time: 16878.0401s
	iters: 1100, epoch: 6 | loss: 0.1832272
	speed: 0.0215s/iter; left time: 17278.4911s
	iters: 1200, epoch: 6 | loss: 0.1535054
	speed: 0.0213s/iter; left time: 17068.0834s
	iters: 1300, epoch: 6 | loss: 0.1687448
	speed: 0.0211s/iter; left time: 16928.4714s
	iters: 1400, epoch: 6 | loss: 0.1672689
	speed: 0.0211s/iter; left time: 16929.2557s
	iters: 1500, epoch: 6 | loss: 0.1610470
	speed: 0.0210s/iter; left time: 16883.9905s
	iters: 1600, epoch: 6 | loss: 0.1697878
	speed: 0.0215s/iter; left time: 17267.6161s
	iters: 1700, epoch: 6 | loss: 0.1688473
	speed: 0.0217s/iter; left time: 17371.4503s
	iters: 1800, epoch: 6 | loss: 0.2475941
	speed: 0.0209s/iter; left time: 16745.0980s
	iters: 1900, epoch: 6 | loss: 0.1941213
	speed: 0.0211s/iter; left time: 16960.7342s
	iters: 2000, epoch: 6 | loss: 0.1783933
	speed: 0.0215s/iter; left time: 17236.0572s
	iters: 2100, epoch: 6 | loss: 0.1646666
	speed: 0.0208s/iter; left time: 16688.9595s
	iters: 2200, epoch: 6 | loss: 0.1798774
	speed: 0.0210s/iter; left time: 16805.1035s
	iters: 2300, epoch: 6 | loss: 0.1493002
	speed: 0.0213s/iter; left time: 17062.0954s
	iters: 2400, epoch: 6 | loss: 0.1771954
	speed: 0.0215s/iter; left time: 17224.2211s
	iters: 2500, epoch: 6 | loss: 0.2169363
	speed: 0.0208s/iter; left time: 16632.8279s
	iters: 2600, epoch: 6 | loss: 0.1668722
	speed: 0.0215s/iter; left time: 17267.1397s
	iters: 2700, epoch: 6 | loss: 0.2077878
	speed: 0.0211s/iter; left time: 16903.5976s
	iters: 2800, epoch: 6 | loss: 0.1642137
	speed: 0.0212s/iter; left time: 16971.6144s
	iters: 2900, epoch: 6 | loss: 0.1404579
	speed: 0.0209s/iter; left time: 16764.9570s
	iters: 3000, epoch: 6 | loss: 0.1987468
	speed: 0.0207s/iter; left time: 16564.7654s
	iters: 3100, epoch: 6 | loss: 0.1851848
	speed: 0.0209s/iter; left time: 16708.9621s
	iters: 3200, epoch: 6 | loss: 0.1584848
	speed: 0.0214s/iter; left time: 17123.2428s
	iters: 3300, epoch: 6 | loss: 0.2052096
	speed: 0.0207s/iter; left time: 16574.0660s
	iters: 3400, epoch: 6 | loss: 0.1454372
	speed: 0.0212s/iter; left time: 16935.5949s
	iters: 3500, epoch: 6 | loss: 0.1672847
	speed: 0.0214s/iter; left time: 17147.7267s
	iters: 3600, epoch: 6 | loss: 0.2326953
	speed: 0.0215s/iter; left time: 17220.6444s
	iters: 3700, epoch: 6 | loss: 0.1725873
	speed: 0.0208s/iter; left time: 16641.9070s
	iters: 3800, epoch: 6 | loss: 0.2006950
	speed: 0.0212s/iter; left time: 16989.2072s
	iters: 3900, epoch: 6 | loss: 0.1866518
	speed: 0.0211s/iter; left time: 16888.0324s
	iters: 4000, epoch: 6 | loss: 0.1536876
	speed: 0.0213s/iter; left time: 17001.0872s
	iters: 4100, epoch: 6 | loss: 0.1809684
	speed: 0.0218s/iter; left time: 17424.7055s
Epoch: 6 cost time: 87.65632009506226
Epoch: 6, Steps: 4123 | Train Loss: 0.1731791 Vali Loss: 0.2201821 Test Loss: 24.8783226
EarlyStopping counter: 2 out of 5
	iters: 100, epoch: 7 | loss: 0.1768062
	speed: 1.2164s/iter; left time: 972841.0992s
	iters: 200, epoch: 7 | loss: 0.1918932
	speed: 0.0209s/iter; left time: 16673.8528s
	iters: 300, epoch: 7 | loss: 0.1776559
	speed: 0.0210s/iter; left time: 16824.9871s
	iters: 400, epoch: 7 | loss: 0.1933993
	speed: 0.0218s/iter; left time: 17394.8424s
	iters: 500, epoch: 7 | loss: 0.1155126
	speed: 0.0219s/iter; left time: 17511.0854s
	iters: 600, epoch: 7 | loss: 0.1308618
	speed: 0.0223s/iter; left time: 17812.2897s
	iters: 700, epoch: 7 | loss: 0.1501622
	speed: 0.0208s/iter; left time: 16610.1116s
	iters: 800, epoch: 7 | loss: 0.2020304
	speed: 0.0216s/iter; left time: 17244.7492s
	iters: 900, epoch: 7 | loss: 0.1628019
	speed: 0.0217s/iter; left time: 17375.3133s
	iters: 1000, epoch: 7 | loss: 0.1505288
	speed: 0.0221s/iter; left time: 17623.7508s
	iters: 1100, epoch: 7 | loss: 0.1559461
	speed: 0.0209s/iter; left time: 16733.3081s
	iters: 1200, epoch: 7 | loss: 0.1564541
	speed: 0.0219s/iter; left time: 17520.5241s
	iters: 1300, epoch: 7 | loss: 0.1664037
	speed: 0.0214s/iter; left time: 17088.3808s
	iters: 1400, epoch: 7 | loss: 0.1676927
	speed: 0.0213s/iter; left time: 16981.9686s
	iters: 1500, epoch: 7 | loss: 0.1505052
	speed: 0.0208s/iter; left time: 16601.3910s
	iters: 1600, epoch: 7 | loss: 0.1495840
	speed: 0.0214s/iter; left time: 17109.2056s
	iters: 1700, epoch: 7 | loss: 0.1742495
	speed: 0.0207s/iter; left time: 16534.9708s
	iters: 1800, epoch: 7 | loss: 0.1713749
	speed: 0.0212s/iter; left time: 16881.0761s
	iters: 1900, epoch: 7 | loss: 0.1276361
	speed: 0.0218s/iter; left time: 17411.8831s
	iters: 2000, epoch: 7 | loss: 0.1704660
	speed: 0.0210s/iter; left time: 16717.6497s
	iters: 2100, epoch: 7 | loss: 0.1630881
	speed: 0.0211s/iter; left time: 16851.8719s
	iters: 2200, epoch: 7 | loss: 0.1721099
	speed: 0.0216s/iter; left time: 17233.7472s
	iters: 2300, epoch: 7 | loss: 0.2047660
	speed: 0.0212s/iter; left time: 16903.5086s
	iters: 2400, epoch: 7 | loss: 0.1730171
	speed: 0.0213s/iter; left time: 16994.7620s
	iters: 2500, epoch: 7 | loss: 0.1243744
	speed: 0.0210s/iter; left time: 16745.7420s
	iters: 2600, epoch: 7 | loss: 0.1581774
	speed: 0.0211s/iter; left time: 16789.8280s
	iters: 2700, epoch: 7 | loss: 0.1653766
	speed: 0.0209s/iter; left time: 16665.5905s
	iters: 2800, epoch: 7 | loss: 0.1629152
	speed: 0.0215s/iter; left time: 17097.2501s
	iters: 2900, epoch: 7 | loss: 0.1869182
	speed: 0.0220s/iter; left time: 17523.8759s
	iters: 3000, epoch: 7 | loss: 0.1379925
	speed: 0.0209s/iter; left time: 16675.5930s
	iters: 3100, epoch: 7 | loss: 0.1692345
	speed: 0.0212s/iter; left time: 16872.4373s
	iters: 3200, epoch: 7 | loss: 0.1785856
	speed: 0.0212s/iter; left time: 16920.8720s
	iters: 3300, epoch: 7 | loss: 0.1428147
	speed: 0.0219s/iter; left time: 17465.5848s
	iters: 3400, epoch: 7 | loss: 0.1661016
	speed: 0.0217s/iter; left time: 17248.6514s
	iters: 3500, epoch: 7 | loss: 0.1660589
	speed: 0.0210s/iter; left time: 16683.9304s
	iters: 3600, epoch: 7 | loss: 0.1638196
	speed: 0.0209s/iter; left time: 16660.6792s
	iters: 3700, epoch: 7 | loss: 0.2123793
	speed: 0.0206s/iter; left time: 16425.9301s
	iters: 3800, epoch: 7 | loss: 0.1622292
	speed: 0.0206s/iter; left time: 16373.2103s
	iters: 3900, epoch: 7 | loss: 0.1489816
	speed: 0.0213s/iter; left time: 16991.1152s
	iters: 4000, epoch: 7 | loss: 0.1906900
	speed: 0.0213s/iter; left time: 16921.7507s
	iters: 4100, epoch: 7 | loss: 0.1727107
	speed: 0.0215s/iter; left time: 17083.8825s
Epoch: 7 cost time: 88.22819018363953
Epoch: 7, Steps: 4123 | Train Loss: 0.1731979 Vali Loss: 0.2197010 Test Loss: 24.8047409
EarlyStopping counter: 3 out of 5
	iters: 100, epoch: 8 | loss: 0.1991378
	speed: 1.2097s/iter; left time: 962507.8210s
	iters: 200, epoch: 8 | loss: 0.1919034
	speed: 0.0223s/iter; left time: 17746.9530s
	iters: 300, epoch: 8 | loss: 0.2059610
	speed: 0.0219s/iter; left time: 17396.5917s
	iters: 400, epoch: 8 | loss: 0.1672765
	speed: 0.0222s/iter; left time: 17621.2403s
	iters: 500, epoch: 8 | loss: 0.1794326
	speed: 0.0222s/iter; left time: 17679.5924s
	iters: 600, epoch: 8 | loss: 0.1907376
	speed: 0.0217s/iter; left time: 17220.0471s
	iters: 700, epoch: 8 | loss: 0.1718803
	speed: 0.0218s/iter; left time: 17368.1547s
	iters: 800, epoch: 8 | loss: 0.1712212
	speed: 0.0218s/iter; left time: 17334.1161s
	iters: 900, epoch: 8 | loss: 0.1882300
	speed: 0.0212s/iter; left time: 16832.5094s
	iters: 1000, epoch: 8 | loss: 0.1592493
	speed: 0.0215s/iter; left time: 17064.2053s
	iters: 1100, epoch: 8 | loss: 0.1579947
	speed: 0.0217s/iter; left time: 17226.4802s
	iters: 1200, epoch: 8 | loss: 0.1666573
	speed: 0.0207s/iter; left time: 16431.2735s
	iters: 1300, epoch: 8 | loss: 0.1428232
	speed: 0.0211s/iter; left time: 16760.8440s
	iters: 1400, epoch: 8 | loss: 0.2416961
	speed: 0.0210s/iter; left time: 16645.4496s
	iters: 1500, epoch: 8 | loss: 0.1335161
	speed: 0.0205s/iter; left time: 16297.8828s
	iters: 1600, epoch: 8 | loss: 0.1665703
	speed: 0.0210s/iter; left time: 16637.7425s
	iters: 1700, epoch: 8 | loss: 0.1648852
	speed: 0.0207s/iter; left time: 16416.9066s
	iters: 1800, epoch: 8 | loss: 0.1688578
	speed: 0.0207s/iter; left time: 16417.6217s
	iters: 1900, epoch: 8 | loss: 0.1862690
	speed: 0.0209s/iter; left time: 16568.6456s
	iters: 2000, epoch: 8 | loss: 0.1991540
	speed: 0.0211s/iter; left time: 16758.0433s
	iters: 2100, epoch: 8 | loss: 0.1769421
	speed: 0.0211s/iter; left time: 16734.3138s
	iters: 2200, epoch: 8 | loss: 0.1566372
	speed: 0.0211s/iter; left time: 16739.8639s
	iters: 2300, epoch: 8 | loss: 0.1860851
	speed: 0.0213s/iter; left time: 16917.8185s
	iters: 2400, epoch: 8 | loss: 0.1852684
	speed: 0.0210s/iter; left time: 16621.3736s
	iters: 2500, epoch: 8 | loss: 0.1700457
	speed: 0.0213s/iter; left time: 16933.0130s
	iters: 2600, epoch: 8 | loss: 0.1620971
	speed: 0.0218s/iter; left time: 17318.8912s
	iters: 2700, epoch: 8 | loss: 0.1721427
	speed: 0.0213s/iter; left time: 16928.1972s
	iters: 2800, epoch: 8 | loss: 0.1799704
	speed: 0.0214s/iter; left time: 16983.4284s
	iters: 2900, epoch: 8 | loss: 0.2012020
	speed: 0.0215s/iter; left time: 17030.6077s
	iters: 3000, epoch: 8 | loss: 0.2078353
	speed: 0.0209s/iter; left time: 16587.5588s
	iters: 3100, epoch: 8 | loss: 0.1500296
	speed: 0.0209s/iter; left time: 16531.2726s
	iters: 3200, epoch: 8 | loss: 0.1708414
	speed: 0.0206s/iter; left time: 16310.6553s
	iters: 3300, epoch: 8 | loss: 0.1580597
	speed: 0.0207s/iter; left time: 16426.4420s
	iters: 3400, epoch: 8 | loss: 0.2243642
	speed: 0.0213s/iter; left time: 16872.1183s
	iters: 3500, epoch: 8 | loss: 0.1563035
	speed: 0.0211s/iter; left time: 16729.0053s
	iters: 3600, epoch: 8 | loss: 0.2530575
	speed: 0.0220s/iter; left time: 17421.3050s
	iters: 3700, epoch: 8 | loss: 0.1802102
	speed: 0.0216s/iter; left time: 17133.1441s
	iters: 3800, epoch: 8 | loss: 0.1792741
	speed: 0.0216s/iter; left time: 17081.3061s
	iters: 3900, epoch: 8 | loss: 0.1703373
	speed: 0.0212s/iter; left time: 16792.8747s
	iters: 4000, epoch: 8 | loss: 0.2313291
	speed: 0.0212s/iter; left time: 16753.7181s
	iters: 4100, epoch: 8 | loss: 0.1911048
	speed: 0.0207s/iter; left time: 16395.9014s
Epoch: 8 cost time: 88.16151452064514
Epoch: 8, Steps: 4123 | Train Loss: 0.1731892 Vali Loss: 0.2196246 Test Loss: 24.7390594
EarlyStopping counter: 4 out of 5
	iters: 100, epoch: 9 | loss: 0.2350128
	speed: 1.2139s/iter; left time: 960795.5182s
	iters: 200, epoch: 9 | loss: 0.1815741
	speed: 0.0207s/iter; left time: 16373.0328s
	iters: 300, epoch: 9 | loss: 0.1376147
	speed: 0.0209s/iter; left time: 16563.9679s
	iters: 400, epoch: 9 | loss: 0.1447031
	speed: 0.0221s/iter; left time: 17476.1169s
	iters: 500, epoch: 9 | loss: 0.1735979
	speed: 0.0214s/iter; left time: 16954.1080s
	iters: 600, epoch: 9 | loss: 0.1757655
	speed: 0.0215s/iter; left time: 16971.1354s
	iters: 700, epoch: 9 | loss: 0.1788480
	speed: 0.0213s/iter; left time: 16837.4138s
	iters: 800, epoch: 9 | loss: 0.1973309
	speed: 0.0216s/iter; left time: 17094.9667s
	iters: 900, epoch: 9 | loss: 0.1733815
	speed: 0.0211s/iter; left time: 16683.4567s
	iters: 1000, epoch: 9 | loss: 0.1646038
	speed: 0.0216s/iter; left time: 17072.6418s
	iters: 1100, epoch: 9 | loss: 0.1829939
	speed: 0.0225s/iter; left time: 17799.6542s
	iters: 1200, epoch: 9 | loss: 0.1940909
	speed: 0.0218s/iter; left time: 17215.0559s
	iters: 1300, epoch: 9 | loss: 0.1693272
	speed: 0.0211s/iter; left time: 16706.1262s
	iters: 1400, epoch: 9 | loss: 0.1951807
	speed: 0.0210s/iter; left time: 16563.7581s
	iters: 1500, epoch: 9 | loss: 0.2088078
	speed: 0.0215s/iter; left time: 16950.4547s
	iters: 1600, epoch: 9 | loss: 0.1447679
	speed: 0.0212s/iter; left time: 16715.9305s
	iters: 1700, epoch: 9 | loss: 0.1777332
	speed: 0.0215s/iter; left time: 16987.5027s
	iters: 1800, epoch: 9 | loss: 0.2154879
	speed: 0.0216s/iter; left time: 17059.0442s
	iters: 1900, epoch: 9 | loss: 0.1717390
	speed: 0.0215s/iter; left time: 16973.4014s
	iters: 2000, epoch: 9 | loss: 0.1984596
	speed: 0.0213s/iter; left time: 16844.6251s
	iters: 2100, epoch: 9 | loss: 0.1467688
	speed: 0.0211s/iter; left time: 16619.4629s
	iters: 2200, epoch: 9 | loss: 0.1425695
	speed: 0.0208s/iter; left time: 16445.7088s
	iters: 2300, epoch: 9 | loss: 0.1706289
	speed: 0.0208s/iter; left time: 16410.5854s
	iters: 2400, epoch: 9 | loss: 0.2014707
	speed: 0.0207s/iter; left time: 16329.2611s
	iters: 2500, epoch: 9 | loss: 0.1874286
	speed: 0.0207s/iter; left time: 16330.8645s
	iters: 2600, epoch: 9 | loss: 0.1934313
	speed: 0.0212s/iter; left time: 16761.3967s
	iters: 2700, epoch: 9 | loss: 0.1564188
	speed: 0.0213s/iter; left time: 16791.7954s
	iters: 2800, epoch: 9 | loss: 0.1717089
	speed: 0.0211s/iter; left time: 16606.8022s
	iters: 2900, epoch: 9 | loss: 0.1600621
	speed: 0.0212s/iter; left time: 16725.4611s
	iters: 3000, epoch: 9 | loss: 0.1749979
	speed: 0.0211s/iter; left time: 16674.3216s
	iters: 3100, epoch: 9 | loss: 0.1661787
	speed: 0.0209s/iter; left time: 16491.4461s
	iters: 3200, epoch: 9 | loss: 0.1470390
	speed: 0.0206s/iter; left time: 16262.9014s
	iters: 3300, epoch: 9 | loss: 0.2403166
	speed: 0.0209s/iter; left time: 16487.3478s
	iters: 3400, epoch: 9 | loss: 0.1984280
	speed: 0.0213s/iter; left time: 16786.7209s
	iters: 3500, epoch: 9 | loss: 0.1836467
	speed: 0.0216s/iter; left time: 17010.9358s
	iters: 3600, epoch: 9 | loss: 0.1837421
	speed: 0.0209s/iter; left time: 16493.2798s
	iters: 3700, epoch: 9 | loss: 0.1830018
	speed: 0.0211s/iter; left time: 16600.9669s
	iters: 3800, epoch: 9 | loss: 0.2277156
	speed: 0.0213s/iter; left time: 16770.8955s
	iters: 3900, epoch: 9 | loss: 0.1641892
	speed: 0.0213s/iter; left time: 16752.4933s
	iters: 4000, epoch: 9 | loss: 0.1728871
	speed: 0.0209s/iter; left time: 16472.1236s
	iters: 4100, epoch: 9 | loss: 0.1449675
	speed: 0.0215s/iter; left time: 16969.8496s
Epoch: 9 cost time: 88.01985311508179
Epoch: 9, Steps: 4123 | Train Loss: 0.1731771 Vali Loss: 0.2194772 Test Loss: 24.8181381
EarlyStopping counter: 5 out of 5
Early stopping
>>>>>>>testing : long_term_forecast_pems11_h_96_192_DLinear_custom_ftM_sl96_ll48_pl192_dm512_nh8_el2_dl1_df2048_fc3_ebtimeF_dtTrue_srate1.0_sseed7_trainseed2024_Exp_0<<<<<<<<<<<<<<<<<<<<<<<<<<<<<<<<<
test 37594
test shape: (37594, 1, 192, 521) (37594, 1, 192, 521)
test shape: (37594, 192, 521) (37594, 192, 521)
mse:24.785261154174805, mae:0.29087674617767334
>>>>>>>Overall time: 2420 seconds<<<<<<<<<<<<<<<<<<<<<<<<<<<<<<<<<
