Args in experiment:
Namespace(activation='gelu', anomaly_ratio=0.25, batch_size=16, c_out=212, checkpoints='./checkpoints/', d_ff=512, d_layers=1, d_model=512, data='custom', data_path='pems08_h.csv', dec_in=212, des='Exp', devices='0,1,2,3', distil=True, dropout=0, e_layers=4, embed='timeF', enc_in=212, factor=3, features='M', freq='h', gap_day=365, gpu=0, inverse=False, is_training=1, itr=1, label_len=48, learning_rate=0.001, loss='MSE', lradj='type1', mask_rate=0.25, model='iTransformer', model_id='pems08_h_96_336', moving_avg=25, n_heads=8, num_kernels=6, num_workers=10, output_attention=False, p_hidden_dims=[128, 128], p_hidden_layers=2, patience=3, pred_len=336, root_path='../../data/pems/', samle_rate=1.0, sample_seed=7, seasonal_patterns='Monthly', seq_len=96, target='OT', task_name='long_term_forecast', top_k=5, train_epochs=10, train_seed=2024, use_amp=False, use_gpu=True, use_multi_gpu=False)
Use GPU: cuda:0
>>>>>>>start training : long_term_forecast_pems08_h_96_336_iTransformer_custom_ftM_sl96_ll48_pl336_dm512_nh8_el4_dl1_df512_fc3_ebtimeF_dtTrue_srate1.0_sseed7_trainseed2024_Exp_0>>>>>>>>>>>>>>>>>>>>>>>>>>
train 141041
val 19877
test 40085
	iters: 100, epoch: 1 | loss: 0.2747442
	speed: 0.0452s/iter; left time: 3983.8305s
	iters: 200, epoch: 1 | loss: 0.2273240
	speed: 0.0381s/iter; left time: 3350.9488s
	iters: 300, epoch: 1 | loss: 0.1703693
	speed: 0.0373s/iter; left time: 3274.1793s
	iters: 400, epoch: 1 | loss: 0.2334949
	speed: 0.0414s/iter; left time: 3629.1982s
	iters: 500, epoch: 1 | loss: 0.1845467
	speed: 0.0395s/iter; left time: 3459.3436s
	iters: 600, epoch: 1 | loss: 0.1901610
	speed: 0.0367s/iter; left time: 3213.7125s
	iters: 700, epoch: 1 | loss: 0.1952408
	speed: 0.0364s/iter; left time: 3185.6374s
	iters: 800, epoch: 1 | loss: 0.2389524
	speed: 0.0356s/iter; left time: 3107.2145s
	iters: 900, epoch: 1 | loss: 0.1753328
	speed: 0.0364s/iter; left time: 3179.5765s
	iters: 1000, epoch: 1 | loss: 0.2028215
	speed: 0.0366s/iter; left time: 3189.3658s
	iters: 1100, epoch: 1 | loss: 0.2203791
	speed: 0.0354s/iter; left time: 3080.6861s
	iters: 1200, epoch: 1 | loss: 0.1685072
	speed: 0.0358s/iter; left time: 3111.3090s
	iters: 1300, epoch: 1 | loss: 0.1745333
	speed: 0.0360s/iter; left time: 3126.6102s
	iters: 1400, epoch: 1 | loss: 0.1895296
	speed: 0.0366s/iter; left time: 3177.1719s
	iters: 1500, epoch: 1 | loss: 0.2027230
	speed: 0.0372s/iter; left time: 3220.8063s
	iters: 1600, epoch: 1 | loss: 0.2016584
	speed: 0.0370s/iter; left time: 3204.5242s
	iters: 1700, epoch: 1 | loss: 0.2261620
	speed: 0.0379s/iter; left time: 3280.0096s
	iters: 1800, epoch: 1 | loss: 0.2105152
	speed: 0.0369s/iter; left time: 3182.7664s
	iters: 1900, epoch: 1 | loss: 0.2004509
	speed: 0.0373s/iter; left time: 3219.7690s
	iters: 2000, epoch: 1 | loss: 0.1892756
	speed: 0.0365s/iter; left time: 3141.0847s
	iters: 2100, epoch: 1 | loss: 0.1858525
	speed: 0.0356s/iter; left time: 3066.7574s
	iters: 2200, epoch: 1 | loss: 0.1999160
	speed: 0.0362s/iter; left time: 3112.0534s
	iters: 2300, epoch: 1 | loss: 0.1689238
	speed: 0.0357s/iter; left time: 3067.1723s
	iters: 2400, epoch: 1 | loss: 0.1554976
	speed: 0.0367s/iter; left time: 3150.6567s
	iters: 2500, epoch: 1 | loss: 0.2095467
	speed: 0.0364s/iter; left time: 3115.0114s
	iters: 2600, epoch: 1 | loss: 0.1763434
	speed: 0.0364s/iter; left time: 3110.3500s
	iters: 2700, epoch: 1 | loss: 0.2204091
	speed: 0.0362s/iter; left time: 3095.7041s
	iters: 2800, epoch: 1 | loss: 0.1680828
	speed: 0.0370s/iter; left time: 3161.3748s
	iters: 2900, epoch: 1 | loss: 0.1662912
	speed: 0.0368s/iter; left time: 3135.9427s
	iters: 3000, epoch: 1 | loss: 0.5792428
	speed: 0.0356s/iter; left time: 3030.5881s
	iters: 3100, epoch: 1 | loss: 0.3597137
	speed: 0.0357s/iter; left time: 3040.0913s
	iters: 3200, epoch: 1 | loss: 0.5873610
	speed: 0.0351s/iter; left time: 2978.3232s
	iters: 3300, epoch: 1 | loss: 0.4006492
	speed: 0.0398s/iter; left time: 3380.3501s
	iters: 3400, epoch: 1 | loss: 0.4751714
	speed: 0.0364s/iter; left time: 3084.7803s
	iters: 3500, epoch: 1 | loss: 0.3699436
	speed: 0.0364s/iter; left time: 3081.5114s
	iters: 3600, epoch: 1 | loss: 0.3666000
	speed: 0.0342s/iter; left time: 2891.6826s
	iters: 3700, epoch: 1 | loss: 0.4157766
	speed: 0.0340s/iter; left time: 2874.2556s
	iters: 3800, epoch: 1 | loss: 0.4188176
	speed: 0.0339s/iter; left time: 2857.7377s
	iters: 3900, epoch: 1 | loss: 0.3578727
	speed: 0.0338s/iter; left time: 2851.8877s
	iters: 4000, epoch: 1 | loss: 0.3592466
	speed: 0.0340s/iter; left time: 2857.1287s
	iters: 4100, epoch: 1 | loss: 0.3006764
	speed: 0.0341s/iter; left time: 2863.5793s
	iters: 4200, epoch: 1 | loss: 0.3493889
	speed: 0.0339s/iter; left time: 2843.5543s
	iters: 4300, epoch: 1 | loss: 0.3222667
	speed: 0.0339s/iter; left time: 2844.9912s
	iters: 4400, epoch: 1 | loss: 0.3579656
	speed: 0.0342s/iter; left time: 2865.8587s
	iters: 4500, epoch: 1 | loss: 0.3441179
	speed: 0.0338s/iter; left time: 2826.0473s
	iters: 4600, epoch: 1 | loss: 0.3550636
	speed: 0.0343s/iter; left time: 2865.5394s
	iters: 4700, epoch: 1 | loss: 0.3716841
	speed: 0.0338s/iter; left time: 2822.3138s
	iters: 4800, epoch: 1 | loss: 0.3795186
	speed: 0.0339s/iter; left time: 2821.5681s
	iters: 4900, epoch: 1 | loss: 0.3293190
	speed: 0.0338s/iter; left time: 2817.0150s
	iters: 5000, epoch: 1 | loss: 0.3571414
	speed: 0.0335s/iter; left time: 2787.1325s
	iters: 5100, epoch: 1 | loss: 0.3597606
	speed: 0.0338s/iter; left time: 2803.9039s
	iters: 5200, epoch: 1 | loss: 0.3155002
	speed: 0.0339s/iter; left time: 2813.2972s
	iters: 5300, epoch: 1 | loss: 0.3357516
	speed: 0.0340s/iter; left time: 2820.8144s
	iters: 5400, epoch: 1 | loss: 0.2808611
	speed: 0.0339s/iter; left time: 2807.3702s
	iters: 5500, epoch: 1 | loss: 0.3454333
	speed: 0.0339s/iter; left time: 2805.9340s
	iters: 5600, epoch: 1 | loss: 0.2849542
	speed: 0.0338s/iter; left time: 2790.0117s
	iters: 5700, epoch: 1 | loss: 0.3105044
	speed: 0.0341s/iter; left time: 2809.9020s
	iters: 5800, epoch: 1 | loss: 0.3024935
	speed: 0.0339s/iter; left time: 2789.5636s
	iters: 5900, epoch: 1 | loss: 0.3366106
	speed: 0.0341s/iter; left time: 2805.5626s
	iters: 6000, epoch: 1 | loss: 0.3864622
	speed: 0.0339s/iter; left time: 2784.5443s
	iters: 6100, epoch: 1 | loss: 0.3375341
	speed: 0.0340s/iter; left time: 2788.9025s
	iters: 6200, epoch: 1 | loss: 0.3213512
	speed: 0.0340s/iter; left time: 2787.1789s
	iters: 6300, epoch: 1 | loss: 0.3048739
	speed: 0.0337s/iter; left time: 2760.8626s
	iters: 6400, epoch: 1 | loss: 0.3420352
	speed: 0.0337s/iter; left time: 2757.6247s
	iters: 6500, epoch: 1 | loss: 0.3598164
	speed: 0.0338s/iter; left time: 2758.3474s
	iters: 6600, epoch: 1 | loss: 0.3195844
	speed: 0.0339s/iter; left time: 2761.1552s
	iters: 6700, epoch: 1 | loss: 0.3159460
	speed: 0.0338s/iter; left time: 2754.7202s
	iters: 6800, epoch: 1 | loss: 0.3197730
	speed: 0.0341s/iter; left time: 2774.6474s
	iters: 6900, epoch: 1 | loss: 0.2972637
	speed: 0.0340s/iter; left time: 2760.4911s
	iters: 7000, epoch: 1 | loss: 0.3163960
	speed: 0.0338s/iter; left time: 2744.9886s
	iters: 7100, epoch: 1 | loss: 0.3200482
	speed: 0.0337s/iter; left time: 2735.4268s
	iters: 7200, epoch: 1 | loss: 0.3656467
	speed: 0.0338s/iter; left time: 2737.9160s
	iters: 7300, epoch: 1 | loss: 0.4184138
	speed: 0.0340s/iter; left time: 2750.3700s
	iters: 7400, epoch: 1 | loss: 0.3477001
	speed: 0.0342s/iter; left time: 2761.8100s
	iters: 7500, epoch: 1 | loss: 0.3651928
	speed: 0.0340s/iter; left time: 2739.3159s
	iters: 7600, epoch: 1 | loss: 0.2986222
	speed: 0.0339s/iter; left time: 2727.2432s
	iters: 7700, epoch: 1 | loss: 0.3161957
	speed: 0.0338s/iter; left time: 2720.6023s
	iters: 7800, epoch: 1 | loss: 0.3227577
	speed: 0.0341s/iter; left time: 2740.3242s
	iters: 7900, epoch: 1 | loss: 0.3668982
	speed: 0.0338s/iter; left time: 2711.4164s
	iters: 8000, epoch: 1 | loss: 0.3473560
	speed: 0.0340s/iter; left time: 2722.4937s
	iters: 8100, epoch: 1 | loss: 0.3598436
	speed: 0.0339s/iter; left time: 2715.1890s
	iters: 8200, epoch: 1 | loss: 0.3548366
	speed: 0.0343s/iter; left time: 2740.1210s
	iters: 8300, epoch: 1 | loss: 0.2867260
	speed: 0.0344s/iter; left time: 2746.1721s
	iters: 8400, epoch: 1 | loss: 0.3439185
	speed: 0.0340s/iter; left time: 2710.5020s
	iters: 8500, epoch: 1 | loss: 0.3345322
	speed: 0.0339s/iter; left time: 2696.5135s
	iters: 8600, epoch: 1 | loss: 0.3282635
	speed: 0.0341s/iter; left time: 2713.6860s
	iters: 8700, epoch: 1 | loss: 0.3286692
	speed: 0.0342s/iter; left time: 2715.2575s
	iters: 8800, epoch: 1 | loss: 0.3262341
	speed: 0.0339s/iter; left time: 2690.1426s
Epoch: 1 cost time: 310.1316342353821
Epoch: 1, Steps: 8815 | Train Loss: 0.3040730 Vali Loss: 0.4231169 Test Loss: 0.3808221
Validation loss decreased (inf --> 0.423117).  Saving model ...
Updating learning rate to 0.001
	iters: 100, epoch: 2 | loss: 0.3422751
	speed: 2.1470s/iter; left time: 170121.8122s
	iters: 200, epoch: 2 | loss: 0.2984474
	speed: 0.0328s/iter; left time: 2595.1736s
	iters: 300, epoch: 2 | loss: 0.3605137
	speed: 0.0331s/iter; left time: 2613.7909s
	iters: 400, epoch: 2 | loss: 0.3670236
	speed: 0.0332s/iter; left time: 2617.1261s
	iters: 500, epoch: 2 | loss: 0.3388834
	speed: 0.0334s/iter; left time: 2636.2453s
	iters: 600, epoch: 2 | loss: 0.3197128
	speed: 0.0331s/iter; left time: 2602.7696s
	iters: 700, epoch: 2 | loss: 0.2816219
	speed: 0.0331s/iter; left time: 2606.4673s
	iters: 800, epoch: 2 | loss: 0.2876573
	speed: 0.0334s/iter; left time: 2621.3065s
	iters: 900, epoch: 2 | loss: 0.3250421
	speed: 0.0332s/iter; left time: 2607.5338s
	iters: 1000, epoch: 2 | loss: 0.3744870
	speed: 0.0335s/iter; left time: 2626.5489s
	iters: 1100, epoch: 2 | loss: 0.3272853
	speed: 0.0332s/iter; left time: 2595.3050s
	iters: 1200, epoch: 2 | loss: 0.3170756
	speed: 0.0333s/iter; left time: 2602.4207s
	iters: 1300, epoch: 2 | loss: 0.3012010
	speed: 0.0333s/iter; left time: 2595.3419s
	iters: 1400, epoch: 2 | loss: 0.3312579
	speed: 0.0333s/iter; left time: 2597.5137s
	iters: 1500, epoch: 2 | loss: 0.3450698
	speed: 0.0333s/iter; left time: 2588.9716s
	iters: 1600, epoch: 2 | loss: 0.4094525
	speed: 0.0333s/iter; left time: 2587.5127s
	iters: 1700, epoch: 2 | loss: 0.3277862
	speed: 0.0334s/iter; left time: 2589.4883s
	iters: 1800, epoch: 2 | loss: 0.3383696
	speed: 0.0337s/iter; left time: 2611.1448s
	iters: 1900, epoch: 2 | loss: 0.3120385
	speed: 0.0337s/iter; left time: 2606.5260s
	iters: 2000, epoch: 2 | loss: 0.3032275
	speed: 0.0335s/iter; left time: 2594.1672s
	iters: 2100, epoch: 2 | loss: 0.2963635
	speed: 0.0332s/iter; left time: 2564.0269s
	iters: 2200, epoch: 2 | loss: 0.3349778
	speed: 0.0332s/iter; left time: 2561.8945s
	iters: 2300, epoch: 2 | loss: 0.3605639
	speed: 0.0334s/iter; left time: 2571.5993s
	iters: 2400, epoch: 2 | loss: 0.3264110
	speed: 0.0334s/iter; left time: 2573.0373s
	iters: 2500, epoch: 2 | loss: 0.3543762
	speed: 0.0336s/iter; left time: 2582.2847s
	iters: 2600, epoch: 2 | loss: 0.3495452
	speed: 0.0340s/iter; left time: 2608.8534s
	iters: 2700, epoch: 2 | loss: 0.2909979
	speed: 0.0337s/iter; left time: 2584.3135s
	iters: 2800, epoch: 2 | loss: 0.3807889
	speed: 0.0339s/iter; left time: 2597.7406s
	iters: 2900, epoch: 2 | loss: 0.3625591
	speed: 0.0339s/iter; left time: 2592.4900s
	iters: 3000, epoch: 2 | loss: 0.3542683
	speed: 0.0336s/iter; left time: 2568.2483s
	iters: 3100, epoch: 2 | loss: 0.2992484
	speed: 0.0339s/iter; left time: 2586.4644s
	iters: 3200, epoch: 2 | loss: 0.3739085
	speed: 0.0340s/iter; left time: 2585.8965s
	iters: 3300, epoch: 2 | loss: 0.3427493
	speed: 0.0336s/iter; left time: 2558.3114s
	iters: 3400, epoch: 2 | loss: 0.4590611
	speed: 0.0337s/iter; left time: 2558.6024s
	iters: 3500, epoch: 2 | loss: 0.4197097
	speed: 0.0335s/iter; left time: 2539.6236s
	iters: 3600, epoch: 2 | loss: 0.3849707
	speed: 0.0337s/iter; left time: 2549.7407s
	iters: 3700, epoch: 2 | loss: 0.4236923
	speed: 0.0340s/iter; left time: 2572.2812s
	iters: 3800, epoch: 2 | loss: 0.3746472
	speed: 0.0339s/iter; left time: 2560.7317s
	iters: 3900, epoch: 2 | loss: 0.3529914
	speed: 0.0339s/iter; left time: 2559.3682s
	iters: 4000, epoch: 2 | loss: 0.3682639
	speed: 0.0338s/iter; left time: 2543.2695s
	iters: 4100, epoch: 2 | loss: 0.5460376
	speed: 0.0338s/iter; left time: 2539.7705s
	iters: 4200, epoch: 2 | loss: 0.5754421
	speed: 0.0339s/iter; left time: 2546.5713s
	iters: 4300, epoch: 2 | loss: 0.4596284
	speed: 0.0340s/iter; left time: 2552.3075s
	iters: 4400, epoch: 2 | loss: 0.6432396
	speed: 0.0342s/iter; left time: 2559.4326s
	iters: 4500, epoch: 2 | loss: 0.4974259
	speed: 0.0338s/iter; left time: 2531.5856s
	iters: 4600, epoch: 2 | loss: 0.5055290
	speed: 0.0341s/iter; left time: 2546.3358s
	iters: 4700, epoch: 2 | loss: 0.5783100
	speed: 0.0340s/iter; left time: 2538.3113s
	iters: 4800, epoch: 2 | loss: 0.4740356
	speed: 0.0340s/iter; left time: 2534.5164s
	iters: 4900, epoch: 2 | loss: 0.4330582
	speed: 0.0341s/iter; left time: 2537.2832s
	iters: 5000, epoch: 2 | loss: 0.3797344
	speed: 0.0340s/iter; left time: 2528.3212s
	iters: 5100, epoch: 2 | loss: 0.4042912
	speed: 0.0337s/iter; left time: 2503.8641s
	iters: 5200, epoch: 2 | loss: 0.4280699
	speed: 0.0338s/iter; left time: 2505.0570s
	iters: 5300, epoch: 2 | loss: 0.4215457
	speed: 0.0340s/iter; left time: 2520.7088s
	iters: 5400, epoch: 2 | loss: 0.4175996
	speed: 0.0339s/iter; left time: 2508.5747s
	iters: 5500, epoch: 2 | loss: 0.5097306
	speed: 0.0343s/iter; left time: 2533.3941s
	iters: 5600, epoch: 2 | loss: 0.4003386
	speed: 0.0341s/iter; left time: 2512.7641s
	iters: 5700, epoch: 2 | loss: 0.3365755
	speed: 0.0340s/iter; left time: 2504.8957s
	iters: 5800, epoch: 2 | loss: 0.4440661
	speed: 0.0341s/iter; left time: 2509.1042s
	iters: 5900, epoch: 2 | loss: 0.3573924
	speed: 0.0341s/iter; left time: 2501.1404s
	iters: 6000, epoch: 2 | loss: 0.3714715
	speed: 0.0340s/iter; left time: 2493.8832s
	iters: 6100, epoch: 2 | loss: 0.4107257
	speed: 0.0340s/iter; left time: 2493.4855s
	iters: 6200, epoch: 2 | loss: 0.3346151
	speed: 0.0339s/iter; left time: 2476.1005s
	iters: 6300, epoch: 2 | loss: 0.3614922
	speed: 0.0340s/iter; left time: 2483.7571s
	iters: 6400, epoch: 2 | loss: 0.3445289
	speed: 0.0339s/iter; left time: 2473.1269s
	iters: 6500, epoch: 2 | loss: 0.3971081
	speed: 0.0340s/iter; left time: 2478.9502s
	iters: 6600, epoch: 2 | loss: 0.3679664
	speed: 0.0341s/iter; left time: 2480.8221s
	iters: 6700, epoch: 2 | loss: 0.3661652
	speed: 0.0340s/iter; left time: 2472.8973s
	iters: 6800, epoch: 2 | loss: 0.3340557
	speed: 0.0341s/iter; left time: 2476.7960s
	iters: 6900, epoch: 2 | loss: 0.3417916
	speed: 0.0340s/iter; left time: 2463.2123s
	iters: 7000, epoch: 2 | loss: 0.3239612
	speed: 0.0339s/iter; left time: 2453.6217s
	iters: 7100, epoch: 2 | loss: 0.3296130
	speed: 0.0341s/iter; left time: 2460.2461s
	iters: 7200, epoch: 2 | loss: 0.4120221
	speed: 0.0343s/iter; left time: 2477.4454s
	iters: 7300, epoch: 2 | loss: 0.3900239
	speed: 0.0342s/iter; left time: 2463.6653s
	iters: 7400, epoch: 2 | loss: 0.3142637
	speed: 0.0342s/iter; left time: 2459.3038s
	iters: 7500, epoch: 2 | loss: 0.4090925
	speed: 0.0341s/iter; left time: 2447.8557s
	iters: 7600, epoch: 2 | loss: 0.3901871
	speed: 0.0341s/iter; left time: 2444.4097s
	iters: 7700, epoch: 2 | loss: 0.3405214
	speed: 0.0349s/iter; left time: 2497.4218s
	iters: 7800, epoch: 2 | loss: 0.3635809
	speed: 0.0343s/iter; left time: 2452.3567s
	iters: 7900, epoch: 2 | loss: 0.3498909
	speed: 0.0347s/iter; left time: 2479.9783s
	iters: 8000, epoch: 2 | loss: 0.3615892
	speed: 0.0345s/iter; left time: 2461.2045s
	iters: 8100, epoch: 2 | loss: 0.3834275
	speed: 0.0347s/iter; left time: 2468.9595s
	iters: 8200, epoch: 2 | loss: 0.4121658
	speed: 0.0339s/iter; left time: 2414.7811s
	iters: 8300, epoch: 2 | loss: 0.3426403
	speed: 0.0336s/iter; left time: 2384.4970s
	iters: 8400, epoch: 2 | loss: 0.3703237
	speed: 0.0337s/iter; left time: 2390.9204s
	iters: 8500, epoch: 2 | loss: 0.3491915
	speed: 0.0337s/iter; left time: 2384.6082s
	iters: 8600, epoch: 2 | loss: 0.3529598
	speed: 0.0336s/iter; left time: 2374.4320s
	iters: 8700, epoch: 2 | loss: 0.3655558
	speed: 0.0336s/iter; left time: 2376.0811s
	iters: 8800, epoch: 2 | loss: 0.3952526
	speed: 0.0340s/iter; left time: 2401.6628s
Epoch: 2 cost time: 298.6004009246826
Epoch: 2, Steps: 8815 | Train Loss: 0.3793556 Vali Loss: 0.4409024 Test Loss: 0.3989254
EarlyStopping counter: 1 out of 3
Updating learning rate to 0.0005
	iters: 100, epoch: 3 | loss: 0.3959056
	speed: 2.1371s/iter; left time: 150495.6347s
	iters: 200, epoch: 3 | loss: 0.3333530
	speed: 0.0331s/iter; left time: 2326.1089s
	iters: 300, epoch: 3 | loss: 0.3953554
	speed: 0.0330s/iter; left time: 2319.7487s
	iters: 400, epoch: 3 | loss: 0.2892608
	speed: 0.0332s/iter; left time: 2324.7697s
	iters: 500, epoch: 3 | loss: 0.3156820
	speed: 0.0334s/iter; left time: 2341.2207s
	iters: 600, epoch: 3 | loss: 0.3300575
	speed: 0.0333s/iter; left time: 2328.6957s
	iters: 700, epoch: 3 | loss: 0.3617527
	speed: 0.0332s/iter; left time: 2320.5318s
	iters: 800, epoch: 3 | loss: 0.3380407
	speed: 0.0329s/iter; left time: 2296.8121s
	iters: 900, epoch: 3 | loss: 0.4259433
	speed: 0.0331s/iter; left time: 2307.4635s
	iters: 1000, epoch: 3 | loss: 0.3146999
	speed: 0.0332s/iter; left time: 2306.0725s
	iters: 1100, epoch: 3 | loss: 0.4169800
	speed: 0.0334s/iter; left time: 2315.7685s
	iters: 1200, epoch: 3 | loss: 0.4067155
	speed: 0.0332s/iter; left time: 2304.5056s
	iters: 1300, epoch: 3 | loss: 0.3323334
	speed: 0.0333s/iter; left time: 2302.3614s
	iters: 1400, epoch: 3 | loss: 0.3083272
	speed: 0.0333s/iter; left time: 2301.7851s
	iters: 1500, epoch: 3 | loss: 0.3242506
	speed: 0.0333s/iter; left time: 2301.2018s
	iters: 1600, epoch: 3 | loss: 0.3679517
	speed: 0.0334s/iter; left time: 2304.8363s
	iters: 1700, epoch: 3 | loss: 0.3840977
	speed: 0.0333s/iter; left time: 2295.0332s
	iters: 1800, epoch: 3 | loss: 0.3245341
	speed: 0.0333s/iter; left time: 2287.0693s
	iters: 1900, epoch: 3 | loss: 0.3508075
	speed: 0.0335s/iter; left time: 2298.6406s
	iters: 2000, epoch: 3 | loss: 0.3346539
	speed: 0.0334s/iter; left time: 2291.9605s
	iters: 2100, epoch: 3 | loss: 0.3573865
	speed: 0.0334s/iter; left time: 2284.0596s
	iters: 2200, epoch: 3 | loss: 0.3694119
	speed: 0.0334s/iter; left time: 2279.2600s
	iters: 2300, epoch: 3 | loss: 0.3176241
	speed: 0.0335s/iter; left time: 2286.2338s
	iters: 2400, epoch: 3 | loss: 0.3494273
	speed: 0.0334s/iter; left time: 2275.7169s
	iters: 2500, epoch: 3 | loss: 0.3316115
	speed: 0.0336s/iter; left time: 2285.6285s
	iters: 2600, epoch: 3 | loss: 0.3803309
	speed: 0.0333s/iter; left time: 2261.4127s
	iters: 2700, epoch: 3 | loss: 0.3749448
	speed: 0.0335s/iter; left time: 2272.2035s
	iters: 2800, epoch: 3 | loss: 0.3431610
	speed: 0.0335s/iter; left time: 2269.2352s
	iters: 2900, epoch: 3 | loss: 0.3755904
	speed: 0.0334s/iter; left time: 2260.7344s
	iters: 3000, epoch: 3 | loss: 0.3803436
	speed: 0.0332s/iter; left time: 2239.0973s
	iters: 3100, epoch: 3 | loss: 0.3862743
	speed: 0.0333s/iter; left time: 2244.4510s
	iters: 3200, epoch: 3 | loss: 0.3523073
	speed: 0.0336s/iter; left time: 2264.2203s
	iters: 3300, epoch: 3 | loss: 0.3548504
	speed: 0.0335s/iter; left time: 2251.2986s
	iters: 3400, epoch: 3 | loss: 0.3392957
	speed: 0.0335s/iter; left time: 2246.6781s
	iters: 3500, epoch: 3 | loss: 0.3431710
	speed: 0.0334s/iter; left time: 2238.0629s
	iters: 3600, epoch: 3 | loss: 0.3351020
	speed: 0.0335s/iter; left time: 2239.2457s
	iters: 3700, epoch: 3 | loss: 0.3652453
	speed: 0.0335s/iter; left time: 2238.4007s
	iters: 3800, epoch: 3 | loss: 0.3101450
	speed: 0.0335s/iter; left time: 2238.0179s
	iters: 3900, epoch: 3 | loss: 0.3581066
	speed: 0.0333s/iter; left time: 2220.1178s
	iters: 4000, epoch: 3 | loss: 0.3838277
	speed: 0.0332s/iter; left time: 2209.4099s
	iters: 4100, epoch: 3 | loss: 0.3593877
	speed: 0.0333s/iter; left time: 2212.5719s
	iters: 4200, epoch: 3 | loss: 0.2844271
	speed: 0.0333s/iter; left time: 2206.9637s
	iters: 4300, epoch: 3 | loss: 0.3597464
	speed: 0.0332s/iter; left time: 2197.4642s
	iters: 4400, epoch: 3 | loss: 0.3186781
	speed: 0.0335s/iter; left time: 2214.5890s
	iters: 4500, epoch: 3 | loss: 0.3586792
	speed: 0.0333s/iter; left time: 2200.5860s
	iters: 4600, epoch: 3 | loss: 0.3696235
	speed: 0.0332s/iter; left time: 2190.9616s
	iters: 4700, epoch: 3 | loss: 0.3197084
	speed: 0.0335s/iter; left time: 2204.3415s
	iters: 4800, epoch: 3 | loss: 0.3185378
	speed: 0.0333s/iter; left time: 2188.2134s
	iters: 4900, epoch: 3 | loss: 0.3626930
	speed: 0.0333s/iter; left time: 2183.0976s
	iters: 5000, epoch: 3 | loss: 0.4147324
	speed: 0.0333s/iter; left time: 2180.1140s
	iters: 5100, epoch: 3 | loss: 0.3934449
	speed: 0.0335s/iter; left time: 2194.2435s
	iters: 5200, epoch: 3 | loss: 0.3350236
	speed: 0.0334s/iter; left time: 2181.4187s
	iters: 5300, epoch: 3 | loss: 0.3344429
	speed: 0.0335s/iter; left time: 2182.5105s
	iters: 5400, epoch: 3 | loss: 0.3838404
	speed: 0.0336s/iter; left time: 2189.0715s
	iters: 5500, epoch: 3 | loss: 0.3322587
	speed: 0.0334s/iter; left time: 2168.9041s
	iters: 5600, epoch: 3 | loss: 0.3175760
	speed: 0.0333s/iter; left time: 2163.9884s
	iters: 5700, epoch: 3 | loss: 0.3203805
	speed: 0.0336s/iter; left time: 2176.8938s
	iters: 5800, epoch: 3 | loss: 0.3593371
	speed: 0.0336s/iter; left time: 2177.7649s
	iters: 5900, epoch: 3 | loss: 0.3748649
	speed: 0.0332s/iter; left time: 2146.0062s
	iters: 6000, epoch: 3 | loss: 0.3299538
	speed: 0.0333s/iter; left time: 2146.9622s
	iters: 6100, epoch: 3 | loss: 0.4431763
	speed: 0.0334s/iter; left time: 2150.9177s
	iters: 6200, epoch: 3 | loss: 0.3198570
	speed: 0.0333s/iter; left time: 2143.2394s
	iters: 6300, epoch: 3 | loss: 0.3438232
	speed: 0.0333s/iter; left time: 2140.4250s
	iters: 6400, epoch: 3 | loss: 0.3231594
	speed: 0.0333s/iter; left time: 2133.1738s
	iters: 6500, epoch: 3 | loss: 0.4169739
	speed: 0.0334s/iter; left time: 2138.0217s
	iters: 6600, epoch: 3 | loss: 0.3156990
	speed: 0.0333s/iter; left time: 2127.2211s
	iters: 6700, epoch: 3 | loss: 0.3110220
	speed: 0.0334s/iter; left time: 2132.0300s
	iters: 6800, epoch: 3 | loss: 0.3234116
	speed: 0.0336s/iter; left time: 2140.1222s
	iters: 6900, epoch: 3 | loss: 0.3727008
	speed: 0.0339s/iter; left time: 2157.0834s
	iters: 7000, epoch: 3 | loss: 0.3431284
	speed: 0.0339s/iter; left time: 2153.7366s
	iters: 7100, epoch: 3 | loss: 0.3703516
	speed: 0.0340s/iter; left time: 2156.5250s
	iters: 7200, epoch: 3 | loss: 0.3268380
	speed: 0.0340s/iter; left time: 2155.5261s
	iters: 7300, epoch: 3 | loss: 0.2968104
	speed: 0.0339s/iter; left time: 2143.2063s
	iters: 7400, epoch: 3 | loss: 0.3425542
	speed: 0.0334s/iter; left time: 2108.0126s
	iters: 7500, epoch: 3 | loss: 0.3446677
	speed: 0.0334s/iter; left time: 2104.0520s
	iters: 7600, epoch: 3 | loss: 0.3298867
	speed: 0.0333s/iter; left time: 2092.2353s
	iters: 7700, epoch: 3 | loss: 0.3519337
	speed: 0.0331s/iter; left time: 2080.1963s
	iters: 7800, epoch: 3 | loss: 0.3476439
	speed: 0.0334s/iter; left time: 2094.3330s
	iters: 7900, epoch: 3 | loss: 0.3142740
	speed: 0.0334s/iter; left time: 2089.7975s
	iters: 8000, epoch: 3 | loss: 0.3717405
	speed: 0.0335s/iter; left time: 2093.2779s
	iters: 8100, epoch: 3 | loss: 0.3857121
	speed: 0.0334s/iter; left time: 2082.3571s
	iters: 8200, epoch: 3 | loss: 0.3539094
	speed: 0.0334s/iter; left time: 2079.8392s
	iters: 8300, epoch: 3 | loss: 0.3517861
	speed: 0.0335s/iter; left time: 2083.0556s
	iters: 8400, epoch: 3 | loss: 0.2951397
	speed: 0.0334s/iter; left time: 2077.4923s
	iters: 8500, epoch: 3 | loss: 0.3007489
	speed: 0.0337s/iter; left time: 2090.8607s
	iters: 8600, epoch: 3 | loss: 0.3253542
	speed: 0.0334s/iter; left time: 2070.5632s
	iters: 8700, epoch: 3 | loss: 0.3507448
	speed: 0.0335s/iter; left time: 2068.8489s
	iters: 8800, epoch: 3 | loss: 0.3295029
	speed: 0.0332s/iter; left time: 2050.5326s
Epoch: 3 cost time: 294.95953035354614
Epoch: 3, Steps: 8815 | Train Loss: 0.3459620 Vali Loss: 0.4199906 Test Loss: 0.3812337
Validation loss decreased (0.423117 --> 0.419991).  Saving model ...
Updating learning rate to 0.00025
	iters: 100, epoch: 4 | loss: 0.3509732
	speed: 2.1449s/iter; left time: 132140.3329s
	iters: 200, epoch: 4 | loss: 0.3143113
	speed: 0.0333s/iter; left time: 2046.2685s
	iters: 300, epoch: 4 | loss: 0.3286921
	speed: 0.0335s/iter; left time: 2055.8343s
	iters: 400, epoch: 4 | loss: 0.2827377
	speed: 0.0331s/iter; left time: 2027.0473s
	iters: 500, epoch: 4 | loss: 0.3385657
	speed: 0.0331s/iter; left time: 2026.4278s
	iters: 600, epoch: 4 | loss: 0.3207354
	speed: 0.0333s/iter; left time: 2033.0073s
	iters: 700, epoch: 4 | loss: 0.3551122
	speed: 0.0333s/iter; left time: 2029.3795s
	iters: 800, epoch: 4 | loss: 0.3323329
	speed: 0.0333s/iter; left time: 2025.9837s
	iters: 900, epoch: 4 | loss: 0.3385043
	speed: 0.0334s/iter; left time: 2031.8634s
	iters: 1000, epoch: 4 | loss: 0.2727394
	speed: 0.0334s/iter; left time: 2028.4971s
	iters: 1100, epoch: 4 | loss: 0.3314018
	speed: 0.0337s/iter; left time: 2044.1788s
	iters: 1200, epoch: 4 | loss: 0.3342721
	speed: 0.0334s/iter; left time: 2022.0384s
	iters: 1300, epoch: 4 | loss: 0.3214488
	speed: 0.0336s/iter; left time: 2032.1184s
	iters: 1400, epoch: 4 | loss: 0.3144469
	speed: 0.0334s/iter; left time: 2015.8412s
	iters: 1500, epoch: 4 | loss: 0.2766286
	speed: 0.0335s/iter; left time: 2015.2669s
	iters: 1600, epoch: 4 | loss: 0.3329114
	speed: 0.0336s/iter; left time: 2018.7033s
	iters: 1700, epoch: 4 | loss: 0.3698854
	speed: 0.0337s/iter; left time: 2019.6348s
	iters: 1800, epoch: 4 | loss: 0.3739219
	speed: 0.0335s/iter; left time: 2009.6158s
	iters: 1900, epoch: 4 | loss: 0.3121850
	speed: 0.0339s/iter; left time: 2025.5574s
	iters: 2000, epoch: 4 | loss: 0.3889159
	speed: 0.0334s/iter; left time: 1995.7993s
	iters: 2100, epoch: 4 | loss: 0.4560555
	speed: 0.0334s/iter; left time: 1988.6231s
	iters: 2200, epoch: 4 | loss: 0.3235461
	speed: 0.0335s/iter; left time: 1990.9560s
	iters: 2300, epoch: 4 | loss: 0.2911972
	speed: 0.0334s/iter; left time: 1986.0502s
	iters: 2400, epoch: 4 | loss: 0.3307092
	speed: 0.0336s/iter; left time: 1993.9158s
	iters: 2500, epoch: 4 | loss: 0.3011137
	speed: 0.0333s/iter; left time: 1974.4148s
	iters: 2600, epoch: 4 | loss: 0.3773138
	speed: 0.0334s/iter; left time: 1975.7502s
	iters: 2700, epoch: 4 | loss: 0.3160443
	speed: 0.0333s/iter; left time: 1966.5066s
	iters: 2800, epoch: 4 | loss: 0.3461729
	speed: 0.0336s/iter; left time: 1977.2245s
	iters: 2900, epoch: 4 | loss: 0.3541591
	speed: 0.0334s/iter; left time: 1965.8172s
	iters: 3000, epoch: 4 | loss: 0.3538364
	speed: 0.0333s/iter; left time: 1956.6332s
	iters: 3100, epoch: 4 | loss: 0.3369415
	speed: 0.0333s/iter; left time: 1952.3543s
	iters: 3200, epoch: 4 | loss: 0.3400361
	speed: 0.0334s/iter; left time: 1954.0393s
	iters: 3300, epoch: 4 | loss: 0.3314878
	speed: 0.0334s/iter; left time: 1951.2860s
	iters: 3400, epoch: 4 | loss: 0.3282506
	speed: 0.0336s/iter; left time: 1960.8488s
	iters: 3500, epoch: 4 | loss: 0.3117301
	speed: 0.0333s/iter; left time: 1939.9660s
	iters: 3600, epoch: 4 | loss: 0.3531840
	speed: 0.0333s/iter; left time: 1936.6139s
	iters: 3700, epoch: 4 | loss: 0.2990380
	speed: 0.0335s/iter; left time: 1944.6130s
	iters: 3800, epoch: 4 | loss: 0.2903152
	speed: 0.0336s/iter; left time: 1945.7001s
	iters: 3900, epoch: 4 | loss: 0.3517607
	speed: 0.0333s/iter; left time: 1922.1559s
	iters: 4000, epoch: 4 | loss: 0.3014745
	speed: 0.0333s/iter; left time: 1923.9767s
	iters: 4100, epoch: 4 | loss: 0.3108810
	speed: 0.0335s/iter; left time: 1931.7118s
	iters: 4200, epoch: 4 | loss: 0.3782430
	speed: 0.0334s/iter; left time: 1923.1411s
	iters: 4300, epoch: 4 | loss: 0.3378477
	speed: 0.0338s/iter; left time: 1938.0124s
	iters: 4400, epoch: 4 | loss: 0.3106479
	speed: 0.0332s/iter; left time: 1905.3042s
	iters: 4500, epoch: 4 | loss: 0.3065173
	speed: 0.0332s/iter; left time: 1898.8011s
	iters: 4600, epoch: 4 | loss: 0.3400517
	speed: 0.0333s/iter; left time: 1900.2127s
	iters: 4700, epoch: 4 | loss: 0.3091494
	speed: 0.0334s/iter; left time: 1905.8787s
	iters: 4800, epoch: 4 | loss: 0.2956556
	speed: 0.0334s/iter; left time: 1902.3306s
	iters: 4900, epoch: 4 | loss: 0.3666736
	speed: 0.0334s/iter; left time: 1895.3351s
	iters: 5000, epoch: 4 | loss: 0.3490162
	speed: 0.0334s/iter; left time: 1893.5589s
	iters: 5100, epoch: 4 | loss: 0.3259191
	speed: 0.0335s/iter; left time: 1897.1272s
	iters: 5200, epoch: 4 | loss: 0.3253874
	speed: 0.0334s/iter; left time: 1889.4945s
	iters: 5300, epoch: 4 | loss: 0.3512288
	speed: 0.0334s/iter; left time: 1885.1359s
	iters: 5400, epoch: 4 | loss: 0.3401265
	speed: 0.0333s/iter; left time: 1876.0953s
	iters: 5500, epoch: 4 | loss: 0.3444732
	speed: 0.0333s/iter; left time: 1872.8011s
	iters: 5600, epoch: 4 | loss: 0.3634752
	speed: 0.0336s/iter; left time: 1886.7746s
	iters: 5700, epoch: 4 | loss: 0.3278337
	speed: 0.0340s/iter; left time: 1905.1898s
	iters: 5800, epoch: 4 | loss: 0.3562436
	speed: 0.0342s/iter; left time: 1911.0919s
	iters: 5900, epoch: 4 | loss: 0.3254156
	speed: 0.0340s/iter; left time: 1895.2836s
	iters: 6000, epoch: 4 | loss: 0.3079956
	speed: 0.0341s/iter; left time: 1901.0232s
	iters: 6100, epoch: 4 | loss: 0.3331205
	speed: 0.0342s/iter; left time: 1899.8504s
	iters: 6200, epoch: 4 | loss: 0.3259354
	speed: 0.0337s/iter; left time: 1870.6425s
	iters: 6300, epoch: 4 | loss: 0.3078749
	speed: 0.0332s/iter; left time: 1841.4053s
	iters: 6400, epoch: 4 | loss: 0.2994649
	speed: 0.0333s/iter; left time: 1841.0156s
	iters: 6500, epoch: 4 | loss: 0.3354337
	speed: 0.0333s/iter; left time: 1840.5220s
	iters: 6600, epoch: 4 | loss: 0.3672907
	speed: 0.0334s/iter; left time: 1840.0758s
	iters: 6700, epoch: 4 | loss: 0.3156260
	speed: 0.0332s/iter; left time: 1828.0475s
	iters: 6800, epoch: 4 | loss: 0.2914039
	speed: 0.0334s/iter; left time: 1836.4849s
	iters: 6900, epoch: 4 | loss: 0.3278962
	speed: 0.0334s/iter; left time: 1828.1040s
	iters: 7000, epoch: 4 | loss: 0.4187728
	speed: 0.0332s/iter; left time: 1816.6659s
	iters: 7100, epoch: 4 | loss: 0.3375060
	speed: 0.0336s/iter; left time: 1836.9071s
	iters: 7200, epoch: 4 | loss: 0.3242979
	speed: 0.0333s/iter; left time: 1814.4671s
	iters: 7300, epoch: 4 | loss: 0.3243743
	speed: 0.0332s/iter; left time: 1805.2856s
	iters: 7400, epoch: 4 | loss: 0.3595642
	speed: 0.0335s/iter; left time: 1819.3014s
	iters: 7500, epoch: 4 | loss: 0.3603412
	speed: 0.0334s/iter; left time: 1808.1294s
	iters: 7600, epoch: 4 | loss: 0.3517480
	speed: 0.0333s/iter; left time: 1801.7759s
	iters: 7700, epoch: 4 | loss: 0.3131136
	speed: 0.0336s/iter; left time: 1815.6141s
	iters: 7800, epoch: 4 | loss: 0.3427600
	speed: 0.0333s/iter; left time: 1795.3007s
	iters: 7900, epoch: 4 | loss: 0.3023271
	speed: 0.0333s/iter; left time: 1790.9086s
	iters: 8000, epoch: 4 | loss: 0.2971555
	speed: 0.0335s/iter; left time: 1797.6013s
	iters: 8100, epoch: 4 | loss: 0.3376101
	speed: 0.0335s/iter; left time: 1796.9043s
	iters: 8200, epoch: 4 | loss: 0.3189490
	speed: 0.0335s/iter; left time: 1793.2634s
	iters: 8300, epoch: 4 | loss: 0.3376900
	speed: 0.0334s/iter; left time: 1785.4057s
	iters: 8400, epoch: 4 | loss: 0.2789861
	speed: 0.0334s/iter; left time: 1781.1341s
	iters: 8500, epoch: 4 | loss: 0.3120994
	speed: 0.0336s/iter; left time: 1785.8279s
	iters: 8600, epoch: 4 | loss: 0.3077427
	speed: 0.0335s/iter; left time: 1776.7069s
	iters: 8700, epoch: 4 | loss: 0.3144696
	speed: 0.0333s/iter; left time: 1767.4416s
	iters: 8800, epoch: 4 | loss: 0.3265156
	speed: 0.0335s/iter; left time: 1770.3203s
Epoch: 4 cost time: 295.52925395965576
Epoch: 4, Steps: 8815 | Train Loss: 0.3327059 Vali Loss: 0.4140283 Test Loss: 0.3759130
Validation loss decreased (0.419991 --> 0.414028).  Saving model ...
Updating learning rate to 0.000125
	iters: 100, epoch: 5 | loss: 0.2811456
	speed: 2.1469s/iter; left time: 113338.2493s
	iters: 200, epoch: 5 | loss: 0.3151267
	speed: 0.0333s/iter; left time: 1756.0047s
	iters: 300, epoch: 5 | loss: 0.2922887
	speed: 0.0331s/iter; left time: 1740.8999s
	iters: 400, epoch: 5 | loss: 0.3103976
	speed: 0.0334s/iter; left time: 1751.7147s
	iters: 500, epoch: 5 | loss: 0.3266692
	speed: 0.0332s/iter; left time: 1741.4401s
	iters: 600, epoch: 5 | loss: 0.3645470
	speed: 0.0333s/iter; left time: 1743.0087s
	iters: 700, epoch: 5 | loss: 0.3716872
	speed: 0.0334s/iter; left time: 1744.6316s
	iters: 800, epoch: 5 | loss: 0.3523250
	speed: 0.0336s/iter; left time: 1749.0335s
	iters: 900, epoch: 5 | loss: 0.3170648
	speed: 0.0333s/iter; left time: 1729.7038s
	iters: 1000, epoch: 5 | loss: 0.3411588
	speed: 0.0335s/iter; left time: 1737.5633s
	iters: 1100, epoch: 5 | loss: 0.3034121
	speed: 0.0337s/iter; left time: 1745.2422s
	iters: 1200, epoch: 5 | loss: 0.3128916
	speed: 0.0334s/iter; left time: 1727.6232s
	iters: 1300, epoch: 5 | loss: 0.4193411
	speed: 0.0335s/iter; left time: 1728.9282s
	iters: 1400, epoch: 5 | loss: 0.2878448
	speed: 0.0336s/iter; left time: 1729.6234s
	iters: 1500, epoch: 5 | loss: 0.3572771
	speed: 0.0337s/iter; left time: 1732.4171s
	iters: 1600, epoch: 5 | loss: 0.2865258
	speed: 0.0336s/iter; left time: 1724.4145s
	iters: 1700, epoch: 5 | loss: 0.3178883
	speed: 0.0337s/iter; left time: 1722.8914s
	iters: 1800, epoch: 5 | loss: 0.3285085
	speed: 0.0336s/iter; left time: 1715.4796s
	iters: 1900, epoch: 5 | loss: 0.3090160
	speed: 0.0337s/iter; left time: 1716.5705s
	iters: 2000, epoch: 5 | loss: 0.3366283
	speed: 0.0336s/iter; left time: 1712.0074s
	iters: 2100, epoch: 5 | loss: 0.3071806
	speed: 0.0335s/iter; left time: 1701.2980s
	iters: 2200, epoch: 5 | loss: 0.3395386
	speed: 0.0335s/iter; left time: 1697.7010s
	iters: 2300, epoch: 5 | loss: 0.3388829
	speed: 0.0335s/iter; left time: 1695.3779s
	iters: 2400, epoch: 5 | loss: 0.3930337
	speed: 0.0337s/iter; left time: 1699.6933s
	iters: 2500, epoch: 5 | loss: 0.3321065
	speed: 0.0336s/iter; left time: 1693.2059s
	iters: 2600, epoch: 5 | loss: 0.3153223
	speed: 0.0337s/iter; left time: 1693.9947s
	iters: 2700, epoch: 5 | loss: 0.3242216
	speed: 0.0336s/iter; left time: 1688.0398s
	iters: 2800, epoch: 5 | loss: 0.3074141
	speed: 0.0336s/iter; left time: 1682.1449s
	iters: 2900, epoch: 5 | loss: 0.3419150
	speed: 0.0336s/iter; left time: 1679.6110s
	iters: 3000, epoch: 5 | loss: 0.3081881
	speed: 0.0335s/iter; left time: 1670.7666s
	iters: 3100, epoch: 5 | loss: 0.3150473
	speed: 0.0336s/iter; left time: 1674.0806s
	iters: 3200, epoch: 5 | loss: 0.3224460
	speed: 0.0336s/iter; left time: 1669.1478s
	iters: 3300, epoch: 5 | loss: 0.3032772
	speed: 0.0338s/iter; left time: 1676.7566s
	iters: 3400, epoch: 5 | loss: 0.3101928
	speed: 0.0339s/iter; left time: 1676.3338s
	iters: 3500, epoch: 5 | loss: 0.3310238
	speed: 0.0336s/iter; left time: 1661.0585s
	iters: 3600, epoch: 5 | loss: 0.3216266
	speed: 0.0336s/iter; left time: 1657.7295s
	iters: 3700, epoch: 5 | loss: 0.3604875
	speed: 0.0335s/iter; left time: 1648.1575s
	iters: 3800, epoch: 5 | loss: 0.3026050
	speed: 0.0335s/iter; left time: 1646.0244s
	iters: 3900, epoch: 5 | loss: 0.3664865
	speed: 0.0336s/iter; left time: 1645.8448s
	iters: 4000, epoch: 5 | loss: 0.3204443
	speed: 0.0337s/iter; left time: 1649.3768s
	iters: 4100, epoch: 5 | loss: 0.3042799
	speed: 0.0332s/iter; left time: 1619.3422s
	iters: 4200, epoch: 5 | loss: 0.3371690
	speed: 0.0336s/iter; left time: 1634.3732s
	iters: 4300, epoch: 5 | loss: 0.2759791
	speed: 0.0335s/iter; left time: 1625.7010s
	iters: 4400, epoch: 5 | loss: 0.2936077
	speed: 0.0336s/iter; left time: 1630.6211s
	iters: 4500, epoch: 5 | loss: 0.3394230
	speed: 0.0338s/iter; left time: 1636.1127s
	iters: 4600, epoch: 5 | loss: 0.3668298
	speed: 0.0342s/iter; left time: 1652.9676s
	iters: 4700, epoch: 5 | loss: 0.3285132
	speed: 0.0342s/iter; left time: 1646.6719s
	iters: 4800, epoch: 5 | loss: 0.2894910
	speed: 0.0341s/iter; left time: 1641.0544s
	iters: 4900, epoch: 5 | loss: 0.3195373
	speed: 0.0340s/iter; left time: 1633.8942s
	iters: 5000, epoch: 5 | loss: 0.3057984
	speed: 0.0341s/iter; left time: 1630.8277s
	iters: 5100, epoch: 5 | loss: 0.3133154
	speed: 0.0335s/iter; left time: 1603.3759s
	iters: 5200, epoch: 5 | loss: 0.2866286
	speed: 0.0337s/iter; left time: 1606.6684s
	iters: 5300, epoch: 5 | loss: 0.3367382
	speed: 0.0337s/iter; left time: 1601.5387s
	iters: 5400, epoch: 5 | loss: 0.3205785
	speed: 0.0336s/iter; left time: 1597.4245s
	iters: 5500, epoch: 5 | loss: 0.3294045
	speed: 0.0338s/iter; left time: 1599.8741s
	iters: 5600, epoch: 5 | loss: 0.3182169
	speed: 0.0335s/iter; left time: 1585.8119s
	iters: 5700, epoch: 5 | loss: 0.3073514
	speed: 0.0334s/iter; left time: 1576.0614s
	iters: 5800, epoch: 5 | loss: 0.3328031
	speed: 0.0335s/iter; left time: 1578.1992s
	iters: 5900, epoch: 5 | loss: 0.3276753
	speed: 0.0336s/iter; left time: 1578.3699s
	iters: 6000, epoch: 5 | loss: 0.3184696
	speed: 0.0335s/iter; left time: 1570.2927s
	iters: 6100, epoch: 5 | loss: 0.2815711
	speed: 0.0335s/iter; left time: 1569.6128s
	iters: 6200, epoch: 5 | loss: 0.3243953
	speed: 0.0337s/iter; left time: 1572.9131s
	iters: 6300, epoch: 5 | loss: 0.3654710
	speed: 0.0336s/iter; left time: 1564.7771s
	iters: 6400, epoch: 5 | loss: 0.3046273
	speed: 0.0334s/iter; left time: 1553.8993s
	iters: 6500, epoch: 5 | loss: 0.3132922
	speed: 0.0335s/iter; left time: 1555.7012s
	iters: 6600, epoch: 5 | loss: 0.2994112
	speed: 0.0336s/iter; left time: 1557.1030s
	iters: 6700, epoch: 5 | loss: 0.3162429
	speed: 0.0337s/iter; left time: 1558.5856s
	iters: 6800, epoch: 5 | loss: 0.3060638
	speed: 0.0335s/iter; left time: 1546.1131s
	iters: 6900, epoch: 5 | loss: 0.2997399
	speed: 0.0335s/iter; left time: 1539.5275s
	iters: 7000, epoch: 5 | loss: 0.2841085
	speed: 0.0335s/iter; left time: 1538.3935s
	iters: 7100, epoch: 5 | loss: 0.2948855
	speed: 0.0336s/iter; left time: 1539.6654s
	iters: 7200, epoch: 5 | loss: 0.3445988
	speed: 0.0335s/iter; left time: 1530.6311s
	iters: 7300, epoch: 5 | loss: 0.3682114
	speed: 0.0334s/iter; left time: 1522.9720s
	iters: 7400, epoch: 5 | loss: 0.3048124
	speed: 0.0336s/iter; left time: 1527.5155s
	iters: 7500, epoch: 5 | loss: 0.3158793
	speed: 0.0335s/iter; left time: 1522.5974s
	iters: 7600, epoch: 5 | loss: 0.3211830
	speed: 0.0335s/iter; left time: 1516.8042s
	iters: 7700, epoch: 5 | loss: 0.3063312
	speed: 0.0337s/iter; left time: 1522.4446s
	iters: 7800, epoch: 5 | loss: 0.2928103
	speed: 0.0334s/iter; left time: 1508.2202s
	iters: 7900, epoch: 5 | loss: 0.2964851
	speed: 0.0336s/iter; left time: 1510.7848s
	iters: 8000, epoch: 5 | loss: 0.4141921
	speed: 0.0336s/iter; left time: 1507.2995s
	iters: 8100, epoch: 5 | loss: 0.3223956
	speed: 0.0334s/iter; left time: 1497.0375s
	iters: 8200, epoch: 5 | loss: 0.3273114
	speed: 0.0335s/iter; left time: 1497.3328s
	iters: 8300, epoch: 5 | loss: 0.3095633
	speed: 0.0335s/iter; left time: 1494.8777s
	iters: 8400, epoch: 5 | loss: 0.2981057
	speed: 0.0336s/iter; left time: 1494.0922s
	iters: 8500, epoch: 5 | loss: 0.3147027
	speed: 0.0337s/iter; left time: 1497.5378s
	iters: 8600, epoch: 5 | loss: 0.3401723
	speed: 0.0336s/iter; left time: 1487.9065s
	iters: 8700, epoch: 5 | loss: 0.3208260
	speed: 0.0334s/iter; left time: 1477.1986s
	iters: 8800, epoch: 5 | loss: 0.3324251
	speed: 0.0336s/iter; left time: 1479.7102s
Epoch: 5 cost time: 296.6393494606018
Epoch: 5, Steps: 8815 | Train Loss: 0.3271090 Vali Loss: 0.4107197 Test Loss: 0.3722494
Validation loss decreased (0.414028 --> 0.410720).  Saving model ...
Updating learning rate to 6.25e-05
	iters: 100, epoch: 6 | loss: 0.3465096
	speed: 2.1546s/iter; left time: 94751.1222s
	iters: 200, epoch: 6 | loss: 0.3035236
	speed: 0.0334s/iter; left time: 1465.3700s
	iters: 300, epoch: 6 | loss: 0.2673344
	speed: 0.0335s/iter; left time: 1464.5653s
	iters: 400, epoch: 6 | loss: 0.3274368
	speed: 0.0334s/iter; left time: 1460.7041s
	iters: 500, epoch: 6 | loss: 0.3021793
	speed: 0.0334s/iter; left time: 1457.2884s
	iters: 600, epoch: 6 | loss: 0.3437332
	speed: 0.0335s/iter; left time: 1456.7144s
	iters: 700, epoch: 6 | loss: 0.3386683
	speed: 0.0334s/iter; left time: 1448.6095s
	iters: 800, epoch: 6 | loss: 0.3114274
	speed: 0.0335s/iter; left time: 1448.2471s
	iters: 900, epoch: 6 | loss: 0.3269317
	speed: 0.0336s/iter; left time: 1450.3854s
	iters: 1000, epoch: 6 | loss: 0.3288574
	speed: 0.0335s/iter; left time: 1442.9155s
	iters: 1100, epoch: 6 | loss: 0.3293580
	speed: 0.0337s/iter; left time: 1449.2490s
	iters: 1200, epoch: 6 | loss: 0.3777750
	speed: 0.0336s/iter; left time: 1438.7566s
	iters: 1300, epoch: 6 | loss: 0.2908184
	speed: 0.0336s/iter; left time: 1436.3667s
	iters: 1400, epoch: 6 | loss: 0.3545105
	speed: 0.0338s/iter; left time: 1442.4160s
	iters: 1500, epoch: 6 | loss: 0.3018567
	speed: 0.0337s/iter; left time: 1435.6095s
	iters: 1600, epoch: 6 | loss: 0.3101401
	speed: 0.0336s/iter; left time: 1427.1869s
	iters: 1700, epoch: 6 | loss: 0.3337099
	speed: 0.0336s/iter; left time: 1424.2046s
	iters: 1800, epoch: 6 | loss: 0.3098670
	speed: 0.0337s/iter; left time: 1424.2967s
	iters: 1900, epoch: 6 | loss: 0.3266806
	speed: 0.0337s/iter; left time: 1420.0940s
	iters: 2000, epoch: 6 | loss: 0.3223024
	speed: 0.0335s/iter; left time: 1407.5362s
	iters: 2100, epoch: 6 | loss: 0.3306519
	speed: 0.0335s/iter; left time: 1404.6545s
	iters: 2200, epoch: 6 | loss: 0.3004887
	speed: 0.0337s/iter; left time: 1410.6500s
	iters: 2300, epoch: 6 | loss: 0.2914276
	speed: 0.0336s/iter; left time: 1401.9383s
	iters: 2400, epoch: 6 | loss: 0.2919526
	speed: 0.0334s/iter; left time: 1393.5397s
	iters: 2500, epoch: 6 | loss: 0.2800700
	speed: 0.0338s/iter; left time: 1403.2082s
	iters: 2600, epoch: 6 | loss: 0.3392994
	speed: 0.0339s/iter; left time: 1404.0906s
	iters: 2700, epoch: 6 | loss: 0.3013987
	speed: 0.0338s/iter; left time: 1400.1232s
	iters: 2800, epoch: 6 | loss: 0.3344594
	speed: 0.0336s/iter; left time: 1387.9802s
	iters: 2900, epoch: 6 | loss: 0.3746951
	speed: 0.0336s/iter; left time: 1384.6458s
	iters: 3000, epoch: 6 | loss: 0.3142758
	speed: 0.0337s/iter; left time: 1386.1284s
	iters: 3100, epoch: 6 | loss: 0.3426821
	speed: 0.0338s/iter; left time: 1384.3944s
	iters: 3200, epoch: 6 | loss: 0.2935776
	speed: 0.0338s/iter; left time: 1381.2833s
	iters: 3300, epoch: 6 | loss: 0.3841281
	speed: 0.0339s/iter; left time: 1382.4604s
	iters: 3400, epoch: 6 | loss: 0.3332292
	speed: 0.0347s/iter; left time: 1410.3904s
	iters: 3500, epoch: 6 | loss: 0.3252371
	speed: 0.0345s/iter; left time: 1399.7969s
	iters: 3600, epoch: 6 | loss: 0.3150691
	speed: 0.0341s/iter; left time: 1378.4447s
	iters: 3700, epoch: 6 | loss: 0.3481373
	speed: 0.0342s/iter; left time: 1382.0375s
	iters: 3800, epoch: 6 | loss: 0.3135398
	speed: 0.0344s/iter; left time: 1384.0209s
	iters: 3900, epoch: 6 | loss: 0.2955679
	speed: 0.0338s/iter; left time: 1357.8105s
	iters: 4000, epoch: 6 | loss: 0.3064191
	speed: 0.0335s/iter; left time: 1342.0337s
	iters: 4100, epoch: 6 | loss: 0.3032918
	speed: 0.0334s/iter; left time: 1334.4737s
	iters: 4200, epoch: 6 | loss: 0.3459744
	speed: 0.0336s/iter; left time: 1338.4076s
	iters: 4300, epoch: 6 | loss: 0.3221887
	speed: 0.0332s/iter; left time: 1319.8245s
	iters: 4400, epoch: 6 | loss: 0.3021107
	speed: 0.0335s/iter; left time: 1327.5969s
	iters: 4500, epoch: 6 | loss: 0.3299437
	speed: 0.0335s/iter; left time: 1327.6062s
	iters: 4600, epoch: 6 | loss: 0.2773893
	speed: 0.0334s/iter; left time: 1318.8635s
	iters: 4700, epoch: 6 | loss: 0.3193681
	speed: 0.0335s/iter; left time: 1318.7082s
	iters: 4800, epoch: 6 | loss: 0.3352090
	speed: 0.0337s/iter; left time: 1324.3457s
	iters: 4900, epoch: 6 | loss: 0.3525677
	speed: 0.0338s/iter; left time: 1325.4360s
	iters: 5000, epoch: 6 | loss: 0.3010882
	speed: 0.0336s/iter; left time: 1313.1692s
	iters: 5100, epoch: 6 | loss: 0.3397404
	speed: 0.0338s/iter; left time: 1317.4203s
	iters: 5200, epoch: 6 | loss: 0.2938167
	speed: 0.0335s/iter; left time: 1303.7891s
	iters: 5300, epoch: 6 | loss: 0.3326716
	speed: 0.0339s/iter; left time: 1314.6451s
	iters: 5400, epoch: 6 | loss: 0.3065829
	speed: 0.0340s/iter; left time: 1316.0990s
	iters: 5500, epoch: 6 | loss: 0.2808023
	speed: 0.0337s/iter; left time: 1299.6360s
	iters: 5600, epoch: 6 | loss: 0.3531867
	speed: 0.0335s/iter; left time: 1287.8930s
	iters: 5700, epoch: 6 | loss: 0.3380767
	speed: 0.0337s/iter; left time: 1291.7124s
	iters: 5800, epoch: 6 | loss: 0.2716590
	speed: 0.0335s/iter; left time: 1280.5134s
	iters: 5900, epoch: 6 | loss: 0.3042650
	speed: 0.0336s/iter; left time: 1283.4616s
	iters: 6000, epoch: 6 | loss: 0.4154649
	speed: 0.0336s/iter; left time: 1279.6333s
	iters: 6100, epoch: 6 | loss: 0.2967920
	speed: 0.0337s/iter; left time: 1279.2346s
	iters: 6200, epoch: 6 | loss: 0.2784450
	speed: 0.0338s/iter; left time: 1281.3341s
	iters: 6300, epoch: 6 | loss: 0.3014445
	speed: 0.0337s/iter; left time: 1274.1199s
	iters: 6400, epoch: 6 | loss: 0.2802364
	speed: 0.0335s/iter; left time: 1263.7074s
	iters: 6500, epoch: 6 | loss: 0.3409636
	speed: 0.0336s/iter; left time: 1262.6641s
	iters: 6600, epoch: 6 | loss: 0.3278455
	speed: 0.0339s/iter; left time: 1269.2720s
	iters: 6700, epoch: 6 | loss: 0.3211385
	speed: 0.0339s/iter; left time: 1268.3337s
	iters: 6800, epoch: 6 | loss: 0.2943193
	speed: 0.0336s/iter; left time: 1250.6616s
	iters: 6900, epoch: 6 | loss: 0.3263753
	speed: 0.0338s/iter; left time: 1256.7914s
	iters: 7000, epoch: 6 | loss: 0.3104343
	speed: 0.0337s/iter; left time: 1248.8986s
	iters: 7100, epoch: 6 | loss: 0.3227740
	speed: 0.0336s/iter; left time: 1243.8020s
	iters: 7200, epoch: 6 | loss: 0.3350739
	speed: 0.0337s/iter; left time: 1243.8683s
	iters: 7300, epoch: 6 | loss: 0.2946874
	speed: 0.0337s/iter; left time: 1237.7092s
	iters: 7400, epoch: 6 | loss: 0.3294886
	speed: 0.0336s/iter; left time: 1233.3535s
	iters: 7500, epoch: 6 | loss: 0.3205243
	speed: 0.0337s/iter; left time: 1231.2221s
	iters: 7600, epoch: 6 | loss: 0.3241724
	speed: 0.0337s/iter; left time: 1228.2630s
	iters: 7700, epoch: 6 | loss: 0.3635767
	speed: 0.0338s/iter; left time: 1228.0181s
	iters: 7800, epoch: 6 | loss: 0.3358032
	speed: 0.0335s/iter; left time: 1215.0012s
	iters: 7900, epoch: 6 | loss: 0.3117223
	speed: 0.0336s/iter; left time: 1214.2102s
	iters: 8000, epoch: 6 | loss: 0.3445593
	speed: 0.0337s/iter; left time: 1214.2326s
	iters: 8100, epoch: 6 | loss: 0.3425757
	speed: 0.0338s/iter; left time: 1214.6315s
	iters: 8200, epoch: 6 | loss: 0.3151307
	speed: 0.0336s/iter; left time: 1205.1482s
	iters: 8300, epoch: 6 | loss: 0.3248119
	speed: 0.0337s/iter; left time: 1204.4199s
	iters: 8400, epoch: 6 | loss: 0.3481955
	speed: 0.0336s/iter; left time: 1197.8522s
	iters: 8500, epoch: 6 | loss: 0.3248065
	speed: 0.0337s/iter; left time: 1199.7625s
	iters: 8600, epoch: 6 | loss: 0.3200669
	speed: 0.0336s/iter; left time: 1191.0764s
	iters: 8700, epoch: 6 | loss: 0.3153521
	speed: 0.0338s/iter; left time: 1193.9435s
	iters: 8800, epoch: 6 | loss: 0.2817838
	speed: 0.0337s/iter; left time: 1189.3932s
Epoch: 6 cost time: 297.41126823425293
Epoch: 6, Steps: 8815 | Train Loss: 0.3253621 Vali Loss: 0.4089655 Test Loss: 0.3706247
Validation loss decreased (0.410720 --> 0.408966).  Saving model ...
Updating learning rate to 3.125e-05
	iters: 100, epoch: 7 | loss: 0.2909941
	speed: 2.1453s/iter; left time: 75429.5801s
	iters: 200, epoch: 7 | loss: 0.3379571
	speed: 0.0331s/iter; left time: 1161.4888s
	iters: 300, epoch: 7 | loss: 0.2776040
	speed: 0.0335s/iter; left time: 1172.8262s
	iters: 400, epoch: 7 | loss: 0.3022822
	speed: 0.0338s/iter; left time: 1177.6266s
	iters: 500, epoch: 7 | loss: 0.2879314
	speed: 0.0333s/iter; left time: 1157.8869s
	iters: 600, epoch: 7 | loss: 0.3259570
	speed: 0.0334s/iter; left time: 1156.2172s
	iters: 700, epoch: 7 | loss: 0.3380264
	speed: 0.0334s/iter; left time: 1155.1018s
	iters: 800, epoch: 7 | loss: 0.2961003
	speed: 0.0333s/iter; left time: 1148.0737s
	iters: 900, epoch: 7 | loss: 0.4066774
	speed: 0.0336s/iter; left time: 1153.5360s
	iters: 1000, epoch: 7 | loss: 0.3288238
	speed: 0.0334s/iter; left time: 1144.9038s
	iters: 1100, epoch: 7 | loss: 0.2934288
	speed: 0.0336s/iter; left time: 1146.7783s
	iters: 1200, epoch: 7 | loss: 0.4040373
	speed: 0.0334s/iter; left time: 1137.1189s
	iters: 1300, epoch: 7 | loss: 0.3252418
	speed: 0.0336s/iter; left time: 1142.4652s
	iters: 1400, epoch: 7 | loss: 0.2981149
	speed: 0.0337s/iter; left time: 1141.8163s
	iters: 1500, epoch: 7 | loss: 0.3303739
	speed: 0.0334s/iter; left time: 1127.7152s
	iters: 1600, epoch: 7 | loss: 0.3848546
	speed: 0.0335s/iter; left time: 1125.9981s
	iters: 1700, epoch: 7 | loss: 0.3195612
	speed: 0.0335s/iter; left time: 1124.0509s
	iters: 1800, epoch: 7 | loss: 0.3189383
	speed: 0.0335s/iter; left time: 1121.0660s
	iters: 1900, epoch: 7 | loss: 0.2938185
	speed: 0.0334s/iter; left time: 1115.6645s
	iters: 2000, epoch: 7 | loss: 0.3762182
	speed: 0.0335s/iter; left time: 1113.5007s
	iters: 2100, epoch: 7 | loss: 0.2551807
	speed: 0.0334s/iter; left time: 1109.1132s
	iters: 2200, epoch: 7 | loss: 0.3020045
	speed: 0.0338s/iter; left time: 1116.4807s
	iters: 2300, epoch: 7 | loss: 0.3832716
	speed: 0.0340s/iter; left time: 1119.0929s
	iters: 2400, epoch: 7 | loss: 0.3497544
	speed: 0.0342s/iter; left time: 1122.9676s
	iters: 2500, epoch: 7 | loss: 0.3645729
	speed: 0.0340s/iter; left time: 1112.4473s
	iters: 2600, epoch: 7 | loss: 0.3363767
	speed: 0.0341s/iter; left time: 1112.9861s
	iters: 2700, epoch: 7 | loss: 0.3087686
	speed: 0.0339s/iter; left time: 1104.3430s
	iters: 2800, epoch: 7 | loss: 0.3323013
	speed: 0.0334s/iter; left time: 1084.5212s
	iters: 2900, epoch: 7 | loss: 0.2928985
	speed: 0.0335s/iter; left time: 1084.2391s
	iters: 3000, epoch: 7 | loss: 0.3090292
	speed: 0.0335s/iter; left time: 1079.9314s
	iters: 3100, epoch: 7 | loss: 0.3718145
	speed: 0.0334s/iter; left time: 1074.7800s
	iters: 3200, epoch: 7 | loss: 0.3240892
	speed: 0.0335s/iter; left time: 1074.6382s
	iters: 3300, epoch: 7 | loss: 0.3031084
	speed: 0.0334s/iter; left time: 1068.4173s
	iters: 3400, epoch: 7 | loss: 0.3358561
	speed: 0.0335s/iter; left time: 1066.1405s
	iters: 3500, epoch: 7 | loss: 0.3057411
	speed: 0.0335s/iter; left time: 1063.4333s
	iters: 3600, epoch: 7 | loss: 0.3780332
	speed: 0.0335s/iter; left time: 1061.9574s
	iters: 3700, epoch: 7 | loss: 0.2934795
	speed: 0.0335s/iter; left time: 1057.2782s
	iters: 3800, epoch: 7 | loss: 0.3372358
	speed: 0.0335s/iter; left time: 1053.3883s
	iters: 3900, epoch: 7 | loss: 0.3238502
	speed: 0.0337s/iter; left time: 1057.3105s
	iters: 4000, epoch: 7 | loss: 0.3176411
	speed: 0.0334s/iter; left time: 1045.0668s
	iters: 4100, epoch: 7 | loss: 0.3045501
	speed: 0.0336s/iter; left time: 1047.7580s
	iters: 4200, epoch: 7 | loss: 0.3643092
	speed: 0.0335s/iter; left time: 1041.4379s
	iters: 4300, epoch: 7 | loss: 0.3236113
	speed: 0.0334s/iter; left time: 1034.6615s
	iters: 4400, epoch: 7 | loss: 0.3343112
	speed: 0.0333s/iter; left time: 1028.9053s
	iters: 4500, epoch: 7 | loss: 0.2888934
	speed: 0.0336s/iter; left time: 1032.4310s
	iters: 4600, epoch: 7 | loss: 0.3274887
	speed: 0.0335s/iter; left time: 1027.9541s
	iters: 4700, epoch: 7 | loss: 0.3442207
	speed: 0.0335s/iter; left time: 1023.8403s
	iters: 4800, epoch: 7 | loss: 0.3431699
	speed: 0.0335s/iter; left time: 1020.2775s
	iters: 4900, epoch: 7 | loss: 0.3215808
	speed: 0.0333s/iter; left time: 1012.2180s
	iters: 5000, epoch: 7 | loss: 0.2995667
	speed: 0.0335s/iter; left time: 1014.9589s
	iters: 5100, epoch: 7 | loss: 0.2881986
	speed: 0.0334s/iter; left time: 1007.1802s
	iters: 5200, epoch: 7 | loss: 0.2960051
	speed: 0.0336s/iter; left time: 1010.7824s
	iters: 5300, epoch: 7 | loss: 0.3453231
	speed: 0.0334s/iter; left time: 1001.8949s
	iters: 5400, epoch: 7 | loss: 0.3107195
	speed: 0.0333s/iter; left time: 995.0856s
	iters: 5500, epoch: 7 | loss: 0.2627828
	speed: 0.0333s/iter; left time: 991.1718s
	iters: 5600, epoch: 7 | loss: 0.3329543
	speed: 0.0333s/iter; left time: 988.4217s
	iters: 5700, epoch: 7 | loss: 0.3217644
	speed: 0.0333s/iter; left time: 984.7337s
	iters: 5800, epoch: 7 | loss: 0.3069702
	speed: 0.0334s/iter; left time: 983.2159s
	iters: 5900, epoch: 7 | loss: 0.2884208
	speed: 0.0335s/iter; left time: 983.7569s
	iters: 6000, epoch: 7 | loss: 0.3119626
	speed: 0.0335s/iter; left time: 978.9200s
	iters: 6100, epoch: 7 | loss: 0.3543158
	speed: 0.0335s/iter; left time: 975.6415s
	iters: 6200, epoch: 7 | loss: 0.3314956
	speed: 0.0335s/iter; left time: 974.5675s
	iters: 6300, epoch: 7 | loss: 0.2917722
	speed: 0.0336s/iter; left time: 974.0970s
	iters: 6400, epoch: 7 | loss: 0.3409202
	speed: 0.0335s/iter; left time: 965.5291s
	iters: 6500, epoch: 7 | loss: 0.3161947
	speed: 0.0336s/iter; left time: 965.1574s
	iters: 6600, epoch: 7 | loss: 0.2762887
	speed: 0.0335s/iter; left time: 961.4806s
	iters: 6700, epoch: 7 | loss: 0.3547421
	speed: 0.0335s/iter; left time: 957.3908s
	iters: 6800, epoch: 7 | loss: 0.2776212
	speed: 0.0334s/iter; left time: 951.3031s
	iters: 6900, epoch: 7 | loss: 0.3032545
	speed: 0.0335s/iter; left time: 950.3301s
	iters: 7000, epoch: 7 | loss: 0.3372341
	speed: 0.0334s/iter; left time: 944.8248s
	iters: 7100, epoch: 7 | loss: 0.3506640
	speed: 0.0337s/iter; left time: 949.5911s
	iters: 7200, epoch: 7 | loss: 0.3056696
	speed: 0.0336s/iter; left time: 944.0796s
	iters: 7300, epoch: 7 | loss: 0.3154597
	speed: 0.0335s/iter; left time: 936.1838s
	iters: 7400, epoch: 7 | loss: 0.3084654
	speed: 0.0337s/iter; left time: 939.1874s
	iters: 7500, epoch: 7 | loss: 0.3365571
	speed: 0.0336s/iter; left time: 931.9990s
	iters: 7600, epoch: 7 | loss: 0.3147802
	speed: 0.0335s/iter; left time: 926.8031s
	iters: 7700, epoch: 7 | loss: 0.3414278
	speed: 0.0338s/iter; left time: 930.2298s
	iters: 7800, epoch: 7 | loss: 0.3408484
	speed: 0.0339s/iter; left time: 930.5896s
	iters: 7900, epoch: 7 | loss: 0.3387161
	speed: 0.0338s/iter; left time: 923.5768s
	iters: 8000, epoch: 7 | loss: 0.3437908
	speed: 0.0337s/iter; left time: 918.7479s
	iters: 8100, epoch: 7 | loss: 0.3320151
	speed: 0.0337s/iter; left time: 914.1278s
	iters: 8200, epoch: 7 | loss: 0.3268612
	speed: 0.0336s/iter; left time: 908.4531s
	iters: 8300, epoch: 7 | loss: 0.3888131
	speed: 0.0335s/iter; left time: 903.4527s
	iters: 8400, epoch: 7 | loss: 0.3107943
	speed: 0.0336s/iter; left time: 902.9902s
	iters: 8500, epoch: 7 | loss: 0.3128755
	speed: 0.0338s/iter; left time: 904.3706s
	iters: 8600, epoch: 7 | loss: 0.3605379
	speed: 0.0338s/iter; left time: 899.8770s
	iters: 8700, epoch: 7 | loss: 0.3420920
	speed: 0.0337s/iter; left time: 895.2105s
	iters: 8800, epoch: 7 | loss: 0.3016454
	speed: 0.0338s/iter; left time: 894.5687s
Epoch: 7 cost time: 296.28278827667236
Epoch: 7, Steps: 8815 | Train Loss: 0.3237183 Vali Loss: 0.4073042 Test Loss: 0.3691472
Validation loss decreased (0.408966 --> 0.407304).  Saving model ...
Updating learning rate to 1.5625e-05
	iters: 100, epoch: 8 | loss: 0.3462014
	speed: 2.1722s/iter; left time: 57228.2446s
	iters: 200, epoch: 8 | loss: 0.3171428
	speed: 0.0346s/iter; left time: 908.3012s
	iters: 300, epoch: 8 | loss: 0.2905226
	speed: 0.0401s/iter; left time: 1048.2199s
	iters: 400, epoch: 8 | loss: 0.3286713
	speed: 0.0366s/iter; left time: 952.3484s
	iters: 500, epoch: 8 | loss: 0.3207482
	speed: 0.0354s/iter; left time: 918.0369s
	iters: 600, epoch: 8 | loss: 0.3509700
	speed: 0.0348s/iter; left time: 899.2471s
	iters: 700, epoch: 8 | loss: 0.2910219
	speed: 0.0348s/iter; left time: 895.0935s
	iters: 800, epoch: 8 | loss: 0.3206523
	speed: 0.0348s/iter; left time: 891.8153s
	iters: 900, epoch: 8 | loss: 0.3501193
	speed: 0.0351s/iter; left time: 896.3601s
	iters: 1000, epoch: 8 | loss: 0.3043848
	speed: 0.0395s/iter; left time: 1005.1659s
	iters: 1100, epoch: 8 | loss: 0.3433874
	speed: 0.0403s/iter; left time: 1022.4715s
	iters: 1200, epoch: 8 | loss: 0.3325616
	speed: 0.0404s/iter; left time: 1020.8978s
	iters: 1300, epoch: 8 | loss: 0.3030782
	speed: 0.0381s/iter; left time: 957.1684s
	iters: 1400, epoch: 8 | loss: 0.3292318
	speed: 0.0351s/iter; left time: 879.4030s
	iters: 1500, epoch: 8 | loss: 0.3179771
	speed: 0.0341s/iter; left time: 850.5939s
	iters: 1600, epoch: 8 | loss: 0.3071322
	speed: 0.0338s/iter; left time: 838.9864s
	iters: 1700, epoch: 8 | loss: 0.3432264
	speed: 0.0340s/iter; left time: 840.9478s
	iters: 1800, epoch: 8 | loss: 0.2759773
	speed: 0.0341s/iter; left time: 841.2920s
	iters: 1900, epoch: 8 | loss: 0.2986673
	speed: 0.0340s/iter; left time: 834.4737s
	iters: 2000, epoch: 8 | loss: 0.3443315
	speed: 0.0340s/iter; left time: 830.5631s
	iters: 2100, epoch: 8 | loss: 0.3783585
	speed: 0.0341s/iter; left time: 830.4176s
	iters: 2200, epoch: 8 | loss: 0.3848915
	speed: 0.0341s/iter; left time: 826.5909s
	iters: 2300, epoch: 8 | loss: 0.3012637
	speed: 0.0343s/iter; left time: 827.2570s
	iters: 2400, epoch: 8 | loss: 0.3366787
	speed: 0.0341s/iter; left time: 818.9571s
	iters: 2500, epoch: 8 | loss: 0.2899971
	speed: 0.0349s/iter; left time: 835.9994s
	iters: 2600, epoch: 8 | loss: 0.3199351
	speed: 0.0354s/iter; left time: 845.1714s
	iters: 2700, epoch: 8 | loss: 0.3475402
	speed: 0.0354s/iter; left time: 839.7482s
	iters: 2800, epoch: 8 | loss: 0.3350035
	speed: 0.0353s/iter; left time: 835.8713s
	iters: 2900, epoch: 8 | loss: 0.3157026
	speed: 0.0350s/iter; left time: 825.1483s
	iters: 3000, epoch: 8 | loss: 0.3185188
	speed: 0.0384s/iter; left time: 900.7118s
	iters: 3100, epoch: 8 | loss: 0.3267207
	speed: 0.0348s/iter; left time: 812.3337s
	iters: 3200, epoch: 8 | loss: 0.3526099
	speed: 0.0353s/iter; left time: 820.9313s
	iters: 3300, epoch: 8 | loss: 0.3353082
	speed: 0.0356s/iter; left time: 824.5806s
	iters: 3400, epoch: 8 | loss: 0.2944820
	speed: 0.0349s/iter; left time: 805.3210s
	iters: 3500, epoch: 8 | loss: 0.3871514
	speed: 0.0351s/iter; left time: 805.4479s
	iters: 3600, epoch: 8 | loss: 0.3348962
	speed: 0.0344s/iter; left time: 784.9000s
	iters: 3700, epoch: 8 | loss: 0.3331184
	speed: 0.0342s/iter; left time: 776.8429s
	iters: 3800, epoch: 8 | loss: 0.3017475
	speed: 0.0340s/iter; left time: 769.7719s
	iters: 3900, epoch: 8 | loss: 0.2905657
	speed: 0.0342s/iter; left time: 771.5962s
	iters: 4000, epoch: 8 | loss: 0.3158366
	speed: 0.0340s/iter; left time: 763.6605s
	iters: 4100, epoch: 8 | loss: 0.3743044
	speed: 0.0344s/iter; left time: 768.2036s
	iters: 4200, epoch: 8 | loss: 0.3490840
	speed: 0.0341s/iter; left time: 758.5443s
	iters: 4300, epoch: 8 | loss: 0.4221611
	speed: 0.0340s/iter; left time: 753.7134s
	iters: 4400, epoch: 8 | loss: 0.3124568
	speed: 0.0340s/iter; left time: 748.7194s
	iters: 4500, epoch: 8 | loss: 0.3338949
	speed: 0.0341s/iter; left time: 747.6377s
	iters: 4600, epoch: 8 | loss: 0.2844060
	speed: 0.0340s/iter; left time: 742.4174s
	iters: 4700, epoch: 8 | loss: 0.3932262
	speed: 0.0339s/iter; left time: 736.4417s
	iters: 4800, epoch: 8 | loss: 0.3138869
	speed: 0.0340s/iter; left time: 736.0694s
	iters: 4900, epoch: 8 | loss: 0.2873519
	speed: 0.0340s/iter; left time: 732.5552s
	iters: 5000, epoch: 8 | loss: 0.3238935
	speed: 0.0341s/iter; left time: 730.5528s
	iters: 5100, epoch: 8 | loss: 0.3182163
	speed: 0.0343s/iter; left time: 732.5317s
	iters: 5200, epoch: 8 | loss: 0.3324738
	speed: 0.0340s/iter; left time: 723.0585s
	iters: 5300, epoch: 8 | loss: 0.3069520
	speed: 0.0341s/iter; left time: 721.2070s
	iters: 5400, epoch: 8 | loss: 0.3679105
	speed: 0.0341s/iter; left time: 717.8607s
	iters: 5500, epoch: 8 | loss: 0.2994428
	speed: 0.0344s/iter; left time: 721.1849s
	iters: 5600, epoch: 8 | loss: 0.2938589
	speed: 0.0339s/iter; left time: 707.5282s
	iters: 5700, epoch: 8 | loss: 0.3184224
	speed: 0.0343s/iter; left time: 711.6650s
	iters: 5800, epoch: 8 | loss: 0.3067656
	speed: 0.0340s/iter; left time: 701.7256s
	iters: 5900, epoch: 8 | loss: 0.3206852
	speed: 0.0339s/iter; left time: 697.4571s
	iters: 6000, epoch: 8 | loss: 0.3025494
	speed: 0.0340s/iter; left time: 695.5158s
	iters: 6100, epoch: 8 | loss: 0.2953477
	speed: 0.0340s/iter; left time: 692.4922s
	iters: 6200, epoch: 8 | loss: 0.3169225
	speed: 0.0339s/iter; left time: 686.4231s
	iters: 6300, epoch: 8 | loss: 0.3209154
	speed: 0.0339s/iter; left time: 683.0358s
	iters: 6400, epoch: 8 | loss: 0.3772968
	speed: 0.0340s/iter; left time: 680.9743s
	iters: 6500, epoch: 8 | loss: 0.2785697
	speed: 0.0340s/iter; left time: 677.9804s
	iters: 6600, epoch: 8 | loss: 0.3370029
	speed: 0.0340s/iter; left time: 675.1957s
	iters: 6700, epoch: 8 | loss: 0.3389960
	speed: 0.0340s/iter; left time: 671.0365s
	iters: 6800, epoch: 8 | loss: 0.2971214
	speed: 0.0351s/iter; left time: 689.7697s
	iters: 6900, epoch: 8 | loss: 0.3070116
	speed: 0.0338s/iter; left time: 660.4679s
	iters: 7000, epoch: 8 | loss: 0.3358067
	speed: 0.0339s/iter; left time: 659.4326s
	iters: 7100, epoch: 8 | loss: 0.3640612
	speed: 0.0338s/iter; left time: 654.2755s
	iters: 7200, epoch: 8 | loss: 0.3892727
	speed: 0.0340s/iter; left time: 653.5472s
	iters: 7300, epoch: 8 | loss: 0.3080754
	speed: 0.0338s/iter; left time: 646.9253s
	iters: 7400, epoch: 8 | loss: 0.2982217
	speed: 0.0340s/iter; left time: 646.6599s
	iters: 7500, epoch: 8 | loss: 0.3903475
	speed: 0.0338s/iter; left time: 641.1940s
	iters: 7600, epoch: 8 | loss: 0.3036417
	speed: 0.0340s/iter; left time: 641.5854s
	iters: 7700, epoch: 8 | loss: 0.2976443
	speed: 0.0342s/iter; left time: 640.1891s
	iters: 7800, epoch: 8 | loss: 0.3015621
	speed: 0.0339s/iter; left time: 631.4901s
	iters: 7900, epoch: 8 | loss: 0.2860487
	speed: 0.0338s/iter; left time: 626.7604s
	iters: 8000, epoch: 8 | loss: 0.2633527
	speed: 0.0337s/iter; left time: 621.8827s
	iters: 8100, epoch: 8 | loss: 0.3330073
	speed: 0.0337s/iter; left time: 618.8532s
	iters: 8200, epoch: 8 | loss: 0.3036191
	speed: 0.0338s/iter; left time: 616.8468s
	iters: 8300, epoch: 8 | loss: 0.3717752
	speed: 0.0340s/iter; left time: 617.4522s
	iters: 8400, epoch: 8 | loss: 0.3352457
	speed: 0.0337s/iter; left time: 608.4892s
	iters: 8500, epoch: 8 | loss: 0.3238693
	speed: 0.0337s/iter; left time: 605.2774s
	iters: 8600, epoch: 8 | loss: 0.3010372
	speed: 0.0337s/iter; left time: 601.2965s
	iters: 8700, epoch: 8 | loss: 0.3532015
	speed: 0.0337s/iter; left time: 598.8948s
	iters: 8800, epoch: 8 | loss: 0.2990714
	speed: 0.0338s/iter; left time: 596.7882s
Epoch: 8 cost time: 305.70290756225586
Epoch: 8, Steps: 8815 | Train Loss: 0.3231481 Vali Loss: 0.4070965 Test Loss: 0.3688471
Validation loss decreased (0.407304 --> 0.407096).  Saving model ...
Updating learning rate to 7.8125e-06
	iters: 100, epoch: 9 | loss: 0.3342318
	speed: 2.1643s/iter; left time: 37942.4845s
	iters: 200, epoch: 9 | loss: 0.2888260
	speed: 0.0342s/iter; left time: 595.5252s
	iters: 300, epoch: 9 | loss: 0.3233699
	speed: 0.0340s/iter; left time: 589.5830s
	iters: 400, epoch: 9 | loss: 0.2881244
	speed: 0.0340s/iter; left time: 585.3156s
	iters: 500, epoch: 9 | loss: 0.3152272
	speed: 0.0340s/iter; left time: 582.8845s
	iters: 600, epoch: 9 | loss: 0.3226939
	speed: 0.0340s/iter; left time: 579.5095s
	iters: 700, epoch: 9 | loss: 0.2991008
	speed: 0.0340s/iter; left time: 576.2524s
	iters: 800, epoch: 9 | loss: 0.3343649
	speed: 0.0340s/iter; left time: 571.8078s
	iters: 900, epoch: 9 | loss: 0.2909364
	speed: 0.0340s/iter; left time: 569.0838s
	iters: 1000, epoch: 9 | loss: 0.3826866
	speed: 0.0341s/iter; left time: 566.3330s
	iters: 1100, epoch: 9 | loss: 0.3244681
	speed: 0.0340s/iter; left time: 562.8351s
	iters: 1200, epoch: 9 | loss: 0.3365797
	speed: 0.0341s/iter; left time: 560.0349s
	iters: 1300, epoch: 9 | loss: 0.3346699
	speed: 0.0340s/iter; left time: 554.8981s
	iters: 1400, epoch: 9 | loss: 0.3043123
	speed: 0.0341s/iter; left time: 553.8108s
	iters: 1500, epoch: 9 | loss: 0.2821375
	speed: 0.0340s/iter; left time: 548.5501s
	iters: 1600, epoch: 9 | loss: 0.3513798
	speed: 0.0340s/iter; left time: 544.4002s
	iters: 1700, epoch: 9 | loss: 0.3045965
	speed: 0.0341s/iter; left time: 543.7190s
	iters: 1800, epoch: 9 | loss: 0.3331725
	speed: 0.0339s/iter; left time: 537.1990s
	iters: 1900, epoch: 9 | loss: 0.3209577
	speed: 0.0340s/iter; left time: 535.2157s
	iters: 2000, epoch: 9 | loss: 0.3303355
	speed: 0.0341s/iter; left time: 533.3938s
	iters: 2100, epoch: 9 | loss: 0.3147467
	speed: 0.0340s/iter; left time: 528.5692s
	iters: 2200, epoch: 9 | loss: 0.3244449
	speed: 0.0339s/iter; left time: 523.3618s
	iters: 2300, epoch: 9 | loss: 0.2898363
	speed: 0.0340s/iter; left time: 521.6578s
	iters: 2400, epoch: 9 | loss: 0.2969676
	speed: 0.0339s/iter; left time: 516.3859s
	iters: 2500, epoch: 9 | loss: 0.2990461
	speed: 0.0339s/iter; left time: 513.6347s
	iters: 2600, epoch: 9 | loss: 0.3170725
	speed: 0.0343s/iter; left time: 515.4643s
	iters: 2700, epoch: 9 | loss: 0.3205088
	speed: 0.0342s/iter; left time: 510.2799s
	iters: 2800, epoch: 9 | loss: 0.3034908
	speed: 0.0339s/iter; left time: 503.4904s
	iters: 2900, epoch: 9 | loss: 0.3397323
	speed: 0.0339s/iter; left time: 499.1906s
	iters: 3000, epoch: 9 | loss: 0.3742766
	speed: 0.0341s/iter; left time: 498.4268s
	iters: 3100, epoch: 9 | loss: 0.3639560
	speed: 0.0339s/iter; left time: 492.8529s
	iters: 3200, epoch: 9 | loss: 0.3223793
	speed: 0.0340s/iter; left time: 490.0572s
	iters: 3300, epoch: 9 | loss: 0.3194867
	speed: 0.0340s/iter; left time: 487.0681s
	iters: 3400, epoch: 9 | loss: 0.3710777
	speed: 0.0340s/iter; left time: 483.9733s
	iters: 3500, epoch: 9 | loss: 0.3436211
	speed: 0.0341s/iter; left time: 481.2579s
	iters: 3600, epoch: 9 | loss: 0.3203180
	speed: 0.0342s/iter; left time: 480.0309s
	iters: 3700, epoch: 9 | loss: 0.2728657
	speed: 0.0342s/iter; left time: 476.8600s
	iters: 3800, epoch: 9 | loss: 0.3273071
	speed: 0.0339s/iter; left time: 468.5986s
	iters: 3900, epoch: 9 | loss: 0.3386960
	speed: 0.0340s/iter; left time: 466.2559s
	iters: 4000, epoch: 9 | loss: 0.3158994
	speed: 0.0339s/iter; left time: 462.5097s
	iters: 4100, epoch: 9 | loss: 0.3101147
	speed: 0.0339s/iter; left time: 458.7960s
	iters: 4200, epoch: 9 | loss: 0.3169305
	speed: 0.0340s/iter; left time: 456.9595s
	iters: 4300, epoch: 9 | loss: 0.3282760
	speed: 0.0339s/iter; left time: 451.9176s
	iters: 4400, epoch: 9 | loss: 0.2731591
	speed: 0.0341s/iter; left time: 450.6530s
	iters: 4500, epoch: 9 | loss: 0.3448767
	speed: 0.0340s/iter; left time: 445.8427s
	iters: 4600, epoch: 9 | loss: 0.3076939
	speed: 0.0341s/iter; left time: 444.4108s
	iters: 4700, epoch: 9 | loss: 0.2822432
	speed: 0.0340s/iter; left time: 439.7740s
	iters: 4800, epoch: 9 | loss: 0.3834010
	speed: 0.0340s/iter; left time: 436.3241s
	iters: 4900, epoch: 9 | loss: 0.3262238
	speed: 0.0339s/iter; left time: 431.2768s
	iters: 5000, epoch: 9 | loss: 0.3383910
	speed: 0.0340s/iter; left time: 429.8263s
	iters: 5100, epoch: 9 | loss: 0.3085068
	speed: 0.0340s/iter; left time: 426.4345s
	iters: 5200, epoch: 9 | loss: 0.3938789
	speed: 0.0339s/iter; left time: 421.4025s
	iters: 5300, epoch: 9 | loss: 0.3203143
	speed: 0.0340s/iter; left time: 419.8214s
	iters: 5400, epoch: 9 | loss: 0.3412216
	speed: 0.0340s/iter; left time: 416.3341s
	iters: 5500, epoch: 9 | loss: 0.3176648
	speed: 0.0338s/iter; left time: 410.4252s
	iters: 5600, epoch: 9 | loss: 0.3408543
	speed: 0.0339s/iter; left time: 408.0054s
	iters: 5700, epoch: 9 | loss: 0.3646245
	speed: 0.0339s/iter; left time: 404.4203s
	iters: 5800, epoch: 9 | loss: 0.3388167
	speed: 0.0340s/iter; left time: 402.4545s
	iters: 5900, epoch: 9 | loss: 0.3329400
	speed: 0.0339s/iter; left time: 397.4038s
	iters: 6000, epoch: 9 | loss: 0.3335272
	speed: 0.0339s/iter; left time: 394.6191s
	iters: 6100, epoch: 9 | loss: 0.4139171
	speed: 0.0341s/iter; left time: 392.8998s
	iters: 6200, epoch: 9 | loss: 0.3989525
	speed: 0.0339s/iter; left time: 387.8736s
	iters: 6300, epoch: 9 | loss: 0.2974698
	speed: 0.0339s/iter; left time: 383.9144s
	iters: 6400, epoch: 9 | loss: 0.3448915
	speed: 0.0341s/iter; left time: 383.2292s
	iters: 6500, epoch: 9 | loss: 0.3299602
	speed: 0.0340s/iter; left time: 378.0075s
	iters: 6600, epoch: 9 | loss: 0.3177060
	speed: 0.0339s/iter; left time: 374.4303s
	iters: 6700, epoch: 9 | loss: 0.2882805
	speed: 0.0340s/iter; left time: 371.7944s
	iters: 6800, epoch: 9 | loss: 0.3055654
	speed: 0.0340s/iter; left time: 368.3259s
	iters: 6900, epoch: 9 | loss: 0.3152581
	speed: 0.0340s/iter; left time: 364.3653s
	iters: 7000, epoch: 9 | loss: 0.3273803
	speed: 0.0340s/iter; left time: 361.0859s
	iters: 7100, epoch: 9 | loss: 0.3265713
	speed: 0.0340s/iter; left time: 357.7026s
	iters: 7200, epoch: 9 | loss: 0.3010377
	speed: 0.0340s/iter; left time: 355.0926s
	iters: 7300, epoch: 9 | loss: 0.2914631
	speed: 0.0341s/iter; left time: 351.9664s
	iters: 7400, epoch: 9 | loss: 0.3124297
	speed: 0.0341s/iter; left time: 348.7406s
	iters: 7500, epoch: 9 | loss: 0.3123402
	speed: 0.0340s/iter; left time: 343.9685s
	iters: 7600, epoch: 9 | loss: 0.3010677
	speed: 0.0340s/iter; left time: 341.0106s
	iters: 7700, epoch: 9 | loss: 0.2918398
	speed: 0.0339s/iter; left time: 337.0317s
	iters: 7800, epoch: 9 | loss: 0.3096310
	speed: 0.0339s/iter; left time: 333.5881s
	iters: 7900, epoch: 9 | loss: 0.2976580
	speed: 0.0339s/iter; left time: 329.6607s
	iters: 8000, epoch: 9 | loss: 0.3581679
	speed: 0.0338s/iter; left time: 325.6209s
	iters: 8100, epoch: 9 | loss: 0.3350831
	speed: 0.0339s/iter; left time: 323.4629s
	iters: 8200, epoch: 9 | loss: 0.2978489
	speed: 0.0342s/iter; left time: 322.4761s
	iters: 8300, epoch: 9 | loss: 0.3130251
	speed: 0.0338s/iter; left time: 315.4303s
	iters: 8400, epoch: 9 | loss: 0.2824054
	speed: 0.0346s/iter; left time: 319.7257s
	iters: 8500, epoch: 9 | loss: 0.3392250
	speed: 0.0343s/iter; left time: 313.4124s
	iters: 8600, epoch: 9 | loss: 0.3290331
	speed: 0.0344s/iter; left time: 310.4250s
	iters: 8700, epoch: 9 | loss: 0.3395388
	speed: 0.0343s/iter; left time: 306.0098s
	iters: 8800, epoch: 9 | loss: 0.3572679
	speed: 0.0343s/iter; left time: 302.6257s
Epoch: 9 cost time: 300.4008548259735
Epoch: 9, Steps: 8815 | Train Loss: 0.3228174 Vali Loss: 0.4068705 Test Loss: 0.3687456
Validation loss decreased (0.407096 --> 0.406870).  Saving model ...
Updating learning rate to 3.90625e-06
	iters: 100, epoch: 10 | loss: 0.2949481
	speed: 2.2581s/iter; left time: 19681.3168s
	iters: 200, epoch: 10 | loss: 0.3368023
	speed: 0.0340s/iter; left time: 293.0036s
	iters: 300, epoch: 10 | loss: 0.2785868
	speed: 0.0335s/iter; left time: 285.6551s
	iters: 400, epoch: 10 | loss: 0.3506114
	speed: 0.0341s/iter; left time: 286.7221s
	iters: 500, epoch: 10 | loss: 0.3412519
	speed: 0.0340s/iter; left time: 282.8797s
	iters: 600, epoch: 10 | loss: 0.3150715
	speed: 0.0344s/iter; left time: 282.8054s
	iters: 700, epoch: 10 | loss: 0.3158014
	speed: 0.0351s/iter; left time: 284.7158s
	iters: 800, epoch: 10 | loss: 0.3038870
	speed: 0.0345s/iter; left time: 276.3047s
	iters: 900, epoch: 10 | loss: 0.3237388
	speed: 0.0344s/iter; left time: 272.5207s
	iters: 1000, epoch: 10 | loss: 0.3236124
	speed: 0.0344s/iter; left time: 268.5128s
	iters: 1100, epoch: 10 | loss: 0.3021042
	speed: 0.0344s/iter; left time: 265.5760s
	iters: 1200, epoch: 10 | loss: 0.3210109
	speed: 0.0342s/iter; left time: 260.7300s
	iters: 1300, epoch: 10 | loss: 0.3554822
	speed: 0.0343s/iter; left time: 257.6860s
	iters: 1400, epoch: 10 | loss: 0.3576043
	speed: 0.0342s/iter; left time: 253.4834s
	iters: 1500, epoch: 10 | loss: 0.3259376
	speed: 0.0342s/iter; left time: 250.5100s
	iters: 1600, epoch: 10 | loss: 0.3115828
	speed: 0.0345s/iter; left time: 248.6300s
	iters: 1700, epoch: 10 | loss: 0.2698622
	speed: 0.0343s/iter; left time: 244.4276s
	iters: 1800, epoch: 10 | loss: 0.2740388
	speed: 0.0342s/iter; left time: 239.8676s
	iters: 1900, epoch: 10 | loss: 0.2873175
	speed: 0.0342s/iter; left time: 236.2311s
	iters: 2000, epoch: 10 | loss: 0.3029115
	speed: 0.0345s/iter; left time: 235.3609s
	iters: 2100, epoch: 10 | loss: 0.3175033
	speed: 0.0341s/iter; left time: 229.1655s
	iters: 2200, epoch: 10 | loss: 0.3221186
	speed: 0.0343s/iter; left time: 226.7211s
	iters: 2300, epoch: 10 | loss: 0.3016716
	speed: 0.0344s/iter; left time: 224.0603s
	iters: 2400, epoch: 10 | loss: 0.3342042
	speed: 0.0341s/iter; left time: 218.9018s
	iters: 2500, epoch: 10 | loss: 0.3194992
	speed: 0.0346s/iter; left time: 218.3477s
	iters: 2600, epoch: 10 | loss: 0.3007506
	speed: 0.0345s/iter; left time: 214.3830s
	iters: 2700, epoch: 10 | loss: 0.3229300
	speed: 0.0346s/iter; left time: 211.7217s
	iters: 2800, epoch: 10 | loss: 0.3408840
	speed: 0.0350s/iter; left time: 210.4985s
	iters: 2900, epoch: 10 | loss: 0.3542321
	speed: 0.0351s/iter; left time: 207.3975s
	iters: 3000, epoch: 10 | loss: 0.3241225
	speed: 0.0347s/iter; left time: 202.1016s
	iters: 3100, epoch: 10 | loss: 0.2798325
	speed: 0.0351s/iter; left time: 200.4432s
	iters: 3200, epoch: 10 | loss: 0.3043476
	speed: 0.0349s/iter; left time: 195.9315s
	iters: 3300, epoch: 10 | loss: 0.2951452
	speed: 0.0345s/iter; left time: 190.5638s
	iters: 3400, epoch: 10 | loss: 0.3087685
	speed: 0.0344s/iter; left time: 186.2700s
	iters: 3500, epoch: 10 | loss: 0.3512510
	speed: 0.0345s/iter; left time: 183.2829s
	iters: 3600, epoch: 10 | loss: 0.3241412
	speed: 0.0343s/iter; left time: 178.9985s
	iters: 3700, epoch: 10 | loss: 0.3062226
	speed: 0.0341s/iter; left time: 174.2418s
	iters: 3800, epoch: 10 | loss: 0.2926943
	speed: 0.0342s/iter; left time: 171.5608s
	iters: 3900, epoch: 10 | loss: 0.2970580
	speed: 0.0344s/iter; left time: 168.8812s
	iters: 4000, epoch: 10 | loss: 0.2959470
	speed: 0.0344s/iter; left time: 165.7637s
	iters: 4100, epoch: 10 | loss: 0.3209597
	speed: 0.0343s/iter; left time: 161.7347s
	iters: 4200, epoch: 10 | loss: 0.3653044
	speed: 0.0343s/iter; left time: 158.2063s
	iters: 4300, epoch: 10 | loss: 0.3016150
	speed: 0.0341s/iter; left time: 154.0263s
	iters: 4400, epoch: 10 | loss: 0.3084155
	speed: 0.0344s/iter; left time: 152.0993s
	iters: 4500, epoch: 10 | loss: 0.2936019
	speed: 0.0343s/iter; left time: 148.1167s
	iters: 4600, epoch: 10 | loss: 0.3187411
	speed: 0.0343s/iter; left time: 144.4106s
	iters: 4700, epoch: 10 | loss: 0.3103903
	speed: 0.0342s/iter; left time: 140.8176s
	iters: 4800, epoch: 10 | loss: 0.3196581
	speed: 0.0367s/iter; left time: 147.2448s
	iters: 4900, epoch: 10 | loss: 0.3155188
	speed: 0.0357s/iter; left time: 139.9230s
	iters: 5000, epoch: 10 | loss: 0.2655402
	speed: 0.0343s/iter; left time: 130.9279s
	iters: 5100, epoch: 10 | loss: 0.3378449
	speed: 0.0341s/iter; left time: 126.5485s
	iters: 5200, epoch: 10 | loss: 0.3336547
	speed: 0.0343s/iter; left time: 124.1291s
	iters: 5300, epoch: 10 | loss: 0.2965583
	speed: 0.0342s/iter; left time: 120.3943s
	iters: 5400, epoch: 10 | loss: 0.2851211
	speed: 0.0340s/iter; left time: 116.2802s
	iters: 5500, epoch: 10 | loss: 0.3029764
	speed: 0.0343s/iter; left time: 113.6869s
	iters: 5600, epoch: 10 | loss: 0.3348820
	speed: 0.0343s/iter; left time: 110.2421s
	iters: 5700, epoch: 10 | loss: 0.3429129
	speed: 0.0344s/iter; left time: 107.2766s
	iters: 5800, epoch: 10 | loss: 0.3588344
	speed: 0.0344s/iter; left time: 103.6108s
	iters: 5900, epoch: 10 | loss: 0.2967965
	speed: 0.0342s/iter; left time: 99.7862s
	iters: 6000, epoch: 10 | loss: 0.2750128
	speed: 0.0342s/iter; left time: 96.4113s
	iters: 6100, epoch: 10 | loss: 0.3002524
	speed: 0.0344s/iter; left time: 93.3411s
	iters: 6200, epoch: 10 | loss: 0.3093842
	speed: 0.0342s/iter; left time: 89.5398s
	iters: 6300, epoch: 10 | loss: 0.3076257
	speed: 0.0344s/iter; left time: 86.5175s
	iters: 6400, epoch: 10 | loss: 0.3192309
	speed: 0.0341s/iter; left time: 82.4596s
	iters: 6500, epoch: 10 | loss: 0.3105394
	speed: 0.0342s/iter; left time: 79.1354s
	iters: 6600, epoch: 10 | loss: 0.3163122
	speed: 0.0342s/iter; left time: 75.8644s
	iters: 6700, epoch: 10 | loss: 0.3036028
	speed: 0.0344s/iter; left time: 72.6989s
	iters: 6800, epoch: 10 | loss: 0.3125741
	speed: 0.0344s/iter; left time: 69.3768s
	iters: 6900, epoch: 10 | loss: 0.2917867
	speed: 0.0343s/iter; left time: 65.7384s
	iters: 7000, epoch: 10 | loss: 0.2965193
	speed: 0.0343s/iter; left time: 62.2390s
	iters: 7100, epoch: 10 | loss: 0.3064129
	speed: 0.0344s/iter; left time: 58.9760s
	iters: 7200, epoch: 10 | loss: 0.2630988
	speed: 0.0343s/iter; left time: 55.4320s
	iters: 7300, epoch: 10 | loss: 0.3123115
	speed: 0.0342s/iter; left time: 51.7840s
	iters: 7400, epoch: 10 | loss: 0.2887915
	speed: 0.0342s/iter; left time: 48.4904s
	iters: 7500, epoch: 10 | loss: 0.3946671
	speed: 0.0341s/iter; left time: 44.9024s
	iters: 7600, epoch: 10 | loss: 0.3408740
	speed: 0.0344s/iter; left time: 41.8627s
	iters: 7700, epoch: 10 | loss: 0.3437309
	speed: 0.0346s/iter; left time: 38.5948s
	iters: 7800, epoch: 10 | loss: 0.3273202
	speed: 0.0342s/iter; left time: 34.7015s
	iters: 7900, epoch: 10 | loss: 0.3341118
	speed: 0.0346s/iter; left time: 31.6515s
	iters: 8000, epoch: 10 | loss: 0.3284155
	speed: 0.0345s/iter; left time: 28.1808s
	iters: 8100, epoch: 10 | loss: 0.3227698
	speed: 0.0344s/iter; left time: 24.6496s
	iters: 8200, epoch: 10 | loss: 0.3294261
	speed: 0.0347s/iter; left time: 21.3879s
	iters: 8300, epoch: 10 | loss: 0.3178543
	speed: 0.0343s/iter; left time: 17.7176s
	iters: 8400, epoch: 10 | loss: 0.2884781
	speed: 0.0347s/iter; left time: 14.4145s
	iters: 8500, epoch: 10 | loss: 0.3171394
	speed: 0.0345s/iter; left time: 10.9013s
	iters: 8600, epoch: 10 | loss: 0.3318175
	speed: 0.0342s/iter; left time: 7.3955s
	iters: 8700, epoch: 10 | loss: 0.3095519
	speed: 0.0343s/iter; left time: 3.9836s
	iters: 8800, epoch: 10 | loss: 0.3339467
	speed: 0.0344s/iter; left time: 0.5500s
Epoch: 10 cost time: 303.65012288093567
Epoch: 10, Steps: 8815 | Train Loss: 0.3226045 Vali Loss: 0.4066699 Test Loss: 0.3688260
Validation loss decreased (0.406870 --> 0.406670).  Saving model ...
Updating learning rate to 1.953125e-06
>>>>>>>testing : long_term_forecast_pems08_h_96_336_iTransformer_custom_ftM_sl96_ll48_pl336_dm512_nh8_el4_dl1_df512_fc3_ebtimeF_dtTrue_srate1.0_sseed7_trainseed2024_Exp_0<<<<<<<<<<<<<<<<<<<<<<<<<<<<<<<<<
test 40085
test shape: (40085, 1, 336, 212) (40085, 1, 336, 212)
test shape: (40085, 336, 212) (40085, 336, 212)
mse:0.36882513761520386, mae:0.3693844974040985
>>>>>>>Overall time: 5373 seconds<<<<<<<<<<<<<<<<<<<<<<<<<<<<<<<<<
