Args in experiment:
Namespace(activation='gelu', anomaly_ratio=0.25, batch_size=16, c_out=521, checkpoints='./checkpoints/', d_ff=512, d_layers=1, d_model=512, data='custom', data_path='pems11_h.csv', dec_in=521, des='Exp', devices='0,1,2,3', distil=True, dropout=0, e_layers=4, embed='timeF', enc_in=521, factor=3, features='M', freq='h', gap_day=365, gpu=0, inverse=False, is_training=1, itr=1, label_len=48, learning_rate=0.001, loss='MSE', lradj='type1', mask_rate=0.25, model='iTransformer', model_id='pems11_h_96_336', moving_avg=25, n_heads=8, num_kernels=6, num_workers=10, output_attention=False, p_hidden_dims=[128, 128], p_hidden_layers=2, patience=3, pred_len=336, root_path='../../data/pems/', samle_rate=1.0, sample_seed=7, seasonal_patterns='Monthly', seq_len=96, target='OT', task_name='long_term_forecast', top_k=5, train_epochs=10, train_seed=2024, use_amp=False, use_gpu=True, use_multi_gpu=False)
Use GPU: cuda:0
>>>>>>>start training : long_term_forecast_pems11_h_96_336_iTransformer_custom_ftM_sl96_ll48_pl336_dm512_nh8_el4_dl1_df512_fc3_ebtimeF_dtTrue_srate1.0_sseed7_trainseed2024_Exp_0>>>>>>>>>>>>>>>>>>>>>>>>>>
train 131818
val 18559
test 37450
	iters: 100, epoch: 1 | loss: 0.2150085
	speed: 0.0856s/iter; left time: 7040.7639s
	iters: 200, epoch: 1 | loss: 0.1480950
	speed: 0.0751s/iter; left time: 6174.2766s
	iters: 300, epoch: 1 | loss: 0.1359348
	speed: 0.0752s/iter; left time: 6171.6822s
	iters: 400, epoch: 1 | loss: 0.1511093
	speed: 0.0752s/iter; left time: 6167.4949s
	iters: 500, epoch: 1 | loss: 0.1575688
	speed: 0.0753s/iter; left time: 6164.4861s
	iters: 600, epoch: 1 | loss: 0.1405411
	speed: 0.0753s/iter; left time: 6160.4017s
	iters: 700, epoch: 1 | loss: 0.1247879
	speed: 0.0753s/iter; left time: 6152.9353s
	iters: 800, epoch: 1 | loss: 0.1412333
	speed: 0.0754s/iter; left time: 6150.2699s
	iters: 900, epoch: 1 | loss: 0.1750930
	speed: 0.0755s/iter; left time: 6150.5774s
	iters: 1000, epoch: 1 | loss: 0.2364210
	speed: 0.0754s/iter; left time: 6132.3758s
	iters: 1100, epoch: 1 | loss: 0.1114912
	speed: 0.0755s/iter; left time: 6136.2975s
	iters: 1200, epoch: 1 | loss: 0.1251102
	speed: 0.0755s/iter; left time: 6128.8860s
	iters: 1300, epoch: 1 | loss: 0.1592194
	speed: 0.0755s/iter; left time: 6120.8753s
	iters: 1400, epoch: 1 | loss: 0.1150449
	speed: 0.0755s/iter; left time: 6115.1303s
	iters: 1500, epoch: 1 | loss: 0.1071969
	speed: 0.0755s/iter; left time: 6106.1686s
	iters: 1600, epoch: 1 | loss: 0.1667852
	speed: 0.0754s/iter; left time: 6094.5461s
	iters: 1700, epoch: 1 | loss: 0.1401609
	speed: 0.0754s/iter; left time: 6083.3428s
	iters: 1800, epoch: 1 | loss: 0.1517399
	speed: 0.0754s/iter; left time: 6077.9566s
	iters: 1900, epoch: 1 | loss: 0.1172411
	speed: 0.0754s/iter; left time: 6069.7049s
	iters: 2000, epoch: 1 | loss: 0.1310541
	speed: 0.0754s/iter; left time: 6061.1528s
	iters: 2100, epoch: 1 | loss: 0.1453504
	speed: 0.0755s/iter; left time: 6058.1252s
	iters: 2200, epoch: 1 | loss: 0.2220261
	speed: 0.0755s/iter; left time: 6057.6605s
	iters: 2300, epoch: 1 | loss: 0.1727575
	speed: 0.0756s/iter; left time: 6053.5651s
	iters: 2400, epoch: 1 | loss: 0.1145683
	speed: 0.0754s/iter; left time: 6034.2353s
	iters: 2500, epoch: 1 | loss: 0.1383129
	speed: 0.0755s/iter; left time: 6028.7026s
	iters: 2600, epoch: 1 | loss: 0.1377831
	speed: 0.0755s/iter; left time: 6021.9289s
	iters: 2700, epoch: 1 | loss: 0.1328899
	speed: 0.0755s/iter; left time: 6017.0496s
	iters: 2800, epoch: 1 | loss: 0.1263471
	speed: 0.0754s/iter; left time: 6002.3556s
	iters: 2900, epoch: 1 | loss: 0.1187229
	speed: 0.0754s/iter; left time: 5995.4610s
	iters: 3000, epoch: 1 | loss: 0.1416313
	speed: 0.0755s/iter; left time: 5990.1171s
	iters: 3100, epoch: 1 | loss: 0.1630422
	speed: 0.0755s/iter; left time: 5985.2093s
	iters: 3200, epoch: 1 | loss: 0.1158829
	speed: 0.0755s/iter; left time: 5976.7815s
	iters: 3300, epoch: 1 | loss: 0.1192988
	speed: 0.0755s/iter; left time: 5969.0104s
	iters: 3400, epoch: 1 | loss: 0.1501182
	speed: 0.0754s/iter; left time: 5958.0191s
	iters: 3500, epoch: 1 | loss: 0.1490055
	speed: 0.0755s/iter; left time: 5954.9791s
	iters: 3600, epoch: 1 | loss: 0.1218970
	speed: 0.0755s/iter; left time: 5949.9185s
	iters: 3700, epoch: 1 | loss: 0.1252155
	speed: 0.0756s/iter; left time: 5946.0317s
	iters: 3800, epoch: 1 | loss: 0.1424284
	speed: 0.0755s/iter; left time: 5934.7219s
	iters: 3900, epoch: 1 | loss: 0.1194593
	speed: 0.0754s/iter; left time: 5916.7863s
	iters: 4000, epoch: 1 | loss: 0.1494831
	speed: 0.0754s/iter; left time: 5913.5774s
	iters: 4100, epoch: 1 | loss: 0.2507499
	speed: 0.0755s/iter; left time: 5911.7765s
	iters: 4200, epoch: 1 | loss: 0.4364645
	speed: 0.0755s/iter; left time: 5902.5691s
	iters: 4300, epoch: 1 | loss: 0.3613402
	speed: 0.0753s/iter; left time: 5877.4482s
	iters: 4400, epoch: 1 | loss: 0.4603939
	speed: 0.0752s/iter; left time: 5863.7042s
	iters: 4500, epoch: 1 | loss: 0.4374886
	speed: 0.0753s/iter; left time: 5865.5677s
	iters: 4600, epoch: 1 | loss: 0.3920886
	speed: 0.0754s/iter; left time: 5866.3909s
	iters: 4700, epoch: 1 | loss: 0.2443898
	speed: 0.0755s/iter; left time: 5861.6921s
	iters: 4800, epoch: 1 | loss: 0.2499570
	speed: 0.0755s/iter; left time: 5854.0468s
	iters: 4900, epoch: 1 | loss: 0.3122571
	speed: 0.0754s/iter; left time: 5841.0161s
	iters: 5000, epoch: 1 | loss: 0.3276608
	speed: 0.0753s/iter; left time: 5830.2747s
	iters: 5100, epoch: 1 | loss: 0.3306174
	speed: 0.0753s/iter; left time: 5820.3005s
	iters: 5200, epoch: 1 | loss: 0.2655779
	speed: 0.0753s/iter; left time: 5808.3070s
	iters: 5300, epoch: 1 | loss: 0.3075243
	speed: 0.0752s/iter; left time: 5800.0325s
	iters: 5400, epoch: 1 | loss: 0.2801469
	speed: 0.0753s/iter; left time: 5792.8537s
	iters: 5500, epoch: 1 | loss: 0.3059283
	speed: 0.0752s/iter; left time: 5785.0572s
	iters: 5600, epoch: 1 | loss: 0.2772211
	speed: 0.0753s/iter; left time: 5779.7437s
	iters: 5700, epoch: 1 | loss: 0.2885026
	speed: 0.0753s/iter; left time: 5776.6035s
	iters: 5800, epoch: 1 | loss: 0.2912405
	speed: 0.0753s/iter; left time: 5768.5754s
	iters: 5900, epoch: 1 | loss: 0.2834891
	speed: 0.0753s/iter; left time: 5760.5271s
	iters: 6000, epoch: 1 | loss: 0.3290071
	speed: 0.0754s/iter; left time: 5755.8529s
	iters: 6100, epoch: 1 | loss: 0.3067544
	speed: 0.0754s/iter; left time: 5749.8847s
	iters: 6200, epoch: 1 | loss: 0.2978271
	speed: 0.0754s/iter; left time: 5742.7246s
	iters: 6300, epoch: 1 | loss: 0.3332584
	speed: 0.0754s/iter; left time: 5734.5095s
	iters: 6400, epoch: 1 | loss: 0.3136734
	speed: 0.0754s/iter; left time: 5727.2328s
	iters: 6500, epoch: 1 | loss: 0.3230961
	speed: 0.0754s/iter; left time: 5722.4331s
	iters: 6600, epoch: 1 | loss: 0.3176217
	speed: 0.0754s/iter; left time: 5711.8584s
	iters: 6700, epoch: 1 | loss: 0.2474722
	speed: 0.0753s/iter; left time: 5702.0963s
	iters: 6800, epoch: 1 | loss: 0.2741385
	speed: 0.0754s/iter; left time: 5697.2888s
	iters: 6900, epoch: 1 | loss: 0.2864912
	speed: 0.0754s/iter; left time: 5688.8928s
	iters: 7000, epoch: 1 | loss: 0.3008688
	speed: 0.0754s/iter; left time: 5683.0169s
	iters: 7100, epoch: 1 | loss: 0.3014049
	speed: 0.0754s/iter; left time: 5673.5743s
	iters: 7200, epoch: 1 | loss: 0.3284218
	speed: 0.0753s/iter; left time: 5664.5720s
	iters: 7300, epoch: 1 | loss: 0.2864756
	speed: 0.0754s/iter; left time: 5659.6264s
	iters: 7400, epoch: 1 | loss: 0.3408320
	speed: 0.0753s/iter; left time: 5645.2814s
	iters: 7500, epoch: 1 | loss: 0.2873821
	speed: 0.0753s/iter; left time: 5635.9074s
	iters: 7600, epoch: 1 | loss: 0.2751967
	speed: 0.0753s/iter; left time: 5627.2899s
	iters: 7700, epoch: 1 | loss: 0.2968473
	speed: 0.0753s/iter; left time: 5622.5785s
	iters: 7800, epoch: 1 | loss: 0.3157665
	speed: 0.0756s/iter; left time: 5637.3038s
	iters: 7900, epoch: 1 | loss: 0.2882749
	speed: 0.0756s/iter; left time: 5629.3294s
	iters: 8000, epoch: 1 | loss: 0.2693384
	speed: 0.0757s/iter; left time: 5628.4008s
	iters: 8100, epoch: 1 | loss: 0.3699816
	speed: 0.0756s/iter; left time: 5612.1065s
	iters: 8200, epoch: 1 | loss: 0.2782111
	speed: 0.0755s/iter; left time: 5602.8409s
Epoch: 1 cost time: 622.374764919281
Epoch: 1, Steps: 8238 | Train Loss: 0.2345793 Vali Loss: 0.3768329 Test Loss: 34.5004539
Validation loss decreased (inf --> 0.376833).  Saving model ...
Updating learning rate to 0.001
	iters: 100, epoch: 2 | loss: 0.2796679
	speed: 3.3062s/iter; left time: 244801.0753s
	iters: 200, epoch: 2 | loss: 0.3222058
	speed: 0.0746s/iter; left time: 5513.1910s
	iters: 300, epoch: 2 | loss: 0.3044714
	speed: 0.0757s/iter; left time: 5588.1063s
	iters: 400, epoch: 2 | loss: 0.3187609
	speed: 0.0752s/iter; left time: 5542.6482s
	iters: 500, epoch: 2 | loss: 0.3429323
	speed: 0.0749s/iter; left time: 5515.6202s
	iters: 600, epoch: 2 | loss: 0.2775834
	speed: 0.0755s/iter; left time: 5552.9511s
	iters: 700, epoch: 2 | loss: 0.3034061
	speed: 0.0754s/iter; left time: 5539.0198s
	iters: 800, epoch: 2 | loss: 0.2899712
	speed: 0.0752s/iter; left time: 5515.8068s
	iters: 900, epoch: 2 | loss: 0.3448131
	speed: 0.0753s/iter; left time: 5513.5203s
	iters: 1000, epoch: 2 | loss: 0.3058882
	speed: 0.0755s/iter; left time: 5524.4894s
	iters: 1100, epoch: 2 | loss: 0.3014136
	speed: 0.0755s/iter; left time: 5518.3858s
	iters: 1200, epoch: 2 | loss: 0.3051308
	speed: 0.0755s/iter; left time: 5508.8806s
	iters: 1300, epoch: 2 | loss: 0.3085986
	speed: 0.0752s/iter; left time: 5474.9553s
	iters: 1400, epoch: 2 | loss: 0.3122579
	speed: 0.0752s/iter; left time: 5472.8674s
	iters: 1500, epoch: 2 | loss: 0.4912369
	speed: 0.0752s/iter; left time: 5464.8811s
	iters: 1600, epoch: 2 | loss: 0.3063253
	speed: 0.0752s/iter; left time: 5454.8337s
	iters: 1700, epoch: 2 | loss: 0.3007284
	speed: 0.0753s/iter; left time: 5455.3133s
	iters: 1800, epoch: 2 | loss: 0.3821074
	speed: 0.0752s/iter; left time: 5442.7785s
	iters: 1900, epoch: 2 | loss: 0.3079132
	speed: 0.0752s/iter; left time: 5429.8590s
	iters: 2000, epoch: 2 | loss: 0.3129733
	speed: 0.0752s/iter; left time: 5421.7903s
	iters: 2100, epoch: 2 | loss: 0.3125460
	speed: 0.0752s/iter; left time: 5419.1350s
	iters: 2200, epoch: 2 | loss: 0.4160760
	speed: 0.0752s/iter; left time: 5408.5741s
	iters: 2300, epoch: 2 | loss: 0.2889453
	speed: 0.0751s/iter; left time: 5396.7580s
	iters: 2400, epoch: 2 | loss: 0.3266921
	speed: 0.0753s/iter; left time: 5405.6430s
	iters: 2500, epoch: 2 | loss: 0.3030338
	speed: 0.0753s/iter; left time: 5391.5601s
	iters: 2600, epoch: 2 | loss: 0.2879629
	speed: 0.0753s/iter; left time: 5385.6938s
	iters: 2700, epoch: 2 | loss: 0.3319626
	speed: 0.0753s/iter; left time: 5380.8959s
	iters: 2800, epoch: 2 | loss: 0.3349287
	speed: 0.0752s/iter; left time: 5366.9203s
	iters: 2900, epoch: 2 | loss: 0.3054690
	speed: 0.0753s/iter; left time: 5365.3415s
	iters: 3000, epoch: 2 | loss: 0.2970356
	speed: 0.0753s/iter; left time: 5355.5508s
	iters: 3100, epoch: 2 | loss: 0.3075881
	speed: 0.0753s/iter; left time: 5347.3581s
	iters: 3200, epoch: 2 | loss: 0.3955173
	speed: 0.0753s/iter; left time: 5339.9828s
	iters: 3300, epoch: 2 | loss: 0.3452070
	speed: 0.0752s/iter; left time: 5330.1705s
	iters: 3400, epoch: 2 | loss: 0.3223235
	speed: 0.0752s/iter; left time: 5320.4315s
	iters: 3500, epoch: 2 | loss: 0.2868762
	speed: 0.0753s/iter; left time: 5318.1008s
	iters: 3600, epoch: 2 | loss: 0.3296016
	speed: 0.0753s/iter; left time: 5310.6927s
	iters: 3700, epoch: 2 | loss: 0.3039126
	speed: 0.0753s/iter; left time: 5303.3193s
	iters: 3800, epoch: 2 | loss: 0.3115957
	speed: 0.0753s/iter; left time: 5293.8151s
	iters: 3900, epoch: 2 | loss: 0.2907777
	speed: 0.0752s/iter; left time: 5285.1489s
	iters: 4000, epoch: 2 | loss: 0.3316636
	speed: 0.0753s/iter; left time: 5282.8713s
	iters: 4100, epoch: 2 | loss: 0.2725341
	speed: 0.0753s/iter; left time: 5273.4598s
	iters: 4200, epoch: 2 | loss: 0.2961082
	speed: 0.0753s/iter; left time: 5265.5744s
	iters: 4300, epoch: 2 | loss: 0.2938062
	speed: 0.0753s/iter; left time: 5260.7658s
	iters: 4400, epoch: 2 | loss: 0.4084823
	speed: 0.0753s/iter; left time: 5252.1459s
	iters: 4500, epoch: 2 | loss: 0.3684520
	speed: 0.0753s/iter; left time: 5245.8115s
	iters: 4600, epoch: 2 | loss: 0.3007484
	speed: 0.0753s/iter; left time: 5239.1210s
	iters: 4700, epoch: 2 | loss: 0.3367395
	speed: 0.0753s/iter; left time: 5230.3763s
	iters: 4800, epoch: 2 | loss: 0.3366986
	speed: 0.0753s/iter; left time: 5223.3729s
	iters: 4900, epoch: 2 | loss: 0.2572688
	speed: 0.0753s/iter; left time: 5216.5969s
	iters: 5000, epoch: 2 | loss: 0.3170312
	speed: 0.0753s/iter; left time: 5209.6506s
	iters: 5100, epoch: 2 | loss: 0.3173840
	speed: 0.0753s/iter; left time: 5202.1269s
	iters: 5200, epoch: 2 | loss: 0.3058983
	speed: 0.0753s/iter; left time: 5193.5298s
	iters: 5300, epoch: 2 | loss: 0.2705302
	speed: 0.0753s/iter; left time: 5186.1224s
	iters: 5400, epoch: 2 | loss: 0.2635724
	speed: 0.0753s/iter; left time: 5177.1690s
	iters: 5500, epoch: 2 | loss: 0.3035124
	speed: 0.0753s/iter; left time: 5170.3527s
	iters: 5600, epoch: 2 | loss: 0.2772333
	speed: 0.0753s/iter; left time: 5160.7283s
	iters: 5700, epoch: 2 | loss: 0.2998582
	speed: 0.0753s/iter; left time: 5154.0255s
	iters: 5800, epoch: 2 | loss: 0.3150261
	speed: 0.0754s/iter; left time: 5149.9120s
	iters: 5900, epoch: 2 | loss: 0.3133621
	speed: 0.0754s/iter; left time: 5147.3746s
	iters: 6000, epoch: 2 | loss: 0.2551042
	speed: 0.0754s/iter; left time: 5137.4434s
	iters: 6100, epoch: 2 | loss: 0.2527834
	speed: 0.0754s/iter; left time: 5129.7874s
	iters: 6200, epoch: 2 | loss: 0.2702981
	speed: 0.0754s/iter; left time: 5121.2510s
	iters: 6300, epoch: 2 | loss: 0.3235966
	speed: 0.0753s/iter; left time: 5111.8460s
	iters: 6400, epoch: 2 | loss: 0.3010462
	speed: 0.0753s/iter; left time: 5103.8283s
	iters: 6500, epoch: 2 | loss: 0.2978238
	speed: 0.0754s/iter; left time: 5098.7354s
	iters: 6600, epoch: 2 | loss: 0.3444593
	speed: 0.0753s/iter; left time: 5085.9257s
	iters: 6700, epoch: 2 | loss: 0.3061908
	speed: 0.0753s/iter; left time: 5076.0155s
	iters: 6800, epoch: 2 | loss: 0.2987650
	speed: 0.0752s/iter; left time: 5066.7087s
	iters: 6900, epoch: 2 | loss: 0.3039048
	speed: 0.0752s/iter; left time: 5058.9081s
	iters: 7000, epoch: 2 | loss: 0.2987615
	speed: 0.0752s/iter; left time: 5052.2584s
	iters: 7100, epoch: 2 | loss: 0.3699517
	speed: 0.0753s/iter; left time: 5045.2237s
	iters: 7200, epoch: 2 | loss: 0.3539211
	speed: 0.0753s/iter; left time: 5037.8463s
	iters: 7300, epoch: 2 | loss: 0.2912599
	speed: 0.0753s/iter; left time: 5032.0285s
	iters: 7400, epoch: 2 | loss: 0.2707719
	speed: 0.0753s/iter; left time: 5024.1747s
	iters: 7500, epoch: 2 | loss: 0.2939083
	speed: 0.0753s/iter; left time: 5020.5284s
	iters: 7600, epoch: 2 | loss: 0.2778599
	speed: 0.0753s/iter; left time: 5011.0698s
	iters: 7700, epoch: 2 | loss: 0.2905492
	speed: 0.0753s/iter; left time: 5001.9096s
	iters: 7800, epoch: 2 | loss: 0.3385032
	speed: 0.0753s/iter; left time: 4993.7328s
	iters: 7900, epoch: 2 | loss: 0.3316308
	speed: 0.0753s/iter; left time: 4988.2293s
	iters: 8000, epoch: 2 | loss: 0.3193451
	speed: 0.0753s/iter; left time: 4979.9043s
	iters: 8100, epoch: 2 | loss: 0.4227396
	speed: 0.0753s/iter; left time: 4972.4636s
	iters: 8200, epoch: 2 | loss: 0.3425104
	speed: 0.0753s/iter; left time: 4966.1025s
Epoch: 2 cost time: 620.9755866527557
Epoch: 2, Steps: 8238 | Train Loss: 0.3133817 Vali Loss: 0.3931721 Test Loss: 36.6076660
EarlyStopping counter: 1 out of 3
Updating learning rate to 0.0005
	iters: 100, epoch: 3 | loss: 0.2609361
	speed: 3.0386s/iter; left time: 199957.9845s
	iters: 200, epoch: 3 | loss: 0.3079387
	speed: 0.0751s/iter; left time: 4935.0345s
	iters: 300, epoch: 3 | loss: 0.3914047
	speed: 0.0751s/iter; left time: 4927.3207s
	iters: 400, epoch: 3 | loss: 0.2222265
	speed: 0.0750s/iter; left time: 4913.1303s
	iters: 500, epoch: 3 | loss: 0.3108525
	speed: 0.0750s/iter; left time: 4905.2442s
	iters: 600, epoch: 3 | loss: 0.2892368
	speed: 0.0750s/iter; left time: 4897.4943s
	iters: 700, epoch: 3 | loss: 0.3642554
	speed: 0.0750s/iter; left time: 4889.0062s
	iters: 800, epoch: 3 | loss: 0.3157855
	speed: 0.0750s/iter; left time: 4882.4290s
	iters: 900, epoch: 3 | loss: 0.2534397
	speed: 0.0750s/iter; left time: 4877.3566s
	iters: 1000, epoch: 3 | loss: 0.3577440
	speed: 0.0751s/iter; left time: 4871.7356s
	iters: 1100, epoch: 3 | loss: 0.3504198
	speed: 0.0750s/iter; left time: 4862.1869s
	iters: 1200, epoch: 3 | loss: 0.3024991
	speed: 0.0750s/iter; left time: 4855.5739s
	iters: 1300, epoch: 3 | loss: 0.2802405
	speed: 0.0751s/iter; left time: 4850.9825s
	iters: 1400, epoch: 3 | loss: 0.3005944
	speed: 0.0750s/iter; left time: 4840.9964s
	iters: 1500, epoch: 3 | loss: 0.2790496
	speed: 0.0751s/iter; left time: 4835.5424s
	iters: 1600, epoch: 3 | loss: 0.3859455
	speed: 0.0751s/iter; left time: 4828.4503s
	iters: 1700, epoch: 3 | loss: 0.3221225
	speed: 0.0751s/iter; left time: 4819.7991s
	iters: 1800, epoch: 3 | loss: 0.3515811
	speed: 0.0751s/iter; left time: 4813.3925s
	iters: 1900, epoch: 3 | loss: 0.3327255
	speed: 0.0751s/iter; left time: 4805.3433s
	iters: 2000, epoch: 3 | loss: 0.3054937
	speed: 0.0751s/iter; left time: 4800.1493s
	iters: 2100, epoch: 3 | loss: 0.3478895
	speed: 0.0751s/iter; left time: 4791.0429s
	iters: 2200, epoch: 3 | loss: 0.2859614
	speed: 0.0751s/iter; left time: 4783.3937s
	iters: 2300, epoch: 3 | loss: 0.2889709
	speed: 0.0751s/iter; left time: 4775.3783s
	iters: 2400, epoch: 3 | loss: 0.2915417
	speed: 0.0751s/iter; left time: 4770.1912s
	iters: 2500, epoch: 3 | loss: 0.2782820
	speed: 0.0751s/iter; left time: 4763.4624s
	iters: 2600, epoch: 3 | loss: 0.2698259
	speed: 0.0751s/iter; left time: 4755.8008s
	iters: 2700, epoch: 3 | loss: 0.3339474
	speed: 0.0752s/iter; left time: 4751.9581s
	iters: 2800, epoch: 3 | loss: 0.3096899
	speed: 0.0752s/iter; left time: 4745.7036s
	iters: 2900, epoch: 3 | loss: 0.3553471
	speed: 0.0753s/iter; left time: 4742.9085s
	iters: 3000, epoch: 3 | loss: 0.3087255
	speed: 0.0753s/iter; left time: 4733.8918s
	iters: 3100, epoch: 3 | loss: 0.3347186
	speed: 0.0753s/iter; left time: 4726.2770s
	iters: 3200, epoch: 3 | loss: 0.2920538
	speed: 0.0753s/iter; left time: 4719.3381s
	iters: 3300, epoch: 3 | loss: 0.2719160
	speed: 0.0753s/iter; left time: 4712.8485s
	iters: 3400, epoch: 3 | loss: 0.2667261
	speed: 0.0753s/iter; left time: 4703.8831s
	iters: 3500, epoch: 3 | loss: 0.2823710
	speed: 0.0753s/iter; left time: 4699.1242s
	iters: 3600, epoch: 3 | loss: 0.2601084
	speed: 0.0752s/iter; left time: 4685.6542s
	iters: 3700, epoch: 3 | loss: 0.4079214
	speed: 0.0752s/iter; left time: 4678.3481s
	iters: 3800, epoch: 3 | loss: 0.2524962
	speed: 0.0752s/iter; left time: 4672.0444s
	iters: 3900, epoch: 3 | loss: 0.2630737
	speed: 0.0752s/iter; left time: 4663.7555s
	iters: 4000, epoch: 3 | loss: 0.2582749
	speed: 0.0752s/iter; left time: 4656.8308s
	iters: 4100, epoch: 3 | loss: 0.3206097
	speed: 0.0752s/iter; left time: 4650.8194s
	iters: 4200, epoch: 3 | loss: 0.3905827
	speed: 0.0753s/iter; left time: 4648.4757s
	iters: 4300, epoch: 3 | loss: 0.2862209
	speed: 0.0752s/iter; left time: 4635.5741s
	iters: 4400, epoch: 3 | loss: 0.2700809
	speed: 0.0752s/iter; left time: 4628.2336s
	iters: 4500, epoch: 3 | loss: 0.2838713
	speed: 0.0753s/iter; left time: 4620.7427s
	iters: 4600, epoch: 3 | loss: 0.2677367
	speed: 0.0753s/iter; left time: 4615.3765s
	iters: 4700, epoch: 3 | loss: 0.3197300
	speed: 0.0753s/iter; left time: 4607.4721s
	iters: 4800, epoch: 3 | loss: 0.3463699
	speed: 0.0752s/iter; left time: 4597.8557s
	iters: 4900, epoch: 3 | loss: 0.3524351
	speed: 0.0753s/iter; left time: 4593.2103s
	iters: 5000, epoch: 3 | loss: 0.2403763
	speed: 0.0752s/iter; left time: 4582.1641s
	iters: 5100, epoch: 3 | loss: 0.2979929
	speed: 0.0752s/iter; left time: 4573.6308s
	iters: 5200, epoch: 3 | loss: 0.3329509
	speed: 0.0752s/iter; left time: 4565.4309s
	iters: 5300, epoch: 3 | loss: 0.2930731
	speed: 0.0752s/iter; left time: 4557.8324s
	iters: 5400, epoch: 3 | loss: 0.3140402
	speed: 0.0752s/iter; left time: 4550.4865s
	iters: 5500, epoch: 3 | loss: 0.3042334
	speed: 0.0752s/iter; left time: 4542.3882s
	iters: 5600, epoch: 3 | loss: 0.2863319
	speed: 0.0753s/iter; left time: 4538.9678s
	iters: 5700, epoch: 3 | loss: 0.2847248
	speed: 0.0753s/iter; left time: 4532.2018s
	iters: 5800, epoch: 3 | loss: 0.2910163
	speed: 0.0753s/iter; left time: 4524.2327s
	iters: 5900, epoch: 3 | loss: 0.2886521
	speed: 0.0753s/iter; left time: 4516.9486s
	iters: 6000, epoch: 3 | loss: 0.2845408
	speed: 0.0752s/iter; left time: 4507.3351s
	iters: 6100, epoch: 3 | loss: 0.3252285
	speed: 0.0753s/iter; left time: 4500.6434s
	iters: 6200, epoch: 3 | loss: 0.2712080
	speed: 0.0752s/iter; left time: 4491.4419s
	iters: 6300, epoch: 3 | loss: 0.3173837
	speed: 0.0752s/iter; left time: 4482.6650s
	iters: 6400, epoch: 3 | loss: 0.2854539
	speed: 0.0752s/iter; left time: 4474.3291s
	iters: 6500, epoch: 3 | loss: 0.4060596
	speed: 0.0752s/iter; left time: 4467.3243s
	iters: 6600, epoch: 3 | loss: 0.2818405
	speed: 0.0753s/iter; left time: 4463.2296s
	iters: 6700, epoch: 3 | loss: 0.3234823
	speed: 0.0752s/iter; left time: 4452.9383s
	iters: 6800, epoch: 3 | loss: 0.3601169
	speed: 0.0752s/iter; left time: 4445.6269s
	iters: 6900, epoch: 3 | loss: 0.2726394
	speed: 0.0752s/iter; left time: 4439.3270s
	iters: 7000, epoch: 3 | loss: 0.2803117
	speed: 0.0752s/iter; left time: 4429.6448s
	iters: 7100, epoch: 3 | loss: 0.3536842
	speed: 0.0752s/iter; left time: 4420.7567s
	iters: 7200, epoch: 3 | loss: 0.3231003
	speed: 0.0752s/iter; left time: 4414.4503s
	iters: 7300, epoch: 3 | loss: 0.3011835
	speed: 0.0752s/iter; left time: 4409.0996s
	iters: 7400, epoch: 3 | loss: 0.3086650
	speed: 0.0752s/iter; left time: 4401.8157s
	iters: 7500, epoch: 3 | loss: 0.2763482
	speed: 0.0752s/iter; left time: 4394.6491s
	iters: 7600, epoch: 3 | loss: 0.2948650
	speed: 0.0752s/iter; left time: 4386.6980s
	iters: 7700, epoch: 3 | loss: 0.2864397
	speed: 0.0752s/iter; left time: 4379.6170s
	iters: 7800, epoch: 3 | loss: 0.2750300
	speed: 0.0753s/iter; left time: 4372.5421s
	iters: 7900, epoch: 3 | loss: 0.2757242
	speed: 0.0752s/iter; left time: 4363.7850s
	iters: 8000, epoch: 3 | loss: 0.2547723
	speed: 0.0753s/iter; left time: 4357.9567s
	iters: 8100, epoch: 3 | loss: 0.3720394
	speed: 0.0752s/iter; left time: 4349.3019s
	iters: 8200, epoch: 3 | loss: 0.3868579
	speed: 0.0753s/iter; left time: 4344.5092s
Epoch: 3 cost time: 620.1736924648285
Epoch: 3, Steps: 8238 | Train Loss: 0.3011068 Vali Loss: 0.3820791 Test Loss: 35.2071342
EarlyStopping counter: 2 out of 3
Updating learning rate to 0.00025
	iters: 100, epoch: 4 | loss: 0.3587586
	speed: 2.9261s/iter; left time: 168446.9440s
	iters: 200, epoch: 4 | loss: 0.2944302
	speed: 0.0751s/iter; left time: 4317.3231s
	iters: 300, epoch: 4 | loss: 0.2933573
	speed: 0.0753s/iter; left time: 4316.9553s
	iters: 400, epoch: 4 | loss: 0.3643530
	speed: 0.0751s/iter; left time: 4302.6610s
	iters: 500, epoch: 4 | loss: 0.3048545
	speed: 0.0751s/iter; left time: 4294.6736s
	iters: 600, epoch: 4 | loss: 0.2811277
	speed: 0.0752s/iter; left time: 4291.9549s
	iters: 700, epoch: 4 | loss: 0.3474389
	speed: 0.0752s/iter; left time: 4285.7787s
	iters: 800, epoch: 4 | loss: 0.3442247
	speed: 0.0753s/iter; left time: 4281.1216s
	iters: 900, epoch: 4 | loss: 0.2762010
	speed: 0.0753s/iter; left time: 4271.8209s
	iters: 1000, epoch: 4 | loss: 0.2922613
	speed: 0.0752s/iter; left time: 4263.4835s
	iters: 1100, epoch: 4 | loss: 0.2831703
	speed: 0.0753s/iter; left time: 4259.8525s
	iters: 1200, epoch: 4 | loss: 0.3136632
	speed: 0.0753s/iter; left time: 4251.9115s
	iters: 1300, epoch: 4 | loss: 0.2930492
	speed: 0.0753s/iter; left time: 4243.6416s
	iters: 1400, epoch: 4 | loss: 0.2787033
	speed: 0.0753s/iter; left time: 4235.2843s
	iters: 1500, epoch: 4 | loss: 0.2911470
	speed: 0.0753s/iter; left time: 4230.7920s
	iters: 1600, epoch: 4 | loss: 0.2609676
	speed: 0.0753s/iter; left time: 4221.8125s
	iters: 1700, epoch: 4 | loss: 0.2963573
	speed: 0.0753s/iter; left time: 4214.9553s
	iters: 1800, epoch: 4 | loss: 0.2873162
	speed: 0.0753s/iter; left time: 4209.4059s
	iters: 1900, epoch: 4 | loss: 0.3170573
	speed: 0.0753s/iter; left time: 4200.3126s
	iters: 2000, epoch: 4 | loss: 0.3108835
	speed: 0.0753s/iter; left time: 4192.5773s
	iters: 2100, epoch: 4 | loss: 0.3490735
	speed: 0.0753s/iter; left time: 4184.3847s
	iters: 2200, epoch: 4 | loss: 0.2865338
	speed: 0.0753s/iter; left time: 4178.1516s
	iters: 2300, epoch: 4 | loss: 0.2933269
	speed: 0.0753s/iter; left time: 4170.5280s
	iters: 2400, epoch: 4 | loss: 0.3561857
	speed: 0.0753s/iter; left time: 4161.5134s
	iters: 2500, epoch: 4 | loss: 0.2981694
	speed: 0.0753s/iter; left time: 4154.1301s
	iters: 2600, epoch: 4 | loss: 0.2588604
	speed: 0.0754s/iter; left time: 4149.4853s
	iters: 2700, epoch: 4 | loss: 0.2987050
	speed: 0.0754s/iter; left time: 4142.1365s
	iters: 2800, epoch: 4 | loss: 0.3387505
	speed: 0.0754s/iter; left time: 4135.3870s
	iters: 2900, epoch: 4 | loss: 0.2262546
	speed: 0.0754s/iter; left time: 4129.4976s
	iters: 3000, epoch: 4 | loss: 0.2783867
	speed: 0.0753s/iter; left time: 4116.5301s
	iters: 3100, epoch: 4 | loss: 0.3153796
	speed: 0.0753s/iter; left time: 4108.4870s
	iters: 3200, epoch: 4 | loss: 0.2696952
	speed: 0.0753s/iter; left time: 4099.1836s
	iters: 3300, epoch: 4 | loss: 0.3252664
	speed: 0.0753s/iter; left time: 4091.9321s
	iters: 3400, epoch: 4 | loss: 0.2830453
	speed: 0.0753s/iter; left time: 4084.9974s
	iters: 3500, epoch: 4 | loss: 0.2642524
	speed: 0.0753s/iter; left time: 4076.4805s
	iters: 3600, epoch: 4 | loss: 0.2478469
	speed: 0.0753s/iter; left time: 4071.8152s
	iters: 3700, epoch: 4 | loss: 0.2685223
	speed: 0.0753s/iter; left time: 4061.2503s
	iters: 3800, epoch: 4 | loss: 0.2745872
	speed: 0.0752s/iter; left time: 4050.2607s
	iters: 3900, epoch: 4 | loss: 0.3253991
	speed: 0.0751s/iter; left time: 4039.8198s
	iters: 4000, epoch: 4 | loss: 0.2873420
	speed: 0.0752s/iter; left time: 4035.3766s
	iters: 4100, epoch: 4 | loss: 0.2877059
	speed: 0.0753s/iter; left time: 4031.2059s
	iters: 4200, epoch: 4 | loss: 0.2849932
	speed: 0.0753s/iter; left time: 4025.4268s
	iters: 4300, epoch: 4 | loss: 0.3144329
	speed: 0.0752s/iter; left time: 4014.2445s
	iters: 4400, epoch: 4 | loss: 0.2714104
	speed: 0.0752s/iter; left time: 4007.6686s
	iters: 4500, epoch: 4 | loss: 0.2676502
	speed: 0.0752s/iter; left time: 3999.0249s
	iters: 4600, epoch: 4 | loss: 0.2624875
	speed: 0.0753s/iter; left time: 3995.1651s
	iters: 4700, epoch: 4 | loss: 0.2784365
	speed: 0.0753s/iter; left time: 3986.9183s
	iters: 4800, epoch: 4 | loss: 0.2978105
	speed: 0.0753s/iter; left time: 3979.7140s
	iters: 4900, epoch: 4 | loss: 0.2517519
	speed: 0.0753s/iter; left time: 3972.7191s
	iters: 5000, epoch: 4 | loss: 0.3019807
	speed: 0.0753s/iter; left time: 3965.2155s
	iters: 5100, epoch: 4 | loss: 0.3444955
	speed: 0.0753s/iter; left time: 3955.8705s
	iters: 5200, epoch: 4 | loss: 0.2882318
	speed: 0.0753s/iter; left time: 3948.5066s
	iters: 5300, epoch: 4 | loss: 0.2891795
	speed: 0.0752s/iter; left time: 3939.1086s
	iters: 5400, epoch: 4 | loss: 0.3323710
	speed: 0.0752s/iter; left time: 3928.4095s
	iters: 5500, epoch: 4 | loss: 0.3240731
	speed: 0.0751s/iter; left time: 3917.8024s
	iters: 5600, epoch: 4 | loss: 0.2767197
	speed: 0.0751s/iter; left time: 3911.3575s
	iters: 5700, epoch: 4 | loss: 0.3155685
	speed: 0.0751s/iter; left time: 3903.2862s
	iters: 5800, epoch: 4 | loss: 0.2773916
	speed: 0.0751s/iter; left time: 3896.1703s
	iters: 5900, epoch: 4 | loss: 0.2743933
	speed: 0.0752s/iter; left time: 3890.7578s
	iters: 6000, epoch: 4 | loss: 0.2491382
	speed: 0.0752s/iter; left time: 3884.0773s
	iters: 6100, epoch: 4 | loss: 0.3073859
	speed: 0.0751s/iter; left time: 3874.4760s
	iters: 6200, epoch: 4 | loss: 0.2900237
	speed: 0.0751s/iter; left time: 3865.9897s
	iters: 6300, epoch: 4 | loss: 0.2845534
	speed: 0.0751s/iter; left time: 3858.3909s
	iters: 6400, epoch: 4 | loss: 0.3441242
	speed: 0.0751s/iter; left time: 3850.5618s
	iters: 6500, epoch: 4 | loss: 0.3925671
	speed: 0.0751s/iter; left time: 3843.7013s
	iters: 6600, epoch: 4 | loss: 0.2781976
	speed: 0.0751s/iter; left time: 3834.7124s
	iters: 6700, epoch: 4 | loss: 0.2725572
	speed: 0.0751s/iter; left time: 3829.5899s
	iters: 6800, epoch: 4 | loss: 0.3332825
	speed: 0.0751s/iter; left time: 3821.3733s
	iters: 6900, epoch: 4 | loss: 0.2684615
	speed: 0.0751s/iter; left time: 3812.6311s
	iters: 7000, epoch: 4 | loss: 0.2834744
	speed: 0.0751s/iter; left time: 3805.3006s
	iters: 7100, epoch: 4 | loss: 0.2866152
	speed: 0.0751s/iter; left time: 3798.2492s
	iters: 7200, epoch: 4 | loss: 0.3165618
	speed: 0.0752s/iter; left time: 3794.0971s
	iters: 7300, epoch: 4 | loss: 0.2654541
	speed: 0.0752s/iter; left time: 3789.1272s
	iters: 7400, epoch: 4 | loss: 0.2617680
	speed: 0.0753s/iter; left time: 3784.4906s
	iters: 7500, epoch: 4 | loss: 0.2817094
	speed: 0.0752s/iter; left time: 3774.0894s
	iters: 7600, epoch: 4 | loss: 0.3375351
	speed: 0.0752s/iter; left time: 3763.8565s
	iters: 7700, epoch: 4 | loss: 0.2852906
	speed: 0.0752s/iter; left time: 3755.5031s
	iters: 7800, epoch: 4 | loss: 0.2563128
	speed: 0.0751s/iter; left time: 3746.7657s
	iters: 7900, epoch: 4 | loss: 0.2806602
	speed: 0.0751s/iter; left time: 3738.6277s
	iters: 8000, epoch: 4 | loss: 0.3172370
	speed: 0.0751s/iter; left time: 3731.6338s
	iters: 8100, epoch: 4 | loss: 0.3415332
	speed: 0.0751s/iter; left time: 3723.9516s
	iters: 8200, epoch: 4 | loss: 0.2367538
	speed: 0.0752s/iter; left time: 3719.3044s
Epoch: 4 cost time: 620.4806666374207
Epoch: 4, Steps: 8238 | Train Loss: 0.2956700 Vali Loss: 0.3689770 Test Loss: 34.9492378
Validation loss decreased (0.376833 --> 0.368977).  Saving model ...
Updating learning rate to 0.000125
	iters: 100, epoch: 5 | loss: 0.3215451
	speed: 3.0112s/iter; left time: 148539.6420s
	iters: 200, epoch: 5 | loss: 0.2924774
	speed: 0.0751s/iter; left time: 3696.6029s
	iters: 300, epoch: 5 | loss: 0.3210740
	speed: 0.0754s/iter; left time: 3703.0341s
	iters: 400, epoch: 5 | loss: 0.2836980
	speed: 0.0750s/iter; left time: 3675.3457s
	iters: 500, epoch: 5 | loss: 0.2911516
	speed: 0.0750s/iter; left time: 3668.4169s
	iters: 600, epoch: 5 | loss: 0.2807590
	speed: 0.0755s/iter; left time: 3685.1483s
	iters: 700, epoch: 5 | loss: 0.2627834
	speed: 0.0756s/iter; left time: 3681.9803s
	iters: 800, epoch: 5 | loss: 0.3081463
	speed: 0.0756s/iter; left time: 3676.6214s
	iters: 900, epoch: 5 | loss: 0.2578133
	speed: 0.0755s/iter; left time: 3666.1048s
	iters: 1000, epoch: 5 | loss: 0.3301980
	speed: 0.0750s/iter; left time: 3629.9967s
	iters: 1100, epoch: 5 | loss: 0.3094427
	speed: 0.0750s/iter; left time: 3625.3861s
	iters: 1200, epoch: 5 | loss: 0.2741905
	speed: 0.0751s/iter; left time: 3620.1672s
	iters: 1300, epoch: 5 | loss: 0.3374492
	speed: 0.0750s/iter; left time: 3611.1441s
	iters: 1400, epoch: 5 | loss: 0.3065809
	speed: 0.0751s/iter; left time: 3608.8062s
	iters: 1500, epoch: 5 | loss: 0.3185642
	speed: 0.0750s/iter; left time: 3593.2880s
	iters: 1600, epoch: 5 | loss: 0.2285968
	speed: 0.0749s/iter; left time: 3582.4121s
	iters: 1700, epoch: 5 | loss: 0.2738148
	speed: 0.0749s/iter; left time: 3573.7358s
	iters: 1800, epoch: 5 | loss: 0.2717449
	speed: 0.0747s/iter; left time: 3556.9488s
	iters: 1900, epoch: 5 | loss: 0.2878373
	speed: 0.0745s/iter; left time: 3541.1969s
	iters: 2000, epoch: 5 | loss: 0.2704629
	speed: 0.0745s/iter; left time: 3534.9818s
	iters: 2100, epoch: 5 | loss: 0.4046925
	speed: 0.0746s/iter; left time: 3529.8927s
	iters: 2200, epoch: 5 | loss: 0.3123561
	speed: 0.0745s/iter; left time: 3517.1921s
	iters: 2300, epoch: 5 | loss: 0.2621768
	speed: 0.0742s/iter; left time: 3498.6524s
	iters: 2400, epoch: 5 | loss: 0.2606866
	speed: 0.0744s/iter; left time: 3500.9971s
	iters: 2500, epoch: 5 | loss: 0.2688462
	speed: 0.0743s/iter; left time: 3484.6025s
	iters: 2600, epoch: 5 | loss: 0.2737652
	speed: 0.0744s/iter; left time: 3486.0418s
	iters: 2700, epoch: 5 | loss: 0.3410615
	speed: 0.0745s/iter; left time: 3481.0996s
	iters: 2800, epoch: 5 | loss: 0.3137150
	speed: 0.0746s/iter; left time: 3478.1136s
	iters: 2900, epoch: 5 | loss: 0.3535842
	speed: 0.0746s/iter; left time: 3468.7418s
	iters: 3000, epoch: 5 | loss: 0.2877335
	speed: 0.0745s/iter; left time: 3459.2967s
	iters: 3100, epoch: 5 | loss: 0.2900721
	speed: 0.0744s/iter; left time: 3444.5695s
	iters: 3200, epoch: 5 | loss: 0.2877093
	speed: 0.0744s/iter; left time: 3438.3365s
	iters: 3300, epoch: 5 | loss: 0.2929630
	speed: 0.0743s/iter; left time: 3428.2076s
	iters: 3400, epoch: 5 | loss: 0.2438221
	speed: 0.0744s/iter; left time: 3425.5018s
	iters: 3500, epoch: 5 | loss: 0.2305032
	speed: 0.0744s/iter; left time: 3418.4436s
	iters: 3600, epoch: 5 | loss: 0.2890545
	speed: 0.0743s/iter; left time: 3404.5837s
	iters: 3700, epoch: 5 | loss: 0.2746198
	speed: 0.0744s/iter; left time: 3404.3965s
	iters: 3800, epoch: 5 | loss: 0.2982815
	speed: 0.0745s/iter; left time: 3401.2778s
	iters: 3900, epoch: 5 | loss: 0.2851384
	speed: 0.0742s/iter; left time: 3376.2039s
	iters: 4000, epoch: 5 | loss: 0.2914733
	speed: 0.0742s/iter; left time: 3371.0828s
	iters: 4100, epoch: 5 | loss: 0.3299778
	speed: 0.0741s/iter; left time: 3359.7112s
	iters: 4200, epoch: 5 | loss: 0.2706432
	speed: 0.0740s/iter; left time: 3348.7811s
	iters: 4300, epoch: 5 | loss: 0.2435402
	speed: 0.0742s/iter; left time: 3346.9781s
	iters: 4400, epoch: 5 | loss: 0.2847227
	speed: 0.0742s/iter; left time: 3343.1471s
	iters: 4500, epoch: 5 | loss: 0.3036086
	speed: 0.0742s/iter; left time: 3335.8411s
	iters: 4600, epoch: 5 | loss: 0.3251051
	speed: 0.0744s/iter; left time: 3334.7400s
	iters: 4700, epoch: 5 | loss: 0.2726548
	speed: 0.0742s/iter; left time: 3319.6732s
	iters: 4800, epoch: 5 | loss: 0.2924847
	speed: 0.0742s/iter; left time: 3313.4875s
	iters: 4900, epoch: 5 | loss: 0.2610335
	speed: 0.0743s/iter; left time: 3307.6249s
	iters: 5000, epoch: 5 | loss: 0.2506499
	speed: 0.0744s/iter; left time: 3307.1744s
	iters: 5100, epoch: 5 | loss: 0.2772115
	speed: 0.0744s/iter; left time: 3297.3802s
	iters: 5200, epoch: 5 | loss: 0.2732362
	speed: 0.0743s/iter; left time: 3285.0285s
	iters: 5300, epoch: 5 | loss: 0.2523843
	speed: 0.0741s/iter; left time: 3272.0448s
	iters: 5400, epoch: 5 | loss: 0.3349708
	speed: 0.0743s/iter; left time: 3273.1339s
	iters: 5500, epoch: 5 | loss: 0.2649636
	speed: 0.0742s/iter; left time: 3258.6261s
	iters: 5600, epoch: 5 | loss: 0.3019931
	speed: 0.0743s/iter; left time: 3256.4171s
	iters: 5700, epoch: 5 | loss: 0.2991025
	speed: 0.0743s/iter; left time: 3248.2620s
	iters: 5800, epoch: 5 | loss: 0.3083068
	speed: 0.0743s/iter; left time: 3240.2232s
	iters: 5900, epoch: 5 | loss: 0.3078290
	speed: 0.0741s/iter; left time: 3226.1860s
	iters: 6000, epoch: 5 | loss: 0.2780839
	speed: 0.0741s/iter; left time: 3219.3503s
	iters: 6100, epoch: 5 | loss: 0.3135926
	speed: 0.0740s/iter; left time: 3206.4661s
	iters: 6200, epoch: 5 | loss: 0.2301364
	speed: 0.0742s/iter; left time: 3206.6172s
	iters: 6300, epoch: 5 | loss: 0.2563172
	speed: 0.0741s/iter; left time: 3197.7840s
	iters: 6400, epoch: 5 | loss: 0.3586198
	speed: 0.0740s/iter; left time: 3185.0918s
	iters: 6500, epoch: 5 | loss: 0.2692729
	speed: 0.0744s/iter; left time: 3195.9905s
	iters: 6600, epoch: 5 | loss: 0.2649757
	speed: 0.0743s/iter; left time: 3182.9124s
	iters: 6700, epoch: 5 | loss: 0.3290623
	speed: 0.0742s/iter; left time: 3171.1029s
	iters: 6800, epoch: 5 | loss: 0.2631658
	speed: 0.0741s/iter; left time: 3160.0238s
	iters: 6900, epoch: 5 | loss: 0.2911528
	speed: 0.0743s/iter; left time: 3158.9214s
	iters: 7000, epoch: 5 | loss: 0.4200204
	speed: 0.0739s/iter; left time: 3134.3878s
	iters: 7100, epoch: 5 | loss: 0.3225407
	speed: 0.0741s/iter; left time: 3135.9519s
	iters: 7200, epoch: 5 | loss: 0.2680350
	speed: 0.0742s/iter; left time: 3131.4492s
	iters: 7300, epoch: 5 | loss: 0.3111507
	speed: 0.0742s/iter; left time: 3126.7480s
	iters: 7400, epoch: 5 | loss: 0.2279741
	speed: 0.0740s/iter; left time: 3110.0053s
	iters: 7500, epoch: 5 | loss: 0.2883883
	speed: 0.0739s/iter; left time: 3099.8540s
	iters: 7600, epoch: 5 | loss: 0.2689239
	speed: 0.0739s/iter; left time: 3090.1706s
	iters: 7700, epoch: 5 | loss: 0.3884655
	speed: 0.0739s/iter; left time: 3085.4337s
	iters: 7800, epoch: 5 | loss: 0.2838135
	speed: 0.0739s/iter; left time: 3075.5372s
	iters: 7900, epoch: 5 | loss: 0.2514040
	speed: 0.0740s/iter; left time: 3074.7358s
	iters: 8000, epoch: 5 | loss: 0.2777880
	speed: 0.0741s/iter; left time: 3071.9190s
	iters: 8100, epoch: 5 | loss: 0.3181243
	speed: 0.0740s/iter; left time: 3056.3856s
	iters: 8200, epoch: 5 | loss: 0.2718242
	speed: 0.0741s/iter; left time: 3054.2674s
Epoch: 5 cost time: 614.0193490982056
Epoch: 5, Steps: 8238 | Train Loss: 0.2880590 Vali Loss: 0.3594117 Test Loss: 34.1237450
Validation loss decreased (0.368977 --> 0.359412).  Saving model ...
Updating learning rate to 6.25e-05
	iters: 100, epoch: 6 | loss: 0.2565062
	speed: 3.3315s/iter; left time: 136896.6311s
	iters: 200, epoch: 6 | loss: 0.2549177
	speed: 0.0754s/iter; left time: 3089.3094s
	iters: 300, epoch: 6 | loss: 0.3300105
	speed: 0.0753s/iter; left time: 3080.6689s
	iters: 400, epoch: 6 | loss: 0.2948278
	speed: 0.0753s/iter; left time: 3072.4111s
	iters: 500, epoch: 6 | loss: 0.2719601
	speed: 0.0752s/iter; left time: 3061.9142s
	iters: 600, epoch: 6 | loss: 0.2937834
	speed: 0.0753s/iter; left time: 3055.5977s
	iters: 700, epoch: 6 | loss: 0.2975525
	speed: 0.0753s/iter; left time: 3050.5894s
	iters: 800, epoch: 6 | loss: 0.2646571
	speed: 0.0753s/iter; left time: 3040.3482s
	iters: 900, epoch: 6 | loss: 0.3020252
	speed: 0.0754s/iter; left time: 3035.9797s
	iters: 1000, epoch: 6 | loss: 0.2717144
	speed: 0.0753s/iter; left time: 3024.8196s
	iters: 1100, epoch: 6 | loss: 0.3628286
	speed: 0.0753s/iter; left time: 3019.2219s
	iters: 1200, epoch: 6 | loss: 0.3262889
	speed: 0.0753s/iter; left time: 3012.0645s
	iters: 1300, epoch: 6 | loss: 0.2861130
	speed: 0.0753s/iter; left time: 3004.4632s
	iters: 1400, epoch: 6 | loss: 0.2410171
	speed: 0.0753s/iter; left time: 2996.5657s
	iters: 1500, epoch: 6 | loss: 0.3557451
	speed: 0.0754s/iter; left time: 2992.3215s
	iters: 1600, epoch: 6 | loss: 0.2577356
	speed: 0.0753s/iter; left time: 2979.8137s
	iters: 1700, epoch: 6 | loss: 0.2706875
	speed: 0.0753s/iter; left time: 2973.6216s
	iters: 1800, epoch: 6 | loss: 0.2891362
	speed: 0.0753s/iter; left time: 2967.6981s
	iters: 1900, epoch: 6 | loss: 0.2825626
	speed: 0.0754s/iter; left time: 2961.5904s
	iters: 2000, epoch: 6 | loss: 0.2389113
	speed: 0.0754s/iter; left time: 2955.9010s
	iters: 2100, epoch: 6 | loss: 0.2619813
	speed: 0.0754s/iter; left time: 2947.4365s
	iters: 2200, epoch: 6 | loss: 0.2863355
	speed: 0.0754s/iter; left time: 2940.2617s
	iters: 2300, epoch: 6 | loss: 0.2625576
	speed: 0.0754s/iter; left time: 2933.4405s
	iters: 2400, epoch: 6 | loss: 0.2838644
	speed: 0.0754s/iter; left time: 2924.4905s
	iters: 2500, epoch: 6 | loss: 0.2602867
	speed: 0.0755s/iter; left time: 2920.8808s
	iters: 2600, epoch: 6 | loss: 0.2975165
	speed: 0.0754s/iter; left time: 2910.6100s
	iters: 2700, epoch: 6 | loss: 0.2399975
	speed: 0.0754s/iter; left time: 2902.4555s
	iters: 2800, epoch: 6 | loss: 0.2623027
	speed: 0.0754s/iter; left time: 2894.4797s
	iters: 2900, epoch: 6 | loss: 0.2816812
	speed: 0.0754s/iter; left time: 2888.1439s
	iters: 3000, epoch: 6 | loss: 0.3063033
	speed: 0.0754s/iter; left time: 2880.6480s
	iters: 3100, epoch: 6 | loss: 0.2775692
	speed: 0.0754s/iter; left time: 2873.2734s
	iters: 3200, epoch: 6 | loss: 0.3035892
	speed: 0.0754s/iter; left time: 2863.1009s
	iters: 3300, epoch: 6 | loss: 0.2840107
	speed: 0.0754s/iter; left time: 2855.8923s
	iters: 3400, epoch: 6 | loss: 0.2669284
	speed: 0.0755s/iter; left time: 2851.6091s
	iters: 3500, epoch: 6 | loss: 0.2879466
	speed: 0.0754s/iter; left time: 2841.7511s
	iters: 3600, epoch: 6 | loss: 0.2424567
	speed: 0.0755s/iter; left time: 2836.8583s
	iters: 3700, epoch: 6 | loss: 0.2916262
	speed: 0.0754s/iter; left time: 2827.4074s
	iters: 3800, epoch: 6 | loss: 0.3034719
	speed: 0.0754s/iter; left time: 2819.5490s
	iters: 3900, epoch: 6 | loss: 0.2533656
	speed: 0.0754s/iter; left time: 2810.1839s
	iters: 4000, epoch: 6 | loss: 0.2690369
	speed: 0.0754s/iter; left time: 2802.5005s
	iters: 4100, epoch: 6 | loss: 0.2587786
	speed: 0.0753s/iter; left time: 2794.4996s
	iters: 4200, epoch: 6 | loss: 0.2612042
	speed: 0.0753s/iter; left time: 2785.5425s
	iters: 4300, epoch: 6 | loss: 0.2491927
	speed: 0.0755s/iter; left time: 2784.5324s
	iters: 4400, epoch: 6 | loss: 0.2479261
	speed: 0.0753s/iter; left time: 2770.3876s
	iters: 4500, epoch: 6 | loss: 0.2635165
	speed: 0.0753s/iter; left time: 2762.6285s
	iters: 4600, epoch: 6 | loss: 0.3015055
	speed: 0.0753s/iter; left time: 2756.7364s
	iters: 4700, epoch: 6 | loss: 0.2454485
	speed: 0.0754s/iter; left time: 2749.9068s
	iters: 4800, epoch: 6 | loss: 0.2617053
	speed: 0.0754s/iter; left time: 2742.6396s
	iters: 4900, epoch: 6 | loss: 0.2919698
	speed: 0.0753s/iter; left time: 2734.4037s
	iters: 5000, epoch: 6 | loss: 0.2805929
	speed: 0.0754s/iter; left time: 2727.0615s
	iters: 5100, epoch: 6 | loss: 0.3082653
	speed: 0.0753s/iter; left time: 2718.3615s
	iters: 5200, epoch: 6 | loss: 0.2871550
	speed: 0.0754s/iter; left time: 2713.8375s
	iters: 5300, epoch: 6 | loss: 0.2930231
	speed: 0.0754s/iter; left time: 2704.8852s
	iters: 5400, epoch: 6 | loss: 0.2902973
	speed: 0.0753s/iter; left time: 2696.0089s
	iters: 5500, epoch: 6 | loss: 0.2943631
	speed: 0.0753s/iter; left time: 2689.0430s
	iters: 5600, epoch: 6 | loss: 0.2253159
	speed: 0.0754s/iter; left time: 2684.5678s
	iters: 5700, epoch: 6 | loss: 0.2307445
	speed: 0.0754s/iter; left time: 2677.3657s
	iters: 5800, epoch: 6 | loss: 0.2617626
	speed: 0.0753s/iter; left time: 2664.4183s
	iters: 5900, epoch: 6 | loss: 0.3120428
	speed: 0.0754s/iter; left time: 2660.0581s
	iters: 6000, epoch: 6 | loss: 0.2694690
	speed: 0.0753s/iter; left time: 2649.4113s
	iters: 6100, epoch: 6 | loss: 0.2857099
	speed: 0.0753s/iter; left time: 2643.0101s
	iters: 6200, epoch: 6 | loss: 0.2726680
	speed: 0.0754s/iter; left time: 2638.3491s
	iters: 6300, epoch: 6 | loss: 0.2695768
	speed: 0.0753s/iter; left time: 2628.3350s
	iters: 6400, epoch: 6 | loss: 0.2983968
	speed: 0.0754s/iter; left time: 2622.5519s
	iters: 6500, epoch: 6 | loss: 0.3187508
	speed: 0.0754s/iter; left time: 2614.8423s
	iters: 6600, epoch: 6 | loss: 0.2452175
	speed: 0.0753s/iter; left time: 2603.8770s
	iters: 6700, epoch: 6 | loss: 0.2937119
	speed: 0.0754s/iter; left time: 2599.2896s
	iters: 6800, epoch: 6 | loss: 0.2983171
	speed: 0.0753s/iter; left time: 2589.8005s
	iters: 6900, epoch: 6 | loss: 0.2629630
	speed: 0.0753s/iter; left time: 2581.1893s
	iters: 7000, epoch: 6 | loss: 0.2640937
	speed: 0.0753s/iter; left time: 2573.5824s
	iters: 7100, epoch: 6 | loss: 0.2282968
	speed: 0.0753s/iter; left time: 2566.6526s
	iters: 7200, epoch: 6 | loss: 0.2996327
	speed: 0.0753s/iter; left time: 2560.6705s
	iters: 7300, epoch: 6 | loss: 0.2778609
	speed: 0.0754s/iter; left time: 2554.0845s
	iters: 7400, epoch: 6 | loss: 0.2339192
	speed: 0.0754s/iter; left time: 2548.8112s
	iters: 7500, epoch: 6 | loss: 0.2832990
	speed: 0.0754s/iter; left time: 2539.8762s
	iters: 7600, epoch: 6 | loss: 0.2993567
	speed: 0.0752s/iter; left time: 2526.9863s
	iters: 7700, epoch: 6 | loss: 0.2761070
	speed: 0.0753s/iter; left time: 2520.7930s
	iters: 7800, epoch: 6 | loss: 0.2790159
	speed: 0.0753s/iter; left time: 2514.7493s
	iters: 7900, epoch: 6 | loss: 0.2445263
	speed: 0.0753s/iter; left time: 2505.5677s
	iters: 8000, epoch: 6 | loss: 0.3193036
	speed: 0.0752s/iter; left time: 2496.6350s
	iters: 8100, epoch: 6 | loss: 0.2778270
	speed: 0.0752s/iter; left time: 2488.4119s
	iters: 8200, epoch: 6 | loss: 0.2191438
	speed: 0.0751s/iter; left time: 2478.8507s
Epoch: 6 cost time: 621.5336256027222
Epoch: 6, Steps: 8238 | Train Loss: 0.2816285 Vali Loss: 0.3524434 Test Loss: 33.8122520
Validation loss decreased (0.359412 --> 0.352443).  Saving model ...
Updating learning rate to 3.125e-05
	iters: 100, epoch: 7 | loss: 0.2735410
	speed: 3.2727s/iter; left time: 107517.0059s
	iters: 200, epoch: 7 | loss: 0.3151495
	speed: 0.0751s/iter; left time: 2461.1756s
	iters: 300, epoch: 7 | loss: 0.2806046
	speed: 0.0751s/iter; left time: 2452.7343s
	iters: 400, epoch: 7 | loss: 0.2489118
	speed: 0.0752s/iter; left time: 2447.8674s
	iters: 500, epoch: 7 | loss: 0.2645580
	speed: 0.0752s/iter; left time: 2441.0218s
	iters: 600, epoch: 7 | loss: 0.2801434
	speed: 0.0752s/iter; left time: 2432.5733s
	iters: 700, epoch: 7 | loss: 0.2826222
	speed: 0.0753s/iter; left time: 2427.1379s
	iters: 800, epoch: 7 | loss: 0.3128209
	speed: 0.0752s/iter; left time: 2419.3219s
	iters: 900, epoch: 7 | loss: 0.2526202
	speed: 0.0753s/iter; left time: 2412.1258s
	iters: 1000, epoch: 7 | loss: 0.2890900
	speed: 0.0753s/iter; left time: 2405.5256s
	iters: 1100, epoch: 7 | loss: 0.2752569
	speed: 0.0753s/iter; left time: 2397.6687s
	iters: 1200, epoch: 7 | loss: 0.2624528
	speed: 0.0753s/iter; left time: 2389.8960s
	iters: 1300, epoch: 7 | loss: 0.2469043
	speed: 0.0753s/iter; left time: 2383.3263s
	iters: 1400, epoch: 7 | loss: 0.2399144
	speed: 0.0753s/iter; left time: 2375.7017s
	iters: 1500, epoch: 7 | loss: 0.2743733
	speed: 0.0753s/iter; left time: 2367.9725s
	iters: 1600, epoch: 7 | loss: 0.2893933
	speed: 0.0753s/iter; left time: 2359.7552s
	iters: 1700, epoch: 7 | loss: 0.3460449
	speed: 0.0753s/iter; left time: 2352.8151s
	iters: 1800, epoch: 7 | loss: 0.2925157
	speed: 0.0753s/iter; left time: 2344.3838s
	iters: 1900, epoch: 7 | loss: 0.2522804
	speed: 0.0753s/iter; left time: 2337.8050s
	iters: 2000, epoch: 7 | loss: 0.2739846
	speed: 0.0753s/iter; left time: 2329.6662s
	iters: 2100, epoch: 7 | loss: 0.2797994
	speed: 0.0753s/iter; left time: 2322.4180s
	iters: 2200, epoch: 7 | loss: 0.2838103
	speed: 0.0754s/iter; left time: 2317.5615s
	iters: 2300, epoch: 7 | loss: 0.3063284
	speed: 0.0755s/iter; left time: 2315.2353s
	iters: 2400, epoch: 7 | loss: 0.2578560
	speed: 0.0752s/iter; left time: 2297.0857s
	iters: 2500, epoch: 7 | loss: 0.3010237
	speed: 0.0752s/iter; left time: 2289.2849s
	iters: 2600, epoch: 7 | loss: 0.2822945
	speed: 0.0752s/iter; left time: 2283.7115s
	iters: 2700, epoch: 7 | loss: 0.2357446
	speed: 0.0752s/iter; left time: 2274.6831s
	iters: 2800, epoch: 7 | loss: 0.2957065
	speed: 0.0752s/iter; left time: 2268.2084s
	iters: 2900, epoch: 7 | loss: 0.2380324
	speed: 0.0752s/iter; left time: 2260.1308s
	iters: 3000, epoch: 7 | loss: 0.2681575
	speed: 0.0752s/iter; left time: 2252.5130s
	iters: 3100, epoch: 7 | loss: 0.2612363
	speed: 0.0752s/iter; left time: 2244.2765s
	iters: 3200, epoch: 7 | loss: 0.2715013
	speed: 0.0752s/iter; left time: 2237.8462s
	iters: 3300, epoch: 7 | loss: 0.3007157
	speed: 0.0752s/iter; left time: 2229.1160s
	iters: 3400, epoch: 7 | loss: 0.2830024
	speed: 0.0752s/iter; left time: 2223.1573s
	iters: 3500, epoch: 7 | loss: 0.2775081
	speed: 0.0753s/iter; left time: 2217.5488s
	iters: 3600, epoch: 7 | loss: 0.2785940
	speed: 0.0753s/iter; left time: 2210.7305s
	iters: 3700, epoch: 7 | loss: 0.3076985
	speed: 0.0751s/iter; left time: 2196.8708s
	iters: 3800, epoch: 7 | loss: 0.2686879
	speed: 0.0752s/iter; left time: 2191.4972s
	iters: 3900, epoch: 7 | loss: 0.2203852
	speed: 0.0752s/iter; left time: 2184.3186s
	iters: 4000, epoch: 7 | loss: 0.2934560
	speed: 0.0751s/iter; left time: 2175.5898s
	iters: 4100, epoch: 7 | loss: 0.2536420
	speed: 0.0752s/iter; left time: 2169.2022s
	iters: 4200, epoch: 7 | loss: 0.2542684
	speed: 0.0752s/iter; left time: 2161.5102s
	iters: 4300, epoch: 7 | loss: 0.2821262
	speed: 0.0752s/iter; left time: 2154.1180s
	iters: 4400, epoch: 7 | loss: 0.2599672
	speed: 0.0752s/iter; left time: 2146.4758s
	iters: 4500, epoch: 7 | loss: 0.2690135
	speed: 0.0752s/iter; left time: 2140.3246s
	iters: 4600, epoch: 7 | loss: 0.3679475
	speed: 0.0752s/iter; left time: 2131.0344s
	iters: 4700, epoch: 7 | loss: 0.2391898
	speed: 0.0752s/iter; left time: 2124.7926s
	iters: 4800, epoch: 7 | loss: 0.2839200
	speed: 0.0752s/iter; left time: 2118.2847s
	iters: 4900, epoch: 7 | loss: 0.2526491
	speed: 0.0752s/iter; left time: 2110.2410s
	iters: 5000, epoch: 7 | loss: 0.2307770
	speed: 0.0753s/iter; left time: 2105.2898s
	iters: 5100, epoch: 7 | loss: 0.2638478
	speed: 0.0754s/iter; left time: 2101.2769s
	iters: 5200, epoch: 7 | loss: 0.2611811
	speed: 0.0752s/iter; left time: 2087.3018s
	iters: 5300, epoch: 7 | loss: 0.3116241
	speed: 0.0752s/iter; left time: 2080.2432s
	iters: 5400, epoch: 7 | loss: 0.2656835
	speed: 0.0752s/iter; left time: 2073.2916s
	iters: 5500, epoch: 7 | loss: 0.2507768
	speed: 0.0752s/iter; left time: 2063.4669s
	iters: 5600, epoch: 7 | loss: 0.3310974
	speed: 0.0753s/iter; left time: 2058.3950s
	iters: 5700, epoch: 7 | loss: 0.2927984
	speed: 0.0753s/iter; left time: 2051.2672s
	iters: 5800, epoch: 7 | loss: 0.2804186
	speed: 0.0752s/iter; left time: 2042.3560s
	iters: 5900, epoch: 7 | loss: 0.2468069
	speed: 0.0752s/iter; left time: 2033.2856s
	iters: 6000, epoch: 7 | loss: 0.2673135
	speed: 0.0752s/iter; left time: 2025.7836s
	iters: 6100, epoch: 7 | loss: 0.2601911
	speed: 0.0752s/iter; left time: 2019.3309s
	iters: 6200, epoch: 7 | loss: 0.2907411
	speed: 0.0752s/iter; left time: 2010.8928s
	iters: 6300, epoch: 7 | loss: 0.2521619
	speed: 0.0753s/iter; left time: 2005.7675s
	iters: 6400, epoch: 7 | loss: 0.3887868
	speed: 0.0752s/iter; left time: 1997.7261s
	iters: 6500, epoch: 7 | loss: 0.2689122
	speed: 0.0752s/iter; left time: 1988.1780s
	iters: 6600, epoch: 7 | loss: 0.2735615
	speed: 0.0752s/iter; left time: 1981.1454s
	iters: 6700, epoch: 7 | loss: 0.2804545
	speed: 0.0752s/iter; left time: 1975.1104s
	iters: 6800, epoch: 7 | loss: 0.2601545
	speed: 0.0752s/iter; left time: 1966.1515s
	iters: 6900, epoch: 7 | loss: 0.2804371
	speed: 0.0752s/iter; left time: 1958.6067s
	iters: 7000, epoch: 7 | loss: 0.2285134
	speed: 0.0752s/iter; left time: 1951.1820s
	iters: 7100, epoch: 7 | loss: 0.2655688
	speed: 0.0751s/iter; left time: 1942.7777s
	iters: 7200, epoch: 7 | loss: 0.2457383
	speed: 0.0752s/iter; left time: 1935.9470s
	iters: 7300, epoch: 7 | loss: 0.2983500
	speed: 0.0752s/iter; left time: 1929.0438s
	iters: 7400, epoch: 7 | loss: 0.2445221
	speed: 0.0752s/iter; left time: 1922.4395s
	iters: 7500, epoch: 7 | loss: 0.2615085
	speed: 0.0752s/iter; left time: 1913.0062s
	iters: 7600, epoch: 7 | loss: 0.2551059
	speed: 0.0752s/iter; left time: 1907.1824s
	iters: 7700, epoch: 7 | loss: 0.2766183
	speed: 0.0753s/iter; left time: 1900.5669s
	iters: 7800, epoch: 7 | loss: 0.2952462
	speed: 0.0752s/iter; left time: 1891.9906s
	iters: 7900, epoch: 7 | loss: 0.2932827
	speed: 0.0753s/iter; left time: 1885.8224s
	iters: 8000, epoch: 7 | loss: 0.2833617
	speed: 0.0753s/iter; left time: 1878.5891s
	iters: 8100, epoch: 7 | loss: 0.2724787
	speed: 0.0752s/iter; left time: 1869.1839s
	iters: 8200, epoch: 7 | loss: 0.3805216
	speed: 0.0752s/iter; left time: 1861.1042s
Epoch: 7 cost time: 620.5159347057343
Epoch: 7, Steps: 8238 | Train Loss: 0.2782142 Vali Loss: 0.3471777 Test Loss: 33.3395615
Validation loss decreased (0.352443 --> 0.347178).  Saving model ...
Updating learning rate to 1.5625e-05
	iters: 100, epoch: 8 | loss: 0.3267068
	speed: 3.1841s/iter; left time: 78376.7458s
	iters: 200, epoch: 8 | loss: 0.2620860
	speed: 0.0752s/iter; left time: 1842.5682s
	iters: 300, epoch: 8 | loss: 0.2835436
	speed: 0.0752s/iter; left time: 1835.1009s
	iters: 400, epoch: 8 | loss: 0.2698055
	speed: 0.0753s/iter; left time: 1830.1329s
	iters: 500, epoch: 8 | loss: 0.2105218
	speed: 0.0754s/iter; left time: 1824.8369s
	iters: 600, epoch: 8 | loss: 0.2884264
	speed: 0.0753s/iter; left time: 1815.4692s
	iters: 700, epoch: 8 | loss: 0.2657062
	speed: 0.0753s/iter; left time: 1807.9174s
	iters: 800, epoch: 8 | loss: 0.2888231
	speed: 0.0753s/iter; left time: 1800.4518s
	iters: 900, epoch: 8 | loss: 0.2928032
	speed: 0.0752s/iter; left time: 1791.9797s
	iters: 1000, epoch: 8 | loss: 0.2501729
	speed: 0.0752s/iter; left time: 1782.2612s
	iters: 1100, epoch: 8 | loss: 0.2687617
	speed: 0.0751s/iter; left time: 1773.3541s
	iters: 1200, epoch: 8 | loss: 0.3226933
	speed: 0.0752s/iter; left time: 1769.0083s
	iters: 1300, epoch: 8 | loss: 0.2608305
	speed: 0.0752s/iter; left time: 1761.7613s
	iters: 1400, epoch: 8 | loss: 0.2965185
	speed: 0.0753s/iter; left time: 1755.8801s
	iters: 1500, epoch: 8 | loss: 0.2640036
	speed: 0.0752s/iter; left time: 1745.8206s
	iters: 1600, epoch: 8 | loss: 0.2491280
	speed: 0.0752s/iter; left time: 1737.1469s
	iters: 1700, epoch: 8 | loss: 0.2592359
	speed: 0.0751s/iter; left time: 1729.3239s
	iters: 1800, epoch: 8 | loss: 0.2600583
	speed: 0.0750s/iter; left time: 1717.6626s
	iters: 1900, epoch: 8 | loss: 0.2568907
	speed: 0.0751s/iter; left time: 1712.4426s
	iters: 2000, epoch: 8 | loss: 0.2165212
	speed: 0.0753s/iter; left time: 1710.3086s
	iters: 2100, epoch: 8 | loss: 0.2625610
	speed: 0.0753s/iter; left time: 1701.9006s
	iters: 2200, epoch: 8 | loss: 0.2753500
	speed: 0.0752s/iter; left time: 1692.7027s
	iters: 2300, epoch: 8 | loss: 0.2578101
	speed: 0.0752s/iter; left time: 1684.7573s
	iters: 2400, epoch: 8 | loss: 0.2836138
	speed: 0.0752s/iter; left time: 1678.9006s
	iters: 2500, epoch: 8 | loss: 0.3026749
	speed: 0.0753s/iter; left time: 1672.9812s
	iters: 2600, epoch: 8 | loss: 0.2845655
	speed: 0.0753s/iter; left time: 1665.1164s
	iters: 2700, epoch: 8 | loss: 0.2916291
	speed: 0.0754s/iter; left time: 1660.3279s
	iters: 2800, epoch: 8 | loss: 0.2976809
	speed: 0.0753s/iter; left time: 1650.3090s
	iters: 2900, epoch: 8 | loss: 0.3246320
	speed: 0.0753s/iter; left time: 1642.5949s
	iters: 3000, epoch: 8 | loss: 0.2722018
	speed: 0.0753s/iter; left time: 1635.3695s
	iters: 3100, epoch: 8 | loss: 0.2564658
	speed: 0.0754s/iter; left time: 1629.3354s
	iters: 3200, epoch: 8 | loss: 0.2898689
	speed: 0.0753s/iter; left time: 1619.9434s
	iters: 3300, epoch: 8 | loss: 0.2524109
	speed: 0.0753s/iter; left time: 1612.6639s
	iters: 3400, epoch: 8 | loss: 0.2648209
	speed: 0.0753s/iter; left time: 1605.3410s
	iters: 3500, epoch: 8 | loss: 0.2351112
	speed: 0.0753s/iter; left time: 1597.8977s
	iters: 3600, epoch: 8 | loss: 0.3058215
	speed: 0.0754s/iter; left time: 1591.0219s
	iters: 3700, epoch: 8 | loss: 0.2341893
	speed: 0.0754s/iter; left time: 1584.2120s
	iters: 3800, epoch: 8 | loss: 0.2533458
	speed: 0.0753s/iter; left time: 1575.3656s
	iters: 3900, epoch: 8 | loss: 0.2525176
	speed: 0.0754s/iter; left time: 1568.6443s
	iters: 4000, epoch: 8 | loss: 0.2599191
	speed: 0.0754s/iter; left time: 1561.2425s
	iters: 4100, epoch: 8 | loss: 0.4113514
	speed: 0.0753s/iter; left time: 1552.7526s
	iters: 4200, epoch: 8 | loss: 0.2948944
	speed: 0.0753s/iter; left time: 1545.4677s
	iters: 4300, epoch: 8 | loss: 0.2630819
	speed: 0.0753s/iter; left time: 1538.0590s
	iters: 4400, epoch: 8 | loss: 0.2787364
	speed: 0.0753s/iter; left time: 1528.9466s
	iters: 4500, epoch: 8 | loss: 0.3088416
	speed: 0.0753s/iter; left time: 1521.6793s
	iters: 4600, epoch: 8 | loss: 0.2716810
	speed: 0.0753s/iter; left time: 1514.5798s
	iters: 4700, epoch: 8 | loss: 0.2521786
	speed: 0.0754s/iter; left time: 1509.1962s
	iters: 4800, epoch: 8 | loss: 0.2740135
	speed: 0.0753s/iter; left time: 1499.1128s
	iters: 4900, epoch: 8 | loss: 0.2236968
	speed: 0.0753s/iter; left time: 1491.8300s
	iters: 5000, epoch: 8 | loss: 0.2776061
	speed: 0.0752s/iter; left time: 1483.2035s
	iters: 5100, epoch: 8 | loss: 0.2769685
	speed: 0.0753s/iter; left time: 1476.6620s
	iters: 5200, epoch: 8 | loss: 0.2350818
	speed: 0.0754s/iter; left time: 1470.5421s
	iters: 5300, epoch: 8 | loss: 0.2650592
	speed: 0.0753s/iter; left time: 1462.7070s
	iters: 5400, epoch: 8 | loss: 0.2439706
	speed: 0.0755s/iter; left time: 1458.9662s
	iters: 5500, epoch: 8 | loss: 0.2892542
	speed: 0.0753s/iter; left time: 1446.2212s
	iters: 5600, epoch: 8 | loss: 0.2354691
	speed: 0.0753s/iter; left time: 1439.3476s
	iters: 5700, epoch: 8 | loss: 0.2432201
	speed: 0.0754s/iter; left time: 1433.5581s
	iters: 5800, epoch: 8 | loss: 0.2986518
	speed: 0.0753s/iter; left time: 1425.2294s
	iters: 5900, epoch: 8 | loss: 0.2833622
	speed: 0.0754s/iter; left time: 1418.3378s
	iters: 6000, epoch: 8 | loss: 0.2705356
	speed: 0.0754s/iter; left time: 1410.9886s
	iters: 6100, epoch: 8 | loss: 0.2576581
	speed: 0.0752s/iter; left time: 1400.0415s
	iters: 6200, epoch: 8 | loss: 0.2542396
	speed: 0.0752s/iter; left time: 1393.2534s
	iters: 6300, epoch: 8 | loss: 0.2804394
	speed: 0.0753s/iter; left time: 1386.7845s
	iters: 6400, epoch: 8 | loss: 0.2799403
	speed: 0.0751s/iter; left time: 1375.9153s
	iters: 6500, epoch: 8 | loss: 0.2648443
	speed: 0.0752s/iter; left time: 1370.1438s
	iters: 6600, epoch: 8 | loss: 0.2772450
	speed: 0.0753s/iter; left time: 1364.7254s
	iters: 6700, epoch: 8 | loss: 0.2623468
	speed: 0.0753s/iter; left time: 1356.6224s
	iters: 6800, epoch: 8 | loss: 0.2483123
	speed: 0.0753s/iter; left time: 1348.2992s
	iters: 6900, epoch: 8 | loss: 0.2399845
	speed: 0.0755s/iter; left time: 1345.0549s
	iters: 7000, epoch: 8 | loss: 0.3310124
	speed: 0.0754s/iter; left time: 1335.7289s
	iters: 7100, epoch: 8 | loss: 0.2481951
	speed: 0.0753s/iter; left time: 1325.7664s
	iters: 7200, epoch: 8 | loss: 0.2496534
	speed: 0.0753s/iter; left time: 1319.7354s
	iters: 7300, epoch: 8 | loss: 0.3158367
	speed: 0.0752s/iter; left time: 1310.2858s
	iters: 7400, epoch: 8 | loss: 0.3081928
	speed: 0.0753s/iter; left time: 1303.3556s
	iters: 7500, epoch: 8 | loss: 0.3175332
	speed: 0.0753s/iter; left time: 1296.9542s
	iters: 7600, epoch: 8 | loss: 0.2562874
	speed: 0.0753s/iter; left time: 1289.3939s
	iters: 7700, epoch: 8 | loss: 0.3448602
	speed: 0.0753s/iter; left time: 1281.5715s
	iters: 7800, epoch: 8 | loss: 0.2308719
	speed: 0.0754s/iter; left time: 1275.5019s
	iters: 7900, epoch: 8 | loss: 0.2261023
	speed: 0.0754s/iter; left time: 1267.7678s
	iters: 8000, epoch: 8 | loss: 0.2826620
	speed: 0.0753s/iter; left time: 1258.4262s
	iters: 8100, epoch: 8 | loss: 0.2469702
	speed: 0.0754s/iter; left time: 1252.5720s
	iters: 8200, epoch: 8 | loss: 0.2823341
	speed: 0.0755s/iter; left time: 1246.0733s
Epoch: 8 cost time: 621.0615773200989
Epoch: 8, Steps: 8238 | Train Loss: 0.2756273 Vali Loss: 0.3445220 Test Loss: 33.5513611
Validation loss decreased (0.347178 --> 0.344522).  Saving model ...
Updating learning rate to 7.8125e-06
	iters: 100, epoch: 9 | loss: 0.3235089
	speed: 3.2560s/iter; left time: 53323.2281s
	iters: 200, epoch: 9 | loss: 0.2807666
	speed: 0.0751s/iter; left time: 1222.4273s
	iters: 300, epoch: 9 | loss: 0.2405891
	speed: 0.0751s/iter; left time: 1214.2442s
	iters: 400, epoch: 9 | loss: 0.2229645
	speed: 0.0750s/iter; left time: 1206.1623s
	iters: 500, epoch: 9 | loss: 0.2622373
	speed: 0.0751s/iter; left time: 1199.1063s
	iters: 600, epoch: 9 | loss: 0.2912496
	speed: 0.0751s/iter; left time: 1192.8911s
	iters: 700, epoch: 9 | loss: 0.2345518
	speed: 0.0752s/iter; left time: 1185.7470s
	iters: 800, epoch: 9 | loss: 0.2391178
	speed: 0.0752s/iter; left time: 1178.8399s
	iters: 900, epoch: 9 | loss: 0.2988377
	speed: 0.0751s/iter; left time: 1170.3663s
	iters: 1000, epoch: 9 | loss: 0.2752674
	speed: 0.0751s/iter; left time: 1162.2533s
	iters: 1100, epoch: 9 | loss: 0.2689161
	speed: 0.0751s/iter; left time: 1155.4076s
	iters: 1200, epoch: 9 | loss: 0.2725916
	speed: 0.0752s/iter; left time: 1148.9977s
	iters: 1300, epoch: 9 | loss: 0.2508490
	speed: 0.0752s/iter; left time: 1141.2082s
	iters: 1400, epoch: 9 | loss: 0.2572377
	speed: 0.0752s/iter; left time: 1133.1750s
	iters: 1500, epoch: 9 | loss: 0.2575659
	speed: 0.0753s/iter; left time: 1127.3713s
	iters: 1600, epoch: 9 | loss: 0.2661224
	speed: 0.0753s/iter; left time: 1120.6643s
	iters: 1700, epoch: 9 | loss: 0.1961734
	speed: 0.0752s/iter; left time: 1111.4597s
	iters: 1800, epoch: 9 | loss: 0.2883744
	speed: 0.0752s/iter; left time: 1103.5837s
	iters: 1900, epoch: 9 | loss: 0.2382680
	speed: 0.0752s/iter; left time: 1096.5497s
	iters: 2000, epoch: 9 | loss: 0.2995575
	speed: 0.0752s/iter; left time: 1088.6377s
	iters: 2100, epoch: 9 | loss: 0.2434414
	speed: 0.0752s/iter; left time: 1081.5034s
	iters: 2200, epoch: 9 | loss: 0.2739647
	speed: 0.0752s/iter; left time: 1073.1969s
	iters: 2300, epoch: 9 | loss: 0.3050679
	speed: 0.0752s/iter; left time: 1066.2990s
	iters: 2400, epoch: 9 | loss: 0.2553747
	speed: 0.0751s/iter; left time: 1057.7913s
	iters: 2500, epoch: 9 | loss: 0.3329994
	speed: 0.0752s/iter; left time: 1050.7481s
	iters: 2600, epoch: 9 | loss: 0.2747223
	speed: 0.0751s/iter; left time: 1042.5892s
	iters: 2700, epoch: 9 | loss: 0.2703419
	speed: 0.0752s/iter; left time: 1035.6760s
	iters: 2800, epoch: 9 | loss: 0.3097904
	speed: 0.0751s/iter; left time: 1027.6477s
	iters: 2900, epoch: 9 | loss: 0.3168249
	speed: 0.0752s/iter; left time: 1020.6104s
	iters: 3000, epoch: 9 | loss: 0.2863957
	speed: 0.0752s/iter; left time: 1013.4144s
	iters: 3100, epoch: 9 | loss: 0.2509475
	speed: 0.0752s/iter; left time: 1005.3217s
	iters: 3200, epoch: 9 | loss: 0.2477327
	speed: 0.0752s/iter; left time: 998.5793s
	iters: 3300, epoch: 9 | loss: 0.2633997
	speed: 0.0752s/iter; left time: 990.7063s
	iters: 3400, epoch: 9 | loss: 0.3009089
	speed: 0.0752s/iter; left time: 983.1101s
	iters: 3500, epoch: 9 | loss: 0.2204007
	speed: 0.0752s/iter; left time: 975.6841s
	iters: 3600, epoch: 9 | loss: 0.2465613
	speed: 0.0752s/iter; left time: 968.2500s
	iters: 3700, epoch: 9 | loss: 0.2973215
	speed: 0.0751s/iter; left time: 959.9167s
	iters: 3800, epoch: 9 | loss: 0.2500156
	speed: 0.0751s/iter; left time: 952.3110s
	iters: 3900, epoch: 9 | loss: 0.2715375
	speed: 0.0753s/iter; left time: 946.7433s
	iters: 4000, epoch: 9 | loss: 0.2885350
	speed: 0.0753s/iter; left time: 938.9815s
	iters: 4100, epoch: 9 | loss: 0.3177163
	speed: 0.0752s/iter; left time: 930.5434s
	iters: 4200, epoch: 9 | loss: 0.3447756
	speed: 0.0753s/iter; left time: 924.2663s
	iters: 4300, epoch: 9 | loss: 0.3901013
	speed: 0.0753s/iter; left time: 916.4339s
	iters: 4400, epoch: 9 | loss: 0.2875397
	speed: 0.0753s/iter; left time: 908.8764s
	iters: 4500, epoch: 9 | loss: 0.2208891
	speed: 0.0754s/iter; left time: 902.9251s
	iters: 4600, epoch: 9 | loss: 0.2719886
	speed: 0.0753s/iter; left time: 893.9679s
	iters: 4700, epoch: 9 | loss: 0.2491188
	speed: 0.0753s/iter; left time: 887.1494s
	iters: 4800, epoch: 9 | loss: 0.2675012
	speed: 0.0753s/iter; left time: 879.2676s
	iters: 4900, epoch: 9 | loss: 0.2421424
	speed: 0.0753s/iter; left time: 871.2785s
	iters: 5000, epoch: 9 | loss: 0.2382530
	speed: 0.0753s/iter; left time: 863.6928s
	iters: 5100, epoch: 9 | loss: 0.2439792
	speed: 0.0753s/iter; left time: 856.4112s
	iters: 5200, epoch: 9 | loss: 0.2895069
	speed: 0.0754s/iter; left time: 849.9480s
	iters: 5300, epoch: 9 | loss: 0.3876782
	speed: 0.0753s/iter; left time: 841.7747s
	iters: 5400, epoch: 9 | loss: 0.2738416
	speed: 0.0753s/iter; left time: 833.8196s
	iters: 5500, epoch: 9 | loss: 0.2366929
	speed: 0.0752s/iter; left time: 825.9086s
	iters: 5600, epoch: 9 | loss: 0.2576070
	speed: 0.0753s/iter; left time: 818.7888s
	iters: 5700, epoch: 9 | loss: 0.2472565
	speed: 0.0753s/iter; left time: 811.3571s
	iters: 5800, epoch: 9 | loss: 0.2876526
	speed: 0.0753s/iter; left time: 804.1264s
	iters: 5900, epoch: 9 | loss: 0.2738044
	speed: 0.0753s/iter; left time: 796.8892s
	iters: 6000, epoch: 9 | loss: 0.2718056
	speed: 0.0753s/iter; left time: 788.6409s
	iters: 6100, epoch: 9 | loss: 0.2668072
	speed: 0.0753s/iter; left time: 781.6228s
	iters: 6200, epoch: 9 | loss: 0.2945135
	speed: 0.0753s/iter; left time: 773.8633s
	iters: 6300, epoch: 9 | loss: 0.2509985
	speed: 0.0753s/iter; left time: 765.9148s
	iters: 6400, epoch: 9 | loss: 0.2585932
	speed: 0.0752s/iter; left time: 757.8803s
	iters: 6500, epoch: 9 | loss: 0.2448192
	speed: 0.0752s/iter; left time: 750.3822s
	iters: 6600, epoch: 9 | loss: 0.2473651
	speed: 0.0753s/iter; left time: 743.7014s
	iters: 6700, epoch: 9 | loss: 0.3885947
	speed: 0.0753s/iter; left time: 736.4758s
	iters: 6800, epoch: 9 | loss: 0.2689723
	speed: 0.0753s/iter; left time: 728.5522s
	iters: 6900, epoch: 9 | loss: 0.2819867
	speed: 0.0751s/iter; left time: 719.4157s
	iters: 7000, epoch: 9 | loss: 0.2424579
	speed: 0.0751s/iter; left time: 711.8387s
	iters: 7100, epoch: 9 | loss: 0.2401028
	speed: 0.0750s/iter; left time: 703.5380s
	iters: 7200, epoch: 9 | loss: 0.2736448
	speed: 0.0749s/iter; left time: 695.0552s
	iters: 7300, epoch: 9 | loss: 0.2145153
	speed: 0.0750s/iter; left time: 687.9217s
	iters: 7400, epoch: 9 | loss: 0.2927051
	speed: 0.0750s/iter; left time: 680.3940s
	iters: 7500, epoch: 9 | loss: 0.2555062
	speed: 0.0749s/iter; left time: 672.3186s
	iters: 7600, epoch: 9 | loss: 0.2384506
	speed: 0.0749s/iter; left time: 664.6165s
	iters: 7700, epoch: 9 | loss: 0.2888258
	speed: 0.0750s/iter; left time: 657.9401s
	iters: 7800, epoch: 9 | loss: 0.2792681
	speed: 0.0749s/iter; left time: 649.9039s
	iters: 7900, epoch: 9 | loss: 0.2712219
	speed: 0.0749s/iter; left time: 642.3002s
	iters: 8000, epoch: 9 | loss: 0.2768421
	speed: 0.0749s/iter; left time: 635.1177s
	iters: 8100, epoch: 9 | loss: 0.2640526
	speed: 0.0748s/iter; left time: 627.0129s
	iters: 8200, epoch: 9 | loss: 0.2621024
	speed: 0.0748s/iter; left time: 619.1947s
Epoch: 9 cost time: 620.071004152298
Epoch: 9, Steps: 8238 | Train Loss: 0.2746019 Vali Loss: 0.3437451 Test Loss: 33.2913513
Validation loss decreased (0.344522 --> 0.343745).  Saving model ...
Updating learning rate to 3.90625e-06
	iters: 100, epoch: 10 | loss: 0.2192461
	speed: 3.3604s/iter; left time: 27349.9526s
	iters: 200, epoch: 10 | loss: 0.3013734
	speed: 0.0753s/iter; left time: 605.3166s
	iters: 300, epoch: 10 | loss: 0.2997254
	speed: 0.0752s/iter; left time: 597.2454s
	iters: 400, epoch: 10 | loss: 0.2752025
	speed: 0.0757s/iter; left time: 593.0830s
	iters: 500, epoch: 10 | loss: 0.2225817
	speed: 0.0759s/iter; left time: 587.6226s
	iters: 600, epoch: 10 | loss: 0.2671171
	speed: 0.0754s/iter; left time: 576.0010s
	iters: 700, epoch: 10 | loss: 0.3247776
	speed: 0.0754s/iter; left time: 568.1761s
	iters: 800, epoch: 10 | loss: 0.2888521
	speed: 0.0754s/iter; left time: 560.6859s
	iters: 900, epoch: 10 | loss: 0.2892107
	speed: 0.0754s/iter; left time: 553.2028s
	iters: 1000, epoch: 10 | loss: 0.2690260
	speed: 0.0754s/iter; left time: 545.8718s
	iters: 1100, epoch: 10 | loss: 0.3140876
	speed: 0.0753s/iter; left time: 537.8713s
	iters: 1200, epoch: 10 | loss: 0.2436828
	speed: 0.0754s/iter; left time: 530.4268s
	iters: 1300, epoch: 10 | loss: 0.2582656
	speed: 0.0753s/iter; left time: 522.8360s
	iters: 1400, epoch: 10 | loss: 0.2735934
	speed: 0.0753s/iter; left time: 515.2454s
	iters: 1500, epoch: 10 | loss: 0.3140791
	speed: 0.0753s/iter; left time: 507.4097s
	iters: 1600, epoch: 10 | loss: 0.2667255
	speed: 0.0753s/iter; left time: 500.1855s
	iters: 1700, epoch: 10 | loss: 0.2502819
	speed: 0.0752s/iter; left time: 491.8721s
	iters: 1800, epoch: 10 | loss: 0.2696298
	speed: 0.0752s/iter; left time: 484.0795s
	iters: 1900, epoch: 10 | loss: 0.2607131
	speed: 0.0752s/iter; left time: 476.6043s
	iters: 2000, epoch: 10 | loss: 0.2269078
	speed: 0.0752s/iter; left time: 469.3924s
	iters: 2100, epoch: 10 | loss: 0.3062577
	speed: 0.0752s/iter; left time: 461.5618s
	iters: 2200, epoch: 10 | loss: 0.2184513
	speed: 0.0751s/iter; left time: 453.6393s
	iters: 2300, epoch: 10 | loss: 0.2617444
	speed: 0.0751s/iter; left time: 446.0285s
	iters: 2400, epoch: 10 | loss: 0.2231925
	speed: 0.0751s/iter; left time: 438.5762s
	iters: 2500, epoch: 10 | loss: 0.2785801
	speed: 0.0751s/iter; left time: 430.9998s
	iters: 2600, epoch: 10 | loss: 0.2595740
	speed: 0.0750s/iter; left time: 422.8806s
	iters: 2700, epoch: 10 | loss: 0.2538247
	speed: 0.0750s/iter; left time: 415.5611s
	iters: 2800, epoch: 10 | loss: 0.2641650
	speed: 0.0750s/iter; left time: 407.9060s
	iters: 2900, epoch: 10 | loss: 0.2731952
	speed: 0.0750s/iter; left time: 400.2578s
	iters: 3000, epoch: 10 | loss: 0.2234117
	speed: 0.0750s/iter; left time: 392.7113s
	iters: 3100, epoch: 10 | loss: 0.2931102
	speed: 0.0750s/iter; left time: 385.3743s
	iters: 3200, epoch: 10 | loss: 0.2336641
	speed: 0.0750s/iter; left time: 377.8301s
	iters: 3300, epoch: 10 | loss: 0.3446995
	speed: 0.0750s/iter; left time: 370.5322s
	iters: 3400, epoch: 10 | loss: 0.2727376
	speed: 0.0750s/iter; left time: 362.9945s
	iters: 3500, epoch: 10 | loss: 0.2500091
	speed: 0.0750s/iter; left time: 355.6291s
	iters: 3600, epoch: 10 | loss: 0.2305491
	speed: 0.0751s/iter; left time: 348.3444s
	iters: 3700, epoch: 10 | loss: 0.2399430
	speed: 0.0751s/iter; left time: 340.7878s
	iters: 3800, epoch: 10 | loss: 0.2414346
	speed: 0.0751s/iter; left time: 333.2173s
	iters: 3900, epoch: 10 | loss: 0.2379916
	speed: 0.0751s/iter; left time: 325.6886s
	iters: 4000, epoch: 10 | loss: 0.2618896
	speed: 0.0751s/iter; left time: 318.2889s
	iters: 4100, epoch: 10 | loss: 0.2628592
	speed: 0.0751s/iter; left time: 310.8028s
	iters: 4200, epoch: 10 | loss: 0.2527648
	speed: 0.0750s/iter; left time: 303.0586s
	iters: 4300, epoch: 10 | loss: 0.2753058
	speed: 0.0751s/iter; left time: 295.9675s
	iters: 4400, epoch: 10 | loss: 0.3153443
	speed: 0.0751s/iter; left time: 288.4131s
	iters: 4500, epoch: 10 | loss: 0.3056988
	speed: 0.0752s/iter; left time: 281.0070s
	iters: 4600, epoch: 10 | loss: 0.2950523
	speed: 0.0752s/iter; left time: 273.6275s
	iters: 4700, epoch: 10 | loss: 0.3013757
	speed: 0.0752s/iter; left time: 266.1471s
	iters: 4800, epoch: 10 | loss: 0.2644705
	speed: 0.0752s/iter; left time: 258.5862s
	iters: 4900, epoch: 10 | loss: 0.2534535
	speed: 0.0751s/iter; left time: 250.9256s
	iters: 5000, epoch: 10 | loss: 0.2570896
	speed: 0.0753s/iter; left time: 244.0391s
	iters: 5100, epoch: 10 | loss: 0.2691472
	speed: 0.0752s/iter; left time: 235.9279s
	iters: 5200, epoch: 10 | loss: 0.2420316
	speed: 0.0752s/iter; left time: 228.6104s
	iters: 5300, epoch: 10 | loss: 0.2818186
	speed: 0.0755s/iter; left time: 221.8056s
	iters: 5400, epoch: 10 | loss: 0.2738716
	speed: 0.0755s/iter; left time: 214.2588s
	iters: 5500, epoch: 10 | loss: 0.3004678
	speed: 0.0754s/iter; left time: 206.6261s
	iters: 5600, epoch: 10 | loss: 0.2947997
	speed: 0.0752s/iter; left time: 198.3579s
	iters: 5700, epoch: 10 | loss: 0.2255388
	speed: 0.0751s/iter; left time: 190.6752s
	iters: 5800, epoch: 10 | loss: 0.2945856
	speed: 0.0751s/iter; left time: 183.1573s
	iters: 5900, epoch: 10 | loss: 0.2488699
	speed: 0.0753s/iter; left time: 176.1128s
	iters: 6000, epoch: 10 | loss: 0.2729281
	speed: 0.0753s/iter; left time: 168.5140s
	iters: 6100, epoch: 10 | loss: 0.2777082
	speed: 0.0753s/iter; left time: 161.1407s
	iters: 6200, epoch: 10 | loss: 0.3109760
	speed: 0.0753s/iter; left time: 153.5349s
	iters: 6300, epoch: 10 | loss: 0.2831134
	speed: 0.0753s/iter; left time: 146.0174s
	iters: 6400, epoch: 10 | loss: 0.2674111
	speed: 0.0753s/iter; left time: 138.5495s
	iters: 6500, epoch: 10 | loss: 0.2398014
	speed: 0.0753s/iter; left time: 130.9074s
	iters: 6600, epoch: 10 | loss: 0.2991919
	speed: 0.0752s/iter; left time: 123.3315s
	iters: 6700, epoch: 10 | loss: 0.2680741
	speed: 0.0752s/iter; left time: 115.7189s
	iters: 6800, epoch: 10 | loss: 0.2677439
	speed: 0.0752s/iter; left time: 108.1666s
	iters: 6900, epoch: 10 | loss: 0.2702552
	speed: 0.0752s/iter; left time: 100.6547s
	iters: 7000, epoch: 10 | loss: 0.2784576
	speed: 0.0752s/iter; left time: 93.1525s
	iters: 7100, epoch: 10 | loss: 0.2317458
	speed: 0.0752s/iter; left time: 85.6305s
	iters: 7200, epoch: 10 | loss: 0.2586772
	speed: 0.0752s/iter; left time: 78.1006s
	iters: 7300, epoch: 10 | loss: 0.2515628
	speed: 0.0752s/iter; left time: 70.5821s
	iters: 7400, epoch: 10 | loss: 0.2785654
	speed: 0.0752s/iter; left time: 63.0516s
	iters: 7500, epoch: 10 | loss: 0.2944169
	speed: 0.0752s/iter; left time: 55.5743s
	iters: 7600, epoch: 10 | loss: 0.2596775
	speed: 0.0751s/iter; left time: 47.9921s
	iters: 7700, epoch: 10 | loss: 0.2439802
	speed: 0.0752s/iter; left time: 40.5304s
	iters: 7800, epoch: 10 | loss: 0.2617042
	speed: 0.0751s/iter; left time: 32.9876s
	iters: 7900, epoch: 10 | loss: 0.2938293
	speed: 0.0752s/iter; left time: 25.4776s
	iters: 8000, epoch: 10 | loss: 0.3046530
	speed: 0.0752s/iter; left time: 17.9633s
	iters: 8100, epoch: 10 | loss: 0.2655230
	speed: 0.0752s/iter; left time: 10.4470s
	iters: 8200, epoch: 10 | loss: 0.2806756
	speed: 0.0752s/iter; left time: 2.9328s
Epoch: 10 cost time: 620.3727378845215
Epoch: 10, Steps: 8238 | Train Loss: 0.2739824 Vali Loss: 0.3433128 Test Loss: 33.2497482
Validation loss decreased (0.343745 --> 0.343313).  Saving model ...
Updating learning rate to 1.953125e-06
>>>>>>>testing : long_term_forecast_pems11_h_96_336_iTransformer_custom_ftM_sl96_ll48_pl336_dm512_nh8_el4_dl1_df512_fc3_ebtimeF_dtTrue_srate1.0_sseed7_trainseed2024_Exp_0<<<<<<<<<<<<<<<<<<<<<<<<<<<<<<<<<
test 37450
test shape: (37450, 1, 336, 521) (37450, 1, 336, 521)
test shape: (37450, 336, 521) (37450, 336, 521)
mse:33.155914306640625, mae:0.43486878275871277
>>>>>>>Overall time: 9706 seconds<<<<<<<<<<<<<<<<<<<<<<<<<<<<<<<<<
