Traceback (most recent call last):
  File "run.py", line 4, in <module>
    from exp.exp_long_term_forecasting import Exp_Long_Term_Forecast
  File "/g/data/hn98/du/exlts/hourdayweek/exp/exp_long_term_forecasting.py", line 2, in <module>
    from exp.exp_basic import Exp_Basic
  File "/g/data/hn98/du/exlts/hourdayweek/exp/exp_basic.py", line 3, in <module>
    from models import Autoformer, Transformer, TimesNet, Nonstationary_Transformer, DLinear, FEDformer, \
  File "/g/data/hn98/du/exlts/hourdayweek/models/Mamba.py", line 7, in <module>
    from mamba_ssm import Mamba
ModuleNotFoundError: No module named 'mamba_ssm'
Args in experiment:
Namespace(activation='gelu', anomaly_ratio=0.25, batch_size=16, c_out=1613, checkpoints='./checkpoints/', d_conv=4, d_ff=512, d_layers=1, d_model=512, data='custom', data_path='pems07_h.csv', dec_in=1613, des='Exp', devices='0,1,2,3', distil=True, dropout=0, e_layers=4, embed='timeF', enc_in=1613, expand=2, factor=3, features='M', freq='h', gap_day=365, gpu=0, inverse=False, is_training=1, itr=1, label_len=48, learning_rate=0.001, loss='MSE', lradj='type1', mask_rate=0.25, model='iTransformer', model_id='pems07_h_96_192', moving_avg=25, n_heads=8, num_kernels=6, num_workers=10, output_attention=False, p_hidden_dims=[128, 128], p_hidden_layers=2, patience=3, pred_len=192, root_path='../../data/pems/', samle_rate=1.0, sample_seed=7, seasonal_patterns='Monthly', seq_len=96, target='OT', task_name='long_term_forecast', top_k=5, train_epochs=10, train_seed=2024, use_amp=False, use_gpu=True, use_multi_gpu=False)
Use GPU: cuda:0
>>>>>>>start training : long_term_forecast_pems07_h_96_192_iTransformer_custom_ftM_sl96_ll48_pl192_dm512_nh8_el4_dl1_df512_fc3_ebtimeF_dtTrue_srate1.0_sseed7_trainseed2024_Exp_0>>>>>>>>>>>>>>>>>>>>>>>>>>
train 133508
val 18923
test 38036
	iters: 100, epoch: 1 | loss: 0.1681969
	speed: 0.3281s/iter; left time: 27346.6408s
	iters: 200, epoch: 1 | loss: 0.1494035
	speed: 0.3227s/iter; left time: 26862.1162s
	iters: 300, epoch: 1 | loss: 0.1231023
	speed: 0.3228s/iter; left time: 26834.3697s
	iters: 400, epoch: 1 | loss: 0.1359912
	speed: 0.3228s/iter; left time: 26802.0053s
	iters: 500, epoch: 1 | loss: 0.1222572
	speed: 0.3229s/iter; left time: 26781.6944s
	iters: 600, epoch: 1 | loss: 0.1251005
	speed: 0.3229s/iter; left time: 26747.9712s
	iters: 700, epoch: 1 | loss: 0.1237764
	speed: 0.3228s/iter; left time: 26707.5429s
	iters: 800, epoch: 1 | loss: 0.1259218
	speed: 0.3227s/iter; left time: 26668.2489s
	iters: 900, epoch: 1 | loss: 0.1214238
	speed: 0.3228s/iter; left time: 26642.0445s
	iters: 1000, epoch: 1 | loss: 0.1644169
	speed: 0.3227s/iter; left time: 26606.9403s
	iters: 1100, epoch: 1 | loss: 0.1057019
	speed: 0.3227s/iter; left time: 26570.2441s
	iters: 1200, epoch: 1 | loss: 0.1139278
	speed: 0.3229s/iter; left time: 26557.4077s
	iters: 1300, epoch: 1 | loss: 0.1224473
	speed: 0.3228s/iter; left time: 26515.7137s
	iters: 1400, epoch: 1 | loss: 0.1003514
	speed: 0.3227s/iter; left time: 26474.6489s
	iters: 1500, epoch: 1 | loss: 0.0948756
	speed: 0.3227s/iter; left time: 26446.2873s
	iters: 1600, epoch: 1 | loss: 0.1222892
	speed: 0.3228s/iter; left time: 26418.7669s
	iters: 1700, epoch: 1 | loss: 0.0847973
	speed: 0.3228s/iter; left time: 26382.1041s
	iters: 1800, epoch: 1 | loss: 0.1018352
	speed: 0.3228s/iter; left time: 26354.2950s
	iters: 1900, epoch: 1 | loss: 0.1047094
	speed: 0.3229s/iter; left time: 26326.0238s
	iters: 2000, epoch: 1 | loss: 0.0995668
	speed: 0.3228s/iter; left time: 26289.1258s
	iters: 2100, epoch: 1 | loss: 0.0937667
	speed: 0.3228s/iter; left time: 26260.3861s
	iters: 2200, epoch: 1 | loss: 0.1136165
	speed: 0.3230s/iter; left time: 26240.3539s
	iters: 2300, epoch: 1 | loss: 0.1096494
	speed: 0.3230s/iter; left time: 26207.6699s
	iters: 2400, epoch: 1 | loss: 0.1105162
	speed: 0.3230s/iter; left time: 26174.1916s
	iters: 2500, epoch: 1 | loss: 0.1261644
	speed: 0.3228s/iter; left time: 26131.2230s
	iters: 2600, epoch: 1 | loss: 0.0861456
	speed: 0.3230s/iter; left time: 26113.3601s
	iters: 2700, epoch: 1 | loss: 0.0892103
	speed: 0.3229s/iter; left time: 26073.1573s
	iters: 2800, epoch: 1 | loss: 0.1103926
	speed: 0.3229s/iter; left time: 26036.9224s
	iters: 2900, epoch: 1 | loss: 0.0970950
	speed: 0.3230s/iter; left time: 26013.5622s
	iters: 3000, epoch: 1 | loss: 0.1519032
	speed: 0.3229s/iter; left time: 25972.2865s
	iters: 3100, epoch: 1 | loss: 0.2526568
	speed: 0.3233s/iter; left time: 25973.1218s
	iters: 3200, epoch: 1 | loss: 0.7315884
	speed: 0.3228s/iter; left time: 25900.1264s
	iters: 3300, epoch: 1 | loss: 0.8383732
	speed: 0.3218s/iter; left time: 25786.9087s
	iters: 3400, epoch: 1 | loss: 0.3584207
	speed: 0.3216s/iter; left time: 25740.3075s
	iters: 3500, epoch: 1 | loss: 0.3270553
	speed: 0.3216s/iter; left time: 25712.0264s
	iters: 3600, epoch: 1 | loss: 0.8995805
	speed: 0.3216s/iter; left time: 25678.4192s
	iters: 3700, epoch: 1 | loss: 0.7606174
	speed: 0.3214s/iter; left time: 25629.0062s
	iters: 3800, epoch: 1 | loss: 0.9233515
	speed: 0.3215s/iter; left time: 25601.2315s
	iters: 3900, epoch: 1 | loss: 0.8170724
	speed: 0.3215s/iter; left time: 25572.1200s
	iters: 4000, epoch: 1 | loss: 0.6573924
	speed: 0.3215s/iter; left time: 25542.9883s
	iters: 4100, epoch: 1 | loss: 0.5790934
	speed: 0.3217s/iter; left time: 25520.7959s
	iters: 4200, epoch: 1 | loss: 0.7143999
	speed: 0.3215s/iter; left time: 25472.3750s
	iters: 4300, epoch: 1 | loss: 0.6023745
	speed: 0.3214s/iter; left time: 25439.0382s
	iters: 4400, epoch: 1 | loss: 0.6771095
	speed: 0.3214s/iter; left time: 25403.7245s
	iters: 4500, epoch: 1 | loss: 0.5511316
	speed: 0.3214s/iter; left time: 25369.9167s
	iters: 4600, epoch: 1 | loss: 0.5828538
	speed: 0.3214s/iter; left time: 25341.7366s
	iters: 4700, epoch: 1 | loss: 0.6532825
	speed: 0.3213s/iter; left time: 25303.4168s
	iters: 4800, epoch: 1 | loss: 0.7074733
	speed: 0.3214s/iter; left time: 25275.5897s
	iters: 4900, epoch: 1 | loss: 0.5902244
	speed: 0.3214s/iter; left time: 25240.5222s
	iters: 5000, epoch: 1 | loss: 0.5622790
	speed: 0.3214s/iter; left time: 25210.9160s
	iters: 5100, epoch: 1 | loss: 0.6126198
	speed: 0.3213s/iter; left time: 25172.6226s
	iters: 5200, epoch: 1 | loss: 0.7032372
	speed: 0.3214s/iter; left time: 25146.2536s
	iters: 5300, epoch: 1 | loss: 0.4991284
	speed: 0.3213s/iter; left time: 25106.0953s
	iters: 5400, epoch: 1 | loss: 0.7051672
	speed: 0.3214s/iter; left time: 25081.3128s
	iters: 5500, epoch: 1 | loss: 0.4598054
	speed: 0.3214s/iter; left time: 25047.6257s
	iters: 5600, epoch: 1 | loss: 0.4325126
	speed: 0.3213s/iter; left time: 25013.1852s
	iters: 5700, epoch: 1 | loss: 0.5188504
	speed: 0.3214s/iter; left time: 24985.0732s
	iters: 5800, epoch: 1 | loss: 0.4485390
	speed: 0.3213s/iter; left time: 24942.2386s
	iters: 5900, epoch: 1 | loss: 0.3905558
	speed: 0.3213s/iter; left time: 24912.8217s
	iters: 6000, epoch: 1 | loss: 0.3745773
	speed: 0.3213s/iter; left time: 24879.4550s
	iters: 6100, epoch: 1 | loss: 0.4241647
	speed: 0.3214s/iter; left time: 24855.2749s
	iters: 6200, epoch: 1 | loss: 0.3508463
	speed: 0.3213s/iter; left time: 24818.9665s
	iters: 6300, epoch: 1 | loss: 0.3323873
	speed: 0.3214s/iter; left time: 24789.9951s
	iters: 6400, epoch: 1 | loss: 0.3827838
	speed: 0.3214s/iter; left time: 24760.5017s
	iters: 6500, epoch: 1 | loss: 0.3225486
	speed: 0.3214s/iter; left time: 24726.3142s
	iters: 6600, epoch: 1 | loss: 0.5238699
	speed: 0.3213s/iter; left time: 24686.2674s
	iters: 6700, epoch: 1 | loss: 0.3504419
	speed: 0.3214s/iter; left time: 24664.6647s
	iters: 6800, epoch: 1 | loss: 0.3398836
	speed: 0.3215s/iter; left time: 24640.0151s
	iters: 6900, epoch: 1 | loss: 0.3541552
	speed: 0.3215s/iter; left time: 24608.2832s
	iters: 7000, epoch: 1 | loss: 0.3619234
	speed: 0.3217s/iter; left time: 24587.8620s
	iters: 7100, epoch: 1 | loss: 0.2904128
	speed: 0.3215s/iter; left time: 24543.4590s
	iters: 7200, epoch: 1 | loss: 0.3658139
	speed: 0.3215s/iter; left time: 24513.4727s
	iters: 7300, epoch: 1 | loss: 0.3879711
	speed: 0.3215s/iter; left time: 24481.1912s
	iters: 7400, epoch: 1 | loss: 0.4395214
	speed: 0.3214s/iter; left time: 24438.7212s
	iters: 7500, epoch: 1 | loss: 0.2878842
	speed: 0.3214s/iter; left time: 24409.2969s
	iters: 7600, epoch: 1 | loss: 0.5748746
	speed: 0.3215s/iter; left time: 24385.5987s
	iters: 7700, epoch: 1 | loss: 0.6564028
	speed: 0.3215s/iter; left time: 24349.4072s
	iters: 7800, epoch: 1 | loss: 0.7058848
	speed: 0.3213s/iter; left time: 24307.1013s
	iters: 7900, epoch: 1 | loss: 0.5562983
	speed: 0.3215s/iter; left time: 24283.8854s
	iters: 8000, epoch: 1 | loss: 0.6897894
	speed: 0.3214s/iter; left time: 24243.4519s
	iters: 8100, epoch: 1 | loss: 0.4930137
	speed: 0.3214s/iter; left time: 24212.5591s
	iters: 8200, epoch: 1 | loss: 0.5272778
	speed: 0.3213s/iter; left time: 24177.3763s
	iters: 8300, epoch: 1 | loss: 0.6200225
	speed: 0.3213s/iter; left time: 24142.3974s
Epoch: 1 cost time: 2687.1652171611786
Epoch: 1, Steps: 8344 | Train Loss: 0.3887603 Vali Loss: 0.5638952 Test Loss: 0.6341641
Validation loss decreased (inf --> 0.563895).  Saving model ...
Updating learning rate to 0.001
	iters: 100, epoch: 2 | loss: 0.5401390
	speed: 7.1077s/iter; left time: 533054.8416s
	iters: 200, epoch: 2 | loss: 0.4520271
	speed: 0.3214s/iter; left time: 24068.4783s
	iters: 300, epoch: 2 | loss: 0.5830876
	speed: 0.3214s/iter; left time: 24041.3730s
	iters: 400, epoch: 2 | loss: 0.5525502
	speed: 0.3214s/iter; left time: 24008.3361s
	iters: 500, epoch: 2 | loss: 0.4338922
	speed: 0.3214s/iter; left time: 23972.3823s
	iters: 600, epoch: 2 | loss: 0.6378503
	speed: 0.3214s/iter; left time: 23941.3475s
	iters: 700, epoch: 2 | loss: 0.5802211
	speed: 0.3214s/iter; left time: 23914.3496s
	iters: 800, epoch: 2 | loss: 0.5785637
	speed: 0.3215s/iter; left time: 23884.6272s
	iters: 900, epoch: 2 | loss: 0.4605570
	speed: 0.3213s/iter; left time: 23843.0556s
	iters: 1000, epoch: 2 | loss: 0.4584155
	speed: 0.3214s/iter; left time: 23816.3985s
	iters: 1100, epoch: 2 | loss: 0.4553897
	speed: 0.3214s/iter; left time: 23783.5609s
	iters: 1200, epoch: 2 | loss: 0.4269120
	speed: 0.3214s/iter; left time: 23746.8406s
	iters: 1300, epoch: 2 | loss: 0.3921862
	speed: 0.3214s/iter; left time: 23717.5464s
	iters: 1400, epoch: 2 | loss: 0.5100138
	speed: 0.3215s/iter; left time: 23690.8712s
	iters: 1500, epoch: 2 | loss: 0.6643015
	speed: 0.3215s/iter; left time: 23658.7725s
	iters: 1600, epoch: 2 | loss: 0.4098673
	speed: 0.3214s/iter; left time: 23624.5207s
	iters: 1700, epoch: 2 | loss: 0.3413006
	speed: 0.3214s/iter; left time: 23590.2818s
	iters: 1800, epoch: 2 | loss: 0.3959320
	speed: 0.3213s/iter; left time: 23552.0889s
	iters: 1900, epoch: 2 | loss: 0.3167962
	speed: 0.3214s/iter; left time: 23526.8380s
	iters: 2000, epoch: 2 | loss: 0.4532689
	speed: 0.3214s/iter; left time: 23493.5174s
	iters: 2100, epoch: 2 | loss: 0.4486433
	speed: 0.3214s/iter; left time: 23462.4021s
	iters: 2200, epoch: 2 | loss: 0.3746772
	speed: 0.3214s/iter; left time: 23426.9143s
	iters: 2300, epoch: 2 | loss: 0.3287430
	speed: 0.3214s/iter; left time: 23394.3453s
	iters: 2400, epoch: 2 | loss: 0.3573896
	speed: 0.3214s/iter; left time: 23362.1339s
	iters: 2500, epoch: 2 | loss: 0.3594048
	speed: 0.3214s/iter; left time: 23331.9654s
	iters: 2600, epoch: 2 | loss: 0.3325477
	speed: 0.3214s/iter; left time: 23300.1349s
	iters: 2700, epoch: 2 | loss: 0.3847499
	speed: 0.3213s/iter; left time: 23264.6931s
	iters: 2800, epoch: 2 | loss: 0.3274952
	speed: 0.3214s/iter; left time: 23234.3477s
	iters: 2900, epoch: 2 | loss: 0.4239618
	speed: 0.3215s/iter; left time: 23209.1223s
	iters: 3000, epoch: 2 | loss: 0.4096409
	speed: 0.3214s/iter; left time: 23168.5710s
	iters: 3100, epoch: 2 | loss: 0.4643734
	speed: 0.3214s/iter; left time: 23142.6263s
	iters: 3200, epoch: 2 | loss: 0.4647985
	speed: 0.3215s/iter; left time: 23112.1815s
	iters: 3300, epoch: 2 | loss: 0.3842061
	speed: 0.3214s/iter; left time: 23072.2398s
	iters: 3400, epoch: 2 | loss: 0.5071013
	speed: 0.3213s/iter; left time: 23034.9708s
	iters: 3500, epoch: 2 | loss: 0.3872667
	speed: 0.3213s/iter; left time: 23006.6260s
	iters: 3600, epoch: 2 | loss: 0.3763230
	speed: 0.3213s/iter; left time: 22975.1331s
	iters: 3700, epoch: 2 | loss: 0.3407605
	speed: 0.3215s/iter; left time: 22953.7424s
	iters: 3800, epoch: 2 | loss: 0.3824785
	speed: 0.3213s/iter; left time: 22909.8571s
	iters: 3900, epoch: 2 | loss: 0.6279706
	speed: 0.3214s/iter; left time: 22883.6877s
	iters: 4000, epoch: 2 | loss: 0.3724634
	speed: 0.3215s/iter; left time: 22855.5940s
	iters: 4100, epoch: 2 | loss: 0.3886585
	speed: 0.3215s/iter; left time: 22823.8967s
	iters: 4200, epoch: 2 | loss: 0.4040023
	speed: 0.3215s/iter; left time: 22792.5308s
	iters: 4300, epoch: 2 | loss: 0.4972998
	speed: 0.3215s/iter; left time: 22760.0827s
	iters: 4400, epoch: 2 | loss: 0.5049848
	speed: 0.3214s/iter; left time: 22722.1189s
	iters: 4500, epoch: 2 | loss: 0.5425133
	speed: 0.3214s/iter; left time: 22691.3771s
	iters: 4600, epoch: 2 | loss: 0.4487123
	speed: 0.3216s/iter; left time: 22669.6966s
	iters: 4700, epoch: 2 | loss: 0.4619427
	speed: 0.3216s/iter; left time: 22638.1902s
	iters: 4800, epoch: 2 | loss: 0.4303589
	speed: 0.3215s/iter; left time: 22600.2995s
	iters: 4900, epoch: 2 | loss: 0.3171371
	speed: 0.3216s/iter; left time: 22574.6274s
	iters: 5000, epoch: 2 | loss: 0.4769971
	speed: 0.3215s/iter; left time: 22538.8067s
	iters: 5100, epoch: 2 | loss: 0.3892336
	speed: 0.3216s/iter; left time: 22511.2574s
	iters: 5200, epoch: 2 | loss: 0.5204999
	speed: 0.3216s/iter; left time: 22475.4030s
	iters: 5300, epoch: 2 | loss: 0.4040117
	speed: 0.3215s/iter; left time: 22442.5083s
	iters: 5400, epoch: 2 | loss: 0.4704453
	speed: 0.3217s/iter; left time: 22418.0927s
	iters: 5500, epoch: 2 | loss: 0.4428600
	speed: 0.3216s/iter; left time: 22379.1211s
	iters: 5600, epoch: 2 | loss: 0.3500118
	speed: 0.3216s/iter; left time: 22351.4430s
	iters: 5700, epoch: 2 | loss: 0.6620019
	speed: 0.3215s/iter; left time: 22307.9808s
	iters: 5800, epoch: 2 | loss: 0.6472741
	speed: 0.3215s/iter; left time: 22281.5841s
	iters: 5900, epoch: 2 | loss: 0.9739701
	speed: 0.3214s/iter; left time: 22241.1172s
	iters: 6000, epoch: 2 | loss: 0.6554934
	speed: 0.3215s/iter; left time: 22211.2888s
	iters: 6100, epoch: 2 | loss: 0.6095709
	speed: 0.3214s/iter; left time: 22178.0037s
	iters: 6200, epoch: 2 | loss: 0.7719811
	speed: 0.3215s/iter; left time: 22147.0688s
	iters: 6300, epoch: 2 | loss: 0.6420906
	speed: 0.3215s/iter; left time: 22118.8329s
	iters: 6400, epoch: 2 | loss: 0.7673331
	speed: 0.3214s/iter; left time: 22078.4335s
	iters: 6500, epoch: 2 | loss: 0.5974631
	speed: 0.3215s/iter; left time: 22053.8019s
	iters: 6600, epoch: 2 | loss: 0.5478047
	speed: 0.3215s/iter; left time: 22019.3222s
	iters: 6700, epoch: 2 | loss: 0.6417870
	speed: 0.3215s/iter; left time: 21990.3050s
	iters: 6800, epoch: 2 | loss: 0.8100714
	speed: 0.3215s/iter; left time: 21955.5707s
	iters: 6900, epoch: 2 | loss: 0.6777780
	speed: 0.3215s/iter; left time: 21927.4101s
	iters: 7000, epoch: 2 | loss: 0.6445823
	speed: 0.3215s/iter; left time: 21893.0201s
	iters: 7100, epoch: 2 | loss: 0.6208692
	speed: 0.3216s/iter; left time: 21864.4585s
	iters: 7200, epoch: 2 | loss: 0.4881674
	speed: 0.3215s/iter; left time: 21829.2827s
	iters: 7300, epoch: 2 | loss: 0.5270245
	speed: 0.3215s/iter; left time: 21799.6115s
	iters: 7400, epoch: 2 | loss: 0.4507168
	speed: 0.3216s/iter; left time: 21768.2241s
	iters: 7500, epoch: 2 | loss: 0.8644781
	speed: 0.3216s/iter; left time: 21736.8154s
	iters: 7600, epoch: 2 | loss: 0.5247629
	speed: 0.3216s/iter; left time: 21707.6770s
	iters: 7700, epoch: 2 | loss: 0.4384994
	speed: 0.3216s/iter; left time: 21675.4013s
	iters: 7800, epoch: 2 | loss: 0.4896152
	speed: 0.3216s/iter; left time: 21641.4893s
	iters: 7900, epoch: 2 | loss: 0.6961861
	speed: 0.3216s/iter; left time: 21609.2939s
	iters: 8000, epoch: 2 | loss: 0.4374065
	speed: 0.3215s/iter; left time: 21570.1028s
	iters: 8100, epoch: 2 | loss: 0.3880509
	speed: 0.3215s/iter; left time: 21540.4205s
	iters: 8200, epoch: 2 | loss: 0.4346441
	speed: 0.3215s/iter; left time: 21507.6063s
	iters: 8300, epoch: 2 | loss: 0.3989032
	speed: 0.3216s/iter; left time: 21480.7543s
Epoch: 2 cost time: 2682.6534559726715
Epoch: 2, Steps: 8344 | Train Loss: 0.4928194 Vali Loss: 0.3987785 Test Loss: 0.4621323
Validation loss decreased (0.563895 --> 0.398779).  Saving model ...
Updating learning rate to 0.0005
	iters: 100, epoch: 3 | loss: 0.3272892
	speed: 7.1186s/iter; left time: 474473.8769s
	iters: 200, epoch: 3 | loss: 0.3445413
	speed: 0.3212s/iter; left time: 21377.2572s
	iters: 300, epoch: 3 | loss: 0.3637993
	speed: 0.3211s/iter; left time: 21339.0773s
	iters: 400, epoch: 3 | loss: 0.4378658
	speed: 0.3212s/iter; left time: 21311.6573s
	iters: 500, epoch: 3 | loss: 0.3843703
	speed: 0.3213s/iter; left time: 21284.2890s
	iters: 600, epoch: 3 | loss: 0.4273565
	speed: 0.3213s/iter; left time: 21256.5679s
	iters: 700, epoch: 3 | loss: 0.4818870
	speed: 0.3213s/iter; left time: 21224.0466s
	iters: 800, epoch: 3 | loss: 0.4344255
	speed: 0.3212s/iter; left time: 21187.2311s
	iters: 900, epoch: 3 | loss: 0.4239842
	speed: 0.3212s/iter; left time: 21155.1075s
	iters: 1000, epoch: 3 | loss: 0.4464243
	speed: 0.3213s/iter; left time: 21124.2309s
	iters: 1100, epoch: 3 | loss: 0.4719028
	speed: 0.3213s/iter; left time: 21094.4630s
	iters: 1200, epoch: 3 | loss: 0.3534335
	speed: 0.3213s/iter; left time: 21062.0783s
	iters: 1300, epoch: 3 | loss: 0.4258927
	speed: 0.3212s/iter; left time: 21024.7822s
	iters: 1400, epoch: 3 | loss: 0.3393500
	speed: 0.3212s/iter; left time: 20992.5529s
	iters: 1500, epoch: 3 | loss: 0.3764354
	speed: 0.3212s/iter; left time: 20956.4454s
	iters: 1600, epoch: 3 | loss: 0.3386084
	speed: 0.3212s/iter; left time: 20929.1410s
	iters: 1700, epoch: 3 | loss: 0.3516098
	speed: 0.3212s/iter; left time: 20896.1796s
	iters: 1800, epoch: 3 | loss: 0.3082023
	speed: 0.3213s/iter; left time: 20866.3046s
	iters: 1900, epoch: 3 | loss: 0.3674780
	speed: 0.3213s/iter; left time: 20835.9015s
	iters: 2000, epoch: 3 | loss: 0.3610529
	speed: 0.3212s/iter; left time: 20799.9577s
	iters: 2100, epoch: 3 | loss: 0.4025165
	speed: 0.3212s/iter; left time: 20767.5006s
	iters: 2200, epoch: 3 | loss: 0.3817205
	speed: 0.3212s/iter; left time: 20731.7066s
	iters: 2300, epoch: 3 | loss: 0.4173557
	speed: 0.3212s/iter; left time: 20703.6178s
	iters: 2400, epoch: 3 | loss: 0.5382291
	speed: 0.3211s/iter; left time: 20665.5292s
	iters: 2500, epoch: 3 | loss: 0.4125563
	speed: 0.3211s/iter; left time: 20634.1207s
	iters: 2600, epoch: 3 | loss: 0.4146582
	speed: 0.3211s/iter; left time: 20602.2921s
	iters: 2700, epoch: 3 | loss: 0.5145514
	speed: 0.3212s/iter; left time: 20572.7521s
	iters: 2800, epoch: 3 | loss: 0.4217801
	speed: 0.3213s/iter; left time: 20546.4231s
	iters: 2900, epoch: 3 | loss: 0.3776113
	speed: 0.3212s/iter; left time: 20512.4928s
	iters: 3000, epoch: 3 | loss: 0.3756434
	speed: 0.3212s/iter; left time: 20474.9195s
	iters: 3100, epoch: 3 | loss: 0.3718496
	speed: 0.3213s/iter; left time: 20448.7326s
	iters: 3200, epoch: 3 | loss: 0.3516728
	speed: 0.3211s/iter; left time: 20407.5848s
	iters: 3300, epoch: 3 | loss: 0.4605596
	speed: 0.3211s/iter; left time: 20375.8140s
	iters: 3400, epoch: 3 | loss: 0.5217144
	speed: 0.3211s/iter; left time: 20340.6715s
	iters: 3500, epoch: 3 | loss: 0.4679792
	speed: 0.3211s/iter; left time: 20313.6387s
	iters: 3600, epoch: 3 | loss: 0.3311104
	speed: 0.3212s/iter; left time: 20284.1324s
	iters: 3700, epoch: 3 | loss: 0.3836202
	speed: 0.3213s/iter; left time: 20256.1758s
	iters: 3800, epoch: 3 | loss: 0.3698142
	speed: 0.3212s/iter; left time: 20219.7972s
	iters: 3900, epoch: 3 | loss: 0.3056335
	speed: 0.3212s/iter; left time: 20187.1946s
	iters: 4000, epoch: 3 | loss: 0.3661303
	speed: 0.3212s/iter; left time: 20156.0882s
	iters: 4100, epoch: 3 | loss: 0.3397658
	speed: 0.3210s/iter; left time: 20114.2869s
	iters: 4200, epoch: 3 | loss: 0.2940162
	speed: 0.3213s/iter; left time: 20098.2485s
	iters: 4300, epoch: 3 | loss: 0.3214388
	speed: 0.3212s/iter; left time: 20061.8983s
	iters: 4400, epoch: 3 | loss: 0.3626876
	speed: 0.3213s/iter; left time: 20032.2401s
	iters: 4500, epoch: 3 | loss: 0.3447018
	speed: 0.3211s/iter; left time: 19989.8381s
	iters: 4600, epoch: 3 | loss: 0.3192019
	speed: 0.3212s/iter; left time: 19965.4529s
	iters: 4700, epoch: 3 | loss: 0.3144673
	speed: 0.3212s/iter; left time: 19932.8386s
	iters: 4800, epoch: 3 | loss: 0.3280129
	speed: 0.3212s/iter; left time: 19901.7510s
	iters: 4900, epoch: 3 | loss: 0.3917781
	speed: 0.3213s/iter; left time: 19871.1064s
	iters: 5000, epoch: 3 | loss: 0.3844812
	speed: 0.3212s/iter; left time: 19837.6125s
	iters: 5100, epoch: 3 | loss: 0.2953359
	speed: 0.3213s/iter; left time: 19807.7430s
	iters: 5200, epoch: 3 | loss: 0.3014218
	speed: 0.3212s/iter; left time: 19772.2567s
	iters: 5300, epoch: 3 | loss: 0.3278860
	speed: 0.3212s/iter; left time: 19741.4989s
	iters: 5400, epoch: 3 | loss: 0.2768386
	speed: 0.3213s/iter; left time: 19710.1732s
	iters: 5500, epoch: 3 | loss: 0.3186708
	speed: 0.3212s/iter; left time: 19675.0575s
	iters: 5600, epoch: 3 | loss: 0.3068773
	speed: 0.3213s/iter; left time: 19647.9460s
	iters: 5700, epoch: 3 | loss: 0.3831762
	speed: 0.3213s/iter; left time: 19614.9099s
	iters: 5800, epoch: 3 | loss: 0.3592528
	speed: 0.3212s/iter; left time: 19580.8632s
	iters: 5900, epoch: 3 | loss: 0.3676695
	speed: 0.3212s/iter; left time: 19546.5317s
	iters: 6000, epoch: 3 | loss: 0.4712372
	speed: 0.3213s/iter; left time: 19521.5611s
	iters: 6100, epoch: 3 | loss: 0.3516033
	speed: 0.3213s/iter; left time: 19487.2488s
	iters: 6200, epoch: 3 | loss: 0.3707296
	speed: 0.3213s/iter; left time: 19456.8433s
	iters: 6300, epoch: 3 | loss: 0.4390745
	speed: 0.3213s/iter; left time: 19421.7302s
	iters: 6400, epoch: 3 | loss: 0.2808643
	speed: 0.3213s/iter; left time: 19392.7834s
	iters: 6500, epoch: 3 | loss: 0.3244650
	speed: 0.3213s/iter; left time: 19356.3860s
	iters: 6600, epoch: 3 | loss: 0.3126005
	speed: 0.3213s/iter; left time: 19324.1712s
	iters: 6700, epoch: 3 | loss: 0.3337569
	speed: 0.3213s/iter; left time: 19293.4861s
	iters: 6800, epoch: 3 | loss: 0.3165902
	speed: 0.3213s/iter; left time: 19262.5871s
	iters: 6900, epoch: 3 | loss: 0.3332086
	speed: 0.3213s/iter; left time: 19231.1905s
	iters: 7000, epoch: 3 | loss: 0.3424917
	speed: 0.3213s/iter; left time: 19198.4109s
	iters: 7100, epoch: 3 | loss: 0.3160658
	speed: 0.3212s/iter; left time: 19161.2433s
	iters: 7200, epoch: 3 | loss: 0.3203554
	speed: 0.3213s/iter; left time: 19133.5898s
	iters: 7300, epoch: 3 | loss: 0.3081916
	speed: 0.3213s/iter; left time: 19101.7662s
	iters: 7400, epoch: 3 | loss: 0.2875478
	speed: 0.3212s/iter; left time: 19066.1864s
	iters: 7500, epoch: 3 | loss: 0.3169539
	speed: 0.3213s/iter; left time: 19038.5168s
	iters: 7600, epoch: 3 | loss: 0.3963955
	speed: 0.3213s/iter; left time: 19005.2178s
	iters: 7700, epoch: 3 | loss: 0.2872118
	speed: 0.3212s/iter; left time: 18969.9512s
	iters: 7800, epoch: 3 | loss: 0.3332497
	speed: 0.3213s/iter; left time: 18939.1723s
	iters: 7900, epoch: 3 | loss: 0.2892664
	speed: 0.3213s/iter; left time: 18908.7602s
	iters: 8000, epoch: 3 | loss: 0.3251411
	speed: 0.3213s/iter; left time: 18875.2491s
	iters: 8100, epoch: 3 | loss: 0.2931786
	speed: 0.3212s/iter; left time: 18841.3609s
	iters: 8200, epoch: 3 | loss: 0.2912484
	speed: 0.3212s/iter; left time: 18808.0987s
	iters: 8300, epoch: 3 | loss: 0.3178993
	speed: 0.3213s/iter; left time: 18778.5388s
Epoch: 3 cost time: 2680.7781052589417
Epoch: 3, Steps: 8344 | Train Loss: 0.3684065 Vali Loss: 0.3182680 Test Loss: 0.3337075
Validation loss decreased (0.398779 --> 0.318268).  Saving model ...
Updating learning rate to 0.00025
	iters: 100, epoch: 4 | loss: 0.2913031
	speed: 7.1244s/iter; left time: 415413.9511s
	iters: 200, epoch: 4 | loss: 0.2892686
	speed: 0.3214s/iter; left time: 18709.0340s
	iters: 300, epoch: 4 | loss: 0.3141447
	speed: 0.3213s/iter; left time: 18672.3292s
	iters: 400, epoch: 4 | loss: 0.3151639
	speed: 0.3214s/iter; left time: 18644.8113s
	iters: 500, epoch: 4 | loss: 0.3198353
	speed: 0.3214s/iter; left time: 18610.0802s
	iters: 600, epoch: 4 | loss: 0.2961792
	speed: 0.3214s/iter; left time: 18579.0735s
	iters: 700, epoch: 4 | loss: 0.3188258
	speed: 0.3214s/iter; left time: 18549.5124s
	iters: 800, epoch: 4 | loss: 0.3379119
	speed: 0.3214s/iter; left time: 18515.1569s
	iters: 900, epoch: 4 | loss: 0.3178343
	speed: 0.3214s/iter; left time: 18485.6990s
	iters: 1000, epoch: 4 | loss: 0.3616289
	speed: 0.3214s/iter; left time: 18453.5605s
	iters: 1100, epoch: 4 | loss: 0.3097832
	speed: 0.3213s/iter; left time: 18414.8145s
	iters: 1200, epoch: 4 | loss: 0.3305617
	speed: 0.3214s/iter; left time: 18388.6157s
	iters: 1300, epoch: 4 | loss: 0.2980030
	speed: 0.3214s/iter; left time: 18354.7951s
	iters: 1400, epoch: 4 | loss: 0.4003516
	speed: 0.3215s/iter; left time: 18330.2811s
	iters: 1500, epoch: 4 | loss: 0.3078661
	speed: 0.3215s/iter; left time: 18294.9889s
	iters: 1600, epoch: 4 | loss: 0.2929877
	speed: 0.3215s/iter; left time: 18265.8666s
	iters: 1700, epoch: 4 | loss: 0.3521370
	speed: 0.3215s/iter; left time: 18234.1428s
	iters: 1800, epoch: 4 | loss: 0.4064195
	speed: 0.3216s/iter; left time: 18205.0064s
	iters: 1900, epoch: 4 | loss: 0.3400715
	speed: 0.3215s/iter; left time: 18169.4473s
	iters: 2000, epoch: 4 | loss: 0.3165049
	speed: 0.3215s/iter; left time: 18136.6094s
	iters: 2100, epoch: 4 | loss: 0.3313748
	speed: 0.3215s/iter; left time: 18104.5373s
	iters: 2200, epoch: 4 | loss: 0.3530265
	speed: 0.3216s/iter; left time: 18074.3676s
	iters: 2300, epoch: 4 | loss: 0.3097427
	speed: 0.3215s/iter; left time: 18039.8112s
	iters: 2400, epoch: 4 | loss: 0.2967698
	speed: 0.3215s/iter; left time: 18005.5379s
	iters: 2500, epoch: 4 | loss: 0.3418028
	speed: 0.3216s/iter; left time: 17978.8302s
	iters: 2600, epoch: 4 | loss: 0.3567858
	speed: 0.3215s/iter; left time: 17944.6616s
	iters: 2700, epoch: 4 | loss: 0.2807171
	speed: 0.3215s/iter; left time: 17909.0726s
	iters: 2800, epoch: 4 | loss: 0.3252177
	speed: 0.3215s/iter; left time: 17878.7984s
	iters: 2900, epoch: 4 | loss: 0.3483941
	speed: 0.3215s/iter; left time: 17845.7109s
	iters: 3000, epoch: 4 | loss: 0.3375312
	speed: 0.3215s/iter; left time: 17812.7639s
	iters: 3100, epoch: 4 | loss: 0.3202066
	speed: 0.3215s/iter; left time: 17782.9945s
	iters: 3200, epoch: 4 | loss: 0.3069104
	speed: 0.3214s/iter; left time: 17744.1810s
	iters: 3300, epoch: 4 | loss: 0.3217134
	speed: 0.3215s/iter; left time: 17718.7090s
	iters: 3400, epoch: 4 | loss: 0.3430863
	speed: 0.3215s/iter; left time: 17683.3451s
	iters: 3500, epoch: 4 | loss: 0.2749031
	speed: 0.3215s/iter; left time: 17654.9012s
	iters: 3600, epoch: 4 | loss: 0.3689279
	speed: 0.3214s/iter; left time: 17616.6584s
	iters: 3700, epoch: 4 | loss: 0.3570887
	speed: 0.3215s/iter; left time: 17588.8671s
	iters: 3800, epoch: 4 | loss: 0.3059632
	speed: 0.3214s/iter; left time: 17552.6854s
	iters: 3900, epoch: 4 | loss: 0.2825562
	speed: 0.3215s/iter; left time: 17526.9689s
	iters: 4000, epoch: 4 | loss: 0.3579381
	speed: 0.3215s/iter; left time: 17490.6583s
	iters: 4100, epoch: 4 | loss: 0.3041280
	speed: 0.3215s/iter; left time: 17460.2237s
	iters: 4200, epoch: 4 | loss: 0.3461753
	speed: 0.3215s/iter; left time: 17430.3217s
	iters: 4300, epoch: 4 | loss: 0.3267772
	speed: 0.3216s/iter; left time: 17399.2226s
	iters: 4400, epoch: 4 | loss: 0.2800981
	speed: 0.3215s/iter; left time: 17362.2623s
	iters: 4500, epoch: 4 | loss: 0.3118308
	speed: 0.3215s/iter; left time: 17331.2472s
	iters: 4600, epoch: 4 | loss: 0.3278116
	speed: 0.3214s/iter; left time: 17294.3188s
	iters: 4700, epoch: 4 | loss: 0.4088178
	speed: 0.3215s/iter; left time: 17268.0570s
	iters: 4800, epoch: 4 | loss: 0.3191131
	speed: 0.3215s/iter; left time: 17237.1530s
	iters: 4900, epoch: 4 | loss: 0.2981830
	speed: 0.3215s/iter; left time: 17202.2482s
	iters: 5000, epoch: 4 | loss: 0.3813266
	speed: 0.3215s/iter; left time: 17169.5405s
	iters: 5100, epoch: 4 | loss: 0.2819381
	speed: 0.3215s/iter; left time: 17139.4737s
	iters: 5200, epoch: 4 | loss: 0.3396268
	speed: 0.3215s/iter; left time: 17107.2661s
	iters: 5300, epoch: 4 | loss: 0.2923538
	speed: 0.3215s/iter; left time: 17075.6945s
	iters: 5400, epoch: 4 | loss: 0.3070002
	speed: 0.3215s/iter; left time: 17041.8960s
	iters: 5500, epoch: 4 | loss: 0.2656936
	speed: 0.3215s/iter; left time: 17009.7626s
	iters: 5600, epoch: 4 | loss: 0.2798591
	speed: 0.3215s/iter; left time: 16980.0488s
	iters: 5700, epoch: 4 | loss: 0.3586078
	speed: 0.3215s/iter; left time: 16946.2213s
	iters: 5800, epoch: 4 | loss: 0.2761478
	speed: 0.3215s/iter; left time: 16915.0551s
	iters: 5900, epoch: 4 | loss: 0.3005401
	speed: 0.3215s/iter; left time: 16882.9067s
	iters: 6000, epoch: 4 | loss: 0.3558507
	speed: 0.3215s/iter; left time: 16850.3474s
	iters: 6100, epoch: 4 | loss: 0.2998314
	speed: 0.3216s/iter; left time: 16821.9848s
	iters: 6200, epoch: 4 | loss: 0.2904552
	speed: 0.3215s/iter; left time: 16785.4334s
	iters: 6300, epoch: 4 | loss: 0.2889074
	speed: 0.3215s/iter; left time: 16752.2273s
	iters: 6400, epoch: 4 | loss: 0.2850754
	speed: 0.3215s/iter; left time: 16721.7500s
	iters: 6500, epoch: 4 | loss: 0.3150051
	speed: 0.3215s/iter; left time: 16686.2557s
	iters: 6600, epoch: 4 | loss: 0.2950784
	speed: 0.3216s/iter; left time: 16659.6437s
	iters: 6700, epoch: 4 | loss: 0.3209974
	speed: 0.3215s/iter; left time: 16621.9018s
	iters: 6800, epoch: 4 | loss: 0.2844792
	speed: 0.3215s/iter; left time: 16592.6431s
	iters: 6900, epoch: 4 | loss: 0.2876227
	speed: 0.3215s/iter; left time: 16561.3001s
	iters: 7000, epoch: 4 | loss: 0.3072815
	speed: 0.3215s/iter; left time: 16528.8836s
	iters: 7100, epoch: 4 | loss: 0.3214834
	speed: 0.3215s/iter; left time: 16497.6038s
	iters: 7200, epoch: 4 | loss: 0.3179057
	speed: 0.3215s/iter; left time: 16465.4700s
	iters: 7300, epoch: 4 | loss: 0.2990872
	speed: 0.3215s/iter; left time: 16433.5550s
	iters: 7400, epoch: 4 | loss: 0.3166581
	speed: 0.3215s/iter; left time: 16401.2646s
	iters: 7500, epoch: 4 | loss: 0.2991094
	speed: 0.3216s/iter; left time: 16369.9901s
	iters: 7600, epoch: 4 | loss: 0.2927564
	speed: 0.3215s/iter; left time: 16336.1213s
	iters: 7700, epoch: 4 | loss: 0.3438426
	speed: 0.3215s/iter; left time: 16303.3349s
	iters: 7800, epoch: 4 | loss: 0.4578837
	speed: 0.3215s/iter; left time: 16272.8938s
	iters: 7900, epoch: 4 | loss: 0.3463933
	speed: 0.3215s/iter; left time: 16241.1599s
	iters: 8000, epoch: 4 | loss: 0.2966650
	speed: 0.3216s/iter; left time: 16211.6693s
	iters: 8100, epoch: 4 | loss: 0.3771854
	speed: 0.3216s/iter; left time: 16177.3718s
	iters: 8200, epoch: 4 | loss: 0.2886763
	speed: 0.3215s/iter; left time: 16142.1890s
	iters: 8300, epoch: 4 | loss: 0.3169387
	speed: 0.3215s/iter; left time: 16109.9483s
Epoch: 4 cost time: 2682.9472229480743
Epoch: 4, Steps: 8344 | Train Loss: 0.3173603 Vali Loss: 0.3086220 Test Loss: 0.3236596
Validation loss decreased (0.318268 --> 0.308622).  Saving model ...
Updating learning rate to 0.000125
	iters: 100, epoch: 5 | loss: 0.3044538
	speed: 7.1148s/iter; left time: 355491.3563s
	iters: 200, epoch: 5 | loss: 0.2759326
	speed: 0.3214s/iter; left time: 16027.4565s
	iters: 300, epoch: 5 | loss: 0.3168482
	speed: 0.3213s/iter; left time: 15991.6649s
	iters: 400, epoch: 5 | loss: 0.3018305
	speed: 0.3214s/iter; left time: 15960.4238s
	iters: 500, epoch: 5 | loss: 0.3001262
	speed: 0.3214s/iter; left time: 15930.4215s
	iters: 600, epoch: 5 | loss: 0.2919656
	speed: 0.3214s/iter; left time: 15897.7419s
	iters: 700, epoch: 5 | loss: 0.2860443
	speed: 0.3214s/iter; left time: 15864.0257s
	iters: 800, epoch: 5 | loss: 0.3420489
	speed: 0.3213s/iter; left time: 15829.2935s
	iters: 900, epoch: 5 | loss: 0.2993332
	speed: 0.3214s/iter; left time: 15799.8874s
	iters: 1000, epoch: 5 | loss: 0.3043495
	speed: 0.3213s/iter; left time: 15765.3739s
	iters: 1100, epoch: 5 | loss: 0.2948940
	speed: 0.3214s/iter; left time: 15735.4525s
	iters: 1200, epoch: 5 | loss: 0.3316455
	speed: 0.3214s/iter; left time: 15705.4187s
	iters: 1300, epoch: 5 | loss: 0.3047118
	speed: 0.3214s/iter; left time: 15672.6961s
	iters: 1400, epoch: 5 | loss: 0.3213505
	speed: 0.3214s/iter; left time: 15642.6401s
	iters: 1500, epoch: 5 | loss: 0.2791744
	speed: 0.3214s/iter; left time: 15606.7580s
	iters: 1600, epoch: 5 | loss: 0.3016447
	speed: 0.3214s/iter; left time: 15577.3905s
	iters: 1700, epoch: 5 | loss: 0.3622678
	speed: 0.3214s/iter; left time: 15543.7208s
	iters: 1800, epoch: 5 | loss: 0.2828243
	speed: 0.3214s/iter; left time: 15514.1769s
	iters: 1900, epoch: 5 | loss: 0.3153146
	speed: 0.3214s/iter; left time: 15480.1596s
	iters: 2000, epoch: 5 | loss: 0.3040035
	speed: 0.3214s/iter; left time: 15448.1800s
	iters: 2100, epoch: 5 | loss: 0.2804072
	speed: 0.3214s/iter; left time: 15415.6504s
	iters: 2200, epoch: 5 | loss: 0.2952135
	speed: 0.3214s/iter; left time: 15382.2847s
	iters: 2300, epoch: 5 | loss: 0.2689712
	speed: 0.3214s/iter; left time: 15350.9001s
	iters: 2400, epoch: 5 | loss: 0.3129137
	speed: 0.3214s/iter; left time: 15320.4319s
	iters: 2500, epoch: 5 | loss: 0.3132344
	speed: 0.3214s/iter; left time: 15289.4223s
	iters: 2600, epoch: 5 | loss: 0.3070163
	speed: 0.3214s/iter; left time: 15256.6232s
	iters: 2700, epoch: 5 | loss: 0.2887564
	speed: 0.3215s/iter; left time: 15226.1372s
	iters: 2800, epoch: 5 | loss: 0.2814621
	speed: 0.3214s/iter; left time: 15189.6786s
	iters: 2900, epoch: 5 | loss: 0.2979919
	speed: 0.3214s/iter; left time: 15159.7593s
	iters: 3000, epoch: 5 | loss: 0.2873772
	speed: 0.3214s/iter; left time: 15127.0095s
	iters: 3100, epoch: 5 | loss: 0.2752352
	speed: 0.3214s/iter; left time: 15093.4932s
	iters: 3200, epoch: 5 | loss: 0.2895998
	speed: 0.3214s/iter; left time: 15060.9710s
	iters: 3300, epoch: 5 | loss: 0.3031327
	speed: 0.3214s/iter; left time: 15028.6322s
	iters: 3400, epoch: 5 | loss: 0.3176084
	speed: 0.3214s/iter; left time: 14999.8248s
	iters: 3500, epoch: 5 | loss: 0.2781175
	speed: 0.3214s/iter; left time: 14965.3540s
	iters: 3600, epoch: 5 | loss: 0.2982537
	speed: 0.3215s/iter; left time: 14937.7725s
	iters: 3700, epoch: 5 | loss: 0.3009870
	speed: 0.3214s/iter; left time: 14902.2901s
	iters: 3800, epoch: 5 | loss: 0.2813134
	speed: 0.3214s/iter; left time: 14868.2752s
	iters: 3900, epoch: 5 | loss: 0.2950661
	speed: 0.3214s/iter; left time: 14838.6212s
	iters: 4000, epoch: 5 | loss: 0.2688932
	speed: 0.3214s/iter; left time: 14804.9375s
	iters: 4100, epoch: 5 | loss: 0.3257873
	speed: 0.3214s/iter; left time: 14775.0684s
	iters: 4200, epoch: 5 | loss: 0.2762271
	speed: 0.3214s/iter; left time: 14741.8797s
	iters: 4300, epoch: 5 | loss: 0.3098760
	speed: 0.3214s/iter; left time: 14710.3395s
	iters: 4400, epoch: 5 | loss: 0.3058288
	speed: 0.3214s/iter; left time: 14675.7809s
	iters: 4500, epoch: 5 | loss: 0.2836773
	speed: 0.3214s/iter; left time: 14645.9004s
	iters: 4600, epoch: 5 | loss: 0.3018455
	speed: 0.3214s/iter; left time: 14613.5921s
	iters: 4700, epoch: 5 | loss: 0.2881266
	speed: 0.3214s/iter; left time: 14581.3881s
	iters: 4800, epoch: 5 | loss: 0.2801740
	speed: 0.3215s/iter; left time: 14551.3733s
	iters: 4900, epoch: 5 | loss: 0.2940435
	speed: 0.3213s/iter; left time: 14511.8260s
	iters: 5000, epoch: 5 | loss: 0.3175003
	speed: 0.3215s/iter; left time: 14486.6507s
	iters: 5100, epoch: 5 | loss: 0.2893327
	speed: 0.3215s/iter; left time: 14456.1532s
	iters: 5200, epoch: 5 | loss: 0.2812274
	speed: 0.3214s/iter; left time: 14420.2746s
	iters: 5300, epoch: 5 | loss: 0.2982639
	speed: 0.3214s/iter; left time: 14387.3889s
	iters: 5400, epoch: 5 | loss: 0.2572270
	speed: 0.3215s/iter; left time: 14358.0040s
	iters: 5500, epoch: 5 | loss: 0.3158094
	speed: 0.3215s/iter; left time: 14326.5641s
	iters: 5600, epoch: 5 | loss: 0.2832569
	speed: 0.3214s/iter; left time: 14290.8613s
	iters: 5700, epoch: 5 | loss: 0.3138211
	speed: 0.3214s/iter; left time: 14258.2157s
	iters: 5800, epoch: 5 | loss: 0.2833670
	speed: 0.3214s/iter; left time: 14227.8911s
	iters: 5900, epoch: 5 | loss: 0.2863635
	speed: 0.3215s/iter; left time: 14197.4024s
	iters: 6000, epoch: 5 | loss: 0.2861669
	speed: 0.3215s/iter; left time: 14166.0077s
	iters: 6100, epoch: 5 | loss: 0.2928092
	speed: 0.3214s/iter; left time: 14130.9689s
	iters: 6200, epoch: 5 | loss: 0.2769065
	speed: 0.3215s/iter; left time: 14102.9694s
	iters: 6300, epoch: 5 | loss: 0.2712305
	speed: 0.3214s/iter; left time: 14066.6740s
	iters: 6400, epoch: 5 | loss: 0.2698210
	speed: 0.3215s/iter; left time: 14037.4590s
	iters: 6500, epoch: 5 | loss: 0.2671155
	speed: 0.3214s/iter; left time: 14001.9823s
	iters: 6600, epoch: 5 | loss: 0.2582915
	speed: 0.3214s/iter; left time: 13970.7191s
	iters: 6700, epoch: 5 | loss: 0.3304077
	speed: 0.3214s/iter; left time: 13937.7328s
	iters: 6800, epoch: 5 | loss: 0.2898137
	speed: 0.3214s/iter; left time: 13905.1558s
	iters: 6900, epoch: 5 | loss: 0.2869314
	speed: 0.3215s/iter; left time: 13876.8450s
	iters: 7000, epoch: 5 | loss: 0.3102074
	speed: 0.3215s/iter; left time: 13843.8312s
	iters: 7100, epoch: 5 | loss: 0.3114096
	speed: 0.3215s/iter; left time: 13811.4660s
	iters: 7200, epoch: 5 | loss: 0.2892160
	speed: 0.3214s/iter; left time: 13776.6716s
	iters: 7300, epoch: 5 | loss: 0.2728545
	speed: 0.3214s/iter; left time: 13746.0859s
	iters: 7400, epoch: 5 | loss: 0.2861754
	speed: 0.3215s/iter; left time: 13717.2601s
	iters: 7500, epoch: 5 | loss: 0.2812984
	speed: 0.3214s/iter; left time: 13679.8929s
	iters: 7600, epoch: 5 | loss: 0.2818014
	speed: 0.3214s/iter; left time: 13649.8836s
	iters: 7700, epoch: 5 | loss: 0.2873447
	speed: 0.3214s/iter; left time: 13614.8233s
	iters: 7800, epoch: 5 | loss: 0.2860401
	speed: 0.3215s/iter; left time: 13586.8103s
	iters: 7900, epoch: 5 | loss: 0.3104104
	speed: 0.3214s/iter; left time: 13550.8934s
	iters: 8000, epoch: 5 | loss: 0.2842071
	speed: 0.3215s/iter; left time: 13523.8352s
	iters: 8100, epoch: 5 | loss: 0.2706565
	speed: 0.3215s/iter; left time: 13490.9713s
	iters: 8200, epoch: 5 | loss: 0.2764418
	speed: 0.3215s/iter; left time: 13458.7853s
	iters: 8300, epoch: 5 | loss: 0.3121779
	speed: 0.3215s/iter; left time: 13425.4296s
Epoch: 5 cost time: 2682.3275871276855
Epoch: 5, Steps: 8344 | Train Loss: 0.2964767 Vali Loss: 0.2921784 Test Loss: 0.3042095
Validation loss decreased (0.308622 --> 0.292178).  Saving model ...
Updating learning rate to 6.25e-05
	iters: 100, epoch: 6 | loss: 0.2963577
	speed: 7.0954s/iter; left time: 295315.8791s
	iters: 200, epoch: 6 | loss: 0.2840863
	speed: 0.3216s/iter; left time: 13352.8570s
	iters: 300, epoch: 6 | loss: 0.2787048
	speed: 0.3216s/iter; left time: 13322.8629s
	iters: 400, epoch: 6 | loss: 0.2821381
	speed: 0.3215s/iter; left time: 13286.4206s
	iters: 500, epoch: 6 | loss: 0.2814572
	speed: 0.3216s/iter; left time: 13255.9308s
	iters: 600, epoch: 6 | loss: 0.3162051
	speed: 0.3216s/iter; left time: 13222.8405s
	iters: 700, epoch: 6 | loss: 0.2787825
	speed: 0.3215s/iter; left time: 13189.5441s
	iters: 800, epoch: 6 | loss: 0.2988583
	speed: 0.3215s/iter; left time: 13157.8737s
	iters: 900, epoch: 6 | loss: 0.2910343
	speed: 0.3215s/iter; left time: 13124.4211s
	iters: 1000, epoch: 6 | loss: 0.2693329
	speed: 0.3214s/iter; left time: 13088.4374s
	iters: 1100, epoch: 6 | loss: 0.2850250
	speed: 0.3214s/iter; left time: 13055.2353s
	iters: 1200, epoch: 6 | loss: 0.2810245
	speed: 0.3215s/iter; left time: 13027.4818s
	iters: 1300, epoch: 6 | loss: 0.2551188
	speed: 0.3214s/iter; left time: 12989.4570s
	iters: 1400, epoch: 6 | loss: 0.2730202
	speed: 0.3215s/iter; left time: 12961.7820s
	iters: 1500, epoch: 6 | loss: 0.2848003
	speed: 0.3214s/iter; left time: 12927.7378s
	iters: 1600, epoch: 6 | loss: 0.2816001
	speed: 0.3214s/iter; left time: 12894.6057s
	iters: 1700, epoch: 6 | loss: 0.2892694
	speed: 0.3215s/iter; left time: 12867.9084s
	iters: 1800, epoch: 6 | loss: 0.3006928
	speed: 0.3216s/iter; left time: 12837.1259s
	iters: 1900, epoch: 6 | loss: 0.2942930
	speed: 0.3216s/iter; left time: 12807.8323s
	iters: 2000, epoch: 6 | loss: 0.2774488
	speed: 0.3215s/iter; left time: 12769.8266s
	iters: 2100, epoch: 6 | loss: 0.3020945
	speed: 0.3215s/iter; left time: 12736.8134s
	iters: 2200, epoch: 6 | loss: 0.2838705
	speed: 0.3215s/iter; left time: 12706.2114s
	iters: 2300, epoch: 6 | loss: 0.2802787
	speed: 0.3214s/iter; left time: 12671.0819s
	iters: 2400, epoch: 6 | loss: 0.2844574
	speed: 0.3215s/iter; left time: 12642.0174s
	iters: 2500, epoch: 6 | loss: 0.2868316
	speed: 0.3215s/iter; left time: 12609.8616s
	iters: 2600, epoch: 6 | loss: 0.2791637
	speed: 0.3215s/iter; left time: 12578.0436s
	iters: 2700, epoch: 6 | loss: 0.3064395
	speed: 0.3215s/iter; left time: 12544.5783s
	iters: 2800, epoch: 6 | loss: 0.2912723
	speed: 0.3215s/iter; left time: 12511.9780s
	iters: 2900, epoch: 6 | loss: 0.2594219
	speed: 0.3215s/iter; left time: 12479.3703s
	iters: 3000, epoch: 6 | loss: 0.2972301
	speed: 0.3215s/iter; left time: 12450.1000s
	iters: 3100, epoch: 6 | loss: 0.2737584
	speed: 0.3215s/iter; left time: 12418.2644s
	iters: 3200, epoch: 6 | loss: 0.2984028
	speed: 0.3214s/iter; left time: 12382.5584s
	iters: 3300, epoch: 6 | loss: 0.2867454
	speed: 0.3215s/iter; left time: 12351.1293s
	iters: 3400, epoch: 6 | loss: 0.2730357
	speed: 0.3216s/iter; left time: 12322.3121s
	iters: 3500, epoch: 6 | loss: 0.3122508
	speed: 0.3215s/iter; left time: 12287.6998s
	iters: 3600, epoch: 6 | loss: 0.2785794
	speed: 0.3215s/iter; left time: 12255.2912s
	iters: 3700, epoch: 6 | loss: 0.2783199
	speed: 0.3215s/iter; left time: 12225.0453s
	iters: 3800, epoch: 6 | loss: 0.3098238
	speed: 0.3214s/iter; left time: 12187.3486s
	iters: 3900, epoch: 6 | loss: 0.2625179
	speed: 0.3216s/iter; left time: 12162.4901s
	iters: 4000, epoch: 6 | loss: 0.2948984
	speed: 0.3215s/iter; left time: 12128.3064s
	iters: 4100, epoch: 6 | loss: 0.2751980
	speed: 0.3216s/iter; left time: 12099.8181s
	iters: 4200, epoch: 6 | loss: 0.3306788
	speed: 0.3215s/iter; left time: 12064.8077s
	iters: 4300, epoch: 6 | loss: 0.3091274
	speed: 0.3216s/iter; left time: 12033.7338s
	iters: 4400, epoch: 6 | loss: 0.2689877
	speed: 0.3216s/iter; left time: 12003.7610s
	iters: 4500, epoch: 6 | loss: 0.2667993
	speed: 0.3216s/iter; left time: 11968.8073s
	iters: 4600, epoch: 6 | loss: 0.2594937
	speed: 0.3215s/iter; left time: 11935.4949s
	iters: 4700, epoch: 6 | loss: 0.2836614
	speed: 0.3216s/iter; left time: 11906.5652s
	iters: 4800, epoch: 6 | loss: 0.3091651
	speed: 0.3214s/iter; left time: 11865.8973s
	iters: 4900, epoch: 6 | loss: 0.3129803
	speed: 0.3216s/iter; left time: 11840.3369s
	iters: 5000, epoch: 6 | loss: 0.2888572
	speed: 0.3215s/iter; left time: 11806.4194s
	iters: 5100, epoch: 6 | loss: 0.2915581
	speed: 0.3216s/iter; left time: 11777.1477s
	iters: 5200, epoch: 6 | loss: 0.2822466
	speed: 0.3216s/iter; left time: 11745.1791s
	iters: 5300, epoch: 6 | loss: 0.2943094
	speed: 0.3215s/iter; left time: 11710.7736s
	iters: 5400, epoch: 6 | loss: 0.2828872
	speed: 0.3216s/iter; left time: 11680.3591s
	iters: 5500, epoch: 6 | loss: 0.2636738
	speed: 0.3218s/iter; left time: 11654.4491s
	iters: 5600, epoch: 6 | loss: 0.2709765
	speed: 0.3218s/iter; left time: 11625.4044s
	iters: 5700, epoch: 6 | loss: 0.2880662
	speed: 0.3217s/iter; left time: 11586.7489s
	iters: 5800, epoch: 6 | loss: 0.2921146
	speed: 0.3216s/iter; left time: 11551.8644s
	iters: 5900, epoch: 6 | loss: 0.2607916
	speed: 0.3216s/iter; left time: 11520.4149s
	iters: 6000, epoch: 6 | loss: 0.2874524
	speed: 0.3216s/iter; left time: 11489.2997s
	iters: 6100, epoch: 6 | loss: 0.2956572
	speed: 0.3216s/iter; left time: 11457.3086s
	iters: 6200, epoch: 6 | loss: 0.2799632
	speed: 0.3217s/iter; left time: 11425.5916s
	iters: 6300, epoch: 6 | loss: 0.2982022
	speed: 0.3216s/iter; left time: 11391.9832s
	iters: 6400, epoch: 6 | loss: 0.3623434
	speed: 0.3217s/iter; left time: 11362.6283s
	iters: 6500, epoch: 6 | loss: 0.2574473
	speed: 0.3216s/iter; left time: 11328.6300s
	iters: 6600, epoch: 6 | loss: 0.2662605
	speed: 0.3216s/iter; left time: 11294.7544s
	iters: 6700, epoch: 6 | loss: 0.2967314
	speed: 0.3216s/iter; left time: 11264.0544s
	iters: 6800, epoch: 6 | loss: 0.2651080
	speed: 0.3216s/iter; left time: 11230.2631s
	iters: 6900, epoch: 6 | loss: 0.2635846
	speed: 0.3216s/iter; left time: 11197.5188s
	iters: 7000, epoch: 6 | loss: 0.3018296
	speed: 0.3216s/iter; left time: 11167.0800s
	iters: 7100, epoch: 6 | loss: 0.2874271
	speed: 0.3216s/iter; left time: 11134.7569s
	iters: 7200, epoch: 6 | loss: 0.2797151
	speed: 0.3216s/iter; left time: 11103.0756s
	iters: 7300, epoch: 6 | loss: 0.2823179
	speed: 0.3216s/iter; left time: 11071.0757s
	iters: 7400, epoch: 6 | loss: 0.2877886
	speed: 0.3217s/iter; left time: 11040.0295s
	iters: 7500, epoch: 6 | loss: 0.2926190
	speed: 0.3217s/iter; left time: 11009.0415s
	iters: 7600, epoch: 6 | loss: 0.2787806
	speed: 0.3216s/iter; left time: 10973.6403s
	iters: 7700, epoch: 6 | loss: 0.2707276
	speed: 0.3217s/iter; left time: 10943.5451s
	iters: 7800, epoch: 6 | loss: 0.2737827
	speed: 0.3216s/iter; left time: 10910.1598s
	iters: 7900, epoch: 6 | loss: 0.2618701
	speed: 0.3217s/iter; left time: 10881.5341s
	iters: 8000, epoch: 6 | loss: 0.2595001
	speed: 0.3217s/iter; left time: 10848.6583s
	iters: 8100, epoch: 6 | loss: 0.2660110
	speed: 0.3217s/iter; left time: 10815.1374s
	iters: 8200, epoch: 6 | loss: 0.2843237
	speed: 0.3216s/iter; left time: 10781.2950s
	iters: 8300, epoch: 6 | loss: 0.2654434
	speed: 0.3216s/iter; left time: 10749.1481s
Epoch: 6 cost time: 2683.548190355301
Epoch: 6, Steps: 8344 | Train Loss: 0.2867007 Vali Loss: 0.2885772 Test Loss: 0.3024306
Validation loss decreased (0.292178 --> 0.288577).  Saving model ...
Updating learning rate to 3.125e-05
	iters: 100, epoch: 7 | loss: 0.2640902
	speed: 7.1245s/iter; left time: 237082.2680s
	iters: 200, epoch: 7 | loss: 0.2772840
	speed: 0.3212s/iter; left time: 10657.6741s
	iters: 300, epoch: 7 | loss: 0.3059290
	speed: 0.3212s/iter; left time: 10625.6931s
	iters: 400, epoch: 7 | loss: 0.2745615
	speed: 0.3213s/iter; left time: 10594.8532s
	iters: 500, epoch: 7 | loss: 0.2660350
	speed: 0.3212s/iter; left time: 10560.8790s
	iters: 600, epoch: 7 | loss: 0.3061090
	speed: 0.3212s/iter; left time: 10528.4917s
	iters: 700, epoch: 7 | loss: 0.3573639
	speed: 0.3212s/iter; left time: 10496.9891s
	iters: 800, epoch: 7 | loss: 0.3108224
	speed: 0.3213s/iter; left time: 10465.5101s
	iters: 900, epoch: 7 | loss: 0.2741131
	speed: 0.3212s/iter; left time: 10431.2002s
	iters: 1000, epoch: 7 | loss: 0.2823268
	speed: 0.3213s/iter; left time: 10402.8233s
	iters: 1100, epoch: 7 | loss: 0.2772188
	speed: 0.3212s/iter; left time: 10367.3745s
	iters: 1200, epoch: 7 | loss: 0.2691158
	speed: 0.3213s/iter; left time: 10338.2592s
	iters: 1300, epoch: 7 | loss: 0.2871898
	speed: 0.3211s/iter; left time: 10300.8578s
	iters: 1400, epoch: 7 | loss: 0.2722309
	speed: 0.3212s/iter; left time: 10271.8083s
	iters: 1500, epoch: 7 | loss: 0.2954050
	speed: 0.3212s/iter; left time: 10239.5705s
	iters: 1600, epoch: 7 | loss: 0.2925093
	speed: 0.3213s/iter; left time: 10208.9328s
	iters: 1700, epoch: 7 | loss: 0.2810730
	speed: 0.3212s/iter; left time: 10176.2271s
	iters: 1800, epoch: 7 | loss: 0.2636138
	speed: 0.3213s/iter; left time: 10145.6725s
	iters: 1900, epoch: 7 | loss: 0.3208484
	speed: 0.3212s/iter; left time: 10110.7597s
	iters: 2000, epoch: 7 | loss: 0.2911368
	speed: 0.3213s/iter; left time: 10080.3418s
	iters: 2100, epoch: 7 | loss: 0.3109894
	speed: 0.3213s/iter; left time: 10048.6691s
	iters: 2200, epoch: 7 | loss: 0.2624088
	speed: 0.3213s/iter; left time: 10016.4518s
	iters: 2300, epoch: 7 | loss: 0.2622882
	speed: 0.3213s/iter; left time: 9985.9026s
	iters: 2400, epoch: 7 | loss: 0.3349085
	speed: 0.3213s/iter; left time: 9952.7748s
	iters: 2500, epoch: 7 | loss: 0.2661500
	speed: 0.3213s/iter; left time: 9919.3975s
	iters: 2600, epoch: 7 | loss: 0.2875670
	speed: 0.3213s/iter; left time: 9888.8546s
	iters: 2700, epoch: 7 | loss: 0.2769365
	speed: 0.3213s/iter; left time: 9855.1998s
	iters: 2800, epoch: 7 | loss: 0.2874843
	speed: 0.3213s/iter; left time: 9824.8167s
	iters: 2900, epoch: 7 | loss: 0.2624384
	speed: 0.3213s/iter; left time: 9791.0202s
	iters: 3000, epoch: 7 | loss: 0.3732827
	speed: 0.3212s/iter; left time: 9758.2785s
	iters: 3100, epoch: 7 | loss: 0.2837010
	speed: 0.3213s/iter; left time: 9727.4278s
	iters: 3200, epoch: 7 | loss: 0.3050308
	speed: 0.3213s/iter; left time: 9695.7861s
	iters: 3300, epoch: 7 | loss: 0.3391180
	speed: 0.3213s/iter; left time: 9663.7690s
	iters: 3400, epoch: 7 | loss: 0.2501243
	speed: 0.3213s/iter; left time: 9631.3008s
	iters: 3500, epoch: 7 | loss: 0.2807596
	speed: 0.3214s/iter; left time: 9602.4274s
	iters: 3600, epoch: 7 | loss: 0.2852294
	speed: 0.3213s/iter; left time: 9567.1627s
	iters: 3700, epoch: 7 | loss: 0.2798416
	speed: 0.3213s/iter; left time: 9536.4850s
	iters: 3800, epoch: 7 | loss: 0.2711701
	speed: 0.3213s/iter; left time: 9503.5236s
	iters: 3900, epoch: 7 | loss: 0.3055038
	speed: 0.3213s/iter; left time: 9470.6495s
	iters: 4000, epoch: 7 | loss: 0.2854147
	speed: 0.3213s/iter; left time: 9438.5178s
	iters: 4100, epoch: 7 | loss: 0.2634875
	speed: 0.3213s/iter; left time: 9405.2895s
	iters: 4200, epoch: 7 | loss: 0.3037699
	speed: 0.3213s/iter; left time: 9374.7353s
	iters: 4300, epoch: 7 | loss: 0.2956688
	speed: 0.3213s/iter; left time: 9343.8600s
	iters: 4400, epoch: 7 | loss: 0.3160060
	speed: 0.3214s/iter; left time: 9312.7110s
	iters: 4500, epoch: 7 | loss: 0.2664893
	speed: 0.3213s/iter; left time: 9278.1735s
	iters: 4600, epoch: 7 | loss: 0.2680497
	speed: 0.3213s/iter; left time: 9247.1351s
	iters: 4700, epoch: 7 | loss: 0.2674165
	speed: 0.3214s/iter; left time: 9215.8539s
	iters: 4800, epoch: 7 | loss: 0.2723680
	speed: 0.3213s/iter; left time: 9182.9123s
	iters: 4900, epoch: 7 | loss: 0.3540739
	speed: 0.3213s/iter; left time: 9150.6893s
	iters: 5000, epoch: 7 | loss: 0.2681777
	speed: 0.3213s/iter; left time: 9118.1029s
	iters: 5100, epoch: 7 | loss: 0.2746037
	speed: 0.3214s/iter; left time: 9087.2011s
	iters: 5200, epoch: 7 | loss: 0.2709464
	speed: 0.3213s/iter; left time: 9053.8500s
	iters: 5300, epoch: 7 | loss: 0.2944029
	speed: 0.3214s/iter; left time: 9023.2929s
	iters: 5400, epoch: 7 | loss: 0.2754099
	speed: 0.3212s/iter; left time: 8987.0634s
	iters: 5500, epoch: 7 | loss: 0.3028093
	speed: 0.3213s/iter; left time: 8958.1344s
	iters: 5600, epoch: 7 | loss: 0.2756802
	speed: 0.3214s/iter; left time: 8926.3139s
	iters: 5700, epoch: 7 | loss: 0.2863671
	speed: 0.3214s/iter; left time: 8894.4839s
	iters: 5800, epoch: 7 | loss: 0.2664040
	speed: 0.3213s/iter; left time: 8861.2733s
	iters: 5900, epoch: 7 | loss: 0.2736000
	speed: 0.3214s/iter; left time: 8830.2660s
	iters: 6000, epoch: 7 | loss: 0.3186696
	speed: 0.3214s/iter; left time: 8799.6714s
	iters: 6100, epoch: 7 | loss: 0.2697516
	speed: 0.3214s/iter; left time: 8765.8763s
	iters: 6200, epoch: 7 | loss: 0.2682418
	speed: 0.3214s/iter; left time: 8735.9248s
	iters: 6300, epoch: 7 | loss: 0.2643797
	speed: 0.3214s/iter; left time: 8702.4095s
	iters: 6400, epoch: 7 | loss: 0.2982902
	speed: 0.3214s/iter; left time: 8669.7985s
	iters: 6500, epoch: 7 | loss: 0.2732883
	speed: 0.3214s/iter; left time: 8638.2435s
	iters: 6600, epoch: 7 | loss: 0.2667819
	speed: 0.3213s/iter; left time: 8603.7817s
	iters: 6700, epoch: 7 | loss: 0.2897946
	speed: 0.3214s/iter; left time: 8572.9528s
	iters: 6800, epoch: 7 | loss: 0.2636653
	speed: 0.3213s/iter; left time: 8540.1460s
	iters: 6900, epoch: 7 | loss: 0.2899977
	speed: 0.3214s/iter; left time: 8510.3045s
	iters: 7000, epoch: 7 | loss: 0.3032153
	speed: 0.3214s/iter; left time: 8477.0296s
	iters: 7100, epoch: 7 | loss: 0.2598159
	speed: 0.3214s/iter; left time: 8445.3581s
	iters: 7200, epoch: 7 | loss: 0.2673211
	speed: 0.3214s/iter; left time: 8413.4032s
	iters: 7300, epoch: 7 | loss: 0.2944824
	speed: 0.3215s/iter; left time: 8382.7715s
	iters: 7400, epoch: 7 | loss: 0.2797476
	speed: 0.3216s/iter; left time: 8354.2675s
	iters: 7500, epoch: 7 | loss: 0.3075448
	speed: 0.3216s/iter; left time: 8321.0226s
	iters: 7600, epoch: 7 | loss: 0.3080975
	speed: 0.3216s/iter; left time: 8289.4960s
	iters: 7700, epoch: 7 | loss: 0.2614379
	speed: 0.3216s/iter; left time: 8257.1428s
	iters: 7800, epoch: 7 | loss: 0.2753694
	speed: 0.3216s/iter; left time: 8224.5431s
	iters: 7900, epoch: 7 | loss: 0.2624928
	speed: 0.3216s/iter; left time: 8193.0540s
	iters: 8000, epoch: 7 | loss: 0.3034738
	speed: 0.3216s/iter; left time: 8160.4042s
	iters: 8100, epoch: 7 | loss: 0.2732530
	speed: 0.3216s/iter; left time: 8128.6888s
	iters: 8200, epoch: 7 | loss: 0.2892904
	speed: 0.3215s/iter; left time: 8095.3534s
	iters: 8300, epoch: 7 | loss: 0.2919781
	speed: 0.3216s/iter; left time: 8063.5646s
Epoch: 7 cost time: 2681.671235561371
Epoch: 7, Steps: 8344 | Train Loss: 0.2829268 Vali Loss: 0.2855053 Test Loss: 0.2980882
Validation loss decreased (0.288577 --> 0.285505).  Saving model ...
Updating learning rate to 1.5625e-05
	iters: 100, epoch: 8 | loss: 0.2644336
	speed: 7.1114s/iter; left time: 177308.6077s
	iters: 200, epoch: 8 | loss: 0.2928752
	speed: 0.3214s/iter; left time: 7981.9764s
	iters: 300, epoch: 8 | loss: 0.2662257
	speed: 0.3214s/iter; left time: 7950.2689s
	iters: 400, epoch: 8 | loss: 0.3142629
	speed: 0.3214s/iter; left time: 7917.7707s
	iters: 500, epoch: 8 | loss: 0.2724658
	speed: 0.3214s/iter; left time: 7884.7076s
	iters: 600, epoch: 8 | loss: 0.2667191
	speed: 0.3214s/iter; left time: 7852.9757s
	iters: 700, epoch: 8 | loss: 0.2784074
	speed: 0.3214s/iter; left time: 7821.1878s
	iters: 800, epoch: 8 | loss: 0.2934804
	speed: 0.3214s/iter; left time: 7788.1278s
	iters: 900, epoch: 8 | loss: 0.3049525
	speed: 0.3214s/iter; left time: 7757.0005s
	iters: 1000, epoch: 8 | loss: 0.2693199
	speed: 0.3214s/iter; left time: 7723.3074s
	iters: 1100, epoch: 8 | loss: 0.2699848
	speed: 0.3214s/iter; left time: 7693.2192s
	iters: 1200, epoch: 8 | loss: 0.2549960
	speed: 0.3214s/iter; left time: 7658.9684s
	iters: 1300, epoch: 8 | loss: 0.2809301
	speed: 0.3214s/iter; left time: 7628.0168s
	iters: 1400, epoch: 8 | loss: 0.2583219
	speed: 0.3214s/iter; left time: 7595.2631s
	iters: 1500, epoch: 8 | loss: 0.2891441
	speed: 0.3214s/iter; left time: 7562.7433s
	iters: 1600, epoch: 8 | loss: 0.2646663
	speed: 0.3214s/iter; left time: 7532.0009s
	iters: 1700, epoch: 8 | loss: 0.2747966
	speed: 0.3212s/iter; left time: 7494.0230s
	iters: 1800, epoch: 8 | loss: 0.2790378
	speed: 0.3214s/iter; left time: 7467.3519s
	iters: 1900, epoch: 8 | loss: 0.3020192
	speed: 0.3214s/iter; left time: 7434.2751s
	iters: 2000, epoch: 8 | loss: 0.2893918
	speed: 0.3213s/iter; left time: 7401.5645s
	iters: 2100, epoch: 8 | loss: 0.2657434
	speed: 0.3214s/iter; left time: 7370.0110s
	iters: 2200, epoch: 8 | loss: 0.2627908
	speed: 0.3213s/iter; left time: 7337.3329s
	iters: 2300, epoch: 8 | loss: 0.2551025
	speed: 0.3214s/iter; left time: 7306.9693s
	iters: 2400, epoch: 8 | loss: 0.2750433
	speed: 0.3214s/iter; left time: 7275.1355s
	iters: 2500, epoch: 8 | loss: 0.3033860
	speed: 0.3214s/iter; left time: 7241.2031s
	iters: 2600, epoch: 8 | loss: 0.2774017
	speed: 0.3214s/iter; left time: 7209.3231s
	iters: 2700, epoch: 8 | loss: 0.2682730
	speed: 0.3215s/iter; left time: 7179.1752s
	iters: 2800, epoch: 8 | loss: 0.2616393
	speed: 0.3214s/iter; left time: 7145.4598s
	iters: 2900, epoch: 8 | loss: 0.2638868
	speed: 0.3214s/iter; left time: 7114.1160s
	iters: 3000, epoch: 8 | loss: 0.2841340
	speed: 0.3214s/iter; left time: 7082.2175s
	iters: 3100, epoch: 8 | loss: 0.3021356
	speed: 0.3214s/iter; left time: 7048.9438s
	iters: 3200, epoch: 8 | loss: 0.2637952
	speed: 0.3214s/iter; left time: 7017.2748s
	iters: 3300, epoch: 8 | loss: 0.2512503
	speed: 0.3214s/iter; left time: 6985.3236s
	iters: 3400, epoch: 8 | loss: 0.2942656
	speed: 0.3214s/iter; left time: 6953.3875s
	iters: 3500, epoch: 8 | loss: 0.2660158
	speed: 0.3214s/iter; left time: 6919.9032s
	iters: 3600, epoch: 8 | loss: 0.2671139
	speed: 0.3214s/iter; left time: 6888.9970s
	iters: 3700, epoch: 8 | loss: 0.2765752
	speed: 0.3214s/iter; left time: 6856.9392s
	iters: 3800, epoch: 8 | loss: 0.2843022
	speed: 0.3214s/iter; left time: 6824.6156s
	iters: 3900, epoch: 8 | loss: 0.2753462
	speed: 0.3215s/iter; left time: 6793.9025s
	iters: 4000, epoch: 8 | loss: 0.2791859
	speed: 0.3214s/iter; left time: 6759.4069s
	iters: 4100, epoch: 8 | loss: 0.2591138
	speed: 0.3215s/iter; left time: 6728.9899s
	iters: 4200, epoch: 8 | loss: 0.2712225
	speed: 0.3214s/iter; left time: 6694.7219s
	iters: 4300, epoch: 8 | loss: 0.2689542
	speed: 0.3215s/iter; left time: 6664.9838s
	iters: 4400, epoch: 8 | loss: 0.2889962
	speed: 0.3215s/iter; left time: 6633.1980s
	iters: 4500, epoch: 8 | loss: 0.2895107
	speed: 0.3215s/iter; left time: 6602.2562s
	iters: 4600, epoch: 8 | loss: 0.2947030
	speed: 0.3215s/iter; left time: 6569.8271s
	iters: 4700, epoch: 8 | loss: 0.2729564
	speed: 0.3215s/iter; left time: 6536.9421s
	iters: 4800, epoch: 8 | loss: 0.2789853
	speed: 0.3215s/iter; left time: 6505.3809s
	iters: 4900, epoch: 8 | loss: 0.2714785
	speed: 0.3215s/iter; left time: 6472.9016s
	iters: 5000, epoch: 8 | loss: 0.2602184
	speed: 0.3215s/iter; left time: 6441.0263s
	iters: 5100, epoch: 8 | loss: 0.2972549
	speed: 0.3215s/iter; left time: 6407.9837s
	iters: 5200, epoch: 8 | loss: 0.2823664
	speed: 0.3215s/iter; left time: 6376.8458s
	iters: 5300, epoch: 8 | loss: 0.2733140
	speed: 0.3215s/iter; left time: 6344.1549s
	iters: 5400, epoch: 8 | loss: 0.2889898
	speed: 0.3215s/iter; left time: 6312.1885s
	iters: 5500, epoch: 8 | loss: 0.2919726
	speed: 0.3214s/iter; left time: 6278.3666s
	iters: 5600, epoch: 8 | loss: 0.2730206
	speed: 0.3215s/iter; left time: 6246.9749s
	iters: 5700, epoch: 8 | loss: 0.3136549
	speed: 0.3215s/iter; left time: 6214.8005s
	iters: 5800, epoch: 8 | loss: 0.2618906
	speed: 0.3214s/iter; left time: 6182.4454s
	iters: 5900, epoch: 8 | loss: 0.2627381
	speed: 0.3214s/iter; left time: 6149.6938s
	iters: 6000, epoch: 8 | loss: 0.3050902
	speed: 0.3215s/iter; left time: 6119.0204s
	iters: 6100, epoch: 8 | loss: 0.2595564
	speed: 0.3214s/iter; left time: 6085.6236s
	iters: 6200, epoch: 8 | loss: 0.2781420
	speed: 0.3215s/iter; left time: 6054.4079s
	iters: 6300, epoch: 8 | loss: 0.2938011
	speed: 0.3215s/iter; left time: 6021.9734s
	iters: 6400, epoch: 8 | loss: 0.3198297
	speed: 0.3215s/iter; left time: 5989.9097s
	iters: 6500, epoch: 8 | loss: 0.2626175
	speed: 0.3215s/iter; left time: 5957.7088s
	iters: 6600, epoch: 8 | loss: 0.2676695
	speed: 0.3215s/iter; left time: 5926.0077s
	iters: 6700, epoch: 8 | loss: 0.2688408
	speed: 0.3215s/iter; left time: 5893.6111s
	iters: 6800, epoch: 8 | loss: 0.2843156
	speed: 0.3214s/iter; left time: 5860.9558s
	iters: 6900, epoch: 8 | loss: 0.2546282
	speed: 0.3214s/iter; left time: 5827.9270s
	iters: 7000, epoch: 8 | loss: 0.2927547
	speed: 0.3215s/iter; left time: 5797.8498s
	iters: 7100, epoch: 8 | loss: 0.2842636
	speed: 0.3215s/iter; left time: 5764.6425s
	iters: 7200, epoch: 8 | loss: 0.2826672
	speed: 0.3216s/iter; left time: 5734.6072s
	iters: 7300, epoch: 8 | loss: 0.2936378
	speed: 0.3215s/iter; left time: 5700.4303s
	iters: 7400, epoch: 8 | loss: 0.2792588
	speed: 0.3215s/iter; left time: 5668.4898s
	iters: 7500, epoch: 8 | loss: 0.2700377
	speed: 0.3215s/iter; left time: 5636.0402s
	iters: 7600, epoch: 8 | loss: 0.2749096
	speed: 0.3215s/iter; left time: 5604.3564s
	iters: 7700, epoch: 8 | loss: 0.2943180
	speed: 0.3215s/iter; left time: 5572.2642s
	iters: 7800, epoch: 8 | loss: 0.3009083
	speed: 0.3215s/iter; left time: 5540.2840s
	iters: 7900, epoch: 8 | loss: 0.2870240
	speed: 0.3215s/iter; left time: 5507.9512s
	iters: 8000, epoch: 8 | loss: 0.2817739
	speed: 0.3215s/iter; left time: 5476.9452s
	iters: 8100, epoch: 8 | loss: 0.2743825
	speed: 0.3215s/iter; left time: 5443.3009s
	iters: 8200, epoch: 8 | loss: 0.2817180
	speed: 0.3215s/iter; left time: 5411.9616s
	iters: 8300, epoch: 8 | loss: 0.2859258
	speed: 0.3215s/iter; left time: 5379.7929s
Epoch: 8 cost time: 2682.5187861919403
Epoch: 8, Steps: 8344 | Train Loss: 0.2811839 Vali Loss: 0.2847303 Test Loss: 0.2972285
Validation loss decreased (0.285505 --> 0.284730).  Saving model ...
Updating learning rate to 7.8125e-06
	iters: 100, epoch: 9 | loss: 0.2644313
	speed: 7.1192s/iter; left time: 118099.7143s
	iters: 200, epoch: 9 | loss: 0.3046705
	speed: 0.3213s/iter; left time: 5298.6041s
	iters: 300, epoch: 9 | loss: 0.2962641
	speed: 0.3213s/iter; left time: 5265.3673s
	iters: 400, epoch: 9 | loss: 0.2752487
	speed: 0.3214s/iter; left time: 5234.9690s
	iters: 500, epoch: 9 | loss: 0.2847273
	speed: 0.3214s/iter; left time: 5202.9098s
	iters: 600, epoch: 9 | loss: 0.2613808
	speed: 0.3215s/iter; left time: 5172.8785s
	iters: 700, epoch: 9 | loss: 0.2918924
	speed: 0.3215s/iter; left time: 5140.0182s
	iters: 800, epoch: 9 | loss: 0.2811550
	speed: 0.3215s/iter; left time: 5107.5379s
	iters: 900, epoch: 9 | loss: 0.2897265
	speed: 0.3214s/iter; left time: 5074.7775s
	iters: 1000, epoch: 9 | loss: 0.2905815
	speed: 0.3215s/iter; left time: 5044.4516s
	iters: 1100, epoch: 9 | loss: 0.2645637
	speed: 0.3215s/iter; left time: 5011.1388s
	iters: 1200, epoch: 9 | loss: 0.2970079
	speed: 0.3215s/iter; left time: 4980.2625s
	iters: 1300, epoch: 9 | loss: 0.2922270
	speed: 0.3215s/iter; left time: 4947.6030s
	iters: 1400, epoch: 9 | loss: 0.3253876
	speed: 0.3214s/iter; left time: 4914.4351s
	iters: 1500, epoch: 9 | loss: 0.2679553
	speed: 0.3215s/iter; left time: 4882.6971s
	iters: 1600, epoch: 9 | loss: 0.2996470
	speed: 0.3214s/iter; left time: 4850.2645s
	iters: 1700, epoch: 9 | loss: 0.2693950
	speed: 0.3215s/iter; left time: 4818.5822s
	iters: 1800, epoch: 9 | loss: 0.2612748
	speed: 0.3214s/iter; left time: 4784.9697s
	iters: 1900, epoch: 9 | loss: 0.2542607
	speed: 0.3213s/iter; left time: 4752.0000s
	iters: 2000, epoch: 9 | loss: 0.2771740
	speed: 0.3215s/iter; left time: 4722.1527s
	iters: 2100, epoch: 9 | loss: 0.2965392
	speed: 0.3214s/iter; left time: 4689.1616s
	iters: 2200, epoch: 9 | loss: 0.3001488
	speed: 0.3214s/iter; left time: 4657.0308s
	iters: 2300, epoch: 9 | loss: 0.3046917
	speed: 0.3214s/iter; left time: 4625.1134s
	iters: 2400, epoch: 9 | loss: 0.2774647
	speed: 0.3214s/iter; left time: 4592.8257s
	iters: 2500, epoch: 9 | loss: 0.2722931
	speed: 0.3215s/iter; left time: 4561.5996s
	iters: 2600, epoch: 9 | loss: 0.2707331
	speed: 0.3215s/iter; left time: 4529.2087s
	iters: 2700, epoch: 9 | loss: 0.2656557
	speed: 0.3214s/iter; left time: 4496.2140s
	iters: 2800, epoch: 9 | loss: 0.2752362
	speed: 0.3215s/iter; left time: 4464.9745s
	iters: 2900, epoch: 9 | loss: 0.2671821
	speed: 0.3214s/iter; left time: 4431.6350s
	iters: 3000, epoch: 9 | loss: 0.2628261
	speed: 0.3215s/iter; left time: 4401.0514s
	iters: 3100, epoch: 9 | loss: 0.3009673
	speed: 0.3215s/iter; left time: 4368.5911s
	iters: 3200, epoch: 9 | loss: 0.3227472
	speed: 0.3214s/iter; left time: 4335.7567s
	iters: 3300, epoch: 9 | loss: 0.2916121
	speed: 0.3215s/iter; left time: 4304.2586s
	iters: 3400, epoch: 9 | loss: 0.2622855
	speed: 0.3214s/iter; left time: 4271.4801s
	iters: 3500, epoch: 9 | loss: 0.2830285
	speed: 0.3214s/iter; left time: 4239.1722s
	iters: 3600, epoch: 9 | loss: 0.2888056
	speed: 0.3215s/iter; left time: 4208.0146s
	iters: 3700, epoch: 9 | loss: 0.2881819
	speed: 0.3215s/iter; left time: 4176.0607s
	iters: 3800, epoch: 9 | loss: 0.3100907
	speed: 0.3214s/iter; left time: 4142.1295s
	iters: 3900, epoch: 9 | loss: 0.2733283
	speed: 0.3214s/iter; left time: 4110.7959s
	iters: 4000, epoch: 9 | loss: 0.2671681
	speed: 0.3215s/iter; left time: 4079.0404s
	iters: 4100, epoch: 9 | loss: 0.2986288
	speed: 0.3214s/iter; left time: 4046.0113s
	iters: 4200, epoch: 9 | loss: 0.2590573
	speed: 0.3214s/iter; left time: 4014.3806s
	iters: 4300, epoch: 9 | loss: 0.2855017
	speed: 0.3215s/iter; left time: 3982.7140s
	iters: 4400, epoch: 9 | loss: 0.2591275
	speed: 0.3215s/iter; left time: 3950.6162s
	iters: 4500, epoch: 9 | loss: 0.2777025
	speed: 0.3215s/iter; left time: 3918.9539s
	iters: 4600, epoch: 9 | loss: 0.2635545
	speed: 0.3215s/iter; left time: 3886.7163s
	iters: 4700, epoch: 9 | loss: 0.2780317
	speed: 0.3215s/iter; left time: 3855.0013s
	iters: 4800, epoch: 9 | loss: 0.2998397
	speed: 0.3215s/iter; left time: 3822.2524s
	iters: 4900, epoch: 9 | loss: 0.2694516
	speed: 0.3215s/iter; left time: 3790.2401s
	iters: 5000, epoch: 9 | loss: 0.2618990
	speed: 0.3215s/iter; left time: 3757.5827s
	iters: 5100, epoch: 9 | loss: 0.2706676
	speed: 0.3215s/iter; left time: 3725.9702s
	iters: 5200, epoch: 9 | loss: 0.2753010
	speed: 0.3215s/iter; left time: 3693.9834s
	iters: 5300, epoch: 9 | loss: 0.3072543
	speed: 0.3215s/iter; left time: 3661.7884s
	iters: 5400, epoch: 9 | loss: 0.2918807
	speed: 0.3215s/iter; left time: 3629.4472s
	iters: 5500, epoch: 9 | loss: 0.2967023
	speed: 0.3215s/iter; left time: 3597.6712s
	iters: 5600, epoch: 9 | loss: 0.2675624
	speed: 0.3215s/iter; left time: 3565.3174s
	iters: 5700, epoch: 9 | loss: 0.2656274
	speed: 0.3215s/iter; left time: 3533.3556s
	iters: 5800, epoch: 9 | loss: 0.2690274
	speed: 0.3215s/iter; left time: 3500.7655s
	iters: 5900, epoch: 9 | loss: 0.2747205
	speed: 0.3215s/iter; left time: 3469.0376s
	iters: 6000, epoch: 9 | loss: 0.3159085
	speed: 0.3216s/iter; left time: 3437.0736s
	iters: 6100, epoch: 9 | loss: 0.2739575
	speed: 0.3215s/iter; left time: 3404.3160s
	iters: 6200, epoch: 9 | loss: 0.3043278
	speed: 0.3215s/iter; left time: 3372.6912s
	iters: 6300, epoch: 9 | loss: 0.2769705
	speed: 0.3215s/iter; left time: 3339.9603s
	iters: 6400, epoch: 9 | loss: 0.2755019
	speed: 0.3216s/iter; left time: 3308.7009s
	iters: 6500, epoch: 9 | loss: 0.2439503
	speed: 0.3215s/iter; left time: 3276.0583s
	iters: 6600, epoch: 9 | loss: 0.2551065
	speed: 0.3215s/iter; left time: 3243.7996s
	iters: 6700, epoch: 9 | loss: 0.2756864
	speed: 0.3215s/iter; left time: 3211.3956s
	iters: 6800, epoch: 9 | loss: 0.3123197
	speed: 0.3214s/iter; left time: 3178.7602s
	iters: 6900, epoch: 9 | loss: 0.2870514
	speed: 0.3215s/iter; left time: 3146.9349s
	iters: 7000, epoch: 9 | loss: 0.2619667
	speed: 0.3216s/iter; left time: 3115.6371s
	iters: 7100, epoch: 9 | loss: 0.2823946
	speed: 0.3215s/iter; left time: 3083.1133s
	iters: 7200, epoch: 9 | loss: 0.2768453
	speed: 0.3215s/iter; left time: 3051.0719s
	iters: 7300, epoch: 9 | loss: 0.2634016
	speed: 0.3215s/iter; left time: 3018.5680s
	iters: 7400, epoch: 9 | loss: 0.3238314
	speed: 0.3215s/iter; left time: 2986.8145s
	iters: 7500, epoch: 9 | loss: 0.3164708
	speed: 0.3215s/iter; left time: 2954.2050s
	iters: 7600, epoch: 9 | loss: 0.2814308
	speed: 0.3215s/iter; left time: 2922.1412s
	iters: 7700, epoch: 9 | loss: 0.2687656
	speed: 0.3215s/iter; left time: 2889.8613s
	iters: 7800, epoch: 9 | loss: 0.2723027
	speed: 0.3216s/iter; left time: 2858.7997s
	iters: 7900, epoch: 9 | loss: 0.3620054
	speed: 0.3216s/iter; left time: 2826.5460s
	iters: 8000, epoch: 9 | loss: 0.2928874
	speed: 0.3215s/iter; left time: 2793.9273s
	iters: 8100, epoch: 9 | loss: 0.2609636
	speed: 0.3216s/iter; left time: 2762.4316s
	iters: 8200, epoch: 9 | loss: 0.2703101
	speed: 0.3216s/iter; left time: 2729.6516s
	iters: 8300, epoch: 9 | loss: 0.2589400
	speed: 0.3215s/iter; left time: 2697.2248s
Epoch: 9 cost time: 2682.857264280319
Epoch: 9, Steps: 8344 | Train Loss: 0.2802312 Vali Loss: 0.2840424 Test Loss: 0.2965671
Validation loss decreased (0.284730 --> 0.284042).  Saving model ...
Updating learning rate to 3.90625e-06
	iters: 100, epoch: 10 | loss: 0.3013404
	speed: 7.1232s/iter; left time: 58730.6123s
	iters: 200, epoch: 10 | loss: 0.2572978
	speed: 0.3213s/iter; left time: 2617.3923s
	iters: 300, epoch: 10 | loss: 0.2702945
	speed: 0.3213s/iter; left time: 2585.2294s
	iters: 400, epoch: 10 | loss: 0.2855666
	speed: 0.3214s/iter; left time: 2553.1982s
	iters: 500, epoch: 10 | loss: 0.2650648
	speed: 0.3214s/iter; left time: 2521.3731s
	iters: 600, epoch: 10 | loss: 0.2974533
	speed: 0.3214s/iter; left time: 2488.8768s
	iters: 700, epoch: 10 | loss: 0.2684007
	speed: 0.3213s/iter; left time: 2456.3494s
	iters: 800, epoch: 10 | loss: 0.2926958
	speed: 0.3214s/iter; left time: 2425.0305s
	iters: 900, epoch: 10 | loss: 0.2753841
	speed: 0.3213s/iter; left time: 2392.2334s
	iters: 1000, epoch: 10 | loss: 0.2766665
	speed: 0.3213s/iter; left time: 2360.0635s
	iters: 1100, epoch: 10 | loss: 0.2637662
	speed: 0.3214s/iter; left time: 2328.6576s
	iters: 1200, epoch: 10 | loss: 0.2756510
	speed: 0.3213s/iter; left time: 2295.9573s
	iters: 1300, epoch: 10 | loss: 0.2810827
	speed: 0.3213s/iter; left time: 2263.2837s
	iters: 1400, epoch: 10 | loss: 0.2757044
	speed: 0.3214s/iter; left time: 2231.8153s
	iters: 1500, epoch: 10 | loss: 0.2649573
	speed: 0.3214s/iter; left time: 2199.9718s
	iters: 1600, epoch: 10 | loss: 0.2764448
	speed: 0.3214s/iter; left time: 2167.8532s
	iters: 1700, epoch: 10 | loss: 0.2910241
	speed: 0.3213s/iter; left time: 2135.0615s
	iters: 1800, epoch: 10 | loss: 0.2822154
	speed: 0.3214s/iter; left time: 2103.5118s
	iters: 1900, epoch: 10 | loss: 0.2754402
	speed: 0.3214s/iter; left time: 2071.2153s
	iters: 2000, epoch: 10 | loss: 0.2775993
	speed: 0.3214s/iter; left time: 2039.4408s
	iters: 2100, epoch: 10 | loss: 0.3028030
	speed: 0.3214s/iter; left time: 2006.9111s
	iters: 2200, epoch: 10 | loss: 0.2748392
	speed: 0.3213s/iter; left time: 1974.6565s
	iters: 2300, epoch: 10 | loss: 0.2622130
	speed: 0.3214s/iter; left time: 1942.7286s
	iters: 2400, epoch: 10 | loss: 0.2852291
	speed: 0.3214s/iter; left time: 1910.5264s
	iters: 2500, epoch: 10 | loss: 0.2963926
	speed: 0.3213s/iter; left time: 1878.1387s
	iters: 2600, epoch: 10 | loss: 0.2789720
	speed: 0.3214s/iter; left time: 1846.2496s
	iters: 2700, epoch: 10 | loss: 0.2768067
	speed: 0.3213s/iter; left time: 1813.8329s
	iters: 2800, epoch: 10 | loss: 0.2843425
	speed: 0.3214s/iter; left time: 1782.1256s
	iters: 2900, epoch: 10 | loss: 0.2710474
	speed: 0.3213s/iter; left time: 1749.5998s
	iters: 3000, epoch: 10 | loss: 0.2864474
	speed: 0.3214s/iter; left time: 1717.8685s
	iters: 3100, epoch: 10 | loss: 0.2729711
	speed: 0.3214s/iter; left time: 1685.5947s
	iters: 3200, epoch: 10 | loss: 0.2881409
	speed: 0.3215s/iter; left time: 1653.8766s
	iters: 3300, epoch: 10 | loss: 0.2629120
	speed: 0.3213s/iter; left time: 1620.8283s
	iters: 3400, epoch: 10 | loss: 0.2947718
	speed: 0.3215s/iter; left time: 1589.6097s
	iters: 3500, epoch: 10 | loss: 0.2638957
	speed: 0.3214s/iter; left time: 1557.1631s
	iters: 3600, epoch: 10 | loss: 0.2845553
	speed: 0.3214s/iter; left time: 1524.9451s
	iters: 3700, epoch: 10 | loss: 0.2669814
	speed: 0.3214s/iter; left time: 1493.0089s
	iters: 3800, epoch: 10 | loss: 0.2841816
	speed: 0.3214s/iter; left time: 1460.9593s
	iters: 3900, epoch: 10 | loss: 0.2834956
	speed: 0.3216s/iter; left time: 1429.3368s
	iters: 4000, epoch: 10 | loss: 0.2700867
	speed: 0.3215s/iter; left time: 1396.8272s
	iters: 4100, epoch: 10 | loss: 0.2862576
	speed: 0.3215s/iter; left time: 1364.6584s
	iters: 4200, epoch: 10 | loss: 0.2836789
	speed: 0.3214s/iter; left time: 1332.3778s
	iters: 4300, epoch: 10 | loss: 0.2683200
	speed: 0.3214s/iter; left time: 1300.0153s
	iters: 4400, epoch: 10 | loss: 0.2728162
	speed: 0.3214s/iter; left time: 1267.9820s
	iters: 4500, epoch: 10 | loss: 0.2774760
	speed: 0.3214s/iter; left time: 1235.8446s
	iters: 4600, epoch: 10 | loss: 0.2702652
	speed: 0.3214s/iter; left time: 1203.7541s
	iters: 4700, epoch: 10 | loss: 0.2824280
	speed: 0.3214s/iter; left time: 1171.5606s
	iters: 4800, epoch: 10 | loss: 0.2947860
	speed: 0.3214s/iter; left time: 1139.5168s
	iters: 4900, epoch: 10 | loss: 0.3078485
	speed: 0.3214s/iter; left time: 1107.2412s
	iters: 5000, epoch: 10 | loss: 0.3110289
	speed: 0.3214s/iter; left time: 1075.2281s
	iters: 5100, epoch: 10 | loss: 0.2926760
	speed: 0.3215s/iter; left time: 1043.1866s
	iters: 5200, epoch: 10 | loss: 0.3123723
	speed: 0.3214s/iter; left time: 1010.8927s
	iters: 5300, epoch: 10 | loss: 0.2740533
	speed: 0.3214s/iter; left time: 978.7126s
	iters: 5400, epoch: 10 | loss: 0.2760436
	speed: 0.3214s/iter; left time: 946.4759s
	iters: 5500, epoch: 10 | loss: 0.2637174
	speed: 0.3215s/iter; left time: 914.6475s
	iters: 5600, epoch: 10 | loss: 0.2673950
	speed: 0.3214s/iter; left time: 882.2572s
	iters: 5700, epoch: 10 | loss: 0.2726257
	speed: 0.3214s/iter; left time: 850.1302s
	iters: 5800, epoch: 10 | loss: 0.2679321
	speed: 0.3214s/iter; left time: 817.9242s
	iters: 5900, epoch: 10 | loss: 0.2708969
	speed: 0.3215s/iter; left time: 785.9458s
	iters: 6000, epoch: 10 | loss: 0.2843823
	speed: 0.3214s/iter; left time: 753.7905s
	iters: 6100, epoch: 10 | loss: 0.2865864
	speed: 0.3214s/iter; left time: 721.5713s
	iters: 6200, epoch: 10 | loss: 0.2705578
	speed: 0.3214s/iter; left time: 689.3746s
	iters: 6300, epoch: 10 | loss: 0.2499913
	speed: 0.3214s/iter; left time: 657.3426s
	iters: 6400, epoch: 10 | loss: 0.2646513
	speed: 0.3215s/iter; left time: 625.2586s
	iters: 6500, epoch: 10 | loss: 0.2829922
	speed: 0.3214s/iter; left time: 593.0417s
	iters: 6600, epoch: 10 | loss: 0.2786815
	speed: 0.3215s/iter; left time: 560.9844s
	iters: 6700, epoch: 10 | loss: 0.3135163
	speed: 0.3215s/iter; left time: 528.7956s
	iters: 6800, epoch: 10 | loss: 0.2983608
	speed: 0.3214s/iter; left time: 496.6360s
	iters: 6900, epoch: 10 | loss: 0.2674294
	speed: 0.3215s/iter; left time: 464.5256s
	iters: 7000, epoch: 10 | loss: 0.2608169
	speed: 0.3214s/iter; left time: 432.2625s
	iters: 7100, epoch: 10 | loss: 0.2568147
	speed: 0.3214s/iter; left time: 400.2052s
	iters: 7200, epoch: 10 | loss: 0.2595685
	speed: 0.3214s/iter; left time: 368.0532s
	iters: 7300, epoch: 10 | loss: 0.2858154
	speed: 0.3215s/iter; left time: 335.9338s
	iters: 7400, epoch: 10 | loss: 0.2647510
	speed: 0.3215s/iter; left time: 303.8344s
	iters: 7500, epoch: 10 | loss: 0.2902692
	speed: 0.3215s/iter; left time: 271.6483s
	iters: 7600, epoch: 10 | loss: 0.2859864
	speed: 0.3215s/iter; left time: 239.4994s
	iters: 7700, epoch: 10 | loss: 0.2996640
	speed: 0.3214s/iter; left time: 207.3217s
	iters: 7800, epoch: 10 | loss: 0.2686319
	speed: 0.3214s/iter; left time: 175.1870s
	iters: 7900, epoch: 10 | loss: 0.2738763
	speed: 0.3215s/iter; left time: 143.0495s
	iters: 8000, epoch: 10 | loss: 0.2761096
	speed: 0.3215s/iter; left time: 110.9212s
	iters: 8100, epoch: 10 | loss: 0.2798918
	speed: 0.3214s/iter; left time: 78.7422s
	iters: 8200, epoch: 10 | loss: 0.2949960
	speed: 0.3215s/iter; left time: 46.6213s
	iters: 8300, epoch: 10 | loss: 0.2656610
	speed: 0.3215s/iter; left time: 14.4653s
Epoch: 10 cost time: 2682.2456398010254
Epoch: 10, Steps: 8344 | Train Loss: 0.2798095 Vali Loss: 0.2839077 Test Loss: 0.2969994
Validation loss decreased (0.284042 --> 0.283908).  Saving model ...
Updating learning rate to 1.953125e-06
>>>>>>>testing : long_term_forecast_pems07_h_96_192_iTransformer_custom_ftM_sl96_ll48_pl192_dm512_nh8_el4_dl1_df512_fc3_ebtimeF_dtTrue_srate1.0_sseed7_trainseed2024_Exp_0<<<<<<<<<<<<<<<<<<<<<<<<<<<<<<<<<
test 38036
test shape: (38036, 1, 192, 1613) (38036, 1, 192, 1613)
test shape: (38036, 192, 1613) (38036, 192, 1613)
mse:0.2969960570335388, mae:0.36808329820632935
>>>>>>>Overall time: 34355 seconds<<<<<<<<<<<<<<<<<<<<<<<<<<<<<<<<<
