Args in experiment:
Namespace(activation='gelu', anomaly_ratio=0.25, batch_size=16, c_out=107, checkpoints='./checkpoints/', d_ff=512, d_layers=1, d_model=512, data='custom', data_path='pems10_h.csv', dec_in=107, des='Exp', devices='0,1,2,3', distil=True, dropout=0, e_layers=4, embed='timeF', enc_in=107, factor=3, features='M', freq='h', gap_day=365, gpu=0, inverse=False, is_training=1, itr=1, label_len=48, learning_rate=0.001, loss='MSE', lradj='type1', mask_rate=0.25, model='iTransformer', model_id='pems10_h_96_720', moving_avg=25, n_heads=8, num_kernels=6, num_workers=10, output_attention=False, p_hidden_dims=[128, 128], p_hidden_layers=2, patience=3, pred_len=720, root_path='../../data/pems/', samle_rate=1.0, sample_seed=7, seasonal_patterns='Monthly', seq_len=96, target='OT', task_name='long_term_forecast', top_k=5, train_epochs=10, train_seed=2024, use_amp=False, use_gpu=True, use_multi_gpu=False)
Use GPU: cuda:0
>>>>>>>start training : long_term_forecast_pems10_h_96_720_iTransformer_custom_ftM_sl96_ll48_pl720_dm512_nh8_el4_dl1_df512_fc3_ebtimeF_dtTrue_srate1.0_sseed7_trainseed2024_Exp_0>>>>>>>>>>>>>>>>>>>>>>>>>>
train 101866
val 13951
test 28618
	iters: 100, epoch: 1 | loss: 0.2698092
	speed: 0.0366s/iter; left time: 2326.5222s
	iters: 200, epoch: 1 | loss: 0.1619289
	speed: 0.0305s/iter; left time: 1937.1154s
	iters: 300, epoch: 1 | loss: 0.1654046
	speed: 0.0304s/iter; left time: 1928.9908s
	iters: 400, epoch: 1 | loss: 0.1373821
	speed: 0.0308s/iter; left time: 1947.6062s
	iters: 500, epoch: 1 | loss: 0.1521880
	speed: 0.0311s/iter; left time: 1966.0316s
	iters: 600, epoch: 1 | loss: 0.1717761
	speed: 0.0317s/iter; left time: 1999.6224s
	iters: 700, epoch: 1 | loss: 0.1564275
	speed: 0.0310s/iter; left time: 1953.2087s
	iters: 800, epoch: 1 | loss: 0.1472258
	speed: 0.0308s/iter; left time: 1937.0634s
	iters: 900, epoch: 1 | loss: 0.1253845
	speed: 0.0307s/iter; left time: 1927.3317s
	iters: 1000, epoch: 1 | loss: 0.1492930
	speed: 0.0348s/iter; left time: 2181.9635s
	iters: 1100, epoch: 1 | loss: 0.1303982
	speed: 0.0359s/iter; left time: 2242.8817s
	iters: 1200, epoch: 1 | loss: 0.0954389
	speed: 0.0361s/iter; left time: 2255.9411s
	iters: 1300, epoch: 1 | loss: 0.1324619
	speed: 0.0360s/iter; left time: 2242.7805s
	iters: 1400, epoch: 1 | loss: 0.1514556
	speed: 0.0355s/iter; left time: 2210.6176s
	iters: 1500, epoch: 1 | loss: 0.1391019
	speed: 0.0349s/iter; left time: 2170.1269s
	iters: 1600, epoch: 1 | loss: 0.1148561
	speed: 0.0350s/iter; left time: 2173.1613s
	iters: 1700, epoch: 1 | loss: 0.1353171
	speed: 0.0345s/iter; left time: 2136.4937s
	iters: 1800, epoch: 1 | loss: 0.1403654
	speed: 0.0353s/iter; left time: 2180.7587s
	iters: 1900, epoch: 1 | loss: 0.1168283
	speed: 0.0336s/iter; left time: 2074.6518s
	iters: 2000, epoch: 1 | loss: 0.1344931
	speed: 0.0356s/iter; left time: 2193.9502s
	iters: 2100, epoch: 1 | loss: 0.1533977
	speed: 0.0319s/iter; left time: 1965.9962s
	iters: 2200, epoch: 1 | loss: 0.1275366
	speed: 0.0302s/iter; left time: 1856.3613s
	iters: 2300, epoch: 1 | loss: 0.1581146
	speed: 0.0304s/iter; left time: 1865.2562s
	iters: 2400, epoch: 1 | loss: 0.2027058
	speed: 0.0306s/iter; left time: 1876.9036s
	iters: 2500, epoch: 1 | loss: 0.3345519
	speed: 0.0305s/iter; left time: 1865.4408s
	iters: 2600, epoch: 1 | loss: 0.5525793
	speed: 0.0340s/iter; left time: 2078.0393s
	iters: 2700, epoch: 1 | loss: 0.6907066
	speed: 0.0348s/iter; left time: 2122.3784s
	iters: 2800, epoch: 1 | loss: 0.8185201
	speed: 0.0326s/iter; left time: 1985.9573s
	iters: 2900, epoch: 1 | loss: 0.7224160
	speed: 0.0306s/iter; left time: 1860.4800s
	iters: 3000, epoch: 1 | loss: 0.8850730
	speed: 0.0304s/iter; left time: 1843.7292s
	iters: 3100, epoch: 1 | loss: 0.8619789
	speed: 0.0304s/iter; left time: 1842.6603s
	iters: 3200, epoch: 1 | loss: 0.7078673
	speed: 0.0322s/iter; left time: 1945.2511s
	iters: 3300, epoch: 1 | loss: 0.7387035
	speed: 0.0325s/iter; left time: 1960.3302s
	iters: 3400, epoch: 1 | loss: 0.6534590
	speed: 0.0349s/iter; left time: 2104.6660s
	iters: 3500, epoch: 1 | loss: 0.9845826
	speed: 0.0351s/iter; left time: 2109.7874s
	iters: 3600, epoch: 1 | loss: 0.9043006
	speed: 0.0343s/iter; left time: 2059.6235s
	iters: 3700, epoch: 1 | loss: 0.9070170
	speed: 0.0330s/iter; left time: 1975.9849s
	iters: 3800, epoch: 1 | loss: 0.9294791
	speed: 0.0317s/iter; left time: 1895.8534s
	iters: 3900, epoch: 1 | loss: 0.9227871
	speed: 0.0316s/iter; left time: 1891.2894s
	iters: 4000, epoch: 1 | loss: 0.9211418
	speed: 0.0304s/iter; left time: 1814.2395s
	iters: 4100, epoch: 1 | loss: 0.9314804
	speed: 0.0304s/iter; left time: 1810.0463s
	iters: 4200, epoch: 1 | loss: 0.9013463
	speed: 0.0304s/iter; left time: 1806.8907s
	iters: 4300, epoch: 1 | loss: 0.9334366
	speed: 0.0304s/iter; left time: 1804.7763s
	iters: 4400, epoch: 1 | loss: 0.9723011
	speed: 0.0306s/iter; left time: 1815.7573s
	iters: 4500, epoch: 1 | loss: 0.9341884
	speed: 0.0348s/iter; left time: 2056.1946s
	iters: 4600, epoch: 1 | loss: 0.8676140
	speed: 0.0350s/iter; left time: 2069.3027s
	iters: 4700, epoch: 1 | loss: 0.9400712
	speed: 0.0348s/iter; left time: 2051.8255s
	iters: 4800, epoch: 1 | loss: 0.9573075
	speed: 0.0327s/iter; left time: 1922.8105s
	iters: 4900, epoch: 1 | loss: 0.8931168
	speed: 0.0308s/iter; left time: 1810.8528s
	iters: 5000, epoch: 1 | loss: 0.9194039
	speed: 0.0350s/iter; left time: 2050.2974s
	iters: 5100, epoch: 1 | loss: 0.9260905
	speed: 0.0346s/iter; left time: 2025.9014s
	iters: 5200, epoch: 1 | loss: 0.9122548
	speed: 0.0317s/iter; left time: 1856.0291s
	iters: 5300, epoch: 1 | loss: 0.8756831
	speed: 0.0304s/iter; left time: 1774.5718s
	iters: 5400, epoch: 1 | loss: 0.8540000
	speed: 0.0318s/iter; left time: 1853.3567s
	iters: 5500, epoch: 1 | loss: 0.9038136
	speed: 0.0305s/iter; left time: 1771.0361s
	iters: 5600, epoch: 1 | loss: 0.9051074
	speed: 0.0304s/iter; left time: 1765.6261s
	iters: 5700, epoch: 1 | loss: 0.8775183
	speed: 0.0315s/iter; left time: 1824.7820s
	iters: 5800, epoch: 1 | loss: 0.9049449
	speed: 0.0346s/iter; left time: 2001.9069s
	iters: 5900, epoch: 1 | loss: 0.8806884
	speed: 0.0338s/iter; left time: 1951.5622s
	iters: 6000, epoch: 1 | loss: 0.7822528
	speed: 0.0306s/iter; left time: 1766.0904s
	iters: 6100, epoch: 1 | loss: 0.9438998
	speed: 0.0304s/iter; left time: 1752.5076s
	iters: 6200, epoch: 1 | loss: 0.8816303
	speed: 0.0304s/iter; left time: 1749.0147s
	iters: 6300, epoch: 1 | loss: 0.9020784
	speed: 0.0305s/iter; left time: 1751.3365s
Epoch: 1 cost time: 207.02312397956848
Epoch: 1, Steps: 6366 | Train Loss: 0.5776438 Vali Loss: 1.1109231 Test Loss: 1.1799413
Validation loss decreased (inf --> 1.110923).  Saving model ...
Updating learning rate to 0.001
	iters: 100, epoch: 2 | loss: 0.8675922
	speed: 1.6816s/iter; left time: 96177.3388s
	iters: 200, epoch: 2 | loss: 0.9519807
	speed: 0.0346s/iter; left time: 1976.9461s
	iters: 300, epoch: 2 | loss: 0.9046728
	speed: 0.0346s/iter; left time: 1973.3572s
	iters: 400, epoch: 2 | loss: 0.9336295
	speed: 0.0348s/iter; left time: 1977.5794s
	iters: 500, epoch: 2 | loss: 0.8962978
	speed: 0.0344s/iter; left time: 1952.8052s
	iters: 600, epoch: 2 | loss: 0.8954748
	speed: 0.0347s/iter; left time: 1968.2712s
	iters: 700, epoch: 2 | loss: 0.9239963
	speed: 0.0346s/iter; left time: 1959.1294s
	iters: 800, epoch: 2 | loss: 0.9169942
	speed: 0.0352s/iter; left time: 1990.6961s
	iters: 900, epoch: 2 | loss: 0.9001354
	speed: 0.0351s/iter; left time: 1981.1233s
	iters: 1000, epoch: 2 | loss: 0.9212619
	speed: 0.0351s/iter; left time: 1975.1548s
	iters: 1100, epoch: 2 | loss: 0.9794064
	speed: 0.0350s/iter; left time: 1967.6692s
	iters: 1200, epoch: 2 | loss: 0.8992127
	speed: 0.0350s/iter; left time: 1963.6848s
	iters: 1300, epoch: 2 | loss: 0.8502814
	speed: 0.0350s/iter; left time: 1961.9506s
	iters: 1400, epoch: 2 | loss: 0.9084432
	speed: 0.0348s/iter; left time: 1944.6207s
	iters: 1500, epoch: 2 | loss: 0.9547344
	speed: 0.0350s/iter; left time: 1951.8765s
	iters: 1600, epoch: 2 | loss: 0.9223962
	speed: 0.0349s/iter; left time: 1944.2390s
	iters: 1700, epoch: 2 | loss: 0.9177961
	speed: 0.0348s/iter; left time: 1936.2147s
	iters: 1800, epoch: 2 | loss: 0.9156259
	speed: 0.0352s/iter; left time: 1951.4680s
	iters: 1900, epoch: 2 | loss: 0.9263236
	speed: 0.0349s/iter; left time: 1933.0124s
	iters: 2000, epoch: 2 | loss: 0.8987549
	speed: 0.0350s/iter; left time: 1938.0801s
	iters: 2100, epoch: 2 | loss: 0.9169301
	speed: 0.0350s/iter; left time: 1930.6039s
	iters: 2200, epoch: 2 | loss: 0.9336262
	speed: 0.0350s/iter; left time: 1927.7779s
	iters: 2300, epoch: 2 | loss: 0.9265753
	speed: 0.0351s/iter; left time: 1928.2349s
	iters: 2400, epoch: 2 | loss: 0.8563564
	speed: 0.0347s/iter; left time: 1903.8986s
	iters: 2500, epoch: 2 | loss: 0.8981057
	speed: 0.0349s/iter; left time: 1911.0847s
	iters: 2600, epoch: 2 | loss: 0.8570951
	speed: 0.0345s/iter; left time: 1889.4557s
	iters: 2700, epoch: 2 | loss: 0.9607664
	speed: 0.0347s/iter; left time: 1896.1292s
	iters: 2800, epoch: 2 | loss: 0.9001794
	speed: 0.0349s/iter; left time: 1901.9939s
	iters: 2900, epoch: 2 | loss: 0.9586270
	speed: 0.0345s/iter; left time: 1878.0912s
	iters: 3000, epoch: 2 | loss: 0.9015388
	speed: 0.0353s/iter; left time: 1917.3739s
	iters: 3100, epoch: 2 | loss: 0.8686239
	speed: 0.0350s/iter; left time: 1898.5208s
	iters: 3200, epoch: 2 | loss: 0.8968082
	speed: 0.0348s/iter; left time: 1883.6589s
	iters: 3300, epoch: 2 | loss: 0.9145809
	speed: 0.0349s/iter; left time: 1886.0254s
	iters: 3400, epoch: 2 | loss: 0.8907703
	speed: 0.0345s/iter; left time: 1860.5910s
	iters: 3500, epoch: 2 | loss: 0.9183169
	speed: 0.0347s/iter; left time: 1866.0788s
	iters: 3600, epoch: 2 | loss: 0.9227183
	speed: 0.0351s/iter; left time: 1882.7660s
	iters: 3700, epoch: 2 | loss: 0.9877499
	speed: 0.0349s/iter; left time: 1870.3824s
	iters: 3800, epoch: 2 | loss: 0.8710301
	speed: 0.0351s/iter; left time: 1878.6244s
	iters: 3900, epoch: 2 | loss: 0.8774149
	speed: 0.0347s/iter; left time: 1853.0113s
	iters: 4000, epoch: 2 | loss: 0.8595913
	speed: 0.0349s/iter; left time: 1858.7251s
	iters: 4100, epoch: 2 | loss: 0.9120051
	speed: 0.0352s/iter; left time: 1873.2619s
	iters: 4200, epoch: 2 | loss: 0.9139490
	speed: 0.0351s/iter; left time: 1862.6729s
	iters: 4300, epoch: 2 | loss: 0.9187735
	speed: 0.0351s/iter; left time: 1857.7425s
	iters: 4400, epoch: 2 | loss: 0.9163917
	speed: 0.0348s/iter; left time: 1839.9529s
	iters: 4500, epoch: 2 | loss: 0.9158543
	speed: 0.0347s/iter; left time: 1829.9826s
	iters: 4600, epoch: 2 | loss: 0.8739920
	speed: 0.0350s/iter; left time: 1846.4558s
	iters: 4700, epoch: 2 | loss: 0.9112139
	speed: 0.0351s/iter; left time: 1843.8113s
	iters: 4800, epoch: 2 | loss: 0.9831542
	speed: 0.0352s/iter; left time: 1850.0795s
	iters: 4900, epoch: 2 | loss: 0.9239260
	speed: 0.0339s/iter; left time: 1776.2354s
	iters: 5000, epoch: 2 | loss: 0.9071289
	speed: 0.0305s/iter; left time: 1593.3558s
	iters: 5100, epoch: 2 | loss: 0.8829423
	speed: 0.0304s/iter; left time: 1589.0967s
	iters: 5200, epoch: 2 | loss: 0.8596258
	speed: 0.0305s/iter; left time: 1586.6214s
	iters: 5300, epoch: 2 | loss: 0.9562370
	speed: 0.0305s/iter; left time: 1584.1229s
	iters: 5400, epoch: 2 | loss: 0.8563036
	speed: 0.0305s/iter; left time: 1580.8301s
	iters: 5500, epoch: 2 | loss: 0.9059209
	speed: 0.0305s/iter; left time: 1580.1722s
	iters: 5600, epoch: 2 | loss: 0.8723583
	speed: 0.0305s/iter; left time: 1574.1764s
	iters: 5700, epoch: 2 | loss: 0.8894864
	speed: 0.0305s/iter; left time: 1571.4739s
	iters: 5800, epoch: 2 | loss: 0.8888983
	speed: 0.0307s/iter; left time: 1578.8746s
	iters: 5900, epoch: 2 | loss: 0.8841112
	speed: 0.0305s/iter; left time: 1565.3565s
	iters: 6000, epoch: 2 | loss: 0.8950897
	speed: 0.0304s/iter; left time: 1561.0916s
	iters: 6100, epoch: 2 | loss: 0.9446712
	speed: 0.0304s/iter; left time: 1558.6992s
	iters: 6200, epoch: 2 | loss: 0.8863928
	speed: 0.0305s/iter; left time: 1557.5146s
	iters: 6300, epoch: 2 | loss: 0.9587018
	speed: 0.0304s/iter; left time: 1552.1422s
Epoch: 2 cost time: 215.9260230064392
Epoch: 2, Steps: 6366 | Train Loss: 0.9092760 Vali Loss: 1.1110518 Test Loss: 1.1801790
EarlyStopping counter: 1 out of 3
Updating learning rate to 0.0005
	iters: 100, epoch: 3 | loss: 0.8679771
	speed: 1.6213s/iter; left time: 82406.5639s
	iters: 200, epoch: 3 | loss: 0.8537104
	speed: 0.0304s/iter; left time: 1542.6740s
	iters: 300, epoch: 3 | loss: 0.9574961
	speed: 0.0304s/iter; left time: 1538.7488s
	iters: 400, epoch: 3 | loss: 0.8606497
	speed: 0.0304s/iter; left time: 1534.3943s
	iters: 500, epoch: 3 | loss: 0.8959871
	speed: 0.0304s/iter; left time: 1531.6676s
	iters: 600, epoch: 3 | loss: 0.8821152
	speed: 0.0304s/iter; left time: 1527.5719s
	iters: 700, epoch: 3 | loss: 0.8993871
	speed: 0.0304s/iter; left time: 1524.7152s
	iters: 800, epoch: 3 | loss: 0.8785076
	speed: 0.0304s/iter; left time: 1521.8043s
	iters: 900, epoch: 3 | loss: 0.9124380
	speed: 0.0304s/iter; left time: 1518.9873s
	iters: 1000, epoch: 3 | loss: 0.9005087
	speed: 0.0303s/iter; left time: 1515.3361s
	iters: 1100, epoch: 3 | loss: 0.9429791
	speed: 0.0304s/iter; left time: 1514.0288s
	iters: 1200, epoch: 3 | loss: 0.9054073
	speed: 0.0304s/iter; left time: 1509.9259s
	iters: 1300, epoch: 3 | loss: 0.9067639
	speed: 0.0304s/iter; left time: 1506.7934s
	iters: 1400, epoch: 3 | loss: 0.9229940
	speed: 0.0304s/iter; left time: 1504.9432s
	iters: 1500, epoch: 3 | loss: 0.9092702
	speed: 0.0304s/iter; left time: 1501.3065s
	iters: 1600, epoch: 3 | loss: 0.9233118
	speed: 0.0304s/iter; left time: 1498.6692s
	iters: 1700, epoch: 3 | loss: 0.9141079
	speed: 0.0304s/iter; left time: 1495.0228s
	iters: 1800, epoch: 3 | loss: 0.9197136
	speed: 0.0303s/iter; left time: 1490.9499s
	iters: 1900, epoch: 3 | loss: 0.9593701
	speed: 0.0304s/iter; left time: 1488.6496s
	iters: 2000, epoch: 3 | loss: 0.8770332
	speed: 0.0304s/iter; left time: 1485.4101s
	iters: 2100, epoch: 3 | loss: 0.9327695
	speed: 0.0303s/iter; left time: 1481.6097s
	iters: 2200, epoch: 3 | loss: 0.9395899
	speed: 0.0305s/iter; left time: 1484.5857s
	iters: 2300, epoch: 3 | loss: 0.9199150
	speed: 0.0303s/iter; left time: 1475.5516s
	iters: 2400, epoch: 3 | loss: 0.9321100
	speed: 0.0304s/iter; left time: 1473.1082s
	iters: 2500, epoch: 3 | loss: 0.8617278
	speed: 0.0304s/iter; left time: 1471.3499s
	iters: 2600, epoch: 3 | loss: 0.9081366
	speed: 0.0304s/iter; left time: 1467.3069s
	iters: 2700, epoch: 3 | loss: 0.8916715
	speed: 0.0304s/iter; left time: 1464.6589s
	iters: 2800, epoch: 3 | loss: 0.8904397
	speed: 0.0304s/iter; left time: 1461.6315s
	iters: 2900, epoch: 3 | loss: 0.9672970
	speed: 0.0304s/iter; left time: 1458.3789s
	iters: 3000, epoch: 3 | loss: 0.9677730
	speed: 0.0304s/iter; left time: 1455.5805s
	iters: 3100, epoch: 3 | loss: 0.8570338
	speed: 0.0304s/iter; left time: 1454.6879s
	iters: 3200, epoch: 3 | loss: 0.8776757
	speed: 0.0304s/iter; left time: 1452.4518s
	iters: 3300, epoch: 3 | loss: 0.8601460
	speed: 0.0304s/iter; left time: 1448.9171s
	iters: 3400, epoch: 3 | loss: 0.8827464
	speed: 0.0304s/iter; left time: 1446.6411s
	iters: 3500, epoch: 3 | loss: 0.9757614
	speed: 0.0305s/iter; left time: 1447.6764s
	iters: 3600, epoch: 3 | loss: 0.8838858
	speed: 0.0305s/iter; left time: 1442.5508s
	iters: 3700, epoch: 3 | loss: 0.9012771
	speed: 0.0305s/iter; left time: 1442.1010s
	iters: 3800, epoch: 3 | loss: 0.9039294
	speed: 0.0305s/iter; left time: 1438.2374s
	iters: 3900, epoch: 3 | loss: 0.8865767
	speed: 0.0305s/iter; left time: 1435.2027s
	iters: 4000, epoch: 3 | loss: 0.8796512
	speed: 0.0306s/iter; left time: 1436.1104s
	iters: 4100, epoch: 3 | loss: 0.8726115
	speed: 0.0305s/iter; left time: 1428.1920s
	iters: 4200, epoch: 3 | loss: 0.9414973
	speed: 0.0305s/iter; left time: 1426.1592s
	iters: 4300, epoch: 3 | loss: 0.9367950
	speed: 0.0305s/iter; left time: 1424.4103s
	iters: 4400, epoch: 3 | loss: 0.9252915
	speed: 0.0305s/iter; left time: 1419.1664s
	iters: 4500, epoch: 3 | loss: 0.9211418
	speed: 0.0305s/iter; left time: 1417.6959s
	iters: 4600, epoch: 3 | loss: 0.8816066
	speed: 0.0305s/iter; left time: 1412.4220s
	iters: 4700, epoch: 3 | loss: 0.8309127
	speed: 0.0305s/iter; left time: 1409.8404s
	iters: 4800, epoch: 3 | loss: 0.9284189
	speed: 0.0305s/iter; left time: 1408.1677s
	iters: 4900, epoch: 3 | loss: 0.8881697
	speed: 0.0305s/iter; left time: 1404.5294s
	iters: 5000, epoch: 3 | loss: 0.9154718
	speed: 0.0305s/iter; left time: 1400.5182s
	iters: 5100, epoch: 3 | loss: 0.8879379
	speed: 0.0305s/iter; left time: 1399.9461s
	iters: 5200, epoch: 3 | loss: 0.8668902
	speed: 0.0305s/iter; left time: 1395.3971s
	iters: 5300, epoch: 3 | loss: 0.8993254
	speed: 0.0305s/iter; left time: 1392.8125s
	iters: 5400, epoch: 3 | loss: 0.9046363
	speed: 0.0306s/iter; left time: 1391.1005s
	iters: 5500, epoch: 3 | loss: 0.9163778
	speed: 0.0305s/iter; left time: 1387.4330s
	iters: 5600, epoch: 3 | loss: 0.8952352
	speed: 0.0306s/iter; left time: 1385.1010s
	iters: 5700, epoch: 3 | loss: 0.9060383
	speed: 0.0305s/iter; left time: 1379.8242s
	iters: 5800, epoch: 3 | loss: 0.9052163
	speed: 0.0305s/iter; left time: 1377.8582s
	iters: 5900, epoch: 3 | loss: 0.9107440
	speed: 0.0305s/iter; left time: 1374.6301s
	iters: 6000, epoch: 3 | loss: 0.9263365
	speed: 0.0305s/iter; left time: 1368.4770s
	iters: 6100, epoch: 3 | loss: 0.8908901
	speed: 0.0305s/iter; left time: 1367.0905s
	iters: 6200, epoch: 3 | loss: 0.9218594
	speed: 0.0305s/iter; left time: 1363.5025s
	iters: 6300, epoch: 3 | loss: 0.8905599
	speed: 0.0305s/iter; left time: 1359.5691s
Epoch: 3 cost time: 194.20198273658752
Epoch: 3, Steps: 6366 | Train Loss: 0.9090069 Vali Loss: 1.1107472 Test Loss: 1.1797799
Validation loss decreased (1.110923 --> 1.110747).  Saving model ...
Updating learning rate to 0.00025
	iters: 100, epoch: 4 | loss: 0.9294528
	speed: 1.5409s/iter; left time: 68511.0400s
	iters: 200, epoch: 4 | loss: 0.9431721
	speed: 0.0308s/iter; left time: 1366.1148s
	iters: 300, epoch: 4 | loss: 0.9035970
	speed: 0.0304s/iter; left time: 1344.3604s
	iters: 400, epoch: 4 | loss: 0.8779470
	speed: 0.0304s/iter; left time: 1341.5814s
	iters: 500, epoch: 4 | loss: 0.9243872
	speed: 0.0304s/iter; left time: 1337.8562s
	iters: 600, epoch: 4 | loss: 0.9397730
	speed: 0.0304s/iter; left time: 1335.7559s
	iters: 700, epoch: 4 | loss: 0.8712454
	speed: 0.0305s/iter; left time: 1335.8090s
	iters: 800, epoch: 4 | loss: 0.8975474
	speed: 0.0310s/iter; left time: 1356.8688s
	iters: 900, epoch: 4 | loss: 0.8824078
	speed: 0.0348s/iter; left time: 1518.1403s
	iters: 1000, epoch: 4 | loss: 0.8903404
	speed: 0.0345s/iter; left time: 1503.7309s
	iters: 1100, epoch: 4 | loss: 0.9298400
	speed: 0.0349s/iter; left time: 1516.0013s
	iters: 1200, epoch: 4 | loss: 0.9725679
	speed: 0.0352s/iter; left time: 1527.0442s
	iters: 1300, epoch: 4 | loss: 0.9197520
	speed: 0.0348s/iter; left time: 1506.2622s
	iters: 1400, epoch: 4 | loss: 0.9074019
	speed: 0.0347s/iter; left time: 1499.6592s
	iters: 1500, epoch: 4 | loss: 0.9076292
	speed: 0.0348s/iter; left time: 1496.8905s
	iters: 1600, epoch: 4 | loss: 0.8781768
	speed: 0.0338s/iter; left time: 1453.5636s
	iters: 1700, epoch: 4 | loss: 0.9824337
	speed: 0.0304s/iter; left time: 1301.8522s
	iters: 1800, epoch: 4 | loss: 0.8769681
	speed: 0.0304s/iter; left time: 1300.0995s
	iters: 1900, epoch: 4 | loss: 0.9149486
	speed: 0.0304s/iter; left time: 1296.2850s
	iters: 2000, epoch: 4 | loss: 0.8904259
	speed: 0.0304s/iter; left time: 1293.6942s
	iters: 2100, epoch: 4 | loss: 0.8588954
	speed: 0.0304s/iter; left time: 1291.5508s
	iters: 2200, epoch: 4 | loss: 0.8733654
	speed: 0.0315s/iter; left time: 1333.2291s
	iters: 2300, epoch: 4 | loss: 0.8867151
	speed: 0.0350s/iter; left time: 1477.2505s
	iters: 2400, epoch: 4 | loss: 0.9177769
	speed: 0.0348s/iter; left time: 1466.8685s
	iters: 2500, epoch: 4 | loss: 0.8783247
	speed: 0.0347s/iter; left time: 1461.6878s
	iters: 2600, epoch: 4 | loss: 0.8794425
	speed: 0.0347s/iter; left time: 1456.0612s
	iters: 2700, epoch: 4 | loss: 0.9082257
	speed: 0.0347s/iter; left time: 1450.9586s
	iters: 2800, epoch: 4 | loss: 0.8811100
	speed: 0.0350s/iter; left time: 1461.5693s
	iters: 2900, epoch: 4 | loss: 0.9349835
	speed: 0.0336s/iter; left time: 1399.1028s
	iters: 3000, epoch: 4 | loss: 0.9078923
	speed: 0.0309s/iter; left time: 1283.5036s
	iters: 3100, epoch: 4 | loss: 0.9710183
	speed: 0.0349s/iter; left time: 1448.2432s
	iters: 3200, epoch: 4 | loss: 0.9185935
	speed: 0.0350s/iter; left time: 1447.2097s
	iters: 3300, epoch: 4 | loss: 0.9004218
	speed: 0.0354s/iter; left time: 1458.7787s
	iters: 3400, epoch: 4 | loss: 0.8949656
	speed: 0.0349s/iter; left time: 1437.0681s
	iters: 3500, epoch: 4 | loss: 0.8903117
	speed: 0.0323s/iter; left time: 1327.2165s
	iters: 3600, epoch: 4 | loss: 0.9894713
	speed: 0.0304s/iter; left time: 1247.3100s
	iters: 3700, epoch: 4 | loss: 0.9301515
	speed: 0.0305s/iter; left time: 1245.1472s
	iters: 3800, epoch: 4 | loss: 0.9160588
	speed: 0.0304s/iter; left time: 1240.5830s
	iters: 3900, epoch: 4 | loss: 0.8808876
	speed: 0.0305s/iter; left time: 1238.2290s
	iters: 4000, epoch: 4 | loss: 0.9269482
	speed: 0.0304s/iter; left time: 1234.8123s
	iters: 4100, epoch: 4 | loss: 0.9118537
	speed: 0.0304s/iter; left time: 1230.9732s
	iters: 4200, epoch: 4 | loss: 0.8783112
	speed: 0.0304s/iter; left time: 1226.8668s
	iters: 4300, epoch: 4 | loss: 0.9539266
	speed: 0.0304s/iter; left time: 1225.7643s
	iters: 4400, epoch: 4 | loss: 0.8794872
	speed: 0.0305s/iter; left time: 1225.5150s
	iters: 4500, epoch: 4 | loss: 0.9486549
	speed: 0.0305s/iter; left time: 1220.4686s
	iters: 4600, epoch: 4 | loss: 0.9700741
	speed: 0.0304s/iter; left time: 1215.8876s
	iters: 4700, epoch: 4 | loss: 0.9472032
	speed: 0.0304s/iter; left time: 1212.5703s
	iters: 4800, epoch: 4 | loss: 0.8608626
	speed: 0.0304s/iter; left time: 1208.8688s
	iters: 4900, epoch: 4 | loss: 0.9283313
	speed: 0.0304s/iter; left time: 1207.5284s
	iters: 5000, epoch: 4 | loss: 0.9243749
	speed: 0.0304s/iter; left time: 1204.3581s
	iters: 5100, epoch: 4 | loss: 0.8813993
	speed: 0.0305s/iter; left time: 1201.9271s
	iters: 5200, epoch: 4 | loss: 0.8711963
	speed: 0.0305s/iter; left time: 1200.5327s
	iters: 5300, epoch: 4 | loss: 0.9356219
	speed: 0.0305s/iter; left time: 1196.0487s
	iters: 5400, epoch: 4 | loss: 0.9876362
	speed: 0.0305s/iter; left time: 1194.1132s
	iters: 5500, epoch: 4 | loss: 0.9191779
	speed: 0.0305s/iter; left time: 1189.5622s
	iters: 5600, epoch: 4 | loss: 0.8891808
	speed: 0.0305s/iter; left time: 1188.3475s
	iters: 5700, epoch: 4 | loss: 0.9361732
	speed: 0.0305s/iter; left time: 1184.6592s
	iters: 5800, epoch: 4 | loss: 0.9232797
	speed: 0.0305s/iter; left time: 1180.7697s
	iters: 5900, epoch: 4 | loss: 0.9351855
	speed: 0.0304s/iter; left time: 1177.0563s
	iters: 6000, epoch: 4 | loss: 0.9507949
	speed: 0.0304s/iter; left time: 1174.0063s
	iters: 6100, epoch: 4 | loss: 0.9200183
	speed: 0.0305s/iter; left time: 1171.2300s
	iters: 6200, epoch: 4 | loss: 0.8956901
	speed: 0.0322s/iter; left time: 1236.7161s
	iters: 6300, epoch: 4 | loss: 0.9546377
	speed: 0.0348s/iter; left time: 1332.3436s
Epoch: 4 cost time: 203.69634222984314
Epoch: 4, Steps: 6366 | Train Loss: 0.9089278 Vali Loss: 1.1106302 Test Loss: 1.1797053
Validation loss decreased (1.110747 --> 1.110630).  Saving model ...
Updating learning rate to 0.000125
	iters: 100, epoch: 5 | loss: 0.9198957
	speed: 1.6136s/iter; left time: 61472.4457s
	iters: 200, epoch: 5 | loss: 0.8913974
	speed: 0.0304s/iter; left time: 1153.8279s
	iters: 300, epoch: 5 | loss: 0.9005691
	speed: 0.0304s/iter; left time: 1151.2212s
	iters: 400, epoch: 5 | loss: 0.9154307
	speed: 0.0303s/iter; left time: 1146.6388s
	iters: 500, epoch: 5 | loss: 0.9166577
	speed: 0.0303s/iter; left time: 1141.3735s
	iters: 600, epoch: 5 | loss: 0.9420991
	speed: 0.0304s/iter; left time: 1141.6308s
	iters: 700, epoch: 5 | loss: 0.9117442
	speed: 0.0304s/iter; left time: 1140.0160s
	iters: 800, epoch: 5 | loss: 0.9085607
	speed: 0.0304s/iter; left time: 1136.2204s
	iters: 900, epoch: 5 | loss: 0.9142656
	speed: 0.0303s/iter; left time: 1131.4900s
	iters: 1000, epoch: 5 | loss: 0.8868571
	speed: 0.0304s/iter; left time: 1129.9426s
	iters: 1100, epoch: 5 | loss: 0.9288840
	speed: 0.0305s/iter; left time: 1132.4885s
	iters: 1200, epoch: 5 | loss: 0.8997386
	speed: 0.0307s/iter; left time: 1136.7935s
	iters: 1300, epoch: 5 | loss: 0.8752888
	speed: 0.0324s/iter; left time: 1195.2142s
	iters: 1400, epoch: 5 | loss: 0.8478396
	speed: 0.0321s/iter; left time: 1179.7108s
	iters: 1500, epoch: 5 | loss: 0.9227791
	speed: 0.0310s/iter; left time: 1138.1520s
	iters: 1600, epoch: 5 | loss: 0.9265727
	speed: 0.0307s/iter; left time: 1122.8045s
	iters: 1700, epoch: 5 | loss: 0.9102879
	speed: 0.0305s/iter; left time: 1112.3071s
	iters: 1800, epoch: 5 | loss: 0.8470383
	speed: 0.0304s/iter; left time: 1107.6112s
	iters: 1900, epoch: 5 | loss: 0.9348156
	speed: 0.0305s/iter; left time: 1105.4047s
	iters: 2000, epoch: 5 | loss: 0.8919053
	speed: 0.0311s/iter; left time: 1124.8139s
	iters: 2100, epoch: 5 | loss: 0.8521178
	speed: 0.0305s/iter; left time: 1099.3419s
	iters: 2200, epoch: 5 | loss: 0.9031202
	speed: 0.0304s/iter; left time: 1095.8628s
	iters: 2300, epoch: 5 | loss: 0.8632867
	speed: 0.0305s/iter; left time: 1094.9354s
	iters: 2400, epoch: 5 | loss: 0.8765391
	speed: 0.0306s/iter; left time: 1095.7739s
	iters: 2500, epoch: 5 | loss: 0.9118975
	speed: 0.0307s/iter; left time: 1094.5195s
	iters: 2600, epoch: 5 | loss: 0.8653936
	speed: 0.0305s/iter; left time: 1085.1403s
	iters: 2700, epoch: 5 | loss: 0.9462644
	speed: 0.0306s/iter; left time: 1086.6525s
	iters: 2800, epoch: 5 | loss: 0.8829116
	speed: 0.0305s/iter; left time: 1078.4852s
	iters: 2900, epoch: 5 | loss: 0.9226938
	speed: 0.0307s/iter; left time: 1081.9281s
	iters: 3000, epoch: 5 | loss: 0.9434462
	speed: 0.0305s/iter; left time: 1072.6886s
	iters: 3100, epoch: 5 | loss: 0.9107813
	speed: 0.0305s/iter; left time: 1070.4452s
	iters: 3200, epoch: 5 | loss: 0.9137902
	speed: 0.0305s/iter; left time: 1067.6262s
	iters: 3300, epoch: 5 | loss: 0.8999729
	speed: 0.0305s/iter; left time: 1065.4081s
	iters: 3400, epoch: 5 | loss: 0.8774567
	speed: 0.0305s/iter; left time: 1060.9569s
	iters: 3500, epoch: 5 | loss: 0.9193445
	speed: 0.0305s/iter; left time: 1056.8691s
	iters: 3600, epoch: 5 | loss: 0.8884898
	speed: 0.0305s/iter; left time: 1054.5663s
	iters: 3700, epoch: 5 | loss: 0.9094282
	speed: 0.0305s/iter; left time: 1052.1153s
	iters: 3800, epoch: 5 | loss: 0.9047742
	speed: 0.0307s/iter; left time: 1054.9093s
	iters: 3900, epoch: 5 | loss: 0.9112543
	speed: 0.0305s/iter; left time: 1045.1149s
	iters: 4000, epoch: 5 | loss: 0.9554425
	speed: 0.0305s/iter; left time: 1043.2662s
	iters: 4100, epoch: 5 | loss: 0.9043912
	speed: 0.0305s/iter; left time: 1038.7980s
	iters: 4200, epoch: 5 | loss: 0.9007118
	speed: 0.0305s/iter; left time: 1037.6605s
	iters: 4300, epoch: 5 | loss: 0.8879158
	speed: 0.0304s/iter; left time: 1031.6161s
	iters: 4400, epoch: 5 | loss: 0.8999050
	speed: 0.0306s/iter; left time: 1035.8746s
	iters: 4500, epoch: 5 | loss: 0.8774878
	speed: 0.0305s/iter; left time: 1027.4440s
	iters: 4600, epoch: 5 | loss: 0.9090961
	speed: 0.0305s/iter; left time: 1023.7510s
	iters: 4700, epoch: 5 | loss: 0.9366502
	speed: 0.0305s/iter; left time: 1020.8500s
	iters: 4800, epoch: 5 | loss: 0.9641573
	speed: 0.0305s/iter; left time: 1018.8748s
	iters: 4900, epoch: 5 | loss: 0.9217849
	speed: 0.0305s/iter; left time: 1014.6781s
	iters: 5000, epoch: 5 | loss: 0.9383474
	speed: 0.0305s/iter; left time: 1011.7005s
	iters: 5100, epoch: 5 | loss: 0.9117470
	speed: 0.0305s/iter; left time: 1009.0934s
	iters: 5200, epoch: 5 | loss: 0.9543068
	speed: 0.0304s/iter; left time: 1004.1227s
	iters: 5300, epoch: 5 | loss: 0.9096515
	speed: 0.0304s/iter; left time: 999.8263s
	iters: 5400, epoch: 5 | loss: 0.9445570
	speed: 0.0303s/iter; left time: 995.2082s
	iters: 5500, epoch: 5 | loss: 0.9035988
	speed: 0.0304s/iter; left time: 992.6443s
	iters: 5600, epoch: 5 | loss: 0.8451086
	speed: 0.0304s/iter; left time: 989.5029s
	iters: 5700, epoch: 5 | loss: 0.8726948
	speed: 0.0304s/iter; left time: 986.6804s
	iters: 5800, epoch: 5 | loss: 0.9062908
	speed: 0.0304s/iter; left time: 983.5931s
	iters: 5900, epoch: 5 | loss: 0.9237418
	speed: 0.0304s/iter; left time: 981.7843s
	iters: 6000, epoch: 5 | loss: 0.8889204
	speed: 0.0304s/iter; left time: 978.1224s
	iters: 6100, epoch: 5 | loss: 0.9018071
	speed: 0.0304s/iter; left time: 974.9108s
	iters: 6200, epoch: 5 | loss: 0.9193560
	speed: 0.0304s/iter; left time: 971.6268s
	iters: 6300, epoch: 5 | loss: 0.9291330
	speed: 0.0303s/iter; left time: 968.0144s
Epoch: 5 cost time: 194.7918632030487
Epoch: 5, Steps: 6366 | Train Loss: 0.9088722 Vali Loss: 1.1106514 Test Loss: 1.1797225
EarlyStopping counter: 1 out of 3
Updating learning rate to 6.25e-05
	iters: 100, epoch: 6 | loss: 0.9011780
	speed: 1.6312s/iter; left time: 51758.9772s
	iters: 200, epoch: 6 | loss: 0.9156631
	speed: 0.0304s/iter; left time: 962.0237s
	iters: 300, epoch: 6 | loss: 0.8909575
	speed: 0.0304s/iter; left time: 959.0232s
	iters: 400, epoch: 6 | loss: 0.8754365
	speed: 0.0305s/iter; left time: 958.0930s
	iters: 500, epoch: 6 | loss: 0.9022150
	speed: 0.0304s/iter; left time: 953.7942s
	iters: 600, epoch: 6 | loss: 0.9597650
	speed: 0.0308s/iter; left time: 961.3041s
	iters: 700, epoch: 6 | loss: 0.9090655
	speed: 0.0307s/iter; left time: 956.8079s
	iters: 800, epoch: 6 | loss: 0.8779479
	speed: 0.0305s/iter; left time: 945.3600s
	iters: 900, epoch: 6 | loss: 0.9484872
	speed: 0.0305s/iter; left time: 942.1678s
	iters: 1000, epoch: 6 | loss: 0.8671205
	speed: 0.0304s/iter; left time: 937.9423s
	iters: 1100, epoch: 6 | loss: 0.8810586
	speed: 0.0306s/iter; left time: 938.8935s
	iters: 1200, epoch: 6 | loss: 0.8686588
	speed: 0.0305s/iter; left time: 932.8029s
	iters: 1300, epoch: 6 | loss: 0.9065166
	speed: 0.0304s/iter; left time: 929.4531s
	iters: 1400, epoch: 6 | loss: 0.8997993
	speed: 0.0305s/iter; left time: 927.3623s
	iters: 1500, epoch: 6 | loss: 0.8981424
	speed: 0.0305s/iter; left time: 924.1414s
	iters: 1600, epoch: 6 | loss: 0.8550027
	speed: 0.0305s/iter; left time: 922.0215s
	iters: 1700, epoch: 6 | loss: 0.9323354
	speed: 0.0305s/iter; left time: 918.0047s
	iters: 1800, epoch: 6 | loss: 0.9843692
	speed: 0.0306s/iter; left time: 918.0919s
	iters: 1900, epoch: 6 | loss: 0.9551857
	speed: 0.0307s/iter; left time: 918.6642s
	iters: 2000, epoch: 6 | loss: 0.8838179
	speed: 0.0305s/iter; left time: 910.3430s
	iters: 2100, epoch: 6 | loss: 0.9011406
	speed: 0.0305s/iter; left time: 906.3449s
	iters: 2200, epoch: 6 | loss: 0.9121969
	speed: 0.0309s/iter; left time: 916.6029s
	iters: 2300, epoch: 6 | loss: 0.9452590
	speed: 0.0305s/iter; left time: 901.9635s
	iters: 2400, epoch: 6 | loss: 0.8773113
	speed: 0.0305s/iter; left time: 898.0529s
	iters: 2500, epoch: 6 | loss: 0.9029481
	speed: 0.0305s/iter; left time: 893.7092s
	iters: 2600, epoch: 6 | loss: 0.9635522
	speed: 0.0309s/iter; left time: 903.0790s
	iters: 2700, epoch: 6 | loss: 0.9626549
	speed: 0.0307s/iter; left time: 893.4641s
	iters: 2800, epoch: 6 | loss: 0.8588722
	speed: 0.0307s/iter; left time: 892.4104s
	iters: 2900, epoch: 6 | loss: 0.9415064
	speed: 0.0305s/iter; left time: 883.0940s
	iters: 3000, epoch: 6 | loss: 0.8662075
	speed: 0.0307s/iter; left time: 885.0909s
	iters: 3100, epoch: 6 | loss: 0.9069722
	speed: 0.0305s/iter; left time: 876.5550s
	iters: 3200, epoch: 6 | loss: 0.9713216
	speed: 0.0305s/iter; left time: 872.2902s
	iters: 3300, epoch: 6 | loss: 0.9947077
	speed: 0.0305s/iter; left time: 870.2433s
	iters: 3400, epoch: 6 | loss: 0.9985564
	speed: 0.0305s/iter; left time: 866.7595s
	iters: 3500, epoch: 6 | loss: 0.8898147
	speed: 0.0305s/iter; left time: 864.2608s
	iters: 3600, epoch: 6 | loss: 0.9180410
	speed: 0.0305s/iter; left time: 861.4101s
	iters: 3700, epoch: 6 | loss: 0.8865504
	speed: 0.0305s/iter; left time: 857.0810s
	iters: 3800, epoch: 6 | loss: 0.9019091
	speed: 0.0305s/iter; left time: 854.6917s
	iters: 3900, epoch: 6 | loss: 0.9007322
	speed: 0.0305s/iter; left time: 851.9172s
	iters: 4000, epoch: 6 | loss: 0.9336116
	speed: 0.0305s/iter; left time: 849.3005s
	iters: 4100, epoch: 6 | loss: 0.9100592
	speed: 0.0305s/iter; left time: 845.4346s
	iters: 4200, epoch: 6 | loss: 0.9160885
	speed: 0.0304s/iter; left time: 840.2133s
	iters: 4300, epoch: 6 | loss: 0.9402282
	speed: 0.0304s/iter; left time: 837.8715s
	iters: 4400, epoch: 6 | loss: 0.8993147
	speed: 0.0305s/iter; left time: 835.3281s
	iters: 4500, epoch: 6 | loss: 0.8444238
	speed: 0.0305s/iter; left time: 832.3166s
	iters: 4600, epoch: 6 | loss: 0.8813972
	speed: 0.0304s/iter; left time: 828.7550s
	iters: 4700, epoch: 6 | loss: 0.9726204
	speed: 0.0306s/iter; left time: 828.9918s
	iters: 4800, epoch: 6 | loss: 0.9036102
	speed: 0.0305s/iter; left time: 823.2133s
	iters: 4900, epoch: 6 | loss: 0.9054241
	speed: 0.0304s/iter; left time: 818.5122s
	iters: 5000, epoch: 6 | loss: 0.9496146
	speed: 0.0304s/iter; left time: 815.3727s
	iters: 5100, epoch: 6 | loss: 0.9346648
	speed: 0.0304s/iter; left time: 811.3219s
	iters: 5200, epoch: 6 | loss: 0.8949139
	speed: 0.0304s/iter; left time: 808.6973s
	iters: 5300, epoch: 6 | loss: 1.0080855
	speed: 0.0304s/iter; left time: 805.8584s
	iters: 5400, epoch: 6 | loss: 0.8991447
	speed: 0.0303s/iter; left time: 801.8149s
	iters: 5500, epoch: 6 | loss: 0.9428419
	speed: 0.0304s/iter; left time: 799.8144s
	iters: 5600, epoch: 6 | loss: 0.8984485
	speed: 0.0304s/iter; left time: 796.6413s
	iters: 5700, epoch: 6 | loss: 0.8893641
	speed: 0.0304s/iter; left time: 793.9145s
	iters: 5800, epoch: 6 | loss: 0.8865513
	speed: 0.0304s/iter; left time: 791.2714s
	iters: 5900, epoch: 6 | loss: 0.8393683
	speed: 0.0304s/iter; left time: 788.6495s
	iters: 6000, epoch: 6 | loss: 0.9095432
	speed: 0.0307s/iter; left time: 792.9278s
	iters: 6100, epoch: 6 | loss: 0.9324217
	speed: 0.0304s/iter; left time: 781.7376s
	iters: 6200, epoch: 6 | loss: 0.8429236
	speed: 0.0304s/iter; left time: 778.3542s
	iters: 6300, epoch: 6 | loss: 0.9155568
	speed: 0.0303s/iter; left time: 774.7685s
Epoch: 6 cost time: 194.86544680595398
Epoch: 6, Steps: 6366 | Train Loss: 0.9088656 Vali Loss: 1.1106167 Test Loss: 1.1796881
Validation loss decreased (1.110630 --> 1.110617).  Saving model ...
Updating learning rate to 3.125e-05
	iters: 100, epoch: 7 | loss: 0.8815482
	speed: 1.7608s/iter; left time: 44663.1397s
	iters: 200, epoch: 7 | loss: 0.8993124
	speed: 0.0304s/iter; left time: 768.4942s
	iters: 300, epoch: 7 | loss: 0.9295024
	speed: 0.0304s/iter; left time: 765.3836s
	iters: 400, epoch: 7 | loss: 0.8920867
	speed: 0.0304s/iter; left time: 762.7192s
	iters: 500, epoch: 7 | loss: 0.8942134
	speed: 0.0324s/iter; left time: 808.3585s
	iters: 600, epoch: 7 | loss: 0.8815229
	speed: 0.0353s/iter; left time: 878.1590s
	iters: 700, epoch: 7 | loss: 0.9036543
	speed: 0.0330s/iter; left time: 816.4266s
	iters: 800, epoch: 7 | loss: 0.8525795
	speed: 0.0307s/iter; left time: 756.1313s
	iters: 900, epoch: 7 | loss: 0.9040720
	speed: 0.0305s/iter; left time: 748.8400s
	iters: 1000, epoch: 7 | loss: 0.9009759
	speed: 0.0305s/iter; left time: 745.5307s
	iters: 1100, epoch: 7 | loss: 0.8909386
	speed: 0.0305s/iter; left time: 742.8548s
	iters: 1200, epoch: 7 | loss: 0.9275934
	speed: 0.0304s/iter; left time: 738.8504s
	iters: 1300, epoch: 7 | loss: 0.8830830
	speed: 0.0305s/iter; left time: 736.2243s
	iters: 1400, epoch: 7 | loss: 0.9207929
	speed: 0.0304s/iter; left time: 732.4562s
	iters: 1500, epoch: 7 | loss: 0.8986752
	speed: 0.0305s/iter; left time: 731.3126s
	iters: 1600, epoch: 7 | loss: 0.9539633
	speed: 0.0307s/iter; left time: 732.3981s
	iters: 1700, epoch: 7 | loss: 0.9102810
	speed: 0.0304s/iter; left time: 722.9762s
	iters: 1800, epoch: 7 | loss: 0.9010894
	speed: 0.0305s/iter; left time: 722.2315s
	iters: 1900, epoch: 7 | loss: 0.8878344
	speed: 0.0305s/iter; left time: 717.6137s
	iters: 2000, epoch: 7 | loss: 0.8753170
	speed: 0.0304s/iter; left time: 714.4732s
	iters: 2100, epoch: 7 | loss: 0.9207487
	speed: 0.0305s/iter; left time: 711.4829s
	iters: 2200, epoch: 7 | loss: 0.9218511
	speed: 0.0305s/iter; left time: 708.7432s
	iters: 2300, epoch: 7 | loss: 0.8232278
	speed: 0.0305s/iter; left time: 705.7065s
	iters: 2400, epoch: 7 | loss: 0.9224706
	speed: 0.0305s/iter; left time: 702.3354s
	iters: 2500, epoch: 7 | loss: 0.8812019
	speed: 0.0305s/iter; left time: 699.5409s
	iters: 2600, epoch: 7 | loss: 0.9305159
	speed: 0.0305s/iter; left time: 696.5671s
	iters: 2700, epoch: 7 | loss: 0.9377006
	speed: 0.0304s/iter; left time: 691.7396s
	iters: 2800, epoch: 7 | loss: 0.8917705
	speed: 0.0304s/iter; left time: 687.8926s
	iters: 2900, epoch: 7 | loss: 0.8981499
	speed: 0.0304s/iter; left time: 685.5002s
	iters: 3000, epoch: 7 | loss: 0.9475029
	speed: 0.0304s/iter; left time: 681.8720s
	iters: 3100, epoch: 7 | loss: 0.8752014
	speed: 0.0304s/iter; left time: 679.5282s
	iters: 3200, epoch: 7 | loss: 0.8952673
	speed: 0.0304s/iter; left time: 676.1221s
	iters: 3300, epoch: 7 | loss: 0.9542755
	speed: 0.0304s/iter; left time: 673.4023s
	iters: 3400, epoch: 7 | loss: 0.9323971
	speed: 0.0304s/iter; left time: 669.9428s
	iters: 3500, epoch: 7 | loss: 0.9871471
	speed: 0.0304s/iter; left time: 666.8860s
	iters: 3600, epoch: 7 | loss: 0.9522560
	speed: 0.0304s/iter; left time: 663.7356s
	iters: 3700, epoch: 7 | loss: 0.8659748
	speed: 0.0303s/iter; left time: 660.3098s
	iters: 3800, epoch: 7 | loss: 0.8941502
	speed: 0.0304s/iter; left time: 658.1834s
	iters: 3900, epoch: 7 | loss: 0.9049205
	speed: 0.0304s/iter; left time: 655.5046s
	iters: 4000, epoch: 7 | loss: 0.8850467
	speed: 0.0304s/iter; left time: 651.7670s
	iters: 4100, epoch: 7 | loss: 0.8810525
	speed: 0.0304s/iter; left time: 648.9037s
	iters: 4200, epoch: 7 | loss: 0.8453394
	speed: 0.0304s/iter; left time: 646.5395s
	iters: 4300, epoch: 7 | loss: 0.9154435
	speed: 0.0304s/iter; left time: 642.9912s
	iters: 4400, epoch: 7 | loss: 0.8877744
	speed: 0.0304s/iter; left time: 639.5873s
	iters: 4500, epoch: 7 | loss: 0.9642389
	speed: 0.0304s/iter; left time: 636.9907s
	iters: 4600, epoch: 7 | loss: 0.9185154
	speed: 0.0304s/iter; left time: 634.2381s
	iters: 4700, epoch: 7 | loss: 0.9017017
	speed: 0.0304s/iter; left time: 630.8452s
	iters: 4800, epoch: 7 | loss: 0.8698494
	speed: 0.0304s/iter; left time: 627.8114s
	iters: 4900, epoch: 7 | loss: 0.8930846
	speed: 0.0304s/iter; left time: 624.9997s
	iters: 5000, epoch: 7 | loss: 0.9081938
	speed: 0.0304s/iter; left time: 621.6732s
	iters: 5100, epoch: 7 | loss: 0.8407160
	speed: 0.0304s/iter; left time: 618.3521s
	iters: 5200, epoch: 7 | loss: 0.8944492
	speed: 0.0304s/iter; left time: 615.7291s
	iters: 5300, epoch: 7 | loss: 0.8975832
	speed: 0.0304s/iter; left time: 612.4541s
	iters: 5400, epoch: 7 | loss: 0.8479761
	speed: 0.0304s/iter; left time: 609.8097s
	iters: 5500, epoch: 7 | loss: 0.9017274
	speed: 0.0304s/iter; left time: 606.8064s
	iters: 5600, epoch: 7 | loss: 0.9083533
	speed: 0.0304s/iter; left time: 604.0502s
	iters: 5700, epoch: 7 | loss: 0.8591957
	speed: 0.0304s/iter; left time: 600.0550s
	iters: 5800, epoch: 7 | loss: 0.9135078
	speed: 0.0304s/iter; left time: 597.2876s
	iters: 5900, epoch: 7 | loss: 0.9033923
	speed: 0.0304s/iter; left time: 594.2256s
	iters: 6000, epoch: 7 | loss: 0.9091455
	speed: 0.0304s/iter; left time: 591.7678s
	iters: 6100, epoch: 7 | loss: 0.9205738
	speed: 0.0304s/iter; left time: 588.2124s
	iters: 6200, epoch: 7 | loss: 0.8715028
	speed: 0.0304s/iter; left time: 585.4287s
	iters: 6300, epoch: 7 | loss: 0.9135740
	speed: 0.0304s/iter; left time: 582.4327s
Epoch: 7 cost time: 194.97621941566467
Epoch: 7, Steps: 6366 | Train Loss: 0.9088538 Vali Loss: 1.1106247 Test Loss: 1.1796868
EarlyStopping counter: 1 out of 3
Updating learning rate to 1.5625e-05
	iters: 100, epoch: 8 | loss: 0.9008204
	speed: 1.6401s/iter; left time: 31160.6838s
	iters: 200, epoch: 8 | loss: 0.9142095
	speed: 0.0340s/iter; left time: 642.3408s
	iters: 300, epoch: 8 | loss: 0.9408908
	speed: 0.0335s/iter; left time: 629.7858s
	iters: 400, epoch: 8 | loss: 0.8842175
	speed: 0.0306s/iter; left time: 571.2604s
	iters: 500, epoch: 8 | loss: 0.9162393
	speed: 0.0306s/iter; left time: 568.2860s
	iters: 600, epoch: 8 | loss: 0.8855880
	speed: 0.0305s/iter; left time: 564.9658s
	iters: 700, epoch: 8 | loss: 0.9180575
	speed: 0.0305s/iter; left time: 561.4244s
	iters: 800, epoch: 8 | loss: 0.9449087
	speed: 0.0306s/iter; left time: 559.4976s
	iters: 900, epoch: 8 | loss: 0.9009925
	speed: 0.0305s/iter; left time: 554.7137s
	iters: 1000, epoch: 8 | loss: 0.9065351
	speed: 0.0305s/iter; left time: 552.2204s
	iters: 1100, epoch: 8 | loss: 0.9071298
	speed: 0.0305s/iter; left time: 548.5550s
	iters: 1200, epoch: 8 | loss: 0.8693426
	speed: 0.0305s/iter; left time: 546.3520s
	iters: 1300, epoch: 8 | loss: 0.9808042
	speed: 0.0305s/iter; left time: 542.1799s
	iters: 1400, epoch: 8 | loss: 0.8917969
	speed: 0.0305s/iter; left time: 539.2775s
	iters: 1500, epoch: 8 | loss: 0.8940632
	speed: 0.0305s/iter; left time: 536.3018s
	iters: 1600, epoch: 8 | loss: 0.9115314
	speed: 0.0304s/iter; left time: 531.8580s
	iters: 1700, epoch: 8 | loss: 0.9031471
	speed: 0.0303s/iter; left time: 527.8365s
	iters: 1800, epoch: 8 | loss: 0.9859846
	speed: 0.0304s/iter; left time: 525.2991s
	iters: 1900, epoch: 8 | loss: 0.8800173
	speed: 0.0304s/iter; left time: 522.3424s
	iters: 2000, epoch: 8 | loss: 0.8991640
	speed: 0.0304s/iter; left time: 519.8952s
	iters: 2100, epoch: 8 | loss: 0.9034098
	speed: 0.0304s/iter; left time: 516.4715s
	iters: 2200, epoch: 8 | loss: 0.8935902
	speed: 0.0304s/iter; left time: 513.6061s
	iters: 2300, epoch: 8 | loss: 0.8977969
	speed: 0.0304s/iter; left time: 510.6673s
	iters: 2400, epoch: 8 | loss: 0.8916772
	speed: 0.0304s/iter; left time: 507.3264s
	iters: 2500, epoch: 8 | loss: 0.9114786
	speed: 0.0304s/iter; left time: 504.1105s
	iters: 2600, epoch: 8 | loss: 0.9163778
	speed: 0.0304s/iter; left time: 501.3899s
	iters: 2700, epoch: 8 | loss: 0.8932538
	speed: 0.0304s/iter; left time: 498.0384s
	iters: 2800, epoch: 8 | loss: 0.8989810
	speed: 0.0304s/iter; left time: 495.3376s
	iters: 2900, epoch: 8 | loss: 0.9048575
	speed: 0.0304s/iter; left time: 491.9773s
	iters: 3000, epoch: 8 | loss: 0.9277415
	speed: 0.0304s/iter; left time: 489.1418s
	iters: 3100, epoch: 8 | loss: 0.8989435
	speed: 0.0304s/iter; left time: 485.7389s
	iters: 3200, epoch: 8 | loss: 0.9267976
	speed: 0.0304s/iter; left time: 483.0752s
	iters: 3300, epoch: 8 | loss: 0.9903859
	speed: 0.0304s/iter; left time: 479.7354s
	iters: 3400, epoch: 8 | loss: 0.8818548
	speed: 0.0304s/iter; left time: 476.9040s
	iters: 3500, epoch: 8 | loss: 0.9054712
	speed: 0.0304s/iter; left time: 473.6193s
	iters: 3600, epoch: 8 | loss: 0.9409331
	speed: 0.0304s/iter; left time: 470.9208s
	iters: 3700, epoch: 8 | loss: 0.9199649
	speed: 0.0304s/iter; left time: 467.7210s
	iters: 3800, epoch: 8 | loss: 0.9384958
	speed: 0.0304s/iter; left time: 464.8316s
	iters: 3900, epoch: 8 | loss: 0.9312586
	speed: 0.0304s/iter; left time: 461.7004s
	iters: 4000, epoch: 8 | loss: 0.9053400
	speed: 0.0304s/iter; left time: 458.5010s
	iters: 4100, epoch: 8 | loss: 0.8594832
	speed: 0.0304s/iter; left time: 455.5941s
	iters: 4200, epoch: 8 | loss: 0.9030926
	speed: 0.0304s/iter; left time: 452.8014s
	iters: 4300, epoch: 8 | loss: 0.8598036
	speed: 0.0304s/iter; left time: 449.7211s
	iters: 4400, epoch: 8 | loss: 0.9434571
	speed: 0.0304s/iter; left time: 446.5567s
	iters: 4500, epoch: 8 | loss: 0.9290018
	speed: 0.0304s/iter; left time: 443.5345s
	iters: 4600, epoch: 8 | loss: 0.9258981
	speed: 0.0304s/iter; left time: 440.8213s
	iters: 4700, epoch: 8 | loss: 0.8556645
	speed: 0.0304s/iter; left time: 437.4285s
	iters: 4800, epoch: 8 | loss: 0.9020765
	speed: 0.0304s/iter; left time: 434.4270s
	iters: 4900, epoch: 8 | loss: 0.8483427
	speed: 0.0304s/iter; left time: 431.9342s
	iters: 5000, epoch: 8 | loss: 0.9680768
	speed: 0.0304s/iter; left time: 428.4769s
	iters: 5100, epoch: 8 | loss: 0.9225229
	speed: 0.0304s/iter; left time: 425.9365s
	iters: 5200, epoch: 8 | loss: 0.8924742
	speed: 0.0304s/iter; left time: 422.3374s
	iters: 5300, epoch: 8 | loss: 0.8528056
	speed: 0.0304s/iter; left time: 419.0759s
	iters: 5400, epoch: 8 | loss: 0.9050289
	speed: 0.0304s/iter; left time: 416.1065s
	iters: 5500, epoch: 8 | loss: 0.8739368
	speed: 0.0304s/iter; left time: 413.0710s
	iters: 5600, epoch: 8 | loss: 0.9210897
	speed: 0.0304s/iter; left time: 409.8238s
	iters: 5700, epoch: 8 | loss: 0.8621174
	speed: 0.0304s/iter; left time: 407.1797s
	iters: 5800, epoch: 8 | loss: 0.9121584
	speed: 0.0304s/iter; left time: 404.0375s
	iters: 5900, epoch: 8 | loss: 0.8409522
	speed: 0.0304s/iter; left time: 400.9004s
	iters: 6000, epoch: 8 | loss: 0.9964970
	speed: 0.0304s/iter; left time: 397.6738s
	iters: 6100, epoch: 8 | loss: 0.8970675
	speed: 0.0304s/iter; left time: 394.5583s
	iters: 6200, epoch: 8 | loss: 0.8939790
	speed: 0.0304s/iter; left time: 391.6776s
	iters: 6300, epoch: 8 | loss: 0.9879807
	speed: 0.0304s/iter; left time: 388.7188s
Epoch: 8 cost time: 194.6515235900879
Epoch: 8, Steps: 6366 | Train Loss: 0.9088445 Vali Loss: 1.1106086 Test Loss: 1.1796862
Validation loss decreased (1.110617 --> 1.110609).  Saving model ...
Updating learning rate to 7.8125e-06
	iters: 100, epoch: 9 | loss: 0.8944721
	speed: 1.7105s/iter; left time: 21608.4540s
	iters: 200, epoch: 9 | loss: 0.8618738
	speed: 0.0305s/iter; left time: 381.8446s
	iters: 300, epoch: 9 | loss: 0.9056700
	speed: 0.0304s/iter; left time: 377.9828s
	iters: 400, epoch: 9 | loss: 0.9117054
	speed: 0.0304s/iter; left time: 374.7268s
	iters: 500, epoch: 9 | loss: 0.9044961
	speed: 0.0304s/iter; left time: 371.8423s
	iters: 600, epoch: 9 | loss: 0.9953728
	speed: 0.0304s/iter; left time: 368.9330s
	iters: 700, epoch: 9 | loss: 0.8981580
	speed: 0.0304s/iter; left time: 365.7755s
	iters: 800, epoch: 9 | loss: 0.8650591
	speed: 0.0304s/iter; left time: 362.7132s
	iters: 900, epoch: 9 | loss: 0.8873038
	speed: 0.0304s/iter; left time: 359.4614s
	iters: 1000, epoch: 9 | loss: 0.9281033
	speed: 0.0304s/iter; left time: 357.0976s
	iters: 1100, epoch: 9 | loss: 0.8920405
	speed: 0.0304s/iter; left time: 353.4744s
	iters: 1200, epoch: 9 | loss: 0.8935538
	speed: 0.0306s/iter; left time: 352.8214s
	iters: 1300, epoch: 9 | loss: 0.9278989
	speed: 0.0304s/iter; left time: 347.4211s
	iters: 1400, epoch: 9 | loss: 0.8516864
	speed: 0.0304s/iter; left time: 344.6039s
	iters: 1500, epoch: 9 | loss: 0.8473712
	speed: 0.0304s/iter; left time: 341.7766s
	iters: 1600, epoch: 9 | loss: 0.9385843
	speed: 0.0304s/iter; left time: 338.5933s
	iters: 1700, epoch: 9 | loss: 0.8782650
	speed: 0.0304s/iter; left time: 335.1507s
	iters: 1800, epoch: 9 | loss: 0.9268684
	speed: 0.0304s/iter; left time: 332.4442s
	iters: 1900, epoch: 9 | loss: 0.8940236
	speed: 0.0304s/iter; left time: 329.5179s
	iters: 2000, epoch: 9 | loss: 0.9159968
	speed: 0.0304s/iter; left time: 326.2532s
	iters: 2100, epoch: 9 | loss: 0.9041183
	speed: 0.0304s/iter; left time: 323.2578s
	iters: 2200, epoch: 9 | loss: 0.8911281
	speed: 0.0304s/iter; left time: 320.0527s
	iters: 2300, epoch: 9 | loss: 0.8803375
	speed: 0.0304s/iter; left time: 317.0131s
	iters: 2400, epoch: 9 | loss: 0.8486636
	speed: 0.0304s/iter; left time: 314.2141s
	iters: 2500, epoch: 9 | loss: 0.8781571
	speed: 0.0306s/iter; left time: 313.4982s
	iters: 2600, epoch: 9 | loss: 0.8680866
	speed: 0.0303s/iter; left time: 307.3934s
	iters: 2700, epoch: 9 | loss: 0.8943182
	speed: 0.0304s/iter; left time: 305.3106s
	iters: 2800, epoch: 9 | loss: 0.8960419
	speed: 0.0304s/iter; left time: 301.9648s
	iters: 2900, epoch: 9 | loss: 0.9048509
	speed: 0.0304s/iter; left time: 298.8104s
	iters: 3000, epoch: 9 | loss: 0.9311271
	speed: 0.0304s/iter; left time: 295.7376s
	iters: 3100, epoch: 9 | loss: 0.8538147
	speed: 0.0304s/iter; left time: 292.7776s
	iters: 3200, epoch: 9 | loss: 0.9199588
	speed: 0.0304s/iter; left time: 289.6255s
	iters: 3300, epoch: 9 | loss: 0.8788283
	speed: 0.0303s/iter; left time: 286.2684s
	iters: 3400, epoch: 9 | loss: 0.9158871
	speed: 0.0303s/iter; left time: 283.2157s
	iters: 3500, epoch: 9 | loss: 0.8832994
	speed: 0.0304s/iter; left time: 280.4147s
	iters: 3600, epoch: 9 | loss: 0.9051189
	speed: 0.0304s/iter; left time: 277.4973s
	iters: 3700, epoch: 9 | loss: 0.8785979
	speed: 0.0306s/iter; left time: 276.3427s
	iters: 3800, epoch: 9 | loss: 0.8752881
	speed: 0.0304s/iter; left time: 271.6535s
	iters: 3900, epoch: 9 | loss: 0.8603050
	speed: 0.0304s/iter; left time: 268.5679s
	iters: 4000, epoch: 9 | loss: 0.9483842
	speed: 0.0304s/iter; left time: 265.5177s
	iters: 4100, epoch: 9 | loss: 0.8897058
	speed: 0.0304s/iter; left time: 262.5226s
	iters: 4200, epoch: 9 | loss: 0.9307706
	speed: 0.0304s/iter; left time: 259.4107s
	iters: 4300, epoch: 9 | loss: 0.9240846
	speed: 0.0304s/iter; left time: 256.4212s
	iters: 4400, epoch: 9 | loss: 0.9407537
	speed: 0.0304s/iter; left time: 253.1634s
	iters: 4500, epoch: 9 | loss: 0.9389767
	speed: 0.0304s/iter; left time: 250.1545s
	iters: 4600, epoch: 9 | loss: 0.9080662
	speed: 0.0304s/iter; left time: 247.2284s
	iters: 4700, epoch: 9 | loss: 0.9078277
	speed: 0.0304s/iter; left time: 244.2316s
	iters: 4800, epoch: 9 | loss: 0.9350357
	speed: 0.0304s/iter; left time: 241.2389s
	iters: 4900, epoch: 9 | loss: 0.9232373
	speed: 0.0304s/iter; left time: 238.3311s
	iters: 5000, epoch: 9 | loss: 0.8882764
	speed: 0.0304s/iter; left time: 235.0127s
	iters: 5100, epoch: 9 | loss: 0.8906084
	speed: 0.0304s/iter; left time: 231.9922s
	iters: 5200, epoch: 9 | loss: 0.9092464
	speed: 0.0304s/iter; left time: 228.8228s
	iters: 5300, epoch: 9 | loss: 0.9426925
	speed: 0.0304s/iter; left time: 225.9481s
	iters: 5400, epoch: 9 | loss: 0.8686823
	speed: 0.0304s/iter; left time: 222.7730s
	iters: 5500, epoch: 9 | loss: 0.8939086
	speed: 0.0304s/iter; left time: 219.9325s
	iters: 5600, epoch: 9 | loss: 0.9235271
	speed: 0.0304s/iter; left time: 216.8110s
	iters: 5700, epoch: 9 | loss: 0.9221748
	speed: 0.0304s/iter; left time: 213.8385s
	iters: 5800, epoch: 9 | loss: 0.9154627
	speed: 0.0304s/iter; left time: 210.7520s
	iters: 5900, epoch: 9 | loss: 0.9537049
	speed: 0.0304s/iter; left time: 207.6548s
	iters: 6000, epoch: 9 | loss: 0.9403577
	speed: 0.0304s/iter; left time: 204.7179s
	iters: 6100, epoch: 9 | loss: 0.9208611
	speed: 0.0304s/iter; left time: 201.4712s
	iters: 6200, epoch: 9 | loss: 0.9171546
	speed: 0.0304s/iter; left time: 198.7041s
	iters: 6300, epoch: 9 | loss: 0.9401948
	speed: 0.0304s/iter; left time: 195.4364s
Epoch: 9 cost time: 193.98049068450928
Epoch: 9, Steps: 6366 | Train Loss: 0.9088410 Vali Loss: 1.1106409 Test Loss: 1.1796863
EarlyStopping counter: 1 out of 3
Updating learning rate to 3.90625e-06
	iters: 100, epoch: 10 | loss: 0.8976840
	speed: 1.5637s/iter; left time: 9800.0168s
	iters: 200, epoch: 10 | loss: 0.8419974
	speed: 0.0305s/iter; left time: 188.0480s
	iters: 300, epoch: 10 | loss: 0.8939760
	speed: 0.0305s/iter; left time: 185.1045s
	iters: 400, epoch: 10 | loss: 0.9257601
	speed: 0.0305s/iter; left time: 181.8811s
	iters: 500, epoch: 10 | loss: 0.9603321
	speed: 0.0305s/iter; left time: 178.9286s
	iters: 600, epoch: 10 | loss: 0.9089242
	speed: 0.0306s/iter; left time: 176.7009s
	iters: 700, epoch: 10 | loss: 0.8989006
	speed: 0.0307s/iter; left time: 174.1461s
	iters: 800, epoch: 10 | loss: 0.9008622
	speed: 0.0306s/iter; left time: 170.1088s
	iters: 900, epoch: 10 | loss: 0.8836236
	speed: 0.0305s/iter; left time: 166.9499s
	iters: 1000, epoch: 10 | loss: 0.9169073
	speed: 0.0305s/iter; left time: 163.8350s
	iters: 1100, epoch: 10 | loss: 0.9221151
	speed: 0.0305s/iter; left time: 160.8292s
	iters: 1200, epoch: 10 | loss: 0.8777884
	speed: 0.0305s/iter; left time: 157.8324s
	iters: 1300, epoch: 10 | loss: 0.8859487
	speed: 0.0305s/iter; left time: 154.5925s
	iters: 1400, epoch: 10 | loss: 0.9253093
	speed: 0.0306s/iter; left time: 151.8168s
	iters: 1500, epoch: 10 | loss: 0.9528121
	speed: 0.0306s/iter; left time: 148.7439s
	iters: 1600, epoch: 10 | loss: 0.9463751
	speed: 0.0306s/iter; left time: 145.6488s
	iters: 1700, epoch: 10 | loss: 0.8497854
	speed: 0.0305s/iter; left time: 142.4679s
	iters: 1800, epoch: 10 | loss: 0.9137879
	speed: 0.0305s/iter; left time: 139.4528s
	iters: 1900, epoch: 10 | loss: 0.8793023
	speed: 0.0305s/iter; left time: 136.4107s
	iters: 2000, epoch: 10 | loss: 0.9188421
	speed: 0.0305s/iter; left time: 133.3553s
	iters: 2100, epoch: 10 | loss: 0.9128838
	speed: 0.0305s/iter; left time: 130.3269s
	iters: 2200, epoch: 10 | loss: 0.9560646
	speed: 0.0305s/iter; left time: 127.1597s
	iters: 2300, epoch: 10 | loss: 0.8785999
	speed: 0.0304s/iter; left time: 123.8160s
	iters: 2400, epoch: 10 | loss: 0.8935185
	speed: 0.0304s/iter; left time: 120.7307s
	iters: 2500, epoch: 10 | loss: 0.9097898
	speed: 0.0304s/iter; left time: 117.6273s
	iters: 2600, epoch: 10 | loss: 0.9003834
	speed: 0.0305s/iter; left time: 114.8327s
	iters: 2700, epoch: 10 | loss: 0.8885710
	speed: 0.0305s/iter; left time: 111.7432s
	iters: 2800, epoch: 10 | loss: 0.8617574
	speed: 0.0304s/iter; left time: 108.5136s
	iters: 2900, epoch: 10 | loss: 0.8966883
	speed: 0.0305s/iter; left time: 105.6352s
	iters: 3000, epoch: 10 | loss: 0.9033780
	speed: 0.0305s/iter; left time: 102.6548s
	iters: 3100, epoch: 10 | loss: 0.8751330
	speed: 0.0305s/iter; left time: 99.6350s
	iters: 3200, epoch: 10 | loss: 0.8692680
	speed: 0.0305s/iter; left time: 96.4445s
	iters: 3300, epoch: 10 | loss: 0.8665650
	speed: 0.0304s/iter; left time: 93.3859s
	iters: 3400, epoch: 10 | loss: 0.8951095
	speed: 0.0304s/iter; left time: 90.1481s
	iters: 3500, epoch: 10 | loss: 0.9707119
	speed: 0.0307s/iter; left time: 87.9623s
	iters: 3600, epoch: 10 | loss: 0.8712882
	speed: 0.0308s/iter; left time: 85.2148s
	iters: 3700, epoch: 10 | loss: 0.9389739
	speed: 0.0304s/iter; left time: 80.9907s
	iters: 3800, epoch: 10 | loss: 0.9202040
	speed: 0.0304s/iter; left time: 77.9478s
	iters: 3900, epoch: 10 | loss: 0.8831381
	speed: 0.0304s/iter; left time: 74.9109s
	iters: 4000, epoch: 10 | loss: 0.9196041
	speed: 0.0304s/iter; left time: 71.8393s
	iters: 4100, epoch: 10 | loss: 0.9024588
	speed: 0.0304s/iter; left time: 68.8442s
	iters: 4200, epoch: 10 | loss: 0.9202770
	speed: 0.0303s/iter; left time: 65.7215s
	iters: 4300, epoch: 10 | loss: 0.9015625
	speed: 0.0304s/iter; left time: 62.7531s
	iters: 4400, epoch: 10 | loss: 0.9310347
	speed: 0.0303s/iter; left time: 59.6922s
	iters: 4500, epoch: 10 | loss: 0.8721891
	speed: 0.0304s/iter; left time: 56.6730s
	iters: 4600, epoch: 10 | loss: 0.9285899
	speed: 0.0304s/iter; left time: 53.6622s
	iters: 4700, epoch: 10 | loss: 0.9010003
	speed: 0.0304s/iter; left time: 50.6160s
	iters: 4800, epoch: 10 | loss: 0.9167075
	speed: 0.0303s/iter; left time: 47.5065s
	iters: 4900, epoch: 10 | loss: 0.9094207
	speed: 0.0303s/iter; left time: 44.5117s
	iters: 5000, epoch: 10 | loss: 0.8447828
	speed: 0.0304s/iter; left time: 41.5178s
	iters: 5100, epoch: 10 | loss: 0.8710052
	speed: 0.0303s/iter; left time: 38.4330s
	iters: 5200, epoch: 10 | loss: 0.9218602
	speed: 0.0304s/iter; left time: 35.4400s
	iters: 5300, epoch: 10 | loss: 0.9070864
	speed: 0.0303s/iter; left time: 32.3653s
	iters: 5400, epoch: 10 | loss: 0.9383934
	speed: 0.0304s/iter; left time: 29.3646s
	iters: 5500, epoch: 10 | loss: 0.9356715
	speed: 0.0304s/iter; left time: 26.3232s
	iters: 5600, epoch: 10 | loss: 0.9577753
	speed: 0.0303s/iter; left time: 23.2773s
	iters: 5700, epoch: 10 | loss: 0.9814339
	speed: 0.0303s/iter; left time: 20.2368s
	iters: 5800, epoch: 10 | loss: 0.8781171
	speed: 0.0304s/iter; left time: 17.2184s
	iters: 5900, epoch: 10 | loss: 0.9136670
	speed: 0.0304s/iter; left time: 14.1852s
	iters: 6000, epoch: 10 | loss: 0.9249536
	speed: 0.0304s/iter; left time: 11.1446s
	iters: 6100, epoch: 10 | loss: 0.9204094
	speed: 0.0303s/iter; left time: 8.0934s
	iters: 6200, epoch: 10 | loss: 0.8724971
	speed: 0.0304s/iter; left time: 5.0702s
	iters: 6300, epoch: 10 | loss: 0.8978283
	speed: 0.0304s/iter; left time: 2.0345s
Epoch: 10 cost time: 194.3335201740265
Epoch: 10, Steps: 6366 | Train Loss: 0.9088450 Vali Loss: 1.1105517 Test Loss: 1.1796860
Validation loss decreased (1.110609 --> 1.110552).  Saving model ...
Updating learning rate to 1.953125e-06
>>>>>>>testing : long_term_forecast_pems10_h_96_720_iTransformer_custom_ftM_sl96_ll48_pl720_dm512_nh8_el4_dl1_df512_fc3_ebtimeF_dtTrue_srate1.0_sseed7_trainseed2024_Exp_0<<<<<<<<<<<<<<<<<<<<<<<<<<<<<<<<<
test 28618
test shape: (28618, 1, 720, 107) (28618, 1, 720, 107)
test shape: (28618, 720, 107) (28618, 720, 107)
mse:1.1797034740447998, mae:0.906660795211792
>>>>>>>Overall time: 3778 seconds<<<<<<<<<<<<<<<<<<<<<<<<<<<<<<<<<
