Args in experiment:
Namespace(activation='gelu', anomaly_ratio=0.25, batch_size=16, c_out=107, checkpoints='./checkpoints/', d_ff=512, d_layers=1, d_model=512, data='custom', data_path='pems10_d.csv', dec_in=107, des='Exp', devices='0,1,2,3', distil=True, dropout=0, e_layers=4, embed='timeF', enc_in=107, factor=3, features='M', freq='h', gap_day=365, gpu=0, inverse=False, is_training=1, itr=1, label_len=48, learning_rate=0.001, loss='MSE', lradj='type1', mask_rate=0.25, model='iTransformer', model_id='pems10_d_96_336', moving_avg=25, n_heads=8, num_kernels=6, num_workers=10, output_attention=False, p_hidden_dims=[128, 128], p_hidden_layers=2, patience=3, pred_len=336, root_path='../../data/pems/', samle_rate=1.0, sample_seed=7, seasonal_patterns='Monthly', seq_len=96, target='OT', task_name='long_term_forecast', top_k=5, train_epochs=10, train_seed=2024, use_amp=False, use_gpu=True, use_multi_gpu=False)
Use GPU: cuda:0
>>>>>>>start training : long_term_forecast_pems10_d_96_336_iTransformer_custom_ftM_sl96_ll48_pl336_dm512_nh8_el4_dl1_df512_fc3_ebtimeF_dtTrue_srate1.0_sseed7_trainseed2024_Exp_0>>>>>>>>>>>>>>>>>>>>>>>>>>
train 3847
val 277
test 887
Args in experiment:
Namespace(activation='gelu', anomaly_ratio=0.25, batch_size=16, c_out=107, checkpoints='./checkpoints/', d_ff=512, d_layers=1, d_model=512, data='custom', data_path='pems10_d.csv', dec_in=107, des='Exp', devices='0,1,2,3', distil=True, dropout=0, e_layers=4, embed='timeF', enc_in=107, factor=3, features='M', freq='h', gap_day=365, gpu=0, inverse=False, is_training=1, itr=1, label_len=48, learning_rate=0.001, loss='MSE', lradj='type1', mask_rate=0.25, model='iTransformer', model_id='pems10_d_96_336', moving_avg=25, n_heads=8, num_kernels=6, num_workers=10, output_attention=False, p_hidden_dims=[128, 128], p_hidden_layers=2, patience=3, pred_len=336, root_path='../../data/pems/', samle_rate=1.0, sample_seed=7, seasonal_patterns='Monthly', seq_len=96, target='OT', task_name='long_term_forecast', top_k=5, train_epochs=10, train_seed=2024, use_amp=False, use_gpu=True, use_multi_gpu=False)
Use GPU: cuda:0
>>>>>>>start training : long_term_forecast_pems10_d_96_336_iTransformer_custom_ftM_sl96_ll48_pl336_dm512_nh8_el4_dl1_df512_fc3_ebtimeF_dtTrue_srate1.0_sseed7_trainseed2024_Exp_0>>>>>>>>>>>>>>>>>>>>>>>>>>
train 3847
val 277
test 887
Args in experiment:
Namespace(activation='gelu', anomaly_ratio=0.25, batch_size=16, c_out=107, checkpoints='./checkpoints/', d_ff=512, d_layers=1, d_model=512, data='custom', data_path='pems10_d.csv', dec_in=107, des='Exp', devices='0,1,2,3', distil=True, dropout=0, e_layers=4, embed='timeF', enc_in=107, factor=3, features='M', freq='h', gap_day=365, gpu=0, inverse=False, is_training=1, itr=1, label_len=48, learning_rate=0.001, loss='MSE', lradj='type1', mask_rate=0.25, model='iTransformer', model_id='pems10_d_96_336', moving_avg=25, n_heads=8, num_kernels=6, num_workers=10, output_attention=False, p_hidden_dims=[128, 128], p_hidden_layers=2, patience=3, pred_len=336, root_path='../../data/pems/', samle_rate=1.0, sample_seed=7, seasonal_patterns='Monthly', seq_len=96, target='OT', task_name='long_term_forecast', top_k=5, train_epochs=10, train_seed=2024, use_amp=False, use_gpu=True, use_multi_gpu=False)
Use GPU: cuda:0
>>>>>>>start training : long_term_forecast_pems10_d_96_336_iTransformer_custom_ftM_sl96_ll48_pl336_dm512_nh8_el4_dl1_df512_fc3_ebtimeF_dtTrue_srate1.0_sseed7_trainseed2024_Exp_0>>>>>>>>>>>>>>>>>>>>>>>>>>
train 3847
val 277
test 887
	iters: 100, epoch: 1 | loss: 0.6567832
	speed: 0.0368s/iter; left time: 84.6862s
	iters: 200, epoch: 1 | loss: 0.7329278
	speed: 0.0304s/iter; left time: 66.9317s
Epoch: 1 cost time: 8.047765493392944
Epoch: 1, Steps: 240 | Train Loss: 0.7849940 Vali Loss: 2.1510274 Test Loss: 1.4778625
Validation loss decreased (inf --> 2.151027).  Saving model ...
Updating learning rate to 0.001
	iters: 100, epoch: 2 | loss: 0.6904283
	speed: 0.1000s/iter; left time: 206.1567s
	iters: 200, epoch: 2 | loss: 0.7686480
	speed: 0.0305s/iter; left time: 59.7200s
Epoch: 2 cost time: 7.814191818237305
Epoch: 2, Steps: 240 | Train Loss: 0.8467036 Vali Loss: 2.3670962 Test Loss: 1.7214313
EarlyStopping counter: 1 out of 3
Updating learning rate to 0.0005
	iters: 100, epoch: 3 | loss: 0.9712944
	speed: 0.0962s/iter; left time: 175.1522s
	iters: 200, epoch: 3 | loss: 0.8767378
	speed: 0.0300s/iter; left time: 51.6437s
Epoch: 3 cost time: 7.7648961544036865
Epoch: 3, Steps: 240 | Train Loss: 0.9131972 Vali Loss: 2.3391085 Test Loss: 1.6751832
EarlyStopping counter: 2 out of 3
Updating learning rate to 0.00025
	iters: 100, epoch: 4 | loss: 0.8610007
	speed: 0.0968s/iter; left time: 153.0261s
	iters: 200, epoch: 4 | loss: 1.1109880
	speed: 0.0289s/iter; left time: 42.8716s
Epoch: 4 cost time: 7.731678247451782
Epoch: 4, Steps: 240 | Train Loss: 0.8899409 Vali Loss: 2.2828584 Test Loss: 1.6591629
EarlyStopping counter: 3 out of 3
Early stopping
>>>>>>>testing : long_term_forecast_pems10_d_96_336_iTransformer_custom_ftM_sl96_ll48_pl336_dm512_nh8_el4_dl1_df512_fc3_ebtimeF_dtTrue_srate1.0_sseed7_trainseed2024_Exp_0<<<<<<<<<<<<<<<<<<<<<<<<<<<<<<<<<
test 887
test shape: (887, 1, 336, 107) (887, 1, 336, 107)
test shape: (887, 336, 107) (887, 336, 107)
mse:1.477862000465393, mae:0.7675984501838684
>>>>>>>Overall time: 61 seconds<<<<<<<<<<<<<<<<<<<<<<<<<<<<<<<<<
Args in experiment:
Namespace(activation='gelu', anomaly_ratio=0.25, batch_size=16, c_out=107, checkpoints='./checkpoints/', d_ff=512, d_layers=1, d_model=512, data='custom', data_path='pems10_d.csv', dec_in=107, des='Exp', devices='0,1,2,3', distil=True, dropout=0, e_layers=4, embed='timeF', enc_in=107, factor=3, features='M', freq='h', gap_day=365, gpu=0, inverse=False, is_training=1, itr=1, label_len=48, learning_rate=0.001, loss='MSE', lradj='type1', mask_rate=0.25, model='iTransformer', model_id='pems10_d_96_336', moving_avg=25, n_heads=8, num_kernels=6, num_workers=10, output_attention=False, p_hidden_dims=[128, 128], p_hidden_layers=2, patience=3, pred_len=336, root_path='../../data/pems/', samle_rate=1.0, sample_seed=7, seasonal_patterns='Monthly', seq_len=96, target='OT', task_name='long_term_forecast', top_k=5, train_epochs=10, train_seed=2024, use_amp=False, use_gpu=True, use_multi_gpu=False)
Use GPU: cuda:0
>>>>>>>start training : long_term_forecast_pems10_d_96_336_iTransformer_custom_ftM_sl96_ll48_pl336_dm512_nh8_el4_dl1_df512_fc3_ebtimeF_dtTrue_srate1.0_sseed7_trainseed2024_Exp_0>>>>>>>>>>>>>>>>>>>>>>>>>>
train 3847
val 277
test 887
	iters: 100, epoch: 1 | loss: 0.6567832
	speed: 0.0351s/iter; left time: 80.8336s
	iters: 200, epoch: 1 | loss: 0.7329278
	speed: 0.0304s/iter; left time: 66.8929s
Epoch: 1 cost time: 7.866079807281494
Epoch: 1, Steps: 240 | Train Loss: 0.7849940 Vali Loss: 2.1510274 Test Loss: 1.4778625
Validation loss decreased (inf --> 2.151027).  Saving model ...
Updating learning rate to 0.001
	iters: 100, epoch: 2 | loss: 0.6904283
	speed: 0.0951s/iter; left time: 196.0349s
	iters: 200, epoch: 2 | loss: 0.7686480
	speed: 0.0304s/iter; left time: 59.5587s
Epoch: 2 cost time: 7.675906181335449
Epoch: 2, Steps: 240 | Train Loss: 0.8467036 Vali Loss: 2.3670962 Test Loss: 1.7214313
EarlyStopping counter: 1 out of 3
Updating learning rate to 0.0005
	iters: 100, epoch: 3 | loss: 0.9712944
	speed: 0.0937s/iter; left time: 170.5377s
	iters: 200, epoch: 3 | loss: 0.8767378
	speed: 0.0303s/iter; left time: 52.1198s
Epoch: 3 cost time: 7.664634943008423
Epoch: 3, Steps: 240 | Train Loss: 0.9131972 Vali Loss: 2.3391085 Test Loss: 1.6751832
EarlyStopping counter: 2 out of 3
Updating learning rate to 0.00025
	iters: 100, epoch: 4 | loss: 0.8610007
	speed: 0.0943s/iter; left time: 149.0858s
	iters: 200, epoch: 4 | loss: 1.1109880
	speed: 0.0305s/iter; left time: 45.1108s
Epoch: 4 cost time: 7.783448934555054
Epoch: 4, Steps: 240 | Train Loss: 0.8899409 Vali Loss: 2.2828584 Test Loss: 1.6591629
EarlyStopping counter: 3 out of 3
Early stopping
>>>>>>>testing : long_term_forecast_pems10_d_96_336_iTransformer_custom_ftM_sl96_ll48_pl336_dm512_nh8_el4_dl1_df512_fc3_ebtimeF_dtTrue_srate1.0_sseed7_trainseed2024_Exp_0<<<<<<<<<<<<<<<<<<<<<<<<<<<<<<<<<
test 887
test shape: (887, 1, 336, 107) (887, 1, 336, 107)
test shape: (887, 336, 107) (887, 336, 107)
mse:1.477862000465393, mae:0.7675984501838684
>>>>>>>Overall time: 57 seconds<<<<<<<<<<<<<<<<<<<<<<<<<<<<<<<<<
