Args in experiment:
Namespace(activation='gelu', anomaly_ratio=0.25, batch_size=16, c_out=521, checkpoints='./checkpoints/', d_ff=512, d_layers=1, d_model=512, data='custom', data_path='pems11_h.csv', dec_in=521, des='Exp', devices='0,1,2,3', distil=True, dropout=0, e_layers=4, embed='timeF', enc_in=521, factor=3, features='M', freq='h', gap_day=365, gpu=0, inverse=False, is_training=1, itr=1, label_len=48, learning_rate=0.001, loss='MSE', lradj='type1', mask_rate=0.25, model='iTransformer', model_id='pems11_h_96_192', moving_avg=25, n_heads=8, num_kernels=6, num_workers=10, output_attention=False, p_hidden_dims=[128, 128], p_hidden_layers=2, patience=3, pred_len=192, root_path='../../data/pems/', samle_rate=1.0, sample_seed=7, seasonal_patterns='Monthly', seq_len=96, target='OT', task_name='long_term_forecast', top_k=5, train_epochs=10, train_seed=2024, use_amp=False, use_gpu=True, use_multi_gpu=False)
Use GPU: cuda:0
>>>>>>>start training : long_term_forecast_pems11_h_96_192_iTransformer_custom_ftM_sl96_ll48_pl192_dm512_nh8_el4_dl1_df512_fc3_ebtimeF_dtTrue_srate1.0_sseed7_trainseed2024_Exp_0>>>>>>>>>>>>>>>>>>>>>>>>>>
train 131962
val 18703
test 37594
	iters: 100, epoch: 1 | loss: 0.2034597
	speed: 0.0825s/iter; left time: 6798.0659s
	iters: 200, epoch: 1 | loss: 0.1771393
	speed: 0.0729s/iter; left time: 5994.1848s
	iters: 300, epoch: 1 | loss: 0.1365034
	speed: 0.0728s/iter; left time: 5982.8669s
	iters: 400, epoch: 1 | loss: 0.1034446
	speed: 0.0728s/iter; left time: 5974.1458s
	iters: 500, epoch: 1 | loss: 0.1253083
	speed: 0.0728s/iter; left time: 5966.7924s
	iters: 600, epoch: 1 | loss: 0.1631463
	speed: 0.0728s/iter; left time: 5963.4910s
	iters: 700, epoch: 1 | loss: 0.1319605
	speed: 0.0729s/iter; left time: 5960.4212s
	iters: 800, epoch: 1 | loss: 0.1392723
	speed: 0.0730s/iter; left time: 5958.6774s
	iters: 900, epoch: 1 | loss: 0.1687794
	speed: 0.0729s/iter; left time: 5949.6356s
	iters: 1000, epoch: 1 | loss: 0.1315604
	speed: 0.0729s/iter; left time: 5936.7855s
	iters: 1100, epoch: 1 | loss: 0.1338117
	speed: 0.0728s/iter; left time: 5922.7381s
	iters: 1200, epoch: 1 | loss: 0.2108118
	speed: 0.0728s/iter; left time: 5920.0148s
	iters: 1300, epoch: 1 | loss: 0.1299530
	speed: 0.0729s/iter; left time: 5917.3394s
	iters: 1400, epoch: 1 | loss: 0.1359200
	speed: 0.0729s/iter; left time: 5909.7065s
	iters: 1500, epoch: 1 | loss: 0.2626290
	speed: 0.0730s/iter; left time: 5909.5146s
	iters: 1600, epoch: 1 | loss: 0.1894579
	speed: 0.0730s/iter; left time: 5905.2253s
	iters: 1700, epoch: 1 | loss: 0.1136069
	speed: 0.0730s/iter; left time: 5899.6297s
	iters: 1800, epoch: 1 | loss: 0.2443260
	speed: 0.0731s/iter; left time: 5893.9681s
	iters: 1900, epoch: 1 | loss: 0.1445442
	speed: 0.0731s/iter; left time: 5891.5177s
	iters: 2000, epoch: 1 | loss: 0.1327280
	speed: 0.0731s/iter; left time: 5881.2649s
	iters: 2100, epoch: 1 | loss: 0.0994682
	speed: 0.0727s/iter; left time: 5843.2896s
	iters: 2200, epoch: 1 | loss: 0.1528120
	speed: 0.0724s/iter; left time: 5814.6743s
	iters: 2300, epoch: 1 | loss: 0.1375566
	speed: 0.0725s/iter; left time: 5810.4893s
	iters: 2400, epoch: 1 | loss: 0.1626963
	speed: 0.0726s/iter; left time: 5811.2998s
	iters: 2500, epoch: 1 | loss: 0.2190107
	speed: 0.0725s/iter; left time: 5797.8313s
	iters: 2600, epoch: 1 | loss: 0.1778999
	speed: 0.0726s/iter; left time: 5795.4937s
	iters: 2700, epoch: 1 | loss: 0.1288656
	speed: 0.0725s/iter; left time: 5786.9259s
	iters: 2800, epoch: 1 | loss: 0.1358062
	speed: 0.0726s/iter; left time: 5783.8583s
	iters: 2900, epoch: 1 | loss: 0.1343805
	speed: 0.0725s/iter; left time: 5768.5266s
	iters: 3000, epoch: 1 | loss: 0.0979025
	speed: 0.0724s/iter; left time: 5749.8711s
	iters: 3100, epoch: 1 | loss: 0.1093136
	speed: 0.0724s/iter; left time: 5750.3344s
	iters: 3200, epoch: 1 | loss: 0.1402302
	speed: 0.0724s/iter; left time: 5735.4703s
	iters: 3300, epoch: 1 | loss: 0.1083917
	speed: 0.0723s/iter; left time: 5724.5671s
	iters: 3400, epoch: 1 | loss: 0.1193909
	speed: 0.0723s/iter; left time: 5718.4553s
	iters: 3500, epoch: 1 | loss: 0.1344608
	speed: 0.0723s/iter; left time: 5708.5013s
	iters: 3600, epoch: 1 | loss: 0.1418530
	speed: 0.0724s/iter; left time: 5708.3540s
	iters: 3700, epoch: 1 | loss: 0.1251731
	speed: 0.0724s/iter; left time: 5705.1263s
	iters: 3800, epoch: 1 | loss: 0.1404160
	speed: 0.0724s/iter; left time: 5695.0198s
	iters: 3900, epoch: 1 | loss: 0.1234753
	speed: 0.0723s/iter; left time: 5683.6645s
	iters: 4000, epoch: 1 | loss: 0.1474278
	speed: 0.0723s/iter; left time: 5669.6053s
	iters: 4100, epoch: 1 | loss: 0.1356556
	speed: 0.0723s/iter; left time: 5664.4281s
	iters: 4200, epoch: 1 | loss: 0.1169061
	speed: 0.0722s/iter; left time: 5650.7100s
	iters: 4300, epoch: 1 | loss: 0.1536830
	speed: 0.0722s/iter; left time: 5641.6050s
	iters: 4400, epoch: 1 | loss: 0.1143313
	speed: 0.0724s/iter; left time: 5653.2774s
	iters: 4500, epoch: 1 | loss: 0.1105139
	speed: 0.0722s/iter; left time: 5631.1665s
	iters: 4600, epoch: 1 | loss: 0.1358151
	speed: 0.0722s/iter; left time: 5626.1238s
	iters: 4700, epoch: 1 | loss: 0.1435110
	speed: 0.0722s/iter; left time: 5614.2863s
	iters: 4800, epoch: 1 | loss: 0.5350028
	speed: 0.0723s/iter; left time: 5613.3634s
	iters: 4900, epoch: 1 | loss: 0.3519881
	speed: 0.0721s/iter; left time: 5591.6182s
	iters: 5000, epoch: 1 | loss: 0.3142196
	speed: 0.0722s/iter; left time: 5594.0010s
	iters: 5100, epoch: 1 | loss: 0.3591724
	speed: 0.0722s/iter; left time: 5588.1608s
	iters: 5200, epoch: 1 | loss: 0.3171656
	speed: 0.0721s/iter; left time: 5573.3913s
	iters: 5300, epoch: 1 | loss: 0.3161537
	speed: 0.0718s/iter; left time: 5543.3505s
	iters: 5400, epoch: 1 | loss: 0.2771900
	speed: 0.0717s/iter; left time: 5525.4382s
	iters: 5500, epoch: 1 | loss: 0.2975753
	speed: 0.0716s/iter; left time: 5510.1753s
	iters: 5600, epoch: 1 | loss: 0.2602984
	speed: 0.0716s/iter; left time: 5503.8075s
	iters: 5700, epoch: 1 | loss: 0.2993324
	speed: 0.0716s/iter; left time: 5496.6018s
	iters: 5800, epoch: 1 | loss: 0.3157258
	speed: 0.0716s/iter; left time: 5492.7825s
	iters: 5900, epoch: 1 | loss: 0.3080984
	speed: 0.0716s/iter; left time: 5482.4227s
	iters: 6000, epoch: 1 | loss: 0.2475047
	speed: 0.0715s/iter; left time: 5470.9193s
	iters: 6100, epoch: 1 | loss: 0.2955178
	speed: 0.0715s/iter; left time: 5463.9494s
	iters: 6200, epoch: 1 | loss: 0.3241436
	speed: 0.0717s/iter; left time: 5465.9938s
	iters: 6300, epoch: 1 | loss: 0.2658784
	speed: 0.0717s/iter; left time: 5461.4462s
	iters: 6400, epoch: 1 | loss: 0.2858007
	speed: 0.0717s/iter; left time: 5457.2786s
	iters: 6500, epoch: 1 | loss: 0.2793409
	speed: 0.0717s/iter; left time: 5443.5643s
	iters: 6600, epoch: 1 | loss: 0.2832485
	speed: 0.0716s/iter; left time: 5435.5484s
	iters: 6700, epoch: 1 | loss: 0.3053131
	speed: 0.0716s/iter; left time: 5428.6597s
	iters: 6800, epoch: 1 | loss: 0.2379042
	speed: 0.0717s/iter; left time: 5425.1107s
	iters: 6900, epoch: 1 | loss: 0.2567829
	speed: 0.0717s/iter; left time: 5417.2884s
	iters: 7000, epoch: 1 | loss: 0.3272771
	speed: 0.0717s/iter; left time: 5407.6377s
	iters: 7100, epoch: 1 | loss: 0.3358515
	speed: 0.0717s/iter; left time: 5407.1603s
	iters: 7200, epoch: 1 | loss: 0.2566842
	speed: 0.0715s/iter; left time: 5383.2539s
	iters: 7300, epoch: 1 | loss: 0.3521540
	speed: 0.0716s/iter; left time: 5379.5426s
	iters: 7400, epoch: 1 | loss: 0.4293914
	speed: 0.0715s/iter; left time: 5369.3988s
	iters: 7500, epoch: 1 | loss: 0.3828307
	speed: 0.0715s/iter; left time: 5363.4799s
	iters: 7600, epoch: 1 | loss: 0.2899918
	speed: 0.0716s/iter; left time: 5358.4468s
	iters: 7700, epoch: 1 | loss: 0.2999302
	speed: 0.0715s/iter; left time: 5348.3205s
	iters: 7800, epoch: 1 | loss: 0.3034682
	speed: 0.0716s/iter; left time: 5345.2582s
	iters: 7900, epoch: 1 | loss: 0.3299582
	speed: 0.0716s/iter; left time: 5335.8189s
	iters: 8000, epoch: 1 | loss: 0.3289054
	speed: 0.0716s/iter; left time: 5330.8824s
	iters: 8100, epoch: 1 | loss: 0.2859563
	speed: 0.0716s/iter; left time: 5324.1436s
	iters: 8200, epoch: 1 | loss: 0.2107049
	speed: 0.0716s/iter; left time: 5320.5737s
Epoch: 1 cost time: 596.7479503154755
Epoch: 1, Steps: 8247 | Train Loss: 0.2128201 Vali Loss: 0.3993576 Test Loss: 35.6399841
Validation loss decreased (inf --> 0.399358).  Saving model ...
Updating learning rate to 0.001
	iters: 100, epoch: 2 | loss: 0.2753559
	speed: 2.6506s/iter; left time: 196474.3051s
	iters: 200, epoch: 2 | loss: 0.2838688
	speed: 0.0715s/iter; left time: 5293.3264s
	iters: 300, epoch: 2 | loss: 0.3332915
	speed: 0.0715s/iter; left time: 5288.0884s
	iters: 400, epoch: 2 | loss: 0.3095269
	speed: 0.0715s/iter; left time: 5277.2588s
	iters: 500, epoch: 2 | loss: 0.2503549
	speed: 0.0716s/iter; left time: 5278.6469s
	iters: 600, epoch: 2 | loss: 0.2821869
	speed: 0.0717s/iter; left time: 5275.8647s
	iters: 700, epoch: 2 | loss: 0.2996183
	speed: 0.0716s/iter; left time: 5261.2306s
	iters: 800, epoch: 2 | loss: 0.2992460
	speed: 0.0717s/iter; left time: 5265.3087s
	iters: 900, epoch: 2 | loss: 0.3000870
	speed: 0.0715s/iter; left time: 5244.7419s
	iters: 1000, epoch: 2 | loss: 0.2798944
	speed: 0.0717s/iter; left time: 5253.2329s
	iters: 1100, epoch: 2 | loss: 0.3580615
	speed: 0.0716s/iter; left time: 5235.9644s
	iters: 1200, epoch: 2 | loss: 0.2481668
	speed: 0.0717s/iter; left time: 5233.2208s
	iters: 1300, epoch: 2 | loss: 0.3442785
	speed: 0.0716s/iter; left time: 5222.0419s
	iters: 1400, epoch: 2 | loss: 0.3276865
	speed: 0.0717s/iter; left time: 5221.4739s
	iters: 1500, epoch: 2 | loss: 0.2857987
	speed: 0.0717s/iter; left time: 5210.8480s
	iters: 1600, epoch: 2 | loss: 0.2717585
	speed: 0.0716s/iter; left time: 5199.7012s
	iters: 1700, epoch: 2 | loss: 0.3032489
	speed: 0.0716s/iter; left time: 5190.5017s
	iters: 1800, epoch: 2 | loss: 0.3942113
	speed: 0.0715s/iter; left time: 5181.7082s
	iters: 1900, epoch: 2 | loss: 0.3279495
	speed: 0.0715s/iter; left time: 5172.3466s
	iters: 2000, epoch: 2 | loss: 0.2987594
	speed: 0.0717s/iter; left time: 5179.4821s
	iters: 2100, epoch: 2 | loss: 0.2366609
	speed: 0.0718s/iter; left time: 5175.1272s
	iters: 2200, epoch: 2 | loss: 0.2957399
	speed: 0.0716s/iter; left time: 5157.0385s
	iters: 2300, epoch: 2 | loss: 0.3280997
	speed: 0.0715s/iter; left time: 5145.7095s
	iters: 2400, epoch: 2 | loss: 0.3543760
	speed: 0.0716s/iter; left time: 5141.3388s
	iters: 2500, epoch: 2 | loss: 0.2806184
	speed: 0.0716s/iter; left time: 5135.1873s
	iters: 2600, epoch: 2 | loss: 0.3105592
	speed: 0.0716s/iter; left time: 5125.7170s
	iters: 2700, epoch: 2 | loss: 0.3117311
	speed: 0.0715s/iter; left time: 5114.4319s
	iters: 2800, epoch: 2 | loss: 0.2647843
	speed: 0.0715s/iter; left time: 5109.5465s
	iters: 2900, epoch: 2 | loss: 0.2586173
	speed: 0.0715s/iter; left time: 5102.9973s
	iters: 3000, epoch: 2 | loss: 0.3375435
	speed: 0.0715s/iter; left time: 5095.7995s
	iters: 3100, epoch: 2 | loss: 0.2730518
	speed: 0.0715s/iter; left time: 5088.7952s
	iters: 3200, epoch: 2 | loss: 0.2727204
	speed: 0.0715s/iter; left time: 5074.9623s
	iters: 3300, epoch: 2 | loss: 0.2971951
	speed: 0.0714s/iter; left time: 5066.3251s
	iters: 3400, epoch: 2 | loss: 0.2584366
	speed: 0.0714s/iter; left time: 5058.9772s
	iters: 3500, epoch: 2 | loss: 0.2877561
	speed: 0.0715s/iter; left time: 5057.6832s
	iters: 3600, epoch: 2 | loss: 0.3502616
	speed: 0.0716s/iter; left time: 5056.1349s
	iters: 3700, epoch: 2 | loss: 0.3367205
	speed: 0.0715s/iter; left time: 5041.5882s
	iters: 3800, epoch: 2 | loss: 0.2453502
	speed: 0.0715s/iter; left time: 5033.1590s
	iters: 3900, epoch: 2 | loss: 0.3321074
	speed: 0.0714s/iter; left time: 5024.3012s
	iters: 4000, epoch: 2 | loss: 0.2803330
	speed: 0.0715s/iter; left time: 5020.1510s
	iters: 4100, epoch: 2 | loss: 0.2590036
	speed: 0.0715s/iter; left time: 5013.2684s
	iters: 4200, epoch: 2 | loss: 0.3015552
	speed: 0.0715s/iter; left time: 5004.9853s
	iters: 4300, epoch: 2 | loss: 0.2998839
	speed: 0.0715s/iter; left time: 5000.1132s
	iters: 4400, epoch: 2 | loss: 0.3031289
	speed: 0.0715s/iter; left time: 4989.5364s
	iters: 4500, epoch: 2 | loss: 0.3002267
	speed: 0.0715s/iter; left time: 4983.7365s
	iters: 4600, epoch: 2 | loss: 0.2730526
	speed: 0.0714s/iter; left time: 4970.8484s
	iters: 4700, epoch: 2 | loss: 0.2877711
	speed: 0.0715s/iter; left time: 4968.6486s
	iters: 4800, epoch: 2 | loss: 0.3853152
	speed: 0.0715s/iter; left time: 4961.1350s
	iters: 4900, epoch: 2 | loss: 0.2609292
	speed: 0.0715s/iter; left time: 4958.1275s
	iters: 5000, epoch: 2 | loss: 0.2677655
	speed: 0.0714s/iter; left time: 4945.9676s
	iters: 5100, epoch: 2 | loss: 0.3472932
	speed: 0.0715s/iter; left time: 4939.1092s
	iters: 5200, epoch: 2 | loss: 0.3151191
	speed: 0.0715s/iter; left time: 4931.8349s
	iters: 5300, epoch: 2 | loss: 0.3648261
	speed: 0.0715s/iter; left time: 4929.9371s
	iters: 5400, epoch: 2 | loss: 0.3036812
	speed: 0.0715s/iter; left time: 4919.8277s
	iters: 5500, epoch: 2 | loss: 0.3913160
	speed: 0.0715s/iter; left time: 4912.5973s
	iters: 5600, epoch: 2 | loss: 0.3211142
	speed: 0.0715s/iter; left time: 4904.7744s
	iters: 5700, epoch: 2 | loss: 0.2368836
	speed: 0.0714s/iter; left time: 4894.7186s
	iters: 5800, epoch: 2 | loss: 0.3410042
	speed: 0.0716s/iter; left time: 4895.7910s
	iters: 5900, epoch: 2 | loss: 0.2670825
	speed: 0.0715s/iter; left time: 4885.2024s
	iters: 6000, epoch: 2 | loss: 0.3217528
	speed: 0.0715s/iter; left time: 4878.3589s
	iters: 6100, epoch: 2 | loss: 0.2895589
	speed: 0.0715s/iter; left time: 4872.3454s
	iters: 6200, epoch: 2 | loss: 0.2924672
	speed: 0.0715s/iter; left time: 4862.3124s
	iters: 6300, epoch: 2 | loss: 0.2611571
	speed: 0.0715s/iter; left time: 4855.0291s
	iters: 6400, epoch: 2 | loss: 0.2661305
	speed: 0.0715s/iter; left time: 4849.9138s
	iters: 6500, epoch: 2 | loss: 0.3501813
	speed: 0.0715s/iter; left time: 4845.0200s
	iters: 6600, epoch: 2 | loss: 0.2977896
	speed: 0.0716s/iter; left time: 4843.3479s
	iters: 6700, epoch: 2 | loss: 0.3603705
	speed: 0.0715s/iter; left time: 4827.6760s
	iters: 6800, epoch: 2 | loss: 0.2688532
	speed: 0.0715s/iter; left time: 4820.7670s
	iters: 6900, epoch: 2 | loss: 0.3215347
	speed: 0.0715s/iter; left time: 4811.6170s
	iters: 7000, epoch: 2 | loss: 0.2702188
	speed: 0.0715s/iter; left time: 4805.5371s
	iters: 7100, epoch: 2 | loss: 0.4996741
	speed: 0.0715s/iter; left time: 4799.1076s
	iters: 7200, epoch: 2 | loss: 0.4287747
	speed: 0.0716s/iter; left time: 4800.6248s
	iters: 7300, epoch: 2 | loss: 0.3331921
	speed: 0.0715s/iter; left time: 4786.7604s
	iters: 7400, epoch: 2 | loss: 0.3136267
	speed: 0.0716s/iter; left time: 4786.1238s
	iters: 7500, epoch: 2 | loss: 0.2728346
	speed: 0.0717s/iter; left time: 4785.0964s
	iters: 7600, epoch: 2 | loss: 0.3165615
	speed: 0.0716s/iter; left time: 4771.8378s
	iters: 7700, epoch: 2 | loss: 0.2935421
	speed: 0.0716s/iter; left time: 4766.2495s
	iters: 7800, epoch: 2 | loss: 0.2886446
	speed: 0.0717s/iter; left time: 4759.2829s
	iters: 7900, epoch: 2 | loss: 0.2947612
	speed: 0.0717s/iter; left time: 4755.5207s
	iters: 8000, epoch: 2 | loss: 0.3126864
	speed: 0.0714s/iter; left time: 4730.9684s
	iters: 8100, epoch: 2 | loss: 0.3108618
	speed: 0.0714s/iter; left time: 4718.5430s
	iters: 8200, epoch: 2 | loss: 0.2628269
	speed: 0.0715s/iter; left time: 4717.4573s
Epoch: 2 cost time: 591.008260011673
Epoch: 2, Steps: 8247 | Train Loss: 0.3041395 Vali Loss: 0.3950831 Test Loss: 31.5782871
Validation loss decreased (0.399358 --> 0.395083).  Saving model ...
Updating learning rate to 0.0005
	iters: 100, epoch: 3 | loss: 0.2534741
	speed: 2.4997s/iter; left time: 164672.0270s
	iters: 200, epoch: 3 | loss: 0.2978214
	speed: 0.0713s/iter; left time: 4689.5436s
	iters: 300, epoch: 3 | loss: 0.3066794
	speed: 0.0713s/iter; left time: 4685.4586s
	iters: 400, epoch: 3 | loss: 0.2763735
	speed: 0.0713s/iter; left time: 4674.8830s
	iters: 500, epoch: 3 | loss: 0.2660368
	speed: 0.0713s/iter; left time: 4671.4895s
	iters: 600, epoch: 3 | loss: 0.3117621
	speed: 0.0714s/iter; left time: 4668.0112s
	iters: 700, epoch: 3 | loss: 0.3228512
	speed: 0.0714s/iter; left time: 4661.7837s
	iters: 800, epoch: 3 | loss: 0.2944915
	speed: 0.0714s/iter; left time: 4656.1852s
	iters: 900, epoch: 3 | loss: 0.2879004
	speed: 0.0714s/iter; left time: 4647.5621s
	iters: 1000, epoch: 3 | loss: 0.3015134
	speed: 0.0714s/iter; left time: 4639.6259s
	iters: 1100, epoch: 3 | loss: 0.3114087
	speed: 0.0715s/iter; left time: 4635.7930s
	iters: 1200, epoch: 3 | loss: 0.3036774
	speed: 0.0715s/iter; left time: 4629.0888s
	iters: 1300, epoch: 3 | loss: 0.2831739
	speed: 0.0714s/iter; left time: 4618.0625s
	iters: 1400, epoch: 3 | loss: 0.2858726
	speed: 0.0714s/iter; left time: 4612.9943s
	iters: 1500, epoch: 3 | loss: 0.3539437
	speed: 0.0715s/iter; left time: 4609.6266s
	iters: 1600, epoch: 3 | loss: 0.3133194
	speed: 0.0715s/iter; left time: 4599.9701s
	iters: 1700, epoch: 3 | loss: 0.2464344
	speed: 0.0715s/iter; left time: 4593.0118s
	iters: 1800, epoch: 3 | loss: 0.2442113
	speed: 0.0714s/iter; left time: 4584.6713s
	iters: 1900, epoch: 3 | loss: 0.3199401
	speed: 0.0714s/iter; left time: 4578.1730s
	iters: 2000, epoch: 3 | loss: 0.3029654
	speed: 0.0714s/iter; left time: 4570.2797s
	iters: 2100, epoch: 3 | loss: 0.2362521
	speed: 0.0715s/iter; left time: 4564.9557s
	iters: 2200, epoch: 3 | loss: 0.2872405
	speed: 0.0715s/iter; left time: 4557.5082s
	iters: 2300, epoch: 3 | loss: 0.2807602
	speed: 0.0715s/iter; left time: 4554.8040s
	iters: 2400, epoch: 3 | loss: 0.3037933
	speed: 0.0717s/iter; left time: 4557.1997s
	iters: 2500, epoch: 3 | loss: 0.3549365
	speed: 0.0716s/iter; left time: 4543.5997s
	iters: 2600, epoch: 3 | loss: 0.2988288
	speed: 0.0715s/iter; left time: 4529.5961s
	iters: 2700, epoch: 3 | loss: 0.2306136
	speed: 0.0714s/iter; left time: 4520.9718s
	iters: 2800, epoch: 3 | loss: 0.3012583
	speed: 0.0715s/iter; left time: 4516.0592s
	iters: 2900, epoch: 3 | loss: 0.2875963
	speed: 0.0715s/iter; left time: 4512.0774s
	iters: 3000, epoch: 3 | loss: 0.2990750
	speed: 0.0715s/iter; left time: 4504.6236s
	iters: 3100, epoch: 3 | loss: 0.2749054
	speed: 0.0715s/iter; left time: 4495.2666s
	iters: 3200, epoch: 3 | loss: 0.3070413
	speed: 0.0714s/iter; left time: 4484.0982s
	iters: 3300, epoch: 3 | loss: 0.2862275
	speed: 0.0715s/iter; left time: 4478.7347s
	iters: 3400, epoch: 3 | loss: 0.2654136
	speed: 0.0715s/iter; left time: 4471.4986s
	iters: 3500, epoch: 3 | loss: 0.2707528
	speed: 0.0714s/iter; left time: 4462.0775s
	iters: 3600, epoch: 3 | loss: 0.3065443
	speed: 0.0715s/iter; left time: 4457.9742s
	iters: 3700, epoch: 3 | loss: 0.2731695
	speed: 0.0715s/iter; left time: 4449.9886s
	iters: 3800, epoch: 3 | loss: 0.2661294
	speed: 0.0715s/iter; left time: 4444.1951s
	iters: 3900, epoch: 3 | loss: 0.3301335
	speed: 0.0715s/iter; left time: 4436.8487s
	iters: 4000, epoch: 3 | loss: 0.2561742
	speed: 0.0714s/iter; left time: 4425.8496s
	iters: 4100, epoch: 3 | loss: 0.3090327
	speed: 0.0714s/iter; left time: 4419.9361s
	iters: 4200, epoch: 3 | loss: 0.3137249
	speed: 0.0715s/iter; left time: 4415.3557s
	iters: 4300, epoch: 3 | loss: 0.3070941
	speed: 0.0714s/iter; left time: 4406.4892s
	iters: 4400, epoch: 3 | loss: 0.2981308
	speed: 0.0715s/iter; left time: 4402.4186s
	iters: 4500, epoch: 3 | loss: 0.2677937
	speed: 0.0715s/iter; left time: 4393.1785s
	iters: 4600, epoch: 3 | loss: 0.3411158
	speed: 0.0715s/iter; left time: 4386.1095s
	iters: 4700, epoch: 3 | loss: 0.2591456
	speed: 0.0714s/iter; left time: 4377.8133s
	iters: 4800, epoch: 3 | loss: 0.2423486
	speed: 0.0715s/iter; left time: 4371.5702s
	iters: 4900, epoch: 3 | loss: 0.3181676
	speed: 0.0715s/iter; left time: 4366.4971s
	iters: 5000, epoch: 3 | loss: 0.2816872
	speed: 0.0715s/iter; left time: 4361.0586s
	iters: 5100, epoch: 3 | loss: 0.2996102
	speed: 0.0716s/iter; left time: 4356.3633s
	iters: 5200, epoch: 3 | loss: 0.2948376
	speed: 0.0715s/iter; left time: 4346.0555s
	iters: 5300, epoch: 3 | loss: 0.2762912
	speed: 0.0715s/iter; left time: 4340.4644s
	iters: 5400, epoch: 3 | loss: 0.3507470
	speed: 0.0715s/iter; left time: 4328.8581s
	iters: 5500, epoch: 3 | loss: 0.2790496
	speed: 0.0715s/iter; left time: 4322.1359s
	iters: 5600, epoch: 3 | loss: 0.3058203
	speed: 0.0715s/iter; left time: 4315.8402s
	iters: 5700, epoch: 3 | loss: 0.2790902
	speed: 0.0715s/iter; left time: 4309.1096s
	iters: 5800, epoch: 3 | loss: 0.3404090
	speed: 0.0715s/iter; left time: 4304.3623s
	iters: 5900, epoch: 3 | loss: 0.2511374
	speed: 0.0715s/iter; left time: 4295.7174s
	iters: 6000, epoch: 3 | loss: 0.3145750
	speed: 0.0715s/iter; left time: 4289.4370s
	iters: 6100, epoch: 3 | loss: 0.3599451
	speed: 0.0715s/iter; left time: 4279.8048s
	iters: 6200, epoch: 3 | loss: 0.3034522
	speed: 0.0715s/iter; left time: 4272.9257s
	iters: 6300, epoch: 3 | loss: 0.2886136
	speed: 0.0715s/iter; left time: 4269.2038s
	iters: 6400, epoch: 3 | loss: 0.3012196
	speed: 0.0715s/iter; left time: 4258.4002s
	iters: 6500, epoch: 3 | loss: 0.3782873
	speed: 0.0714s/iter; left time: 4248.0704s
	iters: 6600, epoch: 3 | loss: 0.2895115
	speed: 0.0715s/iter; left time: 4244.6574s
	iters: 6700, epoch: 3 | loss: 0.3242097
	speed: 0.0714s/iter; left time: 4234.1994s
	iters: 6800, epoch: 3 | loss: 0.2555155
	speed: 0.0715s/iter; left time: 4228.8829s
	iters: 6900, epoch: 3 | loss: 0.2551535
	speed: 0.0716s/iter; left time: 4229.6570s
	iters: 7000, epoch: 3 | loss: 0.3277093
	speed: 0.0716s/iter; left time: 4219.9911s
	iters: 7100, epoch: 3 | loss: 0.2710200
	speed: 0.0716s/iter; left time: 4215.9762s
	iters: 7200, epoch: 3 | loss: 0.2734079
	speed: 0.0716s/iter; left time: 4211.0444s
	iters: 7300, epoch: 3 | loss: 0.3009551
	speed: 0.0717s/iter; left time: 4204.9559s
	iters: 7400, epoch: 3 | loss: 0.2594037
	speed: 0.0716s/iter; left time: 4191.8296s
	iters: 7500, epoch: 3 | loss: 0.2976640
	speed: 0.0715s/iter; left time: 4181.4745s
	iters: 7600, epoch: 3 | loss: 0.2624233
	speed: 0.0716s/iter; left time: 4178.0188s
	iters: 7700, epoch: 3 | loss: 0.3171956
	speed: 0.0714s/iter; left time: 4163.6556s
	iters: 7800, epoch: 3 | loss: 0.3163818
	speed: 0.0714s/iter; left time: 4154.1387s
	iters: 7900, epoch: 3 | loss: 0.2635539
	speed: 0.0715s/iter; left time: 4154.3103s
	iters: 8000, epoch: 3 | loss: 0.2947801
	speed: 0.0714s/iter; left time: 4141.1953s
	iters: 8100, epoch: 3 | loss: 0.2535203
	speed: 0.0715s/iter; left time: 4135.4956s
	iters: 8200, epoch: 3 | loss: 0.3120160
	speed: 0.0715s/iter; left time: 4130.1277s
Epoch: 3 cost time: 590.4684157371521
Epoch: 3, Steps: 8247 | Train Loss: 0.2957191 Vali Loss: 0.3701565 Test Loss: 34.6465950
Validation loss decreased (0.395083 --> 0.370157).  Saving model ...
Updating learning rate to 0.00025
	iters: 100, epoch: 4 | loss: 0.2970715
	speed: 2.4450s/iter; left time: 140905.5025s
	iters: 200, epoch: 4 | loss: 0.2627010
	speed: 0.0713s/iter; left time: 4103.9206s
	iters: 300, epoch: 4 | loss: 0.2734052
	speed: 0.0713s/iter; left time: 4093.8495s
	iters: 400, epoch: 4 | loss: 0.2914606
	speed: 0.0714s/iter; left time: 4092.5272s
	iters: 500, epoch: 4 | loss: 0.2341405
	speed: 0.0713s/iter; left time: 4081.9701s
	iters: 600, epoch: 4 | loss: 0.2859865
	speed: 0.0713s/iter; left time: 4073.7016s
	iters: 700, epoch: 4 | loss: 0.3709460
	speed: 0.0714s/iter; left time: 4072.1823s
	iters: 800, epoch: 4 | loss: 0.2701294
	speed: 0.0713s/iter; left time: 4061.9061s
	iters: 900, epoch: 4 | loss: 0.2955355
	speed: 0.0714s/iter; left time: 4055.4290s
	iters: 1000, epoch: 4 | loss: 0.2641371
	speed: 0.0714s/iter; left time: 4050.9276s
	iters: 1100, epoch: 4 | loss: 0.2849279
	speed: 0.0714s/iter; left time: 4045.2100s
	iters: 1200, epoch: 4 | loss: 0.3027979
	speed: 0.0714s/iter; left time: 4038.1878s
	iters: 1300, epoch: 4 | loss: 0.3038111
	speed: 0.0715s/iter; left time: 4032.3751s
	iters: 1400, epoch: 4 | loss: 0.3425188
	speed: 0.0715s/iter; left time: 4027.7311s
	iters: 1500, epoch: 4 | loss: 0.2695575
	speed: 0.0715s/iter; left time: 4018.7364s
	iters: 1600, epoch: 4 | loss: 0.3003885
	speed: 0.0715s/iter; left time: 4013.5374s
	iters: 1700, epoch: 4 | loss: 0.3218399
	speed: 0.0714s/iter; left time: 4003.2921s
	iters: 1800, epoch: 4 | loss: 0.3287293
	speed: 0.0714s/iter; left time: 3994.7782s
	iters: 1900, epoch: 4 | loss: 0.2265125
	speed: 0.0714s/iter; left time: 3985.6018s
	iters: 2000, epoch: 4 | loss: 0.2800860
	speed: 0.0714s/iter; left time: 3978.4398s
	iters: 2100, epoch: 4 | loss: 0.2362548
	speed: 0.0715s/iter; left time: 3975.1374s
	iters: 2200, epoch: 4 | loss: 0.2650285
	speed: 0.0714s/iter; left time: 3962.0793s
	iters: 2300, epoch: 4 | loss: 0.2768911
	speed: 0.0714s/iter; left time: 3957.5851s
	iters: 2400, epoch: 4 | loss: 0.2754918
	speed: 0.0714s/iter; left time: 3952.8742s
	iters: 2500, epoch: 4 | loss: 0.3520010
	speed: 0.0715s/iter; left time: 3946.6769s
	iters: 2600, epoch: 4 | loss: 0.2630801
	speed: 0.0715s/iter; left time: 3939.4084s
	iters: 2700, epoch: 4 | loss: 0.2468131
	speed: 0.0715s/iter; left time: 3933.1521s
	iters: 2800, epoch: 4 | loss: 0.2901192
	speed: 0.0716s/iter; left time: 3932.3366s
	iters: 2900, epoch: 4 | loss: 0.2677399
	speed: 0.0715s/iter; left time: 3921.3361s
	iters: 3000, epoch: 4 | loss: 0.2721371
	speed: 0.0715s/iter; left time: 3914.3033s
	iters: 3100, epoch: 4 | loss: 0.3698081
	speed: 0.0714s/iter; left time: 3902.9104s
	iters: 3200, epoch: 4 | loss: 0.2855910
	speed: 0.0715s/iter; left time: 3898.2155s
	iters: 3300, epoch: 4 | loss: 0.2649680
	speed: 0.0715s/iter; left time: 3891.3990s
	iters: 3400, epoch: 4 | loss: 0.2916811
	speed: 0.0715s/iter; left time: 3886.9694s
	iters: 3500, epoch: 4 | loss: 0.2915421
	speed: 0.0715s/iter; left time: 3876.8290s
	iters: 3600, epoch: 4 | loss: 0.3247193
	speed: 0.0715s/iter; left time: 3870.0009s
	iters: 3700, epoch: 4 | loss: 0.3486751
	speed: 0.0714s/iter; left time: 3858.3295s
	iters: 3800, epoch: 4 | loss: 0.2878988
	speed: 0.0714s/iter; left time: 3853.2400s
	iters: 3900, epoch: 4 | loss: 0.2858271
	speed: 0.0715s/iter; left time: 3848.4387s
	iters: 4000, epoch: 4 | loss: 0.3407087
	speed: 0.0715s/iter; left time: 3841.1484s
	iters: 4100, epoch: 4 | loss: 0.2742087
	speed: 0.0715s/iter; left time: 3832.6229s
	iters: 4200, epoch: 4 | loss: 0.3373823
	speed: 0.0715s/iter; left time: 3825.3348s
	iters: 4300, epoch: 4 | loss: 0.3060679
	speed: 0.0715s/iter; left time: 3818.9165s
	iters: 4400, epoch: 4 | loss: 0.2735436
	speed: 0.0714s/iter; left time: 3809.1271s
	iters: 4500, epoch: 4 | loss: 0.2829159
	speed: 0.0715s/iter; left time: 3806.2807s
	iters: 4600, epoch: 4 | loss: 0.2695443
	speed: 0.0715s/iter; left time: 3799.4771s
	iters: 4700, epoch: 4 | loss: 0.2791762
	speed: 0.0714s/iter; left time: 3787.0058s
	iters: 4800, epoch: 4 | loss: 0.2540726
	speed: 0.0714s/iter; left time: 3780.5410s
	iters: 4900, epoch: 4 | loss: 0.2641154
	speed: 0.0715s/iter; left time: 3774.7890s
	iters: 5000, epoch: 4 | loss: 0.3079600
	speed: 0.0714s/iter; left time: 3766.0550s
	iters: 5100, epoch: 4 | loss: 0.3012175
	speed: 0.0715s/iter; left time: 3762.4422s
	iters: 5200, epoch: 4 | loss: 0.3037877
	speed: 0.0715s/iter; left time: 3756.3824s
	iters: 5300, epoch: 4 | loss: 0.3089960
	speed: 0.0714s/iter; left time: 3744.4768s
	iters: 5400, epoch: 4 | loss: 0.2762000
	speed: 0.0715s/iter; left time: 3740.5190s
	iters: 5500, epoch: 4 | loss: 0.2723961
	speed: 0.0715s/iter; left time: 3734.3685s
	iters: 5600, epoch: 4 | loss: 0.2985987
	speed: 0.0715s/iter; left time: 3724.9203s
	iters: 5700, epoch: 4 | loss: 0.2552395
	speed: 0.0715s/iter; left time: 3718.3977s
	iters: 5800, epoch: 4 | loss: 0.3065082
	speed: 0.0715s/iter; left time: 3714.5489s
	iters: 5900, epoch: 4 | loss: 0.2460157
	speed: 0.0715s/iter; left time: 3706.6909s
	iters: 6000, epoch: 4 | loss: 0.2518499
	speed: 0.0715s/iter; left time: 3697.3344s
	iters: 6100, epoch: 4 | loss: 0.2891734
	speed: 0.0715s/iter; left time: 3691.1434s
	iters: 6200, epoch: 4 | loss: 0.3434802
	speed: 0.0715s/iter; left time: 3686.2431s
	iters: 6300, epoch: 4 | loss: 0.3089120
	speed: 0.0715s/iter; left time: 3678.7363s
	iters: 6400, epoch: 4 | loss: 0.2704040
	speed: 0.0717s/iter; left time: 3677.8740s
	iters: 6500, epoch: 4 | loss: 0.2613440
	speed: 0.0716s/iter; left time: 3670.4989s
	iters: 6600, epoch: 4 | loss: 0.2431003
	speed: 0.0716s/iter; left time: 3660.6238s
	iters: 6700, epoch: 4 | loss: 0.3917595
	speed: 0.0716s/iter; left time: 3656.2113s
	iters: 6800, epoch: 4 | loss: 0.2762067
	speed: 0.0716s/iter; left time: 3647.1492s
	iters: 6900, epoch: 4 | loss: 0.3888542
	speed: 0.0715s/iter; left time: 3631.8625s
	iters: 7000, epoch: 4 | loss: 0.2269184
	speed: 0.0714s/iter; left time: 3623.0479s
	iters: 7100, epoch: 4 | loss: 0.2889150
	speed: 0.0715s/iter; left time: 3617.9186s
	iters: 7200, epoch: 4 | loss: 0.2621208
	speed: 0.0715s/iter; left time: 3612.9360s
	iters: 7300, epoch: 4 | loss: 0.2899373
	speed: 0.0714s/iter; left time: 3602.1046s
	iters: 7400, epoch: 4 | loss: 0.2954378
	speed: 0.0715s/iter; left time: 3596.4108s
	iters: 7500, epoch: 4 | loss: 0.2693863
	speed: 0.0714s/iter; left time: 3588.4007s
	iters: 7600, epoch: 4 | loss: 0.2847769
	speed: 0.0716s/iter; left time: 3586.8047s
	iters: 7700, epoch: 4 | loss: 0.2241139
	speed: 0.0715s/iter; left time: 3577.9015s
	iters: 7800, epoch: 4 | loss: 0.2805406
	speed: 0.0715s/iter; left time: 3571.2255s
	iters: 7900, epoch: 4 | loss: 0.2696145
	speed: 0.0715s/iter; left time: 3561.0295s
	iters: 8000, epoch: 4 | loss: 0.2877637
	speed: 0.0716s/iter; left time: 3559.1728s
	iters: 8100, epoch: 4 | loss: 0.2484776
	speed: 0.0716s/iter; left time: 3551.7325s
	iters: 8200, epoch: 4 | loss: 0.2882706
	speed: 0.0714s/iter; left time: 3538.2643s
Epoch: 4 cost time: 590.3937900066376
Epoch: 4, Steps: 8247 | Train Loss: 0.2872753 Vali Loss: 0.3575808 Test Loss: 33.6242599
Validation loss decreased (0.370157 --> 0.357581).  Saving model ...
Updating learning rate to 0.000125
	iters: 100, epoch: 5 | loss: 0.2746219
	speed: 2.4400s/iter; left time: 120493.4206s
	iters: 200, epoch: 5 | loss: 0.2879579
	speed: 0.0713s/iter; left time: 3513.5793s
	iters: 300, epoch: 5 | loss: 0.2445424
	speed: 0.0714s/iter; left time: 3509.7350s
	iters: 400, epoch: 5 | loss: 0.3167972
	speed: 0.0714s/iter; left time: 3506.1971s
	iters: 500, epoch: 5 | loss: 0.2577765
	speed: 0.0714s/iter; left time: 3497.3061s
	iters: 600, epoch: 5 | loss: 0.2748424
	speed: 0.0715s/iter; left time: 3495.1056s
	iters: 700, epoch: 5 | loss: 0.2676488
	speed: 0.0716s/iter; left time: 3492.0573s
	iters: 800, epoch: 5 | loss: 0.2760096
	speed: 0.0716s/iter; left time: 3484.3696s
	iters: 900, epoch: 5 | loss: 0.2322561
	speed: 0.0716s/iter; left time: 3477.9352s
	iters: 1000, epoch: 5 | loss: 0.2753581
	speed: 0.0716s/iter; left time: 3472.0830s
	iters: 1100, epoch: 5 | loss: 0.2290883
	speed: 0.0716s/iter; left time: 3462.0556s
	iters: 1200, epoch: 5 | loss: 0.2732700
	speed: 0.0715s/iter; left time: 3454.3742s
	iters: 1300, epoch: 5 | loss: 0.2471187
	speed: 0.0715s/iter; left time: 3446.9994s
	iters: 1400, epoch: 5 | loss: 0.2653564
	speed: 0.0717s/iter; left time: 3445.3991s
	iters: 1500, epoch: 5 | loss: 0.2790217
	speed: 0.0717s/iter; left time: 3439.9690s
	iters: 1600, epoch: 5 | loss: 0.2712257
	speed: 0.0717s/iter; left time: 3431.8808s
	iters: 1700, epoch: 5 | loss: 0.2727484
	speed: 0.0715s/iter; left time: 3417.9035s
	iters: 1800, epoch: 5 | loss: 0.2848018
	speed: 0.0716s/iter; left time: 3412.2669s
	iters: 1900, epoch: 5 | loss: 0.2835927
	speed: 0.0715s/iter; left time: 3402.0050s
	iters: 2000, epoch: 5 | loss: 0.2628570
	speed: 0.0716s/iter; left time: 3400.3941s
	iters: 2100, epoch: 5 | loss: 0.2813325
	speed: 0.0717s/iter; left time: 3395.7718s
	iters: 2200, epoch: 5 | loss: 0.3087142
	speed: 0.0715s/iter; left time: 3381.7696s
	iters: 2300, epoch: 5 | loss: 0.3500542
	speed: 0.0716s/iter; left time: 3380.3065s
	iters: 2400, epoch: 5 | loss: 0.2982036
	speed: 0.0718s/iter; left time: 3379.9176s
	iters: 2500, epoch: 5 | loss: 0.3393654
	speed: 0.0717s/iter; left time: 3368.4673s
	iters: 2600, epoch: 5 | loss: 0.2656982
	speed: 0.0717s/iter; left time: 3359.7049s
	iters: 2700, epoch: 5 | loss: 0.3290153
	speed: 0.0717s/iter; left time: 3352.6502s
	iters: 2800, epoch: 5 | loss: 0.2710473
	speed: 0.0717s/iter; left time: 3347.3272s
	iters: 2900, epoch: 5 | loss: 0.3064318
	speed: 0.0717s/iter; left time: 3339.0854s
	iters: 3000, epoch: 5 | loss: 0.2745534
	speed: 0.0717s/iter; left time: 3330.9683s
	iters: 3100, epoch: 5 | loss: 0.2808948
	speed: 0.0718s/iter; left time: 3328.1337s
	iters: 3200, epoch: 5 | loss: 0.3051842
	speed: 0.0716s/iter; left time: 3316.1029s
	iters: 3300, epoch: 5 | loss: 0.3068657
	speed: 0.0716s/iter; left time: 3307.7161s
	iters: 3400, epoch: 5 | loss: 0.2642874
	speed: 0.0716s/iter; left time: 3300.2963s
	iters: 3500, epoch: 5 | loss: 0.2529581
	speed: 0.0716s/iter; left time: 3294.3387s
	iters: 3600, epoch: 5 | loss: 0.2937169
	speed: 0.0716s/iter; left time: 3286.1868s
	iters: 3700, epoch: 5 | loss: 0.2392393
	speed: 0.0716s/iter; left time: 3280.2393s
	iters: 3800, epoch: 5 | loss: 0.2940456
	speed: 0.0716s/iter; left time: 3270.9465s
	iters: 3900, epoch: 5 | loss: 0.2684803
	speed: 0.0716s/iter; left time: 3264.2283s
	iters: 4000, epoch: 5 | loss: 0.3411773
	speed: 0.0716s/iter; left time: 3258.2089s
	iters: 4100, epoch: 5 | loss: 0.2712704
	speed: 0.0716s/iter; left time: 3247.2468s
	iters: 4200, epoch: 5 | loss: 0.2744161
	speed: 0.0715s/iter; left time: 3238.2359s
	iters: 4300, epoch: 5 | loss: 0.3366002
	speed: 0.0715s/iter; left time: 3232.7722s
	iters: 4400, epoch: 5 | loss: 0.2601826
	speed: 0.0715s/iter; left time: 3223.5286s
	iters: 4500, epoch: 5 | loss: 0.3021428
	speed: 0.0715s/iter; left time: 3216.8515s
	iters: 4600, epoch: 5 | loss: 0.2470639
	speed: 0.0716s/iter; left time: 3212.5663s
	iters: 4700, epoch: 5 | loss: 0.2961932
	speed: 0.0717s/iter; left time: 3211.8426s
	iters: 4800, epoch: 5 | loss: 0.2897368
	speed: 0.0716s/iter; left time: 3199.7712s
	iters: 4900, epoch: 5 | loss: 0.2731551
	speed: 0.0716s/iter; left time: 3192.4111s
	iters: 5000, epoch: 5 | loss: 0.2380888
	speed: 0.0717s/iter; left time: 3188.4146s
	iters: 5100, epoch: 5 | loss: 0.2876027
	speed: 0.0716s/iter; left time: 3178.5023s
	iters: 5200, epoch: 5 | loss: 0.2656385
	speed: 0.0716s/iter; left time: 3172.0051s
	iters: 5300, epoch: 5 | loss: 0.2459637
	speed: 0.0716s/iter; left time: 3164.4956s
	iters: 5400, epoch: 5 | loss: 0.2771061
	speed: 0.0716s/iter; left time: 3155.2644s
	iters: 5500, epoch: 5 | loss: 0.3406326
	speed: 0.0716s/iter; left time: 3147.0933s
	iters: 5600, epoch: 5 | loss: 0.3283836
	speed: 0.0715s/iter; left time: 3138.6536s
	iters: 5700, epoch: 5 | loss: 0.2854595
	speed: 0.0715s/iter; left time: 3131.5261s
	iters: 5800, epoch: 5 | loss: 0.2737741
	speed: 0.0716s/iter; left time: 3128.3468s
	iters: 5900, epoch: 5 | loss: 0.2851971
	speed: 0.0717s/iter; left time: 3126.9875s
	iters: 6000, epoch: 5 | loss: 0.2615785
	speed: 0.0717s/iter; left time: 3118.6999s
	iters: 6100, epoch: 5 | loss: 0.2529081
	speed: 0.0717s/iter; left time: 3111.3215s
	iters: 6200, epoch: 5 | loss: 0.3169857
	speed: 0.0718s/iter; left time: 3107.5307s
	iters: 6300, epoch: 5 | loss: 0.2833837
	speed: 0.0717s/iter; left time: 3095.1612s
	iters: 6400, epoch: 5 | loss: 0.2868826
	speed: 0.0715s/iter; left time: 3079.4484s
	iters: 6500, epoch: 5 | loss: 0.2795943
	speed: 0.0715s/iter; left time: 3072.4237s
	iters: 6600, epoch: 5 | loss: 0.3006550
	speed: 0.0715s/iter; left time: 3066.6320s
	iters: 6700, epoch: 5 | loss: 0.2817286
	speed: 0.0716s/iter; left time: 3063.3254s
	iters: 6800, epoch: 5 | loss: 0.3342035
	speed: 0.0716s/iter; left time: 3057.1521s
	iters: 6900, epoch: 5 | loss: 0.3404761
	speed: 0.0716s/iter; left time: 3050.1602s
	iters: 7000, epoch: 5 | loss: 0.2887932
	speed: 0.0716s/iter; left time: 3041.9888s
	iters: 7100, epoch: 5 | loss: 0.2711759
	speed: 0.0716s/iter; left time: 3035.7322s
	iters: 7200, epoch: 5 | loss: 0.3045490
	speed: 0.0717s/iter; left time: 3031.9339s
	iters: 7300, epoch: 5 | loss: 0.2760777
	speed: 0.0717s/iter; left time: 3024.7060s
	iters: 7400, epoch: 5 | loss: 0.2367976
	speed: 0.0716s/iter; left time: 3015.1578s
	iters: 7500, epoch: 5 | loss: 0.2987473
	speed: 0.0716s/iter; left time: 3005.9866s
	iters: 7600, epoch: 5 | loss: 0.2513224
	speed: 0.0716s/iter; left time: 2999.1181s
	iters: 7700, epoch: 5 | loss: 0.2661934
	speed: 0.0716s/iter; left time: 2991.5901s
	iters: 7800, epoch: 5 | loss: 0.2725548
	speed: 0.0716s/iter; left time: 2986.5157s
	iters: 7900, epoch: 5 | loss: 0.2513589
	speed: 0.0717s/iter; left time: 2980.7623s
	iters: 8000, epoch: 5 | loss: 0.2460223
	speed: 0.0716s/iter; left time: 2971.6600s
	iters: 8100, epoch: 5 | loss: 0.2778721
	speed: 0.0717s/iter; left time: 2967.4944s
	iters: 8200, epoch: 5 | loss: 0.2916105
	speed: 0.0717s/iter; left time: 2960.3020s
Epoch: 5 cost time: 591.5451345443726
Epoch: 5, Steps: 8247 | Train Loss: 0.2849699 Vali Loss: 0.3559882 Test Loss: 33.5802155
Validation loss decreased (0.357581 --> 0.355988).  Saving model ...
Updating learning rate to 6.25e-05
	iters: 100, epoch: 6 | loss: 0.3027225
	speed: 2.8588s/iter; left time: 117599.0283s
	iters: 200, epoch: 6 | loss: 0.2559498
	speed: 0.0721s/iter; left time: 2959.1324s
	iters: 300, epoch: 6 | loss: 0.2447528
	speed: 0.0722s/iter; left time: 2954.0330s
	iters: 400, epoch: 6 | loss: 0.2999799
	speed: 0.0721s/iter; left time: 2945.5551s
	iters: 500, epoch: 6 | loss: 0.2782200
	speed: 0.0722s/iter; left time: 2939.4401s
	iters: 600, epoch: 6 | loss: 0.2644270
	speed: 0.0722s/iter; left time: 2933.2534s
	iters: 700, epoch: 6 | loss: 0.2896002
	speed: 0.0721s/iter; left time: 2921.0187s
	iters: 800, epoch: 6 | loss: 0.2623082
	speed: 0.0721s/iter; left time: 2914.7534s
	iters: 900, epoch: 6 | loss: 0.2772432
	speed: 0.0721s/iter; left time: 2907.7950s
	iters: 1000, epoch: 6 | loss: 0.2850871
	speed: 0.0721s/iter; left time: 2901.1423s
	iters: 1100, epoch: 6 | loss: 0.2526874
	speed: 0.0722s/iter; left time: 2899.6836s
	iters: 1200, epoch: 6 | loss: 0.3962536
	speed: 0.0721s/iter; left time: 2885.3898s
	iters: 1300, epoch: 6 | loss: 0.3067784
	speed: 0.0722s/iter; left time: 2881.7588s
	iters: 1400, epoch: 6 | loss: 0.2831430
	speed: 0.0721s/iter; left time: 2873.9054s
	iters: 1500, epoch: 6 | loss: 0.2816751
	speed: 0.0720s/iter; left time: 2861.9777s
	iters: 1600, epoch: 6 | loss: 0.2962107
	speed: 0.0721s/iter; left time: 2856.1783s
	iters: 1700, epoch: 6 | loss: 0.2592531
	speed: 0.0720s/iter; left time: 2846.3092s
	iters: 1800, epoch: 6 | loss: 0.2753647
	speed: 0.0720s/iter; left time: 2840.4392s
	iters: 1900, epoch: 6 | loss: 0.2646627
	speed: 0.0720s/iter; left time: 2832.0929s
	iters: 2000, epoch: 6 | loss: 0.3040349
	speed: 0.0719s/iter; left time: 2822.8965s
	iters: 2100, epoch: 6 | loss: 0.2775897
	speed: 0.0719s/iter; left time: 2815.6172s
	iters: 2200, epoch: 6 | loss: 0.3719091
	speed: 0.0718s/iter; left time: 2801.6357s
	iters: 2300, epoch: 6 | loss: 0.2555867
	speed: 0.0717s/iter; left time: 2791.5017s
	iters: 2400, epoch: 6 | loss: 0.2868211
	speed: 0.0717s/iter; left time: 2782.9808s
	iters: 2500, epoch: 6 | loss: 0.2322555
	speed: 0.0718s/iter; left time: 2781.6260s
	iters: 2600, epoch: 6 | loss: 0.2404550
	speed: 0.0718s/iter; left time: 2775.9680s
	iters: 2700, epoch: 6 | loss: 0.3949003
	speed: 0.0717s/iter; left time: 2761.7924s
	iters: 2800, epoch: 6 | loss: 0.2952682
	speed: 0.0717s/iter; left time: 2755.3779s
	iters: 2900, epoch: 6 | loss: 0.2536833
	speed: 0.0717s/iter; left time: 2748.0397s
	iters: 3000, epoch: 6 | loss: 0.3566404
	speed: 0.0716s/iter; left time: 2737.3213s
	iters: 3100, epoch: 6 | loss: 0.2585488
	speed: 0.0715s/iter; left time: 2727.8888s
	iters: 3200, epoch: 6 | loss: 0.2614588
	speed: 0.0716s/iter; left time: 2722.8570s
	iters: 3300, epoch: 6 | loss: 0.3150153
	speed: 0.0716s/iter; left time: 2718.1141s
	iters: 3400, epoch: 6 | loss: 0.2313384
	speed: 0.0716s/iter; left time: 2710.1482s
	iters: 3500, epoch: 6 | loss: 0.2455127
	speed: 0.0717s/iter; left time: 2705.4046s
	iters: 3600, epoch: 6 | loss: 0.2834708
	speed: 0.0716s/iter; left time: 2695.1892s
	iters: 3700, epoch: 6 | loss: 0.2809564
	speed: 0.0716s/iter; left time: 2686.3569s
	iters: 3800, epoch: 6 | loss: 0.2696918
	speed: 0.0716s/iter; left time: 2680.1983s
	iters: 3900, epoch: 6 | loss: 0.3152603
	speed: 0.0716s/iter; left time: 2674.1951s
	iters: 4000, epoch: 6 | loss: 0.2690375
	speed: 0.0716s/iter; left time: 2666.2067s
	iters: 4100, epoch: 6 | loss: 0.3316346
	speed: 0.0717s/iter; left time: 2661.0764s
	iters: 4200, epoch: 6 | loss: 0.2596522
	speed: 0.0716s/iter; left time: 2650.9759s
	iters: 4300, epoch: 6 | loss: 0.3135845
	speed: 0.0715s/iter; left time: 2640.0330s
	iters: 4400, epoch: 6 | loss: 0.2732534
	speed: 0.0715s/iter; left time: 2632.9917s
	iters: 4500, epoch: 6 | loss: 0.2812350
	speed: 0.0715s/iter; left time: 2627.6329s
	iters: 4600, epoch: 6 | loss: 0.3270724
	speed: 0.0717s/iter; left time: 2627.6158s
	iters: 4700, epoch: 6 | loss: 0.2964097
	speed: 0.0719s/iter; left time: 2626.0119s
	iters: 4800, epoch: 6 | loss: 0.2614795
	speed: 0.0720s/iter; left time: 2622.9676s
	iters: 4900, epoch: 6 | loss: 0.2914186
	speed: 0.0720s/iter; left time: 2614.7589s
	iters: 5000, epoch: 6 | loss: 0.2847558
	speed: 0.0718s/iter; left time: 2603.0199s
	iters: 5100, epoch: 6 | loss: 0.2840238
	speed: 0.0719s/iter; left time: 2597.5970s
	iters: 5200, epoch: 6 | loss: 0.3041947
	speed: 0.0716s/iter; left time: 2580.9149s
	iters: 5300, epoch: 6 | loss: 0.2548121
	speed: 0.0716s/iter; left time: 2572.6353s
	iters: 5400, epoch: 6 | loss: 0.2826505
	speed: 0.0718s/iter; left time: 2573.7934s
	iters: 5500, epoch: 6 | loss: 0.2368804
	speed: 0.0719s/iter; left time: 2569.4829s
	iters: 5600, epoch: 6 | loss: 0.2883539
	speed: 0.0718s/iter; left time: 2560.0919s
	iters: 5700, epoch: 6 | loss: 0.3111013
	speed: 0.0718s/iter; left time: 2550.6813s
	iters: 5800, epoch: 6 | loss: 0.2328006
	speed: 0.0717s/iter; left time: 2541.9625s
	iters: 5900, epoch: 6 | loss: 0.3264999
	speed: 0.0716s/iter; left time: 2531.5412s
	iters: 6000, epoch: 6 | loss: 0.2538161
	speed: 0.0717s/iter; left time: 2525.2893s
	iters: 6100, epoch: 6 | loss: 0.2309406
	speed: 0.0717s/iter; left time: 2518.3927s
	iters: 6200, epoch: 6 | loss: 0.2431677
	speed: 0.0716s/iter; left time: 2509.2978s
	iters: 6300, epoch: 6 | loss: 0.2868244
	speed: 0.0715s/iter; left time: 2499.1648s
	iters: 6400, epoch: 6 | loss: 0.2539551
	speed: 0.0715s/iter; left time: 2492.2018s
	iters: 6500, epoch: 6 | loss: 0.2558846
	speed: 0.0716s/iter; left time: 2485.4068s
	iters: 6600, epoch: 6 | loss: 0.2762624
	speed: 0.0715s/iter; left time: 2477.8201s
	iters: 6700, epoch: 6 | loss: 0.2901565
	speed: 0.0715s/iter; left time: 2470.1245s
	iters: 6800, epoch: 6 | loss: 0.2584027
	speed: 0.0715s/iter; left time: 2462.5180s
	iters: 6900, epoch: 6 | loss: 0.2967642
	speed: 0.0714s/iter; left time: 2450.0961s
	iters: 7000, epoch: 6 | loss: 0.2668154
	speed: 0.0714s/iter; left time: 2445.2869s
	iters: 7100, epoch: 6 | loss: 0.2835132
	speed: 0.0715s/iter; left time: 2439.7808s
	iters: 7200, epoch: 6 | loss: 0.2851011
	speed: 0.0713s/iter; left time: 2427.2278s
	iters: 7300, epoch: 6 | loss: 0.3709693
	speed: 0.0714s/iter; left time: 2424.3050s
	iters: 7400, epoch: 6 | loss: 0.2761667
	speed: 0.0714s/iter; left time: 2416.2508s
	iters: 7500, epoch: 6 | loss: 0.3058771
	speed: 0.0713s/iter; left time: 2405.7476s
	iters: 7600, epoch: 6 | loss: 0.2477555
	speed: 0.0715s/iter; left time: 2403.5406s
	iters: 7700, epoch: 6 | loss: 0.3149826
	speed: 0.0717s/iter; left time: 2405.4907s
	iters: 7800, epoch: 6 | loss: 0.2388655
	speed: 0.0717s/iter; left time: 2398.2523s
	iters: 7900, epoch: 6 | loss: 0.2825398
	speed: 0.0717s/iter; left time: 2391.6271s
	iters: 8000, epoch: 6 | loss: 0.2535822
	speed: 0.0717s/iter; left time: 2382.5440s
	iters: 8100, epoch: 6 | loss: 0.3596910
	speed: 0.0716s/iter; left time: 2372.6759s
	iters: 8200, epoch: 6 | loss: 0.2681679
	speed: 0.0714s/iter; left time: 2360.2607s
Epoch: 6 cost time: 592.609815120697
Epoch: 6, Steps: 8247 | Train Loss: 0.2837252 Vali Loss: 0.3545640 Test Loss: 34.2465286
Validation loss decreased (0.355988 --> 0.354564).  Saving model ...
Updating learning rate to 3.125e-05
	iters: 100, epoch: 7 | loss: 0.2852003
	speed: 2.4491s/iter; left time: 80547.3002s
	iters: 200, epoch: 7 | loss: 0.3276920
	speed: 0.0713s/iter; left time: 2338.3127s
	iters: 300, epoch: 7 | loss: 0.3441366
	speed: 0.0713s/iter; left time: 2331.0683s
	iters: 400, epoch: 7 | loss: 0.2980023
	speed: 0.0713s/iter; left time: 2324.3520s
	iters: 500, epoch: 7 | loss: 0.2491766
	speed: 0.0714s/iter; left time: 2319.6981s
	iters: 600, epoch: 7 | loss: 0.3332123
	speed: 0.0714s/iter; left time: 2311.2948s
	iters: 700, epoch: 7 | loss: 0.2708500
	speed: 0.0715s/iter; left time: 2307.1928s
	iters: 800, epoch: 7 | loss: 0.2551225
	speed: 0.0714s/iter; left time: 2297.9150s
	iters: 900, epoch: 7 | loss: 0.2467921
	speed: 0.0714s/iter; left time: 2291.9408s
	iters: 1000, epoch: 7 | loss: 0.2807811
	speed: 0.0714s/iter; left time: 2284.0099s
	iters: 1100, epoch: 7 | loss: 0.2433254
	speed: 0.0714s/iter; left time: 2277.6463s
	iters: 1200, epoch: 7 | loss: 0.2856382
	speed: 0.0714s/iter; left time: 2270.3866s
	iters: 1300, epoch: 7 | loss: 0.3122258
	speed: 0.0714s/iter; left time: 2262.4289s
	iters: 1400, epoch: 7 | loss: 0.3006350
	speed: 0.0715s/iter; left time: 2257.2427s
	iters: 1500, epoch: 7 | loss: 0.2843366
	speed: 0.0714s/iter; left time: 2249.7420s
	iters: 1600, epoch: 7 | loss: 0.2563124
	speed: 0.0714s/iter; left time: 2241.7974s
	iters: 1700, epoch: 7 | loss: 0.2427254
	speed: 0.0714s/iter; left time: 2233.6225s
	iters: 1800, epoch: 7 | loss: 0.3110908
	speed: 0.0714s/iter; left time: 2226.9536s
	iters: 1900, epoch: 7 | loss: 0.2566970
	speed: 0.0714s/iter; left time: 2221.0275s
	iters: 2000, epoch: 7 | loss: 0.3026297
	speed: 0.0715s/iter; left time: 2214.5128s
	iters: 2100, epoch: 7 | loss: 0.2504659
	speed: 0.0715s/iter; left time: 2209.1475s
	iters: 2200, epoch: 7 | loss: 0.2900533
	speed: 0.0714s/iter; left time: 2198.9137s
	iters: 2300, epoch: 7 | loss: 0.2577793
	speed: 0.0715s/iter; left time: 2195.4535s
	iters: 2400, epoch: 7 | loss: 0.2758877
	speed: 0.0716s/iter; left time: 2189.8754s
	iters: 2500, epoch: 7 | loss: 0.2519396
	speed: 0.0715s/iter; left time: 2179.9518s
	iters: 2600, epoch: 7 | loss: 0.3152495
	speed: 0.0715s/iter; left time: 2171.3700s
	iters: 2700, epoch: 7 | loss: 0.2703426
	speed: 0.0715s/iter; left time: 2166.5765s
	iters: 2800, epoch: 7 | loss: 0.2641303
	speed: 0.0716s/iter; left time: 2160.0234s
	iters: 2900, epoch: 7 | loss: 0.2708817
	speed: 0.0715s/iter; left time: 2151.4483s
	iters: 3000, epoch: 7 | loss: 0.2787562
	speed: 0.0715s/iter; left time: 2145.1317s
	iters: 3100, epoch: 7 | loss: 0.2571933
	speed: 0.0715s/iter; left time: 2136.5394s
	iters: 3200, epoch: 7 | loss: 0.2194826
	speed: 0.0715s/iter; left time: 2129.1735s
	iters: 3300, epoch: 7 | loss: 0.2751632
	speed: 0.0715s/iter; left time: 2123.4620s
	iters: 3400, epoch: 7 | loss: 0.2724845
	speed: 0.0715s/iter; left time: 2116.7424s
	iters: 3500, epoch: 7 | loss: 0.3032433
	speed: 0.0715s/iter; left time: 2109.4973s
	iters: 3600, epoch: 7 | loss: 0.2456852
	speed: 0.0716s/iter; left time: 2105.4842s
	iters: 3700, epoch: 7 | loss: 0.3489146
	speed: 0.0717s/iter; left time: 2098.9249s
	iters: 3800, epoch: 7 | loss: 0.2962222
	speed: 0.0715s/iter; left time: 2087.0297s
	iters: 3900, epoch: 7 | loss: 0.3005455
	speed: 0.0715s/iter; left time: 2080.5204s
	iters: 4000, epoch: 7 | loss: 0.2751326
	speed: 0.0715s/iter; left time: 2072.8712s
	iters: 4100, epoch: 7 | loss: 0.2574413
	speed: 0.0714s/iter; left time: 2064.0515s
	iters: 4200, epoch: 7 | loss: 0.3148257
	speed: 0.0716s/iter; left time: 2060.1038s
	iters: 4300, epoch: 7 | loss: 0.3263884
	speed: 0.0717s/iter; left time: 2057.0272s
	iters: 4400, epoch: 7 | loss: 0.2590225
	speed: 0.0715s/iter; left time: 2045.5213s
	iters: 4500, epoch: 7 | loss: 0.2821529
	speed: 0.0716s/iter; left time: 2041.0121s
	iters: 4600, epoch: 7 | loss: 0.2389595
	speed: 0.0717s/iter; left time: 2035.8228s
	iters: 4700, epoch: 7 | loss: 0.2730202
	speed: 0.0715s/iter; left time: 2022.1633s
	iters: 4800, epoch: 7 | loss: 0.2704875
	speed: 0.0715s/iter; left time: 2014.3652s
	iters: 4900, epoch: 7 | loss: 0.3126981
	speed: 0.0714s/iter; left time: 2006.6311s
	iters: 5000, epoch: 7 | loss: 0.2565290
	speed: 0.0714s/iter; left time: 1997.2814s
	iters: 5100, epoch: 7 | loss: 0.2352486
	speed: 0.0714s/iter; left time: 1990.1018s
	iters: 5200, epoch: 7 | loss: 0.2475279
	speed: 0.0714s/iter; left time: 1984.0311s
	iters: 5300, epoch: 7 | loss: 0.2614351
	speed: 0.0715s/iter; left time: 1979.5890s
	iters: 5400, epoch: 7 | loss: 0.2583888
	speed: 0.0715s/iter; left time: 1972.6314s
	iters: 5500, epoch: 7 | loss: 0.2810218
	speed: 0.0715s/iter; left time: 1965.3766s
	iters: 5600, epoch: 7 | loss: 0.3072649
	speed: 0.0715s/iter; left time: 1957.8694s
	iters: 5700, epoch: 7 | loss: 0.2390112
	speed: 0.0715s/iter; left time: 1951.1578s
	iters: 5800, epoch: 7 | loss: 0.2591159
	speed: 0.0716s/iter; left time: 1945.8469s
	iters: 5900, epoch: 7 | loss: 0.3357433
	speed: 0.0715s/iter; left time: 1937.9060s
	iters: 6000, epoch: 7 | loss: 0.2565490
	speed: 0.0713s/iter; left time: 1925.3569s
	iters: 6100, epoch: 7 | loss: 0.2694234
	speed: 0.0713s/iter; left time: 1917.8819s
	iters: 6200, epoch: 7 | loss: 0.3120706
	speed: 0.0715s/iter; left time: 1916.5282s
	iters: 6300, epoch: 7 | loss: 0.2728722
	speed: 0.0715s/iter; left time: 1908.1955s
	iters: 6400, epoch: 7 | loss: 0.2275455
	speed: 0.0713s/iter; left time: 1896.6338s
	iters: 6500, epoch: 7 | loss: 0.3675891
	speed: 0.0714s/iter; left time: 1891.3758s
	iters: 6600, epoch: 7 | loss: 0.3181014
	speed: 0.0714s/iter; left time: 1883.6940s
	iters: 6700, epoch: 7 | loss: 0.3154373
	speed: 0.0713s/iter; left time: 1874.5131s
	iters: 6800, epoch: 7 | loss: 0.2663395
	speed: 0.0714s/iter; left time: 1871.0469s
	iters: 6900, epoch: 7 | loss: 0.2616924
	speed: 0.0714s/iter; left time: 1862.6868s
	iters: 7000, epoch: 7 | loss: 0.2901465
	speed: 0.0713s/iter; left time: 1853.9125s
	iters: 7100, epoch: 7 | loss: 0.2785474
	speed: 0.0713s/iter; left time: 1847.0350s
	iters: 7200, epoch: 7 | loss: 0.2756131
	speed: 0.0714s/iter; left time: 1841.3256s
	iters: 7300, epoch: 7 | loss: 0.3328229
	speed: 0.0715s/iter; left time: 1835.6548s
	iters: 7400, epoch: 7 | loss: 0.3214833
	speed: 0.0715s/iter; left time: 1830.1078s
	iters: 7500, epoch: 7 | loss: 0.2417966
	speed: 0.0715s/iter; left time: 1821.5806s
	iters: 7600, epoch: 7 | loss: 0.2812633
	speed: 0.0715s/iter; left time: 1814.6545s
	iters: 7700, epoch: 7 | loss: 0.2672027
	speed: 0.0715s/iter; left time: 1807.2692s
	iters: 7800, epoch: 7 | loss: 0.2765009
	speed: 0.0715s/iter; left time: 1801.0263s
	iters: 7900, epoch: 7 | loss: 0.2467675
	speed: 0.0715s/iter; left time: 1793.0849s
	iters: 8000, epoch: 7 | loss: 0.2912032
	speed: 0.0715s/iter; left time: 1786.0583s
	iters: 8100, epoch: 7 | loss: 0.3064704
	speed: 0.0715s/iter; left time: 1780.2045s
	iters: 8200, epoch: 7 | loss: 0.4030378
	speed: 0.0715s/iter; left time: 1772.7409s
Epoch: 7 cost time: 590.3795170783997
Epoch: 7, Steps: 8247 | Train Loss: 0.2832999 Vali Loss: 0.3537283 Test Loss: 33.8932877
Validation loss decreased (0.354564 --> 0.353728).  Saving model ...
Updating learning rate to 1.5625e-05
	iters: 100, epoch: 8 | loss: 0.2323942
	speed: 2.4725s/iter; left time: 60928.3360s
	iters: 200, epoch: 8 | loss: 0.3391565
	speed: 0.0713s/iter; left time: 1749.5190s
	iters: 300, epoch: 8 | loss: 0.2709447
	speed: 0.0713s/iter; left time: 1742.9274s
	iters: 400, epoch: 8 | loss: 0.2779574
	speed: 0.0713s/iter; left time: 1734.8097s
	iters: 500, epoch: 8 | loss: 0.2808631
	speed: 0.0713s/iter; left time: 1728.0254s
	iters: 600, epoch: 8 | loss: 0.2541941
	speed: 0.0714s/iter; left time: 1723.1251s
	iters: 700, epoch: 8 | loss: 0.3345677
	speed: 0.0713s/iter; left time: 1714.9205s
	iters: 800, epoch: 8 | loss: 0.2750587
	speed: 0.0713s/iter; left time: 1707.2999s
	iters: 900, epoch: 8 | loss: 0.3204580
	speed: 0.0713s/iter; left time: 1701.0471s
	iters: 1000, epoch: 8 | loss: 0.2349797
	speed: 0.0713s/iter; left time: 1693.2006s
	iters: 1100, epoch: 8 | loss: 0.3241564
	speed: 0.0714s/iter; left time: 1687.2177s
	iters: 1200, epoch: 8 | loss: 0.2701028
	speed: 0.0714s/iter; left time: 1681.0183s
	iters: 1300, epoch: 8 | loss: 0.2822610
	speed: 0.0714s/iter; left time: 1673.8518s
	iters: 1400, epoch: 8 | loss: 0.3194357
	speed: 0.0714s/iter; left time: 1667.3116s
	iters: 1500, epoch: 8 | loss: 0.2866526
	speed: 0.0715s/iter; left time: 1660.9104s
	iters: 1600, epoch: 8 | loss: 0.2726745
	speed: 0.0714s/iter; left time: 1653.1394s
	iters: 1700, epoch: 8 | loss: 0.3014829
	speed: 0.0714s/iter; left time: 1644.8175s
	iters: 1800, epoch: 8 | loss: 0.2723171
	speed: 0.0714s/iter; left time: 1638.6298s
	iters: 1900, epoch: 8 | loss: 0.2586966
	speed: 0.0714s/iter; left time: 1631.4750s
	iters: 2000, epoch: 8 | loss: 0.2347101
	speed: 0.0715s/iter; left time: 1625.2611s
	iters: 2100, epoch: 8 | loss: 0.2713403
	speed: 0.0715s/iter; left time: 1617.9446s
	iters: 2200, epoch: 8 | loss: 0.2780740
	speed: 0.0715s/iter; left time: 1612.2556s
	iters: 2300, epoch: 8 | loss: 0.2748990
	speed: 0.0716s/iter; left time: 1605.7957s
	iters: 2400, epoch: 8 | loss: 0.2710519
	speed: 0.0716s/iter; left time: 1598.8816s
	iters: 2500, epoch: 8 | loss: 0.2943498
	speed: 0.0716s/iter; left time: 1592.7133s
	iters: 2600, epoch: 8 | loss: 0.2540017
	speed: 0.0716s/iter; left time: 1585.9588s
	iters: 2700, epoch: 8 | loss: 0.3028264
	speed: 0.0716s/iter; left time: 1579.2812s
	iters: 2800, epoch: 8 | loss: 0.2761087
	speed: 0.0717s/iter; left time: 1572.1506s
	iters: 2900, epoch: 8 | loss: 0.3075939
	speed: 0.0717s/iter; left time: 1566.4485s
	iters: 3000, epoch: 8 | loss: 0.3100647
	speed: 0.0716s/iter; left time: 1556.4618s
	iters: 3100, epoch: 8 | loss: 0.2858498
	speed: 0.0716s/iter; left time: 1549.8927s
	iters: 3200, epoch: 8 | loss: 0.2403075
	speed: 0.0717s/iter; left time: 1544.4716s
	iters: 3300, epoch: 8 | loss: 0.2610947
	speed: 0.0716s/iter; left time: 1534.2599s
	iters: 3400, epoch: 8 | loss: 0.2307926
	speed: 0.0716s/iter; left time: 1528.3805s
	iters: 3500, epoch: 8 | loss: 0.2649852
	speed: 0.0716s/iter; left time: 1520.4025s
	iters: 3600, epoch: 8 | loss: 0.2723540
	speed: 0.0715s/iter; left time: 1511.3439s
	iters: 3700, epoch: 8 | loss: 0.2519387
	speed: 0.0716s/iter; left time: 1506.0565s
	iters: 3800, epoch: 8 | loss: 0.2548876
	speed: 0.0717s/iter; left time: 1500.5591s
	iters: 3900, epoch: 8 | loss: 0.2809837
	speed: 0.0717s/iter; left time: 1493.9343s
	iters: 4000, epoch: 8 | loss: 0.2900888
	speed: 0.0717s/iter; left time: 1486.6500s
	iters: 4100, epoch: 8 | loss: 0.2447097
	speed: 0.0717s/iter; left time: 1480.2834s
	iters: 4200, epoch: 8 | loss: 0.3013728
	speed: 0.0716s/iter; left time: 1471.5536s
	iters: 4300, epoch: 8 | loss: 0.3534473
	speed: 0.0716s/iter; left time: 1463.6682s
	iters: 4400, epoch: 8 | loss: 0.2951873
	speed: 0.0716s/iter; left time: 1456.2337s
	iters: 4500, epoch: 8 | loss: 0.2803827
	speed: 0.0716s/iter; left time: 1449.3480s
	iters: 4600, epoch: 8 | loss: 0.2789279
	speed: 0.0716s/iter; left time: 1442.3386s
	iters: 4700, epoch: 8 | loss: 0.2561447
	speed: 0.0716s/iter; left time: 1434.7377s
	iters: 4800, epoch: 8 | loss: 0.2641081
	speed: 0.0718s/iter; left time: 1431.5648s
	iters: 4900, epoch: 8 | loss: 0.3183061
	speed: 0.0717s/iter; left time: 1422.0472s
	iters: 5000, epoch: 8 | loss: 0.2401009
	speed: 0.0717s/iter; left time: 1415.4112s
	iters: 5100, epoch: 8 | loss: 0.2378930
	speed: 0.0718s/iter; left time: 1409.4404s
	iters: 5200, epoch: 8 | loss: 0.2704731
	speed: 0.0718s/iter; left time: 1402.6130s
	iters: 5300, epoch: 8 | loss: 0.2798766
	speed: 0.0719s/iter; left time: 1397.1090s
	iters: 5400, epoch: 8 | loss: 0.3067117
	speed: 0.0719s/iter; left time: 1390.0652s
	iters: 5500, epoch: 8 | loss: 0.2913515
	speed: 0.0718s/iter; left time: 1380.8504s
	iters: 5600, epoch: 8 | loss: 0.2578401
	speed: 0.0718s/iter; left time: 1373.8395s
	iters: 5700, epoch: 8 | loss: 0.2712946
	speed: 0.0718s/iter; left time: 1366.5101s
	iters: 5800, epoch: 8 | loss: 0.2687465
	speed: 0.0717s/iter; left time: 1358.1113s
	iters: 5900, epoch: 8 | loss: 0.3082526
	speed: 0.0717s/iter; left time: 1351.7083s
	iters: 6000, epoch: 8 | loss: 0.3387878
	speed: 0.0717s/iter; left time: 1344.7098s
	iters: 6100, epoch: 8 | loss: 0.2750792
	speed: 0.0717s/iter; left time: 1337.5594s
	iters: 6200, epoch: 8 | loss: 0.2634509
	speed: 0.0716s/iter; left time: 1327.3664s
	iters: 6300, epoch: 8 | loss: 0.2401171
	speed: 0.0716s/iter; left time: 1320.9297s
	iters: 6400, epoch: 8 | loss: 0.2931339
	speed: 0.0716s/iter; left time: 1313.7602s
	iters: 6500, epoch: 8 | loss: 0.3114490
	speed: 0.0716s/iter; left time: 1306.1036s
	iters: 6600, epoch: 8 | loss: 0.2785845
	speed: 0.0716s/iter; left time: 1299.0678s
	iters: 6700, epoch: 8 | loss: 0.3025739
	speed: 0.0716s/iter; left time: 1292.2103s
	iters: 6800, epoch: 8 | loss: 0.2669355
	speed: 0.0717s/iter; left time: 1286.0798s
	iters: 6900, epoch: 8 | loss: 0.2759320
	speed: 0.0718s/iter; left time: 1280.2886s
	iters: 7000, epoch: 8 | loss: 0.2578672
	speed: 0.0718s/iter; left time: 1273.5531s
	iters: 7100, epoch: 8 | loss: 0.3149554
	speed: 0.0717s/iter; left time: 1264.6579s
	iters: 7200, epoch: 8 | loss: 0.2707812
	speed: 0.0716s/iter; left time: 1255.2508s
	iters: 7300, epoch: 8 | loss: 0.3026287
	speed: 0.0717s/iter; left time: 1250.0898s
	iters: 7400, epoch: 8 | loss: 0.2836745
	speed: 0.0717s/iter; left time: 1242.8342s
	iters: 7500, epoch: 8 | loss: 0.2806284
	speed: 0.0716s/iter; left time: 1234.8460s
	iters: 7600, epoch: 8 | loss: 0.3035709
	speed: 0.0717s/iter; left time: 1228.8787s
	iters: 7700, epoch: 8 | loss: 0.2665031
	speed: 0.0717s/iter; left time: 1221.8123s
	iters: 7800, epoch: 8 | loss: 0.2937779
	speed: 0.0716s/iter; left time: 1212.7907s
	iters: 7900, epoch: 8 | loss: 0.3615568
	speed: 0.0716s/iter; left time: 1205.4976s
	iters: 8000, epoch: 8 | loss: 0.2789294
	speed: 0.0716s/iter; left time: 1199.3186s
	iters: 8100, epoch: 8 | loss: 0.3027439
	speed: 0.0715s/iter; left time: 1189.3266s
	iters: 8200, epoch: 8 | loss: 0.3105098
	speed: 0.0716s/iter; left time: 1184.3998s
Epoch: 8 cost time: 591.3748304843903
Epoch: 8, Steps: 8247 | Train Loss: 0.2829835 Vali Loss: 0.3533563 Test Loss: 33.4021034
Validation loss decreased (0.353728 --> 0.353356).  Saving model ...
Updating learning rate to 7.8125e-06
	iters: 100, epoch: 9 | loss: 0.3170274
	speed: 2.7585s/iter; left time: 45225.0525s
	iters: 200, epoch: 9 | loss: 0.3476842
	speed: 0.0728s/iter; left time: 1186.9244s
	iters: 300, epoch: 9 | loss: 0.2827965
	speed: 0.0730s/iter; left time: 1181.7879s
	iters: 400, epoch: 9 | loss: 0.3067105
	speed: 0.0730s/iter; left time: 1174.2240s
	iters: 500, epoch: 9 | loss: 0.2577903
	speed: 0.0729s/iter; left time: 1166.6849s
	iters: 600, epoch: 9 | loss: 0.2575118
	speed: 0.0726s/iter; left time: 1154.2322s
	iters: 700, epoch: 9 | loss: 0.2889659
	speed: 0.0729s/iter; left time: 1151.9351s
	iters: 800, epoch: 9 | loss: 0.2550397
	speed: 0.0729s/iter; left time: 1144.4827s
	iters: 900, epoch: 9 | loss: 0.2748724
	speed: 0.0730s/iter; left time: 1138.7182s
	iters: 1000, epoch: 9 | loss: 0.3508991
	speed: 0.0730s/iter; left time: 1131.6225s
	iters: 1100, epoch: 9 | loss: 0.2707010
	speed: 0.0727s/iter; left time: 1119.8822s
	iters: 1200, epoch: 9 | loss: 0.3684907
	speed: 0.0724s/iter; left time: 1107.4005s
	iters: 1300, epoch: 9 | loss: 0.3845555
	speed: 0.0726s/iter; left time: 1102.8876s
	iters: 1400, epoch: 9 | loss: 0.3117061
	speed: 0.0729s/iter; left time: 1100.5805s
	iters: 1500, epoch: 9 | loss: 0.3132409
	speed: 0.0726s/iter; left time: 1089.3721s
	iters: 1600, epoch: 9 | loss: 0.3004010
	speed: 0.0725s/iter; left time: 1080.4579s
	iters: 1700, epoch: 9 | loss: 0.2623921
	speed: 0.0724s/iter; left time: 1071.2782s
	iters: 1800, epoch: 9 | loss: 0.3531843
	speed: 0.0724s/iter; left time: 1064.0911s
	iters: 1900, epoch: 9 | loss: 0.2958445
	speed: 0.0724s/iter; left time: 1056.3615s
	iters: 2000, epoch: 9 | loss: 0.3619297
	speed: 0.0727s/iter; left time: 1054.2242s
	iters: 2100, epoch: 9 | loss: 0.2662033
	speed: 0.0722s/iter; left time: 1039.6827s
	iters: 2200, epoch: 9 | loss: 0.2940654
	speed: 0.0722s/iter; left time: 1031.5280s
	iters: 2300, epoch: 9 | loss: 0.2856128
	speed: 0.0721s/iter; left time: 1024.0635s
	iters: 2400, epoch: 9 | loss: 0.2857115
	speed: 0.0722s/iter; left time: 1017.3993s
	iters: 2500, epoch: 9 | loss: 0.3137292
	speed: 0.0722s/iter; left time: 1010.9230s
	iters: 2600, epoch: 9 | loss: 0.2507969
	speed: 0.0723s/iter; left time: 1004.1117s
	iters: 2700, epoch: 9 | loss: 0.3061217
	speed: 0.0723s/iter; left time: 996.9771s
	iters: 2800, epoch: 9 | loss: 0.2845297
	speed: 0.0723s/iter; left time: 990.1154s
	iters: 2900, epoch: 9 | loss: 0.2603076
	speed: 0.0723s/iter; left time: 983.3059s
	iters: 3000, epoch: 9 | loss: 0.2491909
	speed: 0.0723s/iter; left time: 975.4175s
	iters: 3100, epoch: 9 | loss: 0.2665055
	speed: 0.0724s/iter; left time: 969.3024s
	iters: 3200, epoch: 9 | loss: 0.2850777
	speed: 0.0724s/iter; left time: 962.4092s
	iters: 3300, epoch: 9 | loss: 0.2815615
	speed: 0.0723s/iter; left time: 954.1739s
	iters: 3400, epoch: 9 | loss: 0.3014968
	speed: 0.0721s/iter; left time: 943.5888s
	iters: 3500, epoch: 9 | loss: 0.3024075
	speed: 0.0720s/iter; left time: 936.2531s
	iters: 3600, epoch: 9 | loss: 0.3075230
	speed: 0.0722s/iter; left time: 930.4661s
	iters: 3700, epoch: 9 | loss: 0.2500438
	speed: 0.0720s/iter; left time: 921.3924s
	iters: 3800, epoch: 9 | loss: 0.2892205
	speed: 0.0720s/iter; left time: 913.9306s
	iters: 3900, epoch: 9 | loss: 0.2666652
	speed: 0.0721s/iter; left time: 907.6006s
	iters: 4000, epoch: 9 | loss: 0.2375031
	speed: 0.0720s/iter; left time: 899.2896s
	iters: 4100, epoch: 9 | loss: 0.2406480
	speed: 0.0721s/iter; left time: 893.2514s
	iters: 4200, epoch: 9 | loss: 0.2554115
	speed: 0.0722s/iter; left time: 887.3790s
	iters: 4300, epoch: 9 | loss: 0.3405145
	speed: 0.0722s/iter; left time: 880.2604s
	iters: 4400, epoch: 9 | loss: 0.2864363
	speed: 0.0722s/iter; left time: 872.9456s
	iters: 4500, epoch: 9 | loss: 0.2253877
	speed: 0.0722s/iter; left time: 866.4649s
	iters: 4600, epoch: 9 | loss: 0.2429089
	speed: 0.0722s/iter; left time: 859.3943s
	iters: 4700, epoch: 9 | loss: 0.2542585
	speed: 0.0722s/iter; left time: 852.0077s
	iters: 4800, epoch: 9 | loss: 0.2806126
	speed: 0.0722s/iter; left time: 843.9126s
	iters: 4900, epoch: 9 | loss: 0.2657002
	speed: 0.0721s/iter; left time: 835.7535s
	iters: 5000, epoch: 9 | loss: 0.2403169
	speed: 0.0721s/iter; left time: 829.0786s
	iters: 5100, epoch: 9 | loss: 0.3114658
	speed: 0.0721s/iter; left time: 821.0350s
	iters: 5200, epoch: 9 | loss: 0.2850092
	speed: 0.0720s/iter; left time: 813.6588s
	iters: 5300, epoch: 9 | loss: 0.3594655
	speed: 0.0720s/iter; left time: 805.9706s
	iters: 5400, epoch: 9 | loss: 0.2530926
	speed: 0.0721s/iter; left time: 799.5213s
	iters: 5500, epoch: 9 | loss: 0.2750041
	speed: 0.0721s/iter; left time: 792.7858s
	iters: 5600, epoch: 9 | loss: 0.3349481
	speed: 0.0721s/iter; left time: 785.2278s
	iters: 5700, epoch: 9 | loss: 0.2648915
	speed: 0.0721s/iter; left time: 778.2679s
	iters: 5800, epoch: 9 | loss: 0.2809125
	speed: 0.0720s/iter; left time: 769.5958s
	iters: 5900, epoch: 9 | loss: 0.2925671
	speed: 0.0719s/iter; left time: 762.0618s
	iters: 6000, epoch: 9 | loss: 0.2969449
	speed: 0.0720s/iter; left time: 755.1411s
	iters: 6100, epoch: 9 | loss: 0.2385051
	speed: 0.0720s/iter; left time: 748.5256s
	iters: 6200, epoch: 9 | loss: 0.2832894
	speed: 0.0720s/iter; left time: 741.5777s
	iters: 6300, epoch: 9 | loss: 0.3011642
	speed: 0.0720s/iter; left time: 734.3133s
	iters: 6400, epoch: 9 | loss: 0.2753236
	speed: 0.0720s/iter; left time: 727.1800s
	iters: 6500, epoch: 9 | loss: 0.2653103
	speed: 0.0721s/iter; left time: 720.4856s
	iters: 6600, epoch: 9 | loss: 0.2480466
	speed: 0.0720s/iter; left time: 712.9085s
	iters: 6700, epoch: 9 | loss: 0.2688728
	speed: 0.0721s/iter; left time: 705.7842s
	iters: 6800, epoch: 9 | loss: 0.2731234
	speed: 0.0720s/iter; left time: 697.7072s
	iters: 6900, epoch: 9 | loss: 0.2570030
	speed: 0.0720s/iter; left time: 691.1573s
	iters: 7000, epoch: 9 | loss: 0.3042055
	speed: 0.0721s/iter; left time: 684.3575s
	iters: 7100, epoch: 9 | loss: 0.2721176
	speed: 0.0721s/iter; left time: 677.6946s
	iters: 7200, epoch: 9 | loss: 0.3032006
	speed: 0.0721s/iter; left time: 670.2737s
	iters: 7300, epoch: 9 | loss: 0.2957625
	speed: 0.0720s/iter; left time: 662.0201s
	iters: 7400, epoch: 9 | loss: 0.3595506
	speed: 0.0720s/iter; left time: 654.8259s
	iters: 7500, epoch: 9 | loss: 0.2898925
	speed: 0.0719s/iter; left time: 647.1287s
	iters: 7600, epoch: 9 | loss: 0.2434437
	speed: 0.0720s/iter; left time: 640.5254s
	iters: 7700, epoch: 9 | loss: 0.2760354
	speed: 0.0720s/iter; left time: 633.1320s
	iters: 7800, epoch: 9 | loss: 0.2650459
	speed: 0.0720s/iter; left time: 626.3234s
	iters: 7900, epoch: 9 | loss: 0.2702952
	speed: 0.0720s/iter; left time: 619.1680s
	iters: 8000, epoch: 9 | loss: 0.2618430
	speed: 0.0719s/iter; left time: 610.5427s
	iters: 8100, epoch: 9 | loss: 0.3188050
	speed: 0.0718s/iter; left time: 602.3576s
	iters: 8200, epoch: 9 | loss: 0.2752783
	speed: 0.0718s/iter; left time: 595.6411s
Epoch: 9 cost time: 596.7083311080933
Epoch: 9, Steps: 8247 | Train Loss: 0.2827727 Vali Loss: 0.3538410 Test Loss: 33.8364029
EarlyStopping counter: 1 out of 3
Updating learning rate to 3.90625e-06
	iters: 100, epoch: 10 | loss: 0.2698344
	speed: 2.4355s/iter; left time: 19844.0850s
	iters: 200, epoch: 10 | loss: 0.2824821
	speed: 0.0714s/iter; left time: 574.3386s
	iters: 300, epoch: 10 | loss: 0.2963518
	speed: 0.0714s/iter; left time: 567.1063s
	iters: 400, epoch: 10 | loss: 0.2732056
	speed: 0.0714s/iter; left time: 560.2141s
	iters: 500, epoch: 10 | loss: 0.2687174
	speed: 0.0714s/iter; left time: 553.2137s
	iters: 600, epoch: 10 | loss: 0.2754615
	speed: 0.0714s/iter; left time: 546.4431s
	iters: 700, epoch: 10 | loss: 0.2550697
	speed: 0.0715s/iter; left time: 539.3952s
	iters: 800, epoch: 10 | loss: 0.2591869
	speed: 0.0714s/iter; left time: 532.1237s
	iters: 900, epoch: 10 | loss: 0.2849410
	speed: 0.0714s/iter; left time: 524.6715s
	iters: 1000, epoch: 10 | loss: 0.3077446
	speed: 0.0712s/iter; left time: 516.1401s
	iters: 1100, epoch: 10 | loss: 0.2758204
	speed: 0.0712s/iter; left time: 508.9743s
	iters: 1200, epoch: 10 | loss: 0.2619144
	speed: 0.0713s/iter; left time: 502.3545s
	iters: 1300, epoch: 10 | loss: 0.2828344
	speed: 0.0714s/iter; left time: 496.0555s
	iters: 1400, epoch: 10 | loss: 0.3495259
	speed: 0.0714s/iter; left time: 488.9596s
	iters: 1500, epoch: 10 | loss: 0.2770213
	speed: 0.0715s/iter; left time: 482.3781s
	iters: 1600, epoch: 10 | loss: 0.3165362
	speed: 0.0716s/iter; left time: 475.6955s
	iters: 1700, epoch: 10 | loss: 0.3697581
	speed: 0.0715s/iter; left time: 468.3761s
	iters: 1800, epoch: 10 | loss: 0.2551862
	speed: 0.0715s/iter; left time: 461.3511s
	iters: 1900, epoch: 10 | loss: 0.2406417
	speed: 0.0715s/iter; left time: 453.9258s
	iters: 2000, epoch: 10 | loss: 0.2739380
	speed: 0.0716s/iter; left time: 447.1528s
	iters: 2100, epoch: 10 | loss: 0.2565271
	speed: 0.0716s/iter; left time: 440.1594s
	iters: 2200, epoch: 10 | loss: 0.2516817
	speed: 0.0716s/iter; left time: 432.8682s
	iters: 2300, epoch: 10 | loss: 0.2643446
	speed: 0.0715s/iter; left time: 425.5170s
	iters: 2400, epoch: 10 | loss: 0.2624786
	speed: 0.0716s/iter; left time: 418.6584s
	iters: 2500, epoch: 10 | loss: 0.2999658
	speed: 0.0717s/iter; left time: 412.2013s
	iters: 2600, epoch: 10 | loss: 0.2851680
	speed: 0.0715s/iter; left time: 403.8012s
	iters: 2700, epoch: 10 | loss: 0.2583893
	speed: 0.0715s/iter; left time: 396.5836s
	iters: 2800, epoch: 10 | loss: 0.2881823
	speed: 0.0716s/iter; left time: 389.8253s
	iters: 2900, epoch: 10 | loss: 0.2774057
	speed: 0.0716s/iter; left time: 383.1018s
	iters: 3000, epoch: 10 | loss: 0.2510740
	speed: 0.0716s/iter; left time: 375.8837s
	iters: 3100, epoch: 10 | loss: 0.2221103
	speed: 0.0717s/iter; left time: 368.8560s
	iters: 3200, epoch: 10 | loss: 0.2016103
	speed: 0.0717s/iter; left time: 361.8666s
	iters: 3300, epoch: 10 | loss: 0.2489868
	speed: 0.0717s/iter; left time: 354.7085s
	iters: 3400, epoch: 10 | loss: 0.2869520
	speed: 0.0717s/iter; left time: 347.5579s
	iters: 3500, epoch: 10 | loss: 0.3466784
	speed: 0.0716s/iter; left time: 340.0243s
	iters: 3600, epoch: 10 | loss: 0.3128907
	speed: 0.0716s/iter; left time: 332.9385s
	iters: 3700, epoch: 10 | loss: 0.2377183
	speed: 0.0716s/iter; left time: 325.7938s
	iters: 3800, epoch: 10 | loss: 0.2959642
	speed: 0.0716s/iter; left time: 318.4360s
	iters: 3900, epoch: 10 | loss: 0.2458723
	speed: 0.0716s/iter; left time: 311.1793s
	iters: 4000, epoch: 10 | loss: 0.2916034
	speed: 0.0716s/iter; left time: 304.1808s
	iters: 4100, epoch: 10 | loss: 0.2818484
	speed: 0.0716s/iter; left time: 296.9593s
	iters: 4200, epoch: 10 | loss: 0.3009449
	speed: 0.0714s/iter; left time: 288.8599s
	iters: 4300, epoch: 10 | loss: 0.3450677
	speed: 0.0716s/iter; left time: 282.7982s
	iters: 4400, epoch: 10 | loss: 0.3420488
	speed: 0.0717s/iter; left time: 275.9838s
	iters: 4500, epoch: 10 | loss: 0.2797717
	speed: 0.0717s/iter; left time: 268.7071s
	iters: 4600, epoch: 10 | loss: 0.2885857
	speed: 0.0718s/iter; left time: 262.0365s
	iters: 4700, epoch: 10 | loss: 0.3208307
	speed: 0.0719s/iter; left time: 254.9593s
	iters: 4800, epoch: 10 | loss: 0.3346345
	speed: 0.0717s/iter; left time: 247.0701s
	iters: 4900, epoch: 10 | loss: 0.2723347
	speed: 0.0716s/iter; left time: 239.6484s
	iters: 5000, epoch: 10 | loss: 0.2680569
	speed: 0.0716s/iter; left time: 232.5635s
	iters: 5100, epoch: 10 | loss: 0.2911713
	speed: 0.0716s/iter; left time: 225.4536s
	iters: 5200, epoch: 10 | loss: 0.2709939
	speed: 0.0716s/iter; left time: 218.3710s
	iters: 5300, epoch: 10 | loss: 0.2612424
	speed: 0.0716s/iter; left time: 211.1293s
	iters: 5400, epoch: 10 | loss: 0.2842931
	speed: 0.0717s/iter; left time: 204.1568s
	iters: 5500, epoch: 10 | loss: 0.3038050
	speed: 0.0715s/iter; left time: 196.5429s
	iters: 5600, epoch: 10 | loss: 0.2708667
	speed: 0.0716s/iter; left time: 189.5327s
	iters: 5700, epoch: 10 | loss: 0.2694668
	speed: 0.0716s/iter; left time: 182.3667s
	iters: 5800, epoch: 10 | loss: 0.3462493
	speed: 0.0716s/iter; left time: 175.1727s
	iters: 5900, epoch: 10 | loss: 0.3365795
	speed: 0.0716s/iter; left time: 168.0493s
	iters: 6000, epoch: 10 | loss: 0.3049164
	speed: 0.0716s/iter; left time: 160.8672s
	iters: 6100, epoch: 10 | loss: 0.2924889
	speed: 0.0715s/iter; left time: 153.6322s
	iters: 6200, epoch: 10 | loss: 0.2600187
	speed: 0.0716s/iter; left time: 146.5648s
	iters: 6300, epoch: 10 | loss: 0.2877356
	speed: 0.0716s/iter; left time: 139.5385s
	iters: 6400, epoch: 10 | loss: 0.2568425
	speed: 0.0715s/iter; left time: 132.2226s
	iters: 6500, epoch: 10 | loss: 0.2716593
	speed: 0.0715s/iter; left time: 125.0419s
	iters: 6600, epoch: 10 | loss: 0.2831655
	speed: 0.0716s/iter; left time: 117.9935s
	iters: 6700, epoch: 10 | loss: 0.2569166
	speed: 0.0716s/iter; left time: 110.7869s
	iters: 6800, epoch: 10 | loss: 0.2631383
	speed: 0.0716s/iter; left time: 103.6847s
	iters: 6900, epoch: 10 | loss: 0.2362006
	speed: 0.0717s/iter; left time: 96.6109s
	iters: 7000, epoch: 10 | loss: 0.3012176
	speed: 0.0717s/iter; left time: 89.4732s
	iters: 7100, epoch: 10 | loss: 0.2580856
	speed: 0.0716s/iter; left time: 82.1567s
	iters: 7200, epoch: 10 | loss: 0.2947144
	speed: 0.0716s/iter; left time: 75.0037s
	iters: 7300, epoch: 10 | loss: 0.2590484
	speed: 0.0716s/iter; left time: 67.8699s
	iters: 7400, epoch: 10 | loss: 0.2385775
	speed: 0.0715s/iter; left time: 60.6224s
	iters: 7500, epoch: 10 | loss: 0.2580037
	speed: 0.0715s/iter; left time: 53.4636s
	iters: 7600, epoch: 10 | loss: 0.2422085
	speed: 0.0715s/iter; left time: 46.3487s
	iters: 7700, epoch: 10 | loss: 0.3046414
	speed: 0.0715s/iter; left time: 39.1939s
	iters: 7800, epoch: 10 | loss: 0.2460577
	speed: 0.0716s/iter; left time: 32.0848s
	iters: 7900, epoch: 10 | loss: 0.3044976
	speed: 0.0716s/iter; left time: 24.9330s
	iters: 8000, epoch: 10 | loss: 0.2621259
	speed: 0.0717s/iter; left time: 17.7852s
	iters: 8100, epoch: 10 | loss: 0.3412344
	speed: 0.0718s/iter; left time: 10.6275s
	iters: 8200, epoch: 10 | loss: 0.2730266
	speed: 0.0719s/iter; left time: 3.4503s
Epoch: 10 cost time: 591.2168493270874
Epoch: 10, Steps: 8247 | Train Loss: 0.2826921 Vali Loss: 0.3532738 Test Loss: 33.7482262
Validation loss decreased (0.353356 --> 0.353274).  Saving model ...
Updating learning rate to 1.953125e-06
>>>>>>>testing : long_term_forecast_pems11_h_96_192_iTransformer_custom_ftM_sl96_ll48_pl192_dm512_nh8_el4_dl1_df512_fc3_ebtimeF_dtTrue_srate1.0_sseed7_trainseed2024_Exp_0<<<<<<<<<<<<<<<<<<<<<<<<<<<<<<<<<
test 37594
test shape: (37594, 1, 192, 521) (37594, 1, 192, 521)
test shape: (37594, 192, 521) (37594, 192, 521)
mse:33.670448303222656, mae:0.4434520900249481
>>>>>>>Overall time: 8702 seconds<<<<<<<<<<<<<<<<<<<<<<<<<<<<<<<<<
