Args in experiment:
Namespace(activation='gelu', anomaly_ratio=0.25, batch_size=32, c_out=1613, checkpoints='./checkpoints/', d_conv=4, d_ff=16, d_layers=1, d_model=128, data='custom', data_path='pems07_d.csv', dec_in=151, des='Exp', devices='0,1,2,3', distil=True, dropout=0, e_layers=2, embed='timeF', enc_in=1613, expand=2, factor=1, features='M', freq='h', gap_day=365, gpu=0, inverse=False, is_training=1, itr=1, label_len=48, learning_rate=0.0001, loss='MSE', lradj='type1', mask_rate=0.25, model='Mamba', model_id='pems07_d_96_336', moving_avg=25, n_heads=8, num_kernels=6, num_workers=10, output_attention=False, p_hidden_dims=[128, 128], p_hidden_layers=2, patience=3, pred_len=336, root_path='../../data/pems/', samle_rate=1.0, sample_seed=7, seasonal_patterns='Monthly', seq_len=336, target='OT', task_name='long_term_forecast', top_k=5, train_epochs=10, train_seed=2024, use_amp=False, use_gpu=True, use_multi_gpu=False)
Use GPU: cuda:0
Traceback (most recent call last):
  File "run.py", line 158, in <module>
    exp = Exp(args)  # set experiments
  File "/g/data/hn98/du/exlts/hourdayweek/exp/exp_long_term_forecasting.py", line 21, in __init__
    super(Exp_Long_Term_Forecast, self).__init__(args)
  File "/g/data/hn98/du/exlts/hourdayweek/exp/exp_basic.py", line 33, in __init__
    self.model = self._build_model().to(self.device)
  File "/g/data/hn98/du/exlts/hourdayweek/exp/exp_long_term_forecasting.py", line 24, in _build_model
    model = self.model_dict[self.args.model].Model(self.args).float()
KeyError: 'Mamba'
Args in experiment:
Namespace(activation='gelu', anomaly_ratio=0.25, batch_size=32, c_out=1613, checkpoints='./checkpoints/', d_conv=4, d_ff=16, d_layers=1, d_model=128, data='custom', data_path='pems07_d.csv', dec_in=151, des='Exp', devices='0,1,2,3', distil=True, dropout=0, e_layers=2, embed='timeF', enc_in=1613, expand=2, factor=1, features='M', freq='h', gap_day=365, gpu=0, inverse=False, is_training=1, itr=1, label_len=48, learning_rate=0.0001, loss='MSE', lradj='type1', mask_rate=0.25, model='Mamba', model_id='pems07_d_96_336', moving_avg=25, n_heads=8, num_kernels=6, num_workers=10, output_attention=False, p_hidden_dims=[128, 128], p_hidden_layers=2, patience=3, pred_len=336, root_path='../../data/pems/', samle_rate=1.0, sample_seed=7, seasonal_patterns='Monthly', seq_len=336, target='OT', task_name='long_term_forecast', top_k=5, train_epochs=10, train_seed=2024, use_amp=False, use_gpu=True, use_multi_gpu=False)
Use GPU: cuda:0
>>>>>>>start training : long_term_forecast_pems07_d_96_336_Mamba_custom_ftM_sl336_ll48_pl336_dm128_nh8_el2_dl1_df16_fc1_ebtimeF_dtTrue_srate1.0_sseed7_trainseed2024_Exp_0>>>>>>>>>>>>>>>>>>>>>>>>>>
train 4903
val 463
test 1257
	iters: 100, epoch: 1 | loss: 0.7182884
	speed: 0.2083s/iter; left time: 298.1019s
Epoch: 1 cost time: 30.650423526763916
Epoch: 1, Steps: 153 | Train Loss: 0.8331436 Vali Loss: 1.5647366 Test Loss: 2.2901731
Validation loss decreased (inf --> 1.564737).  Saving model ...
Updating learning rate to 0.0001
	iters: 100, epoch: 2 | loss: 0.6020968
	speed: 0.4352s/iter; left time: 556.2181s
Epoch: 2 cost time: 21.201180696487427
Epoch: 2, Steps: 153 | Train Loss: 0.6395920 Vali Loss: 1.5936962 Test Loss: 2.3242226
EarlyStopping counter: 1 out of 3
Updating learning rate to 5e-05
	iters: 100, epoch: 3 | loss: 0.5287697
	speed: 0.4020s/iter; left time: 452.2741s
Epoch: 3 cost time: 21.604238033294678
Epoch: 3, Steps: 153 | Train Loss: 0.5433188 Vali Loss: 1.6169022 Test Loss: 2.3359547
EarlyStopping counter: 2 out of 3
Updating learning rate to 2.5e-05
	iters: 100, epoch: 4 | loss: 0.5116224
	speed: 0.4036s/iter; left time: 392.3461s
Epoch: 4 cost time: 21.400992155075073
Epoch: 4, Steps: 153 | Train Loss: 0.5027025 Vali Loss: 1.6128813 Test Loss: 2.3424814
EarlyStopping counter: 3 out of 3
Early stopping
>>>>>>>testing : long_term_forecast_pems07_d_96_336_Mamba_custom_ftM_sl336_ll48_pl336_dm128_nh8_el2_dl1_df16_fc1_ebtimeF_dtTrue_srate1.0_sseed7_trainseed2024_Exp_0<<<<<<<<<<<<<<<<<<<<<<<<<<<<<<<<<
test 1257
test shape: (1257, 1, 336, 1613) (1257, 1, 336, 1613)
test shape: (1257, 336, 1613) (1257, 336, 1613)
mse:2.290173292160034, mae:0.9493445754051208
>>>>>>>Overall time: 202 seconds<<<<<<<<<<<<<<<<<<<<<<<<<<<<<<<<<
