Args in experiment:
Namespace(activation='gelu', anomaly_ratio=0.25, batch_size=32, c_out=130, checkpoints='./checkpoints/', d_conv=4, d_ff=16, d_layers=1, d_model=128, data='custom', data_path='pems06_d.csv', dec_in=151, des='Exp', devices='0,1,2,3', distil=True, dropout=0, e_layers=2, embed='timeF', enc_in=130, expand=2, factor=1, features='M', freq='h', gap_day=365, gpu=0, inverse=False, is_training=1, itr=1, label_len=48, learning_rate=0.0001, loss='MSE', lradj='type1', mask_rate=0.25, model='Mamba', model_id='pems06_d_96_192', moving_avg=25, n_heads=8, num_kernels=6, num_workers=10, output_attention=False, p_hidden_dims=[128, 128], p_hidden_layers=2, patience=3, pred_len=192, root_path='../../data/pems/', samle_rate=1.0, sample_seed=7, seasonal_patterns='Monthly', seq_len=192, target='OT', task_name='long_term_forecast', top_k=5, train_epochs=10, train_seed=2024, use_amp=False, use_gpu=True, use_multi_gpu=False)
Use GPU: cuda:0
>>>>>>>start training : long_term_forecast_pems06_d_96_192_Mamba_custom_ftM_sl192_ll48_pl192_dm128_nh8_el2_dl1_df16_fc1_ebtimeF_dtTrue_srate1.0_sseed7_trainseed2024_Exp_0>>>>>>>>>>>>>>>>>>>>>>>>>>
train 3271
val 332
test 853
	iters: 100, epoch: 1 | loss: 0.7639214
	speed: 0.0339s/iter; left time: 31.2010s
Epoch: 1 cost time: 3.492999792098999
Epoch: 1, Steps: 102 | Train Loss: 0.9150379 Vali Loss: 0.7835575 Test Loss: 0.6415188
Validation loss decreased (inf --> 0.783558).  Saving model ...
Updating learning rate to 0.0001
	iters: 100, epoch: 2 | loss: 0.5275105
	speed: 0.0559s/iter; left time: 45.7722s
Epoch: 2 cost time: 2.131871461868286
Epoch: 2, Steps: 102 | Train Loss: 0.7049621 Vali Loss: 0.7903432 Test Loss: 0.6494628
EarlyStopping counter: 1 out of 3
Updating learning rate to 5e-05
	iters: 100, epoch: 3 | loss: 0.6290689
	speed: 0.0538s/iter; left time: 38.5835s
Epoch: 3 cost time: 1.990429401397705
Epoch: 3, Steps: 102 | Train Loss: 0.5983423 Vali Loss: 0.8040994 Test Loss: 0.6591428
EarlyStopping counter: 2 out of 3
Updating learning rate to 2.5e-05
	iters: 100, epoch: 4 | loss: 0.5568852
	speed: 0.0523s/iter; left time: 32.1764s
Epoch: 4 cost time: 1.941373586654663
Epoch: 4, Steps: 102 | Train Loss: 0.5582704 Vali Loss: 0.8085645 Test Loss: 0.6604269
EarlyStopping counter: 3 out of 3
Early stopping
>>>>>>>testing : long_term_forecast_pems06_d_96_192_Mamba_custom_ftM_sl192_ll48_pl192_dm128_nh8_el2_dl1_df16_fc1_ebtimeF_dtTrue_srate1.0_sseed7_trainseed2024_Exp_0<<<<<<<<<<<<<<<<<<<<<<<<<<<<<<<<<
test 853
test shape: (853, 1, 192, 130) (853, 1, 192, 130)
test shape: (853, 192, 130) (853, 192, 130)
mse:0.6415187120437622, mae:0.48526203632354736
>>>>>>>Overall time: 28 seconds<<<<<<<<<<<<<<<<<<<<<<<<<<<<<<<<<
