Args in experiment:
Namespace(activation='gelu', anomaly_ratio=0.25, batch_size=4, c_out=212, checkpoints='./checkpoints/', d_ff=512, d_layers=1, d_model=512, data='custom', data_path='pems08_h.csv', dec_in=212, des='Exp', devices='0,1,2,3', distil=True, dropout=0, e_layers=2, embed='timeF', enc_in=212, factor=3, features='M', freq='h', gap_day=365, gpu=0, inverse=False, is_training=1, itr=1, label_len=48, learning_rate=0.0001, loss='MSE', lradj='type1', mask_rate=0.25, model='TimesNet', model_id='pems08_h_96_96', moving_avg=25, n_heads=8, num_kernels=6, num_workers=10, output_attention=False, p_hidden_dims=[128, 128], p_hidden_layers=2, patience=3, pred_len=96, root_path='../../data/pems/', samle_rate=1.0, sample_seed=7, seasonal_patterns='Monthly', seq_len=96, target='OT', task_name='long_term_forecast', top_k=5, train_epochs=2, train_seed=2024, use_amp=False, use_gpu=True, use_multi_gpu=False)
Use GPU: cuda:0
>>>>>>>start training : long_term_forecast_pems08_h_96_96_TimesNet_custom_ftM_sl96_ll48_pl96_dm512_nh8_el2_dl1_df512_fc3_ebtimeF_dtTrue_srate1.0_sseed7_trainseed2024_Exp_0>>>>>>>>>>>>>>>>>>>>>>>>>>
train 141281
val 20117
test 40325
	iters: 100, epoch: 1 | loss: 0.2430773
	speed: 1.4544s/iter; left time: 102595.5134s
	iters: 200, epoch: 1 | loss: 0.3695055
	speed: 1.3677s/iter; left time: 96340.9460s
	iters: 300, epoch: 1 | loss: 0.2907249
	speed: 1.3966s/iter; left time: 98241.6387s
	iters: 400, epoch: 1 | loss: 0.2114785
	speed: 1.4323s/iter; left time: 100603.7398s
	iters: 500, epoch: 1 | loss: 0.1437615
	speed: 1.4313s/iter; left time: 100393.0343s
	iters: 600, epoch: 1 | loss: 0.1621006
	speed: 1.4283s/iter; left time: 100042.2121s
	iters: 700, epoch: 1 | loss: 0.1442818
	speed: 1.4120s/iter; left time: 98758.4009s
	iters: 800, epoch: 1 | loss: 0.3206407
	speed: 1.3577s/iter; left time: 94822.4035s
	iters: 900, epoch: 1 | loss: 0.1082001
	speed: 1.3184s/iter; left time: 91945.2347s
	iters: 1000, epoch: 1 | loss: 0.2097325
	speed: 1.2994s/iter; left time: 90490.7381s
	iters: 1100, epoch: 1 | loss: 0.1300606
	speed: 1.2998s/iter; left time: 90392.7335s
	iters: 1200, epoch: 1 | loss: 0.1913650
	speed: 1.2914s/iter; left time: 89675.0711s
	iters: 1300, epoch: 1 | loss: 0.1944371
	speed: 1.2897s/iter; left time: 89432.1711s
	iters: 1400, epoch: 1 | loss: 0.1146166
	speed: 1.2845s/iter; left time: 88938.2471s
	iters: 1500, epoch: 1 | loss: 0.1372467
	speed: 1.2794s/iter; left time: 88460.0371s
	iters: 1600, epoch: 1 | loss: 0.1372852
	speed: 1.2556s/iter; left time: 86690.5569s
	iters: 1700, epoch: 1 | loss: 0.1466022
	speed: 1.2521s/iter; left time: 86320.0416s
	iters: 1800, epoch: 1 | loss: 0.1739283
	speed: 1.2479s/iter; left time: 85904.8921s
	iters: 1900, epoch: 1 | loss: 0.1172545
	speed: 1.2529s/iter; left time: 86123.2188s
	iters: 2000, epoch: 1 | loss: 0.1450747
	speed: 1.2452s/iter; left time: 85470.4952s
	iters: 2100, epoch: 1 | loss: 0.1808556
	speed: 1.2439s/iter; left time: 85260.0743s
	iters: 2200, epoch: 1 | loss: 0.2364532
	speed: 1.2419s/iter; left time: 84996.3992s
	iters: 2300, epoch: 1 | loss: 0.1174492
	speed: 1.2400s/iter; left time: 84742.8573s
	iters: 2400, epoch: 1 | loss: 0.1085491
	speed: 1.2407s/iter; left time: 84667.2009s
	iters: 2500, epoch: 1 | loss: 0.1928517
	speed: 1.2408s/iter; left time: 84548.9329s
	iters: 2600, epoch: 1 | loss: 0.1419023
	speed: 1.2426s/iter; left time: 84547.2311s
	iters: 2700, epoch: 1 | loss: 0.1958273
	speed: 1.2693s/iter; left time: 86239.6476s
	iters: 2800, epoch: 1 | loss: 0.0918567
	speed: 1.2739s/iter; left time: 86425.0034s
	iters: 2900, epoch: 1 | loss: 0.1967126
	speed: 1.2613s/iter; left time: 85440.1442s
	iters: 3000, epoch: 1 | loss: 0.1542064
	speed: 1.2607s/iter; left time: 85272.3482s
	iters: 3100, epoch: 1 | loss: 0.0854293
	speed: 1.2506s/iter; left time: 84466.2079s
	iters: 3200, epoch: 1 | loss: 0.0965004
	speed: 1.2585s/iter; left time: 84872.3766s
	iters: 3300, epoch: 1 | loss: 0.3131902
	speed: 1.2473s/iter; left time: 83992.6928s
	iters: 3400, epoch: 1 | loss: 0.2183514
	speed: 1.2468s/iter; left time: 83833.2094s
	iters: 3500, epoch: 1 | loss: 0.2121302
	speed: 1.2489s/iter; left time: 83853.6400s
	iters: 3600, epoch: 1 | loss: 0.1449800
	speed: 1.2486s/iter; left time: 83709.4186s
	iters: 3700, epoch: 1 | loss: 0.0715800
	speed: 1.2448s/iter; left time: 83329.5171s
	iters: 3800, epoch: 1 | loss: 0.0811433
	speed: 1.2349s/iter; left time: 82543.0816s
	iters: 3900, epoch: 1 | loss: 0.1180313
	speed: 1.2404s/iter; left time: 82785.3004s
	iters: 4000, epoch: 1 | loss: 0.1703179
	speed: 1.2378s/iter; left time: 82488.3329s
	iters: 4100, epoch: 1 | loss: 0.1131413
	speed: 1.2369s/iter; left time: 82305.9059s
	iters: 4200, epoch: 1 | loss: 0.1227703
	speed: 1.2389s/iter; left time: 82311.8028s
	iters: 4300, epoch: 1 | loss: 0.1358339
	speed: 1.2340s/iter; left time: 81867.2183s
	iters: 4400, epoch: 1 | loss: 0.1121676
	speed: 1.2415s/iter; left time: 82236.9812s
	iters: 4500, epoch: 1 | loss: 0.0718066
	speed: 1.2352s/iter; left time: 81698.9475s
	iters: 4600, epoch: 1 | loss: 0.1194334
	speed: 1.2396s/iter; left time: 81864.0333s
	iters: 4700, epoch: 1 | loss: 0.1504301
	speed: 1.2358s/iter; left time: 81492.9127s
	iters: 4800, epoch: 1 | loss: 0.1450567
	speed: 1.2422s/iter; left time: 81788.1665s
	iters: 4900, epoch: 1 | loss: 0.1708064
	speed: 1.2353s/iter; left time: 81209.3526s
	iters: 5000, epoch: 1 | loss: 0.0924395
	speed: 1.2355s/iter; left time: 81101.4244s
	iters: 5100, epoch: 1 | loss: 0.1119215
	speed: 1.2430s/iter; left time: 81470.1535s
	iters: 5200, epoch: 1 | loss: 0.1055965
	speed: 1.2420s/iter; left time: 81275.7290s
	iters: 5300, epoch: 1 | loss: 0.1308635
	speed: 1.2416s/iter; left time: 81129.6826s
	iters: 5400, epoch: 1 | loss: 0.0695415
	speed: 1.2387s/iter; left time: 80813.5510s
	iters: 5500, epoch: 1 | loss: 0.1388474
	speed: 1.2398s/iter; left time: 80760.3581s
Args in experiment:
Namespace(activation='gelu', anomaly_ratio=0.25, batch_size=4, c_out=212, checkpoints='./checkpoints/', d_ff=512, d_layers=1, d_model=512, data='custom', data_path='pems08_h.csv', dec_in=212, des='Exp', devices='0,1,2,3', distil=True, dropout=0, e_layers=2, embed='timeF', enc_in=212, factor=3, features='M', freq='h', gap_day=365, gpu=0, inverse=False, is_training=1, itr=1, label_len=48, learning_rate=0.0001, loss='MSE', lradj='type1', mask_rate=0.25, model='TimesNet', model_id='pems08_h_96_96', moving_avg=25, n_heads=8, num_kernels=6, num_workers=10, output_attention=False, p_hidden_dims=[128, 128], p_hidden_layers=2, patience=3, pred_len=96, root_path='../../data/pems/', samle_rate=1.0, sample_seed=7, seasonal_patterns='Monthly', seq_len=96, target='OT', task_name='long_term_forecast', top_k=5, train_epochs=2, train_seed=2024, use_amp=False, use_gpu=True, use_multi_gpu=False)
Use GPU: cuda:0
>>>>>>>start training : long_term_forecast_pems08_h_96_96_TimesNet_custom_ftM_sl96_ll48_pl96_dm512_nh8_el2_dl1_df512_fc3_ebtimeF_dtTrue_srate1.0_sseed7_trainseed2024_Exp_0>>>>>>>>>>>>>>>>>>>>>>>>>>
train 141281
val 20117
test 40325
	iters: 100, epoch: 1 | loss: 0.2319383
	speed: 1.4674s/iter; left time: 103513.6712s
	iters: 200, epoch: 1 | loss: 0.3599353
	speed: 1.3680s/iter; left time: 96366.2691s
	iters: 300, epoch: 1 | loss: 0.3303126
	speed: 1.4553s/iter; left time: 102367.1870s
	iters: 400, epoch: 1 | loss: 0.1902701
	speed: 1.4393s/iter; left time: 101096.1960s
	iters: 500, epoch: 1 | loss: 0.1482183
	speed: 1.4805s/iter; left time: 103845.5152s
	iters: 600, epoch: 1 | loss: 0.1922097
	speed: 1.4903s/iter; left time: 104379.3174s
	iters: 700, epoch: 1 | loss: 0.1509006
	speed: 1.4223s/iter; left time: 99477.1525s
	iters: 800, epoch: 1 | loss: 0.3195599
	speed: 1.4590s/iter; left time: 101895.2826s
	iters: 900, epoch: 1 | loss: 0.1077205
	speed: 1.4131s/iter; left time: 98547.7007s
	iters: 1000, epoch: 1 | loss: 0.2127361
	speed: 1.3647s/iter; left time: 95040.4737s
	iters: 1100, epoch: 1 | loss: 0.1303664
	speed: 1.3189s/iter; left time: 91719.4570s
	iters: 1200, epoch: 1 | loss: 0.1908094
	speed: 1.3146s/iter; left time: 91285.5239s
	iters: 1300, epoch: 1 | loss: 0.2001418
	speed: 1.3030s/iter; left time: 90348.1316s
	iters: 1400, epoch: 1 | loss: 0.1150524
	speed: 1.3020s/iter; left time: 90151.9975s
	iters: 1500, epoch: 1 | loss: 0.1273375
	speed: 1.3068s/iter; left time: 90351.0726s
	iters: 1600, epoch: 1 | loss: 0.1328666
	speed: 1.3012s/iter; left time: 89836.7145s
	iters: 1700, epoch: 1 | loss: 0.1502024
	speed: 1.3033s/iter; left time: 89849.1249s
	iters: 1800, epoch: 1 | loss: 0.1708435
	speed: 1.3070s/iter; left time: 89977.9889s
	iters: 1900, epoch: 1 | loss: 0.1198408
	speed: 1.2985s/iter; left time: 89263.0980s
	iters: 2000, epoch: 1 | loss: 0.1515806
	speed: 1.2775s/iter; left time: 87685.5601s
	iters: 2100, epoch: 1 | loss: 0.1814317
	speed: 1.2846s/iter; left time: 88047.1810s
	iters: 2200, epoch: 1 | loss: 0.2380263
	speed: 1.2722s/iter; left time: 87073.0312s
	iters: 2300, epoch: 1 | loss: 0.1195143
	speed: 1.2793s/iter; left time: 87429.0383s
	iters: 2400, epoch: 1 | loss: 0.1090857
	speed: 1.2800s/iter; left time: 87347.4457s
	iters: 2500, epoch: 1 | loss: 0.1917480
	speed: 1.2632s/iter; left time: 86078.4756s
	iters: 2600, epoch: 1 | loss: 0.1132108
	speed: 1.2529s/iter; left time: 85246.7205s
	iters: 2700, epoch: 1 | loss: 0.1931884
	speed: 1.2500s/iter; left time: 84924.2359s
	iters: 2800, epoch: 1 | loss: 0.0901154
	speed: 1.2460s/iter; left time: 84532.9277s
	iters: 2900, epoch: 1 | loss: 0.1996578
	speed: 1.2502s/iter; left time: 84688.0484s
	iters: 3000, epoch: 1 | loss: 0.1565979
	speed: 1.2464s/iter; left time: 84309.2310s
	iters: 3100, epoch: 1 | loss: 0.0894951
	speed: 1.2456s/iter; left time: 84128.7319s
	iters: 3200, epoch: 1 | loss: 0.0946666
	speed: 1.2483s/iter; left time: 84186.4324s
	iters: 3300, epoch: 1 | loss: 0.3135248
	speed: 1.2466s/iter; left time: 83944.2515s
	iters: 3400, epoch: 1 | loss: 0.2200434
	speed: 1.2439s/iter; left time: 83638.1299s
	iters: 3500, epoch: 1 | loss: 0.2064291
	speed: 1.2438s/iter; left time: 83506.7412s
	iters: 3600, epoch: 1 | loss: 0.1439355
	speed: 1.2451s/iter; left time: 83473.5748s
	iters: 3700, epoch: 1 | loss: 0.0693795
	speed: 1.2456s/iter; left time: 83378.3642s
	iters: 3800, epoch: 1 | loss: 0.0826319
	speed: 1.2449s/iter; left time: 83210.2063s
	iters: 3900, epoch: 1 | loss: 0.1185216
	speed: 1.2440s/iter; left time: 83028.6423s
	iters: 4000, epoch: 1 | loss: 0.1716172
	speed: 1.2425s/iter; left time: 82799.6881s
	iters: 4100, epoch: 1 | loss: 0.1136606
	speed: 1.2437s/iter; left time: 82754.9451s
	iters: 4200, epoch: 1 | loss: 0.1221875
	speed: 1.2458s/iter; left time: 82773.0658s
	iters: 4300, epoch: 1 | loss: 0.1352712
	speed: 1.2459s/iter; left time: 82652.5479s
	iters: 4400, epoch: 1 | loss: 0.1064112
	speed: 1.2441s/iter; left time: 82407.3814s
	iters: 4500, epoch: 1 | loss: 0.0775559
	speed: 1.2508s/iter; left time: 82730.0208s
	iters: 4600, epoch: 1 | loss: 0.1170546
	speed: 1.2612s/iter; left time: 83289.0845s
	iters: 4700, epoch: 1 | loss: 0.1530513
	speed: 1.2340s/iter; left time: 81368.9111s
	iters: 4800, epoch: 1 | loss: 0.1451714
	speed: 1.2418s/iter; left time: 81758.3149s
	iters: 4900, epoch: 1 | loss: 0.1799024
	speed: 1.2494s/iter; left time: 82138.6524s
	iters: 5000, epoch: 1 | loss: 0.0908620
	speed: 1.2504s/iter; left time: 82074.7416s
	iters: 5100, epoch: 1 | loss: 0.1119280
	speed: 1.2641s/iter; left time: 82849.5206s
	iters: 5200, epoch: 1 | loss: 0.1003595
	speed: 1.2680s/iter; left time: 82976.7088s
	iters: 5300, epoch: 1 | loss: 0.1278968
	speed: 1.2547s/iter; left time: 81985.8817s
	iters: 5400, epoch: 1 | loss: 0.0657759
	speed: 1.2401s/iter; left time: 80905.7755s
	iters: 5500, epoch: 1 | loss: 0.1365742
	speed: 1.2384s/iter; left time: 80669.8420s
	iters: 5600, epoch: 1 | loss: 0.1759184
	speed: 1.2425s/iter; left time: 80812.3079s
	iters: 5700, epoch: 1 | loss: 0.0851044
	speed: 1.2391s/iter; left time: 80468.7234s
	iters: 5800, epoch: 1 | loss: 0.0856492
	speed: 1.2392s/iter; left time: 80347.9681s
	iters: 5900, epoch: 1 | loss: 0.1341660
	speed: 1.2419s/iter; left time: 80405.0096s
	iters: 6000, epoch: 1 | loss: 0.0845453
	speed: 1.2435s/iter; left time: 80383.2478s
	iters: 6100, epoch: 1 | loss: 0.1353738
	speed: 1.2497s/iter; left time: 80657.7047s
	iters: 6200, epoch: 1 | loss: 0.2497260
	speed: 1.2451s/iter; left time: 80236.0801s
	iters: 6300, epoch: 1 | loss: 0.1111436
	speed: 1.2321s/iter; left time: 79276.6910s
	iters: 6400, epoch: 1 | loss: 0.1566568
	speed: 1.2091s/iter; left time: 77671.0166s
	iters: 6500, epoch: 1 | loss: 0.1380992
	speed: 1.2092s/iter; left time: 77559.2411s
	iters: 6600, epoch: 1 | loss: 0.1275101
	speed: 1.2044s/iter; left time: 77132.8710s
	iters: 6700, epoch: 1 | loss: 0.1060282
	speed: 1.2082s/iter; left time: 77256.1299s
	iters: 6800, epoch: 1 | loss: 0.1199226
	speed: 1.2123s/iter; left time: 77393.3805s
	iters: 6900, epoch: 1 | loss: 0.0995937
	speed: 1.2156s/iter; left time: 77484.3377s
	iters: 7000, epoch: 1 | loss: 0.1320298
	speed: 1.2256s/iter; left time: 78001.1209s
	iters: 7100, epoch: 1 | loss: 0.1265157
	speed: 1.2210s/iter; left time: 77582.7515s
	iters: 7200, epoch: 1 | loss: 0.0861744
	speed: 1.2174s/iter; left time: 77235.0957s
	iters: 7300, epoch: 1 | loss: 0.1070273
	speed: 1.2228s/iter; left time: 77452.3231s
	iters: 7400, epoch: 1 | loss: 0.1330565
	speed: 1.2291s/iter; left time: 77727.7448s
	iters: 7500, epoch: 1 | loss: 0.1007736
	speed: 1.2254s/iter; left time: 77371.3455s
	iters: 7600, epoch: 1 | loss: 0.0988898
	speed: 1.2101s/iter; left time: 76289.0264s
	iters: 7700, epoch: 1 | loss: 0.1224991
	speed: 1.2096s/iter; left time: 76132.9345s
	iters: 7800, epoch: 1 | loss: 0.1094238
	speed: 1.2174s/iter; left time: 76503.0096s
	iters: 7900, epoch: 1 | loss: 0.1045414
	speed: 1.2110s/iter; left time: 75979.2274s
	iters: 8000, epoch: 1 | loss: 0.1643988
	speed: 1.2092s/iter; left time: 75745.2290s
	iters: 8100, epoch: 1 | loss: 0.1405451
	speed: 1.2051s/iter; left time: 75368.5463s
	iters: 8200, epoch: 1 | loss: 0.1317260
	speed: 1.2030s/iter; left time: 75114.7087s
	iters: 8300, epoch: 1 | loss: 0.0997964
	speed: 1.2068s/iter; left time: 75231.4112s
	iters: 8400, epoch: 1 | loss: 0.0653582
	speed: 1.2082s/iter; left time: 75202.1076s
	iters: 8500, epoch: 1 | loss: 0.1564055
	speed: 1.2105s/iter; left time: 75220.2948s
	iters: 8600, epoch: 1 | loss: 0.1806553
	speed: 1.2091s/iter; left time: 75012.9334s
	iters: 8700, epoch: 1 | loss: 0.1560408
	speed: 1.2112s/iter; left time: 75020.4423s
	iters: 8800, epoch: 1 | loss: 0.0932166
	speed: 1.2045s/iter; left time: 74490.4358s
	iters: 8900, epoch: 1 | loss: 0.0916643
	speed: 1.2112s/iter; left time: 74781.8233s
	iters: 9000, epoch: 1 | loss: 0.1040309
	speed: 1.2074s/iter; left time: 74422.2832s
	iters: 9100, epoch: 1 | loss: 0.0610368
	speed: 1.2088s/iter; left time: 74388.0569s
	iters: 9200, epoch: 1 | loss: 0.1813269
	speed: 1.2118s/iter; left time: 74451.7106s
	iters: 9300, epoch: 1 | loss: 0.1677243
	speed: 1.2155s/iter; left time: 74561.9240s
	iters: 9400, epoch: 1 | loss: 0.0826346
	speed: 1.2114s/iter; left time: 74184.4425s
	iters: 9500, epoch: 1 | loss: 0.1286089
	speed: 1.2156s/iter; left time: 74325.8118s
	iters: 9600, epoch: 1 | loss: 0.0884562
	speed: 1.2149s/iter; left time: 74161.1067s
	iters: 9700, epoch: 1 | loss: 0.1798995
	speed: 1.2088s/iter; left time: 73663.2718s
	iters: 9800, epoch: 1 | loss: 0.2070778
	speed: 1.2174s/iter; left time: 74065.6104s
	iters: 9900, epoch: 1 | loss: 0.0777671
	speed: 1.2110s/iter; left time: 73555.2113s
	iters: 10000, epoch: 1 | loss: 0.1131296
	speed: 1.2140s/iter; left time: 73619.8163s
	iters: 10100, epoch: 1 | loss: 0.1233347
	speed: 1.2107s/iter; left time: 73294.4177s
	iters: 10200, epoch: 1 | loss: 0.1409471
	speed: 1.2122s/iter; left time: 73267.8254s
	iters: 10300, epoch: 1 | loss: 0.1142200
	speed: 1.2144s/iter; left time: 73280.6511s
	iters: 10400, epoch: 1 | loss: 0.1307378
	speed: 1.2215s/iter; left time: 73586.8603s
	iters: 10500, epoch: 1 | loss: 0.2436854
	speed: 1.2205s/iter; left time: 73404.1864s
	iters: 10600, epoch: 1 | loss: 0.0982247
	speed: 1.2170s/iter; left time: 73069.8724s
	iters: 10700, epoch: 1 | loss: 0.1780847
	speed: 1.2245s/iter; left time: 73395.6163s
	iters: 10800, epoch: 1 | loss: 0.0994937
	speed: 1.2254s/iter; left time: 73328.9509s
	iters: 10900, epoch: 1 | loss: 0.2521733
	speed: 1.2170s/iter; left time: 72706.4080s
	iters: 11000, epoch: 1 | loss: 0.1502971
	speed: 1.2092s/iter; left time: 72120.3790s
	iters: 11100, epoch: 1 | loss: 0.0763844
	speed: 1.2155s/iter; left time: 72372.5139s
	iters: 11200, epoch: 1 | loss: 0.1199335
	speed: 1.2190s/iter; left time: 72461.2102s
	iters: 11300, epoch: 1 | loss: 0.1925129
	speed: 1.2228s/iter; left time: 72564.2643s
	iters: 11400, epoch: 1 | loss: 0.1119559
	speed: 1.2395s/iter; left time: 73427.5390s
	iters: 11500, epoch: 1 | loss: 0.0772793
	speed: 1.2281s/iter; left time: 72633.8679s
	iters: 11600, epoch: 1 | loss: 0.1193235
	speed: 1.2151s/iter; left time: 71741.5809s
	iters: 11700, epoch: 1 | loss: 0.1100333
	speed: 1.2208s/iter; left time: 71956.0422s
	iters: 11800, epoch: 1 | loss: 0.0685150
	speed: 1.2196s/iter; left time: 71763.6646s
	iters: 11900, epoch: 1 | loss: 0.0991423
	speed: 1.2111s/iter; left time: 71142.9913s
	iters: 12000, epoch: 1 | loss: 0.0766072
	speed: 1.2007s/iter; left time: 70410.7579s
	iters: 12100, epoch: 1 | loss: 0.1036450
	speed: 1.2101s/iter; left time: 70843.3616s
	iters: 12200, epoch: 1 | loss: 0.0819762
	speed: 1.2091s/iter; left time: 70659.6091s
	iters: 12300, epoch: 1 | loss: 0.0791458
	speed: 1.2046s/iter; left time: 70279.9627s
	iters: 12400, epoch: 1 | loss: 0.1156889
	speed: 1.2053s/iter; left time: 70198.3109s
	iters: 12500, epoch: 1 | loss: 0.1193333
	speed: 1.2040s/iter; left time: 70004.0953s
	iters: 12600, epoch: 1 | loss: 0.1179062
	speed: 1.2061s/iter; left time: 70000.6989s
	iters: 12700, epoch: 1 | loss: 0.1325562
	speed: 1.2065s/iter; left time: 69907.7860s
	iters: 12800, epoch: 1 | loss: 0.0805875
	speed: 1.2049s/iter; left time: 69692.0934s
	iters: 12900, epoch: 1 | loss: 0.1620128
	speed: 1.2038s/iter; left time: 69510.1676s
	iters: 13000, epoch: 1 | loss: 0.1676163
	speed: 1.2073s/iter; left time: 69590.2575s
	iters: 13100, epoch: 1 | loss: 0.1258401
	speed: 1.2047s/iter; left time: 69318.4778s
	iters: 13200, epoch: 1 | loss: 0.0587063
	speed: 1.2113s/iter; left time: 69577.7823s
	iters: 13300, epoch: 1 | loss: 0.1456412
	speed: 1.2093s/iter; left time: 69343.7638s
	iters: 13400, epoch: 1 | loss: 0.1696113
	speed: 1.2102s/iter; left time: 69272.4895s
	iters: 13500, epoch: 1 | loss: 0.1209507
	speed: 1.1994s/iter; left time: 68533.9280s
	iters: 13600, epoch: 1 | loss: 0.1990660
	speed: 1.2048s/iter; left time: 68723.2912s
	iters: 13700, epoch: 1 | loss: 0.1766942
	speed: 1.2039s/iter; left time: 68549.3354s
	iters: 13800, epoch: 1 | loss: 0.2649958
	speed: 1.2035s/iter; left time: 68405.3965s
	iters: 13900, epoch: 1 | loss: 0.0847021
	speed: 1.2126s/iter; left time: 68803.5184s
	iters: 14000, epoch: 1 | loss: 0.0938658
	speed: 1.2056s/iter; left time: 68285.3869s
	iters: 14100, epoch: 1 | loss: 0.2530741
	speed: 1.2033s/iter; left time: 68034.1025s
	iters: 14200, epoch: 1 | loss: 0.0488836
	speed: 1.2025s/iter; left time: 67872.4297s
	iters: 14300, epoch: 1 | loss: 0.1701974
	speed: 1.2065s/iter; left time: 67976.1961s
	iters: 14400, epoch: 1 | loss: 0.1693032
	speed: 1.2086s/iter; left time: 67971.8728s
	iters: 14500, epoch: 1 | loss: 0.3910213
	speed: 1.2360s/iter; left time: 69387.6185s
	iters: 14600, epoch: 1 | loss: 0.1579993
	speed: 1.2216s/iter; left time: 68461.8222s
	iters: 14700, epoch: 1 | loss: 0.1428108
	speed: 1.2155s/iter; left time: 67993.9636s
	iters: 14800, epoch: 1 | loss: 0.0930478
	speed: 1.2199s/iter; left time: 68122.7226s
	iters: 14900, epoch: 1 | loss: 0.1633236
	speed: 1.2093s/iter; left time: 67407.5089s
	iters: 15000, epoch: 1 | loss: 0.1580621
	speed: 1.2133s/iter; left time: 67506.8869s
	iters: 15100, epoch: 1 | loss: 0.1237550
	speed: 1.2109s/iter; left time: 67252.8321s
	iters: 15200, epoch: 1 | loss: 0.1399277
	speed: 1.2056s/iter; left time: 66837.0032s
	iters: 15300, epoch: 1 | loss: 0.0643130
	speed: 1.2085s/iter; left time: 66880.5656s
	iters: 15400, epoch: 1 | loss: 0.1556259
	speed: 1.2007s/iter; left time: 66330.0787s
	iters: 15500, epoch: 1 | loss: 0.0928100
	speed: 1.2118s/iter; left time: 66820.6305s
	iters: 15600, epoch: 1 | loss: 0.1097508
	speed: 1.2157s/iter; left time: 66911.0882s
	iters: 15700, epoch: 1 | loss: 0.1062668
	speed: 1.2106s/iter; left time: 66509.5928s
	iters: 15800, epoch: 1 | loss: 0.0864527
	speed: 1.2116s/iter; left time: 66444.1591s
	iters: 15900, epoch: 1 | loss: 0.0613051
	speed: 1.2047s/iter; left time: 65946.4220s
	iters: 16000, epoch: 1 | loss: 0.0753024
	speed: 1.2127s/iter; left time: 66260.6844s
	iters: 16100, epoch: 1 | loss: 0.1033255
	speed: 1.2114s/iter; left time: 66069.5765s
	iters: 16200, epoch: 1 | loss: 0.2093233
	speed: 1.2193s/iter; left time: 66381.8622s
	iters: 16300, epoch: 1 | loss: 0.0922563
	speed: 1.2095s/iter; left time: 65725.4027s
	iters: 16400, epoch: 1 | loss: 0.1300311
	speed: 1.2117s/iter; left time: 65722.7019s
	iters: 16500, epoch: 1 | loss: 0.0966485
	speed: 1.2028s/iter; left time: 65120.6312s
	iters: 16600, epoch: 1 | loss: 0.0699779
	speed: 1.1987s/iter; left time: 64776.4052s
	iters: 16700, epoch: 1 | loss: 0.1262191
	speed: 1.1915s/iter; left time: 64272.7051s
	iters: 16800, epoch: 1 | loss: 0.0779899
	speed: 1.1987s/iter; left time: 64537.9198s
	iters: 16900, epoch: 1 | loss: 0.0859385
	speed: 1.1980s/iter; left time: 64379.6745s
	iters: 17000, epoch: 1 | loss: 0.1143031
	speed: 1.1888s/iter; left time: 63769.4107s
	iters: 17100, epoch: 1 | loss: 0.0686124
	speed: 1.1906s/iter; left time: 63747.3154s
	iters: 17200, epoch: 1 | loss: 0.1434282
	speed: 1.2055s/iter; left time: 64424.7092s
	iters: 17300, epoch: 1 | loss: 0.1171682
	speed: 1.2200s/iter; left time: 65078.1371s
	iters: 17400, epoch: 1 | loss: 0.0892379
	speed: 1.2145s/iter; left time: 64660.9535s
	iters: 17500, epoch: 1 | loss: 0.2110481
	speed: 1.2114s/iter; left time: 64373.5801s
	iters: 17600, epoch: 1 | loss: 0.1826933
	speed: 1.1998s/iter; left time: 63639.8192s
	iters: 17700, epoch: 1 | loss: 0.0861378
	speed: 1.2025s/iter; left time: 63659.6631s
	iters: 17800, epoch: 1 | loss: 0.1163005
	speed: 1.2054s/iter; left time: 63694.9061s
	iters: 17900, epoch: 1 | loss: 0.1037678
	speed: 1.2043s/iter; left time: 63516.0530s
	iters: 18000, epoch: 1 | loss: 0.1068834
	speed: 1.2050s/iter; left time: 63434.7835s
	iters: 18100, epoch: 1 | loss: 0.1113521
	speed: 1.2093s/iter; left time: 63535.8126s
	iters: 18200, epoch: 1 | loss: 0.1199271
	speed: 1.2092s/iter; left time: 63410.1785s
	iters: 18300, epoch: 1 | loss: 0.0998987
	speed: 1.2063s/iter; left time: 63139.5848s
	iters: 18400, epoch: 1 | loss: 0.1104853
	speed: 1.1893s/iter; left time: 62129.1197s
	iters: 18500, epoch: 1 | loss: 0.1318380
	speed: 1.1933s/iter; left time: 62219.9826s
	iters: 18600, epoch: 1 | loss: 0.0980969
	speed: 1.2026s/iter; left time: 62582.8290s
	iters: 18700, epoch: 1 | loss: 0.1602476
	speed: 1.2125s/iter; left time: 62978.5961s
	iters: 18800, epoch: 1 | loss: 0.0954847
	speed: 1.2083s/iter; left time: 62637.0619s
	iters: 18900, epoch: 1 | loss: 0.0958716
	speed: 1.2023s/iter; left time: 62208.5473s
	iters: 19000, epoch: 1 | loss: 0.0801411
	speed: 1.2099s/iter; left time: 62478.9889s
	iters: 19100, epoch: 1 | loss: 0.0515577
	speed: 1.1987s/iter; left time: 61782.0138s
	iters: 19200, epoch: 1 | loss: 0.0782497
	speed: 1.2045s/iter; left time: 61962.4168s
	iters: 19300, epoch: 1 | loss: 0.1349336
	speed: 1.2061s/iter; left time: 61921.5276s
	iters: 19400, epoch: 1 | loss: 0.1303798
	speed: 1.1983s/iter; left time: 61402.6118s
	iters: 19500, epoch: 1 | loss: 0.1168480
	speed: 1.2023s/iter; left time: 61486.1776s
	iters: 19600, epoch: 1 | loss: 0.0857457
	speed: 1.2047s/iter; left time: 61486.7352s
	iters: 19700, epoch: 1 | loss: 0.1053475
	speed: 1.2101s/iter; left time: 61641.9093s
	iters: 19800, epoch: 1 | loss: 0.0968984
	speed: 1.2050s/iter; left time: 61262.8649s
	iters: 19900, epoch: 1 | loss: 0.0870542
	speed: 1.2014s/iter; left time: 60960.3025s
	iters: 20000, epoch: 1 | loss: 0.1276013
	speed: 1.1985s/iter; left time: 60694.3919s
	iters: 20100, epoch: 1 | loss: 0.0825117
	speed: 1.2001s/iter; left time: 60651.8827s
	iters: 20200, epoch: 1 | loss: 0.0935962
	speed: 1.2028s/iter; left time: 60671.8409s
	iters: 20300, epoch: 1 | loss: 0.1227276
	speed: 1.2051s/iter; left time: 60667.3561s
	iters: 20400, epoch: 1 | loss: 0.0796306
	speed: 1.2034s/iter; left time: 60461.0436s
	iters: 20500, epoch: 1 | loss: 0.0917176
	speed: 1.2147s/iter; left time: 60907.6321s
	iters: 20600, epoch: 1 | loss: 0.0806571
	speed: 1.2183s/iter; left time: 60967.0579s
	iters: 20700, epoch: 1 | loss: 0.0813189
	speed: 1.2172s/iter; left time: 60786.9224s
	iters: 20800, epoch: 1 | loss: 0.1324556
	speed: 1.2129s/iter; left time: 60453.4722s
	iters: 20900, epoch: 1 | loss: 0.1435982
	speed: 1.2212s/iter; left time: 60745.8340s
	iters: 21000, epoch: 1 | loss: 0.1494639
	speed: 1.2184s/iter; left time: 60481.5372s
	iters: 21100, epoch: 1 | loss: 0.0962048
	speed: 1.2251s/iter; left time: 60691.2442s
	iters: 21200, epoch: 1 | loss: 0.1485256
	speed: 1.2382s/iter; left time: 61217.2734s
	iters: 21300, epoch: 1 | loss: 0.1849779
	speed: 1.2300s/iter; left time: 60687.6821s
	iters: 21400, epoch: 1 | loss: 0.1293083
	speed: 1.2218s/iter; left time: 60161.2368s
	iters: 21500, epoch: 1 | loss: 0.0803205
	speed: 1.2187s/iter; left time: 59888.8669s
	iters: 21600, epoch: 1 | loss: 0.1215764
	speed: 1.2167s/iter; left time: 59667.3001s
	iters: 21700, epoch: 1 | loss: 0.1443646
	speed: 1.2203s/iter; left time: 59724.1549s
	iters: 21800, epoch: 1 | loss: 0.0967747
	speed: 1.2162s/iter; left time: 59398.4965s
	iters: 21900, epoch: 1 | loss: 0.1199102
	speed: 1.2067s/iter; left time: 58816.7498s
	iters: 22000, epoch: 1 | loss: 0.0872653
	speed: 1.2307s/iter; left time: 59864.1117s
	iters: 22100, epoch: 1 | loss: 0.2122003
	speed: 1.2286s/iter; left time: 59636.0611s
	iters: 22200, epoch: 1 | loss: 0.1366389
	speed: 1.2226s/iter; left time: 59225.0314s
	iters: 22300, epoch: 1 | loss: 0.0873927
	speed: 1.2251s/iter; left time: 59224.3726s
	iters: 22400, epoch: 1 | loss: 0.0820522
	speed: 1.2339s/iter; left time: 59524.9122s
	iters: 22500, epoch: 1 | loss: 0.0909418
	speed: 1.2245s/iter; left time: 58947.9493s
	iters: 22600, epoch: 1 | loss: 0.0885687
	speed: 1.2247s/iter; left time: 58837.7750s
	iters: 22700, epoch: 1 | loss: 0.1195770
	speed: 1.2281s/iter; left time: 58875.2729s
	iters: 22800, epoch: 1 | loss: 0.1045558
	speed: 1.2236s/iter; left time: 58537.9520s
	iters: 22900, epoch: 1 | loss: 0.0698609
	speed: 1.2284s/iter; left time: 58643.9808s
	iters: 23000, epoch: 1 | loss: 0.0719912
	speed: 1.2289s/iter; left time: 58545.4258s
	iters: 23100, epoch: 1 | loss: 0.1777810
	speed: 1.2324s/iter; left time: 58588.8676s
	iters: 23200, epoch: 1 | loss: 0.1577899
	speed: 1.2253s/iter; left time: 58130.0891s
	iters: 23300, epoch: 1 | loss: 0.0655531
	speed: 1.2261s/iter; left time: 58044.1667s
	iters: 23400, epoch: 1 | loss: 0.1032816
	speed: 1.2225s/iter; left time: 57752.7318s
	iters: 23500, epoch: 1 | loss: 0.0994296
	speed: 1.2234s/iter; left time: 57670.6107s
	iters: 23600, epoch: 1 | loss: 0.2670139
	speed: 1.2300s/iter; left time: 57862.2451s
	iters: 23700, epoch: 1 | loss: 0.1076595
	speed: 1.2265s/iter; left time: 57572.3574s
	iters: 23800, epoch: 1 | loss: 0.0711595
	speed: 1.2188s/iter; left time: 57088.5266s
	iters: 23900, epoch: 1 | loss: 0.1225768
	speed: 1.2192s/iter; left time: 56986.6726s
	iters: 24000, epoch: 1 | loss: 0.0728440
	speed: 1.2292s/iter; left time: 57331.2588s
	iters: 24100, epoch: 1 | loss: 0.1097399
	speed: 1.2283s/iter; left time: 57167.6512s
	iters: 24200, epoch: 1 | loss: 0.0672390
	speed: 1.2241s/iter; left time: 56849.7929s
	iters: 24300, epoch: 1 | loss: 0.1141819
	speed: 1.2178s/iter; left time: 56436.1902s
	iters: 24400, epoch: 1 | loss: 0.1081428
	speed: 1.2171s/iter; left time: 56281.2678s
	iters: 24500, epoch: 1 | loss: 0.0801950
	speed: 1.2104s/iter; left time: 55847.7645s
	iters: 24600, epoch: 1 | loss: 0.0974793
	speed: 1.2132s/iter; left time: 55858.7399s
	iters: 24700, epoch: 1 | loss: 0.0712080
	speed: 1.2089s/iter; left time: 55540.2393s
	iters: 24800, epoch: 1 | loss: 0.1069047
	speed: 1.2196s/iter; left time: 55909.4518s
	iters: 24900, epoch: 1 | loss: 0.1228411
	speed: 1.2295s/iter; left time: 56236.4935s
	iters: 25000, epoch: 1 | loss: 0.0925525
	speed: 1.2404s/iter; left time: 56613.4300s
	iters: 25100, epoch: 1 | loss: 0.1876868
	speed: 1.2346s/iter; left time: 56223.9916s
	iters: 25200, epoch: 1 | loss: 0.0911788
	speed: 1.2333s/iter; left time: 56040.1881s
	iters: 25300, epoch: 1 | loss: 0.0668587
	speed: 1.2390s/iter; left time: 56179.6643s
	iters: 25400, epoch: 1 | loss: 0.1117977
	speed: 1.2395s/iter; left time: 56078.4173s
	iters: 25500, epoch: 1 | loss: 0.1682876
	speed: 1.2432s/iter; left time: 56117.6582s
	iters: 25600, epoch: 1 | loss: 0.4096141
	speed: 1.2442s/iter; left time: 56041.2313s
	iters: 25700, epoch: 1 | loss: 0.0739644
	speed: 1.2427s/iter; left time: 55848.3200s
	iters: 25800, epoch: 1 | loss: 0.1010207
	speed: 1.2423s/iter; left time: 55706.1191s
	iters: 25900, epoch: 1 | loss: 0.0863131
	speed: 1.2455s/iter; left time: 55723.2199s
	iters: 26000, epoch: 1 | loss: 0.1015289
	speed: 1.2468s/iter; left time: 55657.7655s
	iters: 26100, epoch: 1 | loss: 0.0872095
	speed: 1.2156s/iter; left time: 54146.0786s
	iters: 26200, epoch: 1 | loss: 0.1030592
	speed: 1.2440s/iter; left time: 55283.0379s
	iters: 26300, epoch: 1 | loss: 0.0905752
	speed: 1.2432s/iter; left time: 55125.2728s
	iters: 26400, epoch: 1 | loss: 0.0758733
	speed: 1.2481s/iter; left time: 55215.0888s
	iters: 26500, epoch: 1 | loss: 0.0681272
	speed: 1.2540s/iter; left time: 55353.6850s
	iters: 26600, epoch: 1 | loss: 0.0652340
	speed: 1.2525s/iter; left time: 55160.4186s
	iters: 26700, epoch: 1 | loss: 0.0848459
	speed: 1.2548s/iter; left time: 55135.4775s
	iters: 26800, epoch: 1 | loss: 0.0773627
	speed: 1.2536s/iter; left time: 54958.2449s
	iters: 26900, epoch: 1 | loss: 0.1585809
	speed: 1.2491s/iter; left time: 54636.8657s
	iters: 27000, epoch: 1 | loss: 0.0955788
	speed: 1.2456s/iter; left time: 54357.3767s
	iters: 27100, epoch: 1 | loss: 0.0644801
	speed: 1.2494s/iter; left time: 54399.4276s
	iters: 27200, epoch: 1 | loss: 0.0701870
	speed: 1.2454s/iter; left time: 54099.3365s
	iters: 27300, epoch: 1 | loss: 0.1640486
	speed: 1.2488s/iter; left time: 54123.1588s
	iters: 27400, epoch: 1 | loss: 0.0676090
	speed: 1.2394s/iter; left time: 53593.7363s
	iters: 27500, epoch: 1 | loss: 0.0875901
	speed: 1.2385s/iter; left time: 53430.8881s
	iters: 27600, epoch: 1 | loss: 0.1052751
	speed: 1.2471s/iter; left time: 53674.9684s
	iters: 27700, epoch: 1 | loss: 0.0825826
	speed: 1.2499s/iter; left time: 53674.0593s
	iters: 27800, epoch: 1 | loss: 0.1016810
	speed: 1.2467s/iter; left time: 53409.2631s
	iters: 27900, epoch: 1 | loss: 0.0463906
	speed: 1.2572s/iter; left time: 53736.0307s
	iters: 28000, epoch: 1 | loss: 0.0774465
	speed: 1.2531s/iter; left time: 53432.5034s
	iters: 28100, epoch: 1 | loss: 0.0611289
	speed: 1.2576s/iter; left time: 53497.7070s
	iters: 28200, epoch: 1 | loss: 0.0650318
	speed: 1.2578s/iter; left time: 53383.5184s
	iters: 28300, epoch: 1 | loss: 0.0610722
	speed: 1.2551s/iter; left time: 53140.2833s
	iters: 28400, epoch: 1 | loss: 0.0926658
	speed: 1.2632s/iter; left time: 53359.0686s
	iters: 28500, epoch: 1 | loss: 0.0762465
	speed: 1.2569s/iter; left time: 52966.9171s
	iters: 28600, epoch: 1 | loss: 0.1034749
	speed: 1.2584s/iter; left time: 52904.7778s
	iters: 28700, epoch: 1 | loss: 0.0542784
	speed: 1.2606s/iter; left time: 52872.7222s
	iters: 28800, epoch: 1 | loss: 0.0604169
	speed: 1.2575s/iter; left time: 52615.5969s
	iters: 28900, epoch: 1 | loss: 0.0623090
	speed: 1.2523s/iter; left time: 52272.3457s
	iters: 29000, epoch: 1 | loss: 0.0753851
	speed: 1.2561s/iter; left time: 52305.0524s
	iters: 29100, epoch: 1 | loss: 0.0724694
	speed: 1.2512s/iter; left time: 51976.8132s
	iters: 29200, epoch: 1 | loss: 0.0736436
	speed: 1.2505s/iter; left time: 51822.9040s
	iters: 29300, epoch: 1 | loss: 0.0590378
	speed: 1.2579s/iter; left time: 52002.8597s
	iters: 29400, epoch: 1 | loss: 0.0713958
	speed: 1.2563s/iter; left time: 51811.8206s
	iters: 29500, epoch: 1 | loss: 0.1054685
	speed: 1.2573s/iter; left time: 51728.1631s
	iters: 29600, epoch: 1 | loss: 0.0751869
	speed: 1.2561s/iter; left time: 51553.4732s
	iters: 29700, epoch: 1 | loss: 0.1508039
	speed: 1.2604s/iter; left time: 51600.3605s
	iters: 29800, epoch: 1 | loss: 0.0764648
	speed: 1.2636s/iter; left time: 51607.1415s
	iters: 29900, epoch: 1 | loss: 0.0809153
	speed: 1.2571s/iter; left time: 51215.5062s
	iters: 30000, epoch: 1 | loss: 0.0684064
	speed: 1.2574s/iter; left time: 51100.1622s
	iters: 30100, epoch: 1 | loss: 0.0995294
	speed: 1.2552s/iter; left time: 50888.5460s
	iters: 30200, epoch: 1 | loss: 0.0658820
	speed: 1.2507s/iter; left time: 50578.1012s
	iters: 30300, epoch: 1 | loss: 0.0781350
	speed: 1.2527s/iter; left time: 50534.0501s
	iters: 30400, epoch: 1 | loss: 0.1381875
	speed: 1.2395s/iter; left time: 49877.6693s
	iters: 30500, epoch: 1 | loss: 0.1037297
	speed: 1.1922s/iter; left time: 47857.5751s
	iters: 30600, epoch: 1 | loss: 0.1323057
	speed: 1.2041s/iter; left time: 48212.6450s
	iters: 30700, epoch: 1 | loss: 0.0797864
	speed: 1.2329s/iter; left time: 49243.9943s
	iters: 30800, epoch: 1 | loss: 0.0583018
	speed: 1.2485s/iter; left time: 49741.5488s
	iters: 30900, epoch: 1 | loss: 0.0588534
	speed: 1.2479s/iter; left time: 49594.1973s
	iters: 31000, epoch: 1 | loss: 0.0638793
	speed: 1.2589s/iter; left time: 49905.6161s
	iters: 31100, epoch: 1 | loss: 0.0619497
	speed: 1.2534s/iter; left time: 49559.6229s
	iters: 31200, epoch: 1 | loss: 0.1000491
	speed: 1.2579s/iter; left time: 49614.7521s
	iters: 31300, epoch: 1 | loss: 0.1596864
	speed: 1.2548s/iter; left time: 49366.4582s
	iters: 31400, epoch: 1 | loss: 0.0794445
	speed: 1.2578s/iter; left time: 49357.3149s
	iters: 31500, epoch: 1 | loss: 0.0884852
	speed: 1.2511s/iter; left time: 48970.9714s
	iters: 31600, epoch: 1 | loss: 0.0838480
	speed: 1.2468s/iter; left time: 48675.2762s
	iters: 31700, epoch: 1 | loss: 0.0644100
	speed: 1.2534s/iter; left time: 48808.0360s
	iters: 31800, epoch: 1 | loss: 0.0827258
	speed: 1.2553s/iter; left time: 48755.5400s
	iters: 31900, epoch: 1 | loss: 0.0802262
	speed: 1.2573s/iter; left time: 48710.8558s
	iters: 32000, epoch: 1 | loss: 0.0694699
	speed: 1.2497s/iter; left time: 48289.2548s
	iters: 32100, epoch: 1 | loss: 0.0738203
	speed: 1.2535s/iter; left time: 48312.8547s
	iters: 32200, epoch: 1 | loss: 0.0927533
	speed: 1.2601s/iter; left time: 48440.9208s
	iters: 32300, epoch: 1 | loss: 0.0993773
	speed: 1.2300s/iter; left time: 47160.7651s
	iters: 32400, epoch: 1 | loss: 0.0784120
	speed: 1.2312s/iter; left time: 47081.0061s
	iters: 32500, epoch: 1 | loss: 0.0951073
	speed: 1.2367s/iter; left time: 47169.7122s
	iters: 32600, epoch: 1 | loss: 0.0791987
	speed: 1.2370s/iter; left time: 47056.2975s
	iters: 32700, epoch: 1 | loss: 0.0817503
	speed: 1.2493s/iter; left time: 47399.9164s
	iters: 32800, epoch: 1 | loss: 0.0635139
	speed: 1.2527s/iter; left time: 47402.0327s
	iters: 32900, epoch: 1 | loss: 0.1141661
	speed: 1.2411s/iter; left time: 46839.1661s
	iters: 33000, epoch: 1 | loss: 0.0732287
	speed: 1.2518s/iter; left time: 47118.2432s
	iters: 33100, epoch: 1 | loss: 0.0781579
	speed: 1.2420s/iter; left time: 46625.9690s
	iters: 33200, epoch: 1 | loss: 0.0909020
	speed: 1.2396s/iter; left time: 46412.1441s
	iters: 33300, epoch: 1 | loss: 0.0664399
	speed: 1.2439s/iter; left time: 46449.5852s
	iters: 33400, epoch: 1 | loss: 0.0530827
	speed: 1.2449s/iter; left time: 46361.6886s
	iters: 33500, epoch: 1 | loss: 0.0907284
	speed: 1.1900s/iter; left time: 44198.6543s
	iters: 33600, epoch: 1 | loss: 0.0736282
	speed: 1.2099s/iter; left time: 44816.4751s
	iters: 33700, epoch: 1 | loss: 0.0434235
	speed: 1.2369s/iter; left time: 45690.6069s
	iters: 33800, epoch: 1 | loss: 0.0909671
	speed: 1.2448s/iter; left time: 45859.8869s
	iters: 33900, epoch: 1 | loss: 0.0896459
	speed: 1.2451s/iter; left time: 45747.3163s
	iters: 34000, epoch: 1 | loss: 0.0865034
	speed: 1.2588s/iter; left time: 46123.8079s
	iters: 34100, epoch: 1 | loss: 0.0915844
	speed: 1.2552s/iter; left time: 45866.4025s
	iters: 34200, epoch: 1 | loss: 0.0684717
	speed: 1.2625s/iter; left time: 46007.4841s
	iters: 34300, epoch: 1 | loss: 0.0614763
	speed: 1.2621s/iter; left time: 45867.6599s
	iters: 34400, epoch: 1 | loss: 0.0618693
	speed: 1.2731s/iter; left time: 46138.8192s
	iters: 34500, epoch: 1 | loss: 0.0680084
	speed: 1.2734s/iter; left time: 46021.3789s
	iters: 34600, epoch: 1 | loss: 0.0573655
	speed: 1.2663s/iter; left time: 45638.0302s
	iters: 34700, epoch: 1 | loss: 0.0736840
	speed: 1.2726s/iter; left time: 45739.3861s
	iters: 34800, epoch: 1 | loss: 0.0782281
	speed: 1.2715s/iter; left time: 45572.4253s
	iters: 34900, epoch: 1 | loss: 0.1209970
	speed: 1.2720s/iter; left time: 45462.9509s
	iters: 35000, epoch: 1 | loss: 0.0768618
	speed: 1.2651s/iter; left time: 45091.1750s
	iters: 35100, epoch: 1 | loss: 0.0735607
	speed: 1.2721s/iter; left time: 45209.9910s
	iters: 35200, epoch: 1 | loss: 0.0592802
	speed: 1.2677s/iter; left time: 44928.9139s
	iters: 35300, epoch: 1 | loss: 0.0801945
	speed: 1.2683s/iter; left time: 44821.3137s
Epoch: 1 cost time: 43690.31521964073
Epoch: 1, Steps: 35320 | Train Loss: 0.1170494 Vali Loss: 0.1943665 Test Loss: 0.2449756
Validation loss decreased (inf --> 0.194367).  Saving model ...
Updating learning rate to 0.0001
	iters: 100, epoch: 2 | loss: 0.1195159
	speed: 147.0638s/iter; left time: 5179734.7284s
	iters: 200, epoch: 2 | loss: 0.0582133
	speed: 1.2658s/iter; left time: 44454.6782s
	iters: 300, epoch: 2 | loss: 0.0703843
	speed: 1.2630s/iter; left time: 44230.5845s
	iters: 400, epoch: 2 | loss: 0.0716334
	speed: 1.2698s/iter; left time: 44341.3063s
	iters: 500, epoch: 2 | loss: 0.0865774
	speed: 1.2507s/iter; left time: 43551.1096s
	iters: 600, epoch: 2 | loss: 0.0926913
	speed: 1.2401s/iter; left time: 43057.1219s
	iters: 700, epoch: 2 | loss: 0.0699266
	speed: 1.2609s/iter; left time: 43654.7339s
	iters: 800, epoch: 2 | loss: 0.0910309
	speed: 1.2599s/iter; left time: 43492.2691s
	iters: 900, epoch: 2 | loss: 0.0551680
	speed: 1.2562s/iter; left time: 43239.0140s
	iters: 1000, epoch: 2 | loss: 0.1000712
	speed: 1.2594s/iter; left time: 43224.0198s
	iters: 1100, epoch: 2 | loss: 0.0892825
	speed: 1.2614s/iter; left time: 43167.0932s
	iters: 1200, epoch: 2 | loss: 0.0837030
	speed: 1.2378s/iter; left time: 42233.9004s
	iters: 1300, epoch: 2 | loss: 0.0540676
	speed: 1.2408s/iter; left time: 42213.1950s
	iters: 1400, epoch: 2 | loss: 0.0764877
	speed: 1.2439s/iter; left time: 42194.8793s
	iters: 1500, epoch: 2 | loss: 0.0518824
	speed: 1.2471s/iter; left time: 42176.6857s
	iters: 1600, epoch: 2 | loss: 0.1080493
	speed: 1.2453s/iter; left time: 41992.6210s
	iters: 1700, epoch: 2 | loss: 0.0785638
	speed: 1.2502s/iter; left time: 42031.3213s
	iters: 1800, epoch: 2 | loss: 0.0615793
	speed: 1.2537s/iter; left time: 42026.4752s
	iters: 1900, epoch: 2 | loss: 0.0771000
	speed: 1.2445s/iter; left time: 41593.5378s
	iters: 2000, epoch: 2 | loss: 0.1164441
	speed: 1.2456s/iter; left time: 41504.7595s
	iters: 2100, epoch: 2 | loss: 0.0512376
	speed: 1.2475s/iter; left time: 41444.3169s
	iters: 2200, epoch: 2 | loss: 0.0816508
	speed: 1.2476s/iter; left time: 41321.1840s
	iters: 2300, epoch: 2 | loss: 0.0902563
	speed: 1.2542s/iter; left time: 41414.2979s
	iters: 2400, epoch: 2 | loss: 0.0842997
	speed: 1.2510s/iter; left time: 41185.0129s
	iters: 2500, epoch: 2 | loss: 0.0785691
	speed: 1.2502s/iter; left time: 41033.7995s
	iters: 2600, epoch: 2 | loss: 0.0652713
	speed: 1.2467s/iter; left time: 40793.0719s
	iters: 2700, epoch: 2 | loss: 0.0823502
	speed: 1.2486s/iter; left time: 40730.6160s
	iters: 2800, epoch: 2 | loss: 0.0981507
	speed: 1.2513s/iter; left time: 40695.1044s
	iters: 2900, epoch: 2 | loss: 0.0695535
	speed: 1.2461s/iter; left time: 40398.5834s
	iters: 3000, epoch: 2 | loss: 0.0703375
	speed: 1.2524s/iter; left time: 40479.6179s
	iters: 3100, epoch: 2 | loss: 0.0973614
	speed: 1.2554s/iter; left time: 40449.6572s
	iters: 3200, epoch: 2 | loss: 0.1314897
	speed: 1.2550s/iter; left time: 40312.4723s
	iters: 3300, epoch: 2 | loss: 0.0769526
	speed: 1.2548s/iter; left time: 40180.7332s
	iters: 3400, epoch: 2 | loss: 0.1047248
	speed: 1.2579s/iter; left time: 40154.5644s
	iters: 3500, epoch: 2 | loss: 0.0585413
	speed: 1.2548s/iter; left time: 39927.4389s
	iters: 3600, epoch: 2 | loss: 0.0562871
	speed: 1.2546s/iter; left time: 39797.8142s
	iters: 3700, epoch: 2 | loss: 0.0801165
	speed: 1.2514s/iter; left time: 39569.8726s
	iters: 3800, epoch: 2 | loss: 0.0598725
	speed: 1.2550s/iter; left time: 39559.0034s
	iters: 3900, epoch: 2 | loss: 0.0957713
	speed: 1.2507s/iter; left time: 39299.6880s
	iters: 4000, epoch: 2 | loss: 0.0599739
	speed: 1.2538s/iter; left time: 39270.5352s
	iters: 4100, epoch: 2 | loss: 0.0458093
	speed: 1.2623s/iter; left time: 39411.2977s
	iters: 4200, epoch: 2 | loss: 0.0638503
	speed: 1.2576s/iter; left time: 39138.3083s
	iters: 4300, epoch: 2 | loss: 0.0833722
	speed: 1.2580s/iter; left time: 39023.2472s
	iters: 4400, epoch: 2 | loss: 0.0595447
	speed: 1.2598s/iter; left time: 38955.1408s
	iters: 4500, epoch: 2 | loss: 0.0610673
	speed: 1.2560s/iter; left time: 38711.3095s
	iters: 4600, epoch: 2 | loss: 0.0686155
	speed: 1.2523s/iter; left time: 38472.8995s
	iters: 4700, epoch: 2 | loss: 0.0480676
	speed: 1.2546s/iter; left time: 38415.7280s
	iters: 4800, epoch: 2 | loss: 0.0798905
	speed: 1.2489s/iter; left time: 38118.9579s
	iters: 4900, epoch: 2 | loss: 0.0691354
	speed: 1.2524s/iter; left time: 38100.5954s
	iters: 5000, epoch: 2 | loss: 0.0696857
	speed: 1.2508s/iter; left time: 37925.2417s
	iters: 5100, epoch: 2 | loss: 0.0515448
	speed: 1.2571s/iter; left time: 37991.4094s
	iters: 5200, epoch: 2 | loss: 0.0497779
	speed: 1.2554s/iter; left time: 37813.8234s
	iters: 5300, epoch: 2 | loss: 0.1130345
	speed: 1.2607s/iter; left time: 37848.2220s
	iters: 5400, epoch: 2 | loss: 0.0525046
	speed: 1.2375s/iter; left time: 37027.7472s
	iters: 5500, epoch: 2 | loss: 0.0779489
	speed: 1.2516s/iter; left time: 37322.9464s
	iters: 5600, epoch: 2 | loss: 0.0862271
	speed: 1.2558s/iter; left time: 37322.3911s
	iters: 5700, epoch: 2 | loss: 0.0709770
	speed: 1.2525s/iter; left time: 37098.8430s
	iters: 5800, epoch: 2 | loss: 0.0493508
	speed: 1.2531s/iter; left time: 36992.8236s
	iters: 5900, epoch: 2 | loss: 0.0649988
	speed: 1.2545s/iter; left time: 36908.7017s
	iters: 6000, epoch: 2 | loss: 0.0614241
	speed: 1.2599s/iter; left time: 36941.6514s
	iters: 6100, epoch: 2 | loss: 0.0720592
	speed: 1.2616s/iter; left time: 36864.9104s
	iters: 6200, epoch: 2 | loss: 0.0821280
	speed: 1.2514s/iter; left time: 36443.0169s
	iters: 6300, epoch: 2 | loss: 0.0685254
	speed: 1.2480s/iter; left time: 36218.3307s
	iters: 6400, epoch: 2 | loss: 0.0673819
	speed: 1.2485s/iter; left time: 36109.1790s
	iters: 6500, epoch: 2 | loss: 0.0595142
	speed: 1.2526s/iter; left time: 36101.7724s
	iters: 6600, epoch: 2 | loss: 0.0794711
	speed: 1.2548s/iter; left time: 36040.3553s
	iters: 6700, epoch: 2 | loss: 0.0581432
	speed: 1.2444s/iter; left time: 35615.3721s
	iters: 6800, epoch: 2 | loss: 0.1108893
	speed: 1.2454s/iter; left time: 35520.8563s
	iters: 6900, epoch: 2 | loss: 0.0527752
	speed: 1.2463s/iter; left time: 35421.1964s
	iters: 7000, epoch: 2 | loss: 0.0642043
	speed: 1.2408s/iter; left time: 35140.7022s
	iters: 7100, epoch: 2 | loss: 0.0558795
	speed: 1.2423s/iter; left time: 35058.1098s
	iters: 7200, epoch: 2 | loss: 0.0867559
	speed: 1.2407s/iter; left time: 34890.7659s
	iters: 7300, epoch: 2 | loss: 0.0818281
	speed: 1.2361s/iter; left time: 34637.7669s
	iters: 7400, epoch: 2 | loss: 0.0649030
	speed: 1.2233s/iter; left time: 34157.0539s
	iters: 7500, epoch: 2 | loss: 0.0684502
	speed: 1.2304s/iter; left time: 34230.9573s
	iters: 7600, epoch: 2 | loss: 0.0908945
	speed: 1.2364s/iter; left time: 34274.4972s
	iters: 7700, epoch: 2 | loss: 0.0560299
	speed: 1.2366s/iter; left time: 34154.7742s
	iters: 7800, epoch: 2 | loss: 0.0511410
	speed: 1.2459s/iter; left time: 34289.4816s
	iters: 7900, epoch: 2 | loss: 0.0752408
	speed: 1.2388s/iter; left time: 33969.3920s
	iters: 8000, epoch: 2 | loss: 0.0732037
	speed: 1.2417s/iter; left time: 33923.5227s
	iters: 8100, epoch: 2 | loss: 0.0673967
	speed: 1.2423s/iter; left time: 33817.7397s
	iters: 8200, epoch: 2 | loss: 0.0747251
	speed: 1.2382s/iter; left time: 33581.6144s
	iters: 8300, epoch: 2 | loss: 0.0523325
	speed: 1.2414s/iter; left time: 33543.9272s
	iters: 8400, epoch: 2 | loss: 0.0623507
	speed: 1.2363s/iter; left time: 33281.6509s
	iters: 8500, epoch: 2 | loss: 0.0496531
	speed: 1.2306s/iter; left time: 33006.2045s
	iters: 8600, epoch: 2 | loss: 0.0715839
	speed: 1.2341s/iter; left time: 32975.6944s
	iters: 8700, epoch: 2 | loss: 0.0590662
	speed: 1.2359s/iter; left time: 32901.9918s
	iters: 8800, epoch: 2 | loss: 0.0566645
	speed: 1.2242s/iter; left time: 32466.9177s
	iters: 8900, epoch: 2 | loss: 0.0766797
	speed: 1.2207s/iter; left time: 32253.0360s
	iters: 9000, epoch: 2 | loss: 0.0617599
	speed: 1.2400s/iter; left time: 32639.2785s
	iters: 9100, epoch: 2 | loss: 0.0692616
	speed: 1.2486s/iter; left time: 32738.3486s
	iters: 9200, epoch: 2 | loss: 0.0732466
	speed: 1.2561s/iter; left time: 32810.2038s
	iters: 9300, epoch: 2 | loss: 0.0812576
	speed: 1.2425s/iter; left time: 32330.8504s
	iters: 9400, epoch: 2 | loss: 0.0963159
	speed: 1.2504s/iter; left time: 32411.1181s
	iters: 9500, epoch: 2 | loss: 0.0707873
	speed: 1.2591s/iter; left time: 32510.9568s
	iters: 9600, epoch: 2 | loss: 0.0630917
	speed: 1.2548s/iter; left time: 32275.5408s
	iters: 9700, epoch: 2 | loss: 0.0465443
	speed: 1.2491s/iter; left time: 32003.5930s
	iters: 9800, epoch: 2 | loss: 0.0525858
	speed: 1.2610s/iter; left time: 32181.0387s
	iters: 9900, epoch: 2 | loss: 0.0607221
	speed: 1.2628s/iter; left time: 32100.9353s
	iters: 10000, epoch: 2 | loss: 0.0633762
	speed: 1.2600s/iter; left time: 31903.8335s
	iters: 10100, epoch: 2 | loss: 0.0610210
	speed: 1.2647s/iter; left time: 31896.3009s
	iters: 10200, epoch: 2 | loss: 0.0950564
	speed: 1.2423s/iter; left time: 31207.1198s
	iters: 10300, epoch: 2 | loss: 0.0549126
	speed: 1.2163s/iter; left time: 30432.4846s
	iters: 10400, epoch: 2 | loss: 0.0768405
	speed: 1.2290s/iter; left time: 30628.4408s
	iters: 10500, epoch: 2 | loss: 0.0663777
	speed: 1.2274s/iter; left time: 30465.0074s
	iters: 10600, epoch: 2 | loss: 0.0637957
	speed: 1.2316s/iter; left time: 30445.8500s
	iters: 10700, epoch: 2 | loss: 0.0917258
	speed: 1.2364s/iter; left time: 30440.7641s
	iters: 10800, epoch: 2 | loss: 0.1744089
	speed: 1.2381s/iter; left time: 30359.3981s
	iters: 10900, epoch: 2 | loss: 0.0510263
	speed: 1.2457s/iter; left time: 30422.0960s
	iters: 11000, epoch: 2 | loss: 0.0573768
	speed: 1.2383s/iter; left time: 30116.5397s
	iters: 11100, epoch: 2 | loss: 0.0412455
	speed: 1.2426s/iter; left time: 30097.7987s
	iters: 11200, epoch: 2 | loss: 0.0790989
	speed: 1.2485s/iter; left time: 30116.2284s
	iters: 11300, epoch: 2 | loss: 0.1059746
	speed: 1.2430s/iter; left time: 29859.1920s
	iters: 11400, epoch: 2 | loss: 0.0670293
	speed: 1.2539s/iter; left time: 29993.7776s
	iters: 11500, epoch: 2 | loss: 0.0691097
	speed: 1.2521s/iter; left time: 29825.0939s
	iters: 11600, epoch: 2 | loss: 0.1263881
	speed: 1.2496s/iter; left time: 29642.5663s
	iters: 11700, epoch: 2 | loss: 0.1463562
	speed: 1.2506s/iter; left time: 29539.9481s
	iters: 11800, epoch: 2 | loss: 0.0784103
	speed: 1.2500s/iter; left time: 29401.1253s
	iters: 11900, epoch: 2 | loss: 0.0644914
	speed: 1.2550s/iter; left time: 29392.9185s
	iters: 12000, epoch: 2 | loss: 0.0418634
	speed: 1.2551s/iter; left time: 29270.6646s
	iters: 12100, epoch: 2 | loss: 0.0528624
	speed: 1.2598s/iter; left time: 29253.4736s
	iters: 12200, epoch: 2 | loss: 0.2071267
	speed: 1.2583s/iter; left time: 29092.8627s
	iters: 12300, epoch: 2 | loss: 0.0653720
	speed: 1.2588s/iter; left time: 28979.2980s
	iters: 12400, epoch: 2 | loss: 0.0812537
	speed: 1.2595s/iter; left time: 28868.6694s
	iters: 12500, epoch: 2 | loss: 0.0761953
	speed: 1.2628s/iter; left time: 28817.6293s
	iters: 12600, epoch: 2 | loss: 0.0479135
	speed: 1.2663s/iter; left time: 28771.1759s
	iters: 12700, epoch: 2 | loss: 0.0663619
	speed: 1.2720s/iter; left time: 28774.2681s
	iters: 12800, epoch: 2 | loss: 0.0945818
	speed: 1.2595s/iter; left time: 28364.5429s
	iters: 12900, epoch: 2 | loss: 0.0472928
	speed: 1.2662s/iter; left time: 28388.8337s
	iters: 13000, epoch: 2 | loss: 0.1064084
	speed: 1.2669s/iter; left time: 28278.4491s
	iters: 13100, epoch: 2 | loss: 0.0619461
	speed: 1.2649s/iter; left time: 28107.0689s
	iters: 13200, epoch: 2 | loss: 0.0644375
	speed: 1.2659s/iter; left time: 28001.8953s
	iters: 13300, epoch: 2 | loss: 0.0477087
	speed: 1.2607s/iter; left time: 27762.3253s
	iters: 13400, epoch: 2 | loss: 0.0609358
	speed: 1.2571s/iter; left time: 27556.0198s
	iters: 13500, epoch: 2 | loss: 0.0841704
	speed: 1.2700s/iter; left time: 27711.9210s
	iters: 13600, epoch: 2 | loss: 0.0483597
	speed: 1.2572s/iter; left time: 27306.5823s
	iters: 13700, epoch: 2 | loss: 0.0559381
	speed: 1.2561s/iter; left time: 27157.4372s
	iters: 13800, epoch: 2 | loss: 0.0859443
	speed: 1.2561s/iter; left time: 27031.9365s
	iters: 13900, epoch: 2 | loss: 0.0550559
	speed: 1.2633s/iter; left time: 27060.7637s
	iters: 14000, epoch: 2 | loss: 0.0687370
	speed: 1.2209s/iter; left time: 26030.0663s
	iters: 14100, epoch: 2 | loss: 0.0620634
	speed: 1.2444s/iter; left time: 26406.5181s
	iters: 14200, epoch: 2 | loss: 0.0580051
	speed: 1.2555s/iter; left time: 26518.0045s
	iters: 14300, epoch: 2 | loss: 0.0519041
	speed: 1.2705s/iter; left time: 26707.4697s
	iters: 14400, epoch: 2 | loss: 0.0865020
	speed: 1.2677s/iter; left time: 26522.4729s
	iters: 14500, epoch: 2 | loss: 0.0768892
	speed: 1.2578s/iter; left time: 26188.9201s
	iters: 14600, epoch: 2 | loss: 0.0600589
	speed: 1.2533s/iter; left time: 25968.8849s
	iters: 14700, epoch: 2 | loss: 0.0779209
	speed: 1.2619s/iter; left time: 26020.6227s
	iters: 14800, epoch: 2 | loss: 0.1255005
	speed: 1.2641s/iter; left time: 25940.7010s
	iters: 14900, epoch: 2 | loss: 0.0874739
	speed: 1.2628s/iter; left time: 25786.8188s
	iters: 15000, epoch: 2 | loss: 0.0413202
	speed: 1.2581s/iter; left time: 25565.3473s
	iters: 15100, epoch: 2 | loss: 0.0719863
	speed: 1.2584s/iter; left time: 25446.6284s
	iters: 15200, epoch: 2 | loss: 0.0625895
	speed: 1.2548s/iter; left time: 25247.5264s
	iters: 15300, epoch: 2 | loss: 0.0654009
	speed: 1.2171s/iter; left time: 24367.0681s
	iters: 15400, epoch: 2 | loss: 0.0405319
	speed: 1.2232s/iter; left time: 24367.4055s
	iters: 15500, epoch: 2 | loss: 0.0516324
	speed: 1.2229s/iter; left time: 24239.0220s
	iters: 15600, epoch: 2 | loss: 0.0426012
	speed: 1.2599s/iter; left time: 24846.4855s
	iters: 15700, epoch: 2 | loss: 0.0531143
	speed: 1.2864s/iter; left time: 25240.4270s
	iters: 15800, epoch: 2 | loss: 0.0580869
	speed: 1.2852s/iter; left time: 25088.7541s
	iters: 15900, epoch: 2 | loss: 0.0604469
	speed: 1.3109s/iter; left time: 25458.5317s
	iters: 16000, epoch: 2 | loss: 0.0475176
	speed: 1.3012s/iter; left time: 25140.5644s
	iters: 16100, epoch: 2 | loss: 0.0650216
	speed: 1.2951s/iter; left time: 24892.9796s
	iters: 16200, epoch: 2 | loss: 0.0549415
	speed: 1.2911s/iter; left time: 24687.1741s
	iters: 16300, epoch: 2 | loss: 0.0976911
	speed: 1.2947s/iter; left time: 24626.6756s
	iters: 16400, epoch: 2 | loss: 0.0755540
	speed: 1.2898s/iter; left time: 24404.7335s
	iters: 16500, epoch: 2 | loss: 0.0497211
	speed: 1.2965s/iter; left time: 24401.8558s
	iters: 16600, epoch: 2 | loss: 0.0636121
	speed: 1.2952s/iter; left time: 24248.3439s
	iters: 16700, epoch: 2 | loss: 0.0887452
	speed: 1.2921s/iter; left time: 24059.4447s
	iters: 16800, epoch: 2 | loss: 0.0498058
	speed: 1.2950s/iter; left time: 23983.8171s
	iters: 16900, epoch: 2 | loss: 0.0493843
	speed: 1.2924s/iter; left time: 23807.2876s
	iters: 17000, epoch: 2 | loss: 0.0915210
	speed: 1.2966s/iter; left time: 23754.6420s
	iters: 17100, epoch: 2 | loss: 0.0743069
	speed: 1.3067s/iter; left time: 23809.6149s
	iters: 17200, epoch: 2 | loss: 0.0583507
	speed: 1.3044s/iter; left time: 23637.0032s
	iters: 17300, epoch: 2 | loss: 0.0523430
	speed: 1.2895s/iter; left time: 23238.7045s
	iters: 17400, epoch: 2 | loss: 0.0607813
	speed: 1.3024s/iter; left time: 23340.1574s
	iters: 17500, epoch: 2 | loss: 0.0742668
	speed: 1.2354s/iter; left time: 22015.8114s
	iters: 17600, epoch: 2 | loss: 0.0777843
	speed: 1.2601s/iter; left time: 22330.8229s
	iters: 17700, epoch: 2 | loss: 0.0534700
	speed: 1.2538s/iter; left time: 22092.8632s
	iters: 17800, epoch: 2 | loss: 0.0541834
	speed: 1.2636s/iter; left time: 22139.3453s
	iters: 17900, epoch: 2 | loss: 0.0709400
	speed: 1.2641s/iter; left time: 22021.7464s
	iters: 18000, epoch: 2 | loss: 0.0616396
	speed: 1.2643s/iter; left time: 21898.5218s
	iters: 18100, epoch: 2 | loss: 0.0626197
	speed: 1.2660s/iter; left time: 21801.7026s
	iters: 18200, epoch: 2 | loss: 0.0738582
	speed: 1.2668s/iter; left time: 21689.1819s
	iters: 18300, epoch: 2 | loss: 0.0814913
	speed: 1.2655s/iter; left time: 21539.3641s
	iters: 18400, epoch: 2 | loss: 0.0810915
	speed: 1.2671s/iter; left time: 21439.7922s
	iters: 18500, epoch: 2 | loss: 0.0743013
	speed: 1.2691s/iter; left time: 21347.0450s
	iters: 18600, epoch: 2 | loss: 0.1087067
	speed: 1.2676s/iter; left time: 21194.7390s
	iters: 18700, epoch: 2 | loss: 0.0464646
	speed: 1.2616s/iter; left time: 20969.1652s
	iters: 18800, epoch: 2 | loss: 0.0609454
	speed: 1.2664s/iter; left time: 20922.7106s
	iters: 18900, epoch: 2 | loss: 0.0654297
	speed: 1.2628s/iter; left time: 20736.8036s
	iters: 19000, epoch: 2 | loss: 0.0659221
	speed: 1.2587s/iter; left time: 20543.5225s
	iters: 19100, epoch: 2 | loss: 0.0491576
	speed: 1.2538s/iter; left time: 20338.5482s
	iters: 19200, epoch: 2 | loss: 0.0572106
	speed: 1.2811s/iter; left time: 20652.6716s
	iters: 19300, epoch: 2 | loss: 0.0539202
	speed: 1.2955s/iter; left time: 20755.1918s
	iters: 19400, epoch: 2 | loss: 0.0622702
	speed: 1.2933s/iter; left time: 20591.1844s
	iters: 19500, epoch: 2 | loss: 0.0752621
	speed: 1.2522s/iter; left time: 19810.8165s
	iters: 19600, epoch: 2 | loss: 0.0609882
	speed: 1.2634s/iter; left time: 19861.1721s
	iters: 19700, epoch: 2 | loss: 0.0496035
	speed: 1.2721s/iter; left time: 19870.8739s
	iters: 19800, epoch: 2 | loss: 0.0769778
	speed: 1.2814s/iter; left time: 19888.9609s
	iters: 19900, epoch: 2 | loss: 0.0666218
	speed: 1.2833s/iter; left time: 19789.1102s
	iters: 20000, epoch: 2 | loss: 0.0568775
	speed: 1.2865s/iter; left time: 19710.0974s
	iters: 20100, epoch: 2 | loss: 0.0648622
	speed: 1.2810s/iter; left time: 19497.4102s
	iters: 20200, epoch: 2 | loss: 0.0576749
	speed: 1.2678s/iter; left time: 19170.4878s
	iters: 20300, epoch: 2 | loss: 0.0588319
	speed: 1.2724s/iter; left time: 19113.1613s
	iters: 20400, epoch: 2 | loss: 0.0653264
	speed: 1.2698s/iter; left time: 18947.0392s
	iters: 20500, epoch: 2 | loss: 0.0551170
	speed: 1.2720s/iter; left time: 18852.2049s
	iters: 20600, epoch: 2 | loss: 0.0812178
	speed: 1.2780s/iter; left time: 18813.3126s
	iters: 20700, epoch: 2 | loss: 0.0646069
	speed: 1.2760s/iter; left time: 18656.2082s
	iters: 20800, epoch: 2 | loss: 0.0777257
	speed: 1.2647s/iter; left time: 18365.1545s
	iters: 20900, epoch: 2 | loss: 0.0588789
	speed: 1.2657s/iter; left time: 18252.8859s
	iters: 21000, epoch: 2 | loss: 0.0638903
	speed: 1.2635s/iter; left time: 18094.5620s
	iters: 21100, epoch: 2 | loss: 0.0833295
	speed: 1.2727s/iter; left time: 18099.2124s
	iters: 21200, epoch: 2 | loss: 0.0564603
	speed: 1.2763s/iter; left time: 18023.3218s
	iters: 21300, epoch: 2 | loss: 0.0523110
	speed: 1.2723s/iter; left time: 17839.4242s
	iters: 21400, epoch: 2 | loss: 0.0506805
	speed: 1.2650s/iter; left time: 17609.6605s
	iters: 21500, epoch: 2 | loss: 0.0926730
	speed: 1.2660s/iter; left time: 17497.7040s
	iters: 21600, epoch: 2 | loss: 0.0675337
	speed: 1.2657s/iter; left time: 17366.0169s
	iters: 21700, epoch: 2 | loss: 0.0637076
	speed: 1.2662s/iter; left time: 17246.3806s
	iters: 21800, epoch: 2 | loss: 0.0932777
	speed: 1.2622s/iter; left time: 17066.3401s
	iters: 21900, epoch: 2 | loss: 0.0688395
	speed: 1.2565s/iter; left time: 16864.0203s
	iters: 22000, epoch: 2 | loss: 0.0423884
	speed: 1.2663s/iter; left time: 16868.5939s
	iters: 22100, epoch: 2 | loss: 0.0571829
	speed: 1.2641s/iter; left time: 16713.1194s
	iters: 22200, epoch: 2 | loss: 0.0731043
	speed: 1.2601s/iter; left time: 16533.5669s
	iters: 22300, epoch: 2 | loss: 0.0622337
	speed: 1.2362s/iter; left time: 16096.2017s
	iters: 22400, epoch: 2 | loss: 0.0693974
	speed: 1.2321s/iter; left time: 15919.8146s
	iters: 22500, epoch: 2 | loss: 0.0424104
	speed: 1.2616s/iter; left time: 16175.0262s
	iters: 22600, epoch: 2 | loss: 0.0631490
	speed: 1.2859s/iter; left time: 16358.4996s
	iters: 22700, epoch: 2 | loss: 0.0625260
	speed: 1.3036s/iter; left time: 16452.4651s
	iters: 22800, epoch: 2 | loss: 0.0668606
	speed: 1.3055s/iter; left time: 16346.4030s
	iters: 22900, epoch: 2 | loss: 0.0825463
	speed: 1.3093s/iter; left time: 16262.2387s
	iters: 23000, epoch: 2 | loss: 0.0570139
	speed: 1.3068s/iter; left time: 16101.5890s
	iters: 23100, epoch: 2 | loss: 0.0532233
	speed: 1.3184s/iter; left time: 16111.6522s
	iters: 23200, epoch: 2 | loss: 0.0494283
	speed: 1.3197s/iter; left time: 15995.6704s
	iters: 23300, epoch: 2 | loss: 0.0928859
	speed: 1.3221s/iter; left time: 15892.9733s
	iters: 23400, epoch: 2 | loss: 0.0909610
	speed: 1.2892s/iter; left time: 15369.1083s
	iters: 23500, epoch: 2 | loss: 0.0584210
	speed: 1.2239s/iter; left time: 14468.1464s
	iters: 23600, epoch: 2 | loss: 0.0786032
	speed: 1.2262s/iter; left time: 14372.0451s
	iters: 23700, epoch: 2 | loss: 0.1008149
	speed: 1.2323s/iter; left time: 14321.0707s
	iters: 23800, epoch: 2 | loss: 0.0707848
	speed: 1.2443s/iter; left time: 14335.8159s
	iters: 23900, epoch: 2 | loss: 0.0522879
	speed: 1.2649s/iter; left time: 14446.5084s
	iters: 24000, epoch: 2 | loss: 0.0510428
	speed: 1.2837s/iter; left time: 14533.0250s
	iters: 24100, epoch: 2 | loss: 0.0510433
	speed: 1.2899s/iter; left time: 14474.3444s
	iters: 24200, epoch: 2 | loss: 0.0490087
	speed: 1.2923s/iter; left time: 14371.8329s
	iters: 24300, epoch: 2 | loss: 0.0511929
	speed: 1.2948s/iter; left time: 14270.4603s
	iters: 24400, epoch: 2 | loss: 0.0619102
	speed: 1.3025s/iter; left time: 14224.5408s
	iters: 24500, epoch: 2 | loss: 0.0312005
	speed: 1.3008s/iter; left time: 14075.8738s
	iters: 24600, epoch: 2 | loss: 0.1199048
	speed: 1.2946s/iter; left time: 13879.7042s
	iters: 24700, epoch: 2 | loss: 0.0495092
	speed: 1.2953s/iter; left time: 13757.0525s
	iters: 24800, epoch: 2 | loss: 0.0554109
	speed: 1.2953s/iter; left time: 13628.0781s
	iters: 24900, epoch: 2 | loss: 0.0782685
	speed: 1.3111s/iter; left time: 13662.6663s
	iters: 25000, epoch: 2 | loss: 0.0701992
	speed: 1.2925s/iter; left time: 13340.3685s
	iters: 25100, epoch: 2 | loss: 0.0592768
	speed: 1.2845s/iter; left time: 13128.8896s
	iters: 25200, epoch: 2 | loss: 0.0522281
	speed: 1.2924s/iter; left time: 13080.5122s
	iters: 25300, epoch: 2 | loss: 0.0611565
	speed: 1.2973s/iter; left time: 13000.0997s
	iters: 25400, epoch: 2 | loss: 0.0607781
	speed: 1.3015s/iter; left time: 12911.9765s
	iters: 25500, epoch: 2 | loss: 0.0769204
	speed: 1.2815s/iter; left time: 12585.2137s
	iters: 25600, epoch: 2 | loss: 0.0595613
	speed: 1.2779s/iter; left time: 12422.6206s
	iters: 25700, epoch: 2 | loss: 0.0654925
	speed: 1.2941s/iter; left time: 12450.7557s
	iters: 25800, epoch: 2 | loss: 0.0551381
	speed: 1.2966s/iter; left time: 12344.4805s
	iters: 25900, epoch: 2 | loss: 0.0494815
	speed: 1.2994s/iter; left time: 12241.8427s
	iters: 26000, epoch: 2 | loss: 0.0458430
	speed: 1.2916s/iter; left time: 12038.8207s
	iters: 26100, epoch: 2 | loss: 0.0598488
	speed: 1.3076s/iter; left time: 12057.2114s
	iters: 26200, epoch: 2 | loss: 0.0787110
	speed: 1.3032s/iter; left time: 11886.9036s
	iters: 26300, epoch: 2 | loss: 0.0550221
	speed: 1.3031s/iter; left time: 11755.4194s
	iters: 26400, epoch: 2 | loss: 0.0744549
	speed: 1.3070s/iter; left time: 11659.4408s
	iters: 26500, epoch: 2 | loss: 0.0491145
	speed: 1.3036s/iter; left time: 11499.3225s
	iters: 26600, epoch: 2 | loss: 0.0471997
	speed: 1.3039s/iter; left time: 11371.0598s
	iters: 26700, epoch: 2 | loss: 0.0934849
	speed: 1.3071s/iter; left time: 11268.9017s
	iters: 26800, epoch: 2 | loss: 0.0493844
	speed: 1.3076s/iter; left time: 11141.9449s
	iters: 26900, epoch: 2 | loss: 0.0429809
	speed: 1.2887s/iter; left time: 10851.9713s
	iters: 27000, epoch: 2 | loss: 0.0662045
	speed: 1.2919s/iter; left time: 10749.6605s
	iters: 27100, epoch: 2 | loss: 0.0587908
	speed: 1.2984s/iter; left time: 10674.0052s
	iters: 27200, epoch: 2 | loss: 0.0568234
	speed: 1.3017s/iter; left time: 10570.7759s
	iters: 27300, epoch: 2 | loss: 0.0662152
	speed: 1.2938s/iter; left time: 10377.9291s
	iters: 27400, epoch: 2 | loss: 0.0955919
	speed: 1.2997s/iter; left time: 10294.5415s
	iters: 27500, epoch: 2 | loss: 0.1216372
	speed: 1.3082s/iter; left time: 10231.2527s
	iters: 27600, epoch: 2 | loss: 0.0488621
	speed: 1.3091s/iter; left time: 10107.2385s
	iters: 27700, epoch: 2 | loss: 0.0538375
	speed: 1.3064s/iter; left time: 9956.4492s
	iters: 27800, epoch: 2 | loss: 0.0676754
	speed: 1.3169s/iter; left time: 9904.1443s
	iters: 27900, epoch: 2 | loss: 0.0604556
	speed: 1.3045s/iter; left time: 9681.0218s
	iters: 28000, epoch: 2 | loss: 0.0521119
	speed: 1.2953s/iter; left time: 9482.6134s
	iters: 28100, epoch: 2 | loss: 0.0528322
	speed: 1.3041s/iter; left time: 9416.5572s
	iters: 28200, epoch: 2 | loss: 0.0650326
	speed: 1.2942s/iter; left time: 9216.2437s
	iters: 28300, epoch: 2 | loss: 0.0548505
	speed: 1.2979s/iter; left time: 9112.8003s
	iters: 28400, epoch: 2 | loss: 0.0493961
	speed: 1.2892s/iter; left time: 8922.7978s
	iters: 28500, epoch: 2 | loss: 0.1875509
	speed: 1.2960s/iter; left time: 8840.2705s
	iters: 28600, epoch: 2 | loss: 0.0722281
	speed: 1.2310s/iter; left time: 8273.4057s
	iters: 28700, epoch: 2 | loss: 0.0515160
	speed: 1.2352s/iter; left time: 8178.2235s
	iters: 28800, epoch: 2 | loss: 0.0531353
	speed: 1.2391s/iter; left time: 8079.9852s
	iters: 28900, epoch: 2 | loss: 0.0522069
	speed: 1.2447s/iter; left time: 7992.1510s
	iters: 29000, epoch: 2 | loss: 0.0438085
	speed: 1.2535s/iter; left time: 7923.4598s
	iters: 29100, epoch: 2 | loss: 0.0632104
	speed: 1.2533s/iter; left time: 7797.0851s
	iters: 29200, epoch: 2 | loss: 0.0568052
	speed: 1.2534s/iter; left time: 7671.8885s
	iters: 29300, epoch: 2 | loss: 0.0573403
	speed: 1.2625s/iter; left time: 7601.6603s
	iters: 29400, epoch: 2 | loss: 0.0513268
	speed: 1.2641s/iter; left time: 7484.5006s
	iters: 29500, epoch: 2 | loss: 0.0469122
	speed: 1.2593s/iter; left time: 7330.6633s
	iters: 29600, epoch: 2 | loss: 0.0634958
	speed: 1.2609s/iter; left time: 7213.4080s
	iters: 29700, epoch: 2 | loss: 0.0559672
	speed: 1.2769s/iter; left time: 7177.2777s
	iters: 29800, epoch: 2 | loss: 0.1012193
	speed: 1.2850s/iter; left time: 7094.3808s
	iters: 29900, epoch: 2 | loss: 0.0456830
	speed: 1.2841s/iter; left time: 6961.2035s
	iters: 30000, epoch: 2 | loss: 0.0516240
	speed: 1.2854s/iter; left time: 6839.3707s
	iters: 30100, epoch: 2 | loss: 0.0846199
	speed: 1.2773s/iter; left time: 6668.7373s
	iters: 30200, epoch: 2 | loss: 0.0465190
	speed: 1.2792s/iter; left time: 6550.5581s
	iters: 30300, epoch: 2 | loss: 0.0479890
	speed: 1.2758s/iter; left time: 6405.7025s
	iters: 30400, epoch: 2 | loss: 0.0535010
	speed: 1.2809s/iter; left time: 6303.1104s
	iters: 30500, epoch: 2 | loss: 0.0505934
	speed: 1.2803s/iter; left time: 6172.2705s
	iters: 30600, epoch: 2 | loss: 0.0592530
	speed: 1.2924s/iter; left time: 6101.4292s
	iters: 30700, epoch: 2 | loss: 0.0544564
	speed: 1.2878s/iter; left time: 5950.7015s
	iters: 30800, epoch: 2 | loss: 0.0474654
	speed: 1.2810s/iter; left time: 5791.3149s
	iters: 30900, epoch: 2 | loss: 0.0569285
	speed: 1.2819s/iter; left time: 5667.1745s
	iters: 31000, epoch: 2 | loss: 0.0729602
	speed: 1.2872s/iter; left time: 5562.0066s
	iters: 31100, epoch: 2 | loss: 0.0490626
	speed: 1.2809s/iter; left time: 5406.6089s
	iters: 31200, epoch: 2 | loss: 0.0401601
	speed: 1.2775s/iter; left time: 5264.6062s
	iters: 31300, epoch: 2 | loss: 0.0467010
	speed: 1.2712s/iter; left time: 5111.4632s
	iters: 31400, epoch: 2 | loss: 0.0641177
	speed: 1.2788s/iter; left time: 5014.1953s
	iters: 31500, epoch: 2 | loss: 0.0472905
	speed: 1.2820s/iter; left time: 4898.3619s
	iters: 31600, epoch: 2 | loss: 0.0483744
	speed: 1.2780s/iter; left time: 4755.4392s
	iters: 31700, epoch: 2 | loss: 0.0616671
	speed: 1.2795s/iter; left time: 4633.2147s
	iters: 31800, epoch: 2 | loss: 0.0434829
	speed: 1.2777s/iter; left time: 4498.8013s
	iters: 31900, epoch: 2 | loss: 0.0589283
	speed: 1.2707s/iter; left time: 4347.0606s
	iters: 32000, epoch: 2 | loss: 0.0613800
	speed: 1.2822s/iter; left time: 4258.1234s
	iters: 32100, epoch: 2 | loss: 0.0654539
	speed: 1.2805s/iter; left time: 4124.5019s
	iters: 32200, epoch: 2 | loss: 0.0711052
	speed: 1.2834s/iter; left time: 4005.5810s
	iters: 32300, epoch: 2 | loss: 0.0743530
	speed: 1.2897s/iter; left time: 3896.2824s
	iters: 32400, epoch: 2 | loss: 0.0673701
	speed: 1.2747s/iter; left time: 3723.3524s
	iters: 32500, epoch: 2 | loss: 0.0415618
	speed: 1.2721s/iter; left time: 3588.4921s
	iters: 32600, epoch: 2 | loss: 0.0430788
	speed: 1.2815s/iter; left time: 3486.8452s
	iters: 32700, epoch: 2 | loss: 0.0534539
	speed: 1.2874s/iter; left time: 3374.1711s
	iters: 32800, epoch: 2 | loss: 0.0605194
	speed: 1.2901s/iter; left time: 3252.2284s
	iters: 32900, epoch: 2 | loss: 0.0580527
	speed: 1.2832s/iter; left time: 3106.5415s
	iters: 33000, epoch: 2 | loss: 0.0919420
	speed: 1.2761s/iter; left time: 2961.8996s
	iters: 33100, epoch: 2 | loss: 0.0591118
	speed: 1.2771s/iter; left time: 2836.5432s
	iters: 33200, epoch: 2 | loss: 0.0622719
	speed: 1.2707s/iter; left time: 2695.0984s
	iters: 33300, epoch: 2 | loss: 0.0377602
	speed: 1.2687s/iter; left time: 2564.0745s
	iters: 33400, epoch: 2 | loss: 0.0514568
	speed: 1.2729s/iter; left time: 2445.1526s
	iters: 33500, epoch: 2 | loss: 0.0506952
	speed: 1.2847s/iter; left time: 2339.3548s
	iters: 33600, epoch: 2 | loss: 0.0420919
	speed: 1.2817s/iter; left time: 2205.8527s
	iters: 33700, epoch: 2 | loss: 0.0611718
	speed: 1.2845s/iter; left time: 2082.2406s
	iters: 33800, epoch: 2 | loss: 0.0700557
	speed: 1.2926s/iter; left time: 1966.0262s
	iters: 33900, epoch: 2 | loss: 0.0858704
	speed: 1.2842s/iter; left time: 1824.8967s
	iters: 34000, epoch: 2 | loss: 0.0543501
	speed: 1.2889s/iter; left time: 1702.6290s
	iters: 34100, epoch: 2 | loss: 0.0412874
	speed: 1.2925s/iter; left time: 1578.1026s
	iters: 34200, epoch: 2 | loss: 0.0567187
	speed: 1.2813s/iter; left time: 1436.3782s
	iters: 34300, epoch: 2 | loss: 0.0524436
	speed: 1.2787s/iter; left time: 1305.5619s
	iters: 34400, epoch: 2 | loss: 0.0533672
	speed: 1.2828s/iter; left time: 1181.4997s
	iters: 34500, epoch: 2 | loss: 0.0650399
	speed: 1.2789s/iter; left time: 1049.9705s
	iters: 34600, epoch: 2 | loss: 0.0585735
	speed: 1.2823s/iter; left time: 924.5635s
	iters: 34700, epoch: 2 | loss: 0.0386336
	speed: 1.2819s/iter; left time: 796.0461s
	iters: 34800, epoch: 2 | loss: 0.0545361
	speed: 1.2739s/iter; left time: 663.7077s
	iters: 34900, epoch: 2 | loss: 0.0467653
	speed: 1.2828s/iter; left time: 540.0572s
	iters: 35000, epoch: 2 | loss: 0.0704212
	speed: 1.2697s/iter; left time: 407.5805s
	iters: 35100, epoch: 2 | loss: 0.0974158
	speed: 1.2671s/iter; left time: 280.0381s
	iters: 35200, epoch: 2 | loss: 0.0527776
	speed: 1.2710s/iter; left time: 153.7925s
	iters: 35300, epoch: 2 | loss: 0.0558282
	speed: 1.2682s/iter; left time: 26.6323s
Epoch: 2 cost time: 44761.47167491913
Epoch: 2, Steps: 35320 | Train Loss: 0.0692385 Vali Loss: 0.1998637 Test Loss: 0.2641114
EarlyStopping counter: 1 out of 3
Updating learning rate to 5e-05
>>>>>>>testing : long_term_forecast_pems08_h_96_96_TimesNet_custom_ftM_sl96_ll48_pl96_dm512_nh8_el2_dl1_df512_fc3_ebtimeF_dtTrue_srate1.0_sseed7_trainseed2024_Exp_0<<<<<<<<<<<<<<<<<<<<<<<<<<<<<<<<<
test 40325
Traceback (most recent call last):
  File "run.py", line 161, in <module>
    exp.test(setting)
  File "/g/data/hn98/du/exlts/hourdayweek/exp/exp_long_term_forecasting.py", line 286, in test
    visual(gt, pd, os.path.join(folder_path, str(i) + '.pdf'))
  File "/g/data/hn98/du/exlts/hourdayweek/utils/tools.py", line 89, in visual
    plt.savefig(name, bbox_inches='tight')
  File "/jobfs/116443765.gadi-pbs/timesnet/lib/python3.8/site-packages/matplotlib/pyplot.py", line 996, in savefig
    res = fig.savefig(*args, **kwargs)
  File "/jobfs/116443765.gadi-pbs/timesnet/lib/python3.8/site-packages/matplotlib/figure.py", line 3328, in savefig
    self.canvas.print_figure(fname, **kwargs)
  File "/jobfs/116443765.gadi-pbs/timesnet/lib/python3.8/site-packages/matplotlib/backend_bases.py", line 2362, in print_figure
    result = print_method(
  File "/jobfs/116443765.gadi-pbs/timesnet/lib/python3.8/site-packages/matplotlib/backend_bases.py", line 2228, in <lambda>
    print_method = functools.wraps(meth)(lambda *args, **kwargs: meth(
  File "/jobfs/116443765.gadi-pbs/timesnet/lib/python3.8/site-packages/matplotlib/backends/backend_pdf.py", line 2808, in print_pdf
    file = PdfFile(filename, metadata=metadata)
  File "/jobfs/116443765.gadi-pbs/timesnet/lib/python3.8/site-packages/matplotlib/backends/backend_pdf.py", line 713, in __init__
    fh, opened = cbook.to_filehandle(filename, "wb", return_opened=True)
  File "/jobfs/116443765.gadi-pbs/timesnet/lib/python3.8/site-packages/matplotlib/cbook/__init__.py", line 489, in to_filehandle
    fh = open(fname, flag, encoding=encoding)
FileNotFoundError: [Errno 2] No such file or directory: './test_results/long_term_forecast_pems08_h_96_96_TimesNet_custom_ftM_sl96_ll48_pl96_dm512_nh8_el2_dl1_df512_fc3_ebtimeF_dtTrue_srate1.0_sseed7_trainseed2024_Exp_0/5360.pdf'
