Args in experiment:
Namespace(activation='gelu', anomaly_ratio=0.25, batch_size=32, c_out=107, checkpoints='./checkpoints/', d_ff=2048, d_layers=1, d_model=128, data='custom', data_path='pems10_all_common_flow.csv', dec_in=107, des='Exp', devices='0,1,2,3', distil=True, dropout=0, e_layers=2, embed='timeF', enc_in=107, factor=3, features='M', freq='h', gap_day=548, gpu=0, inverse=False, is_training=1, itr=1, label_len=48, learning_rate=0.0005, loss='MSE', lradj='type3', mask_rate=0.25, model='Autoformer', model_id='pems10_all_96_336', moving_avg=25, n_heads=8, num_kernels=6, num_workers=10, output_attention=False, p_hidden_dims=[128, 128], p_hidden_layers=2, patience=5, pred_len=336, root_path='../../data/pems/', samle_rate=0.1, sample_seed=7, seasonal_patterns='Monthly', seq_len=96, target='OT', task_name='long_term_forecast', top_k=5, train_epochs=200, train_seed=2024, use_amp=False, use_gpu=True, use_multi_gpu=False)
Use GPU: cuda:0
>>>>>>>start training : long_term_forecast_pems10_all_96_336_Autoformer_custom_ftM_sl96_ll48_pl336_dm128_nh8_el2_dl1_df2048_fc3_ebtimeF_dtTrue_srate0.1_sseed7_trainseed2024_gap548_Exp_0>>>>>>>>>>>>>>>>>>>>>>>>>>
train 896727
val 193503
test 193501
	iters: 100, epoch: 1 | loss: 1.2274678
	speed: 0.1742s/iter; left time: 97619.9974s
	iters: 200, epoch: 1 | loss: 1.1449831
	speed: 0.1723s/iter; left time: 96498.7141s
	iters: 300, epoch: 1 | loss: 1.1194239
	speed: 0.1724s/iter; left time: 96568.4406s
	iters: 400, epoch: 1 | loss: 1.0908579
	speed: 0.1721s/iter; left time: 96387.6185s
	iters: 500, epoch: 1 | loss: 1.1592709
	speed: 0.1725s/iter; left time: 96566.9103s
	iters: 600, epoch: 1 | loss: 1.1679170
	speed: 0.1722s/iter; left time: 96381.3159s
	iters: 700, epoch: 1 | loss: 1.0205652
	speed: 0.1722s/iter; left time: 96384.6464s
	iters: 800, epoch: 1 | loss: 1.1529047
	speed: 0.1723s/iter; left time: 96434.4208s
	iters: 900, epoch: 1 | loss: 1.0358238
	speed: 0.1723s/iter; left time: 96422.5039s
	iters: 1000, epoch: 1 | loss: 0.9356116
	speed: 0.1726s/iter; left time: 96525.0633s
	iters: 1100, epoch: 1 | loss: 0.9740963
	speed: 0.1723s/iter; left time: 96348.1043s
	iters: 1200, epoch: 1 | loss: 0.9076008
	speed: 0.1724s/iter; left time: 96402.3194s
	iters: 1300, epoch: 1 | loss: 1.0834610
	speed: 0.1721s/iter; left time: 96231.6411s
	iters: 1400, epoch: 1 | loss: 0.9759201
	speed: 0.1724s/iter; left time: 96374.5086s
	iters: 1500, epoch: 1 | loss: 1.0504448
	speed: 0.1722s/iter; left time: 96243.6158s
	iters: 1600, epoch: 1 | loss: 0.9608800
	speed: 0.1724s/iter; left time: 96365.0746s
	iters: 1700, epoch: 1 | loss: 0.9348426
	speed: 0.1723s/iter; left time: 96242.7378s
	iters: 1800, epoch: 1 | loss: 0.9276920
	speed: 0.1721s/iter; left time: 96140.2333s
	iters: 1900, epoch: 1 | loss: 0.9357937
	speed: 0.1723s/iter; left time: 96233.6532s
	iters: 2000, epoch: 1 | loss: 1.0054243
	speed: 0.1724s/iter; left time: 96286.9285s
	iters: 2100, epoch: 1 | loss: 0.8301427
	speed: 0.1724s/iter; left time: 96251.7753s
	iters: 2200, epoch: 1 | loss: 0.8907011
	speed: 0.1722s/iter; left time: 96129.1195s
	iters: 2300, epoch: 1 | loss: 0.8975040
	speed: 0.1722s/iter; left time: 96087.1355s
	iters: 2400, epoch: 1 | loss: 0.9454852
	speed: 0.1724s/iter; left time: 96179.7946s
	iters: 2500, epoch: 1 | loss: 0.9278584
	speed: 0.1722s/iter; left time: 96073.8950s
	iters: 2600, epoch: 1 | loss: 0.8937551
	speed: 0.1722s/iter; left time: 96050.4491s
	iters: 2700, epoch: 1 | loss: 0.8302249
	speed: 0.1723s/iter; left time: 96095.8222s
	iters: 2800, epoch: 1 | loss: 0.8510725
	speed: 0.1724s/iter; left time: 96141.3669s
Epoch: 1 cost time: 483.1783330440521
Epoch: 1, Steps: 2802 | Train Loss: 1.0093151 Vali Loss: 1.7560594 Test Loss: 1.4414877
Validation loss decreased (inf --> 1.756059).  Saving model ...
	iters: 100, epoch: 2 | loss: 0.8636625
	speed: 2.8130s/iter; left time: 1568220.3481s
	iters: 200, epoch: 2 | loss: 0.9242343
	speed: 0.1710s/iter; left time: 95337.5334s
	iters: 300, epoch: 2 | loss: 0.9348133
	speed: 0.1709s/iter; left time: 95245.9237s
	iters: 400, epoch: 2 | loss: 0.7939405
	speed: 0.1714s/iter; left time: 95476.1801s
	iters: 500, epoch: 2 | loss: 0.8497824
	speed: 0.1713s/iter; left time: 95446.2689s
	iters: 600, epoch: 2 | loss: 0.8266641
	speed: 0.1711s/iter; left time: 95277.0123s
	iters: 700, epoch: 2 | loss: 0.8224015
	speed: 0.1711s/iter; left time: 95280.9079s
	iters: 800, epoch: 2 | loss: 0.8044800
	speed: 0.1710s/iter; left time: 95187.7376s
	iters: 900, epoch: 2 | loss: 0.8841313
	speed: 0.1713s/iter; left time: 95380.4695s
	iters: 1000, epoch: 2 | loss: 0.9187832
	speed: 0.1714s/iter; left time: 95387.9143s
	iters: 1100, epoch: 2 | loss: 0.7830263
	speed: 0.1708s/iter; left time: 95073.8979s
	iters: 1200, epoch: 2 | loss: 0.7723200
	speed: 0.1711s/iter; left time: 95200.1005s
	iters: 1300, epoch: 2 | loss: 0.7710850
	speed: 0.1713s/iter; left time: 95276.4774s
	iters: 1400, epoch: 2 | loss: 0.7412068
	speed: 0.1713s/iter; left time: 95303.1431s
	iters: 1500, epoch: 2 | loss: 0.7806932
	speed: 0.1710s/iter; left time: 95110.1777s
	iters: 1600, epoch: 2 | loss: 0.7819666
	speed: 0.1712s/iter; left time: 95208.2233s
	iters: 1700, epoch: 2 | loss: 1.0391967
	speed: 0.1709s/iter; left time: 95012.6190s
	iters: 1800, epoch: 2 | loss: 0.8478851
	speed: 0.1715s/iter; left time: 95308.8538s
	iters: 1900, epoch: 2 | loss: 0.7960450
	speed: 0.1716s/iter; left time: 95379.2173s
	iters: 2000, epoch: 2 | loss: 0.7507882
	speed: 0.1717s/iter; left time: 95379.2938s
	iters: 2100, epoch: 2 | loss: 0.7151608
	speed: 0.1709s/iter; left time: 94920.1386s
	iters: 2200, epoch: 2 | loss: 0.7492606
	speed: 0.1717s/iter; left time: 95338.2477s
	iters: 2300, epoch: 2 | loss: 0.6461957
	speed: 0.1713s/iter; left time: 95115.4019s
	iters: 2400, epoch: 2 | loss: 0.7743036
	speed: 0.1711s/iter; left time: 95007.7879s
	iters: 2500, epoch: 2 | loss: 0.7566189
	speed: 0.1714s/iter; left time: 95157.6286s
	iters: 2600, epoch: 2 | loss: 0.7875121
	speed: 0.1712s/iter; left time: 94991.3658s
	iters: 2700, epoch: 2 | loss: 0.8294997
	speed: 0.1713s/iter; left time: 95047.7882s
	iters: 2800, epoch: 2 | loss: 0.6634713
	speed: 0.1714s/iter; left time: 95118.3996s
Epoch: 2 cost time: 479.9447181224823
Epoch: 2, Steps: 2802 | Train Loss: 0.8013497 Vali Loss: 1.5314022 Test Loss: 1.1566767
Validation loss decreased (1.756059 --> 1.531402).  Saving model ...
	iters: 100, epoch: 3 | loss: 0.7490736
	speed: 2.8149s/iter; left time: 1561394.1835s
	iters: 200, epoch: 3 | loss: 0.7406917
	speed: 0.1715s/iter; left time: 95113.4945s
	iters: 300, epoch: 3 | loss: 0.7483341
	speed: 0.1710s/iter; left time: 94798.6749s
	iters: 400, epoch: 3 | loss: 0.7384133
	speed: 0.1717s/iter; left time: 95165.5044s
	iters: 500, epoch: 3 | loss: 0.7002219
	speed: 0.1715s/iter; left time: 95060.0766s
	iters: 600, epoch: 3 | loss: 0.7206693
	speed: 0.1709s/iter; left time: 94697.8870s
	iters: 700, epoch: 3 | loss: 0.7360106
	speed: 0.1717s/iter; left time: 95140.2507s
	iters: 800, epoch: 3 | loss: 0.7088127
	speed: 0.1717s/iter; left time: 95139.1879s
	iters: 900, epoch: 3 | loss: 0.5979735
	speed: 0.1710s/iter; left time: 94740.4490s
	iters: 1000, epoch: 3 | loss: 0.6793951
	speed: 0.1718s/iter; left time: 95151.4301s
	iters: 1100, epoch: 3 | loss: 1.0860050
	speed: 0.1720s/iter; left time: 95250.6511s
	iters: 1200, epoch: 3 | loss: 0.6260433
	speed: 0.1717s/iter; left time: 95055.3203s
	iters: 1300, epoch: 3 | loss: 0.6483698
	speed: 0.1720s/iter; left time: 95215.2679s
	iters: 1400, epoch: 3 | loss: 0.6348057
	speed: 0.1711s/iter; left time: 94711.9478s
	iters: 1500, epoch: 3 | loss: 0.6845904
	speed: 0.1716s/iter; left time: 94939.5748s
	iters: 1600, epoch: 3 | loss: 0.7646614
	speed: 0.1716s/iter; left time: 94916.6457s
	iters: 1700, epoch: 3 | loss: 0.6859063
	speed: 0.1718s/iter; left time: 95024.7445s
	iters: 1800, epoch: 3 | loss: 0.6762134
	speed: 0.1716s/iter; left time: 94894.6825s
	iters: 1900, epoch: 3 | loss: 0.6148327
	speed: 0.1719s/iter; left time: 95026.6053s
	iters: 2000, epoch: 3 | loss: 0.6692016
	speed: 0.1717s/iter; left time: 94899.6775s
	iters: 2100, epoch: 3 | loss: 0.7138838
	speed: 0.1711s/iter; left time: 94549.7170s
	iters: 2200, epoch: 3 | loss: 0.7883772
	speed: 0.1719s/iter; left time: 95016.1316s
	iters: 2300, epoch: 3 | loss: 0.6848413
	speed: 0.1719s/iter; left time: 94972.6500s
	iters: 2400, epoch: 3 | loss: 0.7393001
	speed: 0.1716s/iter; left time: 94783.6580s
	iters: 2500, epoch: 3 | loss: 0.6838671
	speed: 0.1720s/iter; left time: 95008.0032s
	iters: 2600, epoch: 3 | loss: 0.6571879
	speed: 0.1716s/iter; left time: 94771.1769s
	iters: 2700, epoch: 3 | loss: 0.6782899
	speed: 0.1722s/iter; left time: 95092.9910s
	iters: 2800, epoch: 3 | loss: 0.8330325
	speed: 0.1718s/iter; left time: 94822.0471s
Epoch: 3 cost time: 481.0071280002594
Epoch: 3, Steps: 2802 | Train Loss: 0.7099712 Vali Loss: 1.5701228 Test Loss: 1.2742206
EarlyStopping counter: 1 out of 5
	iters: 100, epoch: 4 | loss: 0.7026691
	speed: 2.8155s/iter; left time: 1553877.5516s
	iters: 200, epoch: 4 | loss: 0.6323967
	speed: 0.1707s/iter; left time: 94195.0713s
	iters: 300, epoch: 4 | loss: 0.6748480
	speed: 0.1713s/iter; left time: 94495.1510s
	iters: 400, epoch: 4 | loss: 0.6711383
	speed: 0.1720s/iter; left time: 94901.3933s
	iters: 500, epoch: 4 | loss: 0.6119081
	speed: 0.1725s/iter; left time: 95106.4547s
	iters: 600, epoch: 4 | loss: 0.7194314
	speed: 0.1718s/iter; left time: 94743.1705s
	iters: 700, epoch: 4 | loss: 0.6525012
	speed: 0.1713s/iter; left time: 94424.0635s
	iters: 800, epoch: 4 | loss: 0.6336391
	speed: 0.1714s/iter; left time: 94461.6900s
	iters: 900, epoch: 4 | loss: 0.6466992
	speed: 0.1720s/iter; left time: 94778.7395s
	iters: 1000, epoch: 4 | loss: 0.6052088
	speed: 0.1718s/iter; left time: 94686.5449s
	iters: 1100, epoch: 4 | loss: 0.6294430
	speed: 0.1719s/iter; left time: 94700.9576s
	iters: 1200, epoch: 4 | loss: 0.7865320
	speed: 0.1716s/iter; left time: 94491.5952s
	iters: 1300, epoch: 4 | loss: 0.7423410
	speed: 0.1718s/iter; left time: 94628.1045s
	iters: 1400, epoch: 4 | loss: 0.6543661
	speed: 0.1715s/iter; left time: 94425.2236s
	iters: 1500, epoch: 4 | loss: 0.6381591
	speed: 0.1716s/iter; left time: 94490.4926s
	iters: 1600, epoch: 4 | loss: 0.6127980
	speed: 0.1718s/iter; left time: 94563.8058s
	iters: 1700, epoch: 4 | loss: 0.7234006
	speed: 0.1718s/iter; left time: 94556.1853s
	iters: 1800, epoch: 4 | loss: 0.6350785
	speed: 0.1715s/iter; left time: 94354.3241s
	iters: 1900, epoch: 4 | loss: 0.7573392
	speed: 0.1720s/iter; left time: 94640.5078s
	iters: 2000, epoch: 4 | loss: 0.6665172
	speed: 0.1721s/iter; left time: 94633.5590s
	iters: 2100, epoch: 4 | loss: 0.6642566
	speed: 0.1720s/iter; left time: 94606.7860s
	iters: 2200, epoch: 4 | loss: 0.6140324
	speed: 0.1718s/iter; left time: 94476.6969s
	iters: 2300, epoch: 4 | loss: 0.6150671
	speed: 0.1712s/iter; left time: 94126.2323s
	iters: 2400, epoch: 4 | loss: 0.6120965
	speed: 0.1710s/iter; left time: 93973.9202s
	iters: 2500, epoch: 4 | loss: 0.6463860
	speed: 0.1721s/iter; left time: 94551.2563s
	iters: 2600, epoch: 4 | loss: 0.5730077
	speed: 0.1714s/iter; left time: 94183.7378s
	iters: 2700, epoch: 4 | loss: 0.6799065
	speed: 0.1717s/iter; left time: 94333.1444s
	iters: 2800, epoch: 4 | loss: 0.6454244
	speed: 0.1719s/iter; left time: 94409.2160s
Epoch: 4 cost time: 481.1757860183716
Epoch: 4, Steps: 2802 | Train Loss: 0.6644350 Vali Loss: 1.4551287 Test Loss: 1.1115407
Validation loss decreased (1.531402 --> 1.455129).  Saving model ...
	iters: 100, epoch: 5 | loss: 0.6451377
	speed: 2.8167s/iter; left time: 1546654.2658s
	iters: 200, epoch: 5 | loss: 0.6398734
	speed: 0.1715s/iter; left time: 94161.7739s
	iters: 300, epoch: 5 | loss: 0.5548726
	speed: 0.1719s/iter; left time: 94336.1646s
	iters: 400, epoch: 5 | loss: 0.5610598
	speed: 0.1718s/iter; left time: 94293.2844s
	iters: 500, epoch: 5 | loss: 0.6425685
	speed: 0.1716s/iter; left time: 94173.8861s
	iters: 600, epoch: 5 | loss: 0.5711644
	speed: 0.1715s/iter; left time: 94107.5701s
	iters: 700, epoch: 5 | loss: 0.5768534
	speed: 0.1714s/iter; left time: 94003.3288s
	iters: 800, epoch: 5 | loss: 0.5348374
	speed: 0.1723s/iter; left time: 94510.7267s
	iters: 900, epoch: 5 | loss: 0.6406260
	speed: 0.1721s/iter; left time: 94348.8160s
	iters: 1000, epoch: 5 | loss: 0.6096392
	speed: 0.1718s/iter; left time: 94186.8168s
	iters: 1100, epoch: 5 | loss: 0.6311316
	speed: 0.1715s/iter; left time: 94018.1799s
	iters: 1200, epoch: 5 | loss: 0.6730226
	speed: 0.1719s/iter; left time: 94197.3226s
	iters: 1300, epoch: 5 | loss: 0.7225077
	speed: 0.1719s/iter; left time: 94185.8572s
	iters: 1400, epoch: 5 | loss: 0.6585054
	speed: 0.1722s/iter; left time: 94348.6533s
	iters: 1500, epoch: 5 | loss: 0.5668021
	speed: 0.1718s/iter; left time: 94069.0995s
	iters: 1600, epoch: 5 | loss: 0.6397209
	speed: 0.1722s/iter; left time: 94294.4220s
	iters: 1700, epoch: 5 | loss: 0.5463753
	speed: 0.1723s/iter; left time: 94318.3173s
	iters: 1800, epoch: 5 | loss: 0.6338435
	speed: 0.1720s/iter; left time: 94145.5707s
	iters: 1900, epoch: 5 | loss: 0.5720839
	speed: 0.1717s/iter; left time: 93950.3318s
	iters: 2000, epoch: 5 | loss: 0.7001329
	speed: 0.1711s/iter; left time: 93647.3489s
	iters: 2100, epoch: 5 | loss: 0.6655748
	speed: 0.1714s/iter; left time: 93748.9991s
	iters: 2200, epoch: 5 | loss: 0.6059049
	speed: 0.1717s/iter; left time: 93908.6097s
	iters: 2300, epoch: 5 | loss: 0.6574227
	speed: 0.1718s/iter; left time: 93946.2560s
	iters: 2400, epoch: 5 | loss: 0.7304034
	speed: 0.1716s/iter; left time: 93813.6626s
	iters: 2500, epoch: 5 | loss: 0.5978668
	speed: 0.1722s/iter; left time: 94159.8332s
	iters: 2600, epoch: 5 | loss: 0.6914726
	speed: 0.1713s/iter; left time: 93655.7510s
	iters: 2700, epoch: 5 | loss: 0.5819992
	speed: 0.1717s/iter; left time: 93854.7470s
	iters: 2800, epoch: 5 | loss: 0.6056845
	speed: 0.1715s/iter; left time: 93721.4957s
Epoch: 5 cost time: 481.5067319869995
Epoch: 5, Steps: 2802 | Train Loss: 0.6427835 Vali Loss: 1.5944014 Test Loss: 1.3321339
EarlyStopping counter: 1 out of 5
	iters: 100, epoch: 6 | loss: 0.5945811
	speed: 2.8253s/iter; left time: 1543443.3588s
	iters: 200, epoch: 6 | loss: 0.5725086
	speed: 0.1723s/iter; left time: 94133.0805s
	iters: 300, epoch: 6 | loss: 0.5885465
	speed: 0.1726s/iter; left time: 94233.2002s
	iters: 400, epoch: 6 | loss: 0.6195556
	speed: 0.1722s/iter; left time: 94022.4348s
	iters: 500, epoch: 6 | loss: 0.5282741
	speed: 0.1726s/iter; left time: 94237.8233s
	iters: 600, epoch: 6 | loss: 0.6274332
	speed: 0.1720s/iter; left time: 93873.3313s
	iters: 700, epoch: 6 | loss: 0.6158850
	speed: 0.1725s/iter; left time: 94135.9323s
	iters: 800, epoch: 6 | loss: 0.6614394
	speed: 0.1723s/iter; left time: 93978.1195s
	iters: 900, epoch: 6 | loss: 0.6286538
	speed: 0.1722s/iter; left time: 93923.6792s
	iters: 1000, epoch: 6 | loss: 0.5654040
	speed: 0.1721s/iter; left time: 93860.2699s
	iters: 1100, epoch: 6 | loss: 0.5753301
	speed: 0.1720s/iter; left time: 93794.7598s
	iters: 1200, epoch: 6 | loss: 0.5673913
	speed: 0.1720s/iter; left time: 93755.4189s
	iters: 1300, epoch: 6 | loss: 0.6141370
	speed: 0.1721s/iter; left time: 93825.2470s
	iters: 1400, epoch: 6 | loss: 0.5260345
	speed: 0.1722s/iter; left time: 93865.8298s
	iters: 1500, epoch: 6 | loss: 0.7103751
	speed: 0.1721s/iter; left time: 93785.5302s
	iters: 1600, epoch: 6 | loss: 0.6335892
	speed: 0.1721s/iter; left time: 93759.8380s
	iters: 1700, epoch: 6 | loss: 0.5519373
	speed: 0.1721s/iter; left time: 93757.0427s
	iters: 1800, epoch: 6 | loss: 0.5725524
	speed: 0.1722s/iter; left time: 93793.5241s
	iters: 1900, epoch: 6 | loss: 0.5228774
	speed: 0.1720s/iter; left time: 93631.5232s
	iters: 2000, epoch: 6 | loss: 0.6344914
	speed: 0.1722s/iter; left time: 93760.8970s
	iters: 2100, epoch: 6 | loss: 0.6273541
	speed: 0.1718s/iter; left time: 93534.5303s
	iters: 2200, epoch: 6 | loss: 0.5999029
	speed: 0.1721s/iter; left time: 93651.0286s
	iters: 2300, epoch: 6 | loss: 0.5458035
	speed: 0.1720s/iter; left time: 93594.3037s
	iters: 2400, epoch: 6 | loss: 0.6550452
	speed: 0.1721s/iter; left time: 93604.0866s
	iters: 2500, epoch: 6 | loss: 0.5809134
	speed: 0.1721s/iter; left time: 93610.1444s
	iters: 2600, epoch: 6 | loss: 0.6555556
	speed: 0.1721s/iter; left time: 93598.4460s
	iters: 2700, epoch: 6 | loss: 0.5897807
	speed: 0.1720s/iter; left time: 93532.1573s
	iters: 2800, epoch: 6 | loss: 0.5885980
	speed: 0.1722s/iter; left time: 93601.5880s
Epoch: 6 cost time: 482.55488562583923
Epoch: 6, Steps: 2802 | Train Loss: 0.6213528 Vali Loss: 1.4610270 Test Loss: 1.2082802
EarlyStopping counter: 2 out of 5
	iters: 100, epoch: 7 | loss: 0.6150010
	speed: 2.8272s/iter; left time: 1536561.2504s
	iters: 200, epoch: 7 | loss: 0.5656877
	speed: 0.1718s/iter; left time: 93367.6511s
	iters: 300, epoch: 7 | loss: 0.5812560
	speed: 0.1726s/iter; left time: 93791.2287s
	iters: 400, epoch: 7 | loss: 0.6386703
	speed: 0.1723s/iter; left time: 93609.3237s
	iters: 500, epoch: 7 | loss: 0.6210799
	speed: 0.1722s/iter; left time: 93519.3912s
	iters: 600, epoch: 7 | loss: 0.6315680
	speed: 0.1723s/iter; left time: 93540.7966s
	iters: 700, epoch: 7 | loss: 0.6283892
	speed: 0.1723s/iter; left time: 93551.2621s
	iters: 800, epoch: 7 | loss: 0.6242476
	speed: 0.1724s/iter; left time: 93581.5821s
	iters: 900, epoch: 7 | loss: 0.5917179
	speed: 0.1726s/iter; left time: 93664.6939s
	iters: 1000, epoch: 7 | loss: 0.5905952
	speed: 0.1722s/iter; left time: 93458.6275s
	iters: 1100, epoch: 7 | loss: 0.6000963
	speed: 0.1722s/iter; left time: 93418.8073s
	iters: 1200, epoch: 7 | loss: 0.6191964
	speed: 0.1720s/iter; left time: 93306.1507s
	iters: 1300, epoch: 7 | loss: 0.6011347
	speed: 0.1724s/iter; left time: 93465.9057s
	iters: 1400, epoch: 7 | loss: 0.5958852
	speed: 0.1721s/iter; left time: 93332.0369s
	iters: 1500, epoch: 7 | loss: 0.6634353
	speed: 0.1727s/iter; left time: 93622.2146s
	iters: 1600, epoch: 7 | loss: 0.5728412
	speed: 0.1723s/iter; left time: 93403.8010s
	iters: 1700, epoch: 7 | loss: 0.5933747
	speed: 0.1719s/iter; left time: 93137.3114s
	iters: 1800, epoch: 7 | loss: 0.6164377
	speed: 0.1726s/iter; left time: 93492.3488s
	iters: 1900, epoch: 7 | loss: 0.6276473
	speed: 0.1719s/iter; left time: 93125.7169s
	iters: 2000, epoch: 7 | loss: 0.6007299
	speed: 0.1724s/iter; left time: 93396.3510s
	iters: 2100, epoch: 7 | loss: 0.5780351
	speed: 0.1724s/iter; left time: 93345.7425s
	iters: 2200, epoch: 7 | loss: 0.5369752
	speed: 0.1721s/iter; left time: 93198.5695s
	iters: 2300, epoch: 7 | loss: 0.8550811
	speed: 0.1726s/iter; left time: 93451.8842s
	iters: 2400, epoch: 7 | loss: 0.6347644
	speed: 0.1715s/iter; left time: 92811.6779s
	iters: 2500, epoch: 7 | loss: 0.5816665
	speed: 0.1717s/iter; left time: 92886.9622s
	iters: 2600, epoch: 7 | loss: 0.5522501
	speed: 0.1719s/iter; left time: 93008.2111s
	iters: 2700, epoch: 7 | loss: 0.5878667
	speed: 0.1718s/iter; left time: 92913.0083s
	iters: 2800, epoch: 7 | loss: 0.7827083
	speed: 0.1722s/iter; left time: 93121.5980s
Epoch: 7 cost time: 482.6615905761719
Epoch: 7, Steps: 2802 | Train Loss: 0.6064335 Vali Loss: 1.4774148 Test Loss: 1.1772646
EarlyStopping counter: 3 out of 5
	iters: 100, epoch: 8 | loss: 0.5354723
	speed: 2.8156s/iter; left time: 1522332.2114s
	iters: 200, epoch: 8 | loss: 0.6200898
	speed: 0.1719s/iter; left time: 92913.1818s
	iters: 300, epoch: 8 | loss: 0.8837804
	speed: 0.1716s/iter; left time: 92762.7084s
	iters: 400, epoch: 8 | loss: 0.5817558
	speed: 0.1714s/iter; left time: 92608.8726s
	iters: 500, epoch: 8 | loss: 0.4952997
	speed: 0.1718s/iter; left time: 92810.8820s
	iters: 600, epoch: 8 | loss: 0.5414680
	speed: 0.1713s/iter; left time: 92527.9239s
	iters: 700, epoch: 8 | loss: 0.5857084
	speed: 0.1713s/iter; left time: 92528.3009s
	iters: 800, epoch: 8 | loss: 0.6107867
	speed: 0.1717s/iter; left time: 92738.0679s
	iters: 900, epoch: 8 | loss: 0.6381921
	speed: 0.1718s/iter; left time: 92752.4582s
	iters: 1000, epoch: 8 | loss: 1.0414921
	speed: 0.1713s/iter; left time: 92483.7987s
	iters: 1100, epoch: 8 | loss: 0.5717085
	speed: 0.1719s/iter; left time: 92760.1996s
	iters: 1200, epoch: 8 | loss: 0.5528058
	speed: 0.1714s/iter; left time: 92508.7948s
	iters: 1300, epoch: 8 | loss: 0.5777746
	speed: 0.1717s/iter; left time: 92653.4552s
	iters: 1400, epoch: 8 | loss: 0.5734183
	speed: 0.1717s/iter; left time: 92625.6327s
	iters: 1500, epoch: 8 | loss: 0.4486673
	speed: 0.1714s/iter; left time: 92430.1511s
	iters: 1600, epoch: 8 | loss: 0.5608694
	speed: 0.1715s/iter; left time: 92493.0021s
	iters: 1700, epoch: 8 | loss: 0.5797433
	speed: 0.1716s/iter; left time: 92515.5233s
	iters: 1800, epoch: 8 | loss: 0.5250016
	speed: 0.1720s/iter; left time: 92728.1587s
	iters: 1900, epoch: 8 | loss: 0.5848967
	speed: 0.1713s/iter; left time: 92293.8858s
	iters: 2000, epoch: 8 | loss: 0.5392702
	speed: 0.1717s/iter; left time: 92490.4636s
	iters: 2100, epoch: 8 | loss: 0.5485961
	speed: 0.1716s/iter; left time: 92443.8437s
	iters: 2200, epoch: 8 | loss: 0.5227922
	speed: 0.1716s/iter; left time: 92429.4101s
	iters: 2300, epoch: 8 | loss: 0.5513442
	speed: 0.1717s/iter; left time: 92443.8777s
	iters: 2400, epoch: 8 | loss: 0.5896568
	speed: 0.1718s/iter; left time: 92497.4760s
	iters: 2500, epoch: 8 | loss: 0.5377561
	speed: 0.1718s/iter; left time: 92493.8416s
	iters: 2600, epoch: 8 | loss: 0.5941357
	speed: 0.1721s/iter; left time: 92638.1671s
	iters: 2700, epoch: 8 | loss: 0.5588350
	speed: 0.1711s/iter; left time: 92086.4367s
	iters: 2800, epoch: 8 | loss: 0.6634079
	speed: 0.1723s/iter; left time: 92678.8743s
Epoch: 8 cost time: 481.1299662590027
Epoch: 8, Steps: 2802 | Train Loss: 0.5935889 Vali Loss: 1.4841402 Test Loss: 1.1858139
EarlyStopping counter: 4 out of 5
	iters: 100, epoch: 9 | loss: 0.5557963
	speed: 2.8135s/iter; left time: 1513348.2764s
	iters: 200, epoch: 9 | loss: 0.6271673
	speed: 0.1719s/iter; left time: 92463.1513s
	iters: 300, epoch: 9 | loss: 0.5856395
	speed: 0.1720s/iter; left time: 92501.0096s
	iters: 400, epoch: 9 | loss: 0.6018119
	speed: 0.1719s/iter; left time: 92403.6907s
	iters: 500, epoch: 9 | loss: 0.5485861
	speed: 0.1720s/iter; left time: 92464.8802s
	iters: 600, epoch: 9 | loss: 0.5426134
	speed: 0.1719s/iter; left time: 92384.1948s
	iters: 700, epoch: 9 | loss: 0.5334989
	speed: 0.1720s/iter; left time: 92401.5695s
	iters: 800, epoch: 9 | loss: 0.5548865
	speed: 0.1720s/iter; left time: 92394.5536s
	iters: 900, epoch: 9 | loss: 0.7739577
	speed: 0.1716s/iter; left time: 92174.8360s
	iters: 1000, epoch: 9 | loss: 0.5529113
	speed: 0.1718s/iter; left time: 92259.0907s
	iters: 1100, epoch: 9 | loss: 0.5717393
	speed: 0.1717s/iter; left time: 92182.9603s
	iters: 1200, epoch: 9 | loss: 0.5657465
	speed: 0.1719s/iter; left time: 92281.7014s
	iters: 1300, epoch: 9 | loss: 0.6317892
	speed: 0.1721s/iter; left time: 92341.1988s
	iters: 1400, epoch: 9 | loss: 0.5739537
	speed: 0.1721s/iter; left time: 92322.8352s
	iters: 1500, epoch: 9 | loss: 0.5603480
	speed: 0.1717s/iter; left time: 92117.1763s
	iters: 1600, epoch: 9 | loss: 0.5830691
	speed: 0.1721s/iter; left time: 92338.6018s
	iters: 1700, epoch: 9 | loss: 0.6037682
	speed: 0.1721s/iter; left time: 92312.0390s
	iters: 1800, epoch: 9 | loss: 0.5644405
	speed: 0.1718s/iter; left time: 92106.1570s
	iters: 1900, epoch: 9 | loss: 0.5469233
	speed: 0.1719s/iter; left time: 92136.4435s
	iters: 2000, epoch: 9 | loss: 0.5619268
	speed: 0.1719s/iter; left time: 92153.9001s
	iters: 2100, epoch: 9 | loss: 0.5856676
	speed: 0.1738s/iter; left time: 93145.6166s
	iters: 2200, epoch: 9 | loss: 0.6959044
	speed: 0.1755s/iter; left time: 94018.7335s
	iters: 2300, epoch: 9 | loss: 0.5262823
	speed: 0.1757s/iter; left time: 94133.1840s
	iters: 2400, epoch: 9 | loss: 0.5365723
	speed: 0.1763s/iter; left time: 94413.5764s
	iters: 2500, epoch: 9 | loss: 0.7197021
	speed: 0.1753s/iter; left time: 93865.7212s
	iters: 2600, epoch: 9 | loss: 0.6023242
	speed: 0.1755s/iter; left time: 93976.4506s
	iters: 2700, epoch: 9 | loss: 0.5771729
	speed: 0.1751s/iter; left time: 93722.8736s
	iters: 2800, epoch: 9 | loss: 0.5137614
	speed: 0.1762s/iter; left time: 94316.8081s
Epoch: 9 cost time: 484.6917452812195
Epoch: 9, Steps: 2802 | Train Loss: 0.5780310 Vali Loss: 1.5179440 Test Loss: 1.2440139
EarlyStopping counter: 5 out of 5
Early stopping
>>>>>>>testing : long_term_forecast_pems10_all_96_336_Autoformer_custom_ftM_sl96_ll48_pl336_dm128_nh8_el2_dl1_df2048_fc3_ebtimeF_dtTrue_srate0.1_sseed7_trainseed2024_gap548_Exp_0<<<<<<<<<<<<<<<<<<<<<<<<<<<<<<<<<
test 193501
test shape: (19350, 1, 336, 107) (19350, 1, 336, 107)
test shape: (19350, 336, 107) (19350, 336, 107)
mse:1.1115355491638184, mae:0.8086804151535034
>>>>>>>Overall time: 7032 seconds<<<<<<<<<<<<<<<<<<<<<<<<<<<<<<<<<
