Args in experiment:
Namespace(activation='gelu', anomaly_ratio=0.25, batch_size=32, c_out=151, checkpoints='./checkpoints/', d_ff=2048, d_layers=1, d_model=128, data='custom', data_path='pems03_all_common_flow.csv', dec_in=151, des='Exp', devices='0,1,2,3', distil=True, dropout=0, e_layers=2, embed='timeF', enc_in=151, factor=3, features='M', freq='h', gap_day=548, gpu=0, inverse=False, is_training=1, itr=1, label_len=48, learning_rate=0.0005, loss='MSE', lradj='type3', mask_rate=0.25, model='Autoformer', model_id='pems03_all_96_96', moving_avg=25, n_heads=8, num_kernels=6, num_workers=10, output_attention=False, p_hidden_dims=[128, 128], p_hidden_layers=2, patience=5, pred_len=96, root_path='../../data/pems/', samle_rate=0.1, sample_seed=7, seasonal_patterns='Monthly', seq_len=96, target='OT', task_name='long_term_forecast', top_k=5, train_epochs=200, train_seed=2024, use_amp=False, use_gpu=True, use_multi_gpu=False)
Use GPU: cuda:0
>>>>>>>start training : long_term_forecast_pems03_all_96_96_Autoformer_custom_ftM_sl96_ll48_pl96_dm128_nh8_el2_dl1_df2048_fc3_ebtimeF_dtTrue_srate0.1_sseed7_trainseed2024_gap548_Exp_0>>>>>>>>>>>>>>>>>>>>>>>>>>
train 1217174
val 300478
test 300477
	iters: 100, epoch: 1 | loss: 1.2101964
	speed: 0.1073s/iter; left time: 81582.8351s
	iters: 200, epoch: 1 | loss: 1.0613165
	speed: 0.1039s/iter; left time: 78973.3201s
	iters: 300, epoch: 1 | loss: 0.9973288
	speed: 0.1036s/iter; left time: 78763.4088s
	iters: 400, epoch: 1 | loss: 0.9490262
	speed: 0.1027s/iter; left time: 78100.9586s
	iters: 500, epoch: 1 | loss: 0.8332465
	speed: 0.1021s/iter; left time: 77607.3218s
	iters: 600, epoch: 1 | loss: 0.9445180
	speed: 0.1017s/iter; left time: 77314.3861s
	iters: 700, epoch: 1 | loss: 0.9941171
	speed: 0.1027s/iter; left time: 78072.9601s
	iters: 800, epoch: 1 | loss: 0.9249406
	speed: 0.1036s/iter; left time: 78728.6159s
	iters: 900, epoch: 1 | loss: 0.9163996
	speed: 0.1043s/iter; left time: 79237.6915s
	iters: 1000, epoch: 1 | loss: 0.9763744
	speed: 0.1046s/iter; left time: 79481.2981s
	iters: 1100, epoch: 1 | loss: 0.8186908
	speed: 0.1037s/iter; left time: 78782.9348s
	iters: 1200, epoch: 1 | loss: 0.9744465
	speed: 0.1041s/iter; left time: 79034.5796s
	iters: 1300, epoch: 1 | loss: 0.7895815
	speed: 0.1046s/iter; left time: 79459.8479s
	iters: 1400, epoch: 1 | loss: 0.7852354
	speed: 0.1042s/iter; left time: 79108.3773s
	iters: 1500, epoch: 1 | loss: 0.7959642
	speed: 0.1048s/iter; left time: 79536.1770s
	iters: 1600, epoch: 1 | loss: 0.8961568
	speed: 0.1043s/iter; left time: 79142.3665s
	iters: 1700, epoch: 1 | loss: 0.8142428
	speed: 0.1042s/iter; left time: 79105.5082s
	iters: 1800, epoch: 1 | loss: 0.8613637
	speed: 0.1043s/iter; left time: 79164.6995s
	iters: 1900, epoch: 1 | loss: 0.7688449
	speed: 0.1042s/iter; left time: 79038.6826s
	iters: 2000, epoch: 1 | loss: 0.8188412
	speed: 0.1038s/iter; left time: 78770.7572s
	iters: 2100, epoch: 1 | loss: 0.7328084
	speed: 0.1042s/iter; left time: 79029.8931s
	iters: 2200, epoch: 1 | loss: 0.8405378
	speed: 0.1037s/iter; left time: 78649.8408s
	iters: 2300, epoch: 1 | loss: 0.8204860
	speed: 0.1039s/iter; left time: 78786.6666s
	iters: 2400, epoch: 1 | loss: 0.7490479
	speed: 0.1044s/iter; left time: 79158.7120s
	iters: 2500, epoch: 1 | loss: 0.7338480
	speed: 0.1038s/iter; left time: 78679.8068s
	iters: 2600, epoch: 1 | loss: 0.7468635
	speed: 0.1041s/iter; left time: 78920.4577s
	iters: 2700, epoch: 1 | loss: 0.7774255
	speed: 0.1047s/iter; left time: 79331.4023s
	iters: 2800, epoch: 1 | loss: 0.6614099
	speed: 0.1038s/iter; left time: 78633.1965s
	iters: 2900, epoch: 1 | loss: 0.6409889
	speed: 0.1039s/iter; left time: 78689.4925s
	iters: 3000, epoch: 1 | loss: 0.7258219
	speed: 0.1038s/iter; left time: 78628.1796s
	iters: 3100, epoch: 1 | loss: 0.7456499
	speed: 0.1040s/iter; left time: 78776.7058s
	iters: 3200, epoch: 1 | loss: 0.7363052
	speed: 0.1045s/iter; left time: 79113.8114s
	iters: 3300, epoch: 1 | loss: 0.6917179
	speed: 0.1045s/iter; left time: 79122.9833s
	iters: 3400, epoch: 1 | loss: 0.6645106
	speed: 0.1042s/iter; left time: 78935.0554s
	iters: 3500, epoch: 1 | loss: 0.7177529
	speed: 0.1041s/iter; left time: 78836.5976s
	iters: 3600, epoch: 1 | loss: 0.6837377
	speed: 0.1043s/iter; left time: 78942.8110s
	iters: 3700, epoch: 1 | loss: 0.6582868
	speed: 0.1045s/iter; left time: 79062.5010s
	iters: 3800, epoch: 1 | loss: 0.6543043
	speed: 0.1037s/iter; left time: 78509.8218s
Epoch: 1 cost time: 395.7532157897949
Epoch: 1, Steps: 3803 | Train Loss: 0.8424741 Vali Loss: 1.4740001 Test Loss: 1.4668689
Validation loss decreased (inf --> 1.474000).  Saving model ...
	iters: 100, epoch: 2 | loss: 0.6610091
	speed: 3.8494s/iter; left time: 2912814.4828s
	iters: 200, epoch: 2 | loss: 0.6394034
	speed: 0.1042s/iter; left time: 78816.2283s
	iters: 300, epoch: 2 | loss: 0.6268198
	speed: 0.1040s/iter; left time: 78642.2993s
	iters: 400, epoch: 2 | loss: 0.6258047
	speed: 0.1042s/iter; left time: 78802.6093s
	iters: 500, epoch: 2 | loss: 0.6343445
	speed: 0.1036s/iter; left time: 78382.4711s
	iters: 600, epoch: 2 | loss: 0.6452827
	speed: 0.1046s/iter; left time: 79123.1553s
	iters: 700, epoch: 2 | loss: 0.6793641
	speed: 0.1039s/iter; left time: 78550.0671s
	iters: 800, epoch: 2 | loss: 0.6366786
	speed: 0.1032s/iter; left time: 78044.9446s
	iters: 900, epoch: 2 | loss: 0.6080229
	speed: 0.1039s/iter; left time: 78575.0851s
	iters: 1000, epoch: 2 | loss: 0.6272725
	speed: 0.1037s/iter; left time: 78340.5530s
	iters: 1100, epoch: 2 | loss: 0.5931743
	speed: 0.1037s/iter; left time: 78382.0342s
	iters: 1200, epoch: 2 | loss: 0.5955230
	speed: 0.1037s/iter; left time: 78335.1225s
	iters: 1300, epoch: 2 | loss: 0.6303380
	speed: 0.1036s/iter; left time: 78292.4372s
	iters: 1400, epoch: 2 | loss: 0.6060883
	speed: 0.1040s/iter; left time: 78590.0270s
	iters: 1500, epoch: 2 | loss: 0.5483007
	speed: 0.1038s/iter; left time: 78418.7981s
	iters: 1600, epoch: 2 | loss: 0.5655863
	speed: 0.1036s/iter; left time: 78265.7883s
	iters: 1700, epoch: 2 | loss: 0.6605540
	speed: 0.1039s/iter; left time: 78473.7013s
	iters: 1800, epoch: 2 | loss: 0.6394272
	speed: 0.1014s/iter; left time: 76568.9448s
	iters: 1900, epoch: 2 | loss: 0.5770223
	speed: 0.1016s/iter; left time: 76686.4138s
	iters: 2000, epoch: 2 | loss: 0.5943206
	speed: 0.1018s/iter; left time: 76864.6028s
	iters: 2100, epoch: 2 | loss: 0.6336317
	speed: 0.1019s/iter; left time: 76877.5228s
	iters: 2200, epoch: 2 | loss: 0.5867639
	speed: 0.1019s/iter; left time: 76871.4778s
	iters: 2300, epoch: 2 | loss: 0.6420032
	speed: 0.1014s/iter; left time: 76532.3812s
	iters: 2400, epoch: 2 | loss: 0.6096857
	speed: 0.1018s/iter; left time: 76780.7775s
	iters: 2500, epoch: 2 | loss: 0.5846664
	speed: 0.1022s/iter; left time: 77057.2032s
	iters: 2600, epoch: 2 | loss: 0.6039703
	speed: 0.1015s/iter; left time: 76532.4150s
	iters: 2700, epoch: 2 | loss: 0.6097913
	speed: 0.1020s/iter; left time: 76884.5211s
	iters: 2800, epoch: 2 | loss: 0.5686213
	speed: 0.1021s/iter; left time: 76971.3207s
	iters: 2900, epoch: 2 | loss: 0.6048254
	speed: 0.1020s/iter; left time: 76880.9953s
	iters: 3000, epoch: 2 | loss: 0.5680949
	speed: 0.1018s/iter; left time: 76758.1529s
	iters: 3100, epoch: 2 | loss: 0.5913489
	speed: 0.1016s/iter; left time: 76548.7110s
	iters: 3200, epoch: 2 | loss: 0.6069307
	speed: 0.1019s/iter; left time: 76776.3484s
	iters: 3300, epoch: 2 | loss: 0.5558241
	speed: 0.1022s/iter; left time: 77013.5967s
	iters: 3400, epoch: 2 | loss: 0.5546662
	speed: 0.1021s/iter; left time: 76929.6114s
	iters: 3500, epoch: 2 | loss: 0.5410377
	speed: 0.1017s/iter; left time: 76587.0430s
	iters: 3600, epoch: 2 | loss: 0.6320513
	speed: 0.1018s/iter; left time: 76662.9183s
	iters: 3700, epoch: 2 | loss: 0.4921951
	speed: 0.1019s/iter; left time: 76719.9986s
	iters: 3800, epoch: 2 | loss: 0.6402686
	speed: 0.1022s/iter; left time: 76988.7972s
Epoch: 2 cost time: 390.914936542511
Epoch: 2, Steps: 3803 | Train Loss: 0.6074857 Vali Loss: 1.4936724 Test Loss: 1.4693627
EarlyStopping counter: 1 out of 5
	iters: 100, epoch: 3 | loss: 0.6216994
	speed: 3.8556s/iter; left time: 2902831.2323s
	iters: 200, epoch: 3 | loss: 0.5265279
	speed: 0.1024s/iter; left time: 77105.7122s
	iters: 300, epoch: 3 | loss: 0.6257690
	speed: 0.1021s/iter; left time: 76817.7194s
	iters: 400, epoch: 3 | loss: 0.5372099
	speed: 0.1027s/iter; left time: 77320.2263s
	iters: 500, epoch: 3 | loss: 0.5927860
	speed: 0.1018s/iter; left time: 76611.2755s
	iters: 600, epoch: 3 | loss: 0.5534307
	speed: 0.1018s/iter; left time: 76581.7371s
	iters: 700, epoch: 3 | loss: 0.5095165
	speed: 0.1022s/iter; left time: 76883.6865s
	iters: 800, epoch: 3 | loss: 0.5280889
	speed: 0.1021s/iter; left time: 76819.0844s
	iters: 900, epoch: 3 | loss: 0.4854490
	speed: 0.1021s/iter; left time: 76792.6582s
	iters: 1000, epoch: 3 | loss: 0.5151757
	speed: 0.1025s/iter; left time: 77053.9029s
	iters: 1100, epoch: 3 | loss: 0.5124106
	speed: 0.1027s/iter; left time: 77241.0601s
	iters: 1200, epoch: 3 | loss: 0.5895509
	speed: 0.1022s/iter; left time: 76863.9795s
	iters: 1300, epoch: 3 | loss: 0.5076678
	speed: 0.1023s/iter; left time: 76886.3534s
	iters: 1400, epoch: 3 | loss: 0.5289978
	speed: 0.1026s/iter; left time: 77107.3267s
	iters: 1500, epoch: 3 | loss: 0.5244160
	speed: 0.1021s/iter; left time: 76720.2490s
	iters: 1600, epoch: 3 | loss: 0.5322834
	speed: 0.1021s/iter; left time: 76718.8218s
	iters: 1700, epoch: 3 | loss: 0.5536155
	speed: 0.1022s/iter; left time: 76775.1019s
	iters: 1800, epoch: 3 | loss: 0.5218501
	speed: 0.1020s/iter; left time: 76609.7098s
	iters: 1900, epoch: 3 | loss: 0.5461122
	speed: 0.1022s/iter; left time: 76789.6211s
	iters: 2000, epoch: 3 | loss: 0.5275215
	speed: 0.1022s/iter; left time: 76736.7026s
	iters: 2100, epoch: 3 | loss: 0.5161202
	speed: 0.1022s/iter; left time: 76728.4826s
	iters: 2200, epoch: 3 | loss: 0.5871234
	speed: 0.1020s/iter; left time: 76544.2640s
	iters: 2300, epoch: 3 | loss: 0.5156098
	speed: 0.1017s/iter; left time: 76381.3903s
	iters: 2400, epoch: 3 | loss: 0.5368478
	speed: 0.1019s/iter; left time: 76485.0976s
	iters: 2500, epoch: 3 | loss: 0.5597855
	speed: 0.1024s/iter; left time: 76877.1217s
	iters: 2600, epoch: 3 | loss: 0.5437664
	speed: 0.1019s/iter; left time: 76457.8924s
	iters: 2700, epoch: 3 | loss: 0.5380949
	speed: 0.1017s/iter; left time: 76335.5179s
	iters: 2800, epoch: 3 | loss: 0.5043349
	speed: 0.1027s/iter; left time: 77064.2145s
	iters: 2900, epoch: 3 | loss: 0.5546487
	speed: 0.1018s/iter; left time: 76395.8162s
	iters: 3000, epoch: 3 | loss: 0.6040112
	speed: 0.1019s/iter; left time: 76434.6493s
	iters: 3100, epoch: 3 | loss: 0.4589212
	speed: 0.1026s/iter; left time: 76924.8934s
	iters: 3200, epoch: 3 | loss: 0.4733179
	speed: 0.1048s/iter; left time: 78556.3672s
	iters: 3300, epoch: 3 | loss: 0.5250401
	speed: 0.1024s/iter; left time: 76734.1387s
	iters: 3400, epoch: 3 | loss: 0.5421745
	speed: 0.1030s/iter; left time: 77189.6051s
	iters: 3500, epoch: 3 | loss: 0.4593572
	speed: 0.1019s/iter; left time: 76371.3895s
	iters: 3600, epoch: 3 | loss: 0.5011805
	speed: 0.1018s/iter; left time: 76256.6673s
	iters: 3700, epoch: 3 | loss: 0.5126707
	speed: 0.1023s/iter; left time: 76634.9694s
	iters: 3800, epoch: 3 | loss: 0.5452155
	speed: 0.1015s/iter; left time: 76035.9304s
Epoch: 3 cost time: 388.95917296409607
Epoch: 3, Steps: 3803 | Train Loss: 0.5425422 Vali Loss: 1.5548109 Test Loss: 1.5049468
EarlyStopping counter: 2 out of 5
	iters: 100, epoch: 4 | loss: 0.4815021
	speed: 3.8509s/iter; left time: 2884674.5512s
	iters: 200, epoch: 4 | loss: 0.5621790
	speed: 0.1047s/iter; left time: 78433.0003s
	iters: 300, epoch: 4 | loss: 0.5236689
	speed: 0.1044s/iter; left time: 78218.8514s
	iters: 400, epoch: 4 | loss: 0.5720024
	speed: 0.1044s/iter; left time: 78182.6259s
	iters: 500, epoch: 4 | loss: 0.5642518
	speed: 0.1041s/iter; left time: 77934.0486s
	iters: 600, epoch: 4 | loss: 0.5095488
	speed: 0.1040s/iter; left time: 77884.5329s
	iters: 700, epoch: 4 | loss: 0.5113331
	speed: 0.1041s/iter; left time: 77939.1968s
	iters: 800, epoch: 4 | loss: 0.4684674
	speed: 0.1056s/iter; left time: 79024.4547s
	iters: 900, epoch: 4 | loss: 0.4967632
	speed: 0.1041s/iter; left time: 77898.2005s
	iters: 1000, epoch: 4 | loss: 0.4830353
	speed: 0.1041s/iter; left time: 77858.1520s
	iters: 1100, epoch: 4 | loss: 0.5126112
	speed: 0.1040s/iter; left time: 77813.6222s
	iters: 1200, epoch: 4 | loss: 0.4820627
	speed: 0.1041s/iter; left time: 77838.1779s
	iters: 1300, epoch: 4 | loss: 0.6618834
	speed: 0.1040s/iter; left time: 77748.0486s
	iters: 1400, epoch: 4 | loss: 0.5169522
	speed: 0.1042s/iter; left time: 77922.1627s
	iters: 1500, epoch: 4 | loss: 0.4921839
	speed: 0.1042s/iter; left time: 77901.6687s
	iters: 1600, epoch: 4 | loss: 0.5216846
	speed: 0.1043s/iter; left time: 77973.8229s
	iters: 1700, epoch: 4 | loss: 0.5483910
	speed: 0.1036s/iter; left time: 77439.2562s
	iters: 1800, epoch: 4 | loss: 0.4733809
	speed: 0.1038s/iter; left time: 77585.3793s
	iters: 1900, epoch: 4 | loss: 0.5018404
	speed: 0.1040s/iter; left time: 77752.6483s
	iters: 2000, epoch: 4 | loss: 0.5064305
	speed: 0.1040s/iter; left time: 77685.1983s
	iters: 2100, epoch: 4 | loss: 0.5150156
	speed: 0.1041s/iter; left time: 77809.4944s
	iters: 2200, epoch: 4 | loss: 0.5212735
	speed: 0.1040s/iter; left time: 77680.8694s
	iters: 2300, epoch: 4 | loss: 0.4979767
	speed: 0.1042s/iter; left time: 77833.4658s
	iters: 2400, epoch: 4 | loss: 0.5466982
	speed: 0.1043s/iter; left time: 77856.4486s
	iters: 2500, epoch: 4 | loss: 0.5191085
	speed: 0.1051s/iter; left time: 78462.6598s
	iters: 2600, epoch: 4 | loss: 0.4840649
	speed: 0.1040s/iter; left time: 77660.8804s
	iters: 2700, epoch: 4 | loss: 0.4849806
	speed: 0.1042s/iter; left time: 77784.3495s
	iters: 2800, epoch: 4 | loss: 0.5165855
	speed: 0.1040s/iter; left time: 77654.0759s
	iters: 2900, epoch: 4 | loss: 0.4928609
	speed: 0.1039s/iter; left time: 77508.5627s
	iters: 3000, epoch: 4 | loss: 0.5094606
	speed: 0.1042s/iter; left time: 77729.7607s
	iters: 3100, epoch: 4 | loss: 0.4968871
	speed: 0.1039s/iter; left time: 77498.7895s
	iters: 3200, epoch: 4 | loss: 0.5390074
	speed: 0.1038s/iter; left time: 77468.9659s
	iters: 3300, epoch: 4 | loss: 0.4532290
	speed: 0.1046s/iter; left time: 78019.9407s
	iters: 3400, epoch: 4 | loss: 0.4630668
	speed: 0.1043s/iter; left time: 77791.8725s
	iters: 3500, epoch: 4 | loss: 0.5055724
	speed: 0.1039s/iter; left time: 77497.6531s
	iters: 3600, epoch: 4 | loss: 0.4637794
	speed: 0.1038s/iter; left time: 77405.1036s
	iters: 3700, epoch: 4 | loss: 0.5501162
	speed: 0.1044s/iter; left time: 77848.9752s
	iters: 3800, epoch: 4 | loss: 0.5379199
	speed: 0.1041s/iter; left time: 77607.5951s
Epoch: 4 cost time: 396.47731375694275
Epoch: 4, Steps: 3803 | Train Loss: 0.5033589 Vali Loss: 1.5601723 Test Loss: 1.4937723
EarlyStopping counter: 3 out of 5
	iters: 100, epoch: 5 | loss: 0.4750001
	speed: 3.8650s/iter; left time: 2880510.5444s
	iters: 200, epoch: 5 | loss: 0.4873123
	speed: 0.1049s/iter; left time: 78173.8902s
	iters: 300, epoch: 5 | loss: 0.4718330
	speed: 0.1047s/iter; left time: 78035.6086s
	iters: 400, epoch: 5 | loss: 0.4401119
	speed: 0.1041s/iter; left time: 77559.2045s
	iters: 500, epoch: 5 | loss: 0.4571121
	speed: 0.1043s/iter; left time: 77674.7391s
	iters: 600, epoch: 5 | loss: 0.4368032
	speed: 0.1037s/iter; left time: 77248.7887s
	iters: 700, epoch: 5 | loss: 0.5110570
	speed: 0.1043s/iter; left time: 77637.8192s
	iters: 800, epoch: 5 | loss: 0.4905318
	speed: 0.1043s/iter; left time: 77673.3297s
	iters: 900, epoch: 5 | loss: 0.4492055
	speed: 0.1043s/iter; left time: 77684.1660s
	iters: 1000, epoch: 5 | loss: 0.4742408
	speed: 0.1042s/iter; left time: 77582.6809s
	iters: 1100, epoch: 5 | loss: 0.4693163
	speed: 0.1045s/iter; left time: 77813.2530s
	iters: 1200, epoch: 5 | loss: 0.4350180
	speed: 0.1045s/iter; left time: 77784.3688s
	iters: 1300, epoch: 5 | loss: 0.4400203
	speed: 0.1040s/iter; left time: 77398.9222s
	iters: 1400, epoch: 5 | loss: 0.4726987
	speed: 0.1049s/iter; left time: 78038.3886s
	iters: 1500, epoch: 5 | loss: 0.4763758
	speed: 0.1040s/iter; left time: 77391.5232s
	iters: 1600, epoch: 5 | loss: 0.5083858
	speed: 0.1040s/iter; left time: 77353.0424s
	iters: 1700, epoch: 5 | loss: 0.4310406
	speed: 0.1040s/iter; left time: 77329.8922s
	iters: 1800, epoch: 5 | loss: 0.5045044
	speed: 0.1042s/iter; left time: 77474.3600s
	iters: 1900, epoch: 5 | loss: 0.4734929
	speed: 0.1042s/iter; left time: 77483.3848s
	iters: 2000, epoch: 5 | loss: 0.4617324
	speed: 0.1038s/iter; left time: 77178.0236s
	iters: 2100, epoch: 5 | loss: 0.5124953
	speed: 0.1045s/iter; left time: 77672.5436s
	iters: 2200, epoch: 5 | loss: 0.4693349
	speed: 0.1045s/iter; left time: 77697.4042s
	iters: 2300, epoch: 5 | loss: 0.4796731
	speed: 0.1036s/iter; left time: 76999.6776s
	iters: 2400, epoch: 5 | loss: 0.5036601
	speed: 0.1038s/iter; left time: 77154.6283s
	iters: 2500, epoch: 5 | loss: 0.4792301
	speed: 0.1038s/iter; left time: 77111.5833s
	iters: 2600, epoch: 5 | loss: 0.4950358
	speed: 0.1036s/iter; left time: 76979.5463s
	iters: 2700, epoch: 5 | loss: 0.4124990
	speed: 0.1038s/iter; left time: 77113.9382s
	iters: 2800, epoch: 5 | loss: 0.4557777
	speed: 0.1050s/iter; left time: 77978.0505s
	iters: 2900, epoch: 5 | loss: 0.5303800
	speed: 0.1043s/iter; left time: 77421.7093s
	iters: 3000, epoch: 5 | loss: 0.4682807
	speed: 0.1040s/iter; left time: 77222.6432s
	iters: 3100, epoch: 5 | loss: 0.4792573
	speed: 0.1044s/iter; left time: 77493.7916s
	iters: 3200, epoch: 5 | loss: 0.4779491
	speed: 0.1037s/iter; left time: 76968.9073s
	iters: 3300, epoch: 5 | loss: 0.4741970
	speed: 0.1043s/iter; left time: 77397.7211s
	iters: 3400, epoch: 5 | loss: 0.5242661
	speed: 0.1040s/iter; left time: 77179.7459s
	iters: 3500, epoch: 5 | loss: 0.4876366
	speed: 0.1047s/iter; left time: 77691.8728s
	iters: 3600, epoch: 5 | loss: 0.4245717
	speed: 0.1043s/iter; left time: 77337.1145s
	iters: 3700, epoch: 5 | loss: 0.5282126
	speed: 0.1042s/iter; left time: 77266.3094s
	iters: 3800, epoch: 5 | loss: 0.4821748
	speed: 0.1042s/iter; left time: 77240.9603s
Epoch: 5 cost time: 396.5237526893616
Epoch: 5, Steps: 3803 | Train Loss: 0.4761393 Vali Loss: 1.5175676 Test Loss: 1.5277542
EarlyStopping counter: 4 out of 5
	iters: 100, epoch: 6 | loss: 0.4016705
	speed: 3.8538s/iter; left time: 2857566.8351s
	iters: 200, epoch: 6 | loss: 0.4253735
	speed: 0.1024s/iter; left time: 75945.4268s
	iters: 300, epoch: 6 | loss: 0.4209618
	speed: 0.1022s/iter; left time: 75737.4699s
	iters: 400, epoch: 6 | loss: 0.4752617
	speed: 0.1026s/iter; left time: 76064.1199s
	iters: 500, epoch: 6 | loss: 0.5001714
	speed: 0.1022s/iter; left time: 75735.0404s
	iters: 600, epoch: 6 | loss: 0.4795156
	speed: 0.1020s/iter; left time: 75553.8783s
	iters: 700, epoch: 6 | loss: 0.5065250
	speed: 0.1021s/iter; left time: 75608.9949s
	iters: 800, epoch: 6 | loss: 0.4874120
	speed: 0.1031s/iter; left time: 76348.9922s
	iters: 900, epoch: 6 | loss: 0.4968186
	speed: 0.1026s/iter; left time: 76024.1466s
	iters: 1000, epoch: 6 | loss: 0.4819131
	speed: 0.1020s/iter; left time: 75547.5961s
	iters: 1100, epoch: 6 | loss: 0.4821899
	speed: 0.1025s/iter; left time: 75866.3137s
	iters: 1200, epoch: 6 | loss: 0.4610257
	speed: 0.1028s/iter; left time: 76123.3434s
	iters: 1300, epoch: 6 | loss: 0.4216496
	speed: 0.1020s/iter; left time: 75544.3696s
	iters: 1400, epoch: 6 | loss: 0.5230969
	speed: 0.1026s/iter; left time: 75910.9635s
	iters: 1500, epoch: 6 | loss: 0.4484288
	speed: 0.1021s/iter; left time: 75583.4009s
	iters: 1600, epoch: 6 | loss: 0.4699974
	speed: 0.1018s/iter; left time: 75345.2328s
	iters: 1700, epoch: 6 | loss: 0.4465536
	speed: 0.1021s/iter; left time: 75509.6964s
	iters: 1800, epoch: 6 | loss: 0.4515947
	speed: 0.1021s/iter; left time: 75568.0069s
	iters: 1900, epoch: 6 | loss: 0.4341655
	speed: 0.1021s/iter; left time: 75526.3039s
	iters: 2000, epoch: 6 | loss: 0.3920961
	speed: 0.1024s/iter; left time: 75743.0913s
	iters: 2100, epoch: 6 | loss: 0.4358565
	speed: 0.1020s/iter; left time: 75425.6929s
	iters: 2200, epoch: 6 | loss: 0.4135550
	speed: 0.1026s/iter; left time: 75851.5918s
	iters: 2300, epoch: 6 | loss: 0.4114027
	speed: 0.1022s/iter; left time: 75556.4747s
	iters: 2400, epoch: 6 | loss: 0.4276865
	speed: 0.1020s/iter; left time: 75425.2564s
	iters: 2500, epoch: 6 | loss: 0.4570571
	speed: 0.1022s/iter; left time: 75502.0149s
	iters: 2600, epoch: 6 | loss: 0.4722562
	speed: 0.1022s/iter; left time: 75496.7185s
	iters: 2700, epoch: 6 | loss: 0.4346750
	speed: 0.1020s/iter; left time: 75338.7463s
	iters: 2800, epoch: 6 | loss: 0.4713014
	speed: 0.1021s/iter; left time: 75460.9406s
	iters: 2900, epoch: 6 | loss: 0.5024701
	speed: 0.1022s/iter; left time: 75504.7854s
	iters: 3000, epoch: 6 | loss: 0.4699953
	speed: 0.1019s/iter; left time: 75267.6721s
	iters: 3100, epoch: 6 | loss: 0.4545074
	speed: 0.1021s/iter; left time: 75376.4844s
	iters: 3200, epoch: 6 | loss: 0.4435232
	speed: 0.1023s/iter; left time: 75522.5984s
	iters: 3300, epoch: 6 | loss: 0.4256628
	speed: 0.1018s/iter; left time: 75151.5517s
	iters: 3400, epoch: 6 | loss: 0.4468492
	speed: 0.1020s/iter; left time: 75290.3911s
	iters: 3500, epoch: 6 | loss: 0.3839441
	speed: 0.1022s/iter; left time: 75408.0664s
	iters: 3600, epoch: 6 | loss: 0.4752556
	speed: 0.1021s/iter; left time: 75350.7497s
	iters: 3700, epoch: 6 | loss: 0.4536106
	speed: 0.1021s/iter; left time: 75302.7558s
	iters: 3800, epoch: 6 | loss: 0.4619908
	speed: 0.1025s/iter; left time: 75587.9726s
Epoch: 6 cost time: 389.0521328449249
Epoch: 6, Steps: 3803 | Train Loss: 0.4540504 Vali Loss: 1.5417992 Test Loss: 1.5534527
EarlyStopping counter: 5 out of 5
Early stopping
>>>>>>>testing : long_term_forecast_pems03_all_96_96_Autoformer_custom_ftM_sl96_ll48_pl96_dm128_nh8_el2_dl1_df2048_fc3_ebtimeF_dtTrue_srate0.1_sseed7_trainseed2024_gap548_Exp_0<<<<<<<<<<<<<<<<<<<<<<<<<<<<<<<<<
test 300477
test shape: (30047, 1, 96, 151) (30047, 1, 96, 151)
test shape: (30047, 96, 151) (30047, 96, 151)
mse:1.4668711423873901, mae:0.9451963901519775
>>>>>>>Overall time: 5069 seconds<<<<<<<<<<<<<<<<<<<<<<<<<<<<<<<<<
