Traceback (most recent call last):
  File "run.py", line 4, in <module>
    from exp.exp_long_term_forecasting import Exp_Long_Term_Forecast
  File "/g/data/hn98/du/exlts/ddd2/exp/exp_long_term_forecasting.py", line 2, in <module>
    from exp.exp_basic import Exp_Basic
  File "/g/data/hn98/du/exlts/ddd2/exp/exp_basic.py", line 3, in <module>
    from models import Autoformer, Transformer, TimesNet, Nonstationary_Transformer, DLinear, FEDformer, \
  File "/g/data/hn98/du/exlts/ddd2/models/Mamba.py", line 7, in <module>
    from mamba_ssm import Mamba
ModuleNotFoundError: No module named 'mamba_ssm'
Args in experiment:
Namespace(activation='gelu', anomaly_ratio=0.25, batch_size=32, c_out=1613, checkpoints='./checkpoints/', d_conv=4, d_ff=2048, d_layers=1, d_model=128, data='custom', data_path='pems07_all_filter10.csv', dec_in=1613, des='Exp', devices='0,1,2,3', distil=True, dropout=0, e_layers=2, embed='timeF', enc_in=1613, expand=2, factor=3, features='M', freq='h', gap_day=548, gpu=0, inverse=False, is_training=1, itr=1, label_len=48, learning_rate=0.0005, loss='MSE', lradj='type3', mask_rate=0.25, model='Autoformer', model_id='pems07_all_96_336', moving_avg=25, n_heads=8, num_kernels=6, num_workers=10, output_attention=False, p_hidden_dims=[128, 128], p_hidden_layers=2, patience=5, pred_len=336, root_path='../../data/pems/', samle_rate=0.1, sample_seed=7, seasonal_patterns='Monthly', seq_len=96, target='OT', task_name='long_term_forecast', top_k=5, train_epochs=200, train_seed=2024, use_amp=False, use_gpu=True, use_multi_gpu=False)
Use GPU: cuda:0
>>>>>>>start training : long_term_forecast_pems07_all_96_336_Autoformer_custom_ftM_sl96_ll48_pl336_dm128_nh8_el2_dl1_df2048_fc3_ebtimeF_dtTrue_srate0.1_sseed7_trainseed2024_gap548_Exp_0>>>>>>>>>>>>>>>>>>>>>>>>>>
train 1216513
val 300097
test 300097
	iters: 100, epoch: 1 | loss: 1.2318605
	speed: 0.2665s/iter; left time: 202541.8288s
	iters: 200, epoch: 1 | loss: 1.0543901
	speed: 0.2551s/iter; left time: 193841.4885s
	iters: 300, epoch: 1 | loss: 0.9641088
	speed: 0.2549s/iter; left time: 193689.4961s
	iters: 400, epoch: 1 | loss: 1.1315904
	speed: 0.2552s/iter; left time: 193883.0638s
	iters: 500, epoch: 1 | loss: 0.8544404
	speed: 0.2553s/iter; left time: 193952.0980s
	iters: 600, epoch: 1 | loss: 0.8970725
	speed: 0.2555s/iter; left time: 194080.8278s
	iters: 700, epoch: 1 | loss: 0.9085262
	speed: 0.2525s/iter; left time: 191742.4006s
	iters: 800, epoch: 1 | loss: 0.8608156
	speed: 0.2486s/iter; left time: 188800.0170s
	iters: 900, epoch: 1 | loss: 0.8678514
	speed: 0.2585s/iter; left time: 196312.3514s
	iters: 1000, epoch: 1 | loss: 0.8959192
	speed: 0.2632s/iter; left time: 199811.9410s
	iters: 1100, epoch: 1 | loss: 0.8121135
	speed: 0.2629s/iter; left time: 199598.1484s
	iters: 1200, epoch: 1 | loss: 0.7250707
	speed: 0.2532s/iter; left time: 192204.7743s
	iters: 1300, epoch: 1 | loss: 0.8188795
	speed: 0.2532s/iter; left time: 192163.2807s
	iters: 1400, epoch: 1 | loss: 0.9506989
	speed: 0.2537s/iter; left time: 192507.1525s
	iters: 1500, epoch: 1 | loss: 0.8927234
	speed: 0.2536s/iter; left time: 192405.8981s
	iters: 1600, epoch: 1 | loss: 0.8160167
	speed: 0.2531s/iter; left time: 192036.8593s
	iters: 1700, epoch: 1 | loss: 0.7951821
	speed: 0.2534s/iter; left time: 192171.9667s
	iters: 1800, epoch: 1 | loss: 0.7855364
	speed: 0.2533s/iter; left time: 192090.1944s
	iters: 1900, epoch: 1 | loss: 0.8527796
	speed: 0.2608s/iter; left time: 197788.7414s
	iters: 2000, epoch: 1 | loss: 0.7695669
	speed: 0.2632s/iter; left time: 199521.9078s
	iters: 2100, epoch: 1 | loss: 0.9441388
	speed: 0.2627s/iter; left time: 199144.5833s
	iters: 2200, epoch: 1 | loss: 0.7302361
	speed: 0.2630s/iter; left time: 199363.9023s
	iters: 2300, epoch: 1 | loss: 0.7373372
	speed: 0.2630s/iter; left time: 199321.2082s
	iters: 2400, epoch: 1 | loss: 0.6878014
	speed: 0.2632s/iter; left time: 199457.8172s
	iters: 2500, epoch: 1 | loss: 0.7769335
	speed: 0.2628s/iter; left time: 199146.0732s
	iters: 2600, epoch: 1 | loss: 0.7693335
	speed: 0.2631s/iter; left time: 199304.6016s
	iters: 2700, epoch: 1 | loss: 0.7003091
	speed: 0.2631s/iter; left time: 199281.4837s
	iters: 2800, epoch: 1 | loss: 0.7691514
	speed: 0.2596s/iter; left time: 196601.0697s
	iters: 2900, epoch: 1 | loss: 0.7065504
	speed: 0.2623s/iter; left time: 198605.5719s
	iters: 3000, epoch: 1 | loss: 0.7605214
	speed: 0.2631s/iter; left time: 199185.9498s
	iters: 3100, epoch: 1 | loss: 0.8096372
	speed: 0.2629s/iter; left time: 199037.9013s
	iters: 3200, epoch: 1 | loss: 0.8071108
	speed: 0.2633s/iter; left time: 199308.0156s
	iters: 3300, epoch: 1 | loss: 0.7435293
	speed: 0.2632s/iter; left time: 199197.3476s
	iters: 3400, epoch: 1 | loss: 0.6854879
	speed: 0.2630s/iter; left time: 199045.4723s
	iters: 3500, epoch: 1 | loss: 0.6387712
	speed: 0.2628s/iter; left time: 198890.4838s
	iters: 3600, epoch: 1 | loss: 0.6644970
	speed: 0.2633s/iter; left time: 199190.0703s
	iters: 3700, epoch: 1 | loss: 0.6983150
	speed: 0.2627s/iter; left time: 198737.2567s
	iters: 3800, epoch: 1 | loss: 0.7754533
	speed: 0.2590s/iter; left time: 195894.7364s
Epoch: 1 cost time: 985.8731081485748
Epoch: 1, Steps: 3801 | Train Loss: 0.8343186 Vali Loss: 0.9766656 Test Loss: 1.1348063
Validation loss decreased (inf --> 0.976666).  Saving model ...
	iters: 100, epoch: 2 | loss: 0.7473122
	speed: 7.3922s/iter; left time: 5590688.0337s
	iters: 200, epoch: 2 | loss: 0.7023700
	speed: 0.2596s/iter; left time: 196281.4308s
	iters: 300, epoch: 2 | loss: 0.6055958
	speed: 0.2596s/iter; left time: 196320.5099s
	iters: 400, epoch: 2 | loss: 0.6381198
	speed: 0.2626s/iter; left time: 198514.6375s
	iters: 500, epoch: 2 | loss: 0.7200010
	speed: 0.2636s/iter; left time: 199262.5670s
	iters: 600, epoch: 2 | loss: 0.6845347
	speed: 0.2643s/iter; left time: 199773.4104s
	iters: 700, epoch: 2 | loss: 0.6765787
	speed: 0.2641s/iter; left time: 199560.4850s
	iters: 800, epoch: 2 | loss: 0.6192474
	speed: 0.2634s/iter; left time: 199029.5305s
	iters: 900, epoch: 2 | loss: 0.6128259
	speed: 0.2637s/iter; left time: 199250.9179s
	iters: 1000, epoch: 2 | loss: 0.6303618
	speed: 0.2641s/iter; left time: 199474.7180s
	iters: 1100, epoch: 2 | loss: 0.5430396
	speed: 0.2633s/iter; left time: 198901.7599s
	iters: 1200, epoch: 2 | loss: 0.6014821
	speed: 0.2634s/iter; left time: 198903.5573s
	iters: 1300, epoch: 2 | loss: 0.5745730
	speed: 0.2584s/iter; left time: 195113.8463s
	iters: 1400, epoch: 2 | loss: 0.5850729
	speed: 0.2514s/iter; left time: 189777.9874s
	iters: 1500, epoch: 2 | loss: 0.5655580
	speed: 0.2531s/iter; left time: 191033.9123s
	iters: 1600, epoch: 2 | loss: 0.5764094
	speed: 0.2532s/iter; left time: 191111.7711s
	iters: 1700, epoch: 2 | loss: 0.5643720
	speed: 0.2535s/iter; left time: 191301.3960s
	iters: 1800, epoch: 2 | loss: 0.5907750
	speed: 0.2531s/iter; left time: 190953.8514s
	iters: 1900, epoch: 2 | loss: 0.8938987
	speed: 0.2531s/iter; left time: 190999.5078s
	iters: 2000, epoch: 2 | loss: 0.5606201
	speed: 0.2535s/iter; left time: 191266.5639s
	iters: 2100, epoch: 2 | loss: 0.6051424
	speed: 0.2532s/iter; left time: 191016.9115s
	iters: 2200, epoch: 2 | loss: 0.5579092
	speed: 0.2531s/iter; left time: 190881.6919s
	iters: 2300, epoch: 2 | loss: 0.6909557
	speed: 0.2516s/iter; left time: 189749.6585s
	iters: 2400, epoch: 2 | loss: 0.5654406
	speed: 0.2518s/iter; left time: 189889.8984s
	iters: 2500, epoch: 2 | loss: 0.5974723
	speed: 0.2532s/iter; left time: 190878.5606s
	iters: 2600, epoch: 2 | loss: 0.6044935
	speed: 0.2533s/iter; left time: 190925.1298s
	iters: 2700, epoch: 2 | loss: 0.6092950
	speed: 0.2534s/iter; left time: 190968.4651s
	iters: 2800, epoch: 2 | loss: 0.5498955
	speed: 0.2529s/iter; left time: 190591.8342s
	iters: 2900, epoch: 2 | loss: 0.5576575
	speed: 0.2530s/iter; left time: 190616.1335s
	iters: 3000, epoch: 2 | loss: 0.5676724
	speed: 0.2537s/iter; left time: 191158.4156s
	iters: 3100, epoch: 2 | loss: 0.6054178
	speed: 0.2526s/iter; left time: 190260.6647s
	iters: 3200, epoch: 2 | loss: 0.6684390
	speed: 0.2526s/iter; left time: 190258.4187s
	iters: 3300, epoch: 2 | loss: 0.5759715
	speed: 0.2509s/iter; left time: 188942.0180s
	iters: 3400, epoch: 2 | loss: 0.6322740
	speed: 0.2533s/iter; left time: 190712.3506s
	iters: 3500, epoch: 2 | loss: 0.8049147
	speed: 0.2528s/iter; left time: 190323.5952s
	iters: 3600, epoch: 2 | loss: 0.6538659
	speed: 0.2531s/iter; left time: 190551.2885s
	iters: 3700, epoch: 2 | loss: 0.6053036
	speed: 0.2531s/iter; left time: 190544.2808s
	iters: 3800, epoch: 2 | loss: 0.5860943
	speed: 0.2532s/iter; left time: 190575.2688s
Epoch: 2 cost time: 974.114040851593
Epoch: 2, Steps: 3801 | Train Loss: 0.6171953 Vali Loss: 0.8936492 Test Loss: 0.9967236
Validation loss decreased (0.976666 --> 0.893649).  Saving model ...
	iters: 100, epoch: 3 | loss: 0.5753354
	speed: 7.4116s/iter; left time: 5577216.6032s
	iters: 200, epoch: 3 | loss: 0.5426546
	speed: 0.2572s/iter; left time: 193498.6718s
	iters: 300, epoch: 3 | loss: 0.6056598
	speed: 0.2603s/iter; left time: 195800.5895s
	iters: 400, epoch: 3 | loss: 0.6895288
	speed: 0.2612s/iter; left time: 196509.5623s
	iters: 500, epoch: 3 | loss: 0.5683594
	speed: 0.2618s/iter; left time: 196908.5544s
	iters: 600, epoch: 3 | loss: 0.5327180
	speed: 0.2642s/iter; left time: 198700.0493s
	iters: 700, epoch: 3 | loss: 0.6099100
	speed: 0.2644s/iter; left time: 198793.8247s
	iters: 800, epoch: 3 | loss: 0.5655131
	speed: 0.2636s/iter; left time: 198207.1963s
	iters: 900, epoch: 3 | loss: 0.5971921
	speed: 0.2639s/iter; left time: 198407.7895s
	iters: 1000, epoch: 3 | loss: 0.5593944
	speed: 0.2642s/iter; left time: 198536.6084s
	iters: 1100, epoch: 3 | loss: 0.6460017
	speed: 0.2639s/iter; left time: 198337.8357s
	iters: 1200, epoch: 3 | loss: 0.5443645
	speed: 0.2641s/iter; left time: 198425.5532s
	iters: 1300, epoch: 3 | loss: 0.5582955
	speed: 0.2622s/iter; left time: 196961.3435s
	iters: 1400, epoch: 3 | loss: 0.6079665
	speed: 0.2509s/iter; left time: 188494.4889s
	iters: 1500, epoch: 3 | loss: 0.7699087
	speed: 0.2518s/iter; left time: 189151.3302s
	iters: 1600, epoch: 3 | loss: 0.6196840
	speed: 0.2530s/iter; left time: 190010.5032s
	iters: 1700, epoch: 3 | loss: 0.7158364
	speed: 0.2529s/iter; left time: 189889.1248s
	iters: 1800, epoch: 3 | loss: 0.6780852
	speed: 0.2531s/iter; left time: 190048.3275s
	iters: 1900, epoch: 3 | loss: 0.6320870
	speed: 0.2532s/iter; left time: 190050.1625s
	iters: 2000, epoch: 3 | loss: 0.5869657
	speed: 0.2529s/iter; left time: 189800.8548s
	iters: 2100, epoch: 3 | loss: 0.5481290
	speed: 0.2533s/iter; left time: 190116.5607s
	iters: 2200, epoch: 3 | loss: 0.5892721
	speed: 0.2528s/iter; left time: 189707.1574s
	iters: 2300, epoch: 3 | loss: 0.5824639
	speed: 0.2531s/iter; left time: 189909.8873s
	iters: 2400, epoch: 3 | loss: 0.5460179
	speed: 0.2532s/iter; left time: 189955.8273s
	iters: 2500, epoch: 3 | loss: 0.5982829
	speed: 0.2535s/iter; left time: 190140.7640s
	iters: 2600, epoch: 3 | loss: 0.5833176
	speed: 0.2526s/iter; left time: 189442.8380s
	iters: 2700, epoch: 3 | loss: 0.5776640
	speed: 0.2528s/iter; left time: 189571.9335s
	iters: 2800, epoch: 3 | loss: 0.5889156
	speed: 0.2522s/iter; left time: 189127.7729s
	iters: 2900, epoch: 3 | loss: 0.5353757
	speed: 0.2524s/iter; left time: 189253.0697s
	iters: 3000, epoch: 3 | loss: 0.5852286
	speed: 0.2530s/iter; left time: 189657.4093s
	iters: 3100, epoch: 3 | loss: 0.5264621
	speed: 0.2528s/iter; left time: 189481.3436s
	iters: 3200, epoch: 3 | loss: 0.5554205
	speed: 0.2525s/iter; left time: 189216.8314s
	iters: 3300, epoch: 3 | loss: 0.5290054
	speed: 0.2530s/iter; left time: 189546.8232s
	iters: 3400, epoch: 3 | loss: 0.6401415
	speed: 0.2471s/iter; left time: 185092.0238s
	iters: 3500, epoch: 3 | loss: 0.5841971
	speed: 0.2573s/iter; left time: 192768.3946s
	iters: 3600, epoch: 3 | loss: 0.5348480
	speed: 0.2638s/iter; left time: 197604.0535s
	iters: 3700, epoch: 3 | loss: 0.5606925
	speed: 0.2642s/iter; left time: 197844.7108s
	iters: 3800, epoch: 3 | loss: 0.5585294
	speed: 0.2634s/iter; left time: 197221.9392s
Epoch: 3 cost time: 976.9742901325226
Epoch: 3, Steps: 3801 | Train Loss: 0.5894222 Vali Loss: 0.8339419 Test Loss: 0.9650842
Validation loss decreased (0.893649 --> 0.833942).  Saving model ...
	iters: 100, epoch: 4 | loss: 0.5030738
	speed: 7.4158s/iter; left time: 5552229.1700s
	iters: 200, epoch: 4 | loss: 0.5720568
	speed: 0.2570s/iter; left time: 192400.4862s
	iters: 300, epoch: 4 | loss: 0.8087228
	speed: 0.2470s/iter; left time: 184880.8230s
	iters: 400, epoch: 4 | loss: 0.5908043
	speed: 0.2624s/iter; left time: 196346.6503s
	iters: 500, epoch: 4 | loss: 0.6311553
	speed: 0.2640s/iter; left time: 197548.9957s
	iters: 600, epoch: 4 | loss: 0.6114467
	speed: 0.2634s/iter; left time: 197043.3486s
	iters: 700, epoch: 4 | loss: 0.6315546
	speed: 0.2637s/iter; left time: 197295.4407s
	iters: 800, epoch: 4 | loss: 0.5810192
	speed: 0.2640s/iter; left time: 197439.2937s
	iters: 900, epoch: 4 | loss: 0.5588527
	speed: 0.2636s/iter; left time: 197165.0539s
	iters: 1000, epoch: 4 | loss: 0.6016080
	speed: 0.2636s/iter; left time: 197100.7283s
	iters: 1100, epoch: 4 | loss: 0.6088908
	speed: 0.2639s/iter; left time: 197285.4402s
	iters: 1200, epoch: 4 | loss: 0.6621175
	speed: 0.2572s/iter; left time: 192249.6001s
	iters: 1300, epoch: 4 | loss: 0.8538082
	speed: 0.2527s/iter; left time: 188915.7666s
	iters: 1400, epoch: 4 | loss: 0.5319090
	speed: 0.2634s/iter; left time: 196881.0763s
	iters: 1500, epoch: 4 | loss: 0.5661829
	speed: 0.2637s/iter; left time: 197027.3698s
	iters: 1600, epoch: 4 | loss: 0.5605610
	speed: 0.2635s/iter; left time: 196879.9027s
	iters: 1700, epoch: 4 | loss: 0.5484759
	speed: 0.2641s/iter; left time: 197302.9235s
	iters: 1800, epoch: 4 | loss: 0.5278435
	speed: 0.2638s/iter; left time: 197090.5334s
	iters: 1900, epoch: 4 | loss: 0.8273801
	speed: 0.2634s/iter; left time: 196749.0376s
	iters: 2000, epoch: 4 | loss: 0.7503966
	speed: 0.2637s/iter; left time: 196948.4956s
	iters: 2100, epoch: 4 | loss: 0.7620258
	speed: 0.2546s/iter; left time: 190119.7132s
	iters: 2200, epoch: 4 | loss: 0.6708212
	speed: 0.2492s/iter; left time: 186017.4992s
	iters: 2300, epoch: 4 | loss: 0.6565696
	speed: 0.2528s/iter; left time: 188729.6444s
	iters: 2400, epoch: 4 | loss: 0.6677893
	speed: 0.2528s/iter; left time: 188688.8696s
	iters: 2500, epoch: 4 | loss: 0.5692127
	speed: 0.2529s/iter; left time: 188775.0548s
	iters: 2600, epoch: 4 | loss: 0.5942610
	speed: 0.2532s/iter; left time: 188905.7972s
	iters: 2700, epoch: 4 | loss: 0.5467005
	speed: 0.2530s/iter; left time: 188735.3871s
	iters: 2800, epoch: 4 | loss: 0.6246009
	speed: 0.2529s/iter; left time: 188626.5518s
	iters: 2900, epoch: 4 | loss: 0.5662998
	speed: 0.2528s/iter; left time: 188577.4722s
	iters: 3000, epoch: 4 | loss: 0.5464843
	speed: 0.2532s/iter; left time: 188806.0117s
	iters: 3100, epoch: 4 | loss: 1.1235746
	speed: 0.2513s/iter; left time: 187419.6182s
	iters: 3200, epoch: 4 | loss: 0.7230551
	speed: 0.2506s/iter; left time: 186865.8401s
	iters: 3300, epoch: 4 | loss: 0.8785737
	speed: 0.2529s/iter; left time: 188510.4600s
	iters: 3400, epoch: 4 | loss: 0.6208295
	speed: 0.2527s/iter; left time: 188398.0888s
	iters: 3500, epoch: 4 | loss: 0.5792840
	speed: 0.2525s/iter; left time: 188172.8330s
	iters: 3600, epoch: 4 | loss: 0.6033113
	speed: 0.2529s/iter; left time: 188446.4652s
	iters: 3700, epoch: 4 | loss: 0.5707568
	speed: 0.2527s/iter; left time: 188312.5009s
	iters: 3800, epoch: 4 | loss: 0.5503794
	speed: 0.2529s/iter; left time: 188383.3294s
Epoch: 4 cost time: 977.500333070755
Epoch: 4, Steps: 3801 | Train Loss: 0.6355443 Vali Loss: 0.8986529 Test Loss: 0.9818192
EarlyStopping counter: 1 out of 5
	iters: 100, epoch: 5 | loss: 0.6167644
	speed: 7.4174s/iter; left time: 5525214.3221s
	iters: 200, epoch: 5 | loss: 0.5650083
	speed: 0.2553s/iter; left time: 190129.3818s
	iters: 300, epoch: 5 | loss: 0.6069133
	speed: 0.2554s/iter; left time: 190169.0912s
	iters: 400, epoch: 5 | loss: 0.6348827
	speed: 0.2563s/iter; left time: 190829.6616s
	iters: 500, epoch: 5 | loss: 0.5026068
	speed: 0.2531s/iter; left time: 188455.8229s
	iters: 600, epoch: 5 | loss: 0.5833265
	speed: 0.2547s/iter; left time: 189633.3709s
	iters: 700, epoch: 5 | loss: 0.5309851
	speed: 0.2551s/iter; left time: 189901.6645s
	iters: 800, epoch: 5 | loss: 0.5580907
	speed: 0.2556s/iter; left time: 190188.5289s
	iters: 900, epoch: 5 | loss: 0.5255382
	speed: 0.2549s/iter; left time: 189636.2491s
	iters: 1000, epoch: 5 | loss: 0.5539533
	speed: 0.2548s/iter; left time: 189592.5394s
	iters: 1100, epoch: 5 | loss: 0.5270069
	speed: 0.2551s/iter; left time: 189746.2918s
	iters: 1200, epoch: 5 | loss: 0.5435151
	speed: 0.2553s/iter; left time: 189881.9982s
	iters: 1300, epoch: 5 | loss: 0.5640562
	speed: 0.2547s/iter; left time: 189450.9393s
	iters: 1400, epoch: 5 | loss: 0.5388677
	speed: 0.2542s/iter; left time: 188988.3826s
	iters: 1500, epoch: 5 | loss: 0.7871239
	speed: 0.2544s/iter; left time: 189127.8612s
	iters: 1600, epoch: 5 | loss: 0.6068548
	speed: 0.2547s/iter; left time: 189308.5799s
	iters: 1700, epoch: 5 | loss: 0.5039427
	speed: 0.2549s/iter; left time: 189482.5692s
	iters: 1800, epoch: 5 | loss: 0.5346554
	speed: 0.2552s/iter; left time: 189696.4988s
	iters: 1900, epoch: 5 | loss: 0.5252800
	speed: 0.2547s/iter; left time: 189264.7917s
	iters: 2000, epoch: 5 | loss: 0.5673970
	speed: 0.2551s/iter; left time: 189568.9078s
	iters: 2100, epoch: 5 | loss: 0.5338250
	speed: 0.2552s/iter; left time: 189561.0066s
	iters: 2200, epoch: 5 | loss: 0.5282944
	speed: 0.2622s/iter; left time: 194739.0718s
	iters: 2300, epoch: 5 | loss: 0.5733520
	speed: 0.2585s/iter; left time: 191973.0097s
	iters: 2400, epoch: 5 | loss: 0.5059391
	speed: 0.2618s/iter; left time: 194421.3017s
	iters: 2500, epoch: 5 | loss: 0.5835484
	speed: 0.2627s/iter; left time: 195039.2120s
	iters: 2600, epoch: 5 | loss: 0.4825002
	speed: 0.2619s/iter; left time: 194398.5550s
	iters: 2700, epoch: 5 | loss: 0.4777808
	speed: 0.2623s/iter; left time: 194714.4671s
	iters: 2800, epoch: 5 | loss: 0.5650281
	speed: 0.2623s/iter; left time: 194665.7520s
	iters: 2900, epoch: 5 | loss: 0.5047266
	speed: 0.2617s/iter; left time: 194216.9890s
	iters: 3000, epoch: 5 | loss: 0.5142053
	speed: 0.2615s/iter; left time: 194068.5721s
	iters: 3100, epoch: 5 | loss: 0.5530030
	speed: 0.2618s/iter; left time: 194265.7078s
	iters: 3200, epoch: 5 | loss: 0.5262581
	speed: 0.2621s/iter; left time: 194449.7930s
	iters: 3300, epoch: 5 | loss: 0.4918513
	speed: 0.2596s/iter; left time: 192520.5999s
	iters: 3400, epoch: 5 | loss: 0.5182483
	speed: 0.2612s/iter; left time: 193670.5691s
	iters: 3500, epoch: 5 | loss: 0.5285336
	speed: 0.2619s/iter; left time: 194200.0713s
	iters: 3600, epoch: 5 | loss: 0.5770253
	speed: 0.2612s/iter; left time: 193671.3973s
	iters: 3700, epoch: 5 | loss: 0.5575031
	speed: 0.2616s/iter; left time: 193941.1641s
	iters: 3800, epoch: 5 | loss: 0.5744922
	speed: 0.2621s/iter; left time: 194274.0356s
Epoch: 5 cost time: 981.0999112129211
Epoch: 5, Steps: 3801 | Train Loss: 0.5541069 Vali Loss: 0.9799384 Test Loss: 1.1126579
EarlyStopping counter: 2 out of 5
	iters: 100, epoch: 6 | loss: 0.5117307
	speed: 7.4219s/iter; left time: 5500355.3544s
	iters: 200, epoch: 6 | loss: 0.5077236
	speed: 0.2571s/iter; left time: 190494.1082s
	iters: 300, epoch: 6 | loss: 0.5168484
	speed: 0.2584s/iter; left time: 191460.3342s
	iters: 400, epoch: 6 | loss: 0.5065753
	speed: 0.2627s/iter; left time: 194603.2340s
	iters: 500, epoch: 6 | loss: 0.6319141
	speed: 0.2590s/iter; left time: 191850.7368s
	iters: 600, epoch: 6 | loss: 0.5413043
	speed: 0.2553s/iter; left time: 189064.6555s
	iters: 700, epoch: 6 | loss: 0.5361229
	speed: 0.2610s/iter; left time: 193288.3265s
	iters: 800, epoch: 6 | loss: 0.5471691
	speed: 0.2624s/iter; left time: 194258.1133s
	iters: 900, epoch: 6 | loss: 0.5314905
	speed: 0.2621s/iter; left time: 194065.1734s
	iters: 1000, epoch: 6 | loss: 0.5222443
	speed: 0.2616s/iter; left time: 193638.1279s
	iters: 1100, epoch: 6 | loss: 0.5115263
	speed: 0.2601s/iter; left time: 192476.1524s
	iters: 1200, epoch: 6 | loss: 0.5220885
	speed: 0.2622s/iter; left time: 194029.5449s
	iters: 1300, epoch: 6 | loss: 0.4708638
	speed: 0.2625s/iter; left time: 194209.1045s
	iters: 1400, epoch: 6 | loss: 0.5143276
	speed: 0.2625s/iter; left time: 194174.4888s
	iters: 1500, epoch: 6 | loss: 0.5280435
	speed: 0.2629s/iter; left time: 194457.9833s
	iters: 1600, epoch: 6 | loss: 0.5417287
	speed: 0.2621s/iter; left time: 193858.0765s
	iters: 1700, epoch: 6 | loss: 0.5036733
	speed: 0.2625s/iter; left time: 194153.3833s
	iters: 1800, epoch: 6 | loss: 0.5583367
	speed: 0.2630s/iter; left time: 194428.1875s
	iters: 1900, epoch: 6 | loss: 0.5267730
	speed: 0.2620s/iter; left time: 193695.9948s
	iters: 2000, epoch: 6 | loss: 0.4988447
	speed: 0.2611s/iter; left time: 193029.4778s
	iters: 2100, epoch: 6 | loss: 0.5657896
	speed: 0.2598s/iter; left time: 191997.8014s
	iters: 2200, epoch: 6 | loss: 0.5232084
	speed: 0.2625s/iter; left time: 193981.3405s
	iters: 2300, epoch: 6 | loss: 0.6094067
	speed: 0.2621s/iter; left time: 193661.6418s
	iters: 2400, epoch: 6 | loss: 0.5099948
	speed: 0.2623s/iter; left time: 193821.3032s
	iters: 2500, epoch: 6 | loss: 0.5047483
	speed: 0.2626s/iter; left time: 193967.1718s
	iters: 2600, epoch: 6 | loss: 0.5114224
	speed: 0.2621s/iter; left time: 193604.5265s
	iters: 2700, epoch: 6 | loss: 0.4893594
	speed: 0.2623s/iter; left time: 193714.0578s
	iters: 2800, epoch: 6 | loss: 0.5170321
	speed: 0.2623s/iter; left time: 193682.3924s
	iters: 2900, epoch: 6 | loss: 0.5284486
	speed: 0.2619s/iter; left time: 193342.2085s
	iters: 3000, epoch: 6 | loss: 0.4929380
	speed: 0.2598s/iter; left time: 191792.8900s
	iters: 3100, epoch: 6 | loss: 0.5278140
	speed: 0.2617s/iter; left time: 193154.4973s
	iters: 3200, epoch: 6 | loss: 0.5336095
	speed: 0.2611s/iter; left time: 192695.7290s
	iters: 3300, epoch: 6 | loss: 0.5135041
	speed: 0.2614s/iter; left time: 192896.0360s
	iters: 3400, epoch: 6 | loss: 0.5118741
	speed: 0.2625s/iter; left time: 193704.2861s
	iters: 3500, epoch: 6 | loss: 0.5373062
	speed: 0.2618s/iter; left time: 193149.1838s
	iters: 3600, epoch: 6 | loss: 0.4458325
	speed: 0.2620s/iter; left time: 193253.3793s
	iters: 3700, epoch: 6 | loss: 0.5008183
	speed: 0.2620s/iter; left time: 193231.9633s
	iters: 3800, epoch: 6 | loss: 0.5093155
	speed: 0.2619s/iter; left time: 193131.6869s
Epoch: 6 cost time: 994.138436794281
Epoch: 6, Steps: 3801 | Train Loss: 0.5353318 Vali Loss: 0.8527591 Test Loss: 0.9405197
EarlyStopping counter: 3 out of 5
	iters: 100, epoch: 7 | loss: 0.5061695
	speed: 7.4147s/iter; left time: 5466851.0322s
	iters: 200, epoch: 7 | loss: 0.6087287
	speed: 0.2586s/iter; left time: 190608.2530s
	iters: 300, epoch: 7 | loss: 0.5076339
	speed: 0.2592s/iter; left time: 191053.6081s
	iters: 400, epoch: 7 | loss: 0.5139530
	speed: 0.2596s/iter; left time: 191299.2655s
	iters: 500, epoch: 7 | loss: 0.7084299
	speed: 0.2570s/iter; left time: 189375.6449s
	iters: 600, epoch: 7 | loss: 0.5916156
	speed: 0.2533s/iter; left time: 186637.5597s
	iters: 700, epoch: 7 | loss: 0.4840281
	speed: 0.2533s/iter; left time: 186596.7037s
	iters: 800, epoch: 7 | loss: 0.6840810
	speed: 0.2564s/iter; left time: 188834.8933s
	iters: 900, epoch: 7 | loss: 0.5214009
	speed: 0.2640s/iter; left time: 194436.0609s
	iters: 1000, epoch: 7 | loss: 0.5125066
	speed: 0.2638s/iter; left time: 194228.4880s
	iters: 1100, epoch: 7 | loss: 0.5060771
	speed: 0.2644s/iter; left time: 194644.0873s
	iters: 1200, epoch: 7 | loss: 0.5369719
	speed: 0.2639s/iter; left time: 194259.1873s
	iters: 1300, epoch: 7 | loss: 0.5111538
	speed: 0.2606s/iter; left time: 191857.4655s
	iters: 1400, epoch: 7 | loss: 0.5228229
	speed: 0.2457s/iter; left time: 180859.0323s
	iters: 1500, epoch: 7 | loss: 0.5041812
	speed: 0.2532s/iter; left time: 186322.4008s
	iters: 1600, epoch: 7 | loss: 0.4630467
	speed: 0.2534s/iter; left time: 186420.4017s
	iters: 1700, epoch: 7 | loss: 0.6277505
	speed: 0.2530s/iter; left time: 186153.5073s
	iters: 1800, epoch: 7 | loss: 0.5116174
	speed: 0.2534s/iter; left time: 186415.1286s
	iters: 1900, epoch: 7 | loss: 1.2947768
	speed: 0.2602s/iter; left time: 191347.7525s
	iters: 2000, epoch: 7 | loss: 0.6107848
	speed: 0.2628s/iter; left time: 193246.7921s
	iters: 2100, epoch: 7 | loss: 0.5796988
	speed: 0.2629s/iter; left time: 193307.0462s
	iters: 2200, epoch: 7 | loss: 0.5180228
	speed: 0.2631s/iter; left time: 193452.2071s
	iters: 2300, epoch: 7 | loss: 0.5376405
	speed: 0.2612s/iter; left time: 192003.6252s
	iters: 2400, epoch: 7 | loss: 0.5178838
	speed: 0.2606s/iter; left time: 191518.7471s
	iters: 2500, epoch: 7 | loss: 0.5718430
	speed: 0.2628s/iter; left time: 193127.7618s
	iters: 2600, epoch: 7 | loss: 0.4752197
	speed: 0.2627s/iter; left time: 193038.8960s
	iters: 2700, epoch: 7 | loss: 0.5395371
	speed: 0.2630s/iter; left time: 193218.4997s
	iters: 2800, epoch: 7 | loss: 0.4944465
	speed: 0.2630s/iter; left time: 193195.0204s
	iters: 2900, epoch: 7 | loss: 0.5271062
	speed: 0.2626s/iter; left time: 192874.3575s
	iters: 3000, epoch: 7 | loss: 0.4834857
	speed: 0.2625s/iter; left time: 192744.5443s
	iters: 3100, epoch: 7 | loss: 0.5011557
	speed: 0.2627s/iter; left time: 192926.0487s
	iters: 3200, epoch: 7 | loss: 0.4995171
	speed: 0.2623s/iter; left time: 192591.9502s
	iters: 3300, epoch: 7 | loss: 0.4980865
	speed: 0.2612s/iter; left time: 191726.9103s
	iters: 3400, epoch: 7 | loss: 0.7113756
	speed: 0.2605s/iter; left time: 191212.3383s
	iters: 3500, epoch: 7 | loss: 0.4801611
	speed: 0.2629s/iter; left time: 192906.7370s
	iters: 3600, epoch: 7 | loss: 0.5112796
	speed: 0.2627s/iter; left time: 192797.2016s
	iters: 3700, epoch: 7 | loss: 0.4775535
	speed: 0.2614s/iter; left time: 191769.0797s
	iters: 3800, epoch: 7 | loss: 0.4684926
	speed: 0.2558s/iter; left time: 187646.5641s
Epoch: 7 cost time: 987.8463861942291
Epoch: 7, Steps: 3801 | Train Loss: 0.5395673 Vali Loss: 0.8375266 Test Loss: 0.9472144
EarlyStopping counter: 4 out of 5
	iters: 100, epoch: 8 | loss: 0.5653210
	speed: 7.4226s/iter; left time: 5444403.3841s
	iters: 200, epoch: 8 | loss: 0.5098783
	speed: 0.2580s/iter; left time: 189222.6039s
	iters: 300, epoch: 8 | loss: 0.5062025
	speed: 0.2511s/iter; left time: 184100.7021s
	iters: 400, epoch: 8 | loss: 0.5271713
	speed: 0.2570s/iter; left time: 188402.8106s
	iters: 500, epoch: 8 | loss: 0.5126811
	speed: 0.2634s/iter; left time: 193111.0378s
	iters: 600, epoch: 8 | loss: 0.4881375
	speed: 0.2641s/iter; left time: 193559.6499s
	iters: 700, epoch: 8 | loss: 0.6148139
	speed: 0.2638s/iter; left time: 193343.3004s
	iters: 800, epoch: 8 | loss: 0.5082424
	speed: 0.2629s/iter; left time: 192677.3507s
	iters: 900, epoch: 8 | loss: 0.5920815
	speed: 0.2606s/iter; left time: 190938.3074s
	iters: 1000, epoch: 8 | loss: 0.5131192
	speed: 0.2606s/iter; left time: 190949.9156s
	iters: 1100, epoch: 8 | loss: 0.5077944
	speed: 0.2605s/iter; left time: 190812.8320s
	iters: 1200, epoch: 8 | loss: 0.5031487
	speed: 0.2614s/iter; left time: 191442.2029s
	iters: 1300, epoch: 8 | loss: 0.5822409
	speed: 0.2639s/iter; left time: 193275.3306s
	iters: 1400, epoch: 8 | loss: 0.5072349
	speed: 0.2537s/iter; left time: 185794.2275s
	iters: 1500, epoch: 8 | loss: 0.6777626
	speed: 0.2559s/iter; left time: 187369.9451s
	iters: 1600, epoch: 8 | loss: 0.4854352
	speed: 0.2554s/iter; left time: 186954.7996s
	iters: 1700, epoch: 8 | loss: 0.6862651
	speed: 0.2555s/iter; left time: 186998.7561s
	iters: 1800, epoch: 8 | loss: 0.4500143
	speed: 0.2560s/iter; left time: 187328.7618s
	iters: 1900, epoch: 8 | loss: 0.5074496
	speed: 0.2553s/iter; left time: 186814.4797s
	iters: 2000, epoch: 8 | loss: 0.5918605
	speed: 0.2553s/iter; left time: 186796.1883s
	iters: 2100, epoch: 8 | loss: 1.1705178
	speed: 0.2556s/iter; left time: 186972.5396s
	iters: 2200, epoch: 8 | loss: 0.5314117
	speed: 0.2557s/iter; left time: 187008.9897s
	iters: 2300, epoch: 8 | loss: 0.5643389
	speed: 0.2537s/iter; left time: 185560.9200s
	iters: 2400, epoch: 8 | loss: 0.5094269
	speed: 0.2550s/iter; left time: 186451.0026s
	iters: 2500, epoch: 8 | loss: 0.5171481
	speed: 0.2555s/iter; left time: 186824.1435s
	iters: 2600, epoch: 8 | loss: 0.4914988
	speed: 0.2553s/iter; left time: 186597.6974s
	iters: 2700, epoch: 8 | loss: 0.4887289
	speed: 0.2555s/iter; left time: 186733.8830s
	iters: 2800, epoch: 8 | loss: 0.5096622
	speed: 0.2558s/iter; left time: 186913.3251s
	iters: 2900, epoch: 8 | loss: 0.4826389
	speed: 0.2552s/iter; left time: 186449.0867s
	iters: 3000, epoch: 8 | loss: 0.5093200
	speed: 0.2552s/iter; left time: 186447.9701s
	iters: 3100, epoch: 8 | loss: 0.5252002
	speed: 0.2553s/iter; left time: 186472.0170s
	iters: 3200, epoch: 8 | loss: 0.4793985
	speed: 0.2551s/iter; left time: 186320.7719s
	iters: 3300, epoch: 8 | loss: 0.4708552
	speed: 0.2553s/iter; left time: 186419.6557s
	iters: 3400, epoch: 8 | loss: 0.5241963
	speed: 0.2555s/iter; left time: 186585.9869s
	iters: 3500, epoch: 8 | loss: 0.7568419
	speed: 0.2483s/iter; left time: 181311.5047s
	iters: 3600, epoch: 8 | loss: 0.5175123
	speed: 0.2445s/iter; left time: 178493.3425s
	iters: 3700, epoch: 8 | loss: 0.4794243
	speed: 0.2453s/iter; left time: 179048.0620s
	iters: 3800, epoch: 8 | loss: 0.5342110
	speed: 0.2448s/iter; left time: 178659.2628s
Epoch: 8 cost time: 974.1908211708069
Epoch: 8, Steps: 3801 | Train Loss: 0.5267255 Vali Loss: 0.8171760 Test Loss: 0.9098121
Validation loss decreased (0.833942 --> 0.817176).  Saving model ...
	iters: 100, epoch: 9 | loss: 0.4603016
	speed: 7.4507s/iter; left time: 5436704.8178s
	iters: 200, epoch: 9 | loss: 0.4902069
	speed: 0.2580s/iter; left time: 188249.6366s
	iters: 300, epoch: 9 | loss: 0.4979618
	speed: 0.2600s/iter; left time: 189683.0019s
	iters: 400, epoch: 9 | loss: 0.4848447
	speed: 0.2529s/iter; left time: 184474.0695s
	iters: 500, epoch: 9 | loss: 0.4888248
	speed: 0.2506s/iter; left time: 182795.7607s
	iters: 600, epoch: 9 | loss: 0.5194539
	speed: 0.2534s/iter; left time: 184744.9446s
	iters: 700, epoch: 9 | loss: 0.5215753
	speed: 0.2532s/iter; left time: 184632.5710s
	iters: 800, epoch: 9 | loss: 0.5082033
	speed: 0.2533s/iter; left time: 184646.9341s
	iters: 900, epoch: 9 | loss: 0.4648029
	speed: 0.2503s/iter; left time: 182432.6412s
	iters: 1000, epoch: 9 | loss: 0.5205025
	speed: 0.2508s/iter; left time: 182813.8200s
	iters: 1100, epoch: 9 | loss: 0.4972875
	speed: 0.2536s/iter; left time: 184762.8866s
	iters: 1200, epoch: 9 | loss: 0.4817901
	speed: 0.2518s/iter; left time: 183445.0290s
	iters: 1300, epoch: 9 | loss: 0.4912557
	speed: 0.2473s/iter; left time: 180127.5149s
	iters: 1400, epoch: 9 | loss: 0.4787844
	speed: 0.2459s/iter; left time: 179109.4311s
	iters: 1500, epoch: 9 | loss: 0.5091275
	speed: 0.2465s/iter; left time: 179504.1040s
	iters: 1600, epoch: 9 | loss: 0.5442308
	speed: 0.2465s/iter; left time: 179525.8188s
	iters: 1700, epoch: 9 | loss: 0.4933899
	speed: 0.2456s/iter; left time: 178843.2678s
	iters: 1800, epoch: 9 | loss: 0.4770863
	speed: 0.2459s/iter; left time: 179015.5331s
	iters: 1900, epoch: 9 | loss: 0.5756103
	speed: 0.2459s/iter; left time: 178976.6446s
	iters: 2000, epoch: 9 | loss: 0.4645205
	speed: 0.2457s/iter; left time: 178795.1254s
	iters: 2100, epoch: 9 | loss: 0.4552052
	speed: 0.2483s/iter; left time: 180697.0027s
	iters: 2200, epoch: 9 | loss: 0.4573589
	speed: 0.2470s/iter; left time: 179710.0538s
	iters: 2300, epoch: 9 | loss: 0.4662905
	speed: 0.2460s/iter; left time: 178957.7148s
	iters: 2400, epoch: 9 | loss: 0.5153118
	speed: 0.2454s/iter; left time: 178505.9428s
	iters: 2500, epoch: 9 | loss: 0.5846893
	speed: 0.2457s/iter; left time: 178709.6437s
	iters: 2600, epoch: 9 | loss: 0.5185778
	speed: 0.2465s/iter; left time: 179252.1216s
	iters: 2700, epoch: 9 | loss: 0.6033051
	speed: 0.2458s/iter; left time: 178688.3750s
	iters: 2800, epoch: 9 | loss: 0.4781001
	speed: 0.2487s/iter; left time: 180822.8224s
	iters: 2900, epoch: 9 | loss: 0.4484466
	speed: 0.2464s/iter; left time: 179108.2262s
	iters: 3000, epoch: 9 | loss: 0.4332377
	speed: 0.2459s/iter; left time: 178685.7173s
	iters: 3100, epoch: 9 | loss: 0.4747686
	speed: 0.2450s/iter; left time: 178007.6597s
	iters: 3200, epoch: 9 | loss: 0.4498203
	speed: 0.2458s/iter; left time: 178605.1356s
	iters: 3300, epoch: 9 | loss: 0.4962330
	speed: 0.2456s/iter; left time: 178445.5775s
	iters: 3400, epoch: 9 | loss: 0.5080523
	speed: 0.2456s/iter; left time: 178396.3897s
	iters: 3500, epoch: 9 | loss: 0.4622506
	speed: 0.2451s/iter; left time: 178014.0194s
	iters: 3600, epoch: 9 | loss: 0.4992478
	speed: 0.2473s/iter; left time: 179581.2355s
	iters: 3700, epoch: 9 | loss: 0.5532070
	speed: 0.2479s/iter; left time: 179977.6375s
	iters: 3800, epoch: 9 | loss: 0.5537804
	speed: 0.2450s/iter; left time: 177842.1951s
Epoch: 9 cost time: 946.1258733272552
Epoch: 9, Steps: 3801 | Train Loss: 0.4986968 Vali Loss: 0.8529668 Test Loss: 0.9570639
EarlyStopping counter: 1 out of 5
	iters: 100, epoch: 10 | loss: 0.4918633
	speed: 7.4305s/iter; left time: 5393751.2548s
	iters: 200, epoch: 10 | loss: 0.4689803
	speed: 0.2561s/iter; left time: 185890.7589s
	iters: 300, epoch: 10 | loss: 0.4866504
	speed: 0.2559s/iter; left time: 185687.9984s
	iters: 400, epoch: 10 | loss: 0.4867049
	speed: 0.2564s/iter; left time: 186028.8011s
	iters: 500, epoch: 10 | loss: 0.4973585
	speed: 0.2556s/iter; left time: 185455.0687s
	iters: 600, epoch: 10 | loss: 0.4836543
	speed: 0.2559s/iter; left time: 185621.3267s
	iters: 700, epoch: 10 | loss: 0.5002556
	speed: 0.2562s/iter; left time: 185790.4507s
	iters: 800, epoch: 10 | loss: 0.4591593
	speed: 0.2559s/iter; left time: 185598.9362s
	iters: 900, epoch: 10 | loss: 0.4597827
	speed: 0.2556s/iter; left time: 185366.3559s
	iters: 1000, epoch: 10 | loss: 0.5099421
	speed: 0.2560s/iter; left time: 185591.4504s
	iters: 1100, epoch: 10 | loss: 0.4739746
	speed: 0.2565s/iter; left time: 185926.0692s
	iters: 1200, epoch: 10 | loss: 0.4536495
	speed: 0.2539s/iter; left time: 184044.7054s
	iters: 1300, epoch: 10 | loss: 0.5318296
	speed: 0.2556s/iter; left time: 185216.0079s
	iters: 1400, epoch: 10 | loss: 0.5108103
	speed: 0.2561s/iter; left time: 185548.4303s
	iters: 1500, epoch: 10 | loss: 0.4770980
	speed: 0.2556s/iter; left time: 185203.4944s
	iters: 1600, epoch: 10 | loss: 0.4991257
	speed: 0.2558s/iter; left time: 185300.1362s
	iters: 1700, epoch: 10 | loss: 0.5146472
	speed: 0.2562s/iter; left time: 185543.2172s
	iters: 1800, epoch: 10 | loss: 0.4431236
	speed: 0.2559s/iter; left time: 185352.6261s
	iters: 1900, epoch: 10 | loss: 0.4864839
	speed: 0.2554s/iter; left time: 184968.2989s
	iters: 2000, epoch: 10 | loss: 0.4639497
	speed: 0.2559s/iter; left time: 185255.4963s
	iters: 2100, epoch: 10 | loss: 0.4719964
	speed: 0.2556s/iter; left time: 185010.5144s
	iters: 2200, epoch: 10 | loss: 0.4623014
	speed: 0.2542s/iter; left time: 184019.3339s
	iters: 2300, epoch: 10 | loss: 0.4589199
	speed: 0.2558s/iter; left time: 185132.9879s
	iters: 2400, epoch: 10 | loss: 0.5339374
	speed: 0.2555s/iter; left time: 184905.9382s
	iters: 2500, epoch: 10 | loss: 0.5095611
	speed: 0.2552s/iter; left time: 184636.6917s
	iters: 2600, epoch: 10 | loss: 0.4718603
	speed: 0.2557s/iter; left time: 184967.5585s
	iters: 2700, epoch: 10 | loss: 0.4881716
	speed: 0.2559s/iter; left time: 185059.1766s
	iters: 2800, epoch: 10 | loss: 0.4695056
	speed: 0.2554s/iter; left time: 184735.5743s
	iters: 2900, epoch: 10 | loss: 0.4808735
	speed: 0.2554s/iter; left time: 184653.6831s
	iters: 3000, epoch: 10 | loss: 0.4835964
	speed: 0.2555s/iter; left time: 184691.7734s
	iters: 3100, epoch: 10 | loss: 0.4917257
	speed: 0.2548s/iter; left time: 184177.5270s
	iters: 3200, epoch: 10 | loss: 0.4717520
	speed: 0.2545s/iter; left time: 183959.5202s
	iters: 3300, epoch: 10 | loss: 0.4815394
	speed: 0.2556s/iter; left time: 184693.4143s
	iters: 3400, epoch: 10 | loss: 0.4572672
	speed: 0.2557s/iter; left time: 184748.6656s
	iters: 3500, epoch: 10 | loss: 0.4633509
	speed: 0.2551s/iter; left time: 184325.7202s
	iters: 3600, epoch: 10 | loss: 0.4873130
	speed: 0.2552s/iter; left time: 184327.1447s
	iters: 3700, epoch: 10 | loss: 0.5847531
	speed: 0.2553s/iter; left time: 184400.1107s
	iters: 3800, epoch: 10 | loss: 0.4441064
	speed: 0.2552s/iter; left time: 184310.8797s
Epoch: 10 cost time: 972.3814692497253
Epoch: 10, Steps: 3801 | Train Loss: 0.4902716 Vali Loss: 0.8233506 Test Loss: 0.9215919
EarlyStopping counter: 2 out of 5
	iters: 100, epoch: 11 | loss: 0.4668881
	speed: 7.3777s/iter; left time: 5327337.9793s
	iters: 200, epoch: 11 | loss: 0.4649701
	speed: 0.2555s/iter; left time: 184475.6975s
	iters: 300, epoch: 11 | loss: 0.4714532
	speed: 0.2515s/iter; left time: 181563.4699s
	iters: 400, epoch: 11 | loss: 0.7062958
	speed: 0.2549s/iter; left time: 183986.1212s
	iters: 500, epoch: 11 | loss: 0.4913781
	speed: 0.2559s/iter; left time: 184663.3151s
	iters: 600, epoch: 11 | loss: 0.4588005
	speed: 0.2448s/iter; left time: 176678.2077s
	iters: 700, epoch: 11 | loss: 0.4840055
	speed: 0.2450s/iter; left time: 176790.5178s
	iters: 800, epoch: 11 | loss: 0.4590491
	speed: 0.2449s/iter; left time: 176676.1067s
	iters: 900, epoch: 11 | loss: 0.4570797
	speed: 0.2448s/iter; left time: 176573.3370s
	iters: 1000, epoch: 11 | loss: 0.4413268
	speed: 0.2450s/iter; left time: 176686.0985s
	iters: 1100, epoch: 11 | loss: 0.4486247
	speed: 0.2453s/iter; left time: 176880.4966s
	iters: 1200, epoch: 11 | loss: 0.4382428
	speed: 0.2436s/iter; left time: 175649.2421s
	iters: 1300, epoch: 11 | loss: 0.4852242
	speed: 0.2597s/iter; left time: 187212.1565s
	iters: 1400, epoch: 11 | loss: 0.4640788
	speed: 0.2604s/iter; left time: 187722.0581s
	iters: 1500, epoch: 11 | loss: 0.6248794
	speed: 0.2601s/iter; left time: 187475.8826s
	iters: 1600, epoch: 11 | loss: 0.4419385
	speed: 0.2598s/iter; left time: 187238.0130s
	iters: 1700, epoch: 11 | loss: 0.4731667
	speed: 0.2602s/iter; left time: 187496.4718s
	iters: 1800, epoch: 11 | loss: 0.4668036
	speed: 0.2599s/iter; left time: 187210.9598s
	iters: 1900, epoch: 11 | loss: 0.4509430
	speed: 0.2599s/iter; left time: 187234.8877s
	iters: 2000, epoch: 11 | loss: 0.4483137
	speed: 0.2602s/iter; left time: 187363.2081s
	iters: 2100, epoch: 11 | loss: 0.4767729
	speed: 0.2603s/iter; left time: 187408.0871s
	iters: 2200, epoch: 11 | loss: 0.5138929
	speed: 0.2596s/iter; left time: 186914.0275s
	iters: 2300, epoch: 11 | loss: 0.4664695
	speed: 0.2563s/iter; left time: 184531.8288s
	iters: 2400, epoch: 11 | loss: 0.4782947
	speed: 0.2554s/iter; left time: 183867.9618s
	iters: 2500, epoch: 11 | loss: 0.4972865
	speed: 0.2549s/iter; left time: 183479.2244s
	iters: 2600, epoch: 11 | loss: 0.5553147
	speed: 0.2531s/iter; left time: 182132.3402s
	iters: 2700, epoch: 11 | loss: 0.4513633
	speed: 0.2555s/iter; left time: 183817.4174s
	iters: 2800, epoch: 11 | loss: 0.5141258
	speed: 0.2546s/iter; left time: 183178.6337s
	iters: 2900, epoch: 11 | loss: 0.4451172
	speed: 0.2548s/iter; left time: 183299.6646s
	iters: 3000, epoch: 11 | loss: 0.4845736
	speed: 0.2550s/iter; left time: 183389.2640s
	iters: 3100, epoch: 11 | loss: 0.4525254
	speed: 0.2551s/iter; left time: 183410.7301s
	iters: 3200, epoch: 11 | loss: 0.4803944
	speed: 0.2532s/iter; left time: 182047.1374s
	iters: 3300, epoch: 11 | loss: 0.4139525
	speed: 0.2551s/iter; left time: 183403.0320s
	iters: 3400, epoch: 11 | loss: 0.4436064
	speed: 0.2550s/iter; left time: 183322.0363s
	iters: 3500, epoch: 11 | loss: 0.5836531
	speed: 0.2547s/iter; left time: 183031.8095s
	iters: 3600, epoch: 11 | loss: 0.4721348
	speed: 0.2548s/iter; left time: 183085.2717s
	iters: 3700, epoch: 11 | loss: 0.4695202
	speed: 0.2553s/iter; left time: 183403.1160s
	iters: 3800, epoch: 11 | loss: 0.4267789
	speed: 0.2547s/iter; left time: 182963.9095s
Epoch: 11 cost time: 967.6949074268341
Epoch: 11, Steps: 3801 | Train Loss: 0.4770145 Vali Loss: 0.8098416 Test Loss: 0.9240742
Validation loss decreased (0.817176 --> 0.809842).  Saving model ...
	iters: 100, epoch: 12 | loss: 0.4348632
	speed: 7.4274s/iter; left time: 5335023.3271s
	iters: 200, epoch: 12 | loss: 0.4095179
	speed: 0.2553s/iter; left time: 183385.6340s
	iters: 300, epoch: 12 | loss: 0.4557529
	speed: 0.2532s/iter; left time: 181807.9751s
	iters: 400, epoch: 12 | loss: 0.4370327
	speed: 0.2539s/iter; left time: 182288.7928s
	iters: 500, epoch: 12 | loss: 0.4706122
	speed: 0.2544s/iter; left time: 182655.3309s
	iters: 600, epoch: 12 | loss: 0.4407819
	speed: 0.2543s/iter; left time: 182528.4390s
	iters: 700, epoch: 12 | loss: 0.4422483
	speed: 0.2544s/iter; left time: 182598.0635s
	iters: 800, epoch: 12 | loss: 0.4490244
	speed: 0.2546s/iter; left time: 182708.9498s
	iters: 900, epoch: 12 | loss: 0.4770277
	speed: 0.2540s/iter; left time: 182267.3555s
	iters: 1000, epoch: 12 | loss: 0.4741898
	speed: 0.2542s/iter; left time: 182355.8555s
	iters: 1100, epoch: 12 | loss: 0.4612040
	speed: 0.2547s/iter; left time: 182684.3608s
	iters: 1200, epoch: 12 | loss: 0.4088214
	speed: 0.2543s/iter; left time: 182376.8965s
	iters: 1300, epoch: 12 | loss: 0.4977401
	speed: 0.2533s/iter; left time: 181626.7133s
	iters: 1400, epoch: 12 | loss: 0.4689373
	speed: 0.2541s/iter; left time: 182175.9543s
	iters: 1500, epoch: 12 | loss: 0.4688436
	speed: 0.2541s/iter; left time: 182174.0746s
	iters: 1600, epoch: 12 | loss: 0.4981622
	speed: 0.2539s/iter; left time: 181988.4086s
	iters: 1700, epoch: 12 | loss: 0.4488322
	speed: 0.2548s/iter; left time: 182595.0943s
	iters: 1800, epoch: 12 | loss: 0.4861897
	speed: 0.2545s/iter; left time: 182366.3499s
	iters: 1900, epoch: 12 | loss: 0.4610713
	speed: 0.2540s/iter; left time: 181972.0923s
	iters: 2000, epoch: 12 | loss: 0.4570416
	speed: 0.2543s/iter; left time: 182161.5789s
	iters: 2100, epoch: 12 | loss: 0.4503405
	speed: 0.2545s/iter; left time: 182275.9816s
	iters: 2200, epoch: 12 | loss: 0.4700312
	speed: 0.2541s/iter; left time: 181971.9918s
	iters: 2300, epoch: 12 | loss: 0.4503925
	speed: 0.2528s/iter; left time: 181057.7145s
	iters: 2400, epoch: 12 | loss: 0.7837749
	speed: 0.2545s/iter; left time: 182226.3979s
	iters: 2500, epoch: 12 | loss: 0.6223797
	speed: 0.2544s/iter; left time: 182136.9534s
	iters: 2600, epoch: 12 | loss: 0.8359333
	speed: 0.2541s/iter; left time: 181891.6804s
	iters: 2700, epoch: 12 | loss: 0.7976431
	speed: 0.2544s/iter; left time: 182063.9978s
	iters: 2800, epoch: 12 | loss: 0.7484220
	speed: 0.2542s/iter; left time: 181899.2081s
	iters: 2900, epoch: 12 | loss: 0.7801731
	speed: 0.2536s/iter; left time: 181418.7774s
	iters: 3000, epoch: 12 | loss: 0.7475914
	speed: 0.2540s/iter; left time: 181742.7808s
	iters: 3100, epoch: 12 | loss: 0.7389060
	speed: 0.2542s/iter; left time: 181812.3183s
	iters: 3200, epoch: 12 | loss: 0.7382284
	speed: 0.2534s/iter; left time: 181235.4783s
	iters: 3300, epoch: 12 | loss: 0.7478059
	speed: 0.2533s/iter; left time: 181120.5837s
	iters: 3400, epoch: 12 | loss: 0.6837723
	speed: 0.2546s/iter; left time: 182022.0566s
	iters: 3500, epoch: 12 | loss: 0.6668875
	speed: 0.2539s/iter; left time: 181530.1676s
	iters: 3600, epoch: 12 | loss: 0.7385295
	speed: 0.2538s/iter; left time: 181419.8941s
	iters: 3700, epoch: 12 | loss: 0.7624329
	speed: 0.2548s/iter; left time: 182114.8904s
	iters: 3800, epoch: 12 | loss: 0.7516991
	speed: 0.2544s/iter; left time: 181792.4052s
Epoch: 12 cost time: 967.0761163234711
Epoch: 12, Steps: 3801 | Train Loss: 0.5736793 Vali Loss: 0.9397645 Test Loss: 1.0560765
EarlyStopping counter: 1 out of 5
	iters: 100, epoch: 13 | loss: 0.7016763
	speed: 7.3712s/iter; left time: 5266637.6688s
	iters: 200, epoch: 13 | loss: 0.9382667
	speed: 0.2550s/iter; left time: 182194.0929s
	iters: 300, epoch: 13 | loss: 0.7122275
	speed: 0.2548s/iter; left time: 182018.9061s
	iters: 400, epoch: 13 | loss: 0.7078702
	speed: 0.2543s/iter; left time: 181620.6334s
	iters: 500, epoch: 13 | loss: 0.6954596
	speed: 0.2546s/iter; left time: 181788.6537s
	iters: 600, epoch: 13 | loss: 0.7188047
	speed: 0.2542s/iter; left time: 181512.3071s
	iters: 700, epoch: 13 | loss: 0.7217667
	speed: 0.2543s/iter; left time: 181518.5803s
	iters: 800, epoch: 13 | loss: 0.7139436
	speed: 0.2546s/iter; left time: 181705.5321s
	iters: 900, epoch: 13 | loss: 0.6802766
	speed: 0.2543s/iter; left time: 181507.6286s
	iters: 1000, epoch: 13 | loss: 0.6690339
	speed: 0.2536s/iter; left time: 180987.6506s
	iters: 1100, epoch: 13 | loss: 0.6774836
	speed: 0.2544s/iter; left time: 181539.3264s
	iters: 1200, epoch: 13 | loss: 0.6726798
	speed: 0.2538s/iter; left time: 181041.0423s
	iters: 1300, epoch: 13 | loss: 0.6622561
	speed: 0.2536s/iter; left time: 180856.3988s
	iters: 1400, epoch: 13 | loss: 0.6622882
	speed: 0.2543s/iter; left time: 181344.5024s
	iters: 1500, epoch: 13 | loss: 0.6681844
	speed: 0.2542s/iter; left time: 181277.9590s
	iters: 1600, epoch: 13 | loss: 0.6572096
	speed: 0.2537s/iter; left time: 180913.4061s
	iters: 1700, epoch: 13 | loss: 0.6307691
	speed: 0.2539s/iter; left time: 181011.6841s
	iters: 1800, epoch: 13 | loss: 0.6854784
	speed: 0.2543s/iter; left time: 181288.7151s
	iters: 1900, epoch: 13 | loss: 0.7189149
	speed: 0.2541s/iter; left time: 181096.9619s
	iters: 2000, epoch: 13 | loss: 0.6706225
	speed: 0.2537s/iter; left time: 180799.2430s
	iters: 2100, epoch: 13 | loss: 0.6907989
	speed: 0.2543s/iter; left time: 181188.6864s
	iters: 2200, epoch: 13 | loss: 0.6278227
	speed: 0.2468s/iter; left time: 175843.2814s
	iters: 2300, epoch: 13 | loss: 0.7218932
	speed: 0.2536s/iter; left time: 180653.2902s
	iters: 2400, epoch: 13 | loss: 0.7548443
	speed: 0.2543s/iter; left time: 181136.8854s
	iters: 2500, epoch: 13 | loss: 0.7330377
	speed: 0.2539s/iter; left time: 180777.4748s
	iters: 2600, epoch: 13 | loss: 0.7391556
	speed: 0.2535s/iter; left time: 180462.7262s
	iters: 2700, epoch: 13 | loss: 0.7328473
	speed: 0.2536s/iter; left time: 180530.7029s
	iters: 2800, epoch: 13 | loss: 0.7554611
	speed: 0.2542s/iter; left time: 180953.3902s
	iters: 2900, epoch: 13 | loss: 0.7483996
	speed: 0.2534s/iter; left time: 180349.5495s
	iters: 3000, epoch: 13 | loss: 0.7803563
	speed: 0.2533s/iter; left time: 180256.4987s
	iters: 3100, epoch: 13 | loss: 0.6888906
	speed: 0.2538s/iter; left time: 180580.7198s
	iters: 3200, epoch: 13 | loss: 0.6630100
	speed: 0.2533s/iter; left time: 180176.2458s
	iters: 3300, epoch: 13 | loss: 0.7457568
	speed: 0.2533s/iter; left time: 180136.5987s
	iters: 3400, epoch: 13 | loss: 0.6766375
	speed: 0.2538s/iter; left time: 180503.4519s
	iters: 3500, epoch: 13 | loss: 0.6937872
	speed: 0.2537s/iter; left time: 180390.2784s
	iters: 3600, epoch: 13 | loss: 0.6753815
	speed: 0.2533s/iter; left time: 180115.8617s
	iters: 3700, epoch: 13 | loss: 0.7000897
	speed: 0.2536s/iter; left time: 180276.3362s
	iters: 3800, epoch: 13 | loss: 0.6806278
	speed: 0.2539s/iter; left time: 180487.1861s
Epoch: 13 cost time: 965.5860452651978
Epoch: 13, Steps: 3801 | Train Loss: 0.7027864 Vali Loss: 0.9177909 Test Loss: 1.0323851
EarlyStopping counter: 2 out of 5
	iters: 100, epoch: 14 | loss: 0.6876049
	speed: 7.4029s/iter; left time: 5261143.4772s
	iters: 200, epoch: 14 | loss: 0.6627384
	speed: 0.2547s/iter; left time: 181003.3227s
	iters: 300, epoch: 14 | loss: 0.6605538
	speed: 0.2588s/iter; left time: 183875.2709s
	iters: 400, epoch: 14 | loss: 0.6773412
	speed: 0.2631s/iter; left time: 186892.4460s
	iters: 500, epoch: 14 | loss: 0.6903914
	speed: 0.2636s/iter; left time: 187264.0054s
	iters: 600, epoch: 14 | loss: 0.7033549
	speed: 0.2636s/iter; left time: 187173.9640s
	iters: 700, epoch: 14 | loss: 0.7884264
	speed: 0.2632s/iter; left time: 186861.5876s
	iters: 800, epoch: 14 | loss: 0.7936139
	speed: 0.2632s/iter; left time: 186873.5774s
	iters: 900, epoch: 14 | loss: 0.7270274
	speed: 0.2636s/iter; left time: 187160.7747s
	iters: 1000, epoch: 14 | loss: 0.6675122
	speed: 0.2629s/iter; left time: 186600.4592s
	iters: 1100, epoch: 14 | loss: 0.7034902
	speed: 0.2630s/iter; left time: 186644.1907s
	iters: 1200, epoch: 14 | loss: 0.6790931
	speed: 0.2487s/iter; left time: 176484.6635s
	iters: 1300, epoch: 14 | loss: 0.6816989
	speed: 0.2606s/iter; left time: 184925.1212s
	iters: 1400, epoch: 14 | loss: 0.7213674
	speed: 0.2631s/iter; left time: 186621.7754s
	iters: 1500, epoch: 14 | loss: 0.7380365
	speed: 0.2636s/iter; left time: 186991.1574s
	iters: 1600, epoch: 14 | loss: 0.6885983
	speed: 0.2633s/iter; left time: 186748.8338s
	iters: 1700, epoch: 14 | loss: 0.7480863
	speed: 0.2630s/iter; left time: 186460.4213s
	iters: 1800, epoch: 14 | loss: 0.6664854
	speed: 0.2635s/iter; left time: 186809.4105s
	iters: 1900, epoch: 14 | loss: 0.6970823
	speed: 0.2633s/iter; left time: 186623.0276s
	iters: 2000, epoch: 14 | loss: 0.6810020
	speed: 0.2630s/iter; left time: 186406.6692s
	iters: 2100, epoch: 14 | loss: 0.7268948
	speed: 0.2597s/iter; left time: 184064.3226s
	iters: 2200, epoch: 14 | loss: 0.6917014
	speed: 0.2489s/iter; left time: 176352.0351s
	iters: 2300, epoch: 14 | loss: 0.8221411
	speed: 0.2629s/iter; left time: 186264.1385s
	iters: 2400, epoch: 14 | loss: 0.7070957
	speed: 0.2631s/iter; left time: 186404.7210s
	iters: 2500, epoch: 14 | loss: 0.7169706
	speed: 0.2632s/iter; left time: 186443.2764s
	iters: 2600, epoch: 14 | loss: 0.6300538
	speed: 0.2630s/iter; left time: 186283.8848s
	iters: 2700, epoch: 14 | loss: 0.7266719
	speed: 0.2630s/iter; left time: 186247.2604s
	iters: 2800, epoch: 14 | loss: 0.6470053
	speed: 0.2631s/iter; left time: 186285.4146s
	iters: 2900, epoch: 14 | loss: 0.6590977
	speed: 0.2633s/iter; left time: 186393.3384s
	iters: 3000, epoch: 14 | loss: 0.7464984
	speed: 0.2630s/iter; left time: 186160.5033s
	iters: 3100, epoch: 14 | loss: 0.6708624
	speed: 0.2490s/iter; left time: 176216.3306s
	iters: 3200, epoch: 14 | loss: 0.6748831
	speed: 0.2610s/iter; left time: 184650.4738s
	iters: 3300, epoch: 14 | loss: 0.6694904
	speed: 0.2629s/iter; left time: 186031.5024s
	iters: 3400, epoch: 14 | loss: 0.6739523
	speed: 0.2632s/iter; left time: 186194.6539s
	iters: 3500, epoch: 14 | loss: 0.6602768
	speed: 0.2633s/iter; left time: 186260.7757s
	iters: 3600, epoch: 14 | loss: 0.8487510
	speed: 0.2630s/iter; left time: 185955.9417s
	iters: 3700, epoch: 14 | loss: 0.7005187
	speed: 0.2630s/iter; left time: 185958.9530s
	iters: 3800, epoch: 14 | loss: 0.6865649
	speed: 0.2634s/iter; left time: 186191.8841s
Epoch: 14 cost time: 994.0750687122345
Epoch: 14, Steps: 3801 | Train Loss: 0.6915672 Vali Loss: 0.9084504 Test Loss: 1.0276340
EarlyStopping counter: 3 out of 5
	iters: 100, epoch: 15 | loss: 0.6837298
	speed: 7.3955s/iter; left time: 5227788.4423s
	iters: 200, epoch: 15 | loss: 0.6547633
	speed: 0.2549s/iter; left time: 180188.9414s
	iters: 300, epoch: 15 | loss: 0.6919317
	speed: 0.2555s/iter; left time: 180568.2027s
	iters: 400, epoch: 15 | loss: 0.6483699
	speed: 0.2543s/iter; left time: 179708.6376s
	iters: 500, epoch: 15 | loss: 0.7545962
	speed: 0.2551s/iter; left time: 180201.7254s
	iters: 600, epoch: 15 | loss: 0.6530437
	speed: 0.2551s/iter; left time: 180199.2580s
	iters: 700, epoch: 15 | loss: 0.6565971
	speed: 0.2546s/iter; left time: 179824.9173s
	iters: 800, epoch: 15 | loss: 0.6225023
	speed: 0.2546s/iter; left time: 179774.1106s
	iters: 900, epoch: 15 | loss: 0.6647793
	speed: 0.2551s/iter; left time: 180105.5771s
	iters: 1000, epoch: 15 | loss: 0.6915624
	speed: 0.2548s/iter; left time: 179860.6706s
	iters: 1100, epoch: 15 | loss: 0.6647009
	speed: 0.2546s/iter; left time: 179704.8787s
	iters: 1200, epoch: 15 | loss: 0.6687701
	speed: 0.2543s/iter; left time: 179475.7215s
	iters: 1300, epoch: 15 | loss: 0.6641324
	speed: 0.2537s/iter; left time: 179028.3258s
	iters: 1400, epoch: 15 | loss: 0.6945666
	speed: 0.2545s/iter; left time: 179578.4980s
	iters: 1500, epoch: 15 | loss: 0.6692808
	speed: 0.2550s/iter; left time: 179878.8209s
	iters: 1600, epoch: 15 | loss: 0.6873904
	speed: 0.2547s/iter; left time: 179667.3011s
	iters: 1700, epoch: 15 | loss: 0.7067282
	speed: 0.2543s/iter; left time: 179388.6315s
	iters: 1800, epoch: 15 | loss: 0.6662711
	speed: 0.2547s/iter; left time: 179593.0114s
	iters: 1900, epoch: 15 | loss: 0.6356548
	speed: 0.2548s/iter; left time: 179675.9319s
	iters: 2000, epoch: 15 | loss: 0.6712654
	speed: 0.2545s/iter; left time: 179447.2716s
	iters: 2100, epoch: 15 | loss: 0.6836790
	speed: 0.2544s/iter; left time: 179353.1625s
	iters: 2200, epoch: 15 | loss: 0.6321834
	speed: 0.2534s/iter; left time: 178584.9192s
	iters: 2300, epoch: 15 | loss: 0.6373791
	speed: 0.2543s/iter; left time: 179209.4667s
	iters: 2400, epoch: 15 | loss: 0.6671175
	speed: 0.2542s/iter; left time: 179116.7956s
	iters: 2500, epoch: 15 | loss: 0.6916333
	speed: 0.2548s/iter; left time: 179489.2125s
	iters: 2600, epoch: 15 | loss: 0.6834734
	speed: 0.2544s/iter; left time: 179161.9515s
	iters: 2700, epoch: 15 | loss: 0.6670594
	speed: 0.2543s/iter; left time: 179091.2464s
	iters: 2800, epoch: 15 | loss: 0.7022227
	speed: 0.2547s/iter; left time: 179390.3431s
	iters: 2900, epoch: 15 | loss: 0.6522606
	speed: 0.2542s/iter; left time: 179010.2282s
	iters: 3000, epoch: 15 | loss: 0.7211899
	speed: 0.2540s/iter; left time: 178844.2247s
	iters: 3100, epoch: 15 | loss: 0.7239724
	speed: 0.2538s/iter; left time: 178625.7050s
	iters: 3200, epoch: 15 | loss: 0.7170206
	speed: 0.2540s/iter; left time: 178761.5530s
	iters: 3300, epoch: 15 | loss: 0.7288688
	speed: 0.2541s/iter; left time: 178784.4127s
	iters: 3400, epoch: 15 | loss: 0.6621926
	speed: 0.2538s/iter; left time: 178591.5194s
	iters: 3500, epoch: 15 | loss: 0.6345487
	speed: 0.2530s/iter; left time: 177967.4073s
	iters: 3600, epoch: 15 | loss: 0.6618615
	speed: 0.2543s/iter; left time: 178848.8209s
	iters: 3700, epoch: 15 | loss: 0.6759615
	speed: 0.2541s/iter; left time: 178699.8516s
	iters: 3800, epoch: 15 | loss: 0.6895121
	speed: 0.2545s/iter; left time: 178981.8607s
Epoch: 15 cost time: 967.851324558258
Epoch: 15, Steps: 3801 | Train Loss: 0.6762499 Vali Loss: 0.9116968 Test Loss: 1.0231105
EarlyStopping counter: 4 out of 5
	iters: 100, epoch: 16 | loss: 0.6873893
	speed: 7.4298s/iter; left time: 5223782.2193s
	iters: 200, epoch: 16 | loss: 0.6146191
	speed: 0.2513s/iter; left time: 176674.6475s
	iters: 300, epoch: 16 | loss: 0.7624183
	speed: 0.2496s/iter; left time: 175457.7575s
	iters: 400, epoch: 16 | loss: 0.7023816
	speed: 0.2465s/iter; left time: 173258.0177s
	iters: 500, epoch: 16 | loss: 0.7132362
	speed: 0.2446s/iter; left time: 171843.4088s
	iters: 600, epoch: 16 | loss: 0.6986280
	speed: 0.2446s/iter; left time: 171878.1983s
	iters: 700, epoch: 16 | loss: 0.6613351
	speed: 0.2455s/iter; left time: 172437.2767s
	iters: 800, epoch: 16 | loss: 0.6752151
	speed: 0.2453s/iter; left time: 172302.7561s
	iters: 900, epoch: 16 | loss: 0.6510669
	speed: 0.2442s/iter; left time: 171511.8796s
	iters: 1000, epoch: 16 | loss: 0.7109294
	speed: 0.2454s/iter; left time: 172314.3598s
	iters: 1100, epoch: 16 | loss: 0.7084772
	speed: 0.2449s/iter; left time: 171930.3611s
	iters: 1200, epoch: 16 | loss: 0.6472469
	speed: 0.2444s/iter; left time: 171541.6730s
	iters: 1300, epoch: 16 | loss: 0.6595474
	speed: 0.2453s/iter; left time: 172178.7470s
	iters: 1400, epoch: 16 | loss: 0.6548663
	speed: 0.2510s/iter; left time: 176179.4585s
	iters: 1500, epoch: 16 | loss: 0.6150969
	speed: 0.2555s/iter; left time: 179278.3586s
	iters: 1600, epoch: 16 | loss: 0.6331180
	speed: 0.2609s/iter; left time: 183075.7306s
	iters: 1700, epoch: 16 | loss: 0.6570120
	speed: 0.2597s/iter; left time: 182156.3933s
	iters: 1800, epoch: 16 | loss: 0.6460264
	speed: 0.2535s/iter; left time: 177805.9072s
	iters: 1900, epoch: 16 | loss: 0.6734585
	speed: 0.2530s/iter; left time: 177435.0151s
	iters: 2000, epoch: 16 | loss: 0.6864238
	speed: 0.2544s/iter; left time: 178363.4565s
	iters: 2100, epoch: 16 | loss: 0.7055107
	speed: 0.2638s/iter; left time: 184979.5001s
	iters: 2200, epoch: 16 | loss: 0.6554655
	speed: 0.2633s/iter; left time: 184571.9063s
	iters: 2300, epoch: 16 | loss: 0.6543971
	speed: 0.2639s/iter; left time: 184963.4435s
	iters: 2400, epoch: 16 | loss: 0.6493152
	speed: 0.2635s/iter; left time: 184683.4422s
	iters: 2500, epoch: 16 | loss: 0.6255018
	speed: 0.2541s/iter; left time: 178047.2534s
	iters: 2600, epoch: 16 | loss: 0.6687122
	speed: 0.2558s/iter; left time: 179208.4083s
	iters: 2700, epoch: 16 | loss: 0.6541685
	speed: 0.2641s/iter; left time: 185032.7002s
	iters: 2800, epoch: 16 | loss: 0.6654636
	speed: 0.2633s/iter; left time: 184401.4488s
	iters: 2900, epoch: 16 | loss: 0.6512076
	speed: 0.2636s/iter; left time: 184602.9071s
	iters: 3000, epoch: 16 | loss: 0.7163855
	speed: 0.2637s/iter; left time: 184657.8512s
	iters: 3100, epoch: 16 | loss: 0.7315087
	speed: 0.2636s/iter; left time: 184529.9918s
	iters: 3200, epoch: 16 | loss: 0.7175717
	speed: 0.2632s/iter; left time: 184248.2907s
	iters: 3300, epoch: 16 | loss: 0.6713901
	speed: 0.2639s/iter; left time: 184701.9536s
	iters: 3400, epoch: 16 | loss: 0.6277957
	speed: 0.2635s/iter; left time: 184398.5572s
	iters: 3500, epoch: 16 | loss: 0.6915002
	speed: 0.2479s/iter; left time: 173422.3988s
	iters: 3600, epoch: 16 | loss: 0.6839256
	speed: 0.2623s/iter; left time: 183481.3576s
	iters: 3700, epoch: 16 | loss: 0.7045102
	speed: 0.2636s/iter; left time: 184404.1644s
	iters: 3800, epoch: 16 | loss: 0.6943000
	speed: 0.2634s/iter; left time: 184194.9723s
Epoch: 16 cost time: 971.4595277309418
Epoch: 16, Steps: 3801 | Train Loss: 0.6739336 Vali Loss: 0.9167553 Test Loss: 1.0284718
EarlyStopping counter: 5 out of 5
Early stopping
>>>>>>>testing : long_term_forecast_pems07_all_96_336_Autoformer_custom_ftM_sl96_ll48_pl336_dm128_nh8_el2_dl1_df2048_fc3_ebtimeF_dtTrue_srate0.1_sseed7_trainseed2024_gap548_Exp_0<<<<<<<<<<<<<<<<<<<<<<<<<<<<<<<<<
test 300097
test shape: (30009, 1, 336, 1613) (30009, 1, 336, 1613)
test shape: (30009, 336, 1613) (30009, 336, 1613)
