Traceback (most recent call last):
  File "run.py", line 4, in <module>
    from exp.exp_long_term_forecasting import Exp_Long_Term_Forecast
  File "/g/data/hn98/du/exlts/ddd2/exp/exp_long_term_forecasting.py", line 2, in <module>
    from exp.exp_basic import Exp_Basic
  File "/g/data/hn98/du/exlts/ddd2/exp/exp_basic.py", line 3, in <module>
    from models import Autoformer, Transformer, TimesNet, Nonstationary_Transformer, DLinear, FEDformer, \
  File "/g/data/hn98/du/exlts/ddd2/models/Mamba.py", line 7, in <module>
    from mamba_ssm import Mamba
ModuleNotFoundError: No module named 'mamba_ssm'
Args in experiment:
Namespace(activation='gelu', anomaly_ratio=0.25, batch_size=32, c_out=1613, checkpoints='./checkpoints/', d_conv=4, d_ff=2048, d_layers=1, d_model=128, data='custom', data_path='pems07_all_filter10.csv', dec_in=1613, des='Exp', devices='0,1,2,3', distil=True, dropout=0, e_layers=2, embed='timeF', enc_in=1613, expand=2, factor=3, features='M', freq='h', gap_day=730, gpu=0, inverse=False, is_training=1, itr=1, label_len=48, learning_rate=0.0005, loss='MSE', lradj='type3', mask_rate=0.25, model='Autoformer', model_id='pems07_all_96_336', moving_avg=25, n_heads=8, num_kernels=6, num_workers=10, output_attention=False, p_hidden_dims=[128, 128], p_hidden_layers=2, patience=5, pred_len=336, root_path='../../data/pems/', samle_rate=0.1, sample_seed=7, seasonal_patterns='Monthly', seq_len=96, target='OT', task_name='long_term_forecast', top_k=5, train_epochs=200, train_seed=2024, use_amp=False, use_gpu=True, use_multi_gpu=False)
Use GPU: cuda:0
>>>>>>>start training : long_term_forecast_pems07_all_96_336_Autoformer_custom_ftM_sl96_ll48_pl336_dm128_nh8_el2_dl1_df2048_fc3_ebtimeF_dtTrue_srate0.1_sseed7_trainseed2024_gap730_Exp_0>>>>>>>>>>>>>>>>>>>>>>>>>>
train 1164097
val 247681
test 247681
	iters: 100, epoch: 1 | loss: 1.2321830
	speed: 0.2609s/iter; left time: 189731.0007s
	iters: 200, epoch: 1 | loss: 0.9854493
	speed: 0.2436s/iter; left time: 177145.7779s
	iters: 300, epoch: 1 | loss: 0.9647545
	speed: 0.2436s/iter; left time: 177144.1985s
	iters: 400, epoch: 1 | loss: 0.9667040
	speed: 0.2436s/iter; left time: 177077.0193s
	iters: 500, epoch: 1 | loss: 0.8777018
	speed: 0.2434s/iter; left time: 176925.9784s
	iters: 600, epoch: 1 | loss: 0.8679872
	speed: 0.2439s/iter; left time: 177240.1519s
	iters: 700, epoch: 1 | loss: 0.8688899
	speed: 0.2433s/iter; left time: 176788.8778s
	iters: 800, epoch: 1 | loss: 0.8529207
	speed: 0.2416s/iter; left time: 175558.9166s
	iters: 900, epoch: 1 | loss: 0.9151514
	speed: 0.2446s/iter; left time: 177723.8760s
	iters: 1000, epoch: 1 | loss: 0.9112442
	speed: 0.2415s/iter; left time: 175432.7541s
	iters: 1100, epoch: 1 | loss: 0.9867846
	speed: 0.2633s/iter; left time: 191241.7473s
	iters: 1200, epoch: 1 | loss: 0.8602299
	speed: 0.2628s/iter; left time: 190872.0749s
	iters: 1300, epoch: 1 | loss: 0.8227683
	speed: 0.2414s/iter; left time: 175313.5946s
	iters: 1400, epoch: 1 | loss: 0.7981136
	speed: 0.2415s/iter; left time: 175361.8545s
	iters: 1500, epoch: 1 | loss: 0.8300934
	speed: 0.2375s/iter; left time: 172406.7592s
	iters: 1600, epoch: 1 | loss: 0.8457302
	speed: 0.2361s/iter; left time: 171375.3049s
	iters: 1700, epoch: 1 | loss: 0.7772597
	speed: 0.2360s/iter; left time: 171281.3913s
	iters: 1800, epoch: 1 | loss: 0.7866119
	speed: 0.2413s/iter; left time: 175103.1334s
	iters: 1900, epoch: 1 | loss: 0.7367699
	speed: 0.2434s/iter; left time: 176597.7674s
	iters: 2000, epoch: 1 | loss: 0.8017377
	speed: 0.2448s/iter; left time: 177553.8051s
	iters: 2100, epoch: 1 | loss: 0.8097921
	speed: 0.2435s/iter; left time: 176599.1895s
	iters: 2200, epoch: 1 | loss: 0.6992260
	speed: 0.2431s/iter; left time: 176314.5173s
	iters: 2300, epoch: 1 | loss: 0.7277021
	speed: 0.2497s/iter; left time: 181093.4779s
	iters: 2400, epoch: 1 | loss: 0.7591943
	speed: 0.2491s/iter; left time: 180599.8897s
	iters: 2500, epoch: 1 | loss: 0.7190658
	speed: 0.2544s/iter; left time: 184448.0102s
	iters: 2600, epoch: 1 | loss: 0.7349449
	speed: 0.2569s/iter; left time: 186228.7342s
	iters: 2700, epoch: 1 | loss: 0.6840635
	speed: 0.2575s/iter; left time: 186581.3782s
	iters: 2800, epoch: 1 | loss: 0.7760769
	speed: 0.2472s/iter; left time: 179154.2260s
	iters: 2900, epoch: 1 | loss: 0.6553479
	speed: 0.2434s/iter; left time: 176360.8231s
	iters: 3000, epoch: 1 | loss: 0.6454561
	speed: 0.2434s/iter; left time: 176298.9766s
	iters: 3100, epoch: 1 | loss: 0.6644309
	speed: 0.2439s/iter; left time: 176624.3786s
	iters: 3200, epoch: 1 | loss: 0.7088568
	speed: 0.2465s/iter; left time: 178524.6275s
	iters: 3300, epoch: 1 | loss: 0.6239794
	speed: 0.2571s/iter; left time: 186186.6179s
	iters: 3400, epoch: 1 | loss: 0.6263607
	speed: 0.2578s/iter; left time: 186639.2014s
	iters: 3500, epoch: 1 | loss: 0.6309631
	speed: 0.2542s/iter; left time: 184000.9852s
	iters: 3600, epoch: 1 | loss: 0.7255734
	speed: 0.2431s/iter; left time: 175952.0554s
Epoch: 1 cost time: 898.5548989772797
Epoch: 1, Steps: 3637 | Train Loss: 0.8169427 Vali Loss: 0.9574414 Test Loss: 1.1378188
Validation loss decreased (inf --> 0.957441).  Saving model ...
	iters: 100, epoch: 2 | loss: 0.6247692
	speed: 6.1766s/iter; left time: 4469766.5583s
	iters: 200, epoch: 2 | loss: 0.6271021
	speed: 0.2383s/iter; left time: 172422.3800s
	iters: 300, epoch: 2 | loss: 0.5990036
	speed: 0.2398s/iter; left time: 173452.8823s
	iters: 400, epoch: 2 | loss: 0.6413260
	speed: 0.2362s/iter; left time: 170883.0520s
	iters: 500, epoch: 2 | loss: 0.6066936
	speed: 0.2363s/iter; left time: 170903.8921s
	iters: 600, epoch: 2 | loss: 0.6281637
	speed: 0.2443s/iter; left time: 176657.6069s
	iters: 700, epoch: 2 | loss: 0.6785717
	speed: 0.2433s/iter; left time: 175957.3626s
	iters: 800, epoch: 2 | loss: 0.6236009
	speed: 0.2438s/iter; left time: 176229.2560s
	iters: 900, epoch: 2 | loss: 0.6236838
	speed: 0.2388s/iter; left time: 172614.2849s
	iters: 1000, epoch: 2 | loss: 0.6000499
	speed: 0.2359s/iter; left time: 170526.7556s
	iters: 1100, epoch: 2 | loss: 0.5699898
	speed: 0.2373s/iter; left time: 171517.0994s
	iters: 1200, epoch: 2 | loss: 0.5559141
	speed: 0.2362s/iter; left time: 170661.7845s
	iters: 1300, epoch: 2 | loss: 0.5600440
	speed: 0.2365s/iter; left time: 170895.3176s
	iters: 1400, epoch: 2 | loss: 0.5584742
	speed: 0.2355s/iter; left time: 170116.7561s
	iters: 1500, epoch: 2 | loss: 0.5609241
	speed: 0.2360s/iter; left time: 170470.9982s
	iters: 1600, epoch: 2 | loss: 0.5657973
	speed: 0.2363s/iter; left time: 170680.9011s
	iters: 1700, epoch: 2 | loss: 0.6140610
	speed: 0.2360s/iter; left time: 170415.0224s
	iters: 1800, epoch: 2 | loss: 0.5401391
	speed: 0.2358s/iter; left time: 170219.8803s
	iters: 1900, epoch: 2 | loss: 0.5480067
	speed: 0.2362s/iter; left time: 170481.9366s
	iters: 2000, epoch: 2 | loss: 0.5523517
	speed: 0.2367s/iter; left time: 170834.3119s
	iters: 2100, epoch: 2 | loss: 0.6639290
	speed: 0.2356s/iter; left time: 170033.8866s
	iters: 2200, epoch: 2 | loss: 0.6392687
	speed: 0.2349s/iter; left time: 169523.9517s
	iters: 2300, epoch: 2 | loss: 0.5815036
	speed: 0.2419s/iter; left time: 174553.3086s
	iters: 2400, epoch: 2 | loss: 0.7621316
	speed: 0.2438s/iter; left time: 175867.4124s
	iters: 2500, epoch: 2 | loss: 0.6572819
	speed: 0.2435s/iter; left time: 175657.3712s
	iters: 2600, epoch: 2 | loss: 0.5668283
	speed: 0.2439s/iter; left time: 175878.1195s
	iters: 2700, epoch: 2 | loss: 0.5798132
	speed: 0.2436s/iter; left time: 175625.6070s
	iters: 2800, epoch: 2 | loss: 0.5790403
	speed: 0.2443s/iter; left time: 176104.4259s
	iters: 2900, epoch: 2 | loss: 0.5528895
	speed: 0.2433s/iter; left time: 175420.8058s
	iters: 3000, epoch: 2 | loss: 0.5968731
	speed: 0.2434s/iter; left time: 175434.1443s
	iters: 3100, epoch: 2 | loss: 0.5773525
	speed: 0.2422s/iter; left time: 174550.1182s
	iters: 3200, epoch: 2 | loss: 0.6181967
	speed: 0.2352s/iter; left time: 169486.7663s
	iters: 3300, epoch: 2 | loss: 0.6099071
	speed: 0.2360s/iter; left time: 170025.2915s
	iters: 3400, epoch: 2 | loss: 0.5999628
	speed: 0.2358s/iter; left time: 169891.1326s
	iters: 3500, epoch: 2 | loss: 0.5665553
	speed: 0.2365s/iter; left time: 170339.3027s
	iters: 3600, epoch: 2 | loss: 0.5623462
	speed: 0.2365s/iter; left time: 170309.1697s
Epoch: 2 cost time: 869.5306262969971
Epoch: 2, Steps: 3637 | Train Loss: 0.6106940 Vali Loss: 1.0053260 Test Loss: 1.1646029
EarlyStopping counter: 1 out of 5
	iters: 100, epoch: 3 | loss: 0.5938569
	speed: 6.2556s/iter; left time: 4504209.4292s
	iters: 200, epoch: 3 | loss: 0.5775349
	speed: 0.2380s/iter; left time: 171319.6271s
	iters: 300, epoch: 3 | loss: 0.5782285
	speed: 0.2455s/iter; left time: 176750.6234s
	iters: 400, epoch: 3 | loss: 0.5426117
	speed: 0.2462s/iter; left time: 177196.6733s
	iters: 500, epoch: 3 | loss: 0.6886497
	speed: 0.2459s/iter; left time: 176958.9226s
	iters: 600, epoch: 3 | loss: 0.5152152
	speed: 0.2457s/iter; left time: 176803.6980s
	iters: 700, epoch: 3 | loss: 0.5373122
	speed: 0.2456s/iter; left time: 176656.9967s
	iters: 800, epoch: 3 | loss: 0.5253401
	speed: 0.2457s/iter; left time: 176728.4340s
	iters: 900, epoch: 3 | loss: 0.5581312
	speed: 0.2460s/iter; left time: 176913.2458s
	iters: 1000, epoch: 3 | loss: 0.7175487
	speed: 0.2451s/iter; left time: 176231.9084s
	iters: 1100, epoch: 3 | loss: 0.5362796
	speed: 0.2470s/iter; left time: 177624.3723s
	iters: 1200, epoch: 3 | loss: 0.5213515
	speed: 0.2535s/iter; left time: 182253.5045s
	iters: 1300, epoch: 3 | loss: 0.6443309
	speed: 0.2544s/iter; left time: 182894.8355s
	iters: 1400, epoch: 3 | loss: 0.4980410
	speed: 0.2534s/iter; left time: 182130.6168s
	iters: 1500, epoch: 3 | loss: 0.5314651
	speed: 0.2532s/iter; left time: 181987.9927s
	iters: 1600, epoch: 3 | loss: 0.5271640
	speed: 0.2536s/iter; left time: 182214.1791s
	iters: 1700, epoch: 3 | loss: 0.5400787
	speed: 0.2464s/iter; left time: 177015.3914s
	iters: 1800, epoch: 3 | loss: 0.5396703
	speed: 0.2451s/iter; left time: 176075.7891s
	iters: 1900, epoch: 3 | loss: 0.5840345
	speed: 0.2450s/iter; left time: 175991.8933s
	iters: 2000, epoch: 3 | loss: 0.6101889
	speed: 0.2453s/iter; left time: 176141.1710s
	iters: 2100, epoch: 3 | loss: 0.5479774
	speed: 0.2444s/iter; left time: 175507.0372s
	iters: 2200, epoch: 3 | loss: 0.6748579
	speed: 0.2462s/iter; left time: 176745.7358s
	iters: 2300, epoch: 3 | loss: 0.7076679
	speed: 0.2445s/iter; left time: 175482.3903s
	iters: 2400, epoch: 3 | loss: 0.5844852
	speed: 0.2467s/iter; left time: 177040.9785s
	iters: 2500, epoch: 3 | loss: 0.5558848
	speed: 0.2452s/iter; left time: 175996.4056s
	iters: 2600, epoch: 3 | loss: 0.5712973
	speed: 0.2450s/iter; left time: 175800.2924s
	iters: 2700, epoch: 3 | loss: 0.5884766
	speed: 0.2444s/iter; left time: 175341.1365s
	iters: 2800, epoch: 3 | loss: 0.5218883
	speed: 0.2530s/iter; left time: 181495.9726s
	iters: 2900, epoch: 3 | loss: 0.5152004
	speed: 0.2535s/iter; left time: 181799.6668s
	iters: 3000, epoch: 3 | loss: 0.5138189
	speed: 0.2537s/iter; left time: 181950.9173s
	iters: 3100, epoch: 3 | loss: 0.5199067
	speed: 0.2533s/iter; left time: 181646.4702s
	iters: 3200, epoch: 3 | loss: 0.5317844
	speed: 0.2469s/iter; left time: 176995.8656s
	iters: 3300, epoch: 3 | loss: 0.5004221
	speed: 0.2447s/iter; left time: 175406.5365s
	iters: 3400, epoch: 3 | loss: 0.5131044
	speed: 0.2448s/iter; left time: 175432.5193s
	iters: 3500, epoch: 3 | loss: 0.5535468
	speed: 0.2506s/iter; left time: 179599.4461s
	iters: 3600, epoch: 3 | loss: 0.5069879
	speed: 0.2533s/iter; left time: 181521.4267s
Epoch: 3 cost time: 901.4924306869507
Epoch: 3, Steps: 3637 | Train Loss: 0.5639798 Vali Loss: 0.9376911 Test Loss: 1.0868410
Validation loss decreased (0.957441 --> 0.937691).  Saving model ...
	iters: 100, epoch: 4 | loss: 0.5593736
	speed: 6.2541s/iter; left time: 4480359.3907s
	iters: 200, epoch: 4 | loss: 0.5293701
	speed: 0.2381s/iter; left time: 170569.5158s
	iters: 300, epoch: 4 | loss: 0.5084775
	speed: 0.2412s/iter; left time: 172734.2544s
	iters: 400, epoch: 4 | loss: 0.5047337
	speed: 0.2385s/iter; left time: 170770.4768s
	iters: 500, epoch: 4 | loss: 0.5006144
	speed: 0.2367s/iter; left time: 169509.1043s
	iters: 600, epoch: 4 | loss: 0.4955694
	speed: 0.2369s/iter; left time: 169558.5956s
	iters: 700, epoch: 4 | loss: 0.5333068
	speed: 0.2373s/iter; left time: 169850.6204s
	iters: 800, epoch: 4 | loss: 0.4957125
	speed: 0.2373s/iter; left time: 169807.9663s
	iters: 900, epoch: 4 | loss: 0.6343395
	speed: 0.2367s/iter; left time: 169393.4151s
	iters: 1000, epoch: 4 | loss: 0.5202593
	speed: 0.2399s/iter; left time: 171651.6241s
	iters: 1100, epoch: 4 | loss: 0.5613708
	speed: 0.2436s/iter; left time: 174268.7525s
	iters: 1200, epoch: 4 | loss: 0.4912254
	speed: 0.2432s/iter; left time: 173971.7903s
	iters: 1300, epoch: 4 | loss: 0.4995894
	speed: 0.2431s/iter; left time: 173892.5423s
	iters: 1400, epoch: 4 | loss: 0.5125710
	speed: 0.2432s/iter; left time: 173885.9012s
	iters: 1500, epoch: 4 | loss: 0.4800740
	speed: 0.2435s/iter; left time: 174095.2026s
	iters: 1600, epoch: 4 | loss: 0.5160758
	speed: 0.2429s/iter; left time: 173653.1587s
	iters: 1700, epoch: 4 | loss: 0.5549289
	speed: 0.2410s/iter; left time: 172285.7769s
	iters: 1800, epoch: 4 | loss: 0.5162643
	speed: 0.2374s/iter; left time: 169686.0167s
	iters: 1900, epoch: 4 | loss: 0.4665294
	speed: 0.2367s/iter; left time: 169169.1899s
	iters: 2000, epoch: 4 | loss: 0.4929468
	speed: 0.2371s/iter; left time: 169379.7937s
	iters: 2100, epoch: 4 | loss: 0.5076055
	speed: 0.2373s/iter; left time: 169531.5890s
	iters: 2200, epoch: 4 | loss: 0.5081177
	speed: 0.2375s/iter; left time: 169629.6209s
	iters: 2300, epoch: 4 | loss: 0.4789831
	speed: 0.2368s/iter; left time: 169113.6454s
	iters: 2400, epoch: 4 | loss: 0.5315872
	speed: 0.2373s/iter; left time: 169473.1310s
	iters: 2500, epoch: 4 | loss: 0.4812750
	speed: 0.2374s/iter; left time: 169475.9744s
	iters: 2600, epoch: 4 | loss: 0.5380525
	speed: 0.2369s/iter; left time: 169130.6022s
	iters: 2700, epoch: 4 | loss: 0.5328093
	speed: 0.2401s/iter; left time: 171387.7232s
	iters: 2800, epoch: 4 | loss: 0.5116172
	speed: 0.2370s/iter; left time: 169169.4958s
	iters: 2900, epoch: 4 | loss: 0.5067755
	speed: 0.2459s/iter; left time: 175441.8046s
	iters: 3000, epoch: 4 | loss: 0.4802461
	speed: 0.2530s/iter; left time: 180494.2627s
	iters: 3100, epoch: 4 | loss: 0.5367331
	speed: 0.2531s/iter; left time: 180589.7787s
	iters: 3200, epoch: 4 | loss: 0.5271894
	speed: 0.2538s/iter; left time: 181005.0617s
	iters: 3300, epoch: 4 | loss: 0.4996916
	speed: 0.2532s/iter; left time: 180613.3971s
	iters: 3400, epoch: 4 | loss: 0.4987844
	speed: 0.2532s/iter; left time: 180566.0641s
	iters: 3500, epoch: 4 | loss: 0.4757094
	speed: 0.2533s/iter; left time: 180566.0302s
	iters: 3600, epoch: 4 | loss: 0.4978265
	speed: 0.2532s/iter; left time: 180515.7913s
Epoch: 4 cost time: 882.4073729515076
Epoch: 4, Steps: 3637 | Train Loss: 0.5167900 Vali Loss: 0.8892840 Test Loss: 1.0391849
Validation loss decreased (0.937691 --> 0.889284).  Saving model ...
	iters: 100, epoch: 5 | loss: 0.5014915
	speed: 6.2565s/iter; left time: 4459350.5222s
	iters: 200, epoch: 5 | loss: 0.4755037
	speed: 0.2488s/iter; left time: 177324.4414s
	iters: 300, epoch: 5 | loss: 0.6792990
	speed: 0.2483s/iter; left time: 176961.9551s
	iters: 400, epoch: 5 | loss: 0.4967428
	speed: 0.2500s/iter; left time: 178147.6861s
	iters: 500, epoch: 5 | loss: 0.4491395
	speed: 0.2455s/iter; left time: 174867.0751s
	iters: 600, epoch: 5 | loss: 0.5060698
	speed: 0.2465s/iter; left time: 175588.0123s
	iters: 700, epoch: 5 | loss: 0.5176912
	speed: 0.2454s/iter; left time: 174773.6404s
	iters: 800, epoch: 5 | loss: 0.4720088
	speed: 0.2451s/iter; left time: 174506.9368s
	iters: 900, epoch: 5 | loss: 0.4969921
	speed: 0.2463s/iter; left time: 175358.6926s
	iters: 1000, epoch: 5 | loss: 0.4566414
	speed: 0.2470s/iter; left time: 175855.8681s
	iters: 1100, epoch: 5 | loss: 0.4629081
	speed: 0.2469s/iter; left time: 175706.2787s
	iters: 1200, epoch: 5 | loss: 0.4538965
	speed: 0.2457s/iter; left time: 174848.9338s
	iters: 1300, epoch: 5 | loss: 0.5034211
	speed: 0.2457s/iter; left time: 174842.5014s
	iters: 1400, epoch: 5 | loss: 0.4390948
	speed: 0.2447s/iter; left time: 174090.2899s
	iters: 1500, epoch: 5 | loss: 0.4484621
	speed: 0.2460s/iter; left time: 174977.8956s
	iters: 1600, epoch: 5 | loss: 0.4730205
	speed: 0.2464s/iter; left time: 175254.3577s
	iters: 1700, epoch: 5 | loss: 0.5029151
	speed: 0.2500s/iter; left time: 177765.2774s
	iters: 1800, epoch: 5 | loss: 0.4744153
	speed: 0.2531s/iter; left time: 179999.5157s
	iters: 1900, epoch: 5 | loss: 0.5085729
	speed: 0.2534s/iter; left time: 180132.5794s
	iters: 2000, epoch: 5 | loss: 0.4718845
	speed: 0.2538s/iter; left time: 180388.3922s
	iters: 2100, epoch: 5 | loss: 0.4605151
	speed: 0.2535s/iter; left time: 180162.9010s
	iters: 2200, epoch: 5 | loss: 0.4679900
	speed: 0.2533s/iter; left time: 180038.4719s
	iters: 2300, epoch: 5 | loss: 0.4840583
	speed: 0.2538s/iter; left time: 180303.3845s
	iters: 2400, epoch: 5 | loss: 0.4970145
	speed: 0.2534s/iter; left time: 180024.7887s
	iters: 2500, epoch: 5 | loss: 0.4691866
	speed: 0.2477s/iter; left time: 175986.9892s
	iters: 2600, epoch: 5 | loss: 0.5755636
	speed: 0.2464s/iter; left time: 174993.6058s
	iters: 2700, epoch: 5 | loss: 0.4765225
	speed: 0.2463s/iter; left time: 174879.6868s
	iters: 2800, epoch: 5 | loss: 0.4685123
	speed: 0.2535s/iter; left time: 180030.8403s
	iters: 2900, epoch: 5 | loss: 0.5026733
	speed: 0.2534s/iter; left time: 179898.9886s
	iters: 3000, epoch: 5 | loss: 0.4393660
	speed: 0.2539s/iter; left time: 180199.2134s
	iters: 3100, epoch: 5 | loss: 0.4981155
	speed: 0.2533s/iter; left time: 179780.2076s
	iters: 3200, epoch: 5 | loss: 0.5103637
	speed: 0.2532s/iter; left time: 179685.1712s
	iters: 3300, epoch: 5 | loss: 0.5081056
	speed: 0.2488s/iter; left time: 176512.9172s
	iters: 3400, epoch: 5 | loss: 0.5004245
	speed: 0.2456s/iter; left time: 174231.1101s
	iters: 3500, epoch: 5 | loss: 0.4699398
	speed: 0.2453s/iter; left time: 173997.6729s
	iters: 3600, epoch: 5 | loss: 0.4910030
	speed: 0.2468s/iter; left time: 175061.4977s
Epoch: 5 cost time: 906.6489157676697
Epoch: 5, Steps: 3637 | Train Loss: 0.4890157 Vali Loss: 0.8228228 Test Loss: 0.9884544
Validation loss decreased (0.889284 --> 0.822823).  Saving model ...
	iters: 100, epoch: 6 | loss: 0.4531255
	speed: 6.2652s/iter; left time: 4442744.7919s
	iters: 200, epoch: 6 | loss: 0.4669687
	speed: 0.2398s/iter; left time: 170015.7959s
	iters: 300, epoch: 6 | loss: 0.4368086
	speed: 0.2376s/iter; left time: 168411.1044s
	iters: 400, epoch: 6 | loss: 0.4760613
	speed: 0.2390s/iter; left time: 169432.7136s
	iters: 500, epoch: 6 | loss: 0.4678636
	speed: 0.2373s/iter; left time: 168181.6323s
	iters: 600, epoch: 6 | loss: 0.4418336
	speed: 0.2372s/iter; left time: 168113.8421s
	iters: 700, epoch: 6 | loss: 0.5779731
	speed: 0.2390s/iter; left time: 169361.0500s
	iters: 800, epoch: 6 | loss: 0.4632661
	speed: 0.2379s/iter; left time: 168504.3247s
	iters: 900, epoch: 6 | loss: 0.4549197
	speed: 0.2372s/iter; left time: 168020.0163s
	iters: 1000, epoch: 6 | loss: 0.4700451
	speed: 0.2422s/iter; left time: 171495.3058s
	iters: 1100, epoch: 6 | loss: 0.4787406
	speed: 0.2376s/iter; left time: 168218.3085s
	iters: 1200, epoch: 6 | loss: 0.5106059
	speed: 0.2385s/iter; left time: 168873.1303s
	iters: 1300, epoch: 6 | loss: 0.4586356
	speed: 0.2431s/iter; left time: 172105.6655s
	iters: 1400, epoch: 6 | loss: 0.4795614
	speed: 0.2441s/iter; left time: 172748.4534s
	iters: 1500, epoch: 6 | loss: 0.4764690
	speed: 0.2436s/iter; left time: 172398.9352s
	iters: 1600, epoch: 6 | loss: 0.4409041
	speed: 0.2433s/iter; left time: 172188.0660s
	iters: 1700, epoch: 6 | loss: 0.4795886
	speed: 0.2387s/iter; left time: 168878.6620s
	iters: 1800, epoch: 6 | loss: 0.4809748
	speed: 0.2374s/iter; left time: 167917.8415s
	iters: 1900, epoch: 6 | loss: 0.4583608
	speed: 0.2376s/iter; left time: 168085.8217s
	iters: 2000, epoch: 6 | loss: 0.4749132
	speed: 0.2375s/iter; left time: 167951.9009s
	iters: 2100, epoch: 6 | loss: 0.4586343
	speed: 0.2435s/iter; left time: 172187.9851s
	iters: 2200, epoch: 6 | loss: 0.4429990
	speed: 0.2436s/iter; left time: 172217.2265s
	iters: 2300, epoch: 6 | loss: 0.4341845
	speed: 0.2435s/iter; left time: 172150.3029s
	iters: 2400, epoch: 6 | loss: 0.4454414
	speed: 0.2432s/iter; left time: 171866.9906s
	iters: 2500, epoch: 6 | loss: 0.4530515
	speed: 0.2439s/iter; left time: 172385.1252s
	iters: 2600, epoch: 6 | loss: 0.4445518
	speed: 0.2430s/iter; left time: 171736.1322s
	iters: 2700, epoch: 6 | loss: 0.4562107
	speed: 0.2432s/iter; left time: 171848.6371s
	iters: 2800, epoch: 6 | loss: 0.4462341
	speed: 0.2435s/iter; left time: 172037.2101s
	iters: 2900, epoch: 6 | loss: 0.5058835
	speed: 0.2412s/iter; left time: 170385.9198s
	iters: 3000, epoch: 6 | loss: 0.4736780
	speed: 0.2371s/iter; left time: 167449.0369s
	iters: 3100, epoch: 6 | loss: 0.4222216
	speed: 0.2372s/iter; left time: 167523.0472s
	iters: 3200, epoch: 6 | loss: 0.4831077
	speed: 0.2374s/iter; left time: 167640.2783s
	iters: 3300, epoch: 6 | loss: 0.4858651
	speed: 0.2411s/iter; left time: 170166.5353s
	iters: 3400, epoch: 6 | loss: 0.4254336
	speed: 0.2391s/iter; left time: 168784.5625s
	iters: 3500, epoch: 6 | loss: 0.4954484
	speed: 0.2413s/iter; left time: 170271.0024s
	iters: 3600, epoch: 6 | loss: 0.4434410
	speed: 0.2469s/iter; left time: 174224.2033s
Epoch: 6 cost time: 876.0621678829193
Epoch: 6, Steps: 3637 | Train Loss: 0.4719016 Vali Loss: 0.7967241 Test Loss: 0.9724470
Validation loss decreased (0.822823 --> 0.796724).  Saving model ...
	iters: 100, epoch: 7 | loss: 0.4372986
	speed: 6.2356s/iter; left time: 4399114.0934s
	iters: 200, epoch: 7 | loss: 0.4419929
	speed: 0.2478s/iter; left time: 174760.7642s
	iters: 300, epoch: 7 | loss: 0.4206109
	speed: 0.2511s/iter; left time: 177067.7926s
	iters: 400, epoch: 7 | loss: 0.4441361
	speed: 0.2462s/iter; left time: 173648.9383s
	iters: 500, epoch: 7 | loss: 0.5157568
	speed: 0.2455s/iter; left time: 173128.4137s
	iters: 600, epoch: 7 | loss: 0.6132805
	speed: 0.2460s/iter; left time: 173458.2527s
	iters: 700, epoch: 7 | loss: 0.4182214
	speed: 0.2467s/iter; left time: 173874.7973s
	iters: 800, epoch: 7 | loss: 0.4557270
	speed: 0.2450s/iter; left time: 172691.5768s
	iters: 900, epoch: 7 | loss: 0.4517798
	speed: 0.2446s/iter; left time: 172399.5571s
	iters: 1000, epoch: 7 | loss: 0.4518730
	speed: 0.2534s/iter; left time: 178573.4765s
	iters: 1100, epoch: 7 | loss: 0.4586349
	speed: 0.2466s/iter; left time: 173739.6418s
	iters: 1200, epoch: 7 | loss: 0.4543037
	speed: 0.2438s/iter; left time: 171762.5017s
	iters: 1300, epoch: 7 | loss: 0.4494183
	speed: 0.2455s/iter; left time: 172885.9243s
	iters: 1400, epoch: 7 | loss: 0.4470376
	speed: 0.2454s/iter; left time: 172794.9930s
	iters: 1500, epoch: 7 | loss: 0.4476199
	speed: 0.2452s/iter; left time: 172639.9474s
	iters: 1600, epoch: 7 | loss: 0.4505465
	speed: 0.2474s/iter; left time: 174146.0831s
	iters: 1700, epoch: 7 | loss: 0.4600522
	speed: 0.2535s/iter; left time: 178462.6554s
	iters: 1800, epoch: 7 | loss: 0.4504739
	speed: 0.2537s/iter; left time: 178531.7256s
	iters: 1900, epoch: 7 | loss: 0.5493538
	speed: 0.2529s/iter; left time: 177954.4026s
	iters: 2000, epoch: 7 | loss: 0.4762009
	speed: 0.2530s/iter; left time: 177988.5896s
	iters: 2100, epoch: 7 | loss: 0.4035129
	speed: 0.2533s/iter; left time: 178222.0726s
	iters: 2200, epoch: 7 | loss: 0.4401259
	speed: 0.2494s/iter; left time: 175441.3241s
	iters: 2300, epoch: 7 | loss: 0.4184346
	speed: 0.2450s/iter; left time: 172334.9365s
	iters: 2400, epoch: 7 | loss: 0.4548260
	speed: 0.2463s/iter; left time: 173183.2731s
	iters: 2500, epoch: 7 | loss: 0.4572994
	speed: 0.2444s/iter; left time: 171840.9095s
	iters: 2600, epoch: 7 | loss: 0.4704567
	speed: 0.2446s/iter; left time: 171955.4550s
	iters: 2700, epoch: 7 | loss: 0.4600890
	speed: 0.2460s/iter; left time: 172901.9390s
	iters: 2800, epoch: 7 | loss: 0.4366879
	speed: 0.2451s/iter; left time: 172253.3446s
	iters: 2900, epoch: 7 | loss: 0.4570106
	speed: 0.2440s/iter; left time: 171439.8201s
	iters: 3000, epoch: 7 | loss: 0.4637371
	speed: 0.2454s/iter; left time: 172389.4570s
	iters: 3100, epoch: 7 | loss: 0.4392642
	speed: 0.2456s/iter; left time: 172521.6352s
	iters: 3200, epoch: 7 | loss: 0.8715872
	speed: 0.2446s/iter; left time: 171789.1449s
	iters: 3300, epoch: 7 | loss: 0.4153176
	speed: 0.2440s/iter; left time: 171329.4593s
	iters: 3400, epoch: 7 | loss: 0.4369245
	speed: 0.2454s/iter; left time: 172328.5261s
	iters: 3500, epoch: 7 | loss: 0.4228406
	speed: 0.2451s/iter; left time: 172114.2424s
	iters: 3600, epoch: 7 | loss: 0.4434127
	speed: 0.2524s/iter; left time: 177191.5215s
Epoch: 7 cost time: 901.0687108039856
Epoch: 7, Steps: 3637 | Train Loss: 0.4549460 Vali Loss: 0.8087134 Test Loss: 0.9716070
EarlyStopping counter: 1 out of 5
	iters: 100, epoch: 8 | loss: 0.4454557
	speed: 6.2415s/iter; left time: 4380579.6491s
	iters: 200, epoch: 8 | loss: 0.6089374
	speed: 0.2530s/iter; left time: 177521.2242s
	iters: 300, epoch: 8 | loss: 0.4284254
	speed: 0.2466s/iter; left time: 173021.8849s
	iters: 400, epoch: 8 | loss: 0.4131891
	speed: 0.2483s/iter; left time: 174227.4074s
	iters: 500, epoch: 8 | loss: 0.4335814
	speed: 0.2541s/iter; left time: 178249.7516s
	iters: 600, epoch: 8 | loss: 0.5146564
	speed: 0.2529s/iter; left time: 177363.1461s
	iters: 700, epoch: 8 | loss: 0.4207534
	speed: 0.2522s/iter; left time: 176871.1653s
	iters: 800, epoch: 8 | loss: 0.4476418
	speed: 0.2526s/iter; left time: 177106.3595s
	iters: 900, epoch: 8 | loss: 0.4197476
	speed: 0.2487s/iter; left time: 174373.1996s
	iters: 1000, epoch: 8 | loss: 0.4311599
	speed: 0.2450s/iter; left time: 171720.0393s
	iters: 1100, epoch: 8 | loss: 0.4326689
	speed: 0.2456s/iter; left time: 172093.2123s
	iters: 1200, epoch: 8 | loss: 0.4690802
	speed: 0.2530s/iter; left time: 177308.4674s
	iters: 1300, epoch: 8 | loss: 0.4204640
	speed: 0.2531s/iter; left time: 177310.0405s
	iters: 1400, epoch: 8 | loss: 0.4506802
	speed: 0.2521s/iter; left time: 176598.6498s
	iters: 1500, epoch: 8 | loss: 0.4457544
	speed: 0.2527s/iter; left time: 176989.1250s
	iters: 1600, epoch: 8 | loss: 0.4301266
	speed: 0.2532s/iter; left time: 177304.3212s
	iters: 1700, epoch: 8 | loss: 0.4375581
	speed: 0.2522s/iter; left time: 176628.8750s
	iters: 1800, epoch: 8 | loss: 0.4305345
	speed: 0.2522s/iter; left time: 176558.5824s
	iters: 1900, epoch: 8 | loss: 0.4736324
	speed: 0.2533s/iter; left time: 177316.4855s
	iters: 2000, epoch: 8 | loss: 0.4108674
	speed: 0.2470s/iter; left time: 172884.7882s
	iters: 2100, epoch: 8 | loss: 0.4165916
	speed: 0.2451s/iter; left time: 171547.5726s
	iters: 2200, epoch: 8 | loss: 0.4920142
	speed: 0.2456s/iter; left time: 171835.8459s
	iters: 2300, epoch: 8 | loss: 0.4259770
	speed: 0.2449s/iter; left time: 171319.8886s
	iters: 2400, epoch: 8 | loss: 0.4231505
	speed: 0.2448s/iter; left time: 171280.9583s
	iters: 2500, epoch: 8 | loss: 0.4225325
	speed: 0.2495s/iter; left time: 174477.1122s
	iters: 2600, epoch: 8 | loss: 0.4682079
	speed: 0.2523s/iter; left time: 176437.7675s
	iters: 2700, epoch: 8 | loss: 0.4792148
	speed: 0.2523s/iter; left time: 176404.4445s
	iters: 2800, epoch: 8 | loss: 0.4178930
	speed: 0.2530s/iter; left time: 176855.4404s
	iters: 2900, epoch: 8 | loss: 0.4535030
	speed: 0.2527s/iter; left time: 176650.6399s
	iters: 3000, epoch: 8 | loss: 0.4180016
	speed: 0.2521s/iter; left time: 176175.2212s
	iters: 3100, epoch: 8 | loss: 0.4314762
	speed: 0.2512s/iter; left time: 175551.4222s
	iters: 3200, epoch: 8 | loss: 0.4336377
	speed: 0.2461s/iter; left time: 171946.5249s
	iters: 3300, epoch: 8 | loss: 0.3925130
	speed: 0.2454s/iter; left time: 171418.9844s
	iters: 3400, epoch: 8 | loss: 0.4346308
	speed: 0.2449s/iter; left time: 171056.5495s
	iters: 3500, epoch: 8 | loss: 0.4601825
	speed: 0.2450s/iter; left time: 171134.1095s
	iters: 3600, epoch: 8 | loss: 0.4141470
	speed: 0.2472s/iter; left time: 172628.8123s
Epoch: 8 cost time: 908.9379572868347
Epoch: 8, Steps: 3637 | Train Loss: 0.4425997 Vali Loss: 0.8386215 Test Loss: 1.0078417
EarlyStopping counter: 2 out of 5
	iters: 100, epoch: 9 | loss: 0.4432315
	speed: 6.2358s/iter; left time: 4353866.9382s
	iters: 200, epoch: 9 | loss: 0.4081360
	speed: 0.2481s/iter; left time: 173187.2322s
	iters: 300, epoch: 9 | loss: 0.4302300
	speed: 0.2493s/iter; left time: 174017.2517s
	iters: 400, epoch: 9 | loss: 0.4342415
	speed: 0.2478s/iter; left time: 172931.5141s
	iters: 500, epoch: 9 | loss: 0.3951164
	speed: 0.2528s/iter; left time: 176382.6955s
	iters: 600, epoch: 9 | loss: 0.4464105
	speed: 0.2528s/iter; left time: 176410.2668s
	iters: 700, epoch: 9 | loss: 0.4158781
	speed: 0.2534s/iter; left time: 176781.1547s
	iters: 800, epoch: 9 | loss: 0.4192007
	speed: 0.2527s/iter; left time: 176264.7252s
	iters: 900, epoch: 9 | loss: 0.3976871
	speed: 0.2533s/iter; left time: 176676.4100s
	iters: 1000, epoch: 9 | loss: 0.4071648
	speed: 0.2536s/iter; left time: 176867.3069s
	iters: 1100, epoch: 9 | loss: 0.4235969
	speed: 0.2524s/iter; left time: 175984.7650s
	iters: 1200, epoch: 9 | loss: 0.4243423
	speed: 0.2509s/iter; left time: 174924.3328s
	iters: 1300, epoch: 9 | loss: 0.4171901
	speed: 0.2466s/iter; left time: 171887.3263s
	iters: 1400, epoch: 9 | loss: 0.4105077
	speed: 0.2461s/iter; left time: 171519.9423s
	iters: 1500, epoch: 9 | loss: 0.5996382
	speed: 0.2462s/iter; left time: 171560.0820s
	iters: 1600, epoch: 9 | loss: 0.4049821
	speed: 0.2464s/iter; left time: 171693.6999s
	iters: 1700, epoch: 9 | loss: 0.4220857
	speed: 0.2463s/iter; left time: 171589.6999s
	iters: 1800, epoch: 9 | loss: 0.4642320
	speed: 0.2520s/iter; left time: 175519.2919s
	iters: 1900, epoch: 9 | loss: 0.4037170
	speed: 0.2531s/iter; left time: 176249.9288s
	iters: 2000, epoch: 9 | loss: 0.4379374
	speed: 0.2532s/iter; left time: 176283.4549s
	iters: 2100, epoch: 9 | loss: 0.4314561
	speed: 0.2533s/iter; left time: 176334.9423s
	iters: 2200, epoch: 9 | loss: 0.4215751
	speed: 0.2495s/iter; left time: 173650.4453s
	iters: 2300, epoch: 9 | loss: 0.4166198
	speed: 0.2529s/iter; left time: 175993.6763s
	iters: 2400, epoch: 9 | loss: 0.4197709
	speed: 0.2531s/iter; left time: 176146.5580s
	iters: 2500, epoch: 9 | loss: 0.4244596
	speed: 0.2530s/iter; left time: 176004.0528s
	iters: 2600, epoch: 9 | loss: 0.4450763
	speed: 0.2525s/iter; left time: 175687.8036s
	iters: 2700, epoch: 9 | loss: 0.4095857
	speed: 0.2518s/iter; left time: 175170.9854s
	iters: 2800, epoch: 9 | loss: 0.4220637
	speed: 0.2530s/iter; left time: 175944.5127s
	iters: 2900, epoch: 9 | loss: 0.4053069
	speed: 0.2527s/iter; left time: 175756.4370s
	iters: 3000, epoch: 9 | loss: 0.4198472
	speed: 0.2528s/iter; left time: 175805.4661s
	iters: 3100, epoch: 9 | loss: 0.4184058
	speed: 0.2532s/iter; left time: 176032.2753s
	iters: 3200, epoch: 9 | loss: 0.4046392
	speed: 0.2527s/iter; left time: 175682.7182s
	iters: 3300, epoch: 9 | loss: 0.4032537
	speed: 0.2471s/iter; left time: 171750.3755s
	iters: 3400, epoch: 9 | loss: 0.4222251
	speed: 0.2463s/iter; left time: 171130.9646s
	iters: 3500, epoch: 9 | loss: 0.4030744
	speed: 0.2501s/iter; left time: 173777.7724s
	iters: 3600, epoch: 9 | loss: 0.4045959
	speed: 0.2527s/iter; left time: 175556.8991s
Epoch: 9 cost time: 914.1883730888367
Epoch: 9, Steps: 3637 | Train Loss: 0.4284247 Vali Loss: 0.8767742 Test Loss: 1.0416627
EarlyStopping counter: 3 out of 5
	iters: 100, epoch: 10 | loss: 0.3846387
	speed: 6.2906s/iter; left time: 4369263.8790s
	iters: 200, epoch: 10 | loss: 0.4129826
	speed: 0.2452s/iter; left time: 170265.7708s
	iters: 300, epoch: 10 | loss: 0.4402261
	speed: 0.2450s/iter; left time: 170128.6229s
	iters: 400, epoch: 10 | loss: 0.4093227
	speed: 0.2460s/iter; left time: 170767.7302s
	iters: 500, epoch: 10 | loss: 0.4060549
	speed: 0.2444s/iter; left time: 169679.4105s
	iters: 600, epoch: 10 | loss: 0.4145012
	speed: 0.2440s/iter; left time: 169335.7353s
	iters: 700, epoch: 10 | loss: 0.4140750
	speed: 0.2484s/iter; left time: 172391.6126s
	iters: 800, epoch: 10 | loss: 0.5298858
	speed: 0.2505s/iter; left time: 173781.9939s
	iters: 900, epoch: 10 | loss: 0.7223552
	speed: 0.2497s/iter; left time: 173248.6655s
	iters: 1000, epoch: 10 | loss: 0.5589355
	speed: 0.2504s/iter; left time: 173666.4411s
	iters: 1100, epoch: 10 | loss: 0.4934018
	speed: 0.2501s/iter; left time: 173494.7974s
	iters: 1200, epoch: 10 | loss: 0.4201506
	speed: 0.2503s/iter; left time: 173559.5185s
	iters: 1300, epoch: 10 | loss: 0.4152505
	speed: 0.2472s/iter; left time: 171390.7354s
	iters: 1400, epoch: 10 | loss: 0.4196909
	speed: 0.2435s/iter; left time: 168788.1261s
	iters: 1500, epoch: 10 | loss: 0.4197295
	speed: 0.2450s/iter; left time: 169795.2093s
	iters: 1600, epoch: 10 | loss: 0.4403394
	speed: 0.2501s/iter; left time: 173309.6469s
	iters: 1700, epoch: 10 | loss: 0.4177414
	speed: 0.2502s/iter; left time: 173346.0698s
	iters: 1800, epoch: 10 | loss: 0.3972711
	speed: 0.2506s/iter; left time: 173627.4656s
	iters: 1900, epoch: 10 | loss: 0.4120464
	speed: 0.2500s/iter; left time: 173174.8241s
	iters: 2000, epoch: 10 | loss: 0.4035673
	speed: 0.2503s/iter; left time: 173380.9865s
	iters: 2100, epoch: 10 | loss: 0.3989209
	speed: 0.2504s/iter; left time: 173438.7622s
	iters: 2200, epoch: 10 | loss: 0.4278528
	speed: 0.2508s/iter; left time: 173705.5337s
	iters: 2300, epoch: 10 | loss: 0.4195942
	speed: 0.2498s/iter; left time: 172920.4590s
	iters: 2400, epoch: 10 | loss: 0.4484519
	speed: 0.2503s/iter; left time: 173304.1729s
	iters: 2500, epoch: 10 | loss: 0.5075077
	speed: 0.2447s/iter; left time: 169356.3207s
	iters: 2600, epoch: 10 | loss: 0.3934994
	speed: 0.2436s/iter; left time: 168559.3541s
	iters: 2700, epoch: 10 | loss: 0.4239241
	speed: 0.2432s/iter; left time: 168271.7295s
	iters: 2800, epoch: 10 | loss: 0.4267622
	speed: 0.2437s/iter; left time: 168631.1116s
	iters: 2900, epoch: 10 | loss: 0.3991148
	speed: 0.2439s/iter; left time: 168751.3822s
	iters: 3000, epoch: 10 | loss: 0.4139403
	speed: 0.2436s/iter; left time: 168482.6510s
	iters: 3100, epoch: 10 | loss: 0.4182326
	speed: 0.2440s/iter; left time: 168753.9762s
	iters: 3200, epoch: 10 | loss: 0.3904262
	speed: 0.2476s/iter; left time: 171191.8778s
	iters: 3300, epoch: 10 | loss: 0.4121618
	speed: 0.2497s/iter; left time: 172642.4277s
	iters: 3400, epoch: 10 | loss: 0.4429209
	speed: 0.2500s/iter; left time: 172789.0134s
	iters: 3500, epoch: 10 | loss: 0.4083889
	speed: 0.2504s/iter; left time: 173052.7265s
	iters: 3600, epoch: 10 | loss: 0.4060331
	speed: 0.2496s/iter; left time: 172502.5580s
Epoch: 10 cost time: 901.6705002784729
Epoch: 10, Steps: 3637 | Train Loss: 0.4425596 Vali Loss: 0.9695299 Test Loss: 1.1021669
EarlyStopping counter: 4 out of 5
	iters: 100, epoch: 11 | loss: 0.4119309
	speed: 6.2425s/iter; left time: 4313163.8871s
	iters: 200, epoch: 11 | loss: 0.3869561
	speed: 0.2408s/iter; left time: 166370.8891s
	iters: 300, epoch: 11 | loss: 0.3592118
	speed: 0.2379s/iter; left time: 164310.9362s
	iters: 400, epoch: 11 | loss: 0.3945761
	speed: 0.2383s/iter; left time: 164604.4631s
	iters: 500, epoch: 11 | loss: 0.4133174
	speed: 0.2372s/iter; left time: 163768.0875s
	iters: 600, epoch: 11 | loss: 0.3959319
	speed: 0.2373s/iter; left time: 163813.0110s
	iters: 700, epoch: 11 | loss: 0.4163933
	speed: 0.2365s/iter; left time: 163290.4161s
	iters: 800, epoch: 11 | loss: 0.3804832
	speed: 0.2364s/iter; left time: 163145.3140s
	iters: 900, epoch: 11 | loss: 0.4022128
	speed: 0.2365s/iter; left time: 163234.7348s
	iters: 1000, epoch: 11 | loss: 0.4091538
	speed: 0.2374s/iter; left time: 163834.5376s
	iters: 1100, epoch: 11 | loss: 0.3903458
	speed: 0.2396s/iter; left time: 165337.5190s
	iters: 1200, epoch: 11 | loss: 0.4045875
	speed: 0.2404s/iter; left time: 165866.5948s
	iters: 1300, epoch: 11 | loss: 0.4146856
	speed: 0.2371s/iter; left time: 163547.7149s
	iters: 1400, epoch: 11 | loss: 0.3898689
	speed: 0.2362s/iter; left time: 162904.2499s
	iters: 1500, epoch: 11 | loss: 0.4083861
	speed: 0.2362s/iter; left time: 162838.4865s
	iters: 1600, epoch: 11 | loss: 0.4058182
	speed: 0.2374s/iter; left time: 163672.7769s
	iters: 1700, epoch: 11 | loss: 0.4498904
	speed: 0.2434s/iter; left time: 167791.2130s
	iters: 1800, epoch: 11 | loss: 0.4349702
	speed: 0.2479s/iter; left time: 170847.8792s
	iters: 1900, epoch: 11 | loss: 0.4049541
	speed: 0.2533s/iter; left time: 174557.4223s
	iters: 2000, epoch: 11 | loss: 0.4118690
	speed: 0.2536s/iter; left time: 174755.2817s
	iters: 2100, epoch: 11 | loss: 0.3957051
	speed: 0.2468s/iter; left time: 170041.4906s
	iters: 2200, epoch: 11 | loss: 0.4125487
	speed: 0.2455s/iter; left time: 169118.0840s
	iters: 2300, epoch: 11 | loss: 0.5107279
	speed: 0.2449s/iter; left time: 168668.1185s
	iters: 2400, epoch: 11 | loss: 0.4221801
	speed: 0.2457s/iter; left time: 169222.7199s
	iters: 2500, epoch: 11 | loss: 0.4126931
	speed: 0.2451s/iter; left time: 168774.3954s
	iters: 2600, epoch: 11 | loss: 0.4016209
	speed: 0.2456s/iter; left time: 169103.3473s
	iters: 2700, epoch: 11 | loss: 0.4346281
	speed: 0.2537s/iter; left time: 174617.0621s
	iters: 2800, epoch: 11 | loss: 0.4069701
	speed: 0.2531s/iter; left time: 174206.3141s
	iters: 2900, epoch: 11 | loss: 0.4061756
	speed: 0.2533s/iter; left time: 174336.7012s
	iters: 3000, epoch: 11 | loss: 0.4702922
	speed: 0.2473s/iter; left time: 170127.3568s
	iters: 3100, epoch: 11 | loss: 0.4171014
	speed: 0.2453s/iter; left time: 168778.7181s
	iters: 3200, epoch: 11 | loss: 0.3669061
	speed: 0.2443s/iter; left time: 168050.9809s
	iters: 3300, epoch: 11 | loss: 0.4212238
	speed: 0.2454s/iter; left time: 168785.2740s
	iters: 3400, epoch: 11 | loss: 0.4141254
	speed: 0.2452s/iter; left time: 168634.7424s
	iters: 3500, epoch: 11 | loss: 0.4033355
	speed: 0.2447s/iter; left time: 168269.7070s
	iters: 3600, epoch: 11 | loss: 0.4166705
	speed: 0.2454s/iter; left time: 168679.2971s
Epoch: 11 cost time: 886.0031247138977
Epoch: 11, Steps: 3637 | Train Loss: 0.4167371 Vali Loss: 0.9105321 Test Loss: 1.0772718
EarlyStopping counter: 5 out of 5
Early stopping
>>>>>>>testing : long_term_forecast_pems07_all_96_336_Autoformer_custom_ftM_sl96_ll48_pl336_dm128_nh8_el2_dl1_df2048_fc3_ebtimeF_dtTrue_srate0.1_sseed7_trainseed2024_gap730_Exp_0<<<<<<<<<<<<<<<<<<<<<<<<<<<<<<<<<
test 247681
test shape: (24768, 1, 336, 1613) (24768, 1, 336, 1613)
test shape: (24768, 336, 1613) (24768, 336, 1613)
mse:0.972411036491394, mae:0.7341716885566711
>>>>>>>Overall time: 19524 seconds<<<<<<<<<<<<<<<<<<<<<<<<<<<<<<<<<
