Args in experiment:
Namespace(activation='gelu', anomaly_ratio=0.25, batch_size=32, c_out=103, checkpoints='./checkpoints/', d_ff=2048, d_layers=1, d_model=128, data='custom', data_path='pems05_all_common_flow.csv', dec_in=103, des='Exp', devices='0,1,2,3', distil=True, dropout=0, e_layers=2, embed='timeF', enc_in=103, factor=3, features='M', freq='h', gap_day=365, gpu=0, inverse=False, is_training=1, itr=1, label_len=48, learning_rate=0.0005, loss='MSE', lradj='type3', mask_rate=0.25, model='Autoformer', model_id='pems05_all_96_96', moving_avg=25, n_heads=8, num_kernels=6, num_workers=10, output_attention=False, p_hidden_dims=[128, 128], p_hidden_layers=2, patience=5, pred_len=192, root_path='../../data/pems/', samle_rate=0.1, sample_seed=7, seasonal_patterns='Monthly', seq_len=96, target='OT', task_name='long_term_forecast', top_k=5, train_epochs=200, train_seed=2024, use_amp=False, use_gpu=True, use_multi_gpu=False)
Use GPU: cuda:0
>>>>>>>start training : long_term_forecast_pems05_all_96_96_Autoformer_custom_ftM_sl96_ll48_pl192_dm128_nh8_el2_dl1_df2048_fc3_ebtimeF_dtTrue_srate0.1_sseed7_trainseed2024_Exp_0>>>>>>>>>>>>>>>>>>>>>>>>>>
Traceback (most recent call last):
  File "run.py", line 158, in <module>
    exp.train(setting)
  File "/g/data/hn98/du/exlts/ddd2/exp/exp_long_term_forecasting.py", line 84, in train
    train_data, train_loader = self._get_data(flag='train')
  File "/g/data/hn98/du/exlts/ddd2/exp/exp_long_term_forecasting.py", line 31, in _get_data
    data_set, data_loader = data_provider(self.args, flag)
  File "/g/data/hn98/du/exlts/ddd2/data_provider/data_factory.py", line 104, in data_provider
  File "/g/data/hn98/du/exlts/ddd2/data_provider/data_loader.py", line 321, in __init__
    self.__read_data__()  
  File "/g/data/hn98/du/exlts/ddd2/data_provider/data_loader.py", line 325, in __read_data__
    df_raw = pd.read_csv(os.path.join(self.root_path,
  File "/jobfs/116407912.gadi-pbs/timesnet/lib/python3.8/site-packages/pandas/util/_decorators.py", line 211, in wrapper
    return func(*args, **kwargs)
  File "/jobfs/116407912.gadi-pbs/timesnet/lib/python3.8/site-packages/pandas/util/_decorators.py", line 331, in wrapper
    return func(*args, **kwargs)
  File "/jobfs/116407912.gadi-pbs/timesnet/lib/python3.8/site-packages/pandas/io/parsers/readers.py", line 950, in read_csv
    return _read(filepath_or_buffer, kwds)
  File "/jobfs/116407912.gadi-pbs/timesnet/lib/python3.8/site-packages/pandas/io/parsers/readers.py", line 605, in _read
    parser = TextFileReader(filepath_or_buffer, **kwds)
  File "/jobfs/116407912.gadi-pbs/timesnet/lib/python3.8/site-packages/pandas/io/parsers/readers.py", line 1442, in __init__
    self._engine = self._make_engine(f, self.engine)
  File "/jobfs/116407912.gadi-pbs/timesnet/lib/python3.8/site-packages/pandas/io/parsers/readers.py", line 1735, in _make_engine
    self.handles = get_handle(
  File "/jobfs/116407912.gadi-pbs/timesnet/lib/python3.8/site-packages/pandas/io/common.py", line 856, in get_handle
    handle = open(
FileNotFoundError: [Errno 2] No such file or directory: '../../data/pems/pems05_all_common_flow.csv'
Args in experiment:
Namespace(activation='gelu', anomaly_ratio=0.25, batch_size=32, c_out=103, checkpoints='./checkpoints/', d_ff=2048, d_layers=1, d_model=128, data='custom', data_path='pems05_all_common_flow.csv', dec_in=103, des='Exp', devices='0,1,2,3', distil=True, dropout=0, e_layers=2, embed='timeF', enc_in=103, factor=3, features='M', freq='h', gap_day=365, gpu=0, inverse=False, is_training=1, itr=1, label_len=48, learning_rate=0.0005, loss='MSE', lradj='type3', mask_rate=0.25, model='Autoformer', model_id='pems05_all_96_96', moving_avg=25, n_heads=8, num_kernels=6, num_workers=10, output_attention=False, p_hidden_dims=[128, 128], p_hidden_layers=2, patience=5, pred_len=192, root_path='../../data/pems/', samle_rate=0.1, sample_seed=7, seasonal_patterns='Monthly', seq_len=96, target='OT', task_name='long_term_forecast', top_k=5, train_epochs=200, train_seed=2024, use_amp=False, use_gpu=True, use_multi_gpu=False)
Use GPU: cuda:0
>>>>>>>start training : long_term_forecast_pems05_all_96_96_Autoformer_custom_ftM_sl96_ll48_pl192_dm128_nh8_el2_dl1_df2048_fc3_ebtimeF_dtTrue_srate0.1_sseed7_trainseed2024_Exp_0>>>>>>>>>>>>>>>>>>>>>>>>>>
train 779848
val 21155
test 147619
Traceback (most recent call last):
  File "run.py", line 158, in <module>
    exp.train(setting)
  File "/g/data/hn98/du/exlts/ddd2/exp/exp_long_term_forecasting.py", line 146, in train
    outputs = self.model(batch_x, batch_x_mark, dec_inp, batch_y_mark)
  File "/jobfs/116415750.gadi-pbs/timesnet/lib/python3.8/site-packages/torch/nn/modules/module.py", line 727, in _call_impl
    result = self.forward(*input, **kwargs)
  File "/g/data/hn98/du/exlts/ddd2/models/Autoformer.py", line 147, in forward
    dec_out = self.forecast(x_enc, x_mark_enc, x_dec, x_mark_dec)
  File "/g/data/hn98/du/exlts/ddd2/models/Autoformer.py", line 102, in forecast
    enc_out = self.enc_embedding(x_enc, x_mark_enc)
  File "/jobfs/116415750.gadi-pbs/timesnet/lib/python3.8/site-packages/torch/nn/modules/module.py", line 727, in _call_impl
    result = self.forward(*input, **kwargs)
  File "/g/data/hn98/du/exlts/ddd2/layers/Embed.py", line 161, in forward
    x = self.value_embedding(x) + self.temporal_embedding(x_mark)
  File "/jobfs/116415750.gadi-pbs/timesnet/lib/python3.8/site-packages/torch/nn/modules/module.py", line 727, in _call_impl
    result = self.forward(*input, **kwargs)
  File "/g/data/hn98/du/exlts/ddd2/layers/Embed.py", line 41, in forward
    x = self.tokenConv(x.permute(0, 2, 1)).transpose(1, 2)
  File "/jobfs/116415750.gadi-pbs/timesnet/lib/python3.8/site-packages/torch/nn/modules/module.py", line 727, in _call_impl
    result = self.forward(*input, **kwargs)
  File "/jobfs/116415750.gadi-pbs/timesnet/lib/python3.8/site-packages/torch/nn/modules/conv.py", line 255, in forward
    return F.conv1d(F.pad(input, self._reversed_padding_repeated_twice, mode=self.padding_mode),
RuntimeError: Given groups=1, weight of size [128, 103, 3], expected input[32, 104, 98] to have 103 channels, but got 104 channels instead
Args in experiment:
Namespace(activation='gelu', anomaly_ratio=0.25, batch_size=32, c_out=103, checkpoints='./checkpoints/', d_ff=2048, d_layers=1, d_model=128, data='custom', data_path='pems05_all_common_flow.csv', dec_in=103, des='Exp', devices='0,1,2,3', distil=True, dropout=0, e_layers=2, embed='timeF', enc_in=103, factor=3, features='M', freq='h', gap_day=365, gpu=0, inverse=False, is_training=1, itr=1, label_len=48, learning_rate=0.0005, loss='MSE', lradj='type3', mask_rate=0.25, model='Autoformer', model_id='pems05_all_96_96', moving_avg=25, n_heads=8, num_kernels=6, num_workers=10, output_attention=False, p_hidden_dims=[128, 128], p_hidden_layers=2, patience=5, pred_len=192, root_path='../../data/pems/', samle_rate=0.1, sample_seed=7, seasonal_patterns='Monthly', seq_len=96, target='OT', task_name='long_term_forecast', top_k=5, train_epochs=200, train_seed=2024, use_amp=False, use_gpu=True, use_multi_gpu=False)
Use GPU: cuda:0
>>>>>>>start training : long_term_forecast_pems05_all_96_96_Autoformer_custom_ftM_sl96_ll48_pl192_dm128_nh8_el2_dl1_df2048_fc3_ebtimeF_dtTrue_srate0.1_sseed7_trainseed2024_Exp_0>>>>>>>>>>>>>>>>>>>>>>>>>>
train 779848
val 21155
test 147619
	iters: 100, epoch: 1 | loss: 1.1969736
	speed: 0.1275s/iter; left time: 62150.6412s
	iters: 200, epoch: 1 | loss: 1.0608072
	speed: 0.1255s/iter; left time: 61159.0325s
	iters: 300, epoch: 1 | loss: 1.0045810
	speed: 0.1246s/iter; left time: 60690.7699s
	iters: 400, epoch: 1 | loss: 0.9677730
	speed: 0.1256s/iter; left time: 61181.4815s
	iters: 500, epoch: 1 | loss: 1.0275707
	speed: 0.1252s/iter; left time: 60944.5912s
	iters: 600, epoch: 1 | loss: 0.8620160
	speed: 0.1249s/iter; left time: 60779.8051s
	iters: 700, epoch: 1 | loss: 0.9482297
	speed: 0.1252s/iter; left time: 60930.4268s
	iters: 800, epoch: 1 | loss: 0.8839679
	speed: 0.1244s/iter; left time: 60550.5205s
	iters: 900, epoch: 1 | loss: 0.9427586
	speed: 0.1249s/iter; left time: 60757.0491s
	iters: 1000, epoch: 1 | loss: 1.1003755
	speed: 0.1247s/iter; left time: 60673.3510s
	iters: 1100, epoch: 1 | loss: 1.0093840
	speed: 0.1249s/iter; left time: 60726.1589s
	iters: 1200, epoch: 1 | loss: 0.9415550
	speed: 0.1251s/iter; left time: 60847.6210s
	iters: 1300, epoch: 1 | loss: 0.9395191
	speed: 0.1245s/iter; left time: 60502.6667s
	iters: 1400, epoch: 1 | loss: 0.9172164
	speed: 0.1252s/iter; left time: 60834.5769s
	iters: 1500, epoch: 1 | loss: 0.9664578
	speed: 0.1252s/iter; left time: 60857.8079s
	iters: 1600, epoch: 1 | loss: 0.8596377
	speed: 0.1246s/iter; left time: 60524.5816s
	iters: 1700, epoch: 1 | loss: 0.8483715
	speed: 0.1246s/iter; left time: 60528.6915s
	iters: 1800, epoch: 1 | loss: 0.8062341
	speed: 0.1249s/iter; left time: 60664.9302s
	iters: 1900, epoch: 1 | loss: 1.0907030
	speed: 0.1246s/iter; left time: 60508.6833s
	iters: 2000, epoch: 1 | loss: 0.8286511
	speed: 0.1249s/iter; left time: 60637.8905s
	iters: 2100, epoch: 1 | loss: 0.7397211
	speed: 0.1248s/iter; left time: 60554.8182s
	iters: 2200, epoch: 1 | loss: 0.8015023
	speed: 0.1251s/iter; left time: 60678.1163s
	iters: 2300, epoch: 1 | loss: 1.0167186
	speed: 0.1250s/iter; left time: 60615.1702s
	iters: 2400, epoch: 1 | loss: 0.8731896
	speed: 0.1252s/iter; left time: 60716.0335s
Epoch: 1 cost time: 304.93004512786865
Epoch: 1, Steps: 2437 | Train Loss: 0.9582572 Vali Loss: 1.2647583 Test Loss: 1.3548273
Validation loss decreased (inf --> 1.264758).  Saving model ...
	iters: 100, epoch: 2 | loss: 0.9057170
	speed: 1.9316s/iter; left time: 936543.0612s
	iters: 200, epoch: 2 | loss: 0.8434421
	speed: 0.1265s/iter; left time: 61308.0480s
	iters: 300, epoch: 2 | loss: 0.8178522
	speed: 0.1269s/iter; left time: 61496.8351s
	iters: 400, epoch: 2 | loss: 0.7960151
	speed: 0.1268s/iter; left time: 61445.0816s
	iters: 500, epoch: 2 | loss: 0.7962505
	speed: 0.1270s/iter; left time: 61547.4801s
	iters: 600, epoch: 2 | loss: 0.8404915
	speed: 0.1262s/iter; left time: 61147.3093s
	iters: 700, epoch: 2 | loss: 0.7960013
	speed: 0.1265s/iter; left time: 61279.6881s
	iters: 800, epoch: 2 | loss: 0.8492846
	speed: 0.1269s/iter; left time: 61428.6723s
	iters: 900, epoch: 2 | loss: 0.7157637
	speed: 0.1265s/iter; left time: 61254.4317s
	iters: 1000, epoch: 2 | loss: 0.8108888
	speed: 0.1263s/iter; left time: 61130.8650s
	iters: 1100, epoch: 2 | loss: 0.7804769
	speed: 0.1265s/iter; left time: 61185.6710s
	iters: 1200, epoch: 2 | loss: 0.8611295
	speed: 0.1263s/iter; left time: 61079.8658s
	iters: 1300, epoch: 2 | loss: 0.7717936
	speed: 0.1262s/iter; left time: 61023.7282s
	iters: 1400, epoch: 2 | loss: 0.7588512
	speed: 0.1265s/iter; left time: 61146.9548s
	iters: 1500, epoch: 2 | loss: 0.7763180
	speed: 0.1270s/iter; left time: 61403.9107s
	iters: 1600, epoch: 2 | loss: 0.7446944
	speed: 0.1268s/iter; left time: 61276.8428s
	iters: 1700, epoch: 2 | loss: 0.7133430
	speed: 0.1267s/iter; left time: 61241.7589s
	iters: 1800, epoch: 2 | loss: 0.8404893
	speed: 0.1267s/iter; left time: 61204.2906s
	iters: 1900, epoch: 2 | loss: 0.8643172
	speed: 0.1269s/iter; left time: 61284.7094s
	iters: 2000, epoch: 2 | loss: 0.7630486
	speed: 0.1265s/iter; left time: 61116.9558s
	iters: 2100, epoch: 2 | loss: 0.9912577
	speed: 0.1271s/iter; left time: 61375.2542s
	iters: 2200, epoch: 2 | loss: 0.7965902
	speed: 0.1270s/iter; left time: 61327.0099s
	iters: 2300, epoch: 2 | loss: 0.8042915
	speed: 0.1269s/iter; left time: 61257.2035s
	iters: 2400, epoch: 2 | loss: 0.7676717
	speed: 0.1270s/iter; left time: 61305.9971s
Epoch: 2 cost time: 308.873646736145
Epoch: 2, Steps: 2437 | Train Loss: 0.8090890 Vali Loss: 1.1885591 Test Loss: 1.3434191
Validation loss decreased (1.264758 --> 1.188559).  Saving model ...
	iters: 100, epoch: 3 | loss: 0.9375545
	speed: 1.9408s/iter; left time: 936308.0569s
	iters: 200, epoch: 3 | loss: 0.7978281
	speed: 0.1252s/iter; left time: 60376.0661s
	iters: 300, epoch: 3 | loss: 0.7304716
	speed: 0.1251s/iter; left time: 60313.8473s
	iters: 400, epoch: 3 | loss: 0.7534738
	speed: 0.1250s/iter; left time: 60283.8678s
	iters: 500, epoch: 3 | loss: 0.8263699
	speed: 0.1256s/iter; left time: 60528.0082s
	iters: 600, epoch: 3 | loss: 0.7423348
	speed: 0.1249s/iter; left time: 60182.4964s
	iters: 700, epoch: 3 | loss: 0.6428308
	speed: 0.1248s/iter; left time: 60137.0712s
	iters: 800, epoch: 3 | loss: 0.7754671
	speed: 0.1251s/iter; left time: 60259.5374s
	iters: 900, epoch: 3 | loss: 0.6968645
	speed: 0.1246s/iter; left time: 59995.1639s
	iters: 1000, epoch: 3 | loss: 0.6861836
	speed: 0.1246s/iter; left time: 60018.2588s
	iters: 1100, epoch: 3 | loss: 0.8044192
	speed: 0.1249s/iter; left time: 60127.3582s
	iters: 1200, epoch: 3 | loss: 0.7293518
	speed: 0.1249s/iter; left time: 60118.1750s
	iters: 1300, epoch: 3 | loss: 0.6962368
	speed: 0.1253s/iter; left time: 60313.4385s
	iters: 1400, epoch: 3 | loss: 0.7148502
	speed: 0.1250s/iter; left time: 60161.2440s
	iters: 1500, epoch: 3 | loss: 0.7445097
	speed: 0.1262s/iter; left time: 60716.2233s
	iters: 1600, epoch: 3 | loss: 0.7083561
	speed: 0.1266s/iter; left time: 60872.2012s
	iters: 1700, epoch: 3 | loss: 0.6579950
	speed: 0.1266s/iter; left time: 60856.6149s
	iters: 1800, epoch: 3 | loss: 0.7354568
	speed: 0.1267s/iter; left time: 60896.3816s
	iters: 1900, epoch: 3 | loss: 0.7356476
	speed: 0.1266s/iter; left time: 60846.2465s
	iters: 2000, epoch: 3 | loss: 0.6763597
	speed: 0.1267s/iter; left time: 60875.9488s
	iters: 2100, epoch: 3 | loss: 0.6476119
	speed: 0.1262s/iter; left time: 60640.6378s
	iters: 2200, epoch: 3 | loss: 0.6998242
	speed: 0.1268s/iter; left time: 60921.4576s
	iters: 2300, epoch: 3 | loss: 0.6534081
	speed: 0.1265s/iter; left time: 60730.8879s
	iters: 2400, epoch: 3 | loss: 0.6000901
	speed: 0.1269s/iter; left time: 60908.8270s
Epoch: 3 cost time: 306.47909116744995
Epoch: 3, Steps: 2437 | Train Loss: 0.7171005 Vali Loss: 0.9619175 Test Loss: 1.1380564
Validation loss decreased (1.188559 --> 0.961917).  Saving model ...
	iters: 100, epoch: 4 | loss: 0.6601374
	speed: 1.9336s/iter; left time: 928108.2984s
	iters: 200, epoch: 4 | loss: 0.6697422
	speed: 0.1272s/iter; left time: 61037.9121s
	iters: 300, epoch: 4 | loss: 0.6329828
	speed: 0.1258s/iter; left time: 60337.4065s
	iters: 400, epoch: 4 | loss: 1.3264834
	speed: 0.1253s/iter; left time: 60113.4954s
	iters: 500, epoch: 4 | loss: 0.5478829
	speed: 0.1252s/iter; left time: 60043.7337s
	iters: 600, epoch: 4 | loss: 0.6113563
	speed: 0.1259s/iter; left time: 60380.7990s
	iters: 700, epoch: 4 | loss: 0.5886211
	speed: 0.1250s/iter; left time: 59938.0461s
	iters: 800, epoch: 4 | loss: 0.6990967
	speed: 0.1247s/iter; left time: 59749.5019s
	iters: 900, epoch: 4 | loss: 0.7300680
	speed: 0.1248s/iter; left time: 59822.3948s
	iters: 1000, epoch: 4 | loss: 0.6204150
	speed: 0.1249s/iter; left time: 59858.8648s
	iters: 1100, epoch: 4 | loss: 0.6682413
	speed: 0.1248s/iter; left time: 59791.5682s
	iters: 1200, epoch: 4 | loss: 0.6255188
	speed: 0.1254s/iter; left time: 60067.9136s
	iters: 1300, epoch: 4 | loss: 0.6516122
	speed: 0.1249s/iter; left time: 59802.3276s
	iters: 1400, epoch: 4 | loss: 0.6307895
	speed: 0.1249s/iter; left time: 59782.4190s
	iters: 1500, epoch: 4 | loss: 0.6151580
	speed: 0.1250s/iter; left time: 59813.7476s
	iters: 1600, epoch: 4 | loss: 0.6473618
	speed: 0.1255s/iter; left time: 60054.2115s
	iters: 1700, epoch: 4 | loss: 0.6534093
	speed: 0.1248s/iter; left time: 59687.5307s
	iters: 1800, epoch: 4 | loss: 0.6099538
	speed: 0.1247s/iter; left time: 59647.4031s
	iters: 1900, epoch: 4 | loss: 0.6193384
	speed: 0.1247s/iter; left time: 59610.1055s
	iters: 2000, epoch: 4 | loss: 0.6173935
	speed: 0.1246s/iter; left time: 59578.2109s
	iters: 2100, epoch: 4 | loss: 0.6425634
	speed: 0.1246s/iter; left time: 59566.1366s
	iters: 2200, epoch: 4 | loss: 0.5963117
	speed: 0.1252s/iter; left time: 59852.8494s
	iters: 2300, epoch: 4 | loss: 0.8887566
	speed: 0.1245s/iter; left time: 59478.8497s
	iters: 2400, epoch: 4 | loss: 0.6185910
	speed: 0.1248s/iter; left time: 59613.5675s
Epoch: 4 cost time: 305.20351123809814
Epoch: 4, Steps: 2437 | Train Loss: 0.6499189 Vali Loss: 1.1300154 Test Loss: 1.3960568
EarlyStopping counter: 1 out of 5
	iters: 100, epoch: 5 | loss: 0.5928146
	speed: 1.9368s/iter; left time: 924909.8823s
	iters: 200, epoch: 5 | loss: 0.6738089
	speed: 0.1248s/iter; left time: 59594.2212s
	iters: 300, epoch: 5 | loss: 0.6153692
	speed: 0.1252s/iter; left time: 59777.3741s
	iters: 400, epoch: 5 | loss: 0.5607790
	speed: 0.1251s/iter; left time: 59702.9325s
	iters: 500, epoch: 5 | loss: 0.6066018
	speed: 0.1249s/iter; left time: 59579.8096s
	iters: 600, epoch: 5 | loss: 0.5225931
	speed: 0.1250s/iter; left time: 59646.3427s
	iters: 700, epoch: 5 | loss: 0.6102859
	speed: 0.1251s/iter; left time: 59679.4232s
	iters: 800, epoch: 5 | loss: 0.6169009
	speed: 0.1245s/iter; left time: 59373.5149s
	iters: 900, epoch: 5 | loss: 0.6607479
	speed: 0.1250s/iter; left time: 59579.9451s
	iters: 1000, epoch: 5 | loss: 0.5951142
	speed: 0.1244s/iter; left time: 59309.8218s
	iters: 1100, epoch: 5 | loss: 0.7037647
	speed: 0.1250s/iter; left time: 59575.9126s
	iters: 1200, epoch: 5 | loss: 0.6466842
	speed: 0.1258s/iter; left time: 59955.0456s
	iters: 1300, epoch: 5 | loss: 0.6141823
	speed: 0.1248s/iter; left time: 59470.6670s
	iters: 1400, epoch: 5 | loss: 0.6572458
	speed: 0.1251s/iter; left time: 59559.0456s
	iters: 1500, epoch: 5 | loss: 0.5565763
	speed: 0.1245s/iter; left time: 59304.2530s
	iters: 1600, epoch: 5 | loss: 0.5889423
	speed: 0.1255s/iter; left time: 59760.3199s
	iters: 1700, epoch: 5 | loss: 0.5876644
	speed: 0.1247s/iter; left time: 59331.4401s
	iters: 1800, epoch: 5 | loss: 0.6225295
	speed: 0.1222s/iter; left time: 58162.2769s
	iters: 1900, epoch: 5 | loss: 0.5816579
	speed: 0.1226s/iter; left time: 58350.1395s
	iters: 2000, epoch: 5 | loss: 0.6494395
	speed: 0.1216s/iter; left time: 57861.5656s
	iters: 2100, epoch: 5 | loss: 0.6196069
	speed: 0.1233s/iter; left time: 58658.0920s
	iters: 2200, epoch: 5 | loss: 0.6803530
	speed: 0.1223s/iter; left time: 58155.7247s
	iters: 2300, epoch: 5 | loss: 0.5638294
	speed: 0.1228s/iter; left time: 58379.6541s
	iters: 2400, epoch: 5 | loss: 0.5890847
	speed: 0.1227s/iter; left time: 58307.6951s
Epoch: 5 cost time: 302.9080104827881
Epoch: 5, Steps: 2437 | Train Loss: 0.6301822 Vali Loss: 1.1684839 Test Loss: 1.3942729
EarlyStopping counter: 2 out of 5
	iters: 100, epoch: 6 | loss: 0.6255436
	speed: 1.9287s/iter; left time: 916335.9782s
	iters: 200, epoch: 6 | loss: 0.7541072
	speed: 0.1251s/iter; left time: 59403.5056s
	iters: 300, epoch: 6 | loss: 0.6235877
	speed: 0.1250s/iter; left time: 59343.9795s
	iters: 400, epoch: 6 | loss: 0.5577828
	speed: 0.1246s/iter; left time: 59158.0720s
	iters: 500, epoch: 6 | loss: 0.6810429
	speed: 0.1247s/iter; left time: 59194.8138s
	iters: 600, epoch: 6 | loss: 0.5922755
	speed: 0.1251s/iter; left time: 59360.8363s
	iters: 700, epoch: 6 | loss: 0.6404686
	speed: 0.1255s/iter; left time: 59544.7469s
	iters: 800, epoch: 6 | loss: 0.5803660
	speed: 0.1253s/iter; left time: 59436.9748s
	iters: 900, epoch: 6 | loss: 0.5744811
	speed: 0.1249s/iter; left time: 59226.2715s
	iters: 1000, epoch: 6 | loss: 0.5762395
	speed: 0.1248s/iter; left time: 59198.6651s
	iters: 1100, epoch: 6 | loss: 0.6181544
	speed: 0.1251s/iter; left time: 59326.9094s
	iters: 1200, epoch: 6 | loss: 0.5973942
	speed: 0.1251s/iter; left time: 59281.9770s
	iters: 1300, epoch: 6 | loss: 0.5894883
	speed: 0.1249s/iter; left time: 59209.9993s
	iters: 1400, epoch: 6 | loss: 0.5846925
	speed: 0.1244s/iter; left time: 58957.4020s
	iters: 1500, epoch: 6 | loss: 0.6326841
	speed: 0.1249s/iter; left time: 59144.2304s
	iters: 1600, epoch: 6 | loss: 0.6011476
	speed: 0.1250s/iter; left time: 59195.0623s
	iters: 1700, epoch: 6 | loss: 0.5316386
	speed: 0.1249s/iter; left time: 59161.6251s
	iters: 1800, epoch: 6 | loss: 0.6748734
	speed: 0.1247s/iter; left time: 59045.7455s
	iters: 1900, epoch: 6 | loss: 0.5929182
	speed: 0.1251s/iter; left time: 59213.2444s
	iters: 2000, epoch: 6 | loss: 0.5619301
	speed: 0.1252s/iter; left time: 59263.8498s
	iters: 2100, epoch: 6 | loss: 0.5614731
	speed: 0.1247s/iter; left time: 59013.8367s
	iters: 2200, epoch: 6 | loss: 0.5919212
	speed: 0.1252s/iter; left time: 59241.1381s
	iters: 2300, epoch: 6 | loss: 0.6308240
	speed: 0.1253s/iter; left time: 59262.9504s
	iters: 2400, epoch: 6 | loss: 0.6155332
	speed: 0.1249s/iter; left time: 59059.4947s
Epoch: 6 cost time: 304.7755870819092
Epoch: 6, Steps: 2437 | Train Loss: 0.6221295 Vali Loss: 0.8760102 Test Loss: 1.1017467
Validation loss decreased (0.961917 --> 0.876010).  Saving model ...
	iters: 100, epoch: 7 | loss: 0.6110886
	speed: 1.9391s/iter; left time: 916589.6529s
	iters: 200, epoch: 7 | loss: 1.0992852
	speed: 0.1265s/iter; left time: 59793.4868s
	iters: 300, epoch: 7 | loss: 0.7018655
	speed: 0.1265s/iter; left time: 59775.7178s
	iters: 400, epoch: 7 | loss: 0.5651196
	speed: 0.1266s/iter; left time: 59790.0251s
	iters: 500, epoch: 7 | loss: 0.5909849
	speed: 0.1268s/iter; left time: 59903.0701s
	iters: 600, epoch: 7 | loss: 0.5779125
	speed: 0.1271s/iter; left time: 60010.3925s
	iters: 700, epoch: 7 | loss: 0.6046807
	speed: 0.1266s/iter; left time: 59758.9990s
	iters: 800, epoch: 7 | loss: 0.6289911
	speed: 0.1272s/iter; left time: 60018.1013s
	iters: 900, epoch: 7 | loss: 0.5613311
	speed: 0.1267s/iter; left time: 59791.8016s
	iters: 1000, epoch: 7 | loss: 0.6092502
	speed: 0.1264s/iter; left time: 59628.4985s
	iters: 1100, epoch: 7 | loss: 0.5478308
	speed: 0.1264s/iter; left time: 59633.9099s
	iters: 1200, epoch: 7 | loss: 0.6350369
	speed: 0.1270s/iter; left time: 59899.3772s
	iters: 1300, epoch: 7 | loss: 0.5814787
	speed: 0.1265s/iter; left time: 59650.2751s
	iters: 1400, epoch: 7 | loss: 0.5960184
	speed: 0.1266s/iter; left time: 59684.7432s
	iters: 1500, epoch: 7 | loss: 0.5648581
	speed: 0.1268s/iter; left time: 59780.3285s
	iters: 1600, epoch: 7 | loss: 0.5622194
	speed: 0.1265s/iter; left time: 59617.6739s
	iters: 1700, epoch: 7 | loss: 0.5892035
	speed: 0.1273s/iter; left time: 59961.2114s
	iters: 1800, epoch: 7 | loss: 0.5761045
	speed: 0.1268s/iter; left time: 59722.8156s
	iters: 1900, epoch: 7 | loss: 0.5806938
	speed: 0.1270s/iter; left time: 59804.9249s
	iters: 2000, epoch: 7 | loss: 0.5882750
	speed: 0.1266s/iter; left time: 59614.2144s
	iters: 2100, epoch: 7 | loss: 0.9674519
	speed: 0.1264s/iter; left time: 59478.3770s
	iters: 2200, epoch: 7 | loss: 0.5911974
	speed: 0.1265s/iter; left time: 59515.6108s
	iters: 2300, epoch: 7 | loss: 0.5617672
	speed: 0.1264s/iter; left time: 59481.4637s
	iters: 2400, epoch: 7 | loss: 0.5739764
	speed: 0.1263s/iter; left time: 59397.2352s
Epoch: 7 cost time: 308.81584119796753
Epoch: 7, Steps: 2437 | Train Loss: 0.6026621 Vali Loss: 0.9366742 Test Loss: 1.1900413
EarlyStopping counter: 1 out of 5
	iters: 100, epoch: 8 | loss: 0.5952855
	speed: 1.9331s/iter; left time: 909011.4167s
	iters: 200, epoch: 8 | loss: 0.6331605
	speed: 0.1247s/iter; left time: 58618.1449s
	iters: 300, epoch: 8 | loss: 0.7142715
	speed: 0.1250s/iter; left time: 58753.5499s
	iters: 400, epoch: 8 | loss: 0.6413801
	speed: 0.1247s/iter; left time: 58608.1596s
	iters: 500, epoch: 8 | loss: 0.5462371
	speed: 0.1249s/iter; left time: 58691.8913s
	iters: 600, epoch: 8 | loss: 0.5977625
	speed: 0.1251s/iter; left time: 58786.5554s
	iters: 700, epoch: 8 | loss: 0.5735371
	speed: 0.1249s/iter; left time: 58644.0890s
	iters: 800, epoch: 8 | loss: 0.5376927
	speed: 0.1255s/iter; left time: 58922.6533s
	iters: 900, epoch: 8 | loss: 0.5737122
	speed: 0.1254s/iter; left time: 58864.2011s
	iters: 1000, epoch: 8 | loss: 0.5216157
	speed: 0.1250s/iter; left time: 58655.4276s
	iters: 1100, epoch: 8 | loss: 0.5607780
	speed: 0.1250s/iter; left time: 58666.6345s
	iters: 1200, epoch: 8 | loss: 0.5814008
	speed: 0.1249s/iter; left time: 58583.3878s
	iters: 1300, epoch: 8 | loss: 0.5239999
	speed: 0.1251s/iter; left time: 58664.1496s
	iters: 1400, epoch: 8 | loss: 0.5615924
	speed: 0.1247s/iter; left time: 58468.4731s
	iters: 1500, epoch: 8 | loss: 0.5260545
	speed: 0.1250s/iter; left time: 58618.3373s
	iters: 1600, epoch: 8 | loss: 0.5613469
	speed: 0.1249s/iter; left time: 58563.7513s
	iters: 1700, epoch: 8 | loss: 0.5565737
	speed: 0.1251s/iter; left time: 58617.9811s
	iters: 1800, epoch: 8 | loss: 0.5426261
	speed: 0.1257s/iter; left time: 58909.2470s
	iters: 1900, epoch: 8 | loss: 0.6012239
	speed: 0.1253s/iter; left time: 58682.9107s
	iters: 2000, epoch: 8 | loss: 0.6845438
	speed: 0.1250s/iter; left time: 58526.9019s
	iters: 2100, epoch: 8 | loss: 0.5903783
	speed: 0.1246s/iter; left time: 58362.3906s
	iters: 2200, epoch: 8 | loss: 0.7621798
	speed: 0.1249s/iter; left time: 58484.2346s
	iters: 2300, epoch: 8 | loss: 0.6081387
	speed: 0.1247s/iter; left time: 58362.9204s
	iters: 2400, epoch: 8 | loss: 0.6323499
	speed: 0.1249s/iter; left time: 58468.7767s
Epoch: 8 cost time: 304.7554581165314
Epoch: 8, Steps: 2437 | Train Loss: 0.5839530 Vali Loss: 1.1444263 Test Loss: 1.4399532
EarlyStopping counter: 2 out of 5
	iters: 100, epoch: 9 | loss: 0.6399496
	speed: 1.9372s/iter; left time: 906208.5769s
	iters: 200, epoch: 9 | loss: 0.5363372
	speed: 0.1256s/iter; left time: 58756.6572s
	iters: 300, epoch: 9 | loss: 0.5692317
	speed: 0.1255s/iter; left time: 58700.8881s
	iters: 400, epoch: 9 | loss: 0.5726975
	speed: 0.1247s/iter; left time: 58295.7670s
	iters: 500, epoch: 9 | loss: 0.5465363
	speed: 0.1252s/iter; left time: 58496.2232s
	iters: 600, epoch: 9 | loss: 0.6486015
	speed: 0.1254s/iter; left time: 58579.1555s
	iters: 700, epoch: 9 | loss: 0.6124285
	speed: 0.1247s/iter; left time: 58241.3078s
	iters: 800, epoch: 9 | loss: 0.5246182
	speed: 0.1249s/iter; left time: 58358.9447s
	iters: 900, epoch: 9 | loss: 0.5212848
	speed: 0.1254s/iter; left time: 58563.5102s
	iters: 1000, epoch: 9 | loss: 0.5513547
	speed: 0.1248s/iter; left time: 58261.3885s
	iters: 1100, epoch: 9 | loss: 0.5574723
	speed: 0.1250s/iter; left time: 58368.9430s
	iters: 1200, epoch: 9 | loss: 0.5350362
	speed: 0.1252s/iter; left time: 58420.8462s
	iters: 1300, epoch: 9 | loss: 0.5713990
	speed: 0.1254s/iter; left time: 58504.5540s
	iters: 1400, epoch: 9 | loss: 0.5658034
	speed: 0.1246s/iter; left time: 58139.4696s
	iters: 1500, epoch: 9 | loss: 0.6181930
	speed: 0.1251s/iter; left time: 58328.4916s
	iters: 1600, epoch: 9 | loss: 0.6512284
	speed: 0.1251s/iter; left time: 58343.8908s
	iters: 1700, epoch: 9 | loss: 0.5939411
	speed: 0.1251s/iter; left time: 58345.4184s
	iters: 1800, epoch: 9 | loss: 0.6010799
	speed: 0.1250s/iter; left time: 58243.3931s
	iters: 1900, epoch: 9 | loss: 0.5472913
	speed: 0.1254s/iter; left time: 58443.1953s
	iters: 2000, epoch: 9 | loss: 0.5549417
	speed: 0.1247s/iter; left time: 58117.8916s
	iters: 2100, epoch: 9 | loss: 0.6584802
	speed: 0.1249s/iter; left time: 58165.0303s
	iters: 2200, epoch: 9 | loss: 0.5059546
	speed: 0.1244s/iter; left time: 57923.8226s
	iters: 2300, epoch: 9 | loss: 0.5444187
	speed: 0.1250s/iter; left time: 58186.8055s
	iters: 2400, epoch: 9 | loss: 0.5728049
	speed: 0.1250s/iter; left time: 58170.6826s
Epoch: 9 cost time: 304.87003993988037
Epoch: 9, Steps: 2437 | Train Loss: 0.5704819 Vali Loss: 0.9575346 Test Loss: 1.1425695
EarlyStopping counter: 3 out of 5
	iters: 100, epoch: 10 | loss: 0.5191316
	speed: 1.9312s/iter; left time: 898699.8913s
	iters: 200, epoch: 10 | loss: 0.5960535
	speed: 0.1247s/iter; left time: 58009.1769s
	iters: 300, epoch: 10 | loss: 0.7336823
	speed: 0.1247s/iter; left time: 58009.3521s
	iters: 400, epoch: 10 | loss: 0.5654147
	speed: 0.1249s/iter; left time: 58066.2707s
	iters: 500, epoch: 10 | loss: 0.5740045
	speed: 0.1252s/iter; left time: 58211.1534s
	iters: 600, epoch: 10 | loss: 0.5346832
	speed: 0.1252s/iter; left time: 58217.9289s
	iters: 700, epoch: 10 | loss: 0.5096850
	speed: 0.1254s/iter; left time: 58280.3335s
	iters: 800, epoch: 10 | loss: 0.5624299
	speed: 0.1251s/iter; left time: 58123.1346s
	iters: 900, epoch: 10 | loss: 0.4914256
	speed: 0.1252s/iter; left time: 58169.3663s
	iters: 1000, epoch: 10 | loss: 0.5419141
	speed: 0.1253s/iter; left time: 58176.9629s
	iters: 1100, epoch: 10 | loss: 0.5869708
	speed: 0.1247s/iter; left time: 57916.9751s
	iters: 1200, epoch: 10 | loss: 0.5708866
	speed: 0.1246s/iter; left time: 57868.7643s
	iters: 1300, epoch: 10 | loss: 0.5177637
	speed: 0.1254s/iter; left time: 58206.5696s
	iters: 1400, epoch: 10 | loss: 0.4543987
	speed: 0.1253s/iter; left time: 58128.5636s
	iters: 1500, epoch: 10 | loss: 0.6564162
	speed: 0.1252s/iter; left time: 58090.2371s
	iters: 1600, epoch: 10 | loss: 0.5350096
	speed: 0.1253s/iter; left time: 58103.1679s
	iters: 1700, epoch: 10 | loss: 0.5371782
	speed: 0.1257s/iter; left time: 58310.6694s
	iters: 1800, epoch: 10 | loss: 0.5727777
	speed: 0.1250s/iter; left time: 57973.0524s
	iters: 1900, epoch: 10 | loss: 0.5239353
	speed: 0.1256s/iter; left time: 58218.1181s
	iters: 2000, epoch: 10 | loss: 0.5022333
	speed: 0.1252s/iter; left time: 58008.7468s
	iters: 2100, epoch: 10 | loss: 0.5471346
	speed: 0.1255s/iter; left time: 58161.1550s
	iters: 2200, epoch: 10 | loss: 0.5154784
	speed: 0.1251s/iter; left time: 57967.7905s
	iters: 2300, epoch: 10 | loss: 0.5501294
	speed: 0.1256s/iter; left time: 58170.5170s
	iters: 2400, epoch: 10 | loss: 0.5639198
	speed: 0.1253s/iter; left time: 58017.0381s
Epoch: 10 cost time: 305.2103569507599
Epoch: 10, Steps: 2437 | Train Loss: 0.5568247 Vali Loss: 0.8818817 Test Loss: 1.1428574
EarlyStopping counter: 4 out of 5
	iters: 100, epoch: 11 | loss: 0.5234602
	speed: 1.9367s/iter; left time: 896546.5148s
	iters: 200, epoch: 11 | loss: 0.5261114
	speed: 0.1250s/iter; left time: 57869.2663s
	iters: 300, epoch: 11 | loss: 0.5908743
	speed: 0.1247s/iter; left time: 57698.2102s
	iters: 400, epoch: 11 | loss: 0.5697703
	speed: 0.1251s/iter; left time: 57882.7245s
	iters: 500, epoch: 11 | loss: 0.5576457
	speed: 0.1250s/iter; left time: 57814.3536s
	iters: 600, epoch: 11 | loss: 0.5533464
	speed: 0.1250s/iter; left time: 57803.9456s
	iters: 700, epoch: 11 | loss: 0.4954287
	speed: 0.1251s/iter; left time: 57857.0413s
	iters: 800, epoch: 11 | loss: 0.5411915
	speed: 0.1250s/iter; left time: 57756.0373s
	iters: 900, epoch: 11 | loss: 0.4887549
	speed: 0.1248s/iter; left time: 57694.4910s
	iters: 1000, epoch: 11 | loss: 0.5192587
	speed: 0.1249s/iter; left time: 57723.9608s
	iters: 1100, epoch: 11 | loss: 0.5668199
	speed: 0.1250s/iter; left time: 57724.5973s
	iters: 1200, epoch: 11 | loss: 0.5914152
	speed: 0.1250s/iter; left time: 57727.0252s
	iters: 1300, epoch: 11 | loss: 0.5352337
	speed: 0.1249s/iter; left time: 57678.5321s
	iters: 1400, epoch: 11 | loss: 0.5205744
	speed: 0.1249s/iter; left time: 57666.1118s
	iters: 1500, epoch: 11 | loss: 0.6004596
	speed: 0.1247s/iter; left time: 57568.6875s
	iters: 1600, epoch: 11 | loss: 0.5350731
	speed: 0.1248s/iter; left time: 57564.3452s
	iters: 1700, epoch: 11 | loss: 0.5111305
	speed: 0.1253s/iter; left time: 57824.9023s
	iters: 1800, epoch: 11 | loss: 0.5077335
	speed: 0.1247s/iter; left time: 57537.9972s
	iters: 1900, epoch: 11 | loss: 0.5401543
	speed: 0.1247s/iter; left time: 57511.8048s
	iters: 2000, epoch: 11 | loss: 0.5213153
	speed: 0.1250s/iter; left time: 57622.1183s
	iters: 2100, epoch: 11 | loss: 0.5185727
	speed: 0.1247s/iter; left time: 57474.6638s
	iters: 2200, epoch: 11 | loss: 0.5008364
	speed: 0.1253s/iter; left time: 57723.0858s
	iters: 2300, epoch: 11 | loss: 0.5101749
	speed: 0.1249s/iter; left time: 57538.2948s
	iters: 2400, epoch: 11 | loss: 0.4807233
	speed: 0.1248s/iter; left time: 57472.4972s
Epoch: 11 cost time: 304.6235511302948
Epoch: 11, Steps: 2437 | Train Loss: 0.5452071 Vali Loss: 0.8594168 Test Loss: 1.0568593
Validation loss decreased (0.876010 --> 0.859417).  Saving model ...
	iters: 100, epoch: 12 | loss: 0.5335744
	speed: 1.9302s/iter; left time: 888865.2371s
	iters: 200, epoch: 12 | loss: 0.5745434
	speed: 0.1251s/iter; left time: 57587.4564s
	iters: 300, epoch: 12 | loss: 0.5224848
	speed: 0.1251s/iter; left time: 57597.0272s
	iters: 400, epoch: 12 | loss: 0.5958108
	speed: 0.1248s/iter; left time: 57451.7127s
	iters: 500, epoch: 12 | loss: 0.5618362
	speed: 0.1250s/iter; left time: 57508.7729s
	iters: 600, epoch: 12 | loss: 0.5113886
	speed: 0.1249s/iter; left time: 57449.4122s
	iters: 700, epoch: 12 | loss: 0.5288076
	speed: 0.1252s/iter; left time: 57555.9802s
	iters: 800, epoch: 12 | loss: 0.6061910
	speed: 0.1250s/iter; left time: 57490.3844s
	iters: 900, epoch: 12 | loss: 0.4824188
	speed: 0.1252s/iter; left time: 57568.6907s
	iters: 1000, epoch: 12 | loss: 0.5507220
	speed: 0.1246s/iter; left time: 57282.4801s
	iters: 1100, epoch: 12 | loss: 0.5502458
	speed: 0.1252s/iter; left time: 57524.6325s
	iters: 1200, epoch: 12 | loss: 0.5450057
	speed: 0.1246s/iter; left time: 57252.2033s
	iters: 1300, epoch: 12 | loss: 0.5603347
	speed: 0.1251s/iter; left time: 57448.9552s
	iters: 1400, epoch: 12 | loss: 0.5272689
	speed: 0.1250s/iter; left time: 57419.0134s
	iters: 1500, epoch: 12 | loss: 0.5368780
	speed: 0.1251s/iter; left time: 57427.2774s
	iters: 1600, epoch: 12 | loss: 0.4852220
	speed: 0.1244s/iter; left time: 57090.1189s
	iters: 1700, epoch: 12 | loss: 0.5281731
	speed: 0.1261s/iter; left time: 57887.4738s
	iters: 1800, epoch: 12 | loss: 0.6396219
	speed: 0.1249s/iter; left time: 57295.1690s
	iters: 1900, epoch: 12 | loss: 0.4858063
	speed: 0.1247s/iter; left time: 57213.1052s
	iters: 2000, epoch: 12 | loss: 0.5320987
	speed: 0.1248s/iter; left time: 57219.6612s
	iters: 2100, epoch: 12 | loss: 0.5311999
	speed: 0.1249s/iter; left time: 57245.1048s
	iters: 2200, epoch: 12 | loss: 0.5336611
	speed: 0.1251s/iter; left time: 57342.0336s
	iters: 2300, epoch: 12 | loss: 0.5287092
	speed: 0.1255s/iter; left time: 57517.3052s
	iters: 2400, epoch: 12 | loss: 0.5368659
	speed: 0.1245s/iter; left time: 57049.6704s
Epoch: 12 cost time: 304.79031920433044
Epoch: 12, Steps: 2437 | Train Loss: 0.5344273 Vali Loss: 0.8888764 Test Loss: 1.1213144
EarlyStopping counter: 1 out of 5
	iters: 100, epoch: 13 | loss: 0.4717966
	speed: 1.9360s/iter; left time: 886795.5514s
	iters: 200, epoch: 13 | loss: 0.5071846
	speed: 0.1251s/iter; left time: 57294.5872s
	iters: 300, epoch: 13 | loss: 0.5347232
	speed: 0.1252s/iter; left time: 57305.4041s
	iters: 400, epoch: 13 | loss: 0.4944196
	speed: 0.1250s/iter; left time: 57211.8871s
	iters: 500, epoch: 13 | loss: 0.5340195
	speed: 0.1257s/iter; left time: 57511.1066s
	iters: 600, epoch: 13 | loss: 0.5026844
	speed: 0.1248s/iter; left time: 57103.2850s
	iters: 700, epoch: 13 | loss: 0.5275114
	speed: 0.1253s/iter; left time: 57323.2633s
	iters: 800, epoch: 13 | loss: 0.5668800
	speed: 0.1248s/iter; left time: 57073.2370s
	iters: 900, epoch: 13 | loss: 0.5143125
	speed: 0.1253s/iter; left time: 57305.7936s
	iters: 1000, epoch: 13 | loss: 0.5079388
	speed: 0.1249s/iter; left time: 57102.5618s
	iters: 1100, epoch: 13 | loss: 0.5344889
	speed: 0.1252s/iter; left time: 57230.2653s
	iters: 1200, epoch: 13 | loss: 0.4892667
	speed: 0.1248s/iter; left time: 57050.4513s
	iters: 1300, epoch: 13 | loss: 0.5091054
	speed: 0.1249s/iter; left time: 57060.0647s
	iters: 1400, epoch: 13 | loss: 0.4689494
	speed: 0.1250s/iter; left time: 57093.7146s
	iters: 1500, epoch: 13 | loss: 0.4956801
	speed: 0.1253s/iter; left time: 57221.2940s
	iters: 1600, epoch: 13 | loss: 0.5016762
	speed: 0.1253s/iter; left time: 57208.5361s
	iters: 1700, epoch: 13 | loss: 0.5448179
	speed: 0.1252s/iter; left time: 57145.4159s
	iters: 1800, epoch: 13 | loss: 0.5502471
	speed: 0.1245s/iter; left time: 56794.2224s
	iters: 1900, epoch: 13 | loss: 0.4998391
	speed: 0.1250s/iter; left time: 57049.8529s
	iters: 2000, epoch: 13 | loss: 0.5326799
	speed: 0.1250s/iter; left time: 57025.9383s
	iters: 2100, epoch: 13 | loss: 0.5043573
	speed: 0.1254s/iter; left time: 57193.8926s
	iters: 2200, epoch: 13 | loss: 0.5293019
	speed: 0.1250s/iter; left time: 57000.3931s
	iters: 2300, epoch: 13 | loss: 0.4913565
	speed: 0.1247s/iter; left time: 56823.8256s
	iters: 2400, epoch: 13 | loss: 0.4869221
	speed: 0.1248s/iter; left time: 56897.2199s
Epoch: 13 cost time: 304.9563295841217
Epoch: 13, Steps: 2437 | Train Loss: 0.5238240 Vali Loss: 0.8783476 Test Loss: 1.0559391
EarlyStopping counter: 2 out of 5
	iters: 100, epoch: 14 | loss: 0.5228901
	speed: 1.9308s/iter; left time: 879696.6796s
	iters: 200, epoch: 14 | loss: 0.5358556
	speed: 0.1258s/iter; left time: 57290.0777s
	iters: 300, epoch: 14 | loss: 0.5138853
	speed: 0.1253s/iter; left time: 57055.2776s
	iters: 400, epoch: 14 | loss: 0.5023460
	speed: 0.1250s/iter; left time: 56904.8000s
	iters: 500, epoch: 14 | loss: 0.5419565
	speed: 0.1252s/iter; left time: 56985.1977s
	iters: 600, epoch: 14 | loss: 0.5773342
	speed: 0.1249s/iter; left time: 56861.3807s
	iters: 700, epoch: 14 | loss: 0.4890277
	speed: 0.1247s/iter; left time: 56748.5490s
	iters: 800, epoch: 14 | loss: 0.4997288
	speed: 0.1249s/iter; left time: 56803.3712s
	iters: 900, epoch: 14 | loss: 0.5037801
	speed: 0.1251s/iter; left time: 56893.4146s
	iters: 1000, epoch: 14 | loss: 0.4671907
	speed: 0.1249s/iter; left time: 56788.0774s
	iters: 1100, epoch: 14 | loss: 0.5740170
	speed: 0.1253s/iter; left time: 56979.9319s
	iters: 1200, epoch: 14 | loss: 0.6129472
	speed: 0.1253s/iter; left time: 56941.7275s
	iters: 1300, epoch: 14 | loss: 0.4634797
	speed: 0.1250s/iter; left time: 56794.0688s
	iters: 1400, epoch: 14 | loss: 0.5211798
	speed: 0.1248s/iter; left time: 56704.6213s
	iters: 1500, epoch: 14 | loss: 0.5259411
	speed: 0.1251s/iter; left time: 56801.0129s
	iters: 1600, epoch: 14 | loss: 0.5430790
	speed: 0.1248s/iter; left time: 56655.2601s
	iters: 1700, epoch: 14 | loss: 0.5272424
	speed: 0.1250s/iter; left time: 56757.4274s
	iters: 1800, epoch: 14 | loss: 0.5331250
	speed: 0.1251s/iter; left time: 56792.7533s
	iters: 1900, epoch: 14 | loss: 0.5210317
	speed: 0.1259s/iter; left time: 57147.8828s
	iters: 2000, epoch: 14 | loss: 0.4946214
	speed: 0.1262s/iter; left time: 57281.3733s
	iters: 2100, epoch: 14 | loss: 0.4920077
	speed: 0.1269s/iter; left time: 57541.8719s
	iters: 2200, epoch: 14 | loss: 0.4785058
	speed: 0.1269s/iter; left time: 57531.7895s
	iters: 2300, epoch: 14 | loss: 0.5006872
	speed: 0.1266s/iter; left time: 57404.7734s
	iters: 2400, epoch: 14 | loss: 0.5140042
	speed: 0.1271s/iter; left time: 57614.0800s
Epoch: 14 cost time: 305.91318249702454
Epoch: 14, Steps: 2437 | Train Loss: 0.5143472 Vali Loss: 0.8741093 Test Loss: 1.0474786
EarlyStopping counter: 3 out of 5
	iters: 100, epoch: 15 | loss: 0.4677978
	speed: 1.9365s/iter; left time: 877602.5533s
	iters: 200, epoch: 15 | loss: 0.5072575
	speed: 0.1250s/iter; left time: 56646.6710s
	iters: 300, epoch: 15 | loss: 0.4990880
	speed: 0.1257s/iter; left time: 56961.0821s
	iters: 400, epoch: 15 | loss: 0.5041272
	speed: 0.1252s/iter; left time: 56693.0326s
	iters: 500, epoch: 15 | loss: 0.5318899
	speed: 0.1249s/iter; left time: 56547.8598s
	iters: 600, epoch: 15 | loss: 0.4757910
	speed: 0.1251s/iter; left time: 56642.0459s
	iters: 700, epoch: 15 | loss: 0.5185331
	speed: 0.1249s/iter; left time: 56536.8782s
	iters: 800, epoch: 15 | loss: 0.4771070
	speed: 0.1251s/iter; left time: 56595.2365s
	iters: 900, epoch: 15 | loss: 0.5092910
	speed: 0.1249s/iter; left time: 56521.6346s
	iters: 1000, epoch: 15 | loss: 0.5251653
	speed: 0.1250s/iter; left time: 56544.9926s
	iters: 1100, epoch: 15 | loss: 0.4867324
	speed: 0.1248s/iter; left time: 56451.6479s
	iters: 1200, epoch: 15 | loss: 0.4806545
	speed: 0.1252s/iter; left time: 56608.2502s
	iters: 1300, epoch: 15 | loss: 0.4925601
	speed: 0.1253s/iter; left time: 56628.6162s
	iters: 1400, epoch: 15 | loss: 0.6424602
	speed: 0.1243s/iter; left time: 56177.0912s
	iters: 1500, epoch: 15 | loss: 0.5420622
	speed: 0.1255s/iter; left time: 56706.5550s
	iters: 1600, epoch: 15 | loss: 0.5496849
	speed: 0.1252s/iter; left time: 56560.6405s
	iters: 1700, epoch: 15 | loss: 0.5045820
	speed: 0.1250s/iter; left time: 56468.9581s
	iters: 1800, epoch: 15 | loss: 0.4856747
	speed: 0.1256s/iter; left time: 56689.9040s
	iters: 1900, epoch: 15 | loss: 0.5207317
	speed: 0.1248s/iter; left time: 56342.4542s
	iters: 2000, epoch: 15 | loss: 0.4813828
	speed: 0.1254s/iter; left time: 56580.8667s
	iters: 2100, epoch: 15 | loss: 0.4717287
	speed: 0.1251s/iter; left time: 56426.5823s
	iters: 2200, epoch: 15 | loss: 0.5066525
	speed: 0.1259s/iter; left time: 56782.7402s
	iters: 2300, epoch: 15 | loss: 0.5093767
	speed: 0.1249s/iter; left time: 56322.2770s
	iters: 2400, epoch: 15 | loss: 0.4636633
	speed: 0.1250s/iter; left time: 56365.1942s
Epoch: 15 cost time: 305.1817162036896
Epoch: 15, Steps: 2437 | Train Loss: 0.5104167 Vali Loss: 0.8835490 Test Loss: 1.0197448
EarlyStopping counter: 4 out of 5
	iters: 100, epoch: 16 | loss: 0.4916181
	speed: 1.9308s/iter; left time: 870280.0686s
	iters: 200, epoch: 16 | loss: 0.5152251
	speed: 0.1254s/iter; left time: 56521.1776s
	iters: 300, epoch: 16 | loss: 0.5491941
	speed: 0.1262s/iter; left time: 56858.5513s
	iters: 400, epoch: 16 | loss: 0.5209016
	speed: 0.1253s/iter; left time: 56454.0460s
	iters: 500, epoch: 16 | loss: 0.4931561
	speed: 0.1252s/iter; left time: 56403.6401s
	iters: 600, epoch: 16 | loss: 0.5497879
	speed: 0.1249s/iter; left time: 56226.0213s
	iters: 700, epoch: 16 | loss: 0.5337179
	speed: 0.1253s/iter; left time: 56394.7143s
	iters: 800, epoch: 16 | loss: 0.5157547
	speed: 0.1254s/iter; left time: 56430.8357s
	iters: 900, epoch: 16 | loss: 0.5089653
	speed: 0.1252s/iter; left time: 56341.7268s
	iters: 1000, epoch: 16 | loss: 0.4865191
	speed: 0.1287s/iter; left time: 57911.8305s
	iters: 1100, epoch: 16 | loss: 0.4693076
	speed: 0.1253s/iter; left time: 56352.7029s
	iters: 1200, epoch: 16 | loss: 0.5500991
	speed: 0.1250s/iter; left time: 56206.9786s
	iters: 1300, epoch: 16 | loss: 0.4767008
	speed: 0.1255s/iter; left time: 56417.6927s
	iters: 1400, epoch: 16 | loss: 0.5381415
	speed: 0.1249s/iter; left time: 56129.9590s
	iters: 1500, epoch: 16 | loss: 0.5461838
	speed: 0.1250s/iter; left time: 56159.2669s
	iters: 1600, epoch: 16 | loss: 0.5019644
	speed: 0.1247s/iter; left time: 56031.4066s
	iters: 1700, epoch: 16 | loss: 0.4721783
	speed: 0.1245s/iter; left time: 55921.7634s
	iters: 1800, epoch: 16 | loss: 0.4613199
	speed: 0.1254s/iter; left time: 56294.6913s
	iters: 1900, epoch: 16 | loss: 0.5027014
	speed: 0.1250s/iter; left time: 56128.9858s
	iters: 2000, epoch: 16 | loss: 0.5051399
	speed: 0.1249s/iter; left time: 56056.1686s
	iters: 2100, epoch: 16 | loss: 0.4473687
	speed: 0.1250s/iter; left time: 56112.3722s
	iters: 2200, epoch: 16 | loss: 0.4733260
	speed: 0.1254s/iter; left time: 56254.2107s
	iters: 2300, epoch: 16 | loss: 0.5466460
	speed: 0.1253s/iter; left time: 56214.5890s
	iters: 2400, epoch: 16 | loss: 0.4210291
	speed: 0.1247s/iter; left time: 55927.7052s
Epoch: 16 cost time: 305.5264594554901
Epoch: 16, Steps: 2437 | Train Loss: 0.4988675 Vali Loss: 0.9283401 Test Loss: 1.0913332
EarlyStopping counter: 5 out of 5
Early stopping
>>>>>>>testing : long_term_forecast_pems05_all_96_96_Autoformer_custom_ftM_sl96_ll48_pl192_dm128_nh8_el2_dl1_df2048_fc3_ebtimeF_dtTrue_srate0.1_sseed7_trainseed2024_Exp_0<<<<<<<<<<<<<<<<<<<<<<<<<<<<<<<<<
test 147619
test shape: (14761, 1, 192, 103) (14761, 1, 192, 103)
test shape: (14761, 192, 103) (14761, 192, 103)
mse:1.0568612813949585, mae:0.8096033334732056
>>>>>>>Overall time: 8035 seconds<<<<<<<<<<<<<<<<<<<<<<<<<<<<<<<<<
Args in experiment:
Namespace(activation='gelu', anomaly_ratio=0.25, batch_size=32, c_out=103, checkpoints='./checkpoints/', d_ff=2048, d_layers=1, d_model=128, data='custom', data_path='pems05_all_common_flow.csv', dec_in=103, des='Exp', devices='0,1,2,3', distil=True, dropout=0, e_layers=2, embed='timeF', enc_in=103, factor=3, features='M', freq='h', gap_day=365, gpu=0, inverse=False, is_training=1, itr=1, label_len=48, learning_rate=0.0005, loss='MSE', lradj='type3', mask_rate=0.25, model='Autoformer', model_id='pems05_all_96_96', moving_avg=25, n_heads=8, num_kernels=6, num_workers=10, output_attention=False, p_hidden_dims=[128, 128], p_hidden_layers=2, patience=5, pred_len=192, root_path='../../data/pems/', samle_rate=0.1, sample_seed=7, seasonal_patterns='Monthly', seq_len=96, target='OT', task_name='long_term_forecast', top_k=5, train_epochs=200, train_seed=2024, use_amp=False, use_gpu=True, use_multi_gpu=False)
Use GPU: cuda:0
>>>>>>>start training : long_term_forecast_pems05_all_96_96_Autoformer_custom_ftM_sl96_ll48_pl192_dm128_nh8_el2_dl1_df2048_fc3_ebtimeF_dtTrue_srate0.1_sseed7_trainseed2024_Exp_0>>>>>>>>>>>>>>>>>>>>>>>>>>
train 779848
val 21155
test 147619
	iters: 100, epoch: 1 | loss: 1.1769230
	speed: 0.1303s/iter; left time: 63471.0103s
	iters: 200, epoch: 1 | loss: 1.1374846
	speed: 0.1310s/iter; left time: 63812.0563s
	iters: 300, epoch: 1 | loss: 1.0824337
	speed: 0.1307s/iter; left time: 63686.0671s
	iters: 400, epoch: 1 | loss: 0.9073382
	speed: 0.1296s/iter; left time: 63113.1260s
	iters: 500, epoch: 1 | loss: 1.3479036
	speed: 0.1288s/iter; left time: 62737.0766s
	iters: 600, epoch: 1 | loss: 0.8369272
	speed: 0.1284s/iter; left time: 62487.4243s
	iters: 700, epoch: 1 | loss: 0.9358416
	speed: 0.1291s/iter; left time: 62846.0378s
	iters: 800, epoch: 1 | loss: 0.8862168
	speed: 0.1295s/iter; left time: 63025.4230s
	iters: 900, epoch: 1 | loss: 0.9325064
	speed: 0.1309s/iter; left time: 63662.2993s
	iters: 1000, epoch: 1 | loss: 1.0277067
	speed: 0.1310s/iter; left time: 63731.3901s
	iters: 1100, epoch: 1 | loss: 1.0377225
	speed: 0.1308s/iter; left time: 63605.7020s
	iters: 1200, epoch: 1 | loss: 0.9069064
	speed: 0.1306s/iter; left time: 63518.9616s
	iters: 1300, epoch: 1 | loss: 0.8773761
	speed: 0.1312s/iter; left time: 63782.7264s
	iters: 1400, epoch: 1 | loss: 1.0481461
	speed: 0.1307s/iter; left time: 63500.3865s
	iters: 1500, epoch: 1 | loss: 0.9388160
	speed: 0.1312s/iter; left time: 63737.1198s
	iters: 1600, epoch: 1 | loss: 0.9454966
	speed: 0.1313s/iter; left time: 63787.8134s
	iters: 1700, epoch: 1 | loss: 1.0207413
	speed: 0.1310s/iter; left time: 63633.5574s
	iters: 1800, epoch: 1 | loss: 0.9633704
	speed: 0.1311s/iter; left time: 63658.5279s
	iters: 1900, epoch: 1 | loss: 1.0028450
	speed: 0.1309s/iter; left time: 63544.6133s
	iters: 2000, epoch: 1 | loss: 0.8460311
	speed: 0.1307s/iter; left time: 63455.6636s
	iters: 2100, epoch: 1 | loss: 0.8552586
	speed: 0.1310s/iter; left time: 63570.5162s
	iters: 2200, epoch: 1 | loss: 0.8211948
	speed: 0.1308s/iter; left time: 63456.0678s
	iters: 2300, epoch: 1 | loss: 0.8806893
	speed: 0.1309s/iter; left time: 63519.1324s
	iters: 2400, epoch: 1 | loss: 0.9196011
	speed: 0.1308s/iter; left time: 63419.6823s
Epoch: 1 cost time: 318.2290608882904
Epoch: 1, Steps: 2437 | Train Loss: 0.9653522 Vali Loss: 1.2959561 Test Loss: 1.2917631
Validation loss decreased (inf --> 1.295956).  Saving model ...
	iters: 100, epoch: 2 | loss: 0.9418290
	speed: 2.4049s/iter; left time: 1166032.7837s
	iters: 200, epoch: 2 | loss: 0.7926173
	speed: 0.1285s/iter; left time: 62275.0416s
	iters: 300, epoch: 2 | loss: 0.7875580
	speed: 0.1281s/iter; left time: 62095.6453s
	iters: 400, epoch: 2 | loss: 0.8286708
	speed: 0.1284s/iter; left time: 62209.6806s
	iters: 500, epoch: 2 | loss: 0.7870140
	speed: 0.1284s/iter; left time: 62184.8933s
	iters: 600, epoch: 2 | loss: 0.8565449
	speed: 0.1281s/iter; left time: 62047.9635s
	iters: 700, epoch: 2 | loss: 0.9507192
	speed: 0.1281s/iter; left time: 62023.5995s
	iters: 800, epoch: 2 | loss: 0.8743253
	speed: 0.1282s/iter; left time: 62084.3460s
	iters: 900, epoch: 2 | loss: 0.7259344
	speed: 0.1285s/iter; left time: 62223.9679s
	iters: 1000, epoch: 2 | loss: 0.9614592
	speed: 0.1284s/iter; left time: 62152.5262s
	iters: 1100, epoch: 2 | loss: 0.7341548
	speed: 0.1287s/iter; left time: 62276.7306s
	iters: 1200, epoch: 2 | loss: 0.7502499
	speed: 0.1284s/iter; left time: 62116.2130s
	iters: 1300, epoch: 2 | loss: 0.7322683
	speed: 0.1283s/iter; left time: 62057.6679s
	iters: 1400, epoch: 2 | loss: 0.7812434
	speed: 0.1283s/iter; left time: 62052.7196s
	iters: 1500, epoch: 2 | loss: 0.7151124
	speed: 0.1284s/iter; left time: 62093.9623s
	iters: 1600, epoch: 2 | loss: 0.7325187
	speed: 0.1283s/iter; left time: 62029.2467s
	iters: 1700, epoch: 2 | loss: 0.7199283
	speed: 0.1282s/iter; left time: 61942.8304s
	iters: 1800, epoch: 2 | loss: 0.6964851
	speed: 0.1285s/iter; left time: 62064.9548s
	iters: 1900, epoch: 2 | loss: 0.6628414
	speed: 0.1284s/iter; left time: 62049.5491s
	iters: 2000, epoch: 2 | loss: 0.7759285
	speed: 0.1289s/iter; left time: 62266.7137s
	iters: 2100, epoch: 2 | loss: 0.7407982
	speed: 0.1282s/iter; left time: 61920.3651s
	iters: 2200, epoch: 2 | loss: 0.6001620
	speed: 0.1283s/iter; left time: 61926.4133s
	iters: 2300, epoch: 2 | loss: 0.6843066
	speed: 0.1283s/iter; left time: 61909.1589s
	iters: 2400, epoch: 2 | loss: 0.7648095
	speed: 0.1279s/iter; left time: 61710.9096s
Epoch: 2 cost time: 312.95119071006775
Epoch: 2, Steps: 2437 | Train Loss: 0.7674986 Vali Loss: 1.1665066 Test Loss: 1.2825806
Validation loss decreased (1.295956 --> 1.166507).  Saving model ...
	iters: 100, epoch: 3 | loss: 0.7586707
	speed: 2.4096s/iter; left time: 1162479.1286s
	iters: 200, epoch: 3 | loss: 0.6670203
	speed: 0.1283s/iter; left time: 61891.4165s
	iters: 300, epoch: 3 | loss: 0.7368723
	speed: 0.1282s/iter; left time: 61827.1393s
	iters: 400, epoch: 3 | loss: 0.6689009
	speed: 0.1283s/iter; left time: 61873.5646s
	iters: 500, epoch: 3 | loss: 0.6969248
	speed: 0.1282s/iter; left time: 61806.2893s
	iters: 600, epoch: 3 | loss: 0.6935268
	speed: 0.1279s/iter; left time: 61650.2128s
	iters: 700, epoch: 3 | loss: 0.6367855
	speed: 0.1283s/iter; left time: 61821.8684s
	iters: 800, epoch: 3 | loss: 0.7211681
	speed: 0.1286s/iter; left time: 61931.7268s
	iters: 900, epoch: 3 | loss: 0.6798831
	speed: 0.1285s/iter; left time: 61900.0030s
	iters: 1000, epoch: 3 | loss: 0.6402850
	speed: 0.1282s/iter; left time: 61753.4650s
	iters: 1100, epoch: 3 | loss: 0.6958486
	speed: 0.1290s/iter; left time: 62093.8209s
	iters: 1200, epoch: 3 | loss: 0.6727740
	speed: 0.1279s/iter; left time: 61570.8589s
	iters: 1300, epoch: 3 | loss: 0.6589050
	speed: 0.1282s/iter; left time: 61700.2207s
	iters: 1400, epoch: 3 | loss: 0.7006298
	speed: 0.1284s/iter; left time: 61781.3774s
	iters: 1500, epoch: 3 | loss: 0.8235731
	speed: 0.1280s/iter; left time: 61583.2374s
	iters: 1600, epoch: 3 | loss: 0.6517355
	speed: 0.1281s/iter; left time: 61612.4425s
	iters: 1700, epoch: 3 | loss: 0.6369171
	speed: 0.1287s/iter; left time: 61868.8532s
	iters: 1800, epoch: 3 | loss: 0.6961984
	speed: 0.1277s/iter; left time: 61412.6386s
	iters: 1900, epoch: 3 | loss: 0.7056530
	speed: 0.1284s/iter; left time: 61732.1907s
	iters: 2000, epoch: 3 | loss: 0.6444796
	speed: 0.1284s/iter; left time: 61708.2497s
	iters: 2100, epoch: 3 | loss: 0.6581959
	speed: 0.1280s/iter; left time: 61487.6263s
	iters: 2200, epoch: 3 | loss: 0.6656117
	speed: 0.1278s/iter; left time: 61398.8216s
	iters: 2300, epoch: 3 | loss: 0.6344466
	speed: 0.1283s/iter; left time: 61600.8865s
	iters: 2400, epoch: 3 | loss: 0.5798613
	speed: 0.1285s/iter; left time: 61685.1924s
Epoch: 3 cost time: 312.71153688430786
Epoch: 3, Steps: 2437 | Train Loss: 0.6707320 Vali Loss: 0.9927222 Test Loss: 1.1514925
Validation loss decreased (1.166507 --> 0.992722).  Saving model ...
	iters: 100, epoch: 4 | loss: 0.6060403
	speed: 2.4024s/iter; left time: 1153131.4241s
	iters: 200, epoch: 4 | loss: 0.6075892
	speed: 0.1282s/iter; left time: 61513.2754s
	iters: 300, epoch: 4 | loss: 0.6331380
	speed: 0.1281s/iter; left time: 61482.0963s
	iters: 400, epoch: 4 | loss: 0.6733657
	speed: 0.1285s/iter; left time: 61662.7166s
	iters: 500, epoch: 4 | loss: 0.5451093
	speed: 0.1283s/iter; left time: 61511.5215s
	iters: 600, epoch: 4 | loss: 0.5943359
	speed: 0.1283s/iter; left time: 61503.3953s
	iters: 700, epoch: 4 | loss: 0.5957574
	speed: 0.1285s/iter; left time: 61592.8961s
	iters: 800, epoch: 4 | loss: 0.6489484
	speed: 0.1281s/iter; left time: 61419.3408s
	iters: 900, epoch: 4 | loss: 0.5996267
	speed: 0.1283s/iter; left time: 61476.7932s
	iters: 1000, epoch: 4 | loss: 0.5899084
	speed: 0.1285s/iter; left time: 61542.8903s
	iters: 1100, epoch: 4 | loss: 0.6258687
	speed: 0.1284s/iter; left time: 61516.9914s
	iters: 1200, epoch: 4 | loss: 0.5987182
	speed: 0.1283s/iter; left time: 61446.0327s
	iters: 1300, epoch: 4 | loss: 0.6372766
	speed: 0.1280s/iter; left time: 61274.9750s
	iters: 1400, epoch: 4 | loss: 0.6023214
	speed: 0.1285s/iter; left time: 61514.8636s
	iters: 1500, epoch: 4 | loss: 0.6266271
	speed: 0.1285s/iter; left time: 61519.8806s
	iters: 1600, epoch: 4 | loss: 0.5701217
	speed: 0.1284s/iter; left time: 61419.5056s
	iters: 1700, epoch: 4 | loss: 0.6489069
	speed: 0.1280s/iter; left time: 61242.2323s
	iters: 1800, epoch: 4 | loss: 0.5749724
	speed: 0.1279s/iter; left time: 61191.7665s
	iters: 1900, epoch: 4 | loss: 0.5827141
	speed: 0.1280s/iter; left time: 61197.3737s
	iters: 2000, epoch: 4 | loss: 0.6085185
	speed: 0.1283s/iter; left time: 61331.9627s
	iters: 2100, epoch: 4 | loss: 0.5979899
	speed: 0.1280s/iter; left time: 61200.5479s
	iters: 2200, epoch: 4 | loss: 0.5726712
	speed: 0.1281s/iter; left time: 61232.4694s
	iters: 2300, epoch: 4 | loss: 0.6239442
	speed: 0.1285s/iter; left time: 61401.1373s
	iters: 2400, epoch: 4 | loss: 0.6392920
	speed: 0.1286s/iter; left time: 61442.0879s
Epoch: 4 cost time: 312.7951467037201
Epoch: 4, Steps: 2437 | Train Loss: 0.6338883 Vali Loss: 0.9059177 Test Loss: 1.0631737
Validation loss decreased (0.992722 --> 0.905918).  Saving model ...
	iters: 100, epoch: 5 | loss: 0.5513321
	speed: 2.4119s/iter; left time: 1151831.5454s
	iters: 200, epoch: 5 | loss: 0.6192515
	speed: 0.1316s/iter; left time: 62848.4116s
	iters: 300, epoch: 5 | loss: 0.5428095
	speed: 0.1317s/iter; left time: 62882.1721s
	iters: 400, epoch: 5 | loss: 0.5525852
	speed: 0.1315s/iter; left time: 62767.6737s
	iters: 500, epoch: 5 | loss: 0.5650454
	speed: 0.1317s/iter; left time: 62826.4559s
	iters: 600, epoch: 5 | loss: 0.5084418
	speed: 0.1311s/iter; left time: 62542.6805s
	iters: 700, epoch: 5 | loss: 0.5688404
	speed: 0.1314s/iter; left time: 62667.5685s
	iters: 800, epoch: 5 | loss: 0.6411455
	speed: 0.1320s/iter; left time: 62929.5982s
	iters: 900, epoch: 5 | loss: 0.5852090
	speed: 0.1313s/iter; left time: 62581.1332s
	iters: 1000, epoch: 5 | loss: 0.6128465
	speed: 0.1308s/iter; left time: 62346.7223s
	iters: 1100, epoch: 5 | loss: 0.6796242
	speed: 0.1312s/iter; left time: 62505.8342s
	iters: 1200, epoch: 5 | loss: 0.6516933
	speed: 0.1316s/iter; left time: 62682.0085s
	iters: 1300, epoch: 5 | loss: 0.6400779
	speed: 0.1317s/iter; left time: 62739.4576s
	iters: 1400, epoch: 5 | loss: 0.6483842
	speed: 0.1318s/iter; left time: 62793.1028s
	iters: 1500, epoch: 5 | loss: 0.5459058
	speed: 0.1314s/iter; left time: 62547.0411s
	iters: 1600, epoch: 5 | loss: 0.5935756
	speed: 0.1311s/iter; left time: 62413.7894s
	iters: 1700, epoch: 5 | loss: 0.5576340
	speed: 0.1318s/iter; left time: 62719.2990s
	iters: 1800, epoch: 5 | loss: 0.5572667
	speed: 0.1314s/iter; left time: 62525.9400s
	iters: 1900, epoch: 5 | loss: 0.6048446
	speed: 0.1312s/iter; left time: 62411.2648s
	iters: 2000, epoch: 5 | loss: 0.6206852
	speed: 0.1318s/iter; left time: 62711.2721s
	iters: 2100, epoch: 5 | loss: 0.6031616
	speed: 0.1319s/iter; left time: 62726.6950s
	iters: 2200, epoch: 5 | loss: 0.6194425
	speed: 0.1311s/iter; left time: 62309.1632s
	iters: 2300, epoch: 5 | loss: 0.5616406
	speed: 0.1313s/iter; left time: 62427.0754s
	iters: 2400, epoch: 5 | loss: 0.5638279
	speed: 0.1311s/iter; left time: 62328.2764s
Epoch: 5 cost time: 320.26651310920715
Epoch: 5, Steps: 2437 | Train Loss: 0.6100986 Vali Loss: 1.3372242 Test Loss: 1.4823766
EarlyStopping counter: 1 out of 5
	iters: 100, epoch: 6 | loss: 0.6491618
	speed: 2.4049s/iter; left time: 1142589.6016s
	iters: 200, epoch: 6 | loss: 0.7154726
	speed: 0.1281s/iter; left time: 60870.4275s
	iters: 300, epoch: 6 | loss: 0.5679007
	speed: 0.1282s/iter; left time: 60895.6794s
	iters: 400, epoch: 6 | loss: 0.5674093
	speed: 0.1281s/iter; left time: 60807.9561s
	iters: 500, epoch: 6 | loss: 0.5576881
	speed: 0.1287s/iter; left time: 61110.9565s
	iters: 600, epoch: 6 | loss: 0.5840523
	speed: 0.1284s/iter; left time: 60936.0342s
	iters: 700, epoch: 6 | loss: 0.6210899
	speed: 0.1283s/iter; left time: 60881.9309s
	iters: 800, epoch: 6 | loss: 0.5675294
	speed: 0.1284s/iter; left time: 60892.2134s
	iters: 900, epoch: 6 | loss: 0.5639976
	speed: 0.1288s/iter; left time: 61114.0763s
	iters: 1000, epoch: 6 | loss: 0.5437489
	speed: 0.1287s/iter; left time: 61037.0211s
	iters: 1100, epoch: 6 | loss: 0.5861960
	speed: 0.1287s/iter; left time: 61039.9934s
	iters: 1200, epoch: 6 | loss: 0.5636533
	speed: 0.1282s/iter; left time: 60784.5666s
	iters: 1300, epoch: 6 | loss: 0.6219841
	speed: 0.1285s/iter; left time: 60880.7372s
	iters: 1400, epoch: 6 | loss: 0.6085731
	speed: 0.1287s/iter; left time: 60994.0248s
	iters: 1500, epoch: 6 | loss: 0.5843233
	speed: 0.1282s/iter; left time: 60713.2970s
	iters: 1600, epoch: 6 | loss: 0.5417222
	speed: 0.1283s/iter; left time: 60750.3083s
	iters: 1700, epoch: 6 | loss: 0.4833866
	speed: 0.1285s/iter; left time: 60866.8884s
	iters: 1800, epoch: 6 | loss: 0.6667811
	speed: 0.1278s/iter; left time: 60485.4703s
	iters: 1900, epoch: 6 | loss: 0.5704135
	speed: 0.1281s/iter; left time: 60654.0531s
	iters: 2000, epoch: 6 | loss: 0.5809259
	speed: 0.1280s/iter; left time: 60572.6474s
	iters: 2100, epoch: 6 | loss: 0.5407436
	speed: 0.1283s/iter; left time: 60701.0712s
	iters: 2200, epoch: 6 | loss: 0.5557252
	speed: 0.1283s/iter; left time: 60673.8510s
	iters: 2300, epoch: 6 | loss: 0.5633211
	speed: 0.1283s/iter; left time: 60664.7977s
	iters: 2400, epoch: 6 | loss: 0.6374596
	speed: 0.1284s/iter; left time: 60689.9627s
Epoch: 6 cost time: 312.9510669708252
Epoch: 6, Steps: 2437 | Train Loss: 0.5966244 Vali Loss: 1.1607912 Test Loss: 1.4051716
EarlyStopping counter: 2 out of 5
	iters: 100, epoch: 7 | loss: 0.6434190
	speed: 2.4126s/iter; left time: 1140382.0793s
	iters: 200, epoch: 7 | loss: 0.6751012
	speed: 0.1292s/iter; left time: 61066.4124s
	iters: 300, epoch: 7 | loss: 0.6442686
	speed: 0.1289s/iter; left time: 60925.4494s
	iters: 400, epoch: 7 | loss: 0.5461952
	speed: 0.1289s/iter; left time: 60876.3268s
	iters: 500, epoch: 7 | loss: 0.5739723
	speed: 0.1293s/iter; left time: 61055.5027s
	iters: 600, epoch: 7 | loss: 0.5859450
	speed: 0.1290s/iter; left time: 60896.3428s
	iters: 700, epoch: 7 | loss: 0.5788261
	speed: 0.1292s/iter; left time: 60977.2606s
	iters: 800, epoch: 7 | loss: 0.6235107
	speed: 0.1295s/iter; left time: 61104.1854s
	iters: 900, epoch: 7 | loss: 0.5490478
	speed: 0.1306s/iter; left time: 61635.3276s
	iters: 1000, epoch: 7 | loss: 0.5922845
	speed: 0.1312s/iter; left time: 61906.6389s
	iters: 1100, epoch: 7 | loss: 0.5232089
	speed: 0.1314s/iter; left time: 61966.0844s
	iters: 1200, epoch: 7 | loss: 0.6037110
	speed: 0.1318s/iter; left time: 62130.5746s
	iters: 1300, epoch: 7 | loss: 0.5467975
	speed: 0.1315s/iter; left time: 61981.5709s
	iters: 1400, epoch: 7 | loss: 0.6008579
	speed: 0.1318s/iter; left time: 62132.3974s
	iters: 1500, epoch: 7 | loss: 0.5091003
	speed: 0.1313s/iter; left time: 61899.2561s
	iters: 1600, epoch: 7 | loss: 0.5265003
	speed: 0.1316s/iter; left time: 61996.9082s
	iters: 1700, epoch: 7 | loss: 0.5954821
	speed: 0.1313s/iter; left time: 61842.1607s
	iters: 1800, epoch: 7 | loss: 0.5669731
	speed: 0.1316s/iter; left time: 61975.8567s
	iters: 1900, epoch: 7 | loss: 0.5338975
	speed: 0.1311s/iter; left time: 61740.3308s
	iters: 2000, epoch: 7 | loss: 0.6057897
	speed: 0.1314s/iter; left time: 61849.5723s
	iters: 2100, epoch: 7 | loss: 0.5818056
	speed: 0.1315s/iter; left time: 61902.9388s
	iters: 2200, epoch: 7 | loss: 0.6045431
	speed: 0.1314s/iter; left time: 61826.6751s
	iters: 2300, epoch: 7 | loss: 0.5437174
	speed: 0.1316s/iter; left time: 61933.9298s
	iters: 2400, epoch: 7 | loss: 0.5482284
	speed: 0.1326s/iter; left time: 62359.7016s
Epoch: 7 cost time: 318.81451654434204
Epoch: 7, Steps: 2437 | Train Loss: 0.5794846 Vali Loss: 1.1039132 Test Loss: 1.3694080
EarlyStopping counter: 3 out of 5
	iters: 100, epoch: 8 | loss: 0.6491938
	speed: 2.4089s/iter; left time: 1132749.0340s
	iters: 200, epoch: 8 | loss: 0.5778306
	speed: 0.1330s/iter; left time: 62548.8043s
	iters: 300, epoch: 8 | loss: 0.5562781
	speed: 0.1326s/iter; left time: 62322.3457s
	iters: 400, epoch: 8 | loss: 0.5838972
	speed: 0.1329s/iter; left time: 62438.8549s
	iters: 500, epoch: 8 | loss: 0.5655430
	speed: 0.1329s/iter; left time: 62439.6481s
	iters: 600, epoch: 8 | loss: 0.5698550
	speed: 0.1320s/iter; left time: 62012.5116s
	iters: 700, epoch: 8 | loss: 0.5472869
	speed: 0.1333s/iter; left time: 62607.2756s
	iters: 800, epoch: 8 | loss: 0.5437643
	speed: 0.1319s/iter; left time: 61923.7764s
	iters: 900, epoch: 8 | loss: 0.5552449
	speed: 0.1332s/iter; left time: 62510.6269s
	iters: 1000, epoch: 8 | loss: 0.5229275
	speed: 0.1322s/iter; left time: 62030.4659s
	iters: 1100, epoch: 8 | loss: 0.5218039
	speed: 0.1330s/iter; left time: 62416.7900s
	iters: 1200, epoch: 8 | loss: 0.5223505
	speed: 0.1330s/iter; left time: 62379.7701s
	iters: 1300, epoch: 8 | loss: 0.5183966
	speed: 0.1333s/iter; left time: 62526.0515s
	iters: 1400, epoch: 8 | loss: 0.5581590
	speed: 0.1327s/iter; left time: 62218.3564s
	iters: 1500, epoch: 8 | loss: 0.5132785
	speed: 0.1331s/iter; left time: 62381.9915s
	iters: 1600, epoch: 8 | loss: 0.5739948
	speed: 0.1329s/iter; left time: 62277.8154s
	iters: 1700, epoch: 8 | loss: 0.5805771
	speed: 0.1321s/iter; left time: 61908.7760s
	iters: 1800, epoch: 8 | loss: 0.6009276
	speed: 0.1330s/iter; left time: 62334.2083s
	iters: 1900, epoch: 8 | loss: 0.5631636
	speed: 0.1327s/iter; left time: 62150.7553s
	iters: 2000, epoch: 8 | loss: 0.5896890
	speed: 0.1319s/iter; left time: 61787.7016s
	iters: 2100, epoch: 8 | loss: 0.5619042
	speed: 0.1314s/iter; left time: 61545.9721s
	iters: 2200, epoch: 8 | loss: 0.5696773
	speed: 0.1311s/iter; left time: 61372.8934s
	iters: 2300, epoch: 8 | loss: 0.5826324
	speed: 0.1318s/iter; left time: 61683.1197s
	iters: 2400, epoch: 8 | loss: 0.6119293
	speed: 0.1317s/iter; left time: 61614.4757s
Epoch: 8 cost time: 323.110333442688
Epoch: 8, Steps: 2437 | Train Loss: 0.5699040 Vali Loss: 0.9119860 Test Loss: 1.0221646
EarlyStopping counter: 4 out of 5
	iters: 100, epoch: 9 | loss: 0.7838377
	speed: 2.4140s/iter; left time: 1129261.1755s
	iters: 200, epoch: 9 | loss: 0.4915744
	speed: 0.1313s/iter; left time: 61402.6598s
	iters: 300, epoch: 9 | loss: 0.5279508
	speed: 0.1313s/iter; left time: 61407.4872s
	iters: 400, epoch: 9 | loss: 0.5611472
	speed: 0.1312s/iter; left time: 61314.3754s
	iters: 500, epoch: 9 | loss: 0.5991331
	speed: 0.1313s/iter; left time: 61378.8121s
	iters: 600, epoch: 9 | loss: 0.5976040
	speed: 0.1318s/iter; left time: 61589.7620s
	iters: 700, epoch: 9 | loss: 0.5505421
	speed: 0.1313s/iter; left time: 61346.8976s
	iters: 800, epoch: 9 | loss: 0.5140648
	speed: 0.1316s/iter; left time: 61469.1586s
	iters: 900, epoch: 9 | loss: 0.5725347
	speed: 0.1313s/iter; left time: 61338.2764s
	iters: 1000, epoch: 9 | loss: 0.5679380
	speed: 0.1316s/iter; left time: 61436.7680s
	iters: 1100, epoch: 9 | loss: 0.5351020
	speed: 0.1323s/iter; left time: 61747.6206s
	iters: 1200, epoch: 9 | loss: 0.5170582
	speed: 0.1318s/iter; left time: 61522.2433s
	iters: 1300, epoch: 9 | loss: 0.5575116
	speed: 0.1316s/iter; left time: 61397.4812s
	iters: 1400, epoch: 9 | loss: 0.5754169
	speed: 0.1315s/iter; left time: 61335.8294s
	iters: 1500, epoch: 9 | loss: 0.5434306
	speed: 0.1316s/iter; left time: 61367.6561s
	iters: 1600, epoch: 9 | loss: 0.6023594
	speed: 0.1319s/iter; left time: 61511.0440s
	iters: 1700, epoch: 9 | loss: 0.5262891
	speed: 0.1312s/iter; left time: 61154.5523s
	iters: 1800, epoch: 9 | loss: 0.5341309
	speed: 0.1313s/iter; left time: 61192.7071s
	iters: 1900, epoch: 9 | loss: 0.5141875
	speed: 0.1314s/iter; left time: 61240.7515s
	iters: 2000, epoch: 9 | loss: 0.5360549
	speed: 0.1310s/iter; left time: 61020.1694s
	iters: 2100, epoch: 9 | loss: 0.5745141
	speed: 0.1319s/iter; left time: 61426.6295s
	iters: 2200, epoch: 9 | loss: 0.5562760
	speed: 0.1318s/iter; left time: 61369.0614s
	iters: 2300, epoch: 9 | loss: 0.5580932
	speed: 0.1319s/iter; left time: 61409.4800s
	iters: 2400, epoch: 9 | loss: 0.5370055
	speed: 0.1323s/iter; left time: 61577.3495s
Epoch: 9 cost time: 320.72217321395874
Epoch: 9, Steps: 2437 | Train Loss: 0.5552843 Vali Loss: 0.9784409 Test Loss: 1.1448847
EarlyStopping counter: 5 out of 5
Early stopping
>>>>>>>testing : long_term_forecast_pems05_all_96_96_Autoformer_custom_ftM_sl96_ll48_pl192_dm128_nh8_el2_dl1_df2048_fc3_ebtimeF_dtTrue_srate0.1_sseed7_trainseed2024_Exp_0<<<<<<<<<<<<<<<<<<<<<<<<<<<<<<<<<
test 147619
test shape: (14761, 1, 192, 103) (14761, 1, 192, 103)
test shape: (14761, 192, 103) (14761, 192, 103)
mse:1.0631717443466187, mae:0.8085533380508423
>>>>>>>Overall time: 5212 seconds<<<<<<<<<<<<<<<<<<<<<<<<<<<<<<<<<
