Args in experiment:
Namespace(activation='gelu', anomaly_ratio=0.25, batch_size=32, c_out=103, checkpoints='./checkpoints/', d_ff=2048, d_layers=1, d_model=128, data='custom', data_path='pems05_all_common_flow.csv', dec_in=103, des='Exp', devices='0,1,2,3', distil=True, dropout=0, e_layers=2, embed='timeF', enc_in=103, factor=3, features='M', freq='h', gap_day=730, gpu=0, inverse=False, is_training=1, itr=1, label_len=48, learning_rate=0.0005, loss='MSE', lradj='type3', mask_rate=0.25, model='Autoformer', model_id='pems05_all_96_720', moving_avg=25, n_heads=8, num_kernels=6, num_workers=10, output_attention=False, p_hidden_dims=[128, 128], p_hidden_layers=2, patience=5, pred_len=720, root_path='../../data/pems/', samle_rate=0.1, sample_seed=7, seasonal_patterns='Monthly', seq_len=96, target='OT', task_name='long_term_forecast', top_k=5, train_epochs=200, train_seed=2024, use_amp=False, use_gpu=True, use_multi_gpu=False)
Use GPU: cuda:0
>>>>>>>start training : long_term_forecast_pems05_all_96_720_Autoformer_custom_ftM_sl96_ll48_pl720_dm128_nh8_el2_dl1_df2048_fc3_ebtimeF_dtTrue_srate0.1_sseed7_trainseed2024_gap730_Exp_0>>>>>>>>>>>>>>>>>>>>>>>>>>
train 547735
val 41972
test 41971
	iters: 100, epoch: 1 | loss: 1.2752612
	speed: 0.2990s/iter; left time: 102272.7912s
	iters: 200, epoch: 1 | loss: 1.2048216
	speed: 0.2990s/iter; left time: 102251.0537s
	iters: 300, epoch: 1 | loss: 1.1418053
	speed: 0.2999s/iter; left time: 102543.7430s
	iters: 400, epoch: 1 | loss: 1.2125883
	speed: 0.2985s/iter; left time: 102034.9186s
	iters: 500, epoch: 1 | loss: 1.0913298
	speed: 0.2991s/iter; left time: 102191.2295s
	iters: 600, epoch: 1 | loss: 1.0960858
	speed: 0.2987s/iter; left time: 102023.7777s
	iters: 700, epoch: 1 | loss: 1.0909750
	speed: 0.2987s/iter; left time: 101992.7585s
	iters: 800, epoch: 1 | loss: 0.9159604
	speed: 0.2987s/iter; left time: 101972.1773s
	iters: 900, epoch: 1 | loss: 0.9447267
	speed: 0.2985s/iter; left time: 101885.3218s
	iters: 1000, epoch: 1 | loss: 0.9594627
	speed: 0.2982s/iter; left time: 101730.9006s
	iters: 1100, epoch: 1 | loss: 0.8517621
	speed: 0.2990s/iter; left time: 102000.7889s
	iters: 1200, epoch: 1 | loss: 1.0103261
	speed: 0.2986s/iter; left time: 101818.5112s
	iters: 1300, epoch: 1 | loss: 1.0109618
	speed: 0.2983s/iter; left time: 101705.7035s
	iters: 1400, epoch: 1 | loss: 0.8912559
	speed: 0.2983s/iter; left time: 101662.0341s
	iters: 1500, epoch: 1 | loss: 0.9891757
	speed: 0.2996s/iter; left time: 102090.4265s
	iters: 1600, epoch: 1 | loss: 0.9792671
	speed: 0.2982s/iter; left time: 101556.2138s
	iters: 1700, epoch: 1 | loss: 0.8530122
	speed: 0.2985s/iter; left time: 101652.9172s
Epoch: 1 cost time: 511.49276471138
Epoch: 1, Steps: 1711 | Train Loss: 1.0423839 Vali Loss: 1.2316794 Test Loss: 1.3536389
Validation loss decreased (inf --> 1.231679).  Saving model ...
	iters: 100, epoch: 2 | loss: 0.9715396
	speed: 0.9680s/iter; left time: 329491.5192s
	iters: 200, epoch: 2 | loss: 0.8883230
	speed: 0.2986s/iter; left time: 101602.6687s
	iters: 300, epoch: 2 | loss: 0.9490514
	speed: 0.2990s/iter; left time: 101716.3894s
	iters: 400, epoch: 2 | loss: 0.8777151
	speed: 0.2989s/iter; left time: 101652.3711s
	iters: 500, epoch: 2 | loss: 1.0123768
	speed: 0.2990s/iter; left time: 101662.0393s
	iters: 600, epoch: 2 | loss: 0.8937050
	speed: 0.2994s/iter; left time: 101758.6416s
	iters: 700, epoch: 2 | loss: 0.8022071
	speed: 0.2988s/iter; left time: 101537.1454s
	iters: 800, epoch: 2 | loss: 0.8216838
	speed: 0.2990s/iter; left time: 101572.8054s
	iters: 900, epoch: 2 | loss: 0.9244373
	speed: 0.2991s/iter; left time: 101582.4307s
	iters: 1000, epoch: 2 | loss: 0.8708307
	speed: 0.2986s/iter; left time: 101360.9437s
	iters: 1100, epoch: 2 | loss: 0.8513777
	speed: 0.3034s/iter; left time: 102972.3919s
	iters: 1200, epoch: 2 | loss: 0.8167958
	speed: 0.3048s/iter; left time: 103426.1114s
	iters: 1300, epoch: 2 | loss: 0.7774385
	speed: 0.3044s/iter; left time: 103255.3882s
	iters: 1400, epoch: 2 | loss: 0.7862289
	speed: 0.2945s/iter; left time: 99870.1317s
	iters: 1500, epoch: 2 | loss: 0.7993276
	speed: 0.2935s/iter; left time: 99500.4377s
	iters: 1600, epoch: 2 | loss: 0.8368824
	speed: 0.2941s/iter; left time: 99670.1849s
	iters: 1700, epoch: 2 | loss: 0.8821311
	speed: 0.2932s/iter; left time: 99321.6335s
Epoch: 2 cost time: 511.0433015823364
Epoch: 2, Steps: 1711 | Train Loss: 0.8459273 Vali Loss: 1.1602548 Test Loss: 1.2050267
Validation loss decreased (1.231679 --> 1.160255).  Saving model ...
	iters: 100, epoch: 3 | loss: 0.7864478
	speed: 0.9626s/iter; left time: 326002.5703s
	iters: 200, epoch: 3 | loss: 0.6956542
	speed: 0.2941s/iter; left time: 99576.1415s
	iters: 300, epoch: 3 | loss: 0.7545524
	speed: 0.2945s/iter; left time: 99676.6200s
	iters: 400, epoch: 3 | loss: 0.7592407
	speed: 0.2937s/iter; left time: 99370.5415s
	iters: 500, epoch: 3 | loss: 0.8244384
	speed: 0.2943s/iter; left time: 99558.0238s
	iters: 600, epoch: 3 | loss: 0.7549708
	speed: 0.2943s/iter; left time: 99518.9048s
	iters: 700, epoch: 3 | loss: 0.7274756
	speed: 0.2942s/iter; left time: 99476.2852s
	iters: 800, epoch: 3 | loss: 0.7333857
	speed: 0.2955s/iter; left time: 99884.7613s
	iters: 900, epoch: 3 | loss: 0.7766277
	speed: 0.2943s/iter; left time: 99436.1941s
	iters: 1000, epoch: 3 | loss: 0.6966918
	speed: 0.2938s/iter; left time: 99233.8510s
	iters: 1100, epoch: 3 | loss: 0.6958718
	speed: 0.2940s/iter; left time: 99292.3047s
	iters: 1200, epoch: 3 | loss: 0.8183571
	speed: 0.2939s/iter; left time: 99210.7734s
	iters: 1300, epoch: 3 | loss: 0.7307959
	speed: 0.2939s/iter; left time: 99194.2744s
	iters: 1400, epoch: 3 | loss: 0.6580626
	speed: 0.2940s/iter; left time: 99180.9804s
	iters: 1500, epoch: 3 | loss: 0.7223328
	speed: 0.2939s/iter; left time: 99139.6632s
	iters: 1600, epoch: 3 | loss: 0.7892604
	speed: 0.2942s/iter; left time: 99209.0224s
	iters: 1700, epoch: 3 | loss: 0.7829301
	speed: 0.2946s/iter; left time: 99288.0714s
Epoch: 3 cost time: 503.5446572303772
Epoch: 3, Steps: 1711 | Train Loss: 0.7712443 Vali Loss: 1.1787314 Test Loss: 1.2304910
EarlyStopping counter: 1 out of 5
	iters: 100, epoch: 4 | loss: 0.7452842
	speed: 0.9623s/iter; left time: 324259.0667s
	iters: 200, epoch: 4 | loss: 0.7346796
	speed: 0.2954s/iter; left time: 99511.8351s
	iters: 300, epoch: 4 | loss: 0.7102904
	speed: 0.2941s/iter; left time: 99038.1530s
	iters: 400, epoch: 4 | loss: 0.7021783
	speed: 0.2960s/iter; left time: 99655.9262s
	iters: 500, epoch: 4 | loss: 0.7150607
	speed: 0.2945s/iter; left time: 99115.7952s
	iters: 600, epoch: 4 | loss: 0.7129374
	speed: 0.2957s/iter; left time: 99496.8515s
	iters: 700, epoch: 4 | loss: 0.7448186
	speed: 0.2945s/iter; left time: 99052.6653s
	iters: 800, epoch: 4 | loss: 0.6968349
	speed: 0.2949s/iter; left time: 99151.5626s
	iters: 900, epoch: 4 | loss: 0.7604440
	speed: 0.2943s/iter; left time: 98938.6356s
	iters: 1000, epoch: 4 | loss: 0.7616242
	speed: 0.2945s/iter; left time: 98974.8858s
	iters: 1100, epoch: 4 | loss: 0.8384746
	speed: 0.2949s/iter; left time: 99070.2051s
	iters: 1200, epoch: 4 | loss: 0.6464554
	speed: 0.2943s/iter; left time: 98840.9982s
	iters: 1300, epoch: 4 | loss: 0.6355944
	speed: 0.3019s/iter; left time: 101359.8161s
	iters: 1400, epoch: 4 | loss: 0.6846458
	speed: 0.3043s/iter; left time: 102131.7794s
	iters: 1500, epoch: 4 | loss: 0.6357024
	speed: 0.3037s/iter; left time: 101915.2206s
	iters: 1600, epoch: 4 | loss: 0.6802579
	speed: 0.2971s/iter; left time: 99658.8009s
	iters: 1700, epoch: 4 | loss: 0.7079584
	speed: 0.2938s/iter; left time: 98520.3460s
Epoch: 4 cost time: 507.2532846927643
Epoch: 4, Steps: 1711 | Train Loss: 0.7157174 Vali Loss: 1.0580409 Test Loss: 1.1045250
Validation loss decreased (1.160255 --> 1.058041).  Saving model ...
	iters: 100, epoch: 5 | loss: 0.7409067
	speed: 0.9630s/iter; left time: 322858.5281s
	iters: 200, epoch: 5 | loss: 0.7032821
	speed: 0.2938s/iter; left time: 98473.6617s
	iters: 300, epoch: 5 | loss: 0.6267200
	speed: 0.2947s/iter; left time: 98744.2026s
	iters: 400, epoch: 5 | loss: 0.6572392
	speed: 0.2943s/iter; left time: 98586.5533s
	iters: 500, epoch: 5 | loss: 0.6243512
	speed: 0.2956s/iter; left time: 98990.5766s
	iters: 600, epoch: 5 | loss: 0.6132186
	speed: 0.2939s/iter; left time: 98391.1995s
	iters: 700, epoch: 5 | loss: 0.6155187
	speed: 0.2952s/iter; left time: 98797.7797s
	iters: 800, epoch: 5 | loss: 0.6011841
	speed: 0.2948s/iter; left time: 98629.5876s
	iters: 900, epoch: 5 | loss: 0.6729058
	speed: 0.2947s/iter; left time: 98564.2675s
	iters: 1000, epoch: 5 | loss: 0.6470336
	speed: 0.2938s/iter; left time: 98248.7413s
	iters: 1100, epoch: 5 | loss: 0.6697320
	speed: 0.2956s/iter; left time: 98798.6786s
	iters: 1200, epoch: 5 | loss: 0.6251247
	speed: 0.2943s/iter; left time: 98335.1028s
	iters: 1300, epoch: 5 | loss: 0.6296127
	speed: 0.2952s/iter; left time: 98616.3327s
	iters: 1400, epoch: 5 | loss: 0.6946185
	speed: 0.2942s/iter; left time: 98266.4601s
	iters: 1500, epoch: 5 | loss: 0.6500041
	speed: 0.2951s/iter; left time: 98515.4736s
	iters: 1600, epoch: 5 | loss: 0.6059749
	speed: 0.2945s/iter; left time: 98288.8847s
	iters: 1700, epoch: 5 | loss: 0.6255484
	speed: 0.2949s/iter; left time: 98396.9894s
Epoch: 5 cost time: 504.3617043495178
Epoch: 5, Steps: 1711 | Train Loss: 0.6555894 Vali Loss: 1.1381319 Test Loss: 1.2263359
EarlyStopping counter: 1 out of 5
	iters: 100, epoch: 6 | loss: 0.6301540
	speed: 0.9614s/iter; left time: 320675.7005s
	iters: 200, epoch: 6 | loss: 0.6937216
	speed: 0.2953s/iter; left time: 98452.5164s
	iters: 300, epoch: 6 | loss: 0.6281143
	speed: 0.2952s/iter; left time: 98393.3198s
	iters: 400, epoch: 6 | loss: 0.6215685
	speed: 0.2938s/iter; left time: 97921.1685s
	iters: 500, epoch: 6 | loss: 0.6245310
	speed: 0.2939s/iter; left time: 97915.4906s
	iters: 600, epoch: 6 | loss: 0.5961903
	speed: 0.2938s/iter; left time: 97853.6850s
	iters: 700, epoch: 6 | loss: 0.5740242
	speed: 0.2946s/iter; left time: 98083.8485s
	iters: 800, epoch: 6 | loss: 0.6444596
	speed: 0.2946s/iter; left time: 98048.0675s
	iters: 900, epoch: 6 | loss: 0.6031111
	speed: 0.2945s/iter; left time: 97990.5112s
	iters: 1000, epoch: 6 | loss: 0.5961810
	speed: 0.2946s/iter; left time: 98012.8794s
	iters: 1100, epoch: 6 | loss: 0.5682278
	speed: 0.2942s/iter; left time: 97834.4261s
	iters: 1200, epoch: 6 | loss: 0.5271376
	speed: 0.2950s/iter; left time: 98085.3361s
	iters: 1300, epoch: 6 | loss: 0.6469545
	speed: 0.2935s/iter; left time: 97552.1313s
	iters: 1400, epoch: 6 | loss: 0.5923104
	speed: 0.2937s/iter; left time: 97564.2970s
	iters: 1500, epoch: 6 | loss: 0.5132700
	speed: 0.2938s/iter; left time: 97581.2698s
	iters: 1600, epoch: 6 | loss: 0.5436177
	speed: 0.2939s/iter; left time: 97579.4603s
	iters: 1700, epoch: 6 | loss: 0.5790882
	speed: 0.2944s/iter; left time: 97736.2682s
Epoch: 6 cost time: 503.7126955986023
Epoch: 6, Steps: 1711 | Train Loss: 0.6048778 Vali Loss: 1.1019417 Test Loss: 1.1649636
EarlyStopping counter: 2 out of 5
	iters: 100, epoch: 7 | loss: 0.5576434
	speed: 0.9630s/iter; left time: 319547.9971s
	iters: 200, epoch: 7 | loss: 0.6018009
	speed: 0.2945s/iter; left time: 97702.3775s
	iters: 300, epoch: 7 | loss: 0.6017520
	speed: 0.2946s/iter; left time: 97712.6288s
	iters: 400, epoch: 7 | loss: 0.5999398
	speed: 0.2943s/iter; left time: 97564.6145s
	iters: 500, epoch: 7 | loss: 0.5882674
	speed: 0.2957s/iter; left time: 98004.0231s
	iters: 600, epoch: 7 | loss: 0.5881717
	speed: 0.2940s/iter; left time: 97410.5841s
	iters: 700, epoch: 7 | loss: 0.6153864
	speed: 0.2942s/iter; left time: 97457.5362s
	iters: 800, epoch: 7 | loss: 0.6696357
	speed: 0.2991s/iter; left time: 99041.2101s
	iters: 900, epoch: 7 | loss: 0.5320604
	speed: 0.3021s/iter; left time: 100013.4043s
	iters: 1000, epoch: 7 | loss: 0.5314000
	speed: 0.2940s/iter; left time: 97305.2319s
	iters: 1100, epoch: 7 | loss: 0.8719134
	speed: 0.2945s/iter; left time: 97440.8280s
	iters: 1200, epoch: 7 | loss: 0.5022762
	speed: 0.2953s/iter; left time: 97654.6061s
	iters: 1300, epoch: 7 | loss: 0.5407795
	speed: 0.2941s/iter; left time: 97249.2047s
	iters: 1400, epoch: 7 | loss: 0.6100852
	speed: 0.2948s/iter; left time: 97441.7693s
	iters: 1500, epoch: 7 | loss: 0.6023242
	speed: 0.2947s/iter; left time: 97371.5086s
	iters: 1600, epoch: 7 | loss: 0.5680348
	speed: 0.2950s/iter; left time: 97436.9026s
	iters: 1700, epoch: 7 | loss: 0.5409924
	speed: 0.2941s/iter; left time: 97127.7488s
Epoch: 7 cost time: 505.41589283943176
Epoch: 7, Steps: 1711 | Train Loss: 0.5866590 Vali Loss: 1.1281093 Test Loss: 1.2182808
EarlyStopping counter: 3 out of 5
	iters: 100, epoch: 8 | loss: 0.5718246
	speed: 0.9657s/iter; left time: 318791.9903s
	iters: 200, epoch: 8 | loss: 0.5313646
	speed: 0.3027s/iter; left time: 99913.7718s
	iters: 300, epoch: 8 | loss: 0.5509080
	speed: 0.3046s/iter; left time: 100494.8065s
	iters: 400, epoch: 8 | loss: 0.5715108
	speed: 0.3041s/iter; left time: 100313.2518s
	iters: 500, epoch: 8 | loss: 0.5939257
	speed: 0.2963s/iter; left time: 97709.1306s
	iters: 600, epoch: 8 | loss: 0.5703745
	speed: 0.2944s/iter; left time: 97056.5685s
	iters: 700, epoch: 8 | loss: 0.5230588
	speed: 0.2977s/iter; left time: 98107.7373s
	iters: 800, epoch: 8 | loss: 0.5030636
	speed: 0.2939s/iter; left time: 96824.7276s
	iters: 900, epoch: 8 | loss: 0.5684685
	speed: 0.2983s/iter; left time: 98225.2071s
	iters: 1000, epoch: 8 | loss: 0.4977109
	speed: 0.2984s/iter; left time: 98240.5512s
	iters: 1100, epoch: 8 | loss: 0.5909926
	speed: 0.2988s/iter; left time: 98348.1101s
	iters: 1200, epoch: 8 | loss: 0.5769415
	speed: 0.2985s/iter; left time: 98214.7917s
	iters: 1300, epoch: 8 | loss: 0.6504958
	speed: 0.2989s/iter; left time: 98325.7207s
	iters: 1400, epoch: 8 | loss: 0.5667088
	speed: 0.2988s/iter; left time: 98257.6816s
	iters: 1500, epoch: 8 | loss: 0.5865942
	speed: 0.2989s/iter; left time: 98262.1544s
	iters: 1600, epoch: 8 | loss: 0.5570152
	speed: 0.2986s/iter; left time: 98125.5732s
	iters: 1700, epoch: 8 | loss: 0.7952046
	speed: 0.2987s/iter; left time: 98120.8485s
Epoch: 8 cost time: 511.48435521125793
Epoch: 8, Steps: 1711 | Train Loss: 0.5805069 Vali Loss: 0.9848300 Test Loss: 1.0165551
Validation loss decreased (1.058041 --> 0.984830).  Saving model ...
	iters: 100, epoch: 9 | loss: 0.5887767
	speed: 0.9672s/iter; left time: 317646.1941s
	iters: 200, epoch: 9 | loss: 0.5258131
	speed: 0.2986s/iter; left time: 98021.5377s
	iters: 300, epoch: 9 | loss: 0.5665525
	speed: 0.2984s/iter; left time: 97943.7451s
	iters: 400, epoch: 9 | loss: 0.5799012
	speed: 0.2988s/iter; left time: 98028.3507s
	iters: 500, epoch: 9 | loss: 0.5738347
	speed: 0.2986s/iter; left time: 97954.1731s
	iters: 600, epoch: 9 | loss: 0.5721982
	speed: 0.2984s/iter; left time: 97856.9116s
	iters: 700, epoch: 9 | loss: 0.5810859
	speed: 0.2981s/iter; left time: 97707.8122s
	iters: 800, epoch: 9 | loss: 0.5150424
	speed: 0.2991s/iter; left time: 98023.3700s
	iters: 900, epoch: 9 | loss: 0.5456511
	speed: 0.2988s/iter; left time: 97887.1413s
	iters: 1000, epoch: 9 | loss: 0.5415093
	speed: 0.2987s/iter; left time: 97827.2386s
	iters: 1100, epoch: 9 | loss: 0.5478925
	speed: 0.2988s/iter; left time: 97832.0344s
	iters: 1200, epoch: 9 | loss: 0.5346097
	speed: 0.2991s/iter; left time: 97910.5677s
	iters: 1300, epoch: 9 | loss: 0.5093217
	speed: 0.2989s/iter; left time: 97812.6123s
	iters: 1400, epoch: 9 | loss: 0.5538755
	speed: 0.2990s/iter; left time: 97798.8526s
	iters: 1500, epoch: 9 | loss: 0.6247205
	speed: 0.2988s/iter; left time: 97723.9944s
	iters: 1600, epoch: 9 | loss: 0.5604116
	speed: 0.2988s/iter; left time: 97691.7739s
	iters: 1700, epoch: 9 | loss: 0.5440554
	speed: 0.2988s/iter; left time: 97651.5160s
Epoch: 9 cost time: 511.29548358917236
Epoch: 9, Steps: 1711 | Train Loss: 0.5609104 Vali Loss: 1.0084858 Test Loss: 1.0304065
EarlyStopping counter: 1 out of 5
	iters: 100, epoch: 10 | loss: 0.5457423
	speed: 0.9641s/iter; left time: 314985.6727s
	iters: 200, epoch: 10 | loss: 0.5390724
	speed: 0.2950s/iter; left time: 96352.2185s
	iters: 300, epoch: 10 | loss: 0.5226185
	speed: 0.2956s/iter; left time: 96524.7273s
	iters: 400, epoch: 10 | loss: 0.6006321
	speed: 0.2984s/iter; left time: 97409.1946s
	iters: 500, epoch: 10 | loss: 0.5296711
	speed: 0.2991s/iter; left time: 97591.7379s
	iters: 600, epoch: 10 | loss: 0.5327854
	speed: 0.2979s/iter; left time: 97168.1671s
	iters: 700, epoch: 10 | loss: 0.5488520
	speed: 0.2978s/iter; left time: 97124.6909s
	iters: 800, epoch: 10 | loss: 0.5693922
	speed: 0.2985s/iter; left time: 97296.4131s
	iters: 900, epoch: 10 | loss: 0.5362515
	speed: 0.2982s/iter; left time: 97170.8913s
	iters: 1000, epoch: 10 | loss: 0.5290889
	speed: 0.2982s/iter; left time: 97158.8440s
	iters: 1100, epoch: 10 | loss: 0.5298263
	speed: 0.2975s/iter; left time: 96896.8428s
	iters: 1200, epoch: 10 | loss: 0.5542346
	speed: 0.3003s/iter; left time: 97784.5553s
	iters: 1300, epoch: 10 | loss: 0.5258673
	speed: 0.3001s/iter; left time: 97698.3337s
	iters: 1400, epoch: 10 | loss: 0.8891054
	speed: 0.2992s/iter; left time: 97373.5552s
	iters: 1500, epoch: 10 | loss: 0.5683362
	speed: 0.3021s/iter; left time: 98286.3313s
	iters: 1600, epoch: 10 | loss: 0.4872819
	speed: 0.2983s/iter; left time: 97015.7618s
	iters: 1700, epoch: 10 | loss: 0.5543154
	speed: 0.3039s/iter; left time: 98795.8558s
Epoch: 10 cost time: 510.84795594215393
Epoch: 10, Steps: 1711 | Train Loss: 0.5500510 Vali Loss: 1.0278993 Test Loss: 1.0806063
EarlyStopping counter: 2 out of 5
	iters: 100, epoch: 11 | loss: 0.5041793
	speed: 0.9727s/iter; left time: 316108.9052s
	iters: 200, epoch: 11 | loss: 0.5246041
	speed: 0.2945s/iter; left time: 95690.7785s
	iters: 300, epoch: 11 | loss: 0.5793656
	speed: 0.2949s/iter; left time: 95781.8029s
	iters: 400, epoch: 11 | loss: 0.5585836
	speed: 0.2944s/iter; left time: 95583.1767s
	iters: 500, epoch: 11 | loss: 0.5083814
	speed: 0.2945s/iter; left time: 95597.2177s
	iters: 600, epoch: 11 | loss: 0.4741228
	speed: 0.2947s/iter; left time: 95614.9817s
	iters: 700, epoch: 11 | loss: 0.6135715
	speed: 0.2945s/iter; left time: 95524.0907s
	iters: 800, epoch: 11 | loss: 0.5312132
	speed: 0.2948s/iter; left time: 95606.6673s
	iters: 900, epoch: 11 | loss: 0.5090682
	speed: 0.2943s/iter; left time: 95409.8057s
	iters: 1000, epoch: 11 | loss: 0.5213338
	speed: 0.2945s/iter; left time: 95452.4625s
	iters: 1100, epoch: 11 | loss: 0.5142234
	speed: 0.2951s/iter; left time: 95603.9059s
	iters: 1200, epoch: 11 | loss: 0.5272592
	speed: 0.2950s/iter; left time: 95535.0702s
	iters: 1300, epoch: 11 | loss: 0.4941107
	speed: 0.2945s/iter; left time: 95370.1955s
	iters: 1400, epoch: 11 | loss: 0.5805684
	speed: 0.2944s/iter; left time: 95288.8086s
	iters: 1500, epoch: 11 | loss: 0.5241047
	speed: 0.2947s/iter; left time: 95367.9584s
	iters: 1600, epoch: 11 | loss: 0.5098810
	speed: 0.2946s/iter; left time: 95310.2869s
	iters: 1700, epoch: 11 | loss: 0.4884225
	speed: 0.2949s/iter; left time: 95369.7276s
Epoch: 11 cost time: 505.008531332016
Epoch: 11, Steps: 1711 | Train Loss: 0.5527196 Vali Loss: 0.9502013 Test Loss: 1.0058112
Validation loss decreased (0.984830 --> 0.950201).  Saving model ...
	iters: 100, epoch: 12 | loss: 0.5089437
	speed: 0.9674s/iter; left time: 312728.8979s
	iters: 200, epoch: 12 | loss: 0.5936440
	speed: 0.2946s/iter; left time: 95224.8527s
	iters: 300, epoch: 12 | loss: 0.4691039
	speed: 0.2950s/iter; left time: 95303.1926s
	iters: 400, epoch: 12 | loss: 0.5100925
	speed: 0.2950s/iter; left time: 95265.6573s
	iters: 500, epoch: 12 | loss: 0.4823310
	speed: 0.2945s/iter; left time: 95089.5928s
	iters: 600, epoch: 12 | loss: 0.5310822
	speed: 0.2939s/iter; left time: 94871.1850s
	iters: 700, epoch: 12 | loss: 0.5117126
	speed: 0.2938s/iter; left time: 94806.1301s
	iters: 800, epoch: 12 | loss: 0.4947374
	speed: 0.2950s/iter; left time: 95156.2194s
	iters: 900, epoch: 12 | loss: 0.5363349
	speed: 0.2942s/iter; left time: 94887.3126s
	iters: 1000, epoch: 12 | loss: 0.5634551
	speed: 0.2944s/iter; left time: 94897.3290s
	iters: 1100, epoch: 12 | loss: 0.5076164
	speed: 0.2941s/iter; left time: 94779.3242s
	iters: 1200, epoch: 12 | loss: 0.6004445
	speed: 0.2943s/iter; left time: 94832.6904s
	iters: 1300, epoch: 12 | loss: 0.5244143
	speed: 0.2946s/iter; left time: 94893.0975s
	iters: 1400, epoch: 12 | loss: 0.5428353
	speed: 0.2949s/iter; left time: 94941.9163s
	iters: 1500, epoch: 12 | loss: 0.4869760
	speed: 0.2946s/iter; left time: 94814.1004s
	iters: 1600, epoch: 12 | loss: 0.5463600
	speed: 0.2948s/iter; left time: 94868.3185s
	iters: 1700, epoch: 12 | loss: 0.5527696
	speed: 0.2950s/iter; left time: 94880.0249s
Epoch: 12 cost time: 504.1273720264435
Epoch: 12, Steps: 1711 | Train Loss: 0.5406847 Vali Loss: 0.8974696 Test Loss: 0.9355993
Validation loss decreased (0.950201 --> 0.897470).  Saving model ...
	iters: 100, epoch: 13 | loss: 0.5254114
	speed: 0.9645s/iter; left time: 310158.3048s
	iters: 200, epoch: 13 | loss: 0.4866919
	speed: 0.2971s/iter; left time: 95496.9603s
	iters: 300, epoch: 13 | loss: 0.5188047
	speed: 0.2998s/iter; left time: 96338.3781s
	iters: 400, epoch: 13 | loss: 0.5386031
	speed: 0.3037s/iter; left time: 97567.9342s
	iters: 500, epoch: 13 | loss: 0.5341379
	speed: 0.3001s/iter; left time: 96395.7760s
	iters: 600, epoch: 13 | loss: 0.5599741
	speed: 0.3044s/iter; left time: 97731.7220s
	iters: 700, epoch: 13 | loss: 0.4724493
	speed: 0.3010s/iter; left time: 96622.6822s
	iters: 800, epoch: 13 | loss: 0.7017442
	speed: 0.2971s/iter; left time: 95316.0732s
	iters: 900, epoch: 13 | loss: 0.6899410
	speed: 0.2981s/iter; left time: 95627.5917s
	iters: 1000, epoch: 13 | loss: 0.6728594
	speed: 0.3000s/iter; left time: 96212.3377s
	iters: 1100, epoch: 13 | loss: 0.6061185
	speed: 0.2977s/iter; left time: 95439.3520s
	iters: 1200, epoch: 13 | loss: 0.5641214
	speed: 0.2994s/iter; left time: 95951.0960s
	iters: 1300, epoch: 13 | loss: 0.6288060
	speed: 0.3042s/iter; left time: 97453.3093s
	iters: 1400, epoch: 13 | loss: 0.5366192
	speed: 0.2999s/iter; left time: 96037.8005s
	iters: 1500, epoch: 13 | loss: 0.6520634
	speed: 0.2994s/iter; left time: 95857.6820s
	iters: 1600, epoch: 13 | loss: 0.5893511
	speed: 0.3040s/iter; left time: 97296.8327s
	iters: 1700, epoch: 13 | loss: 0.6225670
	speed: 0.3046s/iter; left time: 97457.3777s
Epoch: 13 cost time: 513.8795030117035
Epoch: 13, Steps: 1711 | Train Loss: 0.6014812 Vali Loss: 0.9922410 Test Loss: 1.1678394
EarlyStopping counter: 1 out of 5
	iters: 100, epoch: 14 | loss: 0.5997176
	speed: 0.9663s/iter; left time: 309069.5980s
	iters: 200, epoch: 14 | loss: 0.6236193
	speed: 0.2978s/iter; left time: 95235.2298s
	iters: 300, epoch: 14 | loss: 0.5766205
	speed: 0.2992s/iter; left time: 95654.4257s
	iters: 400, epoch: 14 | loss: 0.6041909
	speed: 0.2969s/iter; left time: 94892.3525s
	iters: 500, epoch: 14 | loss: 0.6012558
	speed: 0.2984s/iter; left time: 95317.2787s
	iters: 600, epoch: 14 | loss: 0.6030501
	speed: 0.2976s/iter; left time: 95033.0412s
	iters: 700, epoch: 14 | loss: 0.7108666
	speed: 0.2981s/iter; left time: 95160.4729s
	iters: 800, epoch: 14 | loss: 0.5616858
	speed: 0.2978s/iter; left time: 95039.2113s
	iters: 900, epoch: 14 | loss: 0.5757269
	speed: 0.2973s/iter; left time: 94868.2926s
	iters: 1000, epoch: 14 | loss: 0.5644717
	speed: 0.2984s/iter; left time: 95187.3422s
	iters: 1100, epoch: 14 | loss: 0.5678444
	speed: 0.2980s/iter; left time: 95016.3723s
	iters: 1200, epoch: 14 | loss: 0.6546226
	speed: 0.3020s/iter; left time: 96258.4609s
	iters: 1300, epoch: 14 | loss: 0.7183114
	speed: 0.3031s/iter; left time: 96594.2007s
	iters: 1400, epoch: 14 | loss: 0.5813426
	speed: 0.2985s/iter; left time: 95092.9159s
	iters: 1500, epoch: 14 | loss: 0.5722623
	speed: 0.2979s/iter; left time: 94861.5860s
	iters: 1600, epoch: 14 | loss: 0.5907189
	speed: 0.2981s/iter; left time: 94893.1047s
	iters: 1700, epoch: 14 | loss: 0.5736132
	speed: 0.2980s/iter; left time: 94854.4805s
Epoch: 14 cost time: 510.9549551010132
Epoch: 14, Steps: 1711 | Train Loss: 0.5994813 Vali Loss: 0.8517036 Test Loss: 0.9732799
Validation loss decreased (0.897470 --> 0.851704).  Saving model ...
	iters: 100, epoch: 15 | loss: 0.5684837
	speed: 0.9625s/iter; left time: 306203.8505s
	iters: 200, epoch: 15 | loss: 0.5669192
	speed: 0.2944s/iter; left time: 93637.5055s
	iters: 300, epoch: 15 | loss: 0.5696920
	speed: 0.2995s/iter; left time: 95224.6104s
	iters: 400, epoch: 15 | loss: 0.5890378
	speed: 0.3036s/iter; left time: 96493.2079s
	iters: 500, epoch: 15 | loss: 0.5510378
	speed: 0.3042s/iter; left time: 96660.4944s
	iters: 600, epoch: 15 | loss: 0.6017753
	speed: 0.3039s/iter; left time: 96537.5706s
	iters: 700, epoch: 15 | loss: 0.5436320
	speed: 0.3040s/iter; left time: 96522.5761s
	iters: 800, epoch: 15 | loss: 0.5794988
	speed: 0.3038s/iter; left time: 96432.0600s
	iters: 900, epoch: 15 | loss: 0.5718802
	speed: 0.3037s/iter; left time: 96388.5183s
	iters: 1000, epoch: 15 | loss: 0.6010064
	speed: 0.3036s/iter; left time: 96315.7827s
	iters: 1100, epoch: 15 | loss: 0.5960876
	speed: 0.3039s/iter; left time: 96386.1252s
	iters: 1200, epoch: 15 | loss: 0.5853146
	speed: 0.3038s/iter; left time: 96321.6335s
	iters: 1300, epoch: 15 | loss: 0.5549009
	speed: 0.3035s/iter; left time: 96196.4950s
	iters: 1400, epoch: 15 | loss: 0.5843589
	speed: 0.3034s/iter; left time: 96142.2893s
	iters: 1500, epoch: 15 | loss: 0.5490422
	speed: 0.3039s/iter; left time: 96263.2250s
	iters: 1600, epoch: 15 | loss: 0.5215217
	speed: 0.3038s/iter; left time: 96200.1115s
	iters: 1700, epoch: 15 | loss: 0.5515352
	speed: 0.3037s/iter; left time: 96146.7407s
Epoch: 15 cost time: 517.5351626873016
Epoch: 15, Steps: 1711 | Train Loss: 0.5836254 Vali Loss: 0.8982297 Test Loss: 1.0457838
EarlyStopping counter: 1 out of 5
	iters: 100, epoch: 16 | loss: 0.5645089
	speed: 0.9727s/iter; left time: 307798.4582s
	iters: 200, epoch: 16 | loss: 0.5591927
	speed: 0.3036s/iter; left time: 96049.8076s
	iters: 300, epoch: 16 | loss: 0.5649041
	speed: 0.3037s/iter; left time: 96039.5059s
	iters: 400, epoch: 16 | loss: 0.5790164
	speed: 0.3035s/iter; left time: 95942.4013s
	iters: 500, epoch: 16 | loss: 0.5473498
	speed: 0.3036s/iter; left time: 95957.9539s
	iters: 600, epoch: 16 | loss: 0.5930497
	speed: 0.3039s/iter; left time: 96009.8375s
	iters: 700, epoch: 16 | loss: 0.6950332
	speed: 0.3034s/iter; left time: 95821.5548s
	iters: 800, epoch: 16 | loss: 0.5993385
	speed: 0.3046s/iter; left time: 96182.4862s
	iters: 900, epoch: 16 | loss: 0.5376670
	speed: 0.3034s/iter; left time: 95760.9204s
	iters: 1000, epoch: 16 | loss: 0.5317798
	speed: 0.3040s/iter; left time: 95919.0587s
	iters: 1100, epoch: 16 | loss: 0.5548338
	speed: 0.3039s/iter; left time: 95868.3047s
	iters: 1200, epoch: 16 | loss: 0.7111707
	speed: 0.3038s/iter; left time: 95799.6395s
	iters: 1300, epoch: 16 | loss: 0.6099555
	speed: 0.3043s/iter; left time: 95935.1799s
	iters: 1400, epoch: 16 | loss: 0.5569279
	speed: 0.3042s/iter; left time: 95855.3223s
	iters: 1500, epoch: 16 | loss: 0.5317864
	speed: 0.3035s/iter; left time: 95612.1879s
	iters: 1600, epoch: 16 | loss: 0.5356365
	speed: 0.3036s/iter; left time: 95611.5125s
	iters: 1700, epoch: 16 | loss: 0.5701400
	speed: 0.3035s/iter; left time: 95567.4500s
Epoch: 16 cost time: 519.9011566638947
Epoch: 16, Steps: 1711 | Train Loss: 0.5692095 Vali Loss: 0.8496413 Test Loss: 0.9699169
Validation loss decreased (0.851704 --> 0.849641).  Saving model ...
	iters: 100, epoch: 17 | loss: 0.6014752
	speed: 0.9638s/iter; left time: 303338.3229s
	iters: 200, epoch: 17 | loss: 0.5468479
	speed: 0.2940s/iter; left time: 92502.2895s
	iters: 300, epoch: 17 | loss: 0.5739261
	speed: 0.2938s/iter; left time: 92414.0774s
	iters: 400, epoch: 17 | loss: 0.5284166
	speed: 0.2935s/iter; left time: 92277.9199s
	iters: 500, epoch: 17 | loss: 0.5063255
	speed: 0.2948s/iter; left time: 92659.7749s
	iters: 600, epoch: 17 | loss: 0.5017422
	speed: 0.2953s/iter; left time: 92796.4522s
	iters: 700, epoch: 17 | loss: 0.5222923
	speed: 0.2979s/iter; left time: 93584.3606s
	iters: 800, epoch: 17 | loss: 0.7323940
	speed: 0.2976s/iter; left time: 93459.5098s
	iters: 900, epoch: 17 | loss: 0.5674978
	speed: 0.2978s/iter; left time: 93488.2264s
	iters: 1000, epoch: 17 | loss: 0.5558598
	speed: 0.2986s/iter; left time: 93707.5199s
	iters: 1100, epoch: 17 | loss: 0.5417007
	speed: 0.2964s/iter; left time: 92977.7398s
	iters: 1200, epoch: 17 | loss: 0.5031357
	speed: 0.2960s/iter; left time: 92839.8804s
	iters: 1300, epoch: 17 | loss: 0.5478170
	speed: 0.2979s/iter; left time: 93404.3777s
	iters: 1400, epoch: 17 | loss: 0.5614729
	speed: 0.2978s/iter; left time: 93350.2880s
	iters: 1500, epoch: 17 | loss: 0.5391974
	speed: 0.2964s/iter; left time: 92855.6192s
	iters: 1600, epoch: 17 | loss: 0.5067414
	speed: 0.2979s/iter; left time: 93310.5795s
	iters: 1700, epoch: 17 | loss: 0.5353124
	speed: 0.2978s/iter; left time: 93245.9575s
Epoch: 17 cost time: 507.32376766204834
Epoch: 17, Steps: 1711 | Train Loss: 0.5621608 Vali Loss: 0.8862540 Test Loss: 1.0329837
EarlyStopping counter: 1 out of 5
	iters: 100, epoch: 18 | loss: 0.4966667
	speed: 0.9651s/iter; left time: 302074.8006s
	iters: 200, epoch: 18 | loss: 0.5415850
	speed: 0.2952s/iter; left time: 92376.3913s
	iters: 300, epoch: 18 | loss: 0.5548546
	speed: 0.2945s/iter; left time: 92113.9986s
	iters: 400, epoch: 18 | loss: 0.5379445
	speed: 0.2943s/iter; left time: 92039.3002s
	iters: 500, epoch: 18 | loss: 0.5221812
	speed: 0.2941s/iter; left time: 91931.3845s
	iters: 600, epoch: 18 | loss: 0.5392615
	speed: 0.2943s/iter; left time: 91963.6171s
	iters: 700, epoch: 18 | loss: 0.5149016
	speed: 0.2962s/iter; left time: 92536.7576s
	iters: 800, epoch: 18 | loss: 0.5283050
	speed: 0.2960s/iter; left time: 92447.3079s
	iters: 900, epoch: 18 | loss: 0.5496461
	speed: 0.2970s/iter; left time: 92730.7820s
	iters: 1000, epoch: 18 | loss: 0.5852079
	speed: 0.2953s/iter; left time: 92175.6074s
	iters: 1100, epoch: 18 | loss: 0.6026458
	speed: 0.2984s/iter; left time: 93119.0088s
	iters: 1200, epoch: 18 | loss: 0.5478904
	speed: 0.3036s/iter; left time: 94700.3324s
	iters: 1300, epoch: 18 | loss: 0.5330642
	speed: 0.3036s/iter; left time: 94662.8881s
	iters: 1400, epoch: 18 | loss: 0.5143025
	speed: 0.2981s/iter; left time: 92918.5699s
	iters: 1500, epoch: 18 | loss: 0.5465381
	speed: 0.3037s/iter; left time: 94645.6128s
	iters: 1600, epoch: 18 | loss: 0.5082155
	speed: 0.3032s/iter; left time: 94454.7982s
	iters: 1700, epoch: 18 | loss: 0.5848540
	speed: 0.2992s/iter; left time: 93177.9268s
Epoch: 18 cost time: 509.65474367141724
Epoch: 18, Steps: 1711 | Train Loss: 0.5374421 Vali Loss: 0.8480643 Test Loss: 0.9627931
Validation loss decreased (0.849641 --> 0.848064).  Saving model ...
	iters: 100, epoch: 19 | loss: 0.5554058
	speed: 0.9640s/iter; left time: 300084.0730s
	iters: 200, epoch: 19 | loss: 0.5368230
	speed: 0.2943s/iter; left time: 91578.3065s
	iters: 300, epoch: 19 | loss: 0.5306307
	speed: 0.2943s/iter; left time: 91545.8775s
	iters: 400, epoch: 19 | loss: 0.5060464
	speed: 0.2946s/iter; left time: 91612.4808s
	iters: 500, epoch: 19 | loss: 0.5107350
	speed: 0.3005s/iter; left time: 93436.8067s
	iters: 600, epoch: 19 | loss: 0.5098114
	speed: 0.2938s/iter; left time: 91326.2018s
	iters: 700, epoch: 19 | loss: 0.5159897
	speed: 0.2936s/iter; left time: 91208.0591s
	iters: 800, epoch: 19 | loss: 0.5196641
	speed: 0.2945s/iter; left time: 91487.4195s
	iters: 900, epoch: 19 | loss: 0.4840166
	speed: 0.2942s/iter; left time: 91342.5880s
	iters: 1000, epoch: 19 | loss: 0.5594372
	speed: 0.2938s/iter; left time: 91193.8278s
	iters: 1100, epoch: 19 | loss: 0.5113187
	speed: 0.2943s/iter; left time: 91312.1878s
	iters: 1200, epoch: 19 | loss: 0.5083588
	speed: 0.2938s/iter; left time: 91149.0823s
	iters: 1300, epoch: 19 | loss: 0.5518997
	speed: 0.2946s/iter; left time: 91344.1595s
	iters: 1400, epoch: 19 | loss: 0.5354795
	speed: 0.3027s/iter; left time: 93837.5806s
	iters: 1500, epoch: 19 | loss: 0.4836277
	speed: 0.3034s/iter; left time: 94037.9722s
	iters: 1600, epoch: 19 | loss: 0.4919755
	speed: 0.3038s/iter; left time: 94116.5260s
	iters: 1700, epoch: 19 | loss: 0.5935511
	speed: 0.2952s/iter; left time: 91432.8783s
Epoch: 19 cost time: 507.03878903388977
Epoch: 19, Steps: 1711 | Train Loss: 0.5339565 Vali Loss: 0.9616044 Test Loss: 1.1147593
EarlyStopping counter: 1 out of 5
	iters: 100, epoch: 20 | loss: 0.6097130
	speed: 0.9654s/iter; left time: 298868.5163s
	iters: 200, epoch: 20 | loss: 0.5418438
	speed: 0.2987s/iter; left time: 92437.9675s
	iters: 300, epoch: 20 | loss: 0.5265864
	speed: 0.2987s/iter; left time: 92401.3246s
	iters: 400, epoch: 20 | loss: 0.5257735
	speed: 0.2984s/iter; left time: 92277.6009s
	iters: 500, epoch: 20 | loss: 0.4844663
	speed: 0.2982s/iter; left time: 92198.7491s
	iters: 600, epoch: 20 | loss: 0.5722106
	speed: 0.3013s/iter; left time: 93125.7552s
	iters: 700, epoch: 20 | loss: 0.6126500
	speed: 0.3036s/iter; left time: 93822.6420s
	iters: 800, epoch: 20 | loss: 0.4822855
	speed: 0.3035s/iter; left time: 93740.1663s
	iters: 900, epoch: 20 | loss: 0.5102301
	speed: 0.3016s/iter; left time: 93127.0160s
	iters: 1000, epoch: 20 | loss: 0.5064531
	speed: 0.2959s/iter; left time: 91355.6959s
	iters: 1100, epoch: 20 | loss: 0.5454487
	speed: 0.2985s/iter; left time: 92102.0349s
	iters: 1200, epoch: 20 | loss: 0.5485234
	speed: 0.2998s/iter; left time: 92476.7145s
	iters: 1300, epoch: 20 | loss: 0.5612597
	speed: 0.2983s/iter; left time: 91989.9688s
	iters: 1400, epoch: 20 | loss: 0.4889553
	speed: 0.2989s/iter; left time: 92158.5012s
	iters: 1500, epoch: 20 | loss: 0.5296590
	speed: 0.3038s/iter; left time: 93631.2290s
	iters: 1600, epoch: 20 | loss: 0.5142947
	speed: 0.2981s/iter; left time: 91830.9181s
	iters: 1700, epoch: 20 | loss: 0.5465521
	speed: 0.3012s/iter; left time: 92767.9919s
Epoch: 20 cost time: 513.1048858165741
Epoch: 20, Steps: 1711 | Train Loss: 0.5330459 Vali Loss: 0.8366592 Test Loss: 0.9737355
Validation loss decreased (0.848064 --> 0.836659).  Saving model ...
	iters: 100, epoch: 21 | loss: 0.5482141
	speed: 0.9686s/iter; left time: 298198.8179s
	iters: 200, epoch: 21 | loss: 0.5483073
	speed: 0.2998s/iter; left time: 92259.4231s
	iters: 300, epoch: 21 | loss: 0.5087491
	speed: 0.3001s/iter; left time: 92339.7798s
	iters: 400, epoch: 21 | loss: 0.5190497
	speed: 0.2995s/iter; left time: 92105.4844s
	iters: 500, epoch: 21 | loss: 0.4955122
	speed: 0.2998s/iter; left time: 92170.2819s
	iters: 600, epoch: 21 | loss: 0.5445061
	speed: 0.2997s/iter; left time: 92130.9343s
	iters: 700, epoch: 21 | loss: 0.5198941
	speed: 0.3001s/iter; left time: 92224.0077s
	iters: 800, epoch: 21 | loss: 0.5039873
	speed: 0.2995s/iter; left time: 91996.1499s
	iters: 900, epoch: 21 | loss: 0.5412322
	speed: 0.2994s/iter; left time: 91936.1127s
	iters: 1000, epoch: 21 | loss: 0.5293511
	speed: 0.2997s/iter; left time: 92009.7202s
	iters: 1100, epoch: 21 | loss: 0.5776868
	speed: 0.2997s/iter; left time: 91980.5870s
	iters: 1200, epoch: 21 | loss: 0.5501283
	speed: 0.2993s/iter; left time: 91822.6482s
	iters: 1300, epoch: 21 | loss: 0.5254828
	speed: 0.2993s/iter; left time: 91783.3214s
	iters: 1400, epoch: 21 | loss: 0.5213842
	speed: 0.2995s/iter; left time: 91818.8358s
	iters: 1500, epoch: 21 | loss: 0.5127587
	speed: 0.2996s/iter; left time: 91819.2606s
	iters: 1600, epoch: 21 | loss: 0.5072550
	speed: 0.2993s/iter; left time: 91700.9628s
	iters: 1700, epoch: 21 | loss: 0.5277852
	speed: 0.2999s/iter; left time: 91863.3709s
Epoch: 21 cost time: 512.8264639377594
Epoch: 21, Steps: 1711 | Train Loss: 0.5273299 Vali Loss: 0.9617970 Test Loss: 1.1399585
EarlyStopping counter: 1 out of 5
	iters: 100, epoch: 22 | loss: 0.4531434
	speed: 0.9636s/iter; left time: 295035.7757s
	iters: 200, epoch: 22 | loss: 0.4705695
	speed: 0.2940s/iter; left time: 89995.9210s
	iters: 300, epoch: 22 | loss: 0.5076348
	speed: 0.2940s/iter; left time: 89951.3111s
	iters: 400, epoch: 22 | loss: 0.5309160
	speed: 0.2941s/iter; left time: 89960.0412s
	iters: 500, epoch: 22 | loss: 0.4948218
	speed: 0.2942s/iter; left time: 89945.7702s
	iters: 600, epoch: 22 | loss: 0.5003288
	speed: 0.2948s/iter; left time: 90110.8215s
	iters: 700, epoch: 22 | loss: 0.4987897
	speed: 0.2936s/iter; left time: 89719.9823s
	iters: 800, epoch: 22 | loss: 0.5250857
	speed: 0.2942s/iter; left time: 89878.6744s
	iters: 900, epoch: 22 | loss: 0.5611122
	speed: 0.2939s/iter; left time: 89734.0491s
	iters: 1000, epoch: 22 | loss: 0.5074238
	speed: 0.2937s/iter; left time: 89665.6467s
	iters: 1100, epoch: 22 | loss: 0.5341343
	speed: 0.2938s/iter; left time: 89646.0827s
	iters: 1200, epoch: 22 | loss: 0.5009629
	speed: 0.2945s/iter; left time: 89853.3147s
	iters: 1300, epoch: 22 | loss: 0.4968188
	speed: 0.2941s/iter; left time: 89694.7769s
	iters: 1400, epoch: 22 | loss: 0.5706584
	speed: 0.2937s/iter; left time: 89552.0118s
	iters: 1500, epoch: 22 | loss: 0.4812102
	speed: 0.2940s/iter; left time: 89611.5445s
	iters: 1600, epoch: 22 | loss: 0.5204288
	speed: 0.3025s/iter; left time: 92173.2200s
	iters: 1700, epoch: 22 | loss: 0.5056601
	speed: 0.3000s/iter; left time: 91368.8477s
Epoch: 22 cost time: 504.8699371814728
Epoch: 22, Steps: 1711 | Train Loss: 0.5171644 Vali Loss: 0.8308623 Test Loss: 0.9747754
Validation loss decreased (0.836659 --> 0.830862).  Saving model ...
	iters: 100, epoch: 23 | loss: 0.5028397
	speed: 0.9757s/iter; left time: 297052.5133s
	iters: 200, epoch: 23 | loss: 0.4751914
	speed: 0.3047s/iter; left time: 92748.6091s
	iters: 300, epoch: 23 | loss: 0.5076357
	speed: 0.3042s/iter; left time: 92542.8941s
	iters: 400, epoch: 23 | loss: 0.5188679
	speed: 0.3039s/iter; left time: 92440.6159s
	iters: 500, epoch: 23 | loss: 0.4945456
	speed: 0.3045s/iter; left time: 92584.4426s
	iters: 600, epoch: 23 | loss: 0.5127745
	speed: 0.3045s/iter; left time: 92543.1226s
	iters: 700, epoch: 23 | loss: 0.4640864
	speed: 0.3038s/iter; left time: 92319.4389s
	iters: 800, epoch: 23 | loss: 0.4791366
	speed: 0.3043s/iter; left time: 92446.2415s
	iters: 900, epoch: 23 | loss: 0.4318782
	speed: 0.3046s/iter; left time: 92505.2906s
	iters: 1000, epoch: 23 | loss: 0.4821443
	speed: 0.3041s/iter; left time: 92325.8225s
	iters: 1100, epoch: 23 | loss: 0.4784513
	speed: 0.3043s/iter; left time: 92340.3535s
	iters: 1200, epoch: 23 | loss: 0.4673109
	speed: 0.3039s/iter; left time: 92205.3228s
	iters: 1300, epoch: 23 | loss: 0.4755863
	speed: 0.3040s/iter; left time: 92196.6506s
	iters: 1400, epoch: 23 | loss: 0.5097427
	speed: 0.3042s/iter; left time: 92208.3727s
	iters: 1500, epoch: 23 | loss: 0.5053076
	speed: 0.3044s/iter; left time: 92242.6922s
	iters: 1600, epoch: 23 | loss: 0.5245925
	speed: 0.3040s/iter; left time: 92107.2888s
	iters: 1700, epoch: 23 | loss: 0.5394434
	speed: 0.3038s/iter; left time: 92004.2119s
Epoch: 23 cost time: 520.6420745849609
Epoch: 23, Steps: 1711 | Train Loss: 0.5057910 Vali Loss: 0.8394823 Test Loss: 0.9657105
EarlyStopping counter: 1 out of 5
	iters: 100, epoch: 24 | loss: 0.4740785
	speed: 0.9682s/iter; left time: 293121.3677s
	iters: 200, epoch: 24 | loss: 0.5472251
	speed: 0.2941s/iter; left time: 89000.1651s
	iters: 300, epoch: 24 | loss: 0.5067450
	speed: 0.2944s/iter; left time: 89063.6574s
	iters: 400, epoch: 24 | loss: 0.5079374
	speed: 0.2940s/iter; left time: 88931.7444s
	iters: 500, epoch: 24 | loss: 0.5122614
	speed: 0.2944s/iter; left time: 89016.1539s
	iters: 600, epoch: 24 | loss: 0.5297867
	speed: 0.2947s/iter; left time: 89083.9939s
	iters: 700, epoch: 24 | loss: 0.5226142
	speed: 0.2956s/iter; left time: 89305.6651s
	iters: 800, epoch: 24 | loss: 0.5069668
	speed: 0.2947s/iter; left time: 89012.5188s
	iters: 900, epoch: 24 | loss: 0.5069669
	speed: 0.2944s/iter; left time: 88896.7907s
	iters: 1000, epoch: 24 | loss: 0.4982635
	speed: 0.2947s/iter; left time: 88962.5198s
	iters: 1100, epoch: 24 | loss: 0.4774467
	speed: 0.2947s/iter; left time: 88931.0364s
	iters: 1200, epoch: 24 | loss: 0.4855612
	speed: 0.2951s/iter; left time: 89008.6539s
	iters: 1300, epoch: 24 | loss: 0.4715858
	speed: 0.2951s/iter; left time: 89001.0197s
	iters: 1400, epoch: 24 | loss: 0.5018853
	speed: 0.2949s/iter; left time: 88898.2600s
	iters: 1500, epoch: 24 | loss: 0.4891044
	speed: 0.2946s/iter; left time: 88787.9159s
	iters: 1600, epoch: 24 | loss: 0.4771870
	speed: 0.2944s/iter; left time: 88692.1251s
	iters: 1700, epoch: 24 | loss: 0.4807618
	speed: 0.2949s/iter; left time: 88798.6965s
Epoch: 24 cost time: 504.29861545562744
Epoch: 24, Steps: 1711 | Train Loss: 0.4996871 Vali Loss: 0.9435748 Test Loss: 1.1038004
EarlyStopping counter: 2 out of 5
	iters: 100, epoch: 25 | loss: 0.4717430
	speed: 0.9648s/iter; left time: 290438.4701s
	iters: 200, epoch: 25 | loss: 0.5562682
	speed: 0.2940s/iter; left time: 88482.7701s
	iters: 300, epoch: 25 | loss: 0.4483084
	speed: 0.2944s/iter; left time: 88569.8450s
	iters: 400, epoch: 25 | loss: 0.5284876
	speed: 0.2973s/iter; left time: 89407.6962s
	iters: 500, epoch: 25 | loss: 0.4886099
	speed: 0.2963s/iter; left time: 89069.7501s
	iters: 600, epoch: 25 | loss: 0.4952388
	speed: 0.2976s/iter; left time: 89425.7570s
	iters: 700, epoch: 25 | loss: 0.4792967
	speed: 0.2955s/iter; left time: 88780.3747s
	iters: 800, epoch: 25 | loss: 0.4837659
	speed: 0.2949s/iter; left time: 88583.1970s
	iters: 900, epoch: 25 | loss: 0.5248045
	speed: 0.2944s/iter; left time: 88400.8410s
	iters: 1000, epoch: 25 | loss: 0.5317948
	speed: 0.2996s/iter; left time: 89930.0044s
	iters: 1100, epoch: 25 | loss: 0.4925437
	speed: 0.2992s/iter; left time: 89776.6439s
	iters: 1200, epoch: 25 | loss: 0.5522788
	speed: 0.3021s/iter; left time: 90618.0273s
	iters: 1300, epoch: 25 | loss: 0.5426788
	speed: 0.2941s/iter; left time: 88184.3610s
	iters: 1400, epoch: 25 | loss: 0.4969157
	speed: 0.2948s/iter; left time: 88359.9800s
	iters: 1500, epoch: 25 | loss: 0.5177239
	speed: 0.2987s/iter; left time: 89495.8722s
	iters: 1600, epoch: 25 | loss: 0.4770215
	speed: 0.3039s/iter; left time: 91016.2092s
	iters: 1700, epoch: 25 | loss: 0.5229101
	speed: 0.2942s/iter; left time: 88084.0646s
Epoch: 25 cost time: 507.8605148792267
Epoch: 25, Steps: 1711 | Train Loss: 0.4993472 Vali Loss: 0.8324004 Test Loss: 0.9944357
EarlyStopping counter: 3 out of 5
	iters: 100, epoch: 26 | loss: 0.5377284
	speed: 0.9673s/iter; left time: 289529.4882s
	iters: 200, epoch: 26 | loss: 0.5312741
	speed: 0.2956s/iter; left time: 88447.5463s
	iters: 300, epoch: 26 | loss: 0.5527769
	speed: 0.2945s/iter; left time: 88083.9870s
	iters: 400, epoch: 26 | loss: 0.5248235
	speed: 0.2953s/iter; left time: 88298.5714s
	iters: 500, epoch: 26 | loss: 0.5262535
	speed: 0.2955s/iter; left time: 88339.3935s
	iters: 600, epoch: 26 | loss: 0.5184484
	speed: 0.2951s/iter; left time: 88186.0896s
	iters: 700, epoch: 26 | loss: 0.5024708
	speed: 0.2945s/iter; left time: 87975.8213s
	iters: 800, epoch: 26 | loss: 0.5002863
	speed: 0.2942s/iter; left time: 87855.3045s
	iters: 900, epoch: 26 | loss: 0.5069479
	speed: 0.2950s/iter; left time: 88055.5608s
	iters: 1000, epoch: 26 | loss: 0.5002772
	speed: 0.2947s/iter; left time: 87936.5341s
	iters: 1100, epoch: 26 | loss: 0.4795293
	speed: 0.2947s/iter; left time: 87917.2968s
	iters: 1200, epoch: 26 | loss: 0.4983064
	speed: 0.2949s/iter; left time: 87934.3533s
	iters: 1300, epoch: 26 | loss: 0.4787773
	speed: 0.2946s/iter; left time: 87840.7388s
	iters: 1400, epoch: 26 | loss: 0.5013043
	speed: 0.2948s/iter; left time: 87858.1785s
	iters: 1500, epoch: 26 | loss: 0.4602910
	speed: 0.2948s/iter; left time: 87840.4641s
	iters: 1600, epoch: 26 | loss: 0.4680409
	speed: 0.2945s/iter; left time: 87712.3091s
	iters: 1700, epoch: 26 | loss: 0.4480895
	speed: 0.2942s/iter; left time: 87585.2142s
Epoch: 26 cost time: 504.5835802555084
Epoch: 26, Steps: 1711 | Train Loss: 0.5009995 Vali Loss: 0.9523283 Test Loss: 1.0795761
EarlyStopping counter: 4 out of 5
	iters: 100, epoch: 27 | loss: 0.4554803
	speed: 0.9685s/iter; left time: 288232.5299s
	iters: 200, epoch: 27 | loss: 0.4331267
	speed: 0.2987s/iter; left time: 88874.3965s
	iters: 300, epoch: 27 | loss: 0.4237558
	speed: 0.2936s/iter; left time: 87308.3765s
	iters: 400, epoch: 27 | loss: 0.4541384
	speed: 0.2952s/iter; left time: 87772.9546s
	iters: 500, epoch: 27 | loss: 0.4518329
	speed: 0.2982s/iter; left time: 88640.5622s
	iters: 600, epoch: 27 | loss: 0.4532813
	speed: 0.2997s/iter; left time: 89043.2242s
	iters: 700, epoch: 27 | loss: 0.4641064
	speed: 0.2999s/iter; left time: 89068.5272s
	iters: 800, epoch: 27 | loss: 0.4879463
	speed: 0.2995s/iter; left time: 88940.0506s
	iters: 900, epoch: 27 | loss: 0.4775977
	speed: 0.2972s/iter; left time: 88199.3597s
	iters: 1000, epoch: 27 | loss: 0.4637472
	speed: 0.3001s/iter; left time: 89056.8619s
	iters: 1100, epoch: 27 | loss: 0.4901134
	speed: 0.2998s/iter; left time: 88917.7184s
	iters: 1200, epoch: 27 | loss: 0.4584954
	speed: 0.2989s/iter; left time: 88642.0154s
	iters: 1300, epoch: 27 | loss: 0.4815044
	speed: 0.2931s/iter; left time: 86886.1614s
	iters: 1400, epoch: 27 | loss: 0.5003334
	speed: 0.2929s/iter; left time: 86782.4931s
	iters: 1500, epoch: 27 | loss: 0.4829512
	speed: 0.2934s/iter; left time: 86898.4593s
	iters: 1600, epoch: 27 | loss: 0.4744914
	speed: 0.2984s/iter; left time: 88368.7930s
	iters: 1700, epoch: 27 | loss: 0.4904274
	speed: 0.3000s/iter; left time: 88807.2623s
Epoch: 27 cost time: 509.25170493125916
Epoch: 27, Steps: 1711 | Train Loss: 0.4756073 Vali Loss: 0.8758984 Test Loss: 1.0440761
EarlyStopping counter: 5 out of 5
Early stopping
>>>>>>>testing : long_term_forecast_pems05_all_96_720_Autoformer_custom_ftM_sl96_ll48_pl720_dm128_nh8_el2_dl1_df2048_fc3_ebtimeF_dtTrue_srate0.1_sseed7_trainseed2024_gap730_Exp_0<<<<<<<<<<<<<<<<<<<<<<<<<<<<<<<<<
test 41971
test shape: (4197, 1, 720, 103) (4197, 1, 720, 103)
test shape: (4197, 720, 103) (4197, 720, 103)
mse:0.9747814536094666, mae:0.7289886474609375
>>>>>>>Overall time: 15580 seconds<<<<<<<<<<<<<<<<<<<<<<<<<<<<<<<<<
