Traceback (most recent call last):
  File "run.py", line 4, in <module>
    from exp.exp_long_term_forecasting import Exp_Long_Term_Forecast
  File "/g/data/hn98/du/exlts/ddd2/exp/exp_long_term_forecasting.py", line 2, in <module>
    from exp.exp_basic import Exp_Basic
  File "/g/data/hn98/du/exlts/ddd2/exp/exp_basic.py", line 3, in <module>
    from models import Autoformer, Transformer, TimesNet, Nonstationary_Transformer, DLinear, FEDformer, \
  File "/g/data/hn98/du/exlts/ddd2/models/Mamba.py", line 7, in <module>
    from mamba_ssm import Mamba
ModuleNotFoundError: No module named 'mamba_ssm'
Args in experiment:
Namespace(activation='gelu', anomaly_ratio=0.25, batch_size=32, c_out=1613, checkpoints='./checkpoints/', d_conv=4, d_ff=2048, d_layers=1, d_model=128, data='custom', data_path='pems07_all_filter10.csv', dec_in=1613, des='Exp', devices='0,1,2,3', distil=True, dropout=0, e_layers=2, embed='timeF', enc_in=1613, expand=2, factor=3, features='M', freq='h', gap_day=548, gpu=0, inverse=False, is_training=1, itr=1, label_len=48, learning_rate=0.0005, loss='MSE', lradj='type3', mask_rate=0.25, model='Autoformer', model_id='pems07_all_96_96', moving_avg=25, n_heads=8, num_kernels=6, num_workers=10, output_attention=False, p_hidden_dims=[128, 128], p_hidden_layers=2, patience=5, pred_len=96, root_path='../../data/pems/', samle_rate=0.1, sample_seed=7, seasonal_patterns='Monthly', seq_len=96, target='OT', task_name='long_term_forecast', top_k=5, train_epochs=200, train_seed=2024, use_amp=False, use_gpu=True, use_multi_gpu=False)
Use GPU: cuda:0
>>>>>>>start training : long_term_forecast_pems07_all_96_96_Autoformer_custom_ftM_sl96_ll48_pl96_dm128_nh8_el2_dl1_df2048_fc3_ebtimeF_dtTrue_srate0.1_sseed7_trainseed2024_gap548_Exp_0>>>>>>>>>>>>>>>>>>>>>>>>>>
train 1216753
val 300337
test 300337
	iters: 100, epoch: 1 | loss: 1.0927895
	speed: 0.1588s/iter; left time: 120733.2401s
	iters: 200, epoch: 1 | loss: 0.9034684
	speed: 0.1466s/iter; left time: 111439.6909s
	iters: 300, epoch: 1 | loss: 1.4457806
	speed: 0.1508s/iter; left time: 114646.1059s
	iters: 400, epoch: 1 | loss: 0.8868939
	speed: 0.1494s/iter; left time: 113562.3838s
	iters: 500, epoch: 1 | loss: 0.8995600
	speed: 0.1473s/iter; left time: 111921.5233s
	iters: 600, epoch: 1 | loss: 0.7809832
	speed: 0.1399s/iter; left time: 106331.6492s
	iters: 700, epoch: 1 | loss: 0.6558292
	speed: 0.1408s/iter; left time: 106936.9435s
	iters: 800, epoch: 1 | loss: 0.5923637
	speed: 0.1448s/iter; left time: 109992.4869s
	iters: 900, epoch: 1 | loss: 0.8056932
	speed: 0.1434s/iter; left time: 108942.9166s
	iters: 1000, epoch: 1 | loss: 0.7142836
	speed: 0.1424s/iter; left time: 108159.8081s
	iters: 1100, epoch: 1 | loss: 0.6630526
	speed: 0.1421s/iter; left time: 107881.3300s
	iters: 1200, epoch: 1 | loss: 0.5845534
	speed: 0.1409s/iter; left time: 106976.2586s
	iters: 1300, epoch: 1 | loss: 0.7452552
	speed: 0.1376s/iter; left time: 104473.9595s
	iters: 1400, epoch: 1 | loss: 0.6378632
	speed: 0.1376s/iter; left time: 104439.2179s
	iters: 1500, epoch: 1 | loss: 0.5430227
	speed: 0.1378s/iter; left time: 104597.1029s
	iters: 1600, epoch: 1 | loss: 0.5831159
	speed: 0.1381s/iter; left time: 104767.9429s
	iters: 1700, epoch: 1 | loss: 0.6738901
	speed: 0.1387s/iter; left time: 105194.8090s
	iters: 1800, epoch: 1 | loss: 0.7705731
	speed: 0.1537s/iter; left time: 116565.0123s
	iters: 1900, epoch: 1 | loss: 0.5879394
	speed: 0.1436s/iter; left time: 108896.6385s
	iters: 2000, epoch: 1 | loss: 0.6254371
	speed: 0.1378s/iter; left time: 104508.4423s
	iters: 2100, epoch: 1 | loss: 0.6582606
	speed: 0.1380s/iter; left time: 104621.8791s
	iters: 2200, epoch: 1 | loss: 0.6416335
	speed: 0.1378s/iter; left time: 104496.3921s
	iters: 2300, epoch: 1 | loss: 0.6926402
	speed: 0.1414s/iter; left time: 107176.1226s
	iters: 2400, epoch: 1 | loss: 0.6307337
	speed: 0.1454s/iter; left time: 110176.7201s
	iters: 2500, epoch: 1 | loss: 0.6467398
	speed: 0.1377s/iter; left time: 104353.6526s
	iters: 2600, epoch: 1 | loss: 0.5443499
	speed: 0.1379s/iter; left time: 104531.2391s
	iters: 2700, epoch: 1 | loss: 0.5570005
	speed: 0.1379s/iter; left time: 104476.7446s
	iters: 2800, epoch: 1 | loss: 0.5853024
	speed: 0.1381s/iter; left time: 104594.0292s
	iters: 2900, epoch: 1 | loss: 0.6621914
	speed: 0.1365s/iter; left time: 103376.5702s
	iters: 3000, epoch: 1 | loss: 0.6442231
	speed: 0.1377s/iter; left time: 104315.5287s
	iters: 3100, epoch: 1 | loss: 0.5819266
	speed: 0.1378s/iter; left time: 104333.7267s
	iters: 3200, epoch: 1 | loss: 0.5560678
	speed: 0.1378s/iter; left time: 104329.4673s
	iters: 3300, epoch: 1 | loss: 0.5127418
	speed: 0.1378s/iter; left time: 104348.4167s
	iters: 3400, epoch: 1 | loss: 0.6095163
	speed: 0.1378s/iter; left time: 104321.0328s
	iters: 3500, epoch: 1 | loss: 0.5007631
	speed: 0.1385s/iter; left time: 104861.3883s
	iters: 3600, epoch: 1 | loss: 0.5069353
	speed: 0.1380s/iter; left time: 104453.0158s
	iters: 3700, epoch: 1 | loss: 0.4874484
	speed: 0.1380s/iter; left time: 104393.6509s
	iters: 3800, epoch: 1 | loss: 0.5594653
	speed: 0.1383s/iter; left time: 104633.2294s
Epoch: 1 cost time: 537.1574347019196
Epoch: 1, Steps: 3802 | Train Loss: 0.6809390 Vali Loss: 0.8808290 Test Loss: 1.1908463
Validation loss decreased (inf --> 0.880829).  Saving model ...
	iters: 100, epoch: 2 | loss: 0.5785357
	speed: 5.2634s/iter; left time: 3981750.5359s
	iters: 200, epoch: 2 | loss: 0.4716342
	speed: 0.1452s/iter; left time: 109833.6558s
	iters: 300, epoch: 2 | loss: 0.5440391
	speed: 0.1465s/iter; left time: 110833.4472s
	iters: 400, epoch: 2 | loss: 0.5037565
	speed: 0.1441s/iter; left time: 108952.7372s
	iters: 500, epoch: 2 | loss: 0.6151603
	speed: 0.1440s/iter; left time: 108867.8246s
	iters: 600, epoch: 2 | loss: 0.5602687
	speed: 0.1456s/iter; left time: 110100.3933s
	iters: 700, epoch: 2 | loss: 0.5033485
	speed: 0.1463s/iter; left time: 110570.4693s
	iters: 800, epoch: 2 | loss: 0.5236657
	speed: 0.1459s/iter; left time: 110299.4670s
	iters: 900, epoch: 2 | loss: 0.5986509
	speed: 0.1455s/iter; left time: 109963.5533s
	iters: 1000, epoch: 2 | loss: 0.5360865
	speed: 0.1458s/iter; left time: 110146.3173s
	iters: 1100, epoch: 2 | loss: 0.5061722
	speed: 0.1459s/iter; left time: 110263.0817s
	iters: 1200, epoch: 2 | loss: 0.6421258
	speed: 0.1460s/iter; left time: 110322.9948s
	iters: 1300, epoch: 2 | loss: 0.5887536
	speed: 0.1461s/iter; left time: 110354.8790s
	iters: 1400, epoch: 2 | loss: 0.5415881
	speed: 0.1456s/iter; left time: 109970.7859s
	iters: 1500, epoch: 2 | loss: 0.5372575
	speed: 0.1456s/iter; left time: 109967.0438s
	iters: 1600, epoch: 2 | loss: 0.5402278
	speed: 0.1462s/iter; left time: 110390.0746s
	iters: 1700, epoch: 2 | loss: 0.4980592
	speed: 0.1458s/iter; left time: 110074.0790s
	iters: 1800, epoch: 2 | loss: 0.4992144
	speed: 0.1462s/iter; left time: 110330.0899s
	iters: 1900, epoch: 2 | loss: 0.5209748
	speed: 0.1458s/iter; left time: 109997.9248s
	iters: 2000, epoch: 2 | loss: 0.5365245
	speed: 0.1459s/iter; left time: 110123.7572s
	iters: 2100, epoch: 2 | loss: 0.4895440
	speed: 0.1460s/iter; left time: 110173.8346s
	iters: 2200, epoch: 2 | loss: 0.6186489
	speed: 0.1445s/iter; left time: 108982.3994s
	iters: 2300, epoch: 2 | loss: 0.4954216
	speed: 0.1426s/iter; left time: 107547.7366s
	iters: 2400, epoch: 2 | loss: 0.5228860
	speed: 0.1426s/iter; left time: 107523.6338s
	iters: 2500, epoch: 2 | loss: 0.5383210
	speed: 0.1420s/iter; left time: 107118.5901s
	iters: 2600, epoch: 2 | loss: 0.5098319
	speed: 0.1444s/iter; left time: 108907.8169s
	iters: 2700, epoch: 2 | loss: 0.5079763
	speed: 0.1461s/iter; left time: 110116.0765s
	iters: 2800, epoch: 2 | loss: 0.5447766
	speed: 0.1461s/iter; left time: 110161.5829s
	iters: 2900, epoch: 2 | loss: 0.4499474
	speed: 0.1458s/iter; left time: 109907.7953s
	iters: 3000, epoch: 2 | loss: 0.5389505
	speed: 0.1463s/iter; left time: 110241.8395s
	iters: 3100, epoch: 2 | loss: 0.4932765
	speed: 0.1461s/iter; left time: 110091.8638s
	iters: 3200, epoch: 2 | loss: 0.4677050
	speed: 0.1457s/iter; left time: 109738.0200s
	iters: 3300, epoch: 2 | loss: 0.4635358
	speed: 0.1461s/iter; left time: 110049.9733s
	iters: 3400, epoch: 2 | loss: 0.4607956
	speed: 0.1463s/iter; left time: 110203.6329s
	iters: 3500, epoch: 2 | loss: 0.5335873
	speed: 0.1463s/iter; left time: 110167.2810s
	iters: 3600, epoch: 2 | loss: 0.5717862
	speed: 0.1457s/iter; left time: 109695.2432s
	iters: 3700, epoch: 2 | loss: 0.4543218
	speed: 0.1459s/iter; left time: 109839.9450s
	iters: 3800, epoch: 2 | loss: 0.4829653
	speed: 0.1459s/iter; left time: 109844.8477s
Epoch: 2 cost time: 553.918771982193
Epoch: 2, Steps: 3802 | Train Loss: 0.5217558 Vali Loss: 0.9037184 Test Loss: 1.2425909
EarlyStopping counter: 1 out of 5
	iters: 100, epoch: 3 | loss: 0.5531265
	speed: 5.2165s/iter; left time: 3926418.3932s
	iters: 200, epoch: 3 | loss: 0.4821704
	speed: 0.1467s/iter; left time: 110433.2471s
	iters: 300, epoch: 3 | loss: 0.5004996
	speed: 0.1448s/iter; left time: 108946.7878s
	iters: 400, epoch: 3 | loss: 0.4269690
	speed: 0.1455s/iter; left time: 109463.3983s
	iters: 500, epoch: 3 | loss: 0.4382653
	speed: 0.1430s/iter; left time: 107545.8753s
	iters: 600, epoch: 3 | loss: 0.5026020
	speed: 0.1421s/iter; left time: 106875.2591s
	iters: 700, epoch: 3 | loss: 0.4669510
	speed: 0.1440s/iter; left time: 108296.0119s
	iters: 800, epoch: 3 | loss: 0.4539554
	speed: 0.1458s/iter; left time: 109667.6521s
	iters: 900, epoch: 3 | loss: 0.4481343
	speed: 0.1461s/iter; left time: 109820.1860s
	iters: 1000, epoch: 3 | loss: 0.5381557
	speed: 0.1467s/iter; left time: 110292.8309s
	iters: 1100, epoch: 3 | loss: 0.4619588
	speed: 0.1457s/iter; left time: 109514.7019s
	iters: 1200, epoch: 3 | loss: 0.4483644
	speed: 0.1460s/iter; left time: 109750.6865s
	iters: 1300, epoch: 3 | loss: 0.4385325
	speed: 0.1459s/iter; left time: 109616.8944s
	iters: 1400, epoch: 3 | loss: 0.4787435
	speed: 0.1459s/iter; left time: 109659.5812s
	iters: 1500, epoch: 3 | loss: 0.4687656
	speed: 0.1463s/iter; left time: 109919.0348s
	iters: 1600, epoch: 3 | loss: 0.5488964
	speed: 0.1462s/iter; left time: 109852.6983s
	iters: 1700, epoch: 3 | loss: 0.4686773
	speed: 0.1461s/iter; left time: 109708.2896s
	iters: 1800, epoch: 3 | loss: 0.4476497
	speed: 0.1459s/iter; left time: 109545.3980s
	iters: 1900, epoch: 3 | loss: 0.4309709
	speed: 0.1463s/iter; left time: 109851.2066s
	iters: 2000, epoch: 3 | loss: 0.4317244
	speed: 0.1461s/iter; left time: 109692.4612s
	iters: 2100, epoch: 3 | loss: 0.4558585
	speed: 0.1461s/iter; left time: 109663.1389s
	iters: 2200, epoch: 3 | loss: 0.4386991
	speed: 0.1460s/iter; left time: 109605.3003s
	iters: 2300, epoch: 3 | loss: 0.3970534
	speed: 0.1450s/iter; left time: 108796.1610s
	iters: 2400, epoch: 3 | loss: 0.4136574
	speed: 0.1421s/iter; left time: 106637.1122s
	iters: 2500, epoch: 3 | loss: 0.4307157
	speed: 0.1482s/iter; left time: 111219.0767s
	iters: 2600, epoch: 3 | loss: 0.4567221
	speed: 0.1467s/iter; left time: 110089.7621s
	iters: 2700, epoch: 3 | loss: 0.4401022
	speed: 0.1464s/iter; left time: 109816.3458s
	iters: 2800, epoch: 3 | loss: 0.4387750
	speed: 0.1461s/iter; left time: 109577.3987s
	iters: 2900, epoch: 3 | loss: 0.4397895
	speed: 0.1460s/iter; left time: 109512.2553s
	iters: 3000, epoch: 3 | loss: 0.4133006
	speed: 0.1460s/iter; left time: 109452.2345s
	iters: 3100, epoch: 3 | loss: 0.4490555
	speed: 0.1465s/iter; left time: 109823.8065s
	iters: 3200, epoch: 3 | loss: 0.3984825
	speed: 0.1464s/iter; left time: 109709.9136s
	iters: 3300, epoch: 3 | loss: 0.4079848
	speed: 0.1465s/iter; left time: 109798.5307s
	iters: 3400, epoch: 3 | loss: 0.4122456
	speed: 0.1460s/iter; left time: 109412.8082s
	iters: 3500, epoch: 3 | loss: 0.3947580
	speed: 0.1459s/iter; left time: 109358.7165s
	iters: 3600, epoch: 3 | loss: 0.3831736
	speed: 0.1459s/iter; left time: 109282.4433s
	iters: 3700, epoch: 3 | loss: 0.4401862
	speed: 0.1460s/iter; left time: 109358.1151s
	iters: 3800, epoch: 3 | loss: 0.4092519
	speed: 0.1461s/iter; left time: 109402.5979s
Epoch: 3 cost time: 554.9816024303436
Epoch: 3, Steps: 3802 | Train Loss: 0.4566403 Vali Loss: 0.9135743 Test Loss: 1.1834891
EarlyStopping counter: 2 out of 5
	iters: 100, epoch: 4 | loss: 0.4138875
	speed: 5.2422s/iter; left time: 3925824.3124s
	iters: 200, epoch: 4 | loss: 0.4200014
	speed: 0.1467s/iter; left time: 109841.9304s
	iters: 300, epoch: 4 | loss: 0.4249085
	speed: 0.1450s/iter; left time: 108564.7181s
	iters: 400, epoch: 4 | loss: 0.3698404
	speed: 0.1452s/iter; left time: 108685.9794s
	iters: 500, epoch: 4 | loss: 0.4129030
	speed: 0.1450s/iter; left time: 108507.6925s
	iters: 600, epoch: 4 | loss: 0.3892766
	speed: 0.1465s/iter; left time: 109653.2202s
	iters: 700, epoch: 4 | loss: 0.4168223
	speed: 0.1469s/iter; left time: 109904.2653s
	iters: 800, epoch: 4 | loss: 0.3757709
	speed: 0.1468s/iter; left time: 109812.0899s
	iters: 900, epoch: 4 | loss: 0.4180769
	speed: 0.1463s/iter; left time: 109443.4813s
	iters: 1000, epoch: 4 | loss: 0.4055640
	speed: 0.1462s/iter; left time: 109342.0627s
	iters: 1100, epoch: 4 | loss: 0.3915425
	speed: 0.1465s/iter; left time: 109546.4832s
	iters: 1200, epoch: 4 | loss: 0.3901107
	speed: 0.1470s/iter; left time: 109889.3769s
	iters: 1300, epoch: 4 | loss: 0.3760130
	speed: 0.1473s/iter; left time: 110105.9548s
	iters: 1400, epoch: 4 | loss: 0.3942690
	speed: 0.1469s/iter; left time: 109823.0160s
	iters: 1500, epoch: 4 | loss: 0.4004205
	speed: 0.1464s/iter; left time: 109408.6054s
	iters: 1600, epoch: 4 | loss: 0.4412127
	speed: 0.1466s/iter; left time: 109565.3884s
	iters: 1700, epoch: 4 | loss: 0.5208818
	speed: 0.1468s/iter; left time: 109672.9474s
	iters: 1800, epoch: 4 | loss: 0.4499451
	speed: 0.1465s/iter; left time: 109484.1256s
	iters: 1900, epoch: 4 | loss: 0.3927803
	speed: 0.1465s/iter; left time: 109483.3325s
	iters: 2000, epoch: 4 | loss: 0.4331445
	speed: 0.1467s/iter; left time: 109614.7197s
	iters: 2100, epoch: 4 | loss: 0.4245576
	speed: 0.1467s/iter; left time: 109543.9667s
	iters: 2200, epoch: 4 | loss: 0.4683212
	speed: 0.1467s/iter; left time: 109565.6828s
	iters: 2300, epoch: 4 | loss: 0.4153489
	speed: 0.1535s/iter; left time: 114652.1868s
	iters: 2400, epoch: 4 | loss: 0.4075924
	speed: 0.1537s/iter; left time: 114734.5856s
	iters: 2500, epoch: 4 | loss: 0.4082788
	speed: 0.1537s/iter; left time: 114727.4992s
	iters: 2600, epoch: 4 | loss: 0.4527855
	speed: 0.1535s/iter; left time: 114557.8937s
	iters: 2700, epoch: 4 | loss: 0.3478291
	speed: 0.1532s/iter; left time: 114323.2425s
	iters: 2800, epoch: 4 | loss: 0.3790198
	speed: 0.1531s/iter; left time: 114242.3794s
	iters: 2900, epoch: 4 | loss: 0.4106798
	speed: 0.1539s/iter; left time: 114848.7470s
	iters: 3000, epoch: 4 | loss: 0.4288216
	speed: 0.1535s/iter; left time: 114541.1686s
	iters: 3100, epoch: 4 | loss: 0.3866082
	speed: 0.1532s/iter; left time: 114276.1640s
	iters: 3200, epoch: 4 | loss: 0.3836723
	speed: 0.1532s/iter; left time: 114291.2793s
	iters: 3300, epoch: 4 | loss: 0.3901588
	speed: 0.1503s/iter; left time: 112110.2409s
	iters: 3400, epoch: 4 | loss: 0.3735580
	speed: 0.1480s/iter; left time: 110368.8722s
	iters: 3500, epoch: 4 | loss: 0.3914994
	speed: 0.1527s/iter; left time: 113827.2520s
	iters: 3600, epoch: 4 | loss: 0.3826287
	speed: 0.1535s/iter; left time: 114381.0816s
	iters: 3700, epoch: 4 | loss: 0.4375567
	speed: 0.1531s/iter; left time: 114091.3994s
	iters: 3800, epoch: 4 | loss: 0.3780371
	speed: 0.1528s/iter; left time: 113899.7766s
Epoch: 4 cost time: 568.3217086791992
Epoch: 4, Steps: 3802 | Train Loss: 0.4033023 Vali Loss: 0.8996701 Test Loss: 1.2088691
EarlyStopping counter: 3 out of 5
	iters: 100, epoch: 5 | loss: 0.3540805
	speed: 5.2419s/iter; left time: 3905696.9110s
	iters: 200, epoch: 5 | loss: 0.3806199
	speed: 0.1387s/iter; left time: 103301.6454s
	iters: 300, epoch: 5 | loss: 0.4032954
	speed: 0.1406s/iter; left time: 104723.3118s
	iters: 400, epoch: 5 | loss: 0.4396628
	speed: 0.1451s/iter; left time: 108085.8630s
	iters: 500, epoch: 5 | loss: 0.4839908
	speed: 0.1467s/iter; left time: 109254.3397s
	iters: 600, epoch: 5 | loss: 0.3514715
	speed: 0.1457s/iter; left time: 108451.0502s
	iters: 700, epoch: 5 | loss: 0.3845148
	speed: 0.1450s/iter; left time: 107950.8407s
	iters: 800, epoch: 5 | loss: 0.3473737
	speed: 0.1447s/iter; left time: 107750.5151s
	iters: 900, epoch: 5 | loss: 0.4050755
	speed: 0.1464s/iter; left time: 108962.5085s
	iters: 1000, epoch: 5 | loss: 0.3922080
	speed: 0.1467s/iter; left time: 109181.9568s
	iters: 1100, epoch: 5 | loss: 0.3523189
	speed: 0.1466s/iter; left time: 109114.8054s
	iters: 1200, epoch: 5 | loss: 0.3917112
	speed: 0.1465s/iter; left time: 108990.7979s
	iters: 1300, epoch: 5 | loss: 0.3501353
	speed: 0.1466s/iter; left time: 109072.9291s
	iters: 1400, epoch: 5 | loss: 0.3878742
	speed: 0.1460s/iter; left time: 108615.0361s
	iters: 1500, epoch: 5 | loss: 0.3739089
	speed: 0.1465s/iter; left time: 108915.1873s
	iters: 1600, epoch: 5 | loss: 0.3940551
	speed: 0.1466s/iter; left time: 109039.3201s
	iters: 1700, epoch: 5 | loss: 0.3763313
	speed: 0.1464s/iter; left time: 108868.9878s
	iters: 1800, epoch: 5 | loss: 0.4900663
	speed: 0.1462s/iter; left time: 108673.1290s
	iters: 1900, epoch: 5 | loss: 0.3629429
	speed: 0.1462s/iter; left time: 108652.7581s
	iters: 2000, epoch: 5 | loss: 0.3701112
	speed: 0.1463s/iter; left time: 108726.5126s
	iters: 2100, epoch: 5 | loss: 0.3767054
	speed: 0.1466s/iter; left time: 108902.7327s
	iters: 2200, epoch: 5 | loss: 0.3660145
	speed: 0.1463s/iter; left time: 108736.6730s
	iters: 2300, epoch: 5 | loss: 0.4328358
	speed: 0.1465s/iter; left time: 108823.6019s
	iters: 2400, epoch: 5 | loss: 0.3948410
	speed: 0.1466s/iter; left time: 108906.9527s
	iters: 2500, epoch: 5 | loss: 0.3871225
	speed: 0.1433s/iter; left time: 106432.8041s
	iters: 2600, epoch: 5 | loss: 0.3584729
	speed: 0.1427s/iter; left time: 105943.3617s
	iters: 2700, epoch: 5 | loss: 0.3527212
	speed: 0.1468s/iter; left time: 108993.7332s
	iters: 2800, epoch: 5 | loss: 0.3647119
	speed: 0.1464s/iter; left time: 108673.6610s
	iters: 2900, epoch: 5 | loss: 0.3949034
	speed: 0.1463s/iter; left time: 108574.1572s
	iters: 3000, epoch: 5 | loss: 0.3738752
	speed: 0.1464s/iter; left time: 108685.0481s
	iters: 3100, epoch: 5 | loss: 0.4169587
	speed: 0.1463s/iter; left time: 108532.0637s
	iters: 3200, epoch: 5 | loss: 0.4258533
	speed: 0.1464s/iter; left time: 108657.8304s
	iters: 3300, epoch: 5 | loss: 0.4426435
	speed: 0.1466s/iter; left time: 108745.5686s
	iters: 3400, epoch: 5 | loss: 0.4209207
	speed: 0.1468s/iter; left time: 108890.5545s
	iters: 3500, epoch: 5 | loss: 0.3875678
	speed: 0.1466s/iter; left time: 108756.8698s
	iters: 3600, epoch: 5 | loss: 0.3662080
	speed: 0.1464s/iter; left time: 108567.6654s
	iters: 3700, epoch: 5 | loss: 0.3515044
	speed: 0.1464s/iter; left time: 108533.0311s
	iters: 3800, epoch: 5 | loss: 0.3790535
	speed: 0.1464s/iter; left time: 108531.5416s
Epoch: 5 cost time: 554.417897939682
Epoch: 5, Steps: 3802 | Train Loss: 0.3846377 Vali Loss: 0.8829807 Test Loss: 1.2078439
EarlyStopping counter: 4 out of 5
	iters: 100, epoch: 6 | loss: 0.3557527
	speed: 5.2481s/iter; left time: 3890353.0686s
	iters: 200, epoch: 6 | loss: 0.3545246
	speed: 0.1433s/iter; left time: 106219.7241s
	iters: 300, epoch: 6 | loss: 0.3501511
	speed: 0.1456s/iter; left time: 107899.7288s
	iters: 400, epoch: 6 | loss: 0.3538168
	speed: 0.1444s/iter; left time: 106980.8707s
	iters: 500, epoch: 6 | loss: 0.3324930
	speed: 0.1454s/iter; left time: 107688.8890s
	iters: 600, epoch: 6 | loss: 0.3818041
	speed: 0.1479s/iter; left time: 109527.3788s
	iters: 700, epoch: 6 | loss: 0.3450127
	speed: 0.1504s/iter; left time: 111380.3559s
	iters: 800, epoch: 6 | loss: 0.3100474
	speed: 0.1462s/iter; left time: 108303.3503s
	iters: 900, epoch: 6 | loss: 0.3230418
	speed: 0.1461s/iter; left time: 108175.1027s
	iters: 1000, epoch: 6 | loss: 0.3672664
	speed: 0.1460s/iter; left time: 108116.4781s
	iters: 1100, epoch: 6 | loss: 0.3347469
	speed: 0.1458s/iter; left time: 107947.8535s
	iters: 1200, epoch: 6 | loss: 0.3348618
	speed: 0.1459s/iter; left time: 108017.1716s
	iters: 1300, epoch: 6 | loss: 0.3359693
	speed: 0.1458s/iter; left time: 107922.1466s
	iters: 1400, epoch: 6 | loss: 0.3351466
	speed: 0.1460s/iter; left time: 108050.3913s
	iters: 1500, epoch: 6 | loss: 0.3131187
	speed: 0.1443s/iter; left time: 106774.0724s
	iters: 1600, epoch: 6 | loss: 0.3377632
	speed: 0.1386s/iter; left time: 102508.6172s
	iters: 1700, epoch: 6 | loss: 0.3943964
	speed: 0.1383s/iter; left time: 102330.3845s
	iters: 1800, epoch: 6 | loss: 0.3239580
	speed: 0.1377s/iter; left time: 101836.7256s
	iters: 1900, epoch: 6 | loss: 0.3565777
	speed: 0.1385s/iter; left time: 102442.2624s
	iters: 2000, epoch: 6 | loss: 0.3737924
	speed: 0.1393s/iter; left time: 102985.2658s
	iters: 2100, epoch: 6 | loss: 0.3643417
	speed: 0.1382s/iter; left time: 102172.8112s
	iters: 2200, epoch: 6 | loss: 0.3484502
	speed: 0.1385s/iter; left time: 102350.7894s
	iters: 2300, epoch: 6 | loss: 0.3817607
	speed: 0.1383s/iter; left time: 102215.7015s
	iters: 2400, epoch: 6 | loss: 0.3603678
	speed: 0.1383s/iter; left time: 102203.5718s
	iters: 2500, epoch: 6 | loss: 0.3624501
	speed: 0.1384s/iter; left time: 102266.4528s
	iters: 2600, epoch: 6 | loss: 0.3206421
	speed: 0.1387s/iter; left time: 102471.6883s
	iters: 2700, epoch: 6 | loss: 0.3346150
	speed: 0.1384s/iter; left time: 102271.6300s
	iters: 2800, epoch: 6 | loss: 0.3605792
	speed: 0.1384s/iter; left time: 102220.7736s
	iters: 2900, epoch: 6 | loss: 0.3453702
	speed: 0.1382s/iter; left time: 102067.3877s
	iters: 3000, epoch: 6 | loss: 0.3227100
	speed: 0.1385s/iter; left time: 102237.0401s
	iters: 3100, epoch: 6 | loss: 0.3392242
	speed: 0.1384s/iter; left time: 102201.1668s
	iters: 3200, epoch: 6 | loss: 0.6770942
	speed: 0.1388s/iter; left time: 102456.3550s
	iters: 3300, epoch: 6 | loss: 0.3408066
	speed: 0.1383s/iter; left time: 102111.4182s
	iters: 3400, epoch: 6 | loss: 0.3439118
	speed: 0.1390s/iter; left time: 102562.2133s
	iters: 3500, epoch: 6 | loss: 0.3896250
	speed: 0.1361s/iter; left time: 100397.5511s
	iters: 3600, epoch: 6 | loss: 0.3880582
	speed: 0.1366s/iter; left time: 100776.3321s
	iters: 3700, epoch: 6 | loss: 0.3290311
	speed: 0.1383s/iter; left time: 102058.5335s
	iters: 3800, epoch: 6 | loss: 0.3504418
	speed: 0.1384s/iter; left time: 102068.7258s
Epoch: 6 cost time: 537.9413394927979
Epoch: 6, Steps: 3802 | Train Loss: 0.3510092 Vali Loss: 0.8695663 Test Loss: 1.1732262
Validation loss decreased (0.880829 --> 0.869566).  Saving model ...
	iters: 100, epoch: 7 | loss: 0.3255823
	speed: 5.2808s/iter; left time: 3894538.5500s
	iters: 200, epoch: 7 | loss: 0.3036027
	speed: 0.1469s/iter; left time: 108339.1655s
	iters: 300, epoch: 7 | loss: 0.3458213
	speed: 0.1472s/iter; left time: 108545.7775s
	iters: 400, epoch: 7 | loss: 0.3095369
	speed: 0.1445s/iter; left time: 106537.9050s
	iters: 500, epoch: 7 | loss: 0.3353572
	speed: 0.1447s/iter; left time: 106670.4666s
	iters: 600, epoch: 7 | loss: 0.3044238
	speed: 0.1450s/iter; left time: 106877.6956s
	iters: 700, epoch: 7 | loss: 0.3005387
	speed: 0.1468s/iter; left time: 108167.4981s
	iters: 800, epoch: 7 | loss: 0.3302950
	speed: 0.1464s/iter; left time: 107892.8871s
	iters: 900, epoch: 7 | loss: 0.3422528
	speed: 0.1469s/iter; left time: 108230.4515s
	iters: 1000, epoch: 7 | loss: 0.4321517
	speed: 0.1461s/iter; left time: 107608.6450s
	iters: 1100, epoch: 7 | loss: 0.3411705
	speed: 0.1465s/iter; left time: 107882.7630s
	iters: 1200, epoch: 7 | loss: 0.3349705
	speed: 0.1471s/iter; left time: 108351.5821s
	iters: 1300, epoch: 7 | loss: 0.3637405
	speed: 0.1467s/iter; left time: 108016.1791s
	iters: 1400, epoch: 7 | loss: 0.3452799
	speed: 0.1466s/iter; left time: 107898.6007s
	iters: 1500, epoch: 7 | loss: 0.3548668
	speed: 0.1460s/iter; left time: 107493.1575s
	iters: 1600, epoch: 7 | loss: 0.3529423
	speed: 0.1466s/iter; left time: 107913.7688s
	iters: 1700, epoch: 7 | loss: 0.3274648
	speed: 0.1465s/iter; left time: 107811.6798s
	iters: 1800, epoch: 7 | loss: 0.3174399
	speed: 0.1465s/iter; left time: 107768.9085s
	iters: 1900, epoch: 7 | loss: 0.3295221
	speed: 0.1465s/iter; left time: 107787.6040s
	iters: 2000, epoch: 7 | loss: 0.3377722
	speed: 0.1466s/iter; left time: 107871.1223s
	iters: 2100, epoch: 7 | loss: 0.3199412
	speed: 0.1466s/iter; left time: 107839.3274s
	iters: 2200, epoch: 7 | loss: 0.3233995
	speed: 0.1439s/iter; left time: 105825.2937s
	iters: 2300, epoch: 7 | loss: 0.3062404
	speed: 0.1467s/iter; left time: 107861.0890s
	iters: 2400, epoch: 7 | loss: 0.2988916
	speed: 0.1470s/iter; left time: 108055.8107s
	iters: 2500, epoch: 7 | loss: 0.3139240
	speed: 0.1463s/iter; left time: 107511.0128s
	iters: 2600, epoch: 7 | loss: 0.3231708
	speed: 0.1467s/iter; left time: 107823.1918s
	iters: 2700, epoch: 7 | loss: 0.3156601
	speed: 0.1460s/iter; left time: 107277.5004s
	iters: 2800, epoch: 7 | loss: 0.3049337
	speed: 0.1467s/iter; left time: 107793.5696s
	iters: 2900, epoch: 7 | loss: 0.3107197
	speed: 0.1466s/iter; left time: 107725.5501s
	iters: 3000, epoch: 7 | loss: 0.3084074
	speed: 0.1472s/iter; left time: 108127.9667s
	iters: 3100, epoch: 7 | loss: 0.2927190
	speed: 0.1460s/iter; left time: 107226.3521s
	iters: 3200, epoch: 7 | loss: 0.3101251
	speed: 0.1448s/iter; left time: 106357.3885s
	iters: 3300, epoch: 7 | loss: 0.3287410
	speed: 0.1465s/iter; left time: 107550.5366s
	iters: 3400, epoch: 7 | loss: 0.3006366
	speed: 0.1464s/iter; left time: 107463.1623s
	iters: 3500, epoch: 7 | loss: 0.2875445
	speed: 0.1467s/iter; left time: 107722.7106s
	iters: 3600, epoch: 7 | loss: 0.3165440
	speed: 0.1464s/iter; left time: 107424.5225s
	iters: 3700, epoch: 7 | loss: 0.2920070
	speed: 0.1470s/iter; left time: 107868.3084s
	iters: 3800, epoch: 7 | loss: 0.3320562
	speed: 0.1468s/iter; left time: 107731.9560s
Epoch: 7 cost time: 557.1110906600952
Epoch: 7, Steps: 3802 | Train Loss: 0.3226043 Vali Loss: 0.9254248 Test Loss: 1.1738273
EarlyStopping counter: 1 out of 5
	iters: 100, epoch: 8 | loss: 0.5772738
	speed: 5.2314s/iter; left time: 3838241.9791s
	iters: 200, epoch: 8 | loss: 0.5514315
	speed: 0.1429s/iter; left time: 104833.7359s
	iters: 300, epoch: 8 | loss: 0.5421404
	speed: 0.1416s/iter; left time: 103839.7516s
	iters: 400, epoch: 8 | loss: 0.4023978
	speed: 0.1392s/iter; left time: 102068.9505s
	iters: 500, epoch: 8 | loss: 0.3589228
	speed: 0.1417s/iter; left time: 103897.8434s
	iters: 600, epoch: 8 | loss: 0.3583527
	speed: 0.1441s/iter; left time: 105625.8587s
	iters: 700, epoch: 8 | loss: 0.3573138
	speed: 0.1445s/iter; left time: 105959.7203s
	iters: 800, epoch: 8 | loss: 0.3223243
	speed: 0.1441s/iter; left time: 105650.4047s
	iters: 900, epoch: 8 | loss: 0.3519083
	speed: 0.1444s/iter; left time: 105812.6959s
	iters: 1000, epoch: 8 | loss: 0.2911429
	speed: 0.1443s/iter; left time: 105771.5834s
	iters: 1100, epoch: 8 | loss: 0.3078610
	speed: 0.1448s/iter; left time: 106059.1799s
	iters: 1200, epoch: 8 | loss: 0.3099529
	speed: 0.1447s/iter; left time: 106035.8910s
	iters: 1300, epoch: 8 | loss: 0.3156884
	speed: 0.1447s/iter; left time: 106004.6289s
	iters: 1400, epoch: 8 | loss: 0.2991663
	speed: 0.1444s/iter; left time: 105766.2119s
	iters: 1500, epoch: 8 | loss: 0.3052514
	speed: 0.1439s/iter; left time: 105353.7734s
	iters: 1600, epoch: 8 | loss: 0.3046008
	speed: 0.1446s/iter; left time: 105875.7156s
	iters: 1700, epoch: 8 | loss: 0.2995249
	speed: 0.1445s/iter; left time: 105810.5104s
	iters: 1800, epoch: 8 | loss: 0.2842138
	speed: 0.1448s/iter; left time: 106011.5553s
	iters: 1900, epoch: 8 | loss: 0.3446610
	speed: 0.1443s/iter; left time: 105635.5634s
	iters: 2000, epoch: 8 | loss: 0.2955459
	speed: 0.1449s/iter; left time: 106042.7163s
	iters: 2100, epoch: 8 | loss: 0.3165456
	speed: 0.1440s/iter; left time: 105347.6663s
	iters: 2200, epoch: 8 | loss: 0.3271475
	speed: 0.1446s/iter; left time: 105785.4258s
	iters: 2300, epoch: 8 | loss: 0.3225516
	speed: 0.1355s/iter; left time: 99086.7093s
	iters: 2400, epoch: 8 | loss: 0.2973934
	speed: 0.1363s/iter; left time: 99695.9342s
	iters: 2500, epoch: 8 | loss: 0.3049844
	speed: 0.1387s/iter; left time: 101442.3367s
	iters: 2600, epoch: 8 | loss: 0.2907626
	speed: 0.1386s/iter; left time: 101341.5970s
	iters: 2700, epoch: 8 | loss: 0.3815566
	speed: 0.1388s/iter; left time: 101460.0640s
	iters: 2800, epoch: 8 | loss: 0.3185894
	speed: 0.1388s/iter; left time: 101463.4346s
	iters: 2900, epoch: 8 | loss: 0.3448080
	speed: 0.1385s/iter; left time: 101248.2473s
	iters: 3000, epoch: 8 | loss: 0.3045729
	speed: 0.1391s/iter; left time: 101616.5803s
	iters: 3100, epoch: 8 | loss: 0.3008904
	speed: 0.1392s/iter; left time: 101702.2689s
	iters: 3200, epoch: 8 | loss: 0.3129643
	speed: 0.1389s/iter; left time: 101488.3051s
	iters: 3300, epoch: 8 | loss: 0.2796315
	speed: 0.1387s/iter; left time: 101291.0930s
	iters: 3400, epoch: 8 | loss: 0.2979448
	speed: 0.1390s/iter; left time: 101513.7390s
	iters: 3500, epoch: 8 | loss: 0.3010773
	speed: 0.1389s/iter; left time: 101415.8478s
	iters: 3600, epoch: 8 | loss: 0.2897363
	speed: 0.1383s/iter; left time: 100978.8537s
	iters: 3700, epoch: 8 | loss: 0.2899149
	speed: 0.1388s/iter; left time: 101356.7660s
	iters: 3800, epoch: 8 | loss: 0.2903756
	speed: 0.1386s/iter; left time: 101189.1932s
Epoch: 8 cost time: 539.2546148300171
Epoch: 8, Steps: 3802 | Train Loss: 0.3381201 Vali Loss: 0.8630924 Test Loss: 1.1839854
Validation loss decreased (0.869566 --> 0.863092).  Saving model ...
	iters: 100, epoch: 9 | loss: 0.2902060
	speed: 5.1953s/iter; left time: 3791936.6079s
	iters: 200, epoch: 9 | loss: 0.2720433
	speed: 0.1456s/iter; left time: 106227.2296s
	iters: 300, epoch: 9 | loss: 0.2878453
	speed: 0.1460s/iter; left time: 106507.4684s
	iters: 400, epoch: 9 | loss: 0.2912574
	speed: 0.1454s/iter; left time: 106074.0573s
	iters: 500, epoch: 9 | loss: 0.2775937
	speed: 0.1451s/iter; left time: 105879.1552s
	iters: 600, epoch: 9 | loss: 0.2828096
	speed: 0.1450s/iter; left time: 105763.3013s
	iters: 700, epoch: 9 | loss: 0.2953517
	speed: 0.1446s/iter; left time: 105477.7193s
	iters: 800, epoch: 9 | loss: 0.3126631
	speed: 0.1451s/iter; left time: 105786.9706s
	iters: 900, epoch: 9 | loss: 0.2851568
	speed: 0.1455s/iter; left time: 106108.8104s
	iters: 1000, epoch: 9 | loss: 0.2920243
	speed: 0.1463s/iter; left time: 106614.4004s
	iters: 1100, epoch: 9 | loss: 0.2712812
	speed: 0.1458s/iter; left time: 106306.8505s
	iters: 1200, epoch: 9 | loss: 0.2734523
	speed: 0.1463s/iter; left time: 106586.3631s
	iters: 1300, epoch: 9 | loss: 0.2942013
	speed: 0.1462s/iter; left time: 106528.9512s
	iters: 1400, epoch: 9 | loss: 0.2756019
	speed: 0.1464s/iter; left time: 106632.8442s
	iters: 1500, epoch: 9 | loss: 0.2916612
	speed: 0.1465s/iter; left time: 106692.4413s
	iters: 1600, epoch: 9 | loss: 0.2639267
	speed: 0.1459s/iter; left time: 106283.6851s
	iters: 1700, epoch: 9 | loss: 0.2989867
	speed: 0.1459s/iter; left time: 106250.0594s
	iters: 1800, epoch: 9 | loss: 0.2852529
	speed: 0.1461s/iter; left time: 106421.2343s
	iters: 1900, epoch: 9 | loss: 0.2649771
	speed: 0.1462s/iter; left time: 106449.6368s
	iters: 2000, epoch: 9 | loss: 0.2865164
	speed: 0.1458s/iter; left time: 106111.4596s
	iters: 2100, epoch: 9 | loss: 0.2624985
	speed: 0.1465s/iter; left time: 106658.4997s
	iters: 2200, epoch: 9 | loss: 0.2706021
	speed: 0.1460s/iter; left time: 106235.3274s
	iters: 2300, epoch: 9 | loss: 0.2946166
	speed: 0.1461s/iter; left time: 106317.2812s
	iters: 2400, epoch: 9 | loss: 0.3787769
	speed: 0.1461s/iter; left time: 106288.7829s
	iters: 2500, epoch: 9 | loss: 0.3152017
	speed: 0.1432s/iter; left time: 104142.7112s
	iters: 2600, epoch: 9 | loss: 0.3100161
	speed: 0.1433s/iter; left time: 104260.3596s
	iters: 2700, epoch: 9 | loss: 0.2592159
	speed: 0.1463s/iter; left time: 106387.7528s
	iters: 2800, epoch: 9 | loss: 0.2950398
	speed: 0.1460s/iter; left time: 106149.1059s
	iters: 2900, epoch: 9 | loss: 0.2730847
	speed: 0.1461s/iter; left time: 106251.3625s
	iters: 3000, epoch: 9 | loss: 0.2626056
	speed: 0.1459s/iter; left time: 106046.2146s
	iters: 3100, epoch: 9 | loss: 0.2728808
	speed: 0.1458s/iter; left time: 105998.5769s
	iters: 3200, epoch: 9 | loss: 0.2854744
	speed: 0.1461s/iter; left time: 106184.3881s
	iters: 3300, epoch: 9 | loss: 0.2692058
	speed: 0.1463s/iter; left time: 106293.1668s
	iters: 3400, epoch: 9 | loss: 0.3030657
	speed: 0.1464s/iter; left time: 106356.9944s
	iters: 3500, epoch: 9 | loss: 0.2975498
	speed: 0.1461s/iter; left time: 106157.1959s
	iters: 3600, epoch: 9 | loss: 0.5189654
	speed: 0.1458s/iter; left time: 105911.7781s
	iters: 3700, epoch: 9 | loss: 0.4043428
	speed: 0.1460s/iter; left time: 106050.5651s
	iters: 3800, epoch: 9 | loss: 0.4838464
	speed: 0.1463s/iter; left time: 106211.4176s
Epoch: 9 cost time: 554.4135098457336
Epoch: 9, Steps: 3802 | Train Loss: 0.3012471 Vali Loss: 1.0515847 Test Loss: 1.2645738
EarlyStopping counter: 1 out of 5
	iters: 100, epoch: 10 | loss: 0.6659096
	speed: 5.2500s/iter; left time: 3811968.7520s
	iters: 200, epoch: 10 | loss: 0.6082146
	speed: 0.1412s/iter; left time: 102473.9527s
	iters: 300, epoch: 10 | loss: 0.6662011
	speed: 0.1390s/iter; left time: 100917.6850s
	iters: 400, epoch: 10 | loss: 0.6260489
	speed: 0.1379s/iter; left time: 100068.5781s
	iters: 500, epoch: 10 | loss: 0.6274242
	speed: 0.1385s/iter; left time: 100530.7842s
	iters: 600, epoch: 10 | loss: 0.7203890
	speed: 0.1383s/iter; left time: 100358.0477s
	iters: 700, epoch: 10 | loss: 0.7396434
	speed: 0.1384s/iter; left time: 100426.2121s
	iters: 800, epoch: 10 | loss: 0.5973542
	speed: 0.1387s/iter; left time: 100579.8630s
	iters: 900, epoch: 10 | loss: 0.7129998
	speed: 0.1388s/iter; left time: 100682.7985s
	iters: 1000, epoch: 10 | loss: 0.6021792
	speed: 0.1384s/iter; left time: 100385.8633s
	iters: 1100, epoch: 10 | loss: 0.5585560
	speed: 0.1384s/iter; left time: 100336.7820s
	iters: 1200, epoch: 10 | loss: 0.7010150
	speed: 0.1393s/iter; left time: 100970.3238s
	iters: 1300, epoch: 10 | loss: 0.7175714
	speed: 0.1387s/iter; left time: 100508.2253s
	iters: 1400, epoch: 10 | loss: 0.6019316
	speed: 0.1384s/iter; left time: 100313.5989s
	iters: 1500, epoch: 10 | loss: 0.6190585
	speed: 0.1384s/iter; left time: 100315.9131s
	iters: 1600, epoch: 10 | loss: 0.6374089
	speed: 0.1383s/iter; left time: 100180.2546s
	iters: 1700, epoch: 10 | loss: 0.7066273
	speed: 0.1385s/iter; left time: 100311.9694s
	iters: 1800, epoch: 10 | loss: 0.5729173
	speed: 0.1384s/iter; left time: 100267.1986s
	iters: 1900, epoch: 10 | loss: 0.5210914
	speed: 0.1383s/iter; left time: 100188.0155s
	iters: 2000, epoch: 10 | loss: 0.5675628
	speed: 0.1383s/iter; left time: 100152.7679s
	iters: 2100, epoch: 10 | loss: 0.4677397
	speed: 0.1373s/iter; left time: 99433.6092s
	iters: 2200, epoch: 10 | loss: 0.7205843
	speed: 0.1353s/iter; left time: 97930.8895s
	iters: 2300, epoch: 10 | loss: 1.0161209
	speed: 0.1379s/iter; left time: 99795.9360s
	iters: 2400, epoch: 10 | loss: 0.5713876
	speed: 0.1385s/iter; left time: 100242.7265s
	iters: 2500, epoch: 10 | loss: 0.7866973
	speed: 0.1385s/iter; left time: 100225.5777s
	iters: 2600, epoch: 10 | loss: 0.6447213
	speed: 0.1428s/iter; left time: 103312.3156s
	iters: 2700, epoch: 10 | loss: 0.6641220
	speed: 0.1441s/iter; left time: 104265.6079s
	iters: 2800, epoch: 10 | loss: 0.5951124
	speed: 0.1442s/iter; left time: 104337.0992s
	iters: 2900, epoch: 10 | loss: 0.6290069
	speed: 0.1440s/iter; left time: 104158.4071s
	iters: 3000, epoch: 10 | loss: 0.5563284
	speed: 0.1447s/iter; left time: 104623.3761s
	iters: 3100, epoch: 10 | loss: 0.6207027
	speed: 0.1445s/iter; left time: 104474.4553s
	iters: 3200, epoch: 10 | loss: 0.5636640
	speed: 0.1437s/iter; left time: 103892.0857s
	iters: 3300, epoch: 10 | loss: 0.5720417
	speed: 0.1443s/iter; left time: 104292.1731s
	iters: 3400, epoch: 10 | loss: 0.7022201
	speed: 0.1440s/iter; left time: 104065.1039s
	iters: 3500, epoch: 10 | loss: 0.6145852
	speed: 0.1437s/iter; left time: 103869.8399s
	iters: 3600, epoch: 10 | loss: 0.5656433
	speed: 0.1444s/iter; left time: 104315.0338s
	iters: 3700, epoch: 10 | loss: 0.6488023
	speed: 0.1429s/iter; left time: 103261.7321s
	iters: 3800, epoch: 10 | loss: 0.7459786
	speed: 0.1391s/iter; left time: 100487.6163s
Epoch: 10 cost time: 534.4736177921295
Epoch: 10, Steps: 3802 | Train Loss: 0.6441294 Vali Loss: 1.0756217 Test Loss: 1.2155690
EarlyStopping counter: 2 out of 5
	iters: 100, epoch: 11 | loss: 0.6540952
	speed: 5.2502s/iter; left time: 3792105.2977s
	iters: 200, epoch: 11 | loss: 0.5377318
	speed: 0.1504s/iter; left time: 108612.9797s
	iters: 300, epoch: 11 | loss: 0.6227829
	speed: 0.1456s/iter; left time: 105126.4972s
	iters: 400, epoch: 11 | loss: 0.5389437
	speed: 0.1450s/iter; left time: 104713.3353s
	iters: 500, epoch: 11 | loss: 0.6395286
	speed: 0.1448s/iter; left time: 104544.4681s
	iters: 600, epoch: 11 | loss: 0.6162443
	speed: 0.1453s/iter; left time: 104856.4881s
	iters: 700, epoch: 11 | loss: 0.5784950
	speed: 0.1428s/iter; left time: 103035.7811s
	iters: 800, epoch: 11 | loss: 0.5847834
	speed: 0.1430s/iter; left time: 103197.1981s
	iters: 900, epoch: 11 | loss: 0.5191773
	speed: 0.1495s/iter; left time: 107868.2681s
	iters: 1000, epoch: 11 | loss: 0.4591675
	speed: 0.1521s/iter; left time: 109701.7847s
	iters: 1100, epoch: 11 | loss: 0.4546828
	speed: 0.1524s/iter; left time: 109927.2416s
	iters: 1200, epoch: 11 | loss: 0.6175235
	speed: 0.1530s/iter; left time: 110359.3244s
	iters: 1300, epoch: 11 | loss: 0.5513893
	speed: 0.1436s/iter; left time: 103564.0497s
	iters: 1400, epoch: 11 | loss: 0.5261926
	speed: 0.1430s/iter; left time: 103076.8894s
	iters: 1500, epoch: 11 | loss: 0.4192708
	speed: 0.1434s/iter; left time: 103365.9234s
	iters: 1600, epoch: 11 | loss: 0.4220810
	speed: 0.1434s/iter; left time: 103327.4176s
	iters: 1700, epoch: 11 | loss: 0.4959524
	speed: 0.1432s/iter; left time: 103223.5379s
	iters: 1800, epoch: 11 | loss: 0.5086035
	speed: 0.1440s/iter; left time: 103748.7679s
	iters: 1900, epoch: 11 | loss: 0.4259505
	speed: 0.1432s/iter; left time: 103166.2533s
	iters: 2000, epoch: 11 | loss: 0.4198743
	speed: 0.1431s/iter; left time: 103060.5277s
	iters: 2100, epoch: 11 | loss: 0.4019403
	speed: 0.1504s/iter; left time: 108320.4856s
	iters: 2200, epoch: 11 | loss: 0.5222986
	speed: 0.1524s/iter; left time: 109737.2636s
	iters: 2300, epoch: 11 | loss: 0.5210035
	speed: 0.1528s/iter; left time: 109994.9126s
	iters: 2400, epoch: 11 | loss: 0.4310001
	speed: 0.1527s/iter; left time: 109957.9896s
	iters: 2500, epoch: 11 | loss: 0.4016363
	speed: 0.1520s/iter; left time: 109390.5567s
	iters: 2600, epoch: 11 | loss: 0.4288133
	speed: 0.1514s/iter; left time: 108992.8940s
	iters: 2700, epoch: 11 | loss: 0.3658372
	speed: 0.1521s/iter; left time: 109488.1715s
	iters: 2800, epoch: 11 | loss: 0.4715343
	speed: 0.1523s/iter; left time: 109573.0573s
	iters: 2900, epoch: 11 | loss: 0.4227840
	speed: 0.1528s/iter; left time: 109929.2004s
	iters: 3000, epoch: 11 | loss: 0.4061022
	speed: 0.1528s/iter; left time: 109907.5857s
	iters: 3100, epoch: 11 | loss: 0.4523269
	speed: 0.1520s/iter; left time: 109344.0474s
	iters: 3200, epoch: 11 | loss: 0.4443136
	speed: 0.1521s/iter; left time: 109406.9346s
	iters: 3300, epoch: 11 | loss: 0.3795523
	speed: 0.1526s/iter; left time: 109758.1935s
	iters: 3400, epoch: 11 | loss: 0.3475071
	speed: 0.1529s/iter; left time: 109953.3442s
	iters: 3500, epoch: 11 | loss: 0.3801980
	speed: 0.1529s/iter; left time: 109913.8041s
	iters: 3600, epoch: 11 | loss: 0.3842183
	speed: 0.1522s/iter; left time: 109381.3793s
	iters: 3700, epoch: 11 | loss: 0.3838272
	speed: 0.1524s/iter; left time: 109522.7539s
	iters: 3800, epoch: 11 | loss: 0.3848540
	speed: 0.1523s/iter; left time: 109440.4312s
Epoch: 11 cost time: 567.2771866321564
Epoch: 11, Steps: 3802 | Train Loss: 0.4870958 Vali Loss: 0.8900033 Test Loss: 1.2315851
EarlyStopping counter: 3 out of 5
	iters: 100, epoch: 12 | loss: 0.3734845
	speed: 5.2607s/iter; left time: 3779688.8823s
	iters: 200, epoch: 12 | loss: 0.3636926
	speed: 0.1456s/iter; left time: 104560.3894s
	iters: 300, epoch: 12 | loss: 0.3422551
	speed: 0.1456s/iter; left time: 104576.4797s
	iters: 400, epoch: 12 | loss: 0.3602426
	speed: 0.1418s/iter; left time: 101869.2988s
	iters: 500, epoch: 12 | loss: 0.3360062
	speed: 0.1456s/iter; left time: 104570.3622s
	iters: 600, epoch: 12 | loss: 0.3792203
	speed: 0.1424s/iter; left time: 102230.9283s
	iters: 700, epoch: 12 | loss: 0.3587849
	speed: 0.1425s/iter; left time: 102279.7365s
	iters: 800, epoch: 12 | loss: 0.4277169
	speed: 0.1458s/iter; left time: 104673.4185s
	iters: 900, epoch: 12 | loss: 0.3372583
	speed: 0.1461s/iter; left time: 104877.4055s
	iters: 1000, epoch: 12 | loss: 0.3688176
	speed: 0.1464s/iter; left time: 105040.5434s
	iters: 1100, epoch: 12 | loss: 0.3494049
	speed: 0.1460s/iter; left time: 104755.2536s
	iters: 1200, epoch: 12 | loss: 0.3273484
	speed: 0.1456s/iter; left time: 104477.6349s
	iters: 1300, epoch: 12 | loss: 0.3490620
	speed: 0.1459s/iter; left time: 104669.0849s
	iters: 1400, epoch: 12 | loss: 0.3450331
	speed: 0.1464s/iter; left time: 104967.9645s
	iters: 1500, epoch: 12 | loss: 0.3224278
	speed: 0.1461s/iter; left time: 104800.4770s
	iters: 1600, epoch: 12 | loss: 0.3642355
	speed: 0.1459s/iter; left time: 104640.0887s
	iters: 1700, epoch: 12 | loss: 0.3234190
	speed: 0.1463s/iter; left time: 104910.2696s
	iters: 1800, epoch: 12 | loss: 0.3179372
	speed: 0.1460s/iter; left time: 104617.1012s
	iters: 1900, epoch: 12 | loss: 0.3201880
	speed: 0.1459s/iter; left time: 104595.4181s
	iters: 2000, epoch: 12 | loss: 0.3303108
	speed: 0.1463s/iter; left time: 104851.6227s
	iters: 2100, epoch: 12 | loss: 0.3226728
	speed: 0.1462s/iter; left time: 104782.6435s
	iters: 2200, epoch: 12 | loss: 0.3540094
	speed: 0.1461s/iter; left time: 104633.4692s
	iters: 2300, epoch: 12 | loss: 0.3217117
	speed: 0.1458s/iter; left time: 104450.9291s
	iters: 2400, epoch: 12 | loss: 0.3478241
	speed: 0.1430s/iter; left time: 102426.8315s
	iters: 2500, epoch: 12 | loss: 0.3500469
	speed: 0.1435s/iter; left time: 102784.7272s
	iters: 2600, epoch: 12 | loss: 0.3080966
	speed: 0.1466s/iter; left time: 104954.2941s
	iters: 2700, epoch: 12 | loss: 0.4241922
	speed: 0.1462s/iter; left time: 104689.9970s
	iters: 2800, epoch: 12 | loss: 0.5321928
	speed: 0.1461s/iter; left time: 104558.1586s
	iters: 2900, epoch: 12 | loss: 0.3616411
	speed: 0.1458s/iter; left time: 104329.6683s
	iters: 3000, epoch: 12 | loss: 0.3683641
	speed: 0.1457s/iter; left time: 104278.8109s
	iters: 3100, epoch: 12 | loss: 0.3507738
	speed: 0.1461s/iter; left time: 104514.0509s
	iters: 3200, epoch: 12 | loss: 0.3006217
	speed: 0.1464s/iter; left time: 104710.0317s
	iters: 3300, epoch: 12 | loss: 0.2994684
	speed: 0.1463s/iter; left time: 104661.9423s
	iters: 3400, epoch: 12 | loss: 0.3083972
	speed: 0.1459s/iter; left time: 104336.8725s
	iters: 3500, epoch: 12 | loss: 0.3732045
	speed: 0.1459s/iter; left time: 104302.0245s
	iters: 3600, epoch: 12 | loss: 0.3160246
	speed: 0.1459s/iter; left time: 104344.0377s
	iters: 3700, epoch: 12 | loss: 0.2872250
	speed: 0.1465s/iter; left time: 104733.6739s
	iters: 3800, epoch: 12 | loss: 0.3143549
	speed: 0.1459s/iter; left time: 104318.4642s
Epoch: 12 cost time: 554.4259457588196
Epoch: 12, Steps: 3802 | Train Loss: 0.3498667 Vali Loss: 0.8973919 Test Loss: 1.2248894
EarlyStopping counter: 4 out of 5
	iters: 100, epoch: 13 | loss: 0.3342166
	speed: 5.2434s/iter; left time: 3747307.7960s
	iters: 200, epoch: 13 | loss: 0.3011668
	speed: 0.1461s/iter; left time: 104378.2462s
	iters: 300, epoch: 13 | loss: 0.2901756
	speed: 0.1463s/iter; left time: 104562.5574s
	iters: 400, epoch: 13 | loss: 0.2931420
	speed: 0.1458s/iter; left time: 104163.3212s
	iters: 500, epoch: 13 | loss: 0.2931446
	speed: 0.1460s/iter; left time: 104275.9503s
	iters: 600, epoch: 13 | loss: 0.2953471
	speed: 0.1462s/iter; left time: 104415.9356s
	iters: 700, epoch: 13 | loss: 0.3231160
	speed: 0.1425s/iter; left time: 101766.7510s
	iters: 800, epoch: 13 | loss: 0.4305533
	speed: 0.1384s/iter; left time: 98799.0125s
	iters: 900, epoch: 13 | loss: 0.3266819
	speed: 0.1382s/iter; left time: 98683.4554s
	iters: 1000, epoch: 13 | loss: 0.5981866
	speed: 0.1384s/iter; left time: 98818.4114s
	iters: 1100, epoch: 13 | loss: 0.8221732
	speed: 0.1383s/iter; left time: 98669.2963s
	iters: 1200, epoch: 13 | loss: 0.5821437
	speed: 0.1383s/iter; left time: 98653.7168s
	iters: 1300, epoch: 13 | loss: 0.6461598
	speed: 0.1384s/iter; left time: 98713.8537s
	iters: 1400, epoch: 13 | loss: 0.6092655
	speed: 0.1385s/iter; left time: 98775.0499s
	iters: 1500, epoch: 13 | loss: 0.4726487
	speed: 0.1379s/iter; left time: 98395.7804s
	iters: 1600, epoch: 13 | loss: 0.8237754
	speed: 0.1382s/iter; left time: 98586.9487s
	iters: 1700, epoch: 13 | loss: 0.7995035
	speed: 0.1381s/iter; left time: 98497.9820s
	iters: 1800, epoch: 13 | loss: 0.6569996
	speed: 0.1385s/iter; left time: 98763.0223s
	iters: 1900, epoch: 13 | loss: 0.6894148
	speed: 0.1382s/iter; left time: 98548.2448s
	iters: 2000, epoch: 13 | loss: 0.6862563
	speed: 0.1359s/iter; left time: 96833.8027s
	iters: 2100, epoch: 13 | loss: 0.5591190
	speed: 0.1381s/iter; left time: 98400.0537s
	iters: 2200, epoch: 13 | loss: 0.7136114
	speed: 0.1382s/iter; left time: 98460.9020s
	iters: 2300, epoch: 13 | loss: 0.5164726
	speed: 0.1383s/iter; left time: 98515.7399s
	iters: 2400, epoch: 13 | loss: 0.5596749
	speed: 0.1387s/iter; left time: 98836.7379s
	iters: 2500, epoch: 13 | loss: 0.5238152
	speed: 0.1389s/iter; left time: 98911.6167s
	iters: 2600, epoch: 13 | loss: 0.7003702
	speed: 0.1382s/iter; left time: 98411.6459s
	iters: 2700, epoch: 13 | loss: 0.7424497
	speed: 0.1385s/iter; left time: 98618.6470s
	iters: 2800, epoch: 13 | loss: 0.6050774
	speed: 0.1355s/iter; left time: 96493.9201s
	iters: 2900, epoch: 13 | loss: 0.5225005
	speed: 0.1360s/iter; left time: 96822.8716s
	iters: 3000, epoch: 13 | loss: 0.6543473
	speed: 0.1388s/iter; left time: 98798.4972s
	iters: 3100, epoch: 13 | loss: 0.5470238
	speed: 0.1385s/iter; left time: 98536.0178s
	iters: 3200, epoch: 13 | loss: 0.5216244
	speed: 0.1391s/iter; left time: 98972.5878s
	iters: 3300, epoch: 13 | loss: 0.7009320
	speed: 0.1383s/iter; left time: 98432.2936s
	iters: 3400, epoch: 13 | loss: 0.7247800
	speed: 0.1384s/iter; left time: 98450.2309s
	iters: 3500, epoch: 13 | loss: 0.5881865
	speed: 0.1385s/iter; left time: 98515.5590s
	iters: 3600, epoch: 13 | loss: 0.6226764
	speed: 0.1389s/iter; left time: 98777.6706s
	iters: 3700, epoch: 13 | loss: 0.7115820
	speed: 0.1382s/iter; left time: 98265.0005s
	iters: 3800, epoch: 13 | loss: 0.6160307
	speed: 0.1391s/iter; left time: 98879.3197s
Epoch: 13 cost time: 531.2259328365326
Epoch: 13, Steps: 3802 | Train Loss: 0.5508261 Vali Loss: 1.0614910 Test Loss: 1.1996303
EarlyStopping counter: 5 out of 5
Early stopping
>>>>>>>testing : long_term_forecast_pems07_all_96_96_Autoformer_custom_ftM_sl96_ll48_pl96_dm128_nh8_el2_dl1_df2048_fc3_ebtimeF_dtTrue_srate0.1_sseed7_trainseed2024_gap548_Exp_0<<<<<<<<<<<<<<<<<<<<<<<<<<<<<<<<<
test 300337
test shape: (30033, 1, 96, 1613) (30033, 1, 96, 1613)
test shape: (30033, 96, 1613) (30033, 96, 1613)
mse:1.183998942375183, mae:0.8437356352806091
>>>>>>>Overall time: 16483 seconds<<<<<<<<<<<<<<<<<<<<<<<<<<<<<<<<<
