Args in experiment:
Namespace(activation='gelu', anomaly_ratio=0.25, batch_size=32, c_out=822, checkpoints='./checkpoints/', d_ff=2048, d_layers=1, d_model=128, data='custom', data_path='pems04_all_common_flow.csv', dec_in=822, des='Exp', devices='0,1,2,3', distil=True, dropout=0, e_layers=2, embed='timeF', enc_in=822, factor=3, features='M', freq='h', gap_day=548, gpu=0, inverse=False, is_training=1, itr=1, label_len=48, learning_rate=0.0005, loss='MSE', lradj='type3', mask_rate=0.25, model='Autoformer', model_id='pems04_all_96_720', moving_avg=25, n_heads=8, num_kernels=6, num_workers=10, output_attention=False, p_hidden_dims=[128, 128], p_hidden_layers=2, patience=5, pred_len=720, root_path='../../data/pems/', samle_rate=0.1, sample_seed=7, seasonal_patterns='Monthly', seq_len=96, target='OT', task_name='long_term_forecast', top_k=5, train_epochs=200, train_seed=2024, use_amp=False, use_gpu=True, use_multi_gpu=False)
Use GPU: cuda:0
>>>>>>>start training : long_term_forecast_pems04_all_96_720_Autoformer_custom_ftM_sl96_ll48_pl720_dm128_nh8_el2_dl1_df2048_fc3_ebtimeF_dtTrue_srate0.1_sseed7_trainseed2024_gap548_Exp_0>>>>>>>>>>>>>>>>>>>>>>>>>>
train 1216016
val 299677
test 299675
	iters: 100, epoch: 1 | loss: 1.3236860
	speed: 0.3577s/iter; left time: 271833.8354s
	iters: 200, epoch: 1 | loss: 1.2797343
	speed: 0.3503s/iter; left time: 266137.6588s
	iters: 300, epoch: 1 | loss: 1.2113352
	speed: 0.3501s/iter; left time: 265982.5155s
	iters: 400, epoch: 1 | loss: 1.0075424
	speed: 0.3501s/iter; left time: 265971.7772s
	iters: 500, epoch: 1 | loss: 1.0471668
	speed: 0.3504s/iter; left time: 266112.7027s
	iters: 600, epoch: 1 | loss: 1.0448254
	speed: 0.3503s/iter; left time: 266020.9167s
	iters: 700, epoch: 1 | loss: 1.1001599
	speed: 0.3507s/iter; left time: 266260.6939s
	iters: 800, epoch: 1 | loss: 1.2003605
	speed: 0.3509s/iter; left time: 266434.2115s
	iters: 900, epoch: 1 | loss: 0.9999250
	speed: 0.3503s/iter; left time: 265910.3545s
	iters: 1000, epoch: 1 | loss: 0.9686493
	speed: 0.3502s/iter; left time: 265798.1309s
	iters: 1100, epoch: 1 | loss: 0.9425905
	speed: 0.3504s/iter; left time: 265918.4614s
	iters: 1200, epoch: 1 | loss: 0.9962378
	speed: 0.3502s/iter; left time: 265740.8119s
	iters: 1300, epoch: 1 | loss: 1.1487718
	speed: 0.3503s/iter; left time: 265779.0488s
	iters: 1400, epoch: 1 | loss: 0.9113023
	speed: 0.3503s/iter; left time: 265774.6329s
	iters: 1500, epoch: 1 | loss: 1.1003772
	speed: 0.3503s/iter; left time: 265718.5103s
	iters: 1600, epoch: 1 | loss: 1.0362620
	speed: 0.3503s/iter; left time: 265688.7906s
	iters: 1700, epoch: 1 | loss: 0.9608115
	speed: 0.3503s/iter; left time: 265595.5208s
	iters: 1800, epoch: 1 | loss: 0.9416104
	speed: 0.3504s/iter; left time: 265661.9795s
	iters: 1900, epoch: 1 | loss: 0.9401013
	speed: 0.3499s/iter; left time: 265232.8258s
	iters: 2000, epoch: 1 | loss: 1.0650795
	speed: 0.3504s/iter; left time: 265617.4458s
	iters: 2100, epoch: 1 | loss: 0.8992494
	speed: 0.3509s/iter; left time: 265928.8520s
	iters: 2200, epoch: 1 | loss: 0.9368258
	speed: 0.3501s/iter; left time: 265303.7144s
	iters: 2300, epoch: 1 | loss: 1.0418621
	speed: 0.3500s/iter; left time: 265218.1932s
	iters: 2400, epoch: 1 | loss: 0.9060603
	speed: 0.3503s/iter; left time: 265365.9387s
	iters: 2500, epoch: 1 | loss: 0.8864436
	speed: 0.3500s/iter; left time: 265100.7375s
	iters: 2600, epoch: 1 | loss: 0.9121287
	speed: 0.3501s/iter; left time: 265154.3055s
	iters: 2700, epoch: 1 | loss: 0.9007274
	speed: 0.3501s/iter; left time: 265143.4823s
	iters: 2800, epoch: 1 | loss: 0.7803051
	speed: 0.3497s/iter; left time: 264790.2743s
	iters: 2900, epoch: 1 | loss: 0.9561526
	speed: 0.3500s/iter; left time: 265004.0523s
	iters: 3000, epoch: 1 | loss: 0.8795907
	speed: 0.3503s/iter; left time: 265162.4646s
	iters: 3100, epoch: 1 | loss: 0.8778431
	speed: 0.3492s/iter; left time: 264326.7587s
	iters: 3200, epoch: 1 | loss: 0.8489670
	speed: 0.3497s/iter; left time: 264617.3275s
	iters: 3300, epoch: 1 | loss: 0.8998843
	speed: 0.3493s/iter; left time: 264334.5724s
	iters: 3400, epoch: 1 | loss: 0.9052716
	speed: 0.3495s/iter; left time: 264433.2494s
	iters: 3500, epoch: 1 | loss: 0.9308185
	speed: 0.3492s/iter; left time: 264189.0880s
	iters: 3600, epoch: 1 | loss: 0.9541167
	speed: 0.3493s/iter; left time: 264188.5870s
	iters: 3700, epoch: 1 | loss: 0.9073521
	speed: 0.3491s/iter; left time: 264011.8629s
	iters: 3800, epoch: 1 | loss: 1.0007479
	speed: 0.3493s/iter; left time: 264127.1814s
Epoch: 1 cost time: 1331.4630734920502
Epoch: 1, Steps: 3800 | Train Loss: 1.0089961 Vali Loss: 1.0432279 Test Loss: 0.9986740
Validation loss decreased (inf --> 1.043228).  Saving model ...
	iters: 100, epoch: 2 | loss: 0.8278944
	speed: 7.6113s/iter; left time: 5754881.2444s
	iters: 200, epoch: 2 | loss: 0.8929603
	speed: 0.3518s/iter; left time: 265984.0398s
	iters: 300, epoch: 2 | loss: 0.7485616
	speed: 0.3517s/iter; left time: 265820.4007s
	iters: 400, epoch: 2 | loss: 0.8578478
	speed: 0.3521s/iter; left time: 266088.6090s
	iters: 500, epoch: 2 | loss: 0.8942630
	speed: 0.3523s/iter; left time: 266207.3662s
	iters: 600, epoch: 2 | loss: 0.8443562
	speed: 0.3519s/iter; left time: 265891.1553s
	iters: 700, epoch: 2 | loss: 0.7341966
	speed: 0.3526s/iter; left time: 266386.5165s
	iters: 800, epoch: 2 | loss: 0.7914572
	speed: 0.3518s/iter; left time: 265769.8601s
	iters: 900, epoch: 2 | loss: 0.7955452
	speed: 0.3519s/iter; left time: 265761.2443s
	iters: 1000, epoch: 2 | loss: 0.9060084
	speed: 0.3517s/iter; left time: 265582.8325s
	iters: 1100, epoch: 2 | loss: 0.8306370
	speed: 0.3516s/iter; left time: 265474.8125s
	iters: 1200, epoch: 2 | loss: 0.7695527
	speed: 0.3516s/iter; left time: 265427.7944s
	iters: 1300, epoch: 2 | loss: 0.8759094
	speed: 0.3519s/iter; left time: 265661.6204s
	iters: 1400, epoch: 2 | loss: 0.8287962
	speed: 0.3519s/iter; left time: 265593.2300s
	iters: 1500, epoch: 2 | loss: 0.7766700
	speed: 0.3514s/iter; left time: 265228.5571s
	iters: 1600, epoch: 2 | loss: 0.9701642
	speed: 0.3517s/iter; left time: 265374.4454s
	iters: 1700, epoch: 2 | loss: 0.8157222
	speed: 0.3521s/iter; left time: 265642.1825s
	iters: 1800, epoch: 2 | loss: 0.7605559
	speed: 0.3516s/iter; left time: 265253.1101s
	iters: 1900, epoch: 2 | loss: 0.8295822
	speed: 0.3520s/iter; left time: 265540.8527s
	iters: 2000, epoch: 2 | loss: 0.7590758
	speed: 0.3518s/iter; left time: 265306.8613s
	iters: 2100, epoch: 2 | loss: 0.7441043
	speed: 0.3518s/iter; left time: 265264.7801s
	iters: 2200, epoch: 2 | loss: 0.7208468
	speed: 0.3513s/iter; left time: 264881.5661s
	iters: 2300, epoch: 2 | loss: 0.7976015
	speed: 0.3517s/iter; left time: 265114.8333s
	iters: 2400, epoch: 2 | loss: 0.6959609
	speed: 0.3515s/iter; left time: 264971.8121s
	iters: 2500, epoch: 2 | loss: 0.7906186
	speed: 0.3517s/iter; left time: 265073.3772s
	iters: 2600, epoch: 2 | loss: 0.7771672
	speed: 0.3519s/iter; left time: 265182.8044s
	iters: 2700, epoch: 2 | loss: 0.7157596
	speed: 0.3513s/iter; left time: 264738.1587s
	iters: 2800, epoch: 2 | loss: 0.7542868
	speed: 0.3516s/iter; left time: 264873.6355s
	iters: 2900, epoch: 2 | loss: 0.8417407
	speed: 0.3514s/iter; left time: 264743.5199s
	iters: 3000, epoch: 2 | loss: 0.7300458
	speed: 0.3517s/iter; left time: 264871.1046s
	iters: 3100, epoch: 2 | loss: 0.8013717
	speed: 0.3516s/iter; left time: 264788.7681s
	iters: 3200, epoch: 2 | loss: 0.7916507
	speed: 0.3514s/iter; left time: 264614.2593s
	iters: 3300, epoch: 2 | loss: 0.7477628
	speed: 0.3517s/iter; left time: 264803.7244s
	iters: 3400, epoch: 2 | loss: 0.8252460
	speed: 0.3517s/iter; left time: 264767.3974s
	iters: 3500, epoch: 2 | loss: 0.8619763
	speed: 0.3515s/iter; left time: 264572.4066s
	iters: 3600, epoch: 2 | loss: 0.7848031
	speed: 0.3513s/iter; left time: 264423.6393s
	iters: 3700, epoch: 2 | loss: 0.8551409
	speed: 0.3513s/iter; left time: 264336.4882s
	iters: 3800, epoch: 2 | loss: 0.7719356
	speed: 0.3514s/iter; left time: 264393.9759s
Epoch: 2 cost time: 1337.0788192749023
Epoch: 2, Steps: 3800 | Train Loss: 0.8032867 Vali Loss: 0.9552218 Test Loss: 0.9362196
Validation loss decreased (1.043228 --> 0.955222).  Saving model ...
	iters: 100, epoch: 3 | loss: 0.7363251
	speed: 7.5928s/iter; left time: 5712089.6971s
	iters: 200, epoch: 3 | loss: 0.8452566
	speed: 0.3571s/iter; left time: 268582.3047s
	iters: 300, epoch: 3 | loss: 0.8002526
	speed: 0.3574s/iter; left time: 268806.7485s
	iters: 400, epoch: 3 | loss: 0.9721992
	speed: 0.3571s/iter; left time: 268562.3040s
	iters: 500, epoch: 3 | loss: 0.8358158
	speed: 0.3570s/iter; left time: 268421.8613s
	iters: 600, epoch: 3 | loss: 0.7199562
	speed: 0.3568s/iter; left time: 268233.3842s
	iters: 700, epoch: 3 | loss: 0.7668855
	speed: 0.3570s/iter; left time: 268349.9506s
	iters: 800, epoch: 3 | loss: 0.8097816
	speed: 0.3573s/iter; left time: 268558.2623s
	iters: 900, epoch: 3 | loss: 0.7575047
	speed: 0.3567s/iter; left time: 268095.5536s
	iters: 1000, epoch: 3 | loss: 0.8601931
	speed: 0.3573s/iter; left time: 268451.7096s
	iters: 1100, epoch: 3 | loss: 0.7282534
	speed: 0.3567s/iter; left time: 267976.0897s
	iters: 1200, epoch: 3 | loss: 0.7268944
	speed: 0.3569s/iter; left time: 268092.0316s
	iters: 1300, epoch: 3 | loss: 0.7483678
	speed: 0.3567s/iter; left time: 267906.3076s
	iters: 1400, epoch: 3 | loss: 0.6851019
	speed: 0.3568s/iter; left time: 267944.0918s
	iters: 1500, epoch: 3 | loss: 0.7364057
	speed: 0.3573s/iter; left time: 268318.9193s
	iters: 1600, epoch: 3 | loss: 0.7205862
	speed: 0.3565s/iter; left time: 267624.5486s
	iters: 1700, epoch: 3 | loss: 0.7918540
	speed: 0.3572s/iter; left time: 268126.8006s
	iters: 1800, epoch: 3 | loss: 0.7545397
	speed: 0.3569s/iter; left time: 267881.0470s
	iters: 1900, epoch: 3 | loss: 0.7365406
	speed: 0.3569s/iter; left time: 267816.7681s
	iters: 2000, epoch: 3 | loss: 0.6902694
	speed: 0.3568s/iter; left time: 267709.8610s
	iters: 2100, epoch: 3 | loss: 0.7709665
	speed: 0.3570s/iter; left time: 267846.3861s
	iters: 2200, epoch: 3 | loss: 0.7565892
	speed: 0.3570s/iter; left time: 267831.8809s
	iters: 2300, epoch: 3 | loss: 0.7043144
	speed: 0.3570s/iter; left time: 267792.7155s
	iters: 2400, epoch: 3 | loss: 0.7596688
	speed: 0.3571s/iter; left time: 267805.2140s
	iters: 2500, epoch: 3 | loss: 0.7094512
	speed: 0.3565s/iter; left time: 267374.3461s
	iters: 2600, epoch: 3 | loss: 0.8033113
	speed: 0.3567s/iter; left time: 267470.2832s
	iters: 2700, epoch: 3 | loss: 0.7153778
	speed: 0.3567s/iter; left time: 267452.2244s
	iters: 2800, epoch: 3 | loss: 0.9859369
	speed: 0.3573s/iter; left time: 267862.1334s
	iters: 2900, epoch: 3 | loss: 0.7181441
	speed: 0.3567s/iter; left time: 267344.3018s
	iters: 3000, epoch: 3 | loss: 0.6934007
	speed: 0.3568s/iter; left time: 267395.6468s
	iters: 3100, epoch: 3 | loss: 0.7843348
	speed: 0.3569s/iter; left time: 267426.3384s
	iters: 3200, epoch: 3 | loss: 0.6924587
	speed: 0.3572s/iter; left time: 267581.7504s
	iters: 3300, epoch: 3 | loss: 0.7772102
	speed: 0.3560s/iter; left time: 266695.8864s
	iters: 3400, epoch: 3 | loss: 0.7684862
	speed: 0.3569s/iter; left time: 267318.5430s
	iters: 3500, epoch: 3 | loss: 0.7279969
	speed: 0.3570s/iter; left time: 267366.7581s
	iters: 3600, epoch: 3 | loss: 0.7559303
	speed: 0.3569s/iter; left time: 267272.1819s
	iters: 3700, epoch: 3 | loss: 0.7832732
	speed: 0.3569s/iter; left time: 267226.3067s
	iters: 3800, epoch: 3 | loss: 0.7430668
	speed: 0.3565s/iter; left time: 266888.2672s
Epoch: 3 cost time: 1356.8717374801636
Epoch: 3, Steps: 3800 | Train Loss: 0.7606126 Vali Loss: 0.8747684 Test Loss: 0.8573384
Validation loss decreased (0.955222 --> 0.874768).  Saving model ...
	iters: 100, epoch: 4 | loss: 0.6366071
	speed: 7.5936s/iter; left time: 5683827.2881s
	iters: 200, epoch: 4 | loss: 0.6901942
	speed: 0.3508s/iter; left time: 262573.1759s
	iters: 300, epoch: 4 | loss: 0.6867066
	speed: 0.3509s/iter; left time: 262573.2236s
	iters: 400, epoch: 4 | loss: 0.6700751
	speed: 0.3508s/iter; left time: 262482.7440s
	iters: 500, epoch: 4 | loss: 0.7183532
	speed: 0.3510s/iter; left time: 262610.0743s
	iters: 600, epoch: 4 | loss: 0.6971932
	speed: 0.3508s/iter; left time: 262377.4782s
	iters: 700, epoch: 4 | loss: 0.6712514
	speed: 0.3509s/iter; left time: 262449.1163s
	iters: 800, epoch: 4 | loss: 0.8879970
	speed: 0.3509s/iter; left time: 262386.8018s
	iters: 900, epoch: 4 | loss: 0.6811805
	speed: 0.3506s/iter; left time: 262180.5468s
	iters: 1000, epoch: 4 | loss: 0.7337063
	speed: 0.3509s/iter; left time: 262307.3345s
	iters: 1100, epoch: 4 | loss: 0.6342914
	speed: 0.3504s/iter; left time: 261912.2598s
	iters: 1200, epoch: 4 | loss: 0.7477033
	speed: 0.3509s/iter; left time: 262258.1794s
	iters: 1300, epoch: 4 | loss: 0.6421624
	speed: 0.3507s/iter; left time: 262044.5276s
	iters: 1400, epoch: 4 | loss: 0.7006041
	speed: 0.3509s/iter; left time: 262172.7781s
	iters: 1500, epoch: 4 | loss: 0.7059484
	speed: 0.3506s/iter; left time: 261901.0280s
	iters: 1600, epoch: 4 | loss: 0.6910492
	speed: 0.3508s/iter; left time: 262012.6457s
	iters: 1700, epoch: 4 | loss: 0.5996922
	speed: 0.3507s/iter; left time: 261946.3254s
	iters: 1800, epoch: 4 | loss: 0.7252354
	speed: 0.3508s/iter; left time: 261951.0968s
	iters: 1900, epoch: 4 | loss: 0.7010865
	speed: 0.3507s/iter; left time: 261862.6228s
	iters: 2000, epoch: 4 | loss: 0.6580067
	speed: 0.3507s/iter; left time: 261811.5653s
	iters: 2100, epoch: 4 | loss: 0.6804928
	speed: 0.3505s/iter; left time: 261675.5516s
	iters: 2200, epoch: 4 | loss: 0.6478997
	speed: 0.3504s/iter; left time: 261552.2426s
	iters: 2300, epoch: 4 | loss: 0.7566348
	speed: 0.3503s/iter; left time: 261444.1615s
	iters: 2400, epoch: 4 | loss: 0.8070603
	speed: 0.3507s/iter; left time: 261681.9801s
	iters: 2500, epoch: 4 | loss: 0.7085769
	speed: 0.3504s/iter; left time: 261460.3020s
	iters: 2600, epoch: 4 | loss: 0.7606235
	speed: 0.3505s/iter; left time: 261446.8383s
	iters: 2700, epoch: 4 | loss: 0.6343310
	speed: 0.3505s/iter; left time: 261414.9217s
	iters: 2800, epoch: 4 | loss: 0.6928380
	speed: 0.3506s/iter; left time: 261474.9727s
	iters: 2900, epoch: 4 | loss: 0.8477508
	speed: 0.3504s/iter; left time: 261320.3962s
	iters: 3000, epoch: 4 | loss: 0.9438753
	speed: 0.3505s/iter; left time: 261315.7612s
	iters: 3100, epoch: 4 | loss: 0.7828928
	speed: 0.3510s/iter; left time: 261669.1013s
	iters: 3200, epoch: 4 | loss: 0.8138327
	speed: 0.3507s/iter; left time: 261439.5289s
	iters: 3300, epoch: 4 | loss: 0.7830993
	speed: 0.3502s/iter; left time: 260983.1206s
	iters: 3400, epoch: 4 | loss: 0.9069597
	speed: 0.3503s/iter; left time: 261007.3137s
	iters: 3500, epoch: 4 | loss: 0.7971460
	speed: 0.3507s/iter; left time: 261296.9880s
	iters: 3600, epoch: 4 | loss: 0.7197646
	speed: 0.3504s/iter; left time: 261051.1796s
	iters: 3700, epoch: 4 | loss: 0.7950912
	speed: 0.3504s/iter; left time: 260984.7168s
	iters: 3800, epoch: 4 | loss: 0.7808492
	speed: 0.3506s/iter; left time: 261110.2523s
Epoch: 4 cost time: 1333.0532937049866
Epoch: 4, Steps: 3800 | Train Loss: 0.7436122 Vali Loss: 0.9498193 Test Loss: 0.9346586
EarlyStopping counter: 1 out of 5
	iters: 100, epoch: 5 | loss: 0.7293836
	speed: 7.5975s/iter; left time: 5657871.4581s
	iters: 200, epoch: 5 | loss: 0.8273618
	speed: 0.3543s/iter; left time: 263845.7015s
	iters: 300, epoch: 5 | loss: 0.7784281
	speed: 0.3543s/iter; left time: 263744.2768s
	iters: 400, epoch: 5 | loss: 0.9157967
	speed: 0.3543s/iter; left time: 263729.9144s
	iters: 500, epoch: 5 | loss: 0.7799805
	speed: 0.3543s/iter; left time: 263668.7212s
	iters: 600, epoch: 5 | loss: 0.8135288
	speed: 0.3544s/iter; left time: 263721.5949s
	iters: 700, epoch: 5 | loss: 0.8665932
	speed: 0.3543s/iter; left time: 263668.8466s
	iters: 800, epoch: 5 | loss: 0.6956747
	speed: 0.3542s/iter; left time: 263538.7282s
	iters: 900, epoch: 5 | loss: 0.7526320
	speed: 0.3541s/iter; left time: 263414.2983s
	iters: 1000, epoch: 5 | loss: 0.7375586
	speed: 0.3542s/iter; left time: 263429.7732s
	iters: 1100, epoch: 5 | loss: 0.7453394
	speed: 0.3545s/iter; left time: 263663.7327s
	iters: 1200, epoch: 5 | loss: 0.8522511
	speed: 0.3542s/iter; left time: 263367.1252s
	iters: 1300, epoch: 5 | loss: 0.7052916
	speed: 0.3543s/iter; left time: 263444.3165s
	iters: 1400, epoch: 5 | loss: 0.8205739
	speed: 0.3543s/iter; left time: 263354.3288s
	iters: 1500, epoch: 5 | loss: 0.7097269
	speed: 0.3540s/iter; left time: 263096.0301s
	iters: 1600, epoch: 5 | loss: 0.7465619
	speed: 0.3541s/iter; left time: 263161.4307s
	iters: 1700, epoch: 5 | loss: 0.7751099
	speed: 0.3541s/iter; left time: 263142.1598s
	iters: 1800, epoch: 5 | loss: 0.7719502
	speed: 0.3543s/iter; left time: 263223.5952s
	iters: 1900, epoch: 5 | loss: 0.7564307
	speed: 0.3540s/iter; left time: 263005.7154s
	iters: 2000, epoch: 5 | loss: 0.7294746
	speed: 0.3541s/iter; left time: 262997.7435s
	iters: 2100, epoch: 5 | loss: 0.6963696
	speed: 0.3542s/iter; left time: 263068.2964s
	iters: 2200, epoch: 5 | loss: 0.6962454
	speed: 0.3544s/iter; left time: 263152.5316s
	iters: 2300, epoch: 5 | loss: 0.7348216
	speed: 0.3539s/iter; left time: 262764.0431s
	iters: 2400, epoch: 5 | loss: 0.7468491
	speed: 0.3544s/iter; left time: 263100.0170s
	iters: 2500, epoch: 5 | loss: 0.6341887
	speed: 0.3541s/iter; left time: 262860.0016s
	iters: 2600, epoch: 5 | loss: 0.6915779
	speed: 0.3539s/iter; left time: 262640.6990s
	iters: 2700, epoch: 5 | loss: 0.7503492
	speed: 0.3543s/iter; left time: 262922.3419s
	iters: 2800, epoch: 5 | loss: 0.7605948
	speed: 0.3541s/iter; left time: 262708.9247s
	iters: 2900, epoch: 5 | loss: 0.7167859
	speed: 0.3543s/iter; left time: 262889.6119s
	iters: 3000, epoch: 5 | loss: 0.7190230
	speed: 0.3539s/iter; left time: 262502.2153s
	iters: 3100, epoch: 5 | loss: 0.7494677
	speed: 0.3540s/iter; left time: 262575.6543s
	iters: 3200, epoch: 5 | loss: 0.6718066
	speed: 0.3541s/iter; left time: 262586.7486s
	iters: 3300, epoch: 5 | loss: 0.7179649
	speed: 0.3541s/iter; left time: 262529.4171s
	iters: 3400, epoch: 5 | loss: 0.6792204
	speed: 0.3541s/iter; left time: 262507.0235s
	iters: 3500, epoch: 5 | loss: 0.7273043
	speed: 0.3541s/iter; left time: 262531.5668s
	iters: 3600, epoch: 5 | loss: 0.6616732
	speed: 0.3544s/iter; left time: 262647.2476s
	iters: 3700, epoch: 5 | loss: 0.6934758
	speed: 0.3539s/iter; left time: 262244.7730s
	iters: 3800, epoch: 5 | loss: 0.7263310
	speed: 0.3538s/iter; left time: 262141.6437s
Epoch: 5 cost time: 1346.4110622406006
Epoch: 5, Steps: 3800 | Train Loss: 0.7373947 Vali Loss: 0.8795621 Test Loss: 0.8516155
EarlyStopping counter: 2 out of 5
	iters: 100, epoch: 6 | loss: 0.6570853
	speed: 7.6144s/iter; left time: 5641518.3996s
	iters: 200, epoch: 6 | loss: 0.7572383
	speed: 0.3526s/iter; left time: 261208.7781s
	iters: 300, epoch: 6 | loss: 0.7427335
	speed: 0.3523s/iter; left time: 260984.8717s
	iters: 400, epoch: 6 | loss: 0.6865280
	speed: 0.3526s/iter; left time: 261131.7313s
	iters: 500, epoch: 6 | loss: 0.6216910
	speed: 0.3523s/iter; left time: 260863.5046s
	iters: 600, epoch: 6 | loss: 0.7016082
	speed: 0.3525s/iter; left time: 260984.1450s
	iters: 700, epoch: 6 | loss: 0.7272815
	speed: 0.3526s/iter; left time: 261011.9705s
	iters: 800, epoch: 6 | loss: 0.6759788
	speed: 0.3526s/iter; left time: 260991.5653s
	iters: 900, epoch: 6 | loss: 0.7070162
	speed: 0.3526s/iter; left time: 260923.4007s
	iters: 1000, epoch: 6 | loss: 0.7158322
	speed: 0.3524s/iter; left time: 260744.3463s
	iters: 1100, epoch: 6 | loss: 0.6613061
	speed: 0.3525s/iter; left time: 260816.7607s
	iters: 1200, epoch: 6 | loss: 0.6403332
	speed: 0.3517s/iter; left time: 260151.1995s
	iters: 1300, epoch: 6 | loss: 0.7364918
	speed: 0.3520s/iter; left time: 260404.3876s
	iters: 1400, epoch: 6 | loss: 0.8450916
	speed: 0.3522s/iter; left time: 260505.8271s
	iters: 1500, epoch: 6 | loss: 0.7005257
	speed: 0.3524s/iter; left time: 260617.5914s
	iters: 1600, epoch: 6 | loss: 0.7513629
	speed: 0.3522s/iter; left time: 260424.3272s
	iters: 1700, epoch: 6 | loss: 0.6981642
	speed: 0.3520s/iter; left time: 260254.4235s
	iters: 1800, epoch: 6 | loss: 0.7410631
	speed: 0.3523s/iter; left time: 260400.6097s
	iters: 1900, epoch: 6 | loss: 0.7187577
	speed: 0.3523s/iter; left time: 260367.7895s
	iters: 2000, epoch: 6 | loss: 0.6815677
	speed: 0.3522s/iter; left time: 260266.6310s
	iters: 2100, epoch: 6 | loss: 0.6640869
	speed: 0.3519s/iter; left time: 260010.4134s
	iters: 2200, epoch: 6 | loss: 0.6869872
	speed: 0.3521s/iter; left time: 260096.2883s
	iters: 2300, epoch: 6 | loss: 0.7073874
	speed: 0.3516s/iter; left time: 259723.7111s
	iters: 2400, epoch: 6 | loss: 0.7073289
	speed: 0.3519s/iter; left time: 259877.9518s
	iters: 2500, epoch: 6 | loss: 0.7257881
	speed: 0.3522s/iter; left time: 260113.1751s
	iters: 2600, epoch: 6 | loss: 0.6286673
	speed: 0.3520s/iter; left time: 259916.0697s
	iters: 2700, epoch: 6 | loss: 0.6357226
	speed: 0.3518s/iter; left time: 259733.2291s
	iters: 2800, epoch: 6 | loss: 0.7501475
	speed: 0.3520s/iter; left time: 259881.7026s
	iters: 2900, epoch: 6 | loss: 0.6918613
	speed: 0.3521s/iter; left time: 259884.3030s
	iters: 3000, epoch: 6 | loss: 0.6827986
	speed: 0.3519s/iter; left time: 259700.8896s
	iters: 3100, epoch: 6 | loss: 0.8468781
	speed: 0.3522s/iter; left time: 259914.3653s
	iters: 3200, epoch: 6 | loss: 0.7212885
	speed: 0.3522s/iter; left time: 259872.9218s
	iters: 3300, epoch: 6 | loss: 0.6409999
	speed: 0.3522s/iter; left time: 259817.1386s
	iters: 3400, epoch: 6 | loss: 0.7029619
	speed: 0.3517s/iter; left time: 259436.0224s
	iters: 3500, epoch: 6 | loss: 0.8334116
	speed: 0.3518s/iter; left time: 259472.7286s
	iters: 3600, epoch: 6 | loss: 0.6677135
	speed: 0.3521s/iter; left time: 259646.9832s
	iters: 3700, epoch: 6 | loss: 0.6457065
	speed: 0.3519s/iter; left time: 259478.4540s
	iters: 3800, epoch: 6 | loss: 0.6797442
	speed: 0.3517s/iter; left time: 259275.3692s
Epoch: 6 cost time: 1338.8017003536224
Epoch: 6, Steps: 3800 | Train Loss: 0.6976630 Vali Loss: 0.8891062 Test Loss: 0.8813389
EarlyStopping counter: 3 out of 5
	iters: 100, epoch: 7 | loss: 0.6965370
	speed: 7.6113s/iter; left time: 5610330.7263s
	iters: 200, epoch: 7 | loss: 0.6708843
	speed: 0.3517s/iter; left time: 259189.5887s
	iters: 300, epoch: 7 | loss: 0.7289564
	speed: 0.3516s/iter; left time: 259064.0715s
	iters: 400, epoch: 7 | loss: 0.6625305
	speed: 0.3520s/iter; left time: 259358.6883s
	iters: 500, epoch: 7 | loss: 0.7450180
	speed: 0.3518s/iter; left time: 259205.9437s
	iters: 600, epoch: 7 | loss: 0.7186139
	speed: 0.3522s/iter; left time: 259415.8095s
	iters: 700, epoch: 7 | loss: 0.7036293
	speed: 0.3518s/iter; left time: 259078.5445s
	iters: 800, epoch: 7 | loss: 0.7652771
	speed: 0.3519s/iter; left time: 259107.6461s
	iters: 900, epoch: 7 | loss: 0.6413946
	speed: 0.3517s/iter; left time: 258927.8213s
	iters: 1000, epoch: 7 | loss: 0.7365659
	speed: 0.3516s/iter; left time: 258828.5223s
	iters: 1100, epoch: 7 | loss: 0.7357650
	speed: 0.3516s/iter; left time: 258791.9065s
	iters: 1200, epoch: 7 | loss: 0.6142976
	speed: 0.3518s/iter; left time: 258961.4513s
	iters: 1300, epoch: 7 | loss: 0.6520263
	speed: 0.3514s/iter; left time: 258561.2288s
	iters: 1400, epoch: 7 | loss: 0.7077346
	speed: 0.3518s/iter; left time: 258833.9829s
	iters: 1500, epoch: 7 | loss: 0.6709598
	speed: 0.3516s/iter; left time: 258638.3227s
	iters: 1600, epoch: 7 | loss: 0.6156185
	speed: 0.3515s/iter; left time: 258594.5473s
	iters: 1700, epoch: 7 | loss: 0.6401761
	speed: 0.3517s/iter; left time: 258656.4849s
	iters: 1800, epoch: 7 | loss: 0.6675398
	speed: 0.3516s/iter; left time: 258536.6333s
	iters: 1900, epoch: 7 | loss: 0.7030142
	speed: 0.3516s/iter; left time: 258552.8834s
	iters: 2000, epoch: 7 | loss: 0.7293131
	speed: 0.3514s/iter; left time: 258316.4524s
	iters: 2100, epoch: 7 | loss: 0.6335297
	speed: 0.3512s/iter; left time: 258183.4823s
	iters: 2200, epoch: 7 | loss: 0.6826755
	speed: 0.3513s/iter; left time: 258195.9687s
	iters: 2300, epoch: 7 | loss: 0.7946470
	speed: 0.3516s/iter; left time: 258393.8450s
	iters: 2400, epoch: 7 | loss: 0.6074092
	speed: 0.3514s/iter; left time: 258242.1971s
	iters: 2500, epoch: 7 | loss: 0.6738811
	speed: 0.3512s/iter; left time: 258015.3873s
	iters: 2600, epoch: 7 | loss: 0.6595587
	speed: 0.3511s/iter; left time: 257943.3646s
	iters: 2700, epoch: 7 | loss: 0.7006524
	speed: 0.3513s/iter; left time: 258041.7214s
	iters: 2800, epoch: 7 | loss: 0.7047207
	speed: 0.3515s/iter; left time: 258143.2654s
	iters: 2900, epoch: 7 | loss: 0.6264322
	speed: 0.3512s/iter; left time: 257856.1005s
	iters: 3000, epoch: 7 | loss: 0.7070851
	speed: 0.3514s/iter; left time: 257999.8619s
	iters: 3100, epoch: 7 | loss: 0.6730672
	speed: 0.3509s/iter; left time: 257580.8377s
	iters: 3200, epoch: 7 | loss: 0.7466400
	speed: 0.3510s/iter; left time: 257605.8586s
	iters: 3300, epoch: 7 | loss: 0.6734088
	speed: 0.3513s/iter; left time: 257836.6205s
	iters: 3400, epoch: 7 | loss: 0.6340682
	speed: 0.3510s/iter; left time: 257556.3929s
	iters: 3500, epoch: 7 | loss: 0.7150151
	speed: 0.3512s/iter; left time: 257642.5366s
	iters: 3600, epoch: 7 | loss: 0.6280628
	speed: 0.3512s/iter; left time: 257650.4405s
	iters: 3700, epoch: 7 | loss: 0.5755942
	speed: 0.3515s/iter; left time: 257859.6164s
	iters: 3800, epoch: 7 | loss: 0.6562710
	speed: 0.3507s/iter; left time: 257177.2692s
Epoch: 7 cost time: 1336.2248718738556
Epoch: 7, Steps: 3800 | Train Loss: 0.6858374 Vali Loss: 0.8483479 Test Loss: 0.8545523
Validation loss decreased (0.874768 --> 0.848348).  Saving model ...
	iters: 100, epoch: 8 | loss: 0.6521198
	speed: 7.6012s/iter; left time: 5573976.0467s
	iters: 200, epoch: 8 | loss: 0.5899281
	speed: 0.3532s/iter; left time: 258972.7792s
	iters: 300, epoch: 8 | loss: 0.6614404
	speed: 0.3560s/iter; left time: 260974.9591s
	iters: 400, epoch: 8 | loss: 0.6300163
	speed: 0.3590s/iter; left time: 263137.4927s
	iters: 500, epoch: 8 | loss: 0.6472262
	speed: 0.3595s/iter; left time: 263495.9829s
	iters: 600, epoch: 8 | loss: 0.7136422
	speed: 0.3591s/iter; left time: 263116.9685s
	iters: 700, epoch: 8 | loss: 0.6574935
	speed: 0.3594s/iter; left time: 263300.5760s
	iters: 800, epoch: 8 | loss: 0.6130440
	speed: 0.3597s/iter; left time: 263525.3656s
	iters: 900, epoch: 8 | loss: 0.7067482
	speed: 0.3591s/iter; left time: 263076.1132s
	iters: 1000, epoch: 8 | loss: 0.6466538
	speed: 0.3591s/iter; left time: 262977.9541s
	iters: 1100, epoch: 8 | loss: 0.7347374
	speed: 0.3590s/iter; left time: 262881.4444s
	iters: 1200, epoch: 8 | loss: 0.6198896
	speed: 0.3595s/iter; left time: 263195.3749s
	iters: 1300, epoch: 8 | loss: 0.6653197
	speed: 0.3593s/iter; left time: 263051.6344s
	iters: 1400, epoch: 8 | loss: 0.6613963
	speed: 0.3591s/iter; left time: 262866.6959s
	iters: 1500, epoch: 8 | loss: 0.6651426
	speed: 0.3592s/iter; left time: 262915.6248s
	iters: 1600, epoch: 8 | loss: 0.6792520
	speed: 0.3594s/iter; left time: 263038.5968s
	iters: 1700, epoch: 8 | loss: 0.7305629
	speed: 0.3589s/iter; left time: 262643.8156s
	iters: 1800, epoch: 8 | loss: 0.6566587
	speed: 0.3586s/iter; left time: 262379.3581s
	iters: 1900, epoch: 8 | loss: 0.7479894
	speed: 0.3588s/iter; left time: 262459.3175s
	iters: 2000, epoch: 8 | loss: 0.6666943
	speed: 0.3590s/iter; left time: 262588.2580s
	iters: 2100, epoch: 8 | loss: 0.6443688
	speed: 0.3588s/iter; left time: 262390.9147s
	iters: 2200, epoch: 8 | loss: 0.6528373
	speed: 0.3589s/iter; left time: 262455.8561s
	iters: 2300, epoch: 8 | loss: 0.6869071
	speed: 0.3591s/iter; left time: 262538.0159s
	iters: 2400, epoch: 8 | loss: 0.6706173
	speed: 0.3591s/iter; left time: 262466.8779s
	iters: 2500, epoch: 8 | loss: 0.6222176
	speed: 0.3586s/iter; left time: 262073.4375s
	iters: 2600, epoch: 8 | loss: 0.6604403
	speed: 0.3585s/iter; left time: 261974.4153s
	iters: 2700, epoch: 8 | loss: 0.6357234
	speed: 0.3593s/iter; left time: 262550.0508s
	iters: 2800, epoch: 8 | loss: 0.6777545
	speed: 0.3589s/iter; left time: 262180.4834s
	iters: 2900, epoch: 8 | loss: 0.6276574
	speed: 0.3588s/iter; left time: 262081.4265s
	iters: 3000, epoch: 8 | loss: 0.7261517
	speed: 0.3585s/iter; left time: 261854.7413s
	iters: 3100, epoch: 8 | loss: 0.6014473
	speed: 0.3589s/iter; left time: 262102.7557s
	iters: 3200, epoch: 8 | loss: 0.7022222
	speed: 0.3586s/iter; left time: 261840.2485s
	iters: 3300, epoch: 8 | loss: 0.7270585
	speed: 0.3588s/iter; left time: 261935.6227s
	iters: 3400, epoch: 8 | loss: 0.6904637
	speed: 0.3587s/iter; left time: 261829.1601s
	iters: 3500, epoch: 8 | loss: 0.6775357
	speed: 0.3581s/iter; left time: 261389.0888s
	iters: 3600, epoch: 8 | loss: 0.6720006
	speed: 0.3587s/iter; left time: 261802.6396s
	iters: 3700, epoch: 8 | loss: 0.6857653
	speed: 0.3588s/iter; left time: 261837.8871s
	iters: 3800, epoch: 8 | loss: 0.6512856
	speed: 0.3586s/iter; left time: 261652.8730s
Epoch: 8 cost time: 1363.265254497528
Epoch: 8, Steps: 3800 | Train Loss: 0.6798716 Vali Loss: 0.8887023 Test Loss: 0.8752993
EarlyStopping counter: 1 out of 5
	iters: 100, epoch: 9 | loss: 0.5976979
	speed: 7.5765s/iter; left time: 5527078.1022s
	iters: 200, epoch: 9 | loss: 0.6473017
	speed: 0.3515s/iter; left time: 256418.5406s
	iters: 300, epoch: 9 | loss: 0.6128097
	speed: 0.3517s/iter; left time: 256525.5389s
	iters: 400, epoch: 9 | loss: 0.6449998
	speed: 0.3512s/iter; left time: 256121.4634s
	iters: 500, epoch: 9 | loss: 0.7328695
	speed: 0.3512s/iter; left time: 256036.8171s
	iters: 600, epoch: 9 | loss: 0.6324404
	speed: 0.3514s/iter; left time: 256195.7493s
	iters: 700, epoch: 9 | loss: 0.6383447
	speed: 0.3511s/iter; left time: 255933.6289s
	iters: 800, epoch: 9 | loss: 0.6646974
	speed: 0.3517s/iter; left time: 256287.1302s
	iters: 900, epoch: 9 | loss: 0.6998818
	speed: 0.3512s/iter; left time: 255898.6050s
	iters: 1000, epoch: 9 | loss: 0.7464452
	speed: 0.3513s/iter; left time: 255961.9166s
	iters: 1100, epoch: 9 | loss: 0.6416077
	speed: 0.3512s/iter; left time: 255880.4947s
	iters: 1200, epoch: 9 | loss: 0.6551220
	speed: 0.3511s/iter; left time: 255726.8046s
	iters: 1300, epoch: 9 | loss: 0.6834233
	speed: 0.3512s/iter; left time: 255748.6906s
	iters: 1400, epoch: 9 | loss: 0.7434695
	speed: 0.3514s/iter; left time: 255880.1287s
	iters: 1500, epoch: 9 | loss: 0.6348717
	speed: 0.3510s/iter; left time: 255532.4345s
	iters: 1600, epoch: 9 | loss: 0.7493693
	speed: 0.3510s/iter; left time: 255510.9813s
	iters: 1700, epoch: 9 | loss: 0.6355884
	speed: 0.3512s/iter; left time: 255625.0422s
	iters: 1800, epoch: 9 | loss: 0.6702820
	speed: 0.3510s/iter; left time: 255479.1793s
	iters: 1900, epoch: 9 | loss: 0.5979539
	speed: 0.3512s/iter; left time: 255583.1399s
	iters: 2000, epoch: 9 | loss: 0.5714505
	speed: 0.3512s/iter; left time: 255523.7836s
	iters: 2100, epoch: 9 | loss: 0.6727027
	speed: 0.3510s/iter; left time: 255375.9937s
	iters: 2200, epoch: 9 | loss: 0.6163452
	speed: 0.3506s/iter; left time: 255031.9496s
	iters: 2300, epoch: 9 | loss: 0.6996099
	speed: 0.3511s/iter; left time: 255328.9972s
	iters: 2400, epoch: 9 | loss: 0.7432789
	speed: 0.3511s/iter; left time: 255288.9808s
	iters: 2500, epoch: 9 | loss: 0.8436329
	speed: 0.3510s/iter; left time: 255232.3739s
	iters: 2600, epoch: 9 | loss: 0.7359604
	speed: 0.3506s/iter; left time: 254922.4175s
	iters: 2700, epoch: 9 | loss: 0.7312772
	speed: 0.3510s/iter; left time: 255151.6366s
	iters: 2800, epoch: 9 | loss: 0.7188385
	speed: 0.3510s/iter; left time: 255137.1126s
	iters: 2900, epoch: 9 | loss: 0.7549670
	speed: 0.3509s/iter; left time: 254992.3702s
	iters: 3000, epoch: 9 | loss: 0.6650611
	speed: 0.3515s/iter; left time: 255395.2197s
	iters: 3100, epoch: 9 | loss: 0.6387885
	speed: 0.3517s/iter; left time: 255504.1666s
	iters: 3200, epoch: 9 | loss: 0.6111172
	speed: 0.3517s/iter; left time: 255497.3622s
	iters: 3300, epoch: 9 | loss: 0.7437647
	speed: 0.3513s/iter; left time: 255116.5787s
	iters: 3400, epoch: 9 | loss: 0.6751841
	speed: 0.3514s/iter; left time: 255205.4161s
	iters: 3500, epoch: 9 | loss: 0.6886172
	speed: 0.3518s/iter; left time: 255459.2249s
	iters: 3600, epoch: 9 | loss: 0.6923258
	speed: 0.3515s/iter; left time: 255162.3135s
	iters: 3700, epoch: 9 | loss: 0.6346633
	speed: 0.3514s/iter; left time: 255083.9261s
	iters: 3800, epoch: 9 | loss: 0.6675180
	speed: 0.3515s/iter; left time: 255149.3800s
Epoch: 9 cost time: 1335.3807611465454
Epoch: 9, Steps: 3800 | Train Loss: 0.6834522 Vali Loss: 0.8804478 Test Loss: 0.8889393
EarlyStopping counter: 2 out of 5
	iters: 100, epoch: 10 | loss: 0.6517187
	speed: 7.5811s/iter; left time: 5501636.1701s
	iters: 200, epoch: 10 | loss: 0.6837888
	speed: 0.3587s/iter; left time: 260300.6259s
	iters: 300, epoch: 10 | loss: 0.6786385
	speed: 0.3590s/iter; left time: 260442.3468s
	iters: 400, epoch: 10 | loss: 0.6861823
	speed: 0.3583s/iter; left time: 259939.4134s
	iters: 500, epoch: 10 | loss: 0.6722195
	speed: 0.3586s/iter; left time: 260099.2237s
	iters: 600, epoch: 10 | loss: 0.6962509
	speed: 0.3588s/iter; left time: 260237.1460s
	iters: 700, epoch: 10 | loss: 0.6649628
	speed: 0.3591s/iter; left time: 260392.0817s
	iters: 800, epoch: 10 | loss: 0.6144707
	speed: 0.3591s/iter; left time: 260379.2413s
	iters: 900, epoch: 10 | loss: 0.6191090
	speed: 0.3588s/iter; left time: 260108.6050s
	iters: 1000, epoch: 10 | loss: 0.6632682
	speed: 0.3592s/iter; left time: 260342.1190s
	iters: 1100, epoch: 10 | loss: 0.6016043
	speed: 0.3588s/iter; left time: 260033.6602s
	iters: 1200, epoch: 10 | loss: 0.6615725
	speed: 0.3584s/iter; left time: 259681.3631s
	iters: 1300, epoch: 10 | loss: 0.6424640
	speed: 0.3586s/iter; left time: 259791.1629s
	iters: 1400, epoch: 10 | loss: 0.7364558
	speed: 0.3593s/iter; left time: 260294.8272s
	iters: 1500, epoch: 10 | loss: 0.6864838
	speed: 0.3592s/iter; left time: 260176.8582s
	iters: 1600, epoch: 10 | loss: 0.6606850
	speed: 0.3584s/iter; left time: 259564.2911s
	iters: 1700, epoch: 10 | loss: 0.6902472
	speed: 0.3591s/iter; left time: 259995.4557s
	iters: 1800, epoch: 10 | loss: 0.6651059
	speed: 0.3587s/iter; left time: 259714.3480s
	iters: 1900, epoch: 10 | loss: 0.6868446
	speed: 0.3583s/iter; left time: 259401.8947s
	iters: 2000, epoch: 10 | loss: 0.7018619
	speed: 0.3588s/iter; left time: 259717.9917s
	iters: 2100, epoch: 10 | loss: 0.6336108
	speed: 0.3588s/iter; left time: 259647.8506s
	iters: 2200, epoch: 10 | loss: 0.6583664
	speed: 0.3590s/iter; left time: 259764.8548s
	iters: 2300, epoch: 10 | loss: 0.6742956
	speed: 0.3580s/iter; left time: 259042.8976s
	iters: 2400, epoch: 10 | loss: 0.6622918
	speed: 0.3589s/iter; left time: 259628.0384s
	iters: 2500, epoch: 10 | loss: 0.5955184
	speed: 0.3588s/iter; left time: 259508.0299s
	iters: 2600, epoch: 10 | loss: 0.7262783
	speed: 0.3584s/iter; left time: 259209.2128s
	iters: 2700, epoch: 10 | loss: 0.7687274
	speed: 0.3588s/iter; left time: 259433.4304s
	iters: 2800, epoch: 10 | loss: 0.6518285
	speed: 0.3587s/iter; left time: 259328.8931s
	iters: 2900, epoch: 10 | loss: 0.5977290
	speed: 0.3586s/iter; left time: 259199.4370s
	iters: 3000, epoch: 10 | loss: 0.6118936
	speed: 0.3587s/iter; left time: 259237.6693s
	iters: 3100, epoch: 10 | loss: 0.6305518
	speed: 0.3582s/iter; left time: 258888.6955s
	iters: 3200, epoch: 10 | loss: 0.6026204
	speed: 0.3585s/iter; left time: 259049.1104s
	iters: 3300, epoch: 10 | loss: 0.6446165
	speed: 0.3583s/iter; left time: 258850.0502s
	iters: 3400, epoch: 10 | loss: 0.6538607
	speed: 0.3577s/iter; left time: 258410.9980s
	iters: 3500, epoch: 10 | loss: 0.6758182
	speed: 0.3582s/iter; left time: 258723.5302s
	iters: 3600, epoch: 10 | loss: 0.6559604
	speed: 0.3580s/iter; left time: 258556.3225s
	iters: 3700, epoch: 10 | loss: 0.6607897
	speed: 0.3581s/iter; left time: 258591.5382s
	iters: 3800, epoch: 10 | loss: 0.6990055
	speed: 0.3572s/iter; left time: 257898.9399s
Epoch: 10 cost time: 1363.3289997577667
Epoch: 10, Steps: 3800 | Train Loss: 0.6745552 Vali Loss: 0.8753186 Test Loss: 0.8771281
EarlyStopping counter: 3 out of 5
	iters: 100, epoch: 11 | loss: 0.6463897
	speed: 7.6101s/iter; left time: 5493719.9414s
	iters: 200, epoch: 11 | loss: 0.6471490
	speed: 0.3591s/iter; left time: 259183.6078s
	iters: 300, epoch: 11 | loss: 0.5727541
	speed: 0.3592s/iter; left time: 259263.9173s
	iters: 400, epoch: 11 | loss: 0.6050541
	speed: 0.3591s/iter; left time: 259100.5954s
	iters: 500, epoch: 11 | loss: 0.6680994
	speed: 0.3591s/iter; left time: 259110.4840s
	iters: 600, epoch: 11 | loss: 0.5985297
	speed: 0.3594s/iter; left time: 259280.2830s
	iters: 700, epoch: 11 | loss: 0.7086025
	speed: 0.3590s/iter; left time: 258955.8646s
	iters: 800, epoch: 11 | loss: 0.5981448
	speed: 0.3595s/iter; left time: 259270.5854s
	iters: 900, epoch: 11 | loss: 0.6236577
	speed: 0.3591s/iter; left time: 258918.9713s
	iters: 1000, epoch: 11 | loss: 0.6373540
	speed: 0.3591s/iter; left time: 258936.8253s
	iters: 1100, epoch: 11 | loss: 0.7161669
	speed: 0.3588s/iter; left time: 258663.1589s
	iters: 1200, epoch: 11 | loss: 0.5668207
	speed: 0.3591s/iter; left time: 258819.4110s
	iters: 1300, epoch: 11 | loss: 0.7093486
	speed: 0.3584s/iter; left time: 258278.8830s
	iters: 1400, epoch: 11 | loss: 0.5593522
	speed: 0.3585s/iter; left time: 258334.5885s
	iters: 1500, epoch: 11 | loss: 0.6426719
	speed: 0.3592s/iter; left time: 258772.8794s
	iters: 1600, epoch: 11 | loss: 0.6082367
	speed: 0.3592s/iter; left time: 258790.5657s
	iters: 1700, epoch: 11 | loss: 0.5810785
	speed: 0.3588s/iter; left time: 258411.4682s
	iters: 1800, epoch: 11 | loss: 0.6332304
	speed: 0.3587s/iter; left time: 258332.5229s
	iters: 1900, epoch: 11 | loss: 0.6263762
	speed: 0.3592s/iter; left time: 258631.9482s
	iters: 2000, epoch: 11 | loss: 0.6848166
	speed: 0.3592s/iter; left time: 258606.0023s
	iters: 2100, epoch: 11 | loss: 0.6679140
	speed: 0.3591s/iter; left time: 258514.0880s
	iters: 2200, epoch: 11 | loss: 0.7132633
	speed: 0.3588s/iter; left time: 258239.8992s
	iters: 2300, epoch: 11 | loss: 0.6334451
	speed: 0.3592s/iter; left time: 258552.5307s
	iters: 2400, epoch: 11 | loss: 0.5641071
	speed: 0.3589s/iter; left time: 258266.9082s
	iters: 2500, epoch: 11 | loss: 0.6697513
	speed: 0.3586s/iter; left time: 258035.7752s
	iters: 2600, epoch: 11 | loss: 0.6690419
	speed: 0.3588s/iter; left time: 258152.0765s
	iters: 2700, epoch: 11 | loss: 0.6790731
	speed: 0.3591s/iter; left time: 258309.8663s
	iters: 2800, epoch: 11 | loss: 0.6275740
	speed: 0.3587s/iter; left time: 257953.6046s
	iters: 2900, epoch: 11 | loss: 0.5937946
	speed: 0.3589s/iter; left time: 258088.3414s
	iters: 3000, epoch: 11 | loss: 0.6463053
	speed: 0.3586s/iter; left time: 257800.0955s
	iters: 3100, epoch: 11 | loss: 0.6487947
	speed: 0.3586s/iter; left time: 257783.7677s
	iters: 3200, epoch: 11 | loss: 0.6123762
	speed: 0.3588s/iter; left time: 257941.1989s
	iters: 3300, epoch: 11 | loss: 0.6048668
	speed: 0.3584s/iter; left time: 257601.5829s
	iters: 3400, epoch: 11 | loss: 0.6055502
	speed: 0.3583s/iter; left time: 257476.6018s
	iters: 3500, epoch: 11 | loss: 0.6284407
	speed: 0.3587s/iter; left time: 257754.3281s
	iters: 3600, epoch: 11 | loss: 0.6890796
	speed: 0.3587s/iter; left time: 257668.6493s
	iters: 3700, epoch: 11 | loss: 0.5897542
	speed: 0.3583s/iter; left time: 257384.8272s
	iters: 3800, epoch: 11 | loss: 0.6371740
	speed: 0.3583s/iter; left time: 257305.5206s
Epoch: 11 cost time: 1364.3578023910522
Epoch: 11, Steps: 3800 | Train Loss: 0.6477046 Vali Loss: 0.8666125 Test Loss: 0.8856688
EarlyStopping counter: 4 out of 5
	iters: 100, epoch: 12 | loss: 0.6075844
	speed: 7.6055s/iter; left time: 5461482.5659s
	iters: 200, epoch: 12 | loss: 0.6582248
	speed: 0.3575s/iter; left time: 256676.1152s
	iters: 300, epoch: 12 | loss: 0.7066349
	speed: 0.3580s/iter; left time: 256999.9055s
	iters: 400, epoch: 12 | loss: 0.6770122
	speed: 0.3576s/iter; left time: 256679.6957s
	iters: 500, epoch: 12 | loss: 0.6642069
	speed: 0.3583s/iter; left time: 257139.7560s
	iters: 600, epoch: 12 | loss: 0.6899678
	speed: 0.3577s/iter; left time: 256695.9992s
	iters: 700, epoch: 12 | loss: 0.6610290
	speed: 0.3580s/iter; left time: 256895.1641s
	iters: 800, epoch: 12 | loss: 0.6075669
	speed: 0.3578s/iter; left time: 256653.1179s
	iters: 900, epoch: 12 | loss: 0.5890697
	speed: 0.3576s/iter; left time: 256481.6911s
	iters: 1000, epoch: 12 | loss: 0.6054292
	speed: 0.3576s/iter; left time: 256457.4732s
	iters: 1100, epoch: 12 | loss: 0.6349309
	speed: 0.3580s/iter; left time: 256728.8221s
	iters: 1200, epoch: 12 | loss: 0.5874304
	speed: 0.3577s/iter; left time: 256441.1078s
	iters: 1300, epoch: 12 | loss: 0.6114901
	speed: 0.3577s/iter; left time: 256454.9027s
	iters: 1400, epoch: 12 | loss: 0.6937255
	speed: 0.3578s/iter; left time: 256481.7934s
	iters: 1500, epoch: 12 | loss: 0.6485473
	speed: 0.3580s/iter; left time: 256599.1909s
	iters: 1600, epoch: 12 | loss: 0.5972488
	speed: 0.3579s/iter; left time: 256454.0657s
	iters: 1700, epoch: 12 | loss: 0.6638257
	speed: 0.3575s/iter; left time: 256177.0480s
	iters: 1800, epoch: 12 | loss: 0.5897203
	speed: 0.3579s/iter; left time: 256406.1041s
	iters: 1900, epoch: 12 | loss: 0.6305664
	speed: 0.3580s/iter; left time: 256431.8827s
	iters: 2000, epoch: 12 | loss: 0.7073790
	speed: 0.3575s/iter; left time: 256018.2130s
	iters: 2100, epoch: 12 | loss: 0.6608067
	speed: 0.3574s/iter; left time: 255945.5421s
	iters: 2200, epoch: 12 | loss: 0.5908522
	speed: 0.3575s/iter; left time: 255983.8946s
	iters: 2300, epoch: 12 | loss: 0.6149210
	speed: 0.3571s/iter; left time: 255667.7549s
	iters: 2400, epoch: 12 | loss: 0.6500900
	speed: 0.3576s/iter; left time: 255977.7025s
	iters: 2500, epoch: 12 | loss: 0.6247547
	speed: 0.3577s/iter; left time: 255990.7725s
	iters: 2600, epoch: 12 | loss: 0.5581289
	speed: 0.3581s/iter; left time: 256290.7498s
	iters: 2700, epoch: 12 | loss: 0.6626529
	speed: 0.3575s/iter; left time: 255806.5801s
	iters: 2800, epoch: 12 | loss: 0.6682598
	speed: 0.3579s/iter; left time: 256039.7440s
	iters: 2900, epoch: 12 | loss: 0.6072267
	speed: 0.3580s/iter; left time: 256075.1347s
	iters: 3000, epoch: 12 | loss: 0.5775447
	speed: 0.3580s/iter; left time: 256036.6631s
	iters: 3100, epoch: 12 | loss: 0.5897226
	speed: 0.3573s/iter; left time: 255511.1131s
	iters: 3200, epoch: 12 | loss: 0.7292551
	speed: 0.3575s/iter; left time: 255636.6994s
	iters: 3300, epoch: 12 | loss: 0.5659247
	speed: 0.3576s/iter; left time: 255620.6513s
	iters: 3400, epoch: 12 | loss: 0.6632465
	speed: 0.3570s/iter; left time: 255195.8443s
	iters: 3500, epoch: 12 | loss: 0.5896201
	speed: 0.3575s/iter; left time: 255481.0412s
	iters: 3600, epoch: 12 | loss: 0.6587230
	speed: 0.3575s/iter; left time: 255442.2841s
	iters: 3700, epoch: 12 | loss: 0.6517966
	speed: 0.3575s/iter; left time: 255466.7296s
	iters: 3800, epoch: 12 | loss: 0.6340373
	speed: 0.3572s/iter; left time: 255217.0893s
Epoch: 12 cost time: 1359.8030116558075
Epoch: 12, Steps: 3800 | Train Loss: 0.6328098 Vali Loss: 0.8617552 Test Loss: 0.8576320
EarlyStopping counter: 5 out of 5
Early stopping
>>>>>>>testing : long_term_forecast_pems04_all_96_720_Autoformer_custom_ftM_sl96_ll48_pl720_dm128_nh8_el2_dl1_df2048_fc3_ebtimeF_dtTrue_srate0.1_sseed7_trainseed2024_gap548_Exp_0<<<<<<<<<<<<<<<<<<<<<<<<<<<<<<<<<
test 299675
test shape: (29967, 1, 720, 822) (29967, 1, 720, 822)
test shape: (29967, 720, 822) (29967, 720, 822)
