nohup: ignoring input
Traceback (most recent call last):
  File "run.py", line 4, in <module>
    from exp.exp_long_term_forecasting import Exp_Long_Term_Forecast
  File "/g/data/hn98/du/exlts/ddd2/exp/exp_long_term_forecasting.py", line 2, in <module>
    from exp.exp_basic import Exp_Basic
  File "/g/data/hn98/du/exlts/ddd2/exp/exp_basic.py", line 3, in <module>
  File "/g/data/hn98/du/exlts/ddd2/models/Autoformer.py", line 4, in <module>
    from layers.Embed import DataEmbedding, DataEmbedding_wo_pos
  File "<frozen importlib._bootstrap>", line 991, in _find_and_load
  File "<frozen importlib._bootstrap>", line 971, in _find_and_load_unlocked
  File "<frozen importlib._bootstrap>", line 914, in _find_spec
  File "<frozen importlib._bootstrap_external>", line 1407, in find_spec
  File "<frozen importlib._bootstrap_external>", line 1379, in _get_spec
  File "<frozen importlib._bootstrap_external>", line 1539, in find_spec
  File "<frozen importlib._bootstrap_external>", line 156, in _path_isfile
  File "<frozen importlib._bootstrap_external>", line 148, in _path_is_mode_type
  File "<frozen importlib._bootstrap_external>", line 142, in _path_stat
KeyboardInterrupt
nohup: ignoring input
usage: run.py [-h] [--samle_rate SAMLE_RATE] [--sample_seed SAMPLE_SEED]
              [--train_seed TRAIN_SEED] [--gap_day GAP_DAY]
              [--task_name TASK_NAME] [--is_training IS_TRAINING]
              [--model_id MODEL_ID] [--model MODEL] [--data DATA]
              [--root_path ROOT_PATH] [--data_path DATA_PATH]
              [--features FEATURES] [--target TARGET] [--freq FREQ]
              [--checkpoints CHECKPOINTS] [--seq_len SEQ_LEN]
              [--label_len LABEL_LEN] [--pred_len PRED_LEN]
              [--seasonal_patterns SEASONAL_PATTERNS] [--inverse]
              [--mask_rate MASK_RATE] [--anomaly_ratio ANOMALY_RATIO]
              [--top_k TOP_K] [--num_kernels NUM_KERNELS] [--enc_in ENC_IN]
              [--dec_in DEC_IN] [--c_out C_OUT] [--d_model D_MODEL]
              [--n_heads N_HEADS] [--e_layers E_LAYERS] [--d_layers D_LAYERS]
              [--d_ff D_FF] [--moving_avg MOVING_AVG] [--factor FACTOR]
              [--distil] [--dropout DROPOUT] [--embed EMBED]
              [--activation ACTIVATION] [--output_attention]
              [--num_workers NUM_WORKERS] [--itr ITR]
              [--train_epochs TRAIN_EPOCHS] [--batch_size BATCH_SIZE]
              [--patience PATIENCE] [--learning_rate LEARNING_RATE]
              [--des DES] [--loss LOSS] [--lradj LRADJ] [--use_amp]
              [--use_gpu USE_GPU] [--gpu GPU] [--use_multi_gpu]
              [--devices DEVICES]
              [--p_hidden_dims P_HIDDEN_DIMS [P_HIDDEN_DIMS ...]]
              [--p_hidden_layers P_HIDDEN_LAYERS]
run.py: error: argument --model: expected one argument
Args in experiment:
Namespace(activation='gelu', anomaly_ratio=0.25, batch_size=32, c_out=822, checkpoints='./checkpoints/', d_ff=2048, d_layers=1, d_model=128, data='custom', data_path='pems04_all_common_flow.csv', dec_in=822, des='Exp', devices='0,1,2,3', distil=True, dropout=0, e_layers=2, embed='timeF', enc_in=822, factor=3, features='M', freq='h', gap_day=730, gpu=0, inverse=False, is_training=1, itr=1, label_len=48, learning_rate=0.0005, loss='MSE', lradj='type3', mask_rate=0.25, model='Autoformer', model_id='pems04_all_96_96', moving_avg=25, n_heads=8, num_kernels=6, num_workers=10, output_attention=False, p_hidden_dims=[128, 128], p_hidden_layers=2, patience=5, pred_len=96, root_path='../../data/pems/', samle_rate=0.1, sample_seed=7, seasonal_patterns='Monthly', seq_len=96, target='OT', task_name='long_term_forecast', top_k=5, train_epochs=200, train_seed=2024, use_amp=False, use_gpu=True, use_multi_gpu=False)
Use GPU: cuda:0
>>>>>>>start training : long_term_forecast_pems04_all_96_96_Autoformer_custom_ftM_sl96_ll48_pl96_dm128_nh8_el2_dl1_df2048_fc3_ebtimeF_dtTrue_srate0.1_sseed7_trainseed2024_gap730_Exp_0>>>>>>>>>>>>>>>>>>>>>>>>>>
train 1164224
val 247885
test 247883
	iters: 100, epoch: 1 | loss: 1.1489049
	speed: 0.1303s/iter; left time: 94768.0027s
	iters: 200, epoch: 1 | loss: 0.9956969
	speed: 0.1220s/iter; left time: 88725.5104s
	iters: 300, epoch: 1 | loss: 0.8055383
	speed: 0.1217s/iter; left time: 88492.4003s
	iters: 400, epoch: 1 | loss: 0.6700895
	speed: 0.1217s/iter; left time: 88490.7294s
	iters: 500, epoch: 1 | loss: 1.0602739
	speed: 0.1213s/iter; left time: 88206.6041s
	iters: 600, epoch: 1 | loss: 0.8600436
	speed: 0.1217s/iter; left time: 88445.3895s
	iters: 700, epoch: 1 | loss: 0.8510251
	speed: 0.1213s/iter; left time: 88165.4805s
	iters: 800, epoch: 1 | loss: 0.6987808
	speed: 0.1215s/iter; left time: 88287.0341s
	iters: 900, epoch: 1 | loss: 0.7507678
	speed: 0.1214s/iter; left time: 88205.2574s
	iters: 1000, epoch: 1 | loss: 0.6415461
	speed: 0.1215s/iter; left time: 88262.4622s
	iters: 1100, epoch: 1 | loss: 0.5609794
	speed: 0.1216s/iter; left time: 88323.3945s
	iters: 1200, epoch: 1 | loss: 0.6344929
	speed: 0.1218s/iter; left time: 88457.2238s
	iters: 1300, epoch: 1 | loss: 0.5918870
	speed: 0.1194s/iter; left time: 86686.0240s
	iters: 1400, epoch: 1 | loss: 0.6476641
	speed: 0.1219s/iter; left time: 88521.0005s
	iters: 1500, epoch: 1 | loss: 0.6913249
	speed: 0.1215s/iter; left time: 88198.0019s
	iters: 1600, epoch: 1 | loss: 0.5767701
	speed: 0.1218s/iter; left time: 88430.6091s
	iters: 1700, epoch: 1 | loss: 0.5573801
	speed: 0.1215s/iter; left time: 88180.4597s
	iters: 1800, epoch: 1 | loss: 0.7338429
	speed: 0.1214s/iter; left time: 88139.1869s
	iters: 1900, epoch: 1 | loss: 0.6909693
	speed: 0.1218s/iter; left time: 88383.9701s
	iters: 2000, epoch: 1 | loss: 0.5711126
	speed: 0.1216s/iter; left time: 88223.1487s
	iters: 2100, epoch: 1 | loss: 0.5385426
	speed: 0.1212s/iter; left time: 87907.2618s
	iters: 2200, epoch: 1 | loss: 0.5840844
	speed: 0.1170s/iter; left time: 84843.1213s
	iters: 2300, epoch: 1 | loss: 0.4985211
	speed: 0.1157s/iter; left time: 83913.0436s
	iters: 2400, epoch: 1 | loss: 0.6337849
	speed: 0.1166s/iter; left time: 84561.7414s
	iters: 2500, epoch: 1 | loss: 0.6978050
	speed: 0.1159s/iter; left time: 84048.9106s
	iters: 2600, epoch: 1 | loss: 0.6071007
	speed: 0.1150s/iter; left time: 83363.5511s
	iters: 2700, epoch: 1 | loss: 0.5910984
	speed: 0.1138s/iter; left time: 82496.2752s
	iters: 2800, epoch: 1 | loss: 0.6095322
	speed: 0.1137s/iter; left time: 82389.9984s
	iters: 2900, epoch: 1 | loss: 0.7105847
	speed: 0.1138s/iter; left time: 82438.0233s
	iters: 3000, epoch: 1 | loss: 0.6807262
	speed: 0.1129s/iter; left time: 81831.8772s
	iters: 3100, epoch: 1 | loss: 0.6011910
	speed: 0.1160s/iter; left time: 84063.0870s
	iters: 3200, epoch: 1 | loss: 0.6177959
	speed: 0.1161s/iter; left time: 84074.2716s
	iters: 3300, epoch: 1 | loss: 0.5413789
	speed: 0.1160s/iter; left time: 84021.4400s
	iters: 3400, epoch: 1 | loss: 0.4811313
	speed: 0.1165s/iter; left time: 84346.6326s
	iters: 3500, epoch: 1 | loss: 0.4736617
	speed: 0.1159s/iter; left time: 83890.9044s
	iters: 3600, epoch: 1 | loss: 0.5767815
	speed: 0.1157s/iter; left time: 83746.6899s
Epoch: 1 cost time: 433.7455208301544
Epoch: 1, Steps: 3638 | Train Loss: 0.6732406 Vali Loss: 1.0209001 Test Loss: 0.9430106
Validation loss decreased (inf --> 1.020900).  Saving model ...
	iters: 100, epoch: 2 | loss: 0.5855776
	speed: 3.7207s/iter; left time: 2693284.8747s
	iters: 200, epoch: 2 | loss: 0.5700863
	speed: 0.1214s/iter; left time: 87897.8394s
	iters: 300, epoch: 2 | loss: 0.5380310
	speed: 0.1215s/iter; left time: 87906.6630s
	iters: 400, epoch: 2 | loss: 0.5504274
	speed: 0.1216s/iter; left time: 88013.5342s
	iters: 500, epoch: 2 | loss: 0.6047719
	speed: 0.1215s/iter; left time: 87922.3626s
	iters: 600, epoch: 2 | loss: 0.5199348
	speed: 0.1215s/iter; left time: 87910.6994s
	iters: 700, epoch: 2 | loss: 0.5275211
	speed: 0.1219s/iter; left time: 88156.3208s
	iters: 800, epoch: 2 | loss: 0.5191565
	speed: 0.1213s/iter; left time: 87725.4624s
	iters: 900, epoch: 2 | loss: 0.5159306
	speed: 0.1215s/iter; left time: 87879.2327s
	iters: 1000, epoch: 2 | loss: 0.6106395
	speed: 0.1211s/iter; left time: 87550.1946s
	iters: 1100, epoch: 2 | loss: 0.4467422
	speed: 0.1217s/iter; left time: 87941.2110s
	iters: 1200, epoch: 2 | loss: 0.4393398
	speed: 0.1214s/iter; left time: 87763.0114s
	iters: 1300, epoch: 2 | loss: 0.4475277
	speed: 0.1213s/iter; left time: 87666.7382s
	iters: 1400, epoch: 2 | loss: 0.4345488
	speed: 0.1215s/iter; left time: 87779.1532s
	iters: 1500, epoch: 2 | loss: 0.4334922
	speed: 0.1218s/iter; left time: 88000.1726s
	iters: 1600, epoch: 2 | loss: 0.4271685
	speed: 0.1216s/iter; left time: 87810.2440s
	iters: 1700, epoch: 2 | loss: 0.4545986
	speed: 0.1217s/iter; left time: 87894.2675s
	iters: 1800, epoch: 2 | loss: 0.4470312
	speed: 0.1217s/iter; left time: 87865.9583s
	iters: 1900, epoch: 2 | loss: 0.4105157
	speed: 0.1215s/iter; left time: 87704.1970s
	iters: 2000, epoch: 2 | loss: 0.5154540
	speed: 0.1214s/iter; left time: 87620.5515s
	iters: 2100, epoch: 2 | loss: 0.4107263
	speed: 0.1214s/iter; left time: 87599.8752s
	iters: 2200, epoch: 2 | loss: 0.4550755
	speed: 0.1212s/iter; left time: 87490.9010s
	iters: 2300, epoch: 2 | loss: 0.3841487
	speed: 0.1215s/iter; left time: 87697.8828s
	iters: 2400, epoch: 2 | loss: 0.5135563
	speed: 0.1215s/iter; left time: 87669.3220s
	iters: 2500, epoch: 2 | loss: 0.4746230
	speed: 0.1216s/iter; left time: 87736.2314s
	iters: 2600, epoch: 2 | loss: 0.4825949
	speed: 0.1211s/iter; left time: 87366.5556s
	iters: 2700, epoch: 2 | loss: 0.4458674
	speed: 0.1215s/iter; left time: 87660.3089s
	iters: 2800, epoch: 2 | loss: 0.5041749
	speed: 0.1212s/iter; left time: 87402.0800s
	iters: 2900, epoch: 2 | loss: 0.4427066
	speed: 0.1216s/iter; left time: 87668.9145s
	iters: 3000, epoch: 2 | loss: 0.4457361
	speed: 0.1215s/iter; left time: 87615.6743s
	iters: 3100, epoch: 2 | loss: 0.4453080
	speed: 0.1217s/iter; left time: 87740.0753s
	iters: 3200, epoch: 2 | loss: 0.3882067
	speed: 0.1220s/iter; left time: 87924.4134s
	iters: 3300, epoch: 2 | loss: 0.4734112
	speed: 0.1214s/iter; left time: 87472.5235s
	iters: 3400, epoch: 2 | loss: 0.3735848
	speed: 0.1218s/iter; left time: 87740.2528s
	iters: 3500, epoch: 2 | loss: 0.4208962
	speed: 0.1216s/iter; left time: 87621.8851s
	iters: 3600, epoch: 2 | loss: 0.3983452
	speed: 0.1216s/iter; left time: 87630.7521s
Epoch: 2 cost time: 442.704256772995
Epoch: 2, Steps: 3638 | Train Loss: 0.4901559 Vali Loss: 0.9518325 Test Loss: 0.9062618
Validation loss decreased (1.020900 --> 0.951833).  Saving model ...
	iters: 100, epoch: 3 | loss: 0.6389490
	speed: 3.7217s/iter; left time: 2680432.2859s
	iters: 200, epoch: 3 | loss: 0.3815028
	speed: 0.1158s/iter; left time: 83375.6798s
	iters: 300, epoch: 3 | loss: 0.3665861
	speed: 0.1153s/iter; left time: 82998.8350s
	iters: 400, epoch: 3 | loss: 0.4094002
	speed: 0.1153s/iter; left time: 83000.5758s
	iters: 500, epoch: 3 | loss: 0.3813059
	speed: 0.1148s/iter; left time: 82630.3016s
	iters: 600, epoch: 3 | loss: 0.3730748
	speed: 0.1147s/iter; left time: 82567.1206s
	iters: 700, epoch: 3 | loss: 0.4117392
	speed: 0.1152s/iter; left time: 82897.9037s
	iters: 800, epoch: 3 | loss: 0.4676771
	speed: 0.1156s/iter; left time: 83194.6853s
	iters: 900, epoch: 3 | loss: 0.3907169
	speed: 0.1150s/iter; left time: 82741.6451s
	iters: 1000, epoch: 3 | loss: 0.4693251
	speed: 0.1153s/iter; left time: 82965.6810s
	iters: 1100, epoch: 3 | loss: 0.3566633
	speed: 0.1152s/iter; left time: 82888.3087s
	iters: 1200, epoch: 3 | loss: 0.4806679
	speed: 0.1150s/iter; left time: 82714.1971s
	iters: 1300, epoch: 3 | loss: 0.3366886
	speed: 0.1153s/iter; left time: 82923.4903s
	iters: 1400, epoch: 3 | loss: 0.4490440
	speed: 0.1152s/iter; left time: 82812.6592s
	iters: 1500, epoch: 3 | loss: 0.4244421
	speed: 0.1144s/iter; left time: 82240.9292s
	iters: 1600, epoch: 3 | loss: 0.3513805
	speed: 0.1152s/iter; left time: 82762.1013s
	iters: 1700, epoch: 3 | loss: 0.3814401
	speed: 0.1139s/iter; left time: 81865.6809s
	iters: 1800, epoch: 3 | loss: 0.3785066
	speed: 0.1141s/iter; left time: 81993.2451s
	iters: 1900, epoch: 3 | loss: 0.3240151
	speed: 0.1140s/iter; left time: 81916.0668s
	iters: 2000, epoch: 3 | loss: 0.4089426
	speed: 0.1147s/iter; left time: 82371.5044s
	iters: 2100, epoch: 3 | loss: 0.3905937
	speed: 0.1193s/iter; left time: 85711.2627s
	iters: 2200, epoch: 3 | loss: 0.3767289
	speed: 0.1214s/iter; left time: 87148.9476s
	iters: 2300, epoch: 3 | loss: 0.4163762
	speed: 0.1214s/iter; left time: 87195.2821s
	iters: 2400, epoch: 3 | loss: 0.3708937
	speed: 0.1214s/iter; left time: 87142.8731s
	iters: 2500, epoch: 3 | loss: 0.3053103
	speed: 0.1214s/iter; left time: 87128.0326s
	iters: 2600, epoch: 3 | loss: 0.3836437
	speed: 0.1217s/iter; left time: 87323.1216s
	iters: 2700, epoch: 3 | loss: 0.4155067
	speed: 0.1212s/iter; left time: 86943.5692s
	iters: 2800, epoch: 3 | loss: 0.3408374
	speed: 0.1246s/iter; left time: 89374.3398s
	iters: 2900, epoch: 3 | loss: 0.3896820
	speed: 0.1199s/iter; left time: 85992.8307s
	iters: 3000, epoch: 3 | loss: 0.4443404
	speed: 0.1157s/iter; left time: 82980.7979s
	iters: 3100, epoch: 3 | loss: 0.3667141
	speed: 0.1150s/iter; left time: 82463.1953s
	iters: 3200, epoch: 3 | loss: 0.4123201
	speed: 0.1148s/iter; left time: 82326.5622s
	iters: 3300, epoch: 3 | loss: 0.3899408
	speed: 0.1156s/iter; left time: 82917.1532s
	iters: 3400, epoch: 3 | loss: 0.4366619
	speed: 0.1150s/iter; left time: 82471.5049s
	iters: 3500, epoch: 3 | loss: 0.3885113
	speed: 0.1150s/iter; left time: 82455.8689s
	iters: 3600, epoch: 3 | loss: 0.4038994
	speed: 0.1155s/iter; left time: 82767.7369s
Epoch: 3 cost time: 424.8095691204071
Epoch: 3, Steps: 3638 | Train Loss: 0.3992373 Vali Loss: 0.9360256 Test Loss: 0.9091101
Validation loss decreased (0.951833 --> 0.936026).  Saving model ...
	iters: 100, epoch: 4 | loss: 0.3669890
	speed: 3.7164s/iter; left time: 2663137.8653s
	iters: 200, epoch: 4 | loss: 0.3575935
	speed: 0.1156s/iter; left time: 82841.8620s
	iters: 300, epoch: 4 | loss: 0.3427231
	speed: 0.1155s/iter; left time: 82747.6001s
	iters: 400, epoch: 4 | loss: 0.3124139
	speed: 0.1151s/iter; left time: 82475.9420s
	iters: 500, epoch: 4 | loss: 0.3345762
	speed: 0.1154s/iter; left time: 82621.3627s
	iters: 600, epoch: 4 | loss: 0.3655605
	speed: 0.1149s/iter; left time: 82294.5114s
	iters: 700, epoch: 4 | loss: 0.3738090
	speed: 0.1156s/iter; left time: 82740.0159s
	iters: 800, epoch: 4 | loss: 0.3485590
	speed: 0.1156s/iter; left time: 82749.2351s
	iters: 900, epoch: 4 | loss: 0.3232800
	speed: 0.1157s/iter; left time: 82831.2183s
	iters: 1000, epoch: 4 | loss: 0.3107769
	speed: 0.1151s/iter; left time: 82347.9481s
	iters: 1100, epoch: 4 | loss: 0.3992539
	speed: 0.1153s/iter; left time: 82508.7471s
	iters: 1200, epoch: 4 | loss: 0.3192950
	speed: 0.1149s/iter; left time: 82235.6992s
	iters: 1300, epoch: 4 | loss: 0.3088822
	speed: 0.1156s/iter; left time: 82708.4537s
	iters: 1400, epoch: 4 | loss: 0.3157521
	speed: 0.1153s/iter; left time: 82455.4672s
	iters: 1500, epoch: 4 | loss: 0.3601630
	speed: 0.1150s/iter; left time: 82262.1923s
	iters: 1600, epoch: 4 | loss: 0.3801759
	speed: 0.1152s/iter; left time: 82387.2355s
	iters: 1700, epoch: 4 | loss: 0.3998436
	speed: 0.1151s/iter; left time: 82288.8225s
	iters: 1800, epoch: 4 | loss: 0.3487688
	speed: 0.1152s/iter; left time: 82370.8283s
	iters: 1900, epoch: 4 | loss: 0.2932656
	speed: 0.1147s/iter; left time: 81958.7629s
	iters: 2000, epoch: 4 | loss: 0.3344685
	speed: 0.1149s/iter; left time: 82086.3269s
	iters: 2100, epoch: 4 | loss: 0.3250575
	speed: 0.1147s/iter; left time: 81943.7341s
	iters: 2200, epoch: 4 | loss: 0.3388245
	speed: 0.1149s/iter; left time: 82125.5186s
	iters: 2300, epoch: 4 | loss: 0.3323960
	speed: 0.1149s/iter; left time: 82085.8188s
	iters: 2400, epoch: 4 | loss: 0.3708008
	speed: 0.1152s/iter; left time: 82277.3286s
	iters: 2500, epoch: 4 | loss: 0.3290804
	speed: 0.1144s/iter; left time: 81697.7964s
	iters: 2600, epoch: 4 | loss: 0.3747892
	speed: 0.1154s/iter; left time: 82376.1111s
	iters: 2700, epoch: 4 | loss: 0.3928860
	speed: 0.1149s/iter; left time: 82018.9260s
	iters: 2800, epoch: 4 | loss: 0.3861425
	speed: 0.1151s/iter; left time: 82155.1399s
	iters: 2900, epoch: 4 | loss: 0.3391800
	speed: 0.1149s/iter; left time: 82036.9424s
	iters: 3000, epoch: 4 | loss: 0.3908949
	speed: 0.1152s/iter; left time: 82214.3873s
	iters: 3100, epoch: 4 | loss: 0.3005946
	speed: 0.1150s/iter; left time: 82040.8131s
	iters: 3200, epoch: 4 | loss: 0.3579980
	speed: 0.1155s/iter; left time: 82441.2834s
	iters: 3300, epoch: 4 | loss: 0.3242846
	speed: 0.1152s/iter; left time: 82207.5742s
	iters: 3400, epoch: 4 | loss: 0.2894441
	speed: 0.1145s/iter; left time: 81705.0373s
	iters: 3500, epoch: 4 | loss: 0.4108456
	speed: 0.1148s/iter; left time: 81841.8651s
	iters: 3600, epoch: 4 | loss: 0.3306375
	speed: 0.1148s/iter; left time: 81845.5156s
Epoch: 4 cost time: 419.4267203807831
Epoch: 4, Steps: 3638 | Train Loss: 0.3537276 Vali Loss: 0.9918345 Test Loss: 0.9427549
EarlyStopping counter: 1 out of 5
	iters: 100, epoch: 5 | loss: 0.3138260
	speed: 3.7419s/iter; left time: 2667771.0249s
	iters: 200, epoch: 5 | loss: 0.3315848
	speed: 0.1212s/iter; left time: 86416.5456s
	iters: 300, epoch: 5 | loss: 0.3276557
	speed: 0.1205s/iter; left time: 85858.9885s
	iters: 400, epoch: 5 | loss: 0.2776659
	speed: 0.1204s/iter; left time: 85827.8955s
	iters: 500, epoch: 5 | loss: 0.3347310
	speed: 0.1200s/iter; left time: 85514.5730s
	iters: 600, epoch: 5 | loss: 0.3626236
	speed: 0.1204s/iter; left time: 85790.8091s
	iters: 700, epoch: 5 | loss: 0.2722541
	speed: 0.1201s/iter; left time: 85536.6967s
	iters: 800, epoch: 5 | loss: 0.2734648
	speed: 0.1206s/iter; left time: 85884.5609s
	iters: 900, epoch: 5 | loss: 0.3367573
	speed: 0.1198s/iter; left time: 85346.6390s
	iters: 1000, epoch: 5 | loss: 0.3026379
	speed: 0.1196s/iter; left time: 85191.9156s
	iters: 1100, epoch: 5 | loss: 0.3143126
	speed: 0.1198s/iter; left time: 85275.7773s
	iters: 1200, epoch: 5 | loss: 0.3037096
	speed: 0.1206s/iter; left time: 85870.5228s
	iters: 1300, epoch: 5 | loss: 0.3119070
	speed: 0.1209s/iter; left time: 86031.0473s
	iters: 1400, epoch: 5 | loss: 0.2741826
	speed: 0.1216s/iter; left time: 86532.9186s
	iters: 1500, epoch: 5 | loss: 0.3440670
	speed: 0.1214s/iter; left time: 86363.1490s
	iters: 1600, epoch: 5 | loss: 0.3403884
	speed: 0.1210s/iter; left time: 86100.4654s
	iters: 1700, epoch: 5 | loss: 0.2761897
	speed: 0.1209s/iter; left time: 85989.9909s
	iters: 1800, epoch: 5 | loss: 0.3055819
	speed: 0.1213s/iter; left time: 86247.2521s
	iters: 1900, epoch: 5 | loss: 0.2750068
	speed: 0.1211s/iter; left time: 86088.2218s
	iters: 2000, epoch: 5 | loss: 0.2911616
	speed: 0.1198s/iter; left time: 85208.7705s
	iters: 2100, epoch: 5 | loss: 0.3365540
	speed: 0.1199s/iter; left time: 85251.9180s
	iters: 2200, epoch: 5 | loss: 0.3104564
	speed: 0.1199s/iter; left time: 85226.7616s
	iters: 2300, epoch: 5 | loss: 0.3334087
	speed: 0.1199s/iter; left time: 85248.8700s
	iters: 2400, epoch: 5 | loss: 0.3375338
	speed: 0.1205s/iter; left time: 85620.5510s
	iters: 2500, epoch: 5 | loss: 0.3415506
	speed: 0.1171s/iter; left time: 83170.6781s
	iters: 2600, epoch: 5 | loss: 0.3019801
	speed: 0.1212s/iter; left time: 86071.0150s
	iters: 2700, epoch: 5 | loss: 0.3193034
	speed: 0.1211s/iter; left time: 86044.9294s
	iters: 2800, epoch: 5 | loss: 0.3122798
	speed: 0.1214s/iter; left time: 86203.0403s
	iters: 2900, epoch: 5 | loss: 0.2962258
	speed: 0.1217s/iter; left time: 86419.4974s
	iters: 3000, epoch: 5 | loss: 0.2883439
	speed: 0.1215s/iter; left time: 86302.0119s
	iters: 3100, epoch: 5 | loss: 0.3209199
	speed: 0.1214s/iter; left time: 86169.9028s
	iters: 3200, epoch: 5 | loss: 0.2768643
	speed: 0.1213s/iter; left time: 86096.6134s
	iters: 3300, epoch: 5 | loss: 0.3119508
	speed: 0.1216s/iter; left time: 86332.0647s
	iters: 3400, epoch: 5 | loss: 0.3108534
	speed: 0.1213s/iter; left time: 86070.2932s
	iters: 3500, epoch: 5 | loss: 0.2853997
	speed: 0.1215s/iter; left time: 86181.9072s
	iters: 3600, epoch: 5 | loss: 0.4071362
	speed: 0.1218s/iter; left time: 86398.5596s
Epoch: 5 cost time: 439.7581903934479
Epoch: 5, Steps: 3638 | Train Loss: 0.3238915 Vali Loss: 0.9572663 Test Loss: 0.8810087
EarlyStopping counter: 2 out of 5
	iters: 100, epoch: 6 | loss: 0.3389967
	speed: 3.7416s/iter; left time: 2653957.0032s
	iters: 200, epoch: 6 | loss: 0.2473993
	speed: 0.1218s/iter; left time: 86372.6562s
	iters: 300, epoch: 6 | loss: 0.2671725
	speed: 0.1217s/iter; left time: 86325.0972s
	iters: 400, epoch: 6 | loss: 0.2988491
	speed: 0.1219s/iter; left time: 86411.9513s
	iters: 500, epoch: 6 | loss: 0.2851735
	speed: 0.1215s/iter; left time: 86113.9262s
	iters: 600, epoch: 6 | loss: 0.3812904
	speed: 0.1216s/iter; left time: 86169.9357s
	iters: 700, epoch: 6 | loss: 0.3052388
	speed: 0.1218s/iter; left time: 86315.2316s
	iters: 800, epoch: 6 | loss: 0.3060146
	speed: 0.1218s/iter; left time: 86330.2646s
	iters: 900, epoch: 6 | loss: 0.3155582
	speed: 0.1214s/iter; left time: 86027.3563s
	iters: 1000, epoch: 6 | loss: 0.3511286
	speed: 0.1214s/iter; left time: 86018.5417s
	iters: 1100, epoch: 6 | loss: 0.2900474
	speed: 0.1216s/iter; left time: 86138.9505s
	iters: 1200, epoch: 6 | loss: 0.2954203
	speed: 0.1217s/iter; left time: 86162.9807s
	iters: 1300, epoch: 6 | loss: 0.3107365
	speed: 0.1214s/iter; left time: 85964.2676s
	iters: 1400, epoch: 6 | loss: 0.3205552
	speed: 0.1214s/iter; left time: 85935.3368s
	iters: 1500, epoch: 6 | loss: 0.2976599
	speed: 0.1217s/iter; left time: 86176.2228s
	iters: 1600, epoch: 6 | loss: 0.3142903
	speed: 0.1216s/iter; left time: 86044.4931s
	iters: 1700, epoch: 6 | loss: 0.2491098
	speed: 0.1214s/iter; left time: 85889.9729s
	iters: 1800, epoch: 6 | loss: 0.2711451
	speed: 0.1216s/iter; left time: 86073.0465s
	iters: 1900, epoch: 6 | loss: 0.2853937
	speed: 0.1217s/iter; left time: 86071.6514s
	iters: 2000, epoch: 6 | loss: 0.3737244
	speed: 0.1215s/iter; left time: 85931.6451s
	iters: 2100, epoch: 6 | loss: 0.3106257
	speed: 0.1217s/iter; left time: 86055.4201s
	iters: 2200, epoch: 6 | loss: 0.2622728
	speed: 0.1219s/iter; left time: 86197.3044s
	iters: 2300, epoch: 6 | loss: 0.2598888
	speed: 0.1219s/iter; left time: 86179.2256s
	iters: 2400, epoch: 6 | loss: 0.2382099
	speed: 0.1219s/iter; left time: 86211.5274s
	iters: 2500, epoch: 6 | loss: 0.2757666
	speed: 0.1216s/iter; left time: 85978.8823s
	iters: 2600, epoch: 6 | loss: 0.3291041
	speed: 0.1216s/iter; left time: 85954.9437s
	iters: 2700, epoch: 6 | loss: 0.3076711
	speed: 0.1216s/iter; left time: 85932.6412s
	iters: 2800, epoch: 6 | loss: 0.2958081
	speed: 0.1215s/iter; left time: 85865.1665s
	iters: 2900, epoch: 6 | loss: 0.3121223
	speed: 0.1214s/iter; left time: 85804.3981s
	iters: 3000, epoch: 6 | loss: 0.3567479
	speed: 0.1213s/iter; left time: 85672.8408s
	iters: 3100, epoch: 6 | loss: 0.3120015
	speed: 0.1213s/iter; left time: 85697.3242s
	iters: 3200, epoch: 6 | loss: 0.2549497
	speed: 0.1217s/iter; left time: 85963.5029s
	iters: 3300, epoch: 6 | loss: 0.3309209
	speed: 0.1216s/iter; left time: 85876.7379s
	iters: 3400, epoch: 6 | loss: 0.3423399
	speed: 0.1218s/iter; left time: 85956.9399s
	iters: 3500, epoch: 6 | loss: 0.2701350
	speed: 0.1214s/iter; left time: 85676.5920s
	iters: 3600, epoch: 6 | loss: 0.2195335
	speed: 0.1216s/iter; left time: 85855.9155s
Epoch: 6 cost time: 443.03153562545776
Epoch: 6, Steps: 3638 | Train Loss: 0.3047109 Vali Loss: 1.0005205 Test Loss: 0.9163106
EarlyStopping counter: 3 out of 5
	iters: 100, epoch: 7 | loss: 0.3147132
	speed: 3.7207s/iter; left time: 2625592.8702s
	iters: 200, epoch: 7 | loss: 0.2828757
	speed: 0.1155s/iter; left time: 81479.0408s
	iters: 300, epoch: 7 | loss: 0.2530464
	speed: 0.1146s/iter; left time: 80813.4504s
	iters: 400, epoch: 7 | loss: 0.3342679
	speed: 0.1146s/iter; left time: 80855.3299s
	iters: 500, epoch: 7 | loss: 0.3442457
	speed: 0.1146s/iter; left time: 80817.6189s
	iters: 600, epoch: 7 | loss: 0.2627632
	speed: 0.1142s/iter; left time: 80534.7888s
	iters: 700, epoch: 7 | loss: 0.3472827
	speed: 0.1156s/iter; left time: 81506.4081s
	iters: 800, epoch: 7 | loss: 0.2569239
	speed: 0.1154s/iter; left time: 81351.8653s
	iters: 900, epoch: 7 | loss: 0.3030230
	speed: 0.1147s/iter; left time: 80816.6668s
	iters: 1000, epoch: 7 | loss: 0.2782471
	speed: 0.1143s/iter; left time: 80565.8479s
	iters: 1100, epoch: 7 | loss: 0.2870060
	speed: 0.1144s/iter; left time: 80626.7368s
	iters: 1200, epoch: 7 | loss: 0.3306806
	speed: 0.1137s/iter; left time: 80117.5069s
	iters: 1300, epoch: 7 | loss: 0.3562919
	speed: 0.1138s/iter; left time: 80192.3057s
	iters: 1400, epoch: 7 | loss: 0.2671483
	speed: 0.1140s/iter; left time: 80286.2785s
	iters: 1500, epoch: 7 | loss: 0.2572975
	speed: 0.1144s/iter; left time: 80601.6113s
	iters: 1600, epoch: 7 | loss: 0.3390167
	speed: 0.1144s/iter; left time: 80544.2342s
	iters: 1700, epoch: 7 | loss: 0.3333666
	speed: 0.1142s/iter; left time: 80424.7051s
	iters: 1800, epoch: 7 | loss: 0.2733244
	speed: 0.1138s/iter; left time: 80102.7157s
	iters: 1900, epoch: 7 | loss: 0.3261498
	speed: 0.1144s/iter; left time: 80539.4404s
	iters: 2000, epoch: 7 | loss: 0.2799501
	speed: 0.1142s/iter; left time: 80391.5391s
	iters: 2100, epoch: 7 | loss: 0.3014159
	speed: 0.1140s/iter; left time: 80206.4470s
	iters: 2200, epoch: 7 | loss: 0.2117996
	speed: 0.1143s/iter; left time: 80391.7162s
	iters: 2300, epoch: 7 | loss: 0.3081924
	speed: 0.1145s/iter; left time: 80558.8559s
	iters: 2400, epoch: 7 | loss: 0.2834507
	speed: 0.1141s/iter; left time: 80232.5679s
	iters: 2500, epoch: 7 | loss: 0.2524708
	speed: 0.1149s/iter; left time: 80824.2436s
	iters: 2600, epoch: 7 | loss: 0.2828443
	speed: 0.1154s/iter; left time: 81132.2038s
	iters: 2700, epoch: 7 | loss: 0.3021264
	speed: 0.1150s/iter; left time: 80859.2937s
	iters: 2800, epoch: 7 | loss: 0.2772495
	speed: 0.1162s/iter; left time: 81664.6423s
	iters: 2900, epoch: 7 | loss: 0.3179732
	speed: 0.1158s/iter; left time: 81426.4531s
	iters: 3000, epoch: 7 | loss: 0.2787903
	speed: 0.1153s/iter; left time: 81061.4045s
	iters: 3100, epoch: 7 | loss: 0.2944991
	speed: 0.1150s/iter; left time: 80837.7816s
	iters: 3200, epoch: 7 | loss: 0.2898845
	speed: 0.1147s/iter; left time: 80603.4820s
	iters: 3300, epoch: 7 | loss: 0.2644981
	speed: 0.1151s/iter; left time: 80824.8956s
	iters: 3400, epoch: 7 | loss: 0.2375745
	speed: 0.1154s/iter; left time: 81063.0525s
	iters: 3500, epoch: 7 | loss: 0.3056757
	speed: 0.1148s/iter; left time: 80601.3071s
	iters: 3600, epoch: 7 | loss: 0.2410493
	speed: 0.1145s/iter; left time: 80384.5036s
Epoch: 7 cost time: 417.9259054660797
Epoch: 7, Steps: 3638 | Train Loss: 0.2876059 Vali Loss: 0.9958816 Test Loss: 0.9295524
EarlyStopping counter: 4 out of 5
	iters: 100, epoch: 8 | loss: 0.2867594
	speed: 3.7413s/iter; left time: 2626495.7682s
	iters: 200, epoch: 8 | loss: 0.2594735
	speed: 0.1161s/iter; left time: 81466.6092s
	iters: 300, epoch: 8 | loss: 0.2485528
	speed: 0.1162s/iter; left time: 81576.6190s
	iters: 400, epoch: 8 | loss: 0.3277334
	speed: 0.1156s/iter; left time: 81150.9083s
	iters: 500, epoch: 8 | loss: 0.2812759
	speed: 0.1154s/iter; left time: 80969.7677s
	iters: 600, epoch: 8 | loss: 0.2993490
	speed: 0.1154s/iter; left time: 80936.5341s
	iters: 700, epoch: 8 | loss: 0.2837066
	speed: 0.1146s/iter; left time: 80369.6995s
	iters: 800, epoch: 8 | loss: 0.2717436
	speed: 0.1145s/iter; left time: 80280.9649s
	iters: 900, epoch: 8 | loss: 0.3469560
	speed: 0.1146s/iter; left time: 80370.2401s
	iters: 1000, epoch: 8 | loss: 0.2417725
	speed: 0.1142s/iter; left time: 80059.1698s
	iters: 1100, epoch: 8 | loss: 0.2437281
	speed: 0.1138s/iter; left time: 79746.1543s
	iters: 1200, epoch: 8 | loss: 0.3138402
	speed: 0.1143s/iter; left time: 80114.1603s
	iters: 1300, epoch: 8 | loss: 0.2684464
	speed: 0.1142s/iter; left time: 80054.8288s
	iters: 1400, epoch: 8 | loss: 0.3328375
	speed: 0.1148s/iter; left time: 80456.9734s
	iters: 1500, epoch: 8 | loss: 0.2675377
	speed: 0.1148s/iter; left time: 80444.4893s
	iters: 1600, epoch: 8 | loss: 0.3051109
	speed: 0.1139s/iter; left time: 79759.6843s
	iters: 1700, epoch: 8 | loss: 0.2394298
	speed: 0.1135s/iter; left time: 79488.0695s
	iters: 1800, epoch: 8 | loss: 0.3040114
	speed: 0.1144s/iter; left time: 80115.5059s
	iters: 1900, epoch: 8 | loss: 0.3118243
	speed: 0.1145s/iter; left time: 80208.5130s
	iters: 2000, epoch: 8 | loss: 0.2070524
	speed: 0.1142s/iter; left time: 79934.2948s
	iters: 2100, epoch: 8 | loss: 0.2437251
	speed: 0.1137s/iter; left time: 79577.9445s
	iters: 2200, epoch: 8 | loss: 0.2651426
	speed: 0.1138s/iter; left time: 79634.7563s
	iters: 2300, epoch: 8 | loss: 0.3070363
	speed: 0.1138s/iter; left time: 79647.0620s
	iters: 2400, epoch: 8 | loss: 0.2964714
	speed: 0.1135s/iter; left time: 79416.9773s
	iters: 2500, epoch: 8 | loss: 0.3188997
	speed: 0.1137s/iter; left time: 79562.5554s
	iters: 2600, epoch: 8 | loss: 0.3030491
	speed: 0.1142s/iter; left time: 79898.5222s
	iters: 2700, epoch: 8 | loss: 0.2669285
	speed: 0.1138s/iter; left time: 79591.0112s
	iters: 2800, epoch: 8 | loss: 0.2302140
	speed: 0.1135s/iter; left time: 79380.9511s
	iters: 2900, epoch: 8 | loss: 0.3378097
	speed: 0.1136s/iter; left time: 79410.2993s
	iters: 3000, epoch: 8 | loss: 0.2669414
	speed: 0.1140s/iter; left time: 79681.9717s
	iters: 3100, epoch: 8 | loss: 0.3550964
	speed: 0.1134s/iter; left time: 79253.1171s
	iters: 3200, epoch: 8 | loss: 0.2653686
	speed: 0.1142s/iter; left time: 79788.6724s
	iters: 3300, epoch: 8 | loss: 0.2619124
	speed: 0.1134s/iter; left time: 79263.1187s
	iters: 3400, epoch: 8 | loss: 0.3235145
	speed: 0.1133s/iter; left time: 79171.6244s
	iters: 3500, epoch: 8 | loss: 0.2548782
	speed: 0.1140s/iter; left time: 79670.9499s
	iters: 3600, epoch: 8 | loss: 0.2497548
	speed: 0.1134s/iter; left time: 79186.2671s
Epoch: 8 cost time: 416.38530445098877
Epoch: 8, Steps: 3638 | Train Loss: 0.2786028 Vali Loss: 0.9825643 Test Loss: 0.9281884
EarlyStopping counter: 5 out of 5
Early stopping
>>>>>>>testing : long_term_forecast_pems04_all_96_96_Autoformer_custom_ftM_sl96_ll48_pl96_dm128_nh8_el2_dl1_df2048_fc3_ebtimeF_dtTrue_srate0.1_sseed7_trainseed2024_gap730_Exp_0<<<<<<<<<<<<<<<<<<<<<<<<<<<<<<<<<
test 247883
test shape: (24788, 1, 96, 822) (24788, 1, 96, 822)
test shape: (24788, 96, 822) (24788, 96, 822)
mse:0.9091141819953918, mae:0.7553976774215698
>>>>>>>Overall time: 7321 seconds<<<<<<<<<<<<<<<<<<<<<<<<<<<<<<<<<
