Traceback (most recent call last):
  File "run.py", line 4, in <module>
    from exp.exp_long_term_forecasting import Exp_Long_Term_Forecast
  File "/g/data/hn98/du/exlts/ddd2/exp/exp_long_term_forecasting.py", line 2, in <module>
    from exp.exp_basic import Exp_Basic
  File "/g/data/hn98/du/exlts/ddd2/exp/exp_basic.py", line 3, in <module>
    from models import Autoformer, Transformer, TimesNet, Nonstationary_Transformer, DLinear, FEDformer, \
  File "/g/data/hn98/du/exlts/ddd2/models/Mamba.py", line 7, in <module>
    from mamba_ssm import Mamba
ModuleNotFoundError: No module named 'mamba_ssm'
Args in experiment:
Namespace(activation='gelu', anomaly_ratio=0.25, batch_size=32, c_out=1613, checkpoints='./checkpoints/', d_conv=4, d_ff=2048, d_layers=1, d_model=128, data='custom', data_path='pems07_all_filter10.csv', dec_in=1613, des='Exp', devices='0,1,2,3', distil=True, dropout=0, e_layers=2, embed='timeF', enc_in=1613, expand=2, factor=3, features='M', freq='h', gap_day=365, gpu=0, inverse=False, is_training=1, itr=1, label_len=48, learning_rate=0.0005, loss='MSE', lradj='type3', mask_rate=0.25, model='Autoformer', model_id='pems07_all_96_336', moving_avg=25, n_heads=8, num_kernels=6, num_workers=10, output_attention=False, p_hidden_dims=[128, 128], p_hidden_layers=2, patience=5, pred_len=336, root_path='../../data/pems/', samle_rate=0.1, sample_seed=7, seasonal_patterns='Monthly', seq_len=96, target='OT', task_name='long_term_forecast', top_k=5, train_epochs=200, train_seed=2024, use_amp=False, use_gpu=True, use_multi_gpu=False)
Use GPU: cuda:0
>>>>>>>start training : long_term_forecast_pems07_all_96_336_Autoformer_custom_ftM_sl96_ll48_pl336_dm128_nh8_el2_dl1_df2048_fc3_ebtimeF_dtTrue_srate0.1_sseed7_trainseed2024_gap365_Exp_0>>>>>>>>>>>>>>>>>>>>>>>>>>
Args in experiment:
Namespace(activation='gelu', anomaly_ratio=0.25, batch_size=32, c_out=1613, checkpoints='./checkpoints/', d_conv=4, d_ff=2048, d_layers=1, d_model=128, data='custom', data_path='pems07_all_filter10.csv', dec_in=1613, des='Exp', devices='0,1,2,3', distil=True, dropout=0, e_layers=2, embed='timeF', enc_in=1613, expand=2, factor=3, features='M', freq='h', gap_day=365, gpu=0, inverse=False, is_training=1, itr=1, label_len=48, learning_rate=0.0005, loss='MSE', lradj='type3', mask_rate=0.25, model='Autoformer', model_id='pems07_all_96_336', moving_avg=25, n_heads=8, num_kernels=6, num_workers=10, output_attention=False, p_hidden_dims=[128, 128], p_hidden_layers=2, patience=5, pred_len=336, root_path='../../data/pems/', samle_rate=0.1, sample_seed=7, seasonal_patterns='Monthly', seq_len=96, target='OT', task_name='long_term_forecast', top_k=5, train_epochs=200, train_seed=2024, use_amp=False, use_gpu=True, use_multi_gpu=False)
Use GPU: cuda:0
>>>>>>>start training : long_term_forecast_pems07_all_96_336_Autoformer_custom_ftM_sl96_ll48_pl336_dm128_nh8_el2_dl1_df2048_fc3_ebtimeF_dtTrue_srate0.1_sseed7_trainseed2024_gap365_Exp_0>>>>>>>>>>>>>>>>>>>>>>>>>>
train 1269217
val 352801
test 352801
	iters: 100, epoch: 1 | loss: 1.1635429
	speed: 0.2628s/iter; left time: 208395.0185s
	iters: 200, epoch: 1 | loss: 0.9714838
	speed: 0.2506s/iter; left time: 198721.6676s
	iters: 300, epoch: 1 | loss: 0.8511642
	speed: 0.2494s/iter; left time: 197787.1539s
	iters: 400, epoch: 1 | loss: 0.8062021
	speed: 0.2483s/iter; left time: 196823.7607s
	iters: 500, epoch: 1 | loss: 0.8060506
	speed: 0.2413s/iter; left time: 191277.9924s
	iters: 600, epoch: 1 | loss: 0.8251872
	speed: 0.2407s/iter; left time: 190788.2574s
	iters: 700, epoch: 1 | loss: 0.7475092
	speed: 0.2390s/iter; left time: 189419.7643s
	iters: 800, epoch: 1 | loss: 0.7396356
	speed: 0.2396s/iter; left time: 189853.4989s
	iters: 900, epoch: 1 | loss: 0.8721057
	speed: 0.2446s/iter; left time: 193829.9937s
	iters: 1000, epoch: 1 | loss: 0.8715737
	speed: 0.2445s/iter; left time: 193684.1185s
	iters: 1100, epoch: 1 | loss: 0.9809103
	speed: 0.2454s/iter; left time: 194403.6014s
	iters: 1200, epoch: 1 | loss: 0.7714848
	speed: 0.2401s/iter; left time: 190177.6090s
	iters: 1300, epoch: 1 | loss: 0.8180165
	speed: 0.2407s/iter; left time: 190644.0753s
	iters: 1400, epoch: 1 | loss: 0.7084491
	speed: 0.2396s/iter; left time: 189706.6340s
	iters: 1500, epoch: 1 | loss: 0.7117755
	speed: 0.2443s/iter; left time: 193387.2992s
	iters: 1600, epoch: 1 | loss: 0.7725844
	speed: 0.2388s/iter; left time: 189006.4458s
	iters: 1700, epoch: 1 | loss: 0.7286586
	speed: 0.2406s/iter; left time: 190436.9008s
	iters: 1800, epoch: 1 | loss: 0.6614225
	speed: 0.2406s/iter; left time: 190391.8796s
	iters: 1900, epoch: 1 | loss: 0.7279925
	speed: 0.2401s/iter; left time: 189968.0214s
	iters: 2000, epoch: 1 | loss: 0.7107853
	speed: 0.2445s/iter; left time: 193478.8758s
	iters: 2100, epoch: 1 | loss: 0.6847724
	speed: 0.2449s/iter; left time: 193745.1428s
	iters: 2200, epoch: 1 | loss: 0.6702088
	speed: 0.2442s/iter; left time: 193153.8206s
	iters: 2300, epoch: 1 | loss: 0.7076864
	speed: 0.2449s/iter; left time: 193714.9900s
	iters: 2400, epoch: 1 | loss: 0.7170654
	speed: 0.2445s/iter; left time: 193330.9933s
	iters: 2500, epoch: 1 | loss: 0.7564384
	speed: 0.2454s/iter; left time: 194042.8059s
	iters: 2600, epoch: 1 | loss: 0.6916271
	speed: 0.2452s/iter; left time: 193869.0177s
	iters: 2700, epoch: 1 | loss: 0.6929738
	speed: 0.2445s/iter; left time: 193278.1545s
	iters: 2800, epoch: 1 | loss: 0.6894932
	speed: 0.2454s/iter; left time: 193982.3207s
	iters: 2900, epoch: 1 | loss: 0.6694486
	speed: 0.2449s/iter; left time: 193562.1290s
	iters: 3000, epoch: 1 | loss: 0.6481822
	speed: 0.2415s/iter; left time: 190865.6944s
	iters: 3100, epoch: 1 | loss: 0.7011649
	speed: 0.2421s/iter; left time: 191289.5633s
	iters: 3200, epoch: 1 | loss: 0.6474281
	speed: 0.2506s/iter; left time: 197991.2677s
	iters: 3300, epoch: 1 | loss: 0.6676441
	speed: 0.2534s/iter; left time: 200166.8149s
	iters: 3400, epoch: 1 | loss: 0.6024153
	speed: 0.2534s/iter; left time: 200169.8533s
	iters: 3500, epoch: 1 | loss: 0.6191107
	speed: 0.2537s/iter; left time: 200347.4629s
	iters: 3600, epoch: 1 | loss: 0.5912834
	speed: 0.2504s/iter; left time: 197680.5456s
	iters: 3700, epoch: 1 | loss: 0.5990592
	speed: 0.2435s/iter; left time: 192276.7702s
	iters: 3800, epoch: 1 | loss: 0.6490289
	speed: 0.2390s/iter; left time: 188655.4871s
	iters: 3900, epoch: 1 | loss: 0.6376956
	speed: 0.2387s/iter; left time: 188424.9286s
Epoch: 1 cost time: 970.8072035312653
Epoch: 1, Steps: 3966 | Train Loss: 0.7549151 Vali Loss: 1.0248485 Test Loss: 1.3787081
Validation loss decreased (inf --> 1.024848).  Saving model ...
	iters: 100, epoch: 2 | loss: 0.5260872
	speed: 8.7150s/iter; left time: 6877285.0305s
	iters: 200, epoch: 2 | loss: 0.5999773
	speed: 0.2382s/iter; left time: 187927.0783s
	iters: 300, epoch: 2 | loss: 0.6143736
	speed: 0.2368s/iter; left time: 186806.8976s
	iters: 400, epoch: 2 | loss: 0.5784044
	speed: 0.2371s/iter; left time: 187000.4867s
	iters: 500, epoch: 2 | loss: 0.6175526
	speed: 0.2371s/iter; left time: 186978.3585s
	iters: 600, epoch: 2 | loss: 0.6597532
	speed: 0.2370s/iter; left time: 186897.4833s
	iters: 700, epoch: 2 | loss: 0.6240741
	speed: 0.2367s/iter; left time: 186670.9610s
	iters: 800, epoch: 2 | loss: 0.6247374
	speed: 0.2370s/iter; left time: 186845.1738s
	iters: 900, epoch: 2 | loss: 0.5595274
	speed: 0.2367s/iter; left time: 186592.2528s
	iters: 1000, epoch: 2 | loss: 0.5402023
	speed: 0.2362s/iter; left time: 186214.0897s
	iters: 1100, epoch: 2 | loss: 0.5653887
	speed: 0.2363s/iter; left time: 186202.0687s
	iters: 1200, epoch: 2 | loss: 0.5598518
	speed: 0.2368s/iter; left time: 186608.1653s
	iters: 1300, epoch: 2 | loss: 0.5097513
	speed: 0.2369s/iter; left time: 186641.3573s
	iters: 1400, epoch: 2 | loss: 0.6385649
	speed: 0.2361s/iter; left time: 186028.4293s
	iters: 1500, epoch: 2 | loss: 0.5748455
	speed: 0.2367s/iter; left time: 186419.7600s
	iters: 1600, epoch: 2 | loss: 0.5915431
	speed: 0.2368s/iter; left time: 186497.1991s
	iters: 1700, epoch: 2 | loss: 0.5797189
	speed: 0.2367s/iter; left time: 186427.3482s
	iters: 1800, epoch: 2 | loss: 0.6224582
	speed: 0.2369s/iter; left time: 186543.3557s
	iters: 1900, epoch: 2 | loss: 0.5342503
	speed: 0.2369s/iter; left time: 186519.7145s
	iters: 2000, epoch: 2 | loss: 0.5467913
	speed: 0.2369s/iter; left time: 186476.2456s
	iters: 2100, epoch: 2 | loss: 0.5684722
	speed: 0.2364s/iter; left time: 186105.6508s
	iters: 2200, epoch: 2 | loss: 0.5263714
	speed: 0.2366s/iter; left time: 186218.7227s
	iters: 2300, epoch: 2 | loss: 0.5269805
	speed: 0.2367s/iter; left time: 186286.0557s
	iters: 2400, epoch: 2 | loss: 0.5344834
	speed: 0.2358s/iter; left time: 185544.5150s
	iters: 2500, epoch: 2 | loss: 0.5346660
	speed: 0.2358s/iter; left time: 185499.7852s
	iters: 2600, epoch: 2 | loss: 0.5678634
	speed: 0.2364s/iter; left time: 185949.8958s
	iters: 2700, epoch: 2 | loss: 0.6414931
	speed: 0.2367s/iter; left time: 186147.1536s
	iters: 2800, epoch: 2 | loss: 0.5471146
	speed: 0.2366s/iter; left time: 186057.8391s
	iters: 2900, epoch: 2 | loss: 0.6453271
	speed: 0.2369s/iter; left time: 186295.7766s
	iters: 3000, epoch: 2 | loss: 0.7021371
	speed: 0.2372s/iter; left time: 186514.4973s
	iters: 3100, epoch: 2 | loss: 0.5659815
	speed: 0.2371s/iter; left time: 186361.0607s
	iters: 3200, epoch: 2 | loss: 0.6776914
	speed: 0.2368s/iter; left time: 186169.4171s
	iters: 3300, epoch: 2 | loss: 0.5479110
	speed: 0.2374s/iter; left time: 186555.2022s
	iters: 3400, epoch: 2 | loss: 0.5068085
	speed: 0.2369s/iter; left time: 186127.0859s
	iters: 3500, epoch: 2 | loss: 0.5836778
	speed: 0.2367s/iter; left time: 185953.4717s
	iters: 3600, epoch: 2 | loss: 0.5436782
	speed: 0.2373s/iter; left time: 186422.5769s
	iters: 3700, epoch: 2 | loss: 0.5590245
	speed: 0.2368s/iter; left time: 186046.5496s
	iters: 3800, epoch: 2 | loss: 0.5199617
	speed: 0.2364s/iter; left time: 185666.2039s
	iters: 3900, epoch: 2 | loss: 0.5016905
	speed: 0.2363s/iter; left time: 185554.9433s
Epoch: 2 cost time: 939.9819755554199
Epoch: 2, Steps: 3966 | Train Loss: 0.5778804 Vali Loss: 0.9969610 Test Loss: 1.2312192
Validation loss decreased (1.024848 --> 0.996961).  Saving model ...
	iters: 100, epoch: 3 | loss: 0.5213158
	speed: 8.8049s/iter; left time: 6913370.6969s
	iters: 200, epoch: 3 | loss: 0.5203680
	speed: 0.2389s/iter; left time: 187569.4788s
	iters: 300, epoch: 3 | loss: 0.5099027
	speed: 0.2392s/iter; left time: 187777.9443s
	iters: 400, epoch: 3 | loss: 0.5188345
	speed: 0.2392s/iter; left time: 187712.0349s
	iters: 500, epoch: 3 | loss: 0.5336136
	speed: 0.2393s/iter; left time: 187781.5973s
	iters: 600, epoch: 3 | loss: 0.4908031
	speed: 0.2388s/iter; left time: 187397.8980s
	iters: 700, epoch: 3 | loss: 0.5095581
	speed: 0.2383s/iter; left time: 186985.9309s
	iters: 800, epoch: 3 | loss: 0.5015014
	speed: 0.2372s/iter; left time: 186093.2764s
	iters: 900, epoch: 3 | loss: 0.5007328
	speed: 0.2371s/iter; left time: 186007.2730s
	iters: 1000, epoch: 3 | loss: 0.4865137
	speed: 0.2376s/iter; left time: 186315.7719s
	iters: 1100, epoch: 3 | loss: 0.5217944
	speed: 0.2378s/iter; left time: 186483.8049s
	iters: 1200, epoch: 3 | loss: 0.5442742
	speed: 0.2373s/iter; left time: 186052.8049s
	iters: 1300, epoch: 3 | loss: 0.4894131
	speed: 0.2375s/iter; left time: 186157.0250s
	iters: 1400, epoch: 3 | loss: 0.5362649
	speed: 0.2378s/iter; left time: 186396.9967s
	iters: 1500, epoch: 3 | loss: 0.5305279
	speed: 0.2375s/iter; left time: 186150.0483s
	iters: 1600, epoch: 3 | loss: 0.4924464
	speed: 0.2374s/iter; left time: 186032.0568s
	iters: 1700, epoch: 3 | loss: 0.4814280
	speed: 0.2375s/iter; left time: 186107.9106s
	iters: 1800, epoch: 3 | loss: 0.5589271
	speed: 0.2374s/iter; left time: 186013.6727s
	iters: 1900, epoch: 3 | loss: 0.5209670
	speed: 0.2374s/iter; left time: 185975.2148s
	iters: 2000, epoch: 3 | loss: 0.5231852
	speed: 0.2379s/iter; left time: 186331.4145s
	iters: 2100, epoch: 3 | loss: 0.5071221
	speed: 0.2386s/iter; left time: 186879.6186s
	iters: 2200, epoch: 3 | loss: 0.4606720
	speed: 0.2378s/iter; left time: 186238.1478s
	iters: 2300, epoch: 3 | loss: 0.5078065
	speed: 0.2382s/iter; left time: 186468.3594s
	iters: 2400, epoch: 3 | loss: 0.4964413
	speed: 0.2384s/iter; left time: 186668.2688s
	iters: 2500, epoch: 3 | loss: 0.5193809
	speed: 0.2383s/iter; left time: 186499.5147s
	iters: 2600, epoch: 3 | loss: 0.6018561
	speed: 0.2381s/iter; left time: 186365.1138s
	iters: 2700, epoch: 3 | loss: 0.6060602
	speed: 0.2379s/iter; left time: 186159.4662s
	iters: 2800, epoch: 3 | loss: 0.5311946
	speed: 0.2381s/iter; left time: 186308.1239s
	iters: 2900, epoch: 3 | loss: 0.4967599
	speed: 0.2384s/iter; left time: 186546.3994s
	iters: 3000, epoch: 3 | loss: 0.4800191
	speed: 0.2381s/iter; left time: 186291.4356s
	iters: 3100, epoch: 3 | loss: 0.5371079
	speed: 0.2381s/iter; left time: 186237.2264s
	iters: 3200, epoch: 3 | loss: 0.5318816
	speed: 0.2381s/iter; left time: 186221.7489s
	iters: 3300, epoch: 3 | loss: 0.6498313
	speed: 0.2378s/iter; left time: 185982.4175s
	iters: 3400, epoch: 3 | loss: 0.4964563
	speed: 0.2382s/iter; left time: 186264.8827s
	iters: 3500, epoch: 3 | loss: 0.4943887
	speed: 0.2386s/iter; left time: 186512.6907s
	iters: 3600, epoch: 3 | loss: 0.4905001
	speed: 0.2381s/iter; left time: 186079.5841s
	iters: 3700, epoch: 3 | loss: 0.4846935
	speed: 0.2377s/iter; left time: 185768.6968s
	iters: 3800, epoch: 3 | loss: 0.5662315
	speed: 0.2384s/iter; left time: 186291.7268s
	iters: 3900, epoch: 3 | loss: 0.5107776
	speed: 0.2380s/iter; left time: 185998.3819s
Epoch: 3 cost time: 945.1072432994843
Epoch: 3, Steps: 3966 | Train Loss: 0.5355388 Vali Loss: 0.9240546 Test Loss: 1.1157866
Validation loss decreased (0.996961 --> 0.924055).  Saving model ...
	iters: 100, epoch: 4 | loss: 0.4897577
	speed: 8.7607s/iter; left time: 6843912.0333s
	iters: 200, epoch: 4 | loss: 0.4501708
	speed: 0.2398s/iter; left time: 187334.2011s
	iters: 300, epoch: 4 | loss: 0.4984650
	speed: 0.2393s/iter; left time: 186891.3296s
	iters: 400, epoch: 4 | loss: 0.5049992
	speed: 0.2389s/iter; left time: 186546.1265s
	iters: 500, epoch: 4 | loss: 0.5085036
	speed: 0.2389s/iter; left time: 186511.1281s
	iters: 600, epoch: 4 | loss: 0.5293619
	speed: 0.2388s/iter; left time: 186408.8674s
	iters: 700, epoch: 4 | loss: 0.4764407
	speed: 0.2383s/iter; left time: 185997.5609s
	iters: 800, epoch: 4 | loss: 0.5328047
	speed: 0.2382s/iter; left time: 185950.7779s
	iters: 900, epoch: 4 | loss: 0.4754588
	speed: 0.2387s/iter; left time: 186258.2136s
	iters: 1000, epoch: 4 | loss: 0.4920282
	speed: 0.2387s/iter; left time: 186256.9690s
	iters: 1100, epoch: 4 | loss: 0.5056180
	speed: 0.2382s/iter; left time: 185813.2040s
	iters: 1200, epoch: 4 | loss: 0.4858165
	speed: 0.2389s/iter; left time: 186332.8780s
	iters: 1300, epoch: 4 | loss: 0.4629141
	speed: 0.2387s/iter; left time: 186188.2513s
	iters: 1400, epoch: 4 | loss: 0.4517482
	speed: 0.2384s/iter; left time: 185961.6731s
	iters: 1500, epoch: 4 | loss: 0.5135185
	speed: 0.2384s/iter; left time: 185934.2146s
	iters: 1600, epoch: 4 | loss: 0.4842336
	speed: 0.2386s/iter; left time: 186013.5002s
	iters: 1700, epoch: 4 | loss: 0.4693653
	speed: 0.2389s/iter; left time: 186222.0146s
	iters: 1800, epoch: 4 | loss: 0.4782786
	speed: 0.2385s/iter; left time: 185872.6393s
	iters: 1900, epoch: 4 | loss: 0.5821404
	speed: 0.2391s/iter; left time: 186368.0761s
	iters: 2000, epoch: 4 | loss: 0.5425813
	speed: 0.2391s/iter; left time: 186305.4344s
	iters: 2100, epoch: 4 | loss: 0.5058936
	speed: 0.2386s/iter; left time: 185951.9324s
	iters: 2200, epoch: 4 | loss: 0.4794978
	speed: 0.2387s/iter; left time: 185958.6559s
	iters: 2300, epoch: 4 | loss: 0.4457466
	speed: 0.2387s/iter; left time: 185947.3429s
	iters: 2400, epoch: 4 | loss: 0.4551081
	speed: 0.2386s/iter; left time: 185833.7533s
	iters: 2500, epoch: 4 | loss: 0.9398722
	speed: 0.2386s/iter; left time: 185817.0177s
	iters: 2600, epoch: 4 | loss: 0.4746436
	speed: 0.2385s/iter; left time: 185700.2276s
	iters: 2700, epoch: 4 | loss: 0.4752606
	speed: 0.2385s/iter; left time: 185681.2030s
	iters: 2800, epoch: 4 | loss: 0.4753396
	speed: 0.2379s/iter; left time: 185234.3619s
	iters: 2900, epoch: 4 | loss: 0.4957486
	speed: 0.2381s/iter; left time: 185344.0860s
	iters: 3000, epoch: 4 | loss: 0.4624071
	speed: 0.2380s/iter; left time: 185270.9547s
	iters: 3100, epoch: 4 | loss: 0.4638258
	speed: 0.2380s/iter; left time: 185186.0730s
	iters: 3200, epoch: 4 | loss: 0.4901675
	speed: 0.2383s/iter; left time: 185417.9428s
	iters: 3300, epoch: 4 | loss: 0.5013734
	speed: 0.2382s/iter; left time: 185322.5882s
	iters: 3400, epoch: 4 | loss: 0.4644917
	speed: 0.2384s/iter; left time: 185416.1200s
	iters: 3500, epoch: 4 | loss: 0.6487881
	speed: 0.2378s/iter; left time: 184992.6445s
	iters: 3600, epoch: 4 | loss: 0.4932134
	speed: 0.2382s/iter; left time: 185221.4195s
	iters: 3700, epoch: 4 | loss: 0.5229613
	speed: 0.2385s/iter; left time: 185482.2678s
	iters: 3800, epoch: 4 | loss: 0.5034264
	speed: 0.2388s/iter; left time: 185675.8644s
	iters: 3900, epoch: 4 | loss: 0.5347413
	speed: 0.2380s/iter; left time: 185043.2564s
Epoch: 4 cost time: 947.0994741916656
Epoch: 4, Steps: 3966 | Train Loss: 0.5111322 Vali Loss: 1.0294056 Test Loss: 1.2619823
EarlyStopping counter: 1 out of 5
	iters: 100, epoch: 5 | loss: 0.4826360
	speed: 8.6481s/iter; left time: 6721647.2614s
	iters: 200, epoch: 5 | loss: 0.8273059
	speed: 0.2387s/iter; left time: 185476.1758s
	iters: 300, epoch: 5 | loss: 0.5776331
	speed: 0.2389s/iter; left time: 185672.5538s
	iters: 400, epoch: 5 | loss: 0.4743232
	speed: 0.2387s/iter; left time: 185471.4452s
	iters: 500, epoch: 5 | loss: 0.4444509
	speed: 0.2385s/iter; left time: 185271.5917s
	iters: 600, epoch: 5 | loss: 0.4686340
	speed: 0.2380s/iter; left time: 184843.4756s
	iters: 700, epoch: 5 | loss: 0.5430169
	speed: 0.2381s/iter; left time: 184952.2432s
	iters: 800, epoch: 5 | loss: 0.5132371
	speed: 0.2380s/iter; left time: 184801.6424s
	iters: 900, epoch: 5 | loss: 0.4866214
	speed: 0.2393s/iter; left time: 185796.5134s
	iters: 1000, epoch: 5 | loss: 0.4271106
	speed: 0.2436s/iter; left time: 189113.1048s
	iters: 1100, epoch: 5 | loss: 0.4879867
	speed: 0.2446s/iter; left time: 189839.4918s
	iters: 1200, epoch: 5 | loss: 0.4841944
	speed: 0.2443s/iter; left time: 189638.0375s
	iters: 1300, epoch: 5 | loss: 0.7164064
	speed: 0.2442s/iter; left time: 189523.7519s
	iters: 1400, epoch: 5 | loss: 0.4987100
	speed: 0.2450s/iter; left time: 190081.5032s
	iters: 1500, epoch: 5 | loss: 0.5116746
	speed: 0.2447s/iter; left time: 189861.1964s
	iters: 1600, epoch: 5 | loss: 0.4571370
	speed: 0.2447s/iter; left time: 189833.8154s
	iters: 1700, epoch: 5 | loss: 0.4599616
	speed: 0.2448s/iter; left time: 189858.7729s
	iters: 1800, epoch: 5 | loss: 0.4504090
	speed: 0.2459s/iter; left time: 190675.5993s
	iters: 1900, epoch: 5 | loss: 0.4657817
	speed: 0.2447s/iter; left time: 189764.9806s
	iters: 2000, epoch: 5 | loss: 0.4524683
	speed: 0.2445s/iter; left time: 189600.3443s
	iters: 2100, epoch: 5 | loss: 0.4754804
	speed: 0.2453s/iter; left time: 190174.1584s
	iters: 2200, epoch: 5 | loss: 0.4732397
	speed: 0.2447s/iter; left time: 189703.2129s
	iters: 2300, epoch: 5 | loss: 0.4791966
	speed: 0.2414s/iter; left time: 187089.4923s
	iters: 2400, epoch: 5 | loss: 0.7527224
	speed: 0.2384s/iter; left time: 184741.2332s
	iters: 2500, epoch: 5 | loss: 0.4433745
	speed: 0.2389s/iter; left time: 185126.5293s
	iters: 2600, epoch: 5 | loss: 0.4802233
	speed: 0.2382s/iter; left time: 184560.5119s
	iters: 2700, epoch: 5 | loss: 0.4650019
	speed: 0.2385s/iter; left time: 184755.8660s
	iters: 2800, epoch: 5 | loss: 0.4695927
	speed: 0.2383s/iter; left time: 184591.5488s
	iters: 2900, epoch: 5 | loss: 0.4634864
	speed: 0.2383s/iter; left time: 184567.3194s
	iters: 3000, epoch: 5 | loss: 0.4506919
	speed: 0.2376s/iter; left time: 183965.5363s
	iters: 3100, epoch: 5 | loss: 0.6504808
	speed: 0.2381s/iter; left time: 184383.1539s
	iters: 3200, epoch: 5 | loss: 0.5961230
	speed: 0.2379s/iter; left time: 184152.6701s
	iters: 3300, epoch: 5 | loss: 0.5308018
	speed: 0.2376s/iter; left time: 183883.7844s
	iters: 3400, epoch: 5 | loss: 0.5611010
	speed: 0.2379s/iter; left time: 184107.7787s
	iters: 3500, epoch: 5 | loss: 0.5242253
	speed: 0.2380s/iter; left time: 184153.3999s
	iters: 3600, epoch: 5 | loss: 0.5670777
	speed: 0.2381s/iter; left time: 184240.1794s
	iters: 3700, epoch: 5 | loss: 0.5601964
	speed: 0.2376s/iter; left time: 183829.2415s
	iters: 3800, epoch: 5 | loss: 0.5350680
	speed: 0.2375s/iter; left time: 183736.8846s
	iters: 3900, epoch: 5 | loss: 0.5057926
	speed: 0.2382s/iter; left time: 184206.0413s
Epoch: 5 cost time: 954.5219860076904
Epoch: 5, Steps: 3966 | Train Loss: 0.5149323 Vali Loss: 0.9020152 Test Loss: 1.0980073
Validation loss decreased (0.924055 --> 0.902015).  Saving model ...
	iters: 100, epoch: 6 | loss: 0.6038185
	speed: 8.7391s/iter; left time: 6757676.3342s
	iters: 200, epoch: 6 | loss: 0.7634943
	speed: 0.2395s/iter; left time: 185177.7785s
	iters: 300, epoch: 6 | loss: 0.7793695
	speed: 0.2397s/iter; left time: 185270.9120s
	iters: 400, epoch: 6 | loss: 0.7158839
	speed: 0.2397s/iter; left time: 185288.6330s
	iters: 500, epoch: 6 | loss: 0.6921436
	speed: 0.2391s/iter; left time: 184793.4457s
	iters: 600, epoch: 6 | loss: 0.6614128
	speed: 0.2390s/iter; left time: 184725.0447s
	iters: 700, epoch: 6 | loss: 0.6841686
	speed: 0.2386s/iter; left time: 184391.9287s
	iters: 800, epoch: 6 | loss: 0.6895651
	speed: 0.2381s/iter; left time: 183935.2682s
	iters: 900, epoch: 6 | loss: 0.7085109
	speed: 0.2378s/iter; left time: 183676.2160s
	iters: 1000, epoch: 6 | loss: 0.6870726
	speed: 0.2381s/iter; left time: 183876.9767s
	iters: 1100, epoch: 6 | loss: 0.6551875
	speed: 0.2386s/iter; left time: 184277.3340s
	iters: 1200, epoch: 6 | loss: 0.6336411
	speed: 0.2377s/iter; left time: 183577.2180s
	iters: 1300, epoch: 6 | loss: 0.7257900
	speed: 0.2379s/iter; left time: 183651.7147s
	iters: 1400, epoch: 6 | loss: 0.6459606
	speed: 0.2382s/iter; left time: 183893.2777s
	iters: 1500, epoch: 6 | loss: 0.7212870
	speed: 0.2386s/iter; left time: 184170.0006s
	iters: 1600, epoch: 6 | loss: 0.6976132
	speed: 0.2379s/iter; left time: 183596.3109s
	iters: 1700, epoch: 6 | loss: 0.6474681
	speed: 0.2380s/iter; left time: 183663.1913s
	iters: 1800, epoch: 6 | loss: 0.6551391
	speed: 0.2383s/iter; left time: 183847.3391s
	iters: 1900, epoch: 6 | loss: 0.5875291
	speed: 0.2378s/iter; left time: 183480.6327s
	iters: 2000, epoch: 6 | loss: 1.2042787
	speed: 0.2382s/iter; left time: 183765.0390s
	iters: 2100, epoch: 6 | loss: 0.6296863
	speed: 0.2383s/iter; left time: 183800.3496s
	iters: 2200, epoch: 6 | loss: 0.6448033
	speed: 0.2382s/iter; left time: 183663.0910s
	iters: 2300, epoch: 6 | loss: 0.6240745
	speed: 0.2381s/iter; left time: 183564.9438s
	iters: 2400, epoch: 6 | loss: 0.6293711
	speed: 0.2390s/iter; left time: 184234.9940s
	iters: 2500, epoch: 6 | loss: 0.6949676
	speed: 0.2389s/iter; left time: 184138.2137s
	iters: 2600, epoch: 6 | loss: 0.6807259
	speed: 0.2384s/iter; left time: 183734.4803s
	iters: 2700, epoch: 6 | loss: 0.6970822
	speed: 0.2389s/iter; left time: 184088.7327s
	iters: 2800, epoch: 6 | loss: 0.7007945
	speed: 0.2390s/iter; left time: 184140.9806s
	iters: 2900, epoch: 6 | loss: 0.6296035
	speed: 0.2393s/iter; left time: 184360.9753s
	iters: 3000, epoch: 6 | loss: 0.6261970
	speed: 0.2394s/iter; left time: 184432.3371s
	iters: 3100, epoch: 6 | loss: 0.6660269
	speed: 0.2397s/iter; left time: 184672.4164s
	iters: 3200, epoch: 6 | loss: 0.5994003
	speed: 0.2393s/iter; left time: 184326.5006s
	iters: 3300, epoch: 6 | loss: 0.6553824
	speed: 0.2390s/iter; left time: 184025.4115s
	iters: 3400, epoch: 6 | loss: 0.6641348
	speed: 0.2392s/iter; left time: 184160.3566s
	iters: 3500, epoch: 6 | loss: 0.6253853
	speed: 0.2391s/iter; left time: 184091.9000s
	iters: 3600, epoch: 6 | loss: 0.6063079
	speed: 0.2383s/iter; left time: 183408.6848s
	iters: 3700, epoch: 6 | loss: 0.5840281
	speed: 0.2386s/iter; left time: 183627.6983s
	iters: 3800, epoch: 6 | loss: 0.5816793
	speed: 0.2384s/iter; left time: 183469.7238s
	iters: 3900, epoch: 6 | loss: 0.6269521
	speed: 0.2385s/iter; left time: 183509.8141s
Epoch: 6 cost time: 947.4509851932526
Epoch: 6, Steps: 3966 | Train Loss: 0.6655056 Vali Loss: 0.9431388 Test Loss: 1.1239724
EarlyStopping counter: 1 out of 5
	iters: 100, epoch: 7 | loss: 0.6309973
	speed: 8.7266s/iter; left time: 6713434.9170s
	iters: 200, epoch: 7 | loss: 0.5711228
	speed: 0.2402s/iter; left time: 184748.8187s
	iters: 300, epoch: 7 | loss: 0.5789728
	speed: 0.2400s/iter; left time: 184607.7874s
	iters: 400, epoch: 7 | loss: 0.5631716
	speed: 0.2394s/iter; left time: 184092.6561s
	iters: 500, epoch: 7 | loss: 0.5721428
	speed: 0.2403s/iter; left time: 184749.3467s
	iters: 600, epoch: 7 | loss: 0.5782765
	speed: 0.2448s/iter; left time: 188236.2780s
	iters: 700, epoch: 7 | loss: 0.5987179
	speed: 0.2454s/iter; left time: 188666.2590s
	iters: 800, epoch: 7 | loss: 0.5638175
	speed: 0.2443s/iter; left time: 187741.0433s
	iters: 900, epoch: 7 | loss: 0.5205842
	speed: 0.2443s/iter; left time: 187738.9670s
	iters: 1000, epoch: 7 | loss: 0.5497493
	speed: 0.2448s/iter; left time: 188122.1129s
	iters: 1100, epoch: 7 | loss: 0.5731200
	speed: 0.2453s/iter; left time: 188480.0079s
	iters: 1200, epoch: 7 | loss: 0.5436813
	speed: 0.2446s/iter; left time: 187924.7222s
	iters: 1300, epoch: 7 | loss: 0.5413613
	speed: 0.2457s/iter; left time: 188717.4499s
	iters: 1400, epoch: 7 | loss: 0.5443079
	speed: 0.2457s/iter; left time: 188666.9674s
	iters: 1500, epoch: 7 | loss: 0.5161497
	speed: 0.2452s/iter; left time: 188260.6263s
	iters: 1600, epoch: 7 | loss: 0.6115369
	speed: 0.2454s/iter; left time: 188386.2423s
	iters: 1700, epoch: 7 | loss: 0.5363892
	speed: 0.2465s/iter; left time: 189203.5566s
	iters: 1800, epoch: 7 | loss: 0.5514718
	speed: 0.2460s/iter; left time: 188807.7149s
	iters: 1900, epoch: 7 | loss: 0.5092071
	speed: 0.2462s/iter; left time: 188979.9136s
	iters: 2000, epoch: 7 | loss: 0.5091460
	speed: 0.2461s/iter; left time: 188826.2779s
	iters: 2100, epoch: 7 | loss: 0.5279902
	speed: 0.2460s/iter; left time: 188725.1026s
	iters: 2200, epoch: 7 | loss: 0.5002707
	speed: 0.2459s/iter; left time: 188665.8771s
	iters: 2300, epoch: 7 | loss: 0.5711465
	speed: 0.2461s/iter; left time: 188792.4260s
	iters: 2400, epoch: 7 | loss: 0.5301055
	speed: 0.2457s/iter; left time: 188417.5766s
	iters: 2500, epoch: 7 | loss: 0.5461205
	speed: 0.2443s/iter; left time: 187370.8013s
	iters: 2600, epoch: 7 | loss: 0.5502793
	speed: 0.2449s/iter; left time: 187754.5308s
	iters: 2700, epoch: 7 | loss: 0.5740959
	speed: 0.2454s/iter; left time: 188176.9615s
	iters: 2800, epoch: 7 | loss: 0.5085973
	speed: 0.2452s/iter; left time: 187950.6659s
	iters: 2900, epoch: 7 | loss: 0.4907892
	speed: 0.2443s/iter; left time: 187254.6830s
	iters: 3000, epoch: 7 | loss: 0.5108182
	speed: 0.2452s/iter; left time: 187952.6391s
	iters: 3100, epoch: 7 | loss: 0.5369374
	speed: 0.2452s/iter; left time: 187918.2255s
	iters: 3200, epoch: 7 | loss: 0.5491275
	speed: 0.2448s/iter; left time: 187567.8427s
	iters: 3300, epoch: 7 | loss: 0.5224668
	speed: 0.2452s/iter; left time: 187860.5663s
	iters: 3400, epoch: 7 | loss: 0.5512041
	speed: 0.2453s/iter; left time: 187866.3704s
	iters: 3500, epoch: 7 | loss: 0.6929564
	speed: 0.2446s/iter; left time: 187320.5286s
	iters: 3600, epoch: 7 | loss: 0.5462747
	speed: 0.2445s/iter; left time: 187273.0093s
	iters: 3700, epoch: 7 | loss: 0.5475093
	speed: 0.2449s/iter; left time: 187505.1643s
	iters: 3800, epoch: 7 | loss: 0.5740595
	speed: 0.2448s/iter; left time: 187413.0455s
	iters: 3900, epoch: 7 | loss: 0.5869650
	speed: 0.2444s/iter; left time: 187103.3589s
Epoch: 7 cost time: 970.7580296993256
Epoch: 7, Steps: 3966 | Train Loss: 0.5644377 Vali Loss: 2.0516872 Test Loss: 2.0108080
EarlyStopping counter: 2 out of 5
	iters: 100, epoch: 8 | loss: 0.7108898
	speed: 8.6487s/iter; left time: 6619149.1643s
	iters: 200, epoch: 8 | loss: 0.6300822
	speed: 0.2394s/iter; left time: 183173.2364s
	iters: 300, epoch: 8 | loss: 0.5637645
	speed: 0.2391s/iter; left time: 182923.9813s
	iters: 400, epoch: 8 | loss: 0.6718029
	speed: 0.2389s/iter; left time: 182787.6137s
	iters: 500, epoch: 8 | loss: 0.6320634
	speed: 0.2385s/iter; left time: 182468.8543s
	iters: 600, epoch: 8 | loss: 0.6100633
	speed: 0.2386s/iter; left time: 182480.7102s
	iters: 700, epoch: 8 | loss: 0.5556269
	speed: 0.2386s/iter; left time: 182460.8555s
	iters: 800, epoch: 8 | loss: 0.5924520
	speed: 0.2379s/iter; left time: 181923.3707s
	iters: 900, epoch: 8 | loss: 0.5561194
	speed: 0.2378s/iter; left time: 181808.5041s
	iters: 1000, epoch: 8 | loss: 0.5564347
	speed: 0.2382s/iter; left time: 182127.4828s
	iters: 1100, epoch: 8 | loss: 0.5795642
	speed: 0.2383s/iter; left time: 182127.6232s
	iters: 1200, epoch: 8 | loss: 0.6221751
	speed: 0.2382s/iter; left time: 182060.8885s
	iters: 1300, epoch: 8 | loss: 0.5937477
	speed: 0.2382s/iter; left time: 182009.4432s
	iters: 1400, epoch: 8 | loss: 0.5501627
	speed: 0.2386s/iter; left time: 182319.3197s
	iters: 1500, epoch: 8 | loss: 0.5666750
	speed: 0.2388s/iter; left time: 182409.1745s
	iters: 1600, epoch: 8 | loss: 0.5627797
	speed: 0.2411s/iter; left time: 184133.6514s
	iters: 1700, epoch: 8 | loss: 0.5588779
	speed: 0.2463s/iter; left time: 188134.5985s
	iters: 1800, epoch: 8 | loss: 0.5265644
	speed: 0.2459s/iter; left time: 187812.7428s
	iters: 1900, epoch: 8 | loss: 0.5560884
	speed: 0.2456s/iter; left time: 187487.9777s
	iters: 2000, epoch: 8 | loss: 0.5411050
	speed: 0.2464s/iter; left time: 188076.8798s
	iters: 2100, epoch: 8 | loss: 0.5695285
	speed: 0.2465s/iter; left time: 188160.7893s
	iters: 2200, epoch: 8 | loss: 0.5764760
	speed: 0.2466s/iter; left time: 188208.2635s
	iters: 2300, epoch: 8 | loss: 0.5918131
	speed: 0.2465s/iter; left time: 188106.5046s
	iters: 2400, epoch: 8 | loss: 0.5654265
	speed: 0.2465s/iter; left time: 188105.3490s
	iters: 2500, epoch: 8 | loss: 0.5321146
	speed: 0.2458s/iter; left time: 187506.7933s
	iters: 2600, epoch: 8 | loss: 0.5377216
	speed: 0.2458s/iter; left time: 187520.8485s
	iters: 2700, epoch: 8 | loss: 0.5621607
	speed: 0.2458s/iter; left time: 187448.2487s
	iters: 2800, epoch: 8 | loss: 0.6231304
	speed: 0.2456s/iter; left time: 187341.8526s
	iters: 2900, epoch: 8 | loss: 0.5910227
	speed: 0.2456s/iter; left time: 187283.4304s
	iters: 3000, epoch: 8 | loss: 0.6013573
	speed: 0.2454s/iter; left time: 187122.0134s
	iters: 3100, epoch: 8 | loss: 0.5920848
	speed: 0.2461s/iter; left time: 187577.7587s
	iters: 3200, epoch: 8 | loss: 0.5768681
	speed: 0.2452s/iter; left time: 186905.3133s
	iters: 3300, epoch: 8 | loss: 0.5657556
	speed: 0.2446s/iter; left time: 186406.4383s
	iters: 3400, epoch: 8 | loss: 0.5790930
	speed: 0.2454s/iter; left time: 186989.5921s
	iters: 3500, epoch: 8 | loss: 0.5622286
	speed: 0.2461s/iter; left time: 187497.5080s
	iters: 3600, epoch: 8 | loss: 0.5021301
	speed: 0.2415s/iter; left time: 183989.0125s
	iters: 3700, epoch: 8 | loss: 0.5235928
	speed: 0.2377s/iter; left time: 181042.1827s
	iters: 3800, epoch: 8 | loss: 0.5369919
	speed: 0.2382s/iter; left time: 181438.3346s
	iters: 3900, epoch: 8 | loss: 0.5530880
	speed: 0.2377s/iter; left time: 181020.4601s
Epoch: 8 cost time: 961.2725787162781
Epoch: 8, Steps: 3966 | Train Loss: 0.6002730 Vali Loss: 0.8592491 Test Loss: 1.0647745
Validation loss decreased (0.902015 --> 0.859249).  Saving model ...
	iters: 100, epoch: 9 | loss: 0.5097936
	speed: 8.7285s/iter; left time: 6645611.7113s
	iters: 200, epoch: 9 | loss: 0.5611969
	speed: 0.2414s/iter; left time: 183784.7323s
	iters: 300, epoch: 9 | loss: 0.5202001
	speed: 0.2409s/iter; left time: 183398.7184s
	iters: 400, epoch: 9 | loss: 0.5194162
	speed: 0.2404s/iter; left time: 182937.1550s
	iters: 500, epoch: 9 | loss: 0.5092931
	speed: 0.2405s/iter; left time: 183022.5860s
	iters: 600, epoch: 9 | loss: 0.4739047
	speed: 0.2404s/iter; left time: 182879.4453s
	iters: 700, epoch: 9 | loss: 0.5098921
	speed: 0.2395s/iter; left time: 182178.5704s
	iters: 800, epoch: 9 | loss: 0.5162351
	speed: 0.2392s/iter; left time: 181960.4687s
	iters: 900, epoch: 9 | loss: 0.6267223
	speed: 0.2399s/iter; left time: 182441.0282s
	iters: 1000, epoch: 9 | loss: 0.5088347
	speed: 0.2397s/iter; left time: 182259.2931s
	iters: 1100, epoch: 9 | loss: 0.4829085
	speed: 0.2391s/iter; left time: 181770.8764s
	iters: 1200, epoch: 9 | loss: 0.5096779
	speed: 0.2397s/iter; left time: 182205.6883s
	iters: 1300, epoch: 9 | loss: 0.6879638
	speed: 0.2399s/iter; left time: 182375.2009s
	iters: 1400, epoch: 9 | loss: 0.5630593
	speed: 0.2403s/iter; left time: 182617.8538s
	iters: 1500, epoch: 9 | loss: 0.5172150
	speed: 0.2399s/iter; left time: 182313.7232s
	iters: 1600, epoch: 9 | loss: 0.5317194
	speed: 0.2400s/iter; left time: 182339.6164s
	iters: 1700, epoch: 9 | loss: 0.4964336
	speed: 0.2402s/iter; left time: 182506.0770s
	iters: 1800, epoch: 9 | loss: 0.4781103
	speed: 0.2399s/iter; left time: 182263.0617s
	iters: 1900, epoch: 9 | loss: 0.4915195
	speed: 0.2395s/iter; left time: 181939.8240s
	iters: 2000, epoch: 9 | loss: 0.5450504
	speed: 0.2397s/iter; left time: 182035.1906s
	iters: 2100, epoch: 9 | loss: 0.6570328
	speed: 0.2398s/iter; left time: 182073.3941s
	iters: 2200, epoch: 9 | loss: 0.6581424
	speed: 0.2396s/iter; left time: 181886.4008s
	iters: 2300, epoch: 9 | loss: 0.6971718
	speed: 0.2400s/iter; left time: 182164.0474s
	iters: 2400, epoch: 9 | loss: 0.6289474
	speed: 0.2397s/iter; left time: 181941.0607s
	iters: 2500, epoch: 9 | loss: 0.6300485
	speed: 0.2392s/iter; left time: 181550.9909s
	iters: 2600, epoch: 9 | loss: 1.0158751
	speed: 0.2398s/iter; left time: 181962.2236s
	iters: 2700, epoch: 9 | loss: 0.6615630
	speed: 0.2409s/iter; left time: 182826.0054s
	iters: 2800, epoch: 9 | loss: 0.5801046
	speed: 0.2401s/iter; left time: 182136.1752s
	iters: 2900, epoch: 9 | loss: 0.6428908
	speed: 0.2400s/iter; left time: 182032.4242s
	iters: 3000, epoch: 9 | loss: 0.5163768
	speed: 0.2400s/iter; left time: 182068.9255s
	iters: 3100, epoch: 9 | loss: 0.5028766
	speed: 0.2403s/iter; left time: 182242.4036s
	iters: 3200, epoch: 9 | loss: 0.5623993
	speed: 0.2402s/iter; left time: 182134.8152s
	iters: 3300, epoch: 9 | loss: 0.5242466
	speed: 0.2400s/iter; left time: 181986.3767s
	iters: 3400, epoch: 9 | loss: 0.5220726
	speed: 0.2403s/iter; left time: 182169.1149s
	iters: 3500, epoch: 9 | loss: 0.5689254
	speed: 0.2401s/iter; left time: 181976.3347s
	iters: 3600, epoch: 9 | loss: 0.5426852
	speed: 0.2399s/iter; left time: 181831.3176s
	iters: 3700, epoch: 9 | loss: 0.5576521
	speed: 0.2405s/iter; left time: 182228.2798s
	iters: 3800, epoch: 9 | loss: 0.5658823
	speed: 0.2403s/iter; left time: 182092.3974s
	iters: 3900, epoch: 9 | loss: 0.7303260
	speed: 0.2400s/iter; left time: 181851.3157s
Epoch: 9 cost time: 952.9276371002197
Epoch: 9, Steps: 3966 | Train Loss: 0.5717124 Vali Loss: 0.9505658 Test Loss: 1.1349064
EarlyStopping counter: 1 out of 5
	iters: 100, epoch: 10 | loss: 0.5511013
	speed: 8.6697s/iter; left time: 6566486.6719s
	iters: 200, epoch: 10 | loss: 0.5495884
	speed: 0.2387s/iter; left time: 180737.7831s
	iters: 300, epoch: 10 | loss: 0.5163143
	speed: 0.2390s/iter; left time: 180968.6049s
	iters: 400, epoch: 10 | loss: 0.5095902
	speed: 0.2388s/iter; left time: 180779.0691s
	iters: 500, epoch: 10 | loss: 0.4996548
	speed: 0.2386s/iter; left time: 180618.9040s
	iters: 600, epoch: 10 | loss: 0.4773113
	speed: 0.2382s/iter; left time: 180263.9713s
	iters: 700, epoch: 10 | loss: 0.5421175
	speed: 0.2383s/iter; left time: 180367.9732s
	iters: 800, epoch: 10 | loss: 0.6290566
	speed: 0.2392s/iter; left time: 181011.9068s
	iters: 900, epoch: 10 | loss: 0.5747728
	speed: 0.2391s/iter; left time: 180919.9394s
	iters: 1000, epoch: 10 | loss: 0.5589299
	speed: 0.2386s/iter; left time: 180473.5576s
	iters: 1100, epoch: 10 | loss: 0.5122700
	speed: 0.2393s/iter; left time: 181029.8005s
	iters: 1200, epoch: 10 | loss: 0.5890172
	speed: 0.2393s/iter; left time: 180968.7529s
	iters: 1300, epoch: 10 | loss: 0.5938016
	speed: 0.2389s/iter; left time: 180662.6327s
	iters: 1400, epoch: 10 | loss: 0.4834280
	speed: 0.2396s/iter; left time: 181164.5462s
	iters: 1500, epoch: 10 | loss: 0.4842605
	speed: 0.2381s/iter; left time: 180016.1153s
	iters: 1600, epoch: 10 | loss: 0.4919712
	speed: 0.2388s/iter; left time: 180483.1104s
	iters: 1700, epoch: 10 | loss: 0.5210398
	speed: 0.2390s/iter; left time: 180631.9902s
	iters: 1800, epoch: 10 | loss: 0.4719259
	speed: 0.2388s/iter; left time: 180475.2897s
	iters: 1900, epoch: 10 | loss: 0.5304484
	speed: 0.2389s/iter; left time: 180514.1420s
	iters: 2000, epoch: 10 | loss: 0.5227465
	speed: 0.2383s/iter; left time: 180008.3513s
	iters: 2100, epoch: 10 | loss: 0.4959090
	speed: 0.2386s/iter; left time: 180205.8610s
	iters: 2200, epoch: 10 | loss: 0.5104693
	speed: 0.2395s/iter; left time: 180896.7292s
	iters: 2300, epoch: 10 | loss: 0.4920889
	speed: 0.2475s/iter; left time: 186931.8047s
	iters: 2400, epoch: 10 | loss: 0.4710180
	speed: 0.2475s/iter; left time: 186925.2787s
	iters: 2500, epoch: 10 | loss: 0.4940834
	speed: 0.2480s/iter; left time: 187204.5190s
	iters: 2600, epoch: 10 | loss: 0.5289605
	speed: 0.2479s/iter; left time: 187158.6731s
	iters: 2700, epoch: 10 | loss: 0.5117688
	speed: 0.2460s/iter; left time: 185649.2107s
	iters: 2800, epoch: 10 | loss: 0.4828382
	speed: 0.2463s/iter; left time: 185874.6238s
	iters: 2900, epoch: 10 | loss: 0.4829560
	speed: 0.2458s/iter; left time: 185469.5813s
	iters: 3000, epoch: 10 | loss: 0.4914548
	speed: 0.2455s/iter; left time: 185243.4883s
	iters: 3100, epoch: 10 | loss: 0.4974649
	speed: 0.2452s/iter; left time: 184991.9871s
	iters: 3200, epoch: 10 | loss: 0.5404001
	speed: 0.2461s/iter; left time: 185660.8454s
	iters: 3300, epoch: 10 | loss: 0.5436841
	speed: 0.2460s/iter; left time: 185509.5977s
	iters: 3400, epoch: 10 | loss: 0.5120270
	speed: 0.2461s/iter; left time: 185592.0498s
	iters: 3500, epoch: 10 | loss: 1.1501895
	speed: 0.2453s/iter; left time: 184989.8781s
	iters: 3600, epoch: 10 | loss: 0.6000203
	speed: 0.2453s/iter; left time: 184939.2034s
	iters: 3700, epoch: 10 | loss: 0.5316692
	speed: 0.2447s/iter; left time: 184472.3329s
	iters: 3800, epoch: 10 | loss: 0.5133638
	speed: 0.2456s/iter; left time: 185090.5175s
	iters: 3900, epoch: 10 | loss: 0.5425869
	speed: 0.2455s/iter; left time: 185035.3994s
Epoch: 10 cost time: 960.9600026607513
Epoch: 10, Steps: 3966 | Train Loss: 0.5359973 Vali Loss: 0.8635682 Test Loss: 1.0608311
EarlyStopping counter: 2 out of 5
	iters: 100, epoch: 11 | loss: 0.5072371
	speed: 8.7313s/iter; left time: 6578543.5865s
	iters: 200, epoch: 11 | loss: 0.4709599
	speed: 0.2448s/iter; left time: 184452.9118s
	iters: 300, epoch: 11 | loss: 0.5013743
	speed: 0.2462s/iter; left time: 185410.8325s
	iters: 400, epoch: 11 | loss: 0.5427043
	speed: 0.2469s/iter; left time: 185925.6852s
	iters: 500, epoch: 11 | loss: 0.4820903
	speed: 0.2460s/iter; left time: 185211.4683s
	iters: 600, epoch: 11 | loss: 0.4588576
	speed: 0.2453s/iter; left time: 184732.3481s
	iters: 700, epoch: 11 | loss: 0.5096136
	speed: 0.2454s/iter; left time: 184744.5408s
	iters: 800, epoch: 11 | loss: 0.4805235
	speed: 0.2459s/iter; left time: 185122.9289s
	iters: 900, epoch: 11 | loss: 0.4899905
	speed: 0.2448s/iter; left time: 184223.7707s
	iters: 1000, epoch: 11 | loss: 0.5041720
	speed: 0.2451s/iter; left time: 184421.6019s
	iters: 1100, epoch: 11 | loss: 0.4941195
	speed: 0.2454s/iter; left time: 184615.4920s
	iters: 1200, epoch: 11 | loss: 0.5139284
	speed: 0.2449s/iter; left time: 184230.6805s
	iters: 1300, epoch: 11 | loss: 0.4746704
	speed: 0.2445s/iter; left time: 183901.1879s
	iters: 1400, epoch: 11 | loss: 0.4823136
	speed: 0.2453s/iter; left time: 184529.9496s
	iters: 1500, epoch: 11 | loss: 0.4835713
	speed: 0.2455s/iter; left time: 184650.9377s
	iters: 1600, epoch: 11 | loss: 0.5034989
	speed: 0.2452s/iter; left time: 184368.6114s
	iters: 1700, epoch: 11 | loss: 0.4938340
	speed: 0.2449s/iter; left time: 184138.3585s
	iters: 1800, epoch: 11 | loss: 0.5939260
	speed: 0.2460s/iter; left time: 184934.5386s
	iters: 1900, epoch: 11 | loss: 0.5653962
	speed: 0.2465s/iter; left time: 185248.6875s
	iters: 2000, epoch: 11 | loss: 0.5595379
	speed: 0.2464s/iter; left time: 185177.7501s
	iters: 2100, epoch: 11 | loss: 0.5199960
	speed: 0.2467s/iter; left time: 185390.6607s
	iters: 2200, epoch: 11 | loss: 0.5187777
	speed: 0.2467s/iter; left time: 185345.9604s
	iters: 2300, epoch: 11 | loss: 0.5400541
	speed: 0.2463s/iter; left time: 185013.6670s
	iters: 2400, epoch: 11 | loss: 0.4523112
	speed: 0.2490s/iter; left time: 187058.8379s
	iters: 2500, epoch: 11 | loss: 0.5309598
	speed: 0.2389s/iter; left time: 179429.3541s
	iters: 2600, epoch: 11 | loss: 0.6581481
	speed: 0.2383s/iter; left time: 178941.0255s
	iters: 2700, epoch: 11 | loss: 0.6225176
	speed: 0.2443s/iter; left time: 183435.0664s
	iters: 2800, epoch: 11 | loss: 0.6047994
	speed: 0.2458s/iter; left time: 184551.0834s
	iters: 2900, epoch: 11 | loss: 0.5932007
	speed: 0.2463s/iter; left time: 184914.2986s
	iters: 3000, epoch: 11 | loss: 0.6120365
	speed: 0.2464s/iter; left time: 184904.8244s
	iters: 3100, epoch: 11 | loss: 0.6475936
	speed: 0.2457s/iter; left time: 184398.1015s
	iters: 3200, epoch: 11 | loss: 0.6045115
	speed: 0.2463s/iter; left time: 184791.6649s
	iters: 3300, epoch: 11 | loss: 0.6278015
	speed: 0.2460s/iter; left time: 184576.8612s
	iters: 3400, epoch: 11 | loss: 0.7172304
	speed: 0.2429s/iter; left time: 182183.3676s
	iters: 3500, epoch: 11 | loss: 0.5648574
	speed: 0.2393s/iter; left time: 179464.8211s
	iters: 3600, epoch: 11 | loss: 0.5527754
	speed: 0.2396s/iter; left time: 179673.3622s
	iters: 3700, epoch: 11 | loss: 0.5487805
	speed: 0.2394s/iter; left time: 179522.4067s
	iters: 3800, epoch: 11 | loss: 0.5038770
	speed: 0.2389s/iter; left time: 179112.9523s
	iters: 3900, epoch: 11 | loss: 0.5015986
	speed: 0.2396s/iter; left time: 179630.1374s
Epoch: 11 cost time: 969.9394295215607
Epoch: 11, Steps: 3966 | Train Loss: 0.5426402 Vali Loss: 0.8729789 Test Loss: 1.0760508
EarlyStopping counter: 3 out of 5
	iters: 100, epoch: 12 | loss: 0.4941327
	speed: 8.7548s/iter; left time: 6561474.3752s
	iters: 200, epoch: 12 | loss: 0.5019685
	speed: 0.2393s/iter; left time: 179348.4018s
	iters: 300, epoch: 12 | loss: 0.5097858
	speed: 0.2392s/iter; left time: 179203.3001s
	iters: 400, epoch: 12 | loss: 0.4921128
	speed: 0.2392s/iter; left time: 179171.3472s
	iters: 500, epoch: 12 | loss: 0.5023977
	speed: 0.2390s/iter; left time: 179027.2969s
	iters: 600, epoch: 12 | loss: 0.5148347
	speed: 0.2388s/iter; left time: 178849.9006s
	iters: 700, epoch: 12 | loss: 0.4970457
	speed: 0.2384s/iter; left time: 178564.4464s
	iters: 800, epoch: 12 | loss: 0.4948635
	speed: 0.2386s/iter; left time: 178661.5274s
	iters: 900, epoch: 12 | loss: 0.4709779
	speed: 0.2385s/iter; left time: 178575.4140s
	iters: 1000, epoch: 12 | loss: 0.4853369
	speed: 0.2384s/iter; left time: 178454.4897s
	iters: 1100, epoch: 12 | loss: 0.4984291
	speed: 0.2393s/iter; left time: 179134.0089s
	iters: 1200, epoch: 12 | loss: 0.5342179
	speed: 0.2389s/iter; left time: 178805.0895s
	iters: 1300, epoch: 12 | loss: 0.4925535
	speed: 0.2384s/iter; left time: 178415.3628s
	iters: 1400, epoch: 12 | loss: 0.4983523
	speed: 0.2388s/iter; left time: 178636.8561s
	iters: 1500, epoch: 12 | loss: 0.5045896
	speed: 0.2480s/iter; left time: 185511.3240s
	iters: 1600, epoch: 12 | loss: 0.4620863
	speed: 0.2484s/iter; left time: 185765.0164s
	iters: 1700, epoch: 12 | loss: 0.4973080
	speed: 0.2480s/iter; left time: 185496.9178s
	iters: 1800, epoch: 12 | loss: 0.5001465
	speed: 0.2481s/iter; left time: 185539.7732s
	iters: 1900, epoch: 12 | loss: 0.5107545
	speed: 0.2477s/iter; left time: 185162.5238s
	iters: 2000, epoch: 12 | loss: 0.4934273
	speed: 0.2474s/iter; left time: 184957.6747s
	iters: 2100, epoch: 12 | loss: 0.4932187
	speed: 0.2424s/iter; left time: 181210.2290s
	iters: 2200, epoch: 12 | loss: 0.4870310
	speed: 0.2385s/iter; left time: 178271.8340s
	iters: 2300, epoch: 12 | loss: 0.4771782
	speed: 0.2377s/iter; left time: 177626.2429s
	iters: 2400, epoch: 12 | loss: 0.4872847
	speed: 0.2376s/iter; left time: 177548.1135s
	iters: 2500, epoch: 12 | loss: 0.4526021
	speed: 0.2380s/iter; left time: 177817.2939s
	iters: 2600, epoch: 12 | loss: 0.4671661
	speed: 0.2436s/iter; left time: 181949.0648s
	iters: 2700, epoch: 12 | loss: 0.4916832
	speed: 0.2443s/iter; left time: 182463.1318s
	iters: 2800, epoch: 12 | loss: 0.4851638
	speed: 0.2450s/iter; left time: 182971.6651s
	iters: 2900, epoch: 12 | loss: 0.4446096
	speed: 0.2456s/iter; left time: 183363.9290s
	iters: 3000, epoch: 12 | loss: 0.5235255
	speed: 0.2458s/iter; left time: 183494.9911s
	iters: 3100, epoch: 12 | loss: 0.4546656
	speed: 0.2454s/iter; left time: 183171.5971s
	iters: 3200, epoch: 12 | loss: 0.4712336
	speed: 0.2457s/iter; left time: 183390.8001s
	iters: 3300, epoch: 12 | loss: 0.4620325
	speed: 0.2459s/iter; left time: 183503.3781s
	iters: 3400, epoch: 12 | loss: 0.4888033
	speed: 0.2457s/iter; left time: 183346.1309s
	iters: 3500, epoch: 12 | loss: 0.4844323
	speed: 0.2429s/iter; left time: 181201.1096s
	iters: 3600, epoch: 12 | loss: 0.4596313
	speed: 0.2394s/iter; left time: 178620.0459s
	iters: 3700, epoch: 12 | loss: 0.4506466
	speed: 0.2391s/iter; left time: 178302.9319s
	iters: 3800, epoch: 12 | loss: 0.5084774
	speed: 0.2389s/iter; left time: 178146.6496s
	iters: 3900, epoch: 12 | loss: 0.5105484
	speed: 0.2385s/iter; left time: 177829.0508s
Epoch: 12 cost time: 959.8762528896332
Epoch: 12, Steps: 3966 | Train Loss: 0.4864920 Vali Loss: 0.8903689 Test Loss: 1.0816802
EarlyStopping counter: 4 out of 5
	iters: 100, epoch: 13 | loss: 0.4811755
	speed: 8.7269s/iter; left time: 6505997.5438s
	iters: 200, epoch: 13 | loss: 0.4835342
	speed: 0.2400s/iter; left time: 178901.3323s
	iters: 300, epoch: 13 | loss: 0.5060670
	speed: 0.2404s/iter; left time: 179180.4644s
	iters: 400, epoch: 13 | loss: 0.5098069
	speed: 0.2400s/iter; left time: 178818.5327s
	iters: 500, epoch: 13 | loss: 0.4335636
	speed: 0.2391s/iter; left time: 178177.3990s
	iters: 600, epoch: 13 | loss: 0.4780697
	speed: 0.2394s/iter; left time: 178366.5176s
	iters: 700, epoch: 13 | loss: 0.4543260
	speed: 0.2398s/iter; left time: 178666.1991s
	iters: 800, epoch: 13 | loss: 0.4422792
	speed: 0.2395s/iter; left time: 178416.7402s
	iters: 900, epoch: 13 | loss: 0.4695019
	speed: 0.2389s/iter; left time: 177925.6432s
	iters: 1000, epoch: 13 | loss: 0.4901187
	speed: 0.2391s/iter; left time: 178041.1112s
	iters: 1100, epoch: 13 | loss: 0.4635386
	speed: 0.2392s/iter; left time: 178076.6309s
	iters: 1200, epoch: 13 | loss: 0.4813915
	speed: 0.2384s/iter; left time: 177493.9188s
	iters: 1300, epoch: 13 | loss: 0.4768015
	speed: 0.2386s/iter; left time: 177582.0613s
	iters: 1400, epoch: 13 | loss: 0.4713287
	speed: 0.2388s/iter; left time: 177715.4759s
	iters: 1500, epoch: 13 | loss: 0.4510057
	speed: 0.2391s/iter; left time: 177938.2218s
	iters: 1600, epoch: 13 | loss: 0.4761399
	speed: 0.2390s/iter; left time: 177799.6788s
	iters: 1700, epoch: 13 | loss: 0.4648644
	speed: 0.2394s/iter; left time: 178082.4450s
	iters: 1800, epoch: 13 | loss: 0.4574202
	speed: 0.2394s/iter; left time: 178033.5087s
	iters: 1900, epoch: 13 | loss: 0.4902078
	speed: 0.2391s/iter; left time: 177814.1715s
	iters: 2000, epoch: 13 | loss: 0.4549071
	speed: 0.2391s/iter; left time: 177790.1241s
	iters: 2100, epoch: 13 | loss: 0.4424570
	speed: 0.2395s/iter; left time: 178068.5162s
	iters: 2200, epoch: 13 | loss: 0.4652591
	speed: 0.2389s/iter; left time: 177611.2386s
	iters: 2300, epoch: 13 | loss: 0.4878591
	speed: 0.2387s/iter; left time: 177433.1722s
	iters: 2400, epoch: 13 | loss: 0.4594010
	speed: 0.2391s/iter; left time: 177706.1596s
	iters: 2500, epoch: 13 | loss: 0.4706702
	speed: 0.2388s/iter; left time: 177431.5626s
	iters: 2600, epoch: 13 | loss: 0.5073891
	speed: 0.2383s/iter; left time: 177050.1992s
	iters: 2700, epoch: 13 | loss: 0.6888729
	speed: 0.2386s/iter; left time: 177261.6149s
	iters: 2800, epoch: 13 | loss: 0.6861843
	speed: 0.2393s/iter; left time: 177787.4074s
	iters: 2900, epoch: 13 | loss: 0.6002154
	speed: 0.2394s/iter; left time: 177833.6657s
	iters: 3000, epoch: 13 | loss: 0.5523598
	speed: 0.2390s/iter; left time: 177496.5473s
	iters: 3100, epoch: 13 | loss: 0.5149472
	speed: 0.2394s/iter; left time: 177788.5183s
	iters: 3200, epoch: 13 | loss: 0.4776747
	speed: 0.2398s/iter; left time: 178025.5205s
	iters: 3300, epoch: 13 | loss: 0.5086449
	speed: 0.2392s/iter; left time: 177546.1780s
	iters: 3400, epoch: 13 | loss: 0.4786941
	speed: 0.2395s/iter; left time: 177755.7326s
	iters: 3500, epoch: 13 | loss: 0.4596092
	speed: 0.2395s/iter; left time: 177706.9134s
	iters: 3600, epoch: 13 | loss: 0.4787901
	speed: 0.2394s/iter; left time: 177608.4055s
	iters: 3700, epoch: 13 | loss: 0.5741259
	speed: 0.2394s/iter; left time: 177590.7629s
	iters: 3800, epoch: 13 | loss: 0.5080150
	speed: 0.2397s/iter; left time: 177838.8028s
	iters: 3900, epoch: 13 | loss: 0.4914590
	speed: 0.2444s/iter; left time: 181273.9665s
Epoch: 13 cost time: 950.7195353507996
Epoch: 13, Steps: 3966 | Train Loss: 0.5033869 Vali Loss: 0.8905373 Test Loss: 1.0982524
EarlyStopping counter: 5 out of 5
Early stopping
>>>>>>>testing : long_term_forecast_pems07_all_96_336_Autoformer_custom_ftM_sl96_ll48_pl336_dm128_nh8_el2_dl1_df2048_fc3_ebtimeF_dtTrue_srate0.1_sseed7_trainseed2024_gap365_Exp_0<<<<<<<<<<<<<<<<<<<<<<<<<<<<<<<<<
test 352801
test shape: (35280, 1, 336, 1613) (35280, 1, 336, 1613)
test shape: (35280, 336, 1613) (35280, 336, 1613)
