Args in experiment:
Namespace(activation='gelu', anomaly_ratio=0.25, batch_size=32, c_out=151, checkpoints='./checkpoints/', d_ff=2048, d_layers=1, d_model=128, data='custom', data_path='pems03_all_common_flow.csv', dec_in=151, des='Exp', devices='0,1,2,3', distil=True, dropout=0, e_layers=2, embed='timeF', enc_in=151, factor=3, features='M', freq='h', gap_day=365, gpu=0, inverse=False, is_training=1, itr=1, label_len=48, learning_rate=0.0005, loss='MSE', lradj='type3', mask_rate=0.25, model='Autoformer', model_id='pems03_all_96_336', moving_avg=25, n_heads=8, num_kernels=6, num_workers=10, output_attention=False, p_hidden_dims=[128, 128], p_hidden_layers=2, patience=5, pred_len=336, root_path='../../data/pems/', samle_rate=0.1, sample_seed=7, seasonal_patterns='Monthly', seq_len=96, target='OT', task_name='long_term_forecast', top_k=5, train_epochs=200, train_seed=2024, use_amp=False, use_gpu=True, use_multi_gpu=False)
Use GPU: cuda:0
>>>>>>>start training : long_term_forecast_pems03_all_96_336_Autoformer_custom_ftM_sl96_ll48_pl336_dm128_nh8_el2_dl1_df2048_fc3_ebtimeF_dtTrue_srate0.1_sseed7_trainseed2024_Exp_0>>>>>>>>>>>>>>>>>>>>>>>>>>
train 1498836
val 123744
test 352941
	iters: 100, epoch: 1 | loss: 1.3140672
	speed: 0.1747s/iter; left time: 163642.2532s
	iters: 200, epoch: 1 | loss: 1.1585531
	speed: 0.1721s/iter; left time: 161172.5108s
	iters: 300, epoch: 1 | loss: 1.1050407
	speed: 0.1732s/iter; left time: 162122.4318s
	iters: 400, epoch: 1 | loss: 1.1115763
	speed: 0.1719s/iter; left time: 160966.8287s
	iters: 500, epoch: 1 | loss: 1.0365890
	speed: 0.1720s/iter; left time: 161001.8065s
	iters: 600, epoch: 1 | loss: 1.0771658
	speed: 0.1739s/iter; left time: 162786.6156s
	iters: 700, epoch: 1 | loss: 0.9905627
	speed: 0.1716s/iter; left time: 160598.4279s
	iters: 800, epoch: 1 | loss: 0.9576072
	speed: 0.1708s/iter; left time: 159858.2012s
	iters: 900, epoch: 1 | loss: 1.0036556
	speed: 0.1708s/iter; left time: 159782.5646s
	iters: 1000, epoch: 1 | loss: 1.0495728
	speed: 0.1710s/iter; left time: 159954.9372s
	iters: 1100, epoch: 1 | loss: 1.1400168
	speed: 0.1710s/iter; left time: 160000.8854s
	iters: 1200, epoch: 1 | loss: 0.8882279
	speed: 0.1716s/iter; left time: 160497.8921s
	iters: 1300, epoch: 1 | loss: 0.8946817
	speed: 0.1725s/iter; left time: 161356.3677s
	iters: 1400, epoch: 1 | loss: 0.9087903
	speed: 0.1727s/iter; left time: 161483.7450s
	iters: 1500, epoch: 1 | loss: 0.9515607
	speed: 0.1732s/iter; left time: 161913.4900s
	iters: 1600, epoch: 1 | loss: 1.0297639
	speed: 0.1730s/iter; left time: 161765.2865s
	iters: 1700, epoch: 1 | loss: 0.8891877
	speed: 0.1735s/iter; left time: 162162.1874s
	iters: 1800, epoch: 1 | loss: 0.9196450
	speed: 0.1731s/iter; left time: 161788.1791s
	iters: 1900, epoch: 1 | loss: 0.9020575
	speed: 0.1728s/iter; left time: 161489.3454s
	iters: 2000, epoch: 1 | loss: 1.0407772
	speed: 0.1717s/iter; left time: 160457.8657s
	iters: 2100, epoch: 1 | loss: 0.9969128
	speed: 0.1721s/iter; left time: 160836.4967s
	iters: 2200, epoch: 1 | loss: 0.9987649
	speed: 0.1724s/iter; left time: 161086.2368s
	iters: 2300, epoch: 1 | loss: 1.0606829
	speed: 0.1714s/iter; left time: 160110.6820s
	iters: 2400, epoch: 1 | loss: 0.9298712
	speed: 0.1718s/iter; left time: 160463.7572s
	iters: 2500, epoch: 1 | loss: 0.9722345
	speed: 0.1722s/iter; left time: 160813.1252s
	iters: 2600, epoch: 1 | loss: 0.8873393
	speed: 0.1727s/iter; left time: 161257.8412s
	iters: 2700, epoch: 1 | loss: 0.8163389
	speed: 0.1730s/iter; left time: 161541.8540s
	iters: 2800, epoch: 1 | loss: 0.9390398
	speed: 0.1711s/iter; left time: 159771.6002s
	iters: 2900, epoch: 1 | loss: 0.8424473
	speed: 0.1711s/iter; left time: 159732.6166s
	iters: 3000, epoch: 1 | loss: 0.8851876
	speed: 0.1709s/iter; left time: 159588.7253s
	iters: 3100, epoch: 1 | loss: 0.8521097
	speed: 0.1713s/iter; left time: 159913.9682s
	iters: 3200, epoch: 1 | loss: 0.9107976
	speed: 0.1706s/iter; left time: 159282.4778s
	iters: 3300, epoch: 1 | loss: 0.8625671
	speed: 0.1711s/iter; left time: 159692.2504s
	iters: 3400, epoch: 1 | loss: 1.0449235
	speed: 0.1710s/iter; left time: 159542.4922s
	iters: 3500, epoch: 1 | loss: 1.0802155
	speed: 0.1707s/iter; left time: 159304.0641s
	iters: 3600, epoch: 1 | loss: 1.0027061
	speed: 0.1711s/iter; left time: 159637.7892s
	iters: 3700, epoch: 1 | loss: 1.0267296
	speed: 0.1711s/iter; left time: 159664.8830s
	iters: 3800, epoch: 1 | loss: 1.0393205
	speed: 0.1716s/iter; left time: 160089.7312s
	iters: 3900, epoch: 1 | loss: 0.9492570
	speed: 0.1707s/iter; left time: 159165.7442s
	iters: 4000, epoch: 1 | loss: 0.9639271
	speed: 0.1714s/iter; left time: 159872.6599s
	iters: 4100, epoch: 1 | loss: 1.0413275
	speed: 0.1707s/iter; left time: 159165.3587s
	iters: 4200, epoch: 1 | loss: 1.0460790
	speed: 0.1716s/iter; left time: 159956.6880s
	iters: 4300, epoch: 1 | loss: 0.9798939
	speed: 0.1707s/iter; left time: 159116.3132s
	iters: 4400, epoch: 1 | loss: 0.9066814
	speed: 0.1706s/iter; left time: 159057.8580s
	iters: 4500, epoch: 1 | loss: 0.9148371
	speed: 0.1707s/iter; left time: 159131.8053s
	iters: 4600, epoch: 1 | loss: 0.9925590
	speed: 0.1705s/iter; left time: 158952.4801s
Epoch: 1 cost time: 804.5166487693787
Epoch: 1, Steps: 4683 | Train Loss: 0.9963914 Vali Loss: 1.2236876 Test Loss: 1.1587119
Validation loss decreased (inf --> 1.223688).  Saving model ...
	iters: 100, epoch: 2 | loss: 0.9252335
	speed: 4.8785s/iter; left time: 4545838.7838s
	iters: 200, epoch: 2 | loss: 0.9896440
	speed: 0.1724s/iter; left time: 160667.8973s
	iters: 300, epoch: 2 | loss: 0.9984932
	speed: 0.1740s/iter; left time: 162107.1013s
	iters: 400, epoch: 2 | loss: 1.0776284
	speed: 0.1753s/iter; left time: 163303.3980s
	iters: 500, epoch: 2 | loss: 0.9112343
	speed: 0.1745s/iter; left time: 162544.5863s
	iters: 600, epoch: 2 | loss: 1.0526044
	speed: 0.1743s/iter; left time: 162300.3864s
	iters: 700, epoch: 2 | loss: 1.0574427
	speed: 0.1727s/iter; left time: 160824.7298s
	iters: 800, epoch: 2 | loss: 1.0761811
	speed: 0.1726s/iter; left time: 160691.7397s
	iters: 900, epoch: 2 | loss: 0.9616027
	speed: 0.1729s/iter; left time: 160945.8025s
	iters: 1000, epoch: 2 | loss: 1.0071815
	speed: 0.1722s/iter; left time: 160277.6925s
	iters: 1100, epoch: 2 | loss: 0.9541148
	speed: 0.1731s/iter; left time: 161100.9337s
	iters: 1200, epoch: 2 | loss: 0.8909258
	speed: 0.1714s/iter; left time: 159527.9353s
	iters: 1300, epoch: 2 | loss: 0.9411362
	speed: 0.1714s/iter; left time: 159530.2558s
	iters: 1400, epoch: 2 | loss: 0.9867197
	speed: 0.1713s/iter; left time: 159435.8377s
	iters: 1500, epoch: 2 | loss: 0.8652327
	speed: 0.1716s/iter; left time: 159675.4617s
	iters: 1600, epoch: 2 | loss: 0.8795588
	speed: 0.1718s/iter; left time: 159788.7636s
	iters: 1700, epoch: 2 | loss: 0.9029951
	speed: 0.1715s/iter; left time: 159560.2902s
	iters: 1800, epoch: 2 | loss: 0.8944989
	speed: 0.1715s/iter; left time: 159535.2448s
	iters: 1900, epoch: 2 | loss: 0.9285744
	speed: 0.1715s/iter; left time: 159485.2939s
	iters: 2000, epoch: 2 | loss: 0.9952856
	speed: 0.1717s/iter; left time: 159635.4696s
	iters: 2100, epoch: 2 | loss: 0.8708947
	speed: 0.1714s/iter; left time: 159397.9849s
	iters: 2200, epoch: 2 | loss: 0.9222443
	speed: 0.1714s/iter; left time: 159330.7508s
	iters: 2300, epoch: 2 | loss: 0.9392216
	speed: 0.1711s/iter; left time: 159030.1490s
	iters: 2400, epoch: 2 | loss: 0.8917686
	speed: 0.1712s/iter; left time: 159176.3053s
	iters: 2500, epoch: 2 | loss: 0.8966100
	speed: 0.1718s/iter; left time: 159692.9856s
	iters: 2600, epoch: 2 | loss: 0.8469710
	speed: 0.1717s/iter; left time: 159560.7285s
	iters: 2700, epoch: 2 | loss: 0.8621741
	speed: 0.1715s/iter; left time: 159340.7452s
	iters: 2800, epoch: 2 | loss: 0.9014265
	speed: 0.1712s/iter; left time: 159077.0334s
	iters: 2900, epoch: 2 | loss: 0.8907698
	speed: 0.1714s/iter; left time: 159260.3077s
	iters: 3000, epoch: 2 | loss: 0.9296078
	speed: 0.1715s/iter; left time: 159270.9462s
	iters: 3100, epoch: 2 | loss: 0.9450662
	speed: 0.1733s/iter; left time: 161000.5779s
	iters: 3200, epoch: 2 | loss: 0.8503191
	speed: 0.1737s/iter; left time: 161340.5930s
	iters: 3300, epoch: 2 | loss: 0.8737825
	speed: 0.1726s/iter; left time: 160307.5623s
	iters: 3400, epoch: 2 | loss: 0.9246333
	speed: 0.1723s/iter; left time: 159956.7101s
	iters: 3500, epoch: 2 | loss: 0.9183289
	speed: 0.1727s/iter; left time: 160348.7985s
	iters: 3600, epoch: 2 | loss: 0.8816804
	speed: 0.1724s/iter; left time: 160082.3382s
	iters: 3700, epoch: 2 | loss: 0.9939756
	speed: 0.1748s/iter; left time: 162288.7739s
	iters: 3800, epoch: 2 | loss: 0.9286666
	speed: 0.1750s/iter; left time: 162461.0647s
	iters: 3900, epoch: 2 | loss: 0.9005982
	speed: 0.1750s/iter; left time: 162374.0437s
	iters: 4000, epoch: 2 | loss: 0.9033049
	speed: 0.1721s/iter; left time: 159676.3546s
	iters: 4100, epoch: 2 | loss: 0.8606150
	speed: 0.1715s/iter; left time: 159079.8377s
	iters: 4200, epoch: 2 | loss: 0.8869953
	speed: 0.1713s/iter; left time: 158932.5932s
	iters: 4300, epoch: 2 | loss: 0.9008105
	speed: 0.1717s/iter; left time: 159293.5701s
	iters: 4400, epoch: 2 | loss: 0.9151163
	speed: 0.1714s/iter; left time: 158975.2748s
	iters: 4500, epoch: 2 | loss: 0.8613216
	speed: 0.1711s/iter; left time: 158645.3122s
	iters: 4600, epoch: 2 | loss: 0.9167823
	speed: 0.1714s/iter; left time: 158967.6386s
Epoch: 2 cost time: 807.1000757217407
Epoch: 2, Steps: 4683 | Train Loss: 0.9307123 Vali Loss: 1.2069812 Test Loss: 1.2317716
Validation loss decreased (1.223688 --> 1.206981).  Saving model ...
	iters: 100, epoch: 3 | loss: 0.8899271
	speed: 4.8845s/iter; left time: 4528616.9826s
	iters: 200, epoch: 3 | loss: 0.9912126
	speed: 0.1714s/iter; left time: 158879.5330s
	iters: 300, epoch: 3 | loss: 0.8905184
	speed: 0.1713s/iter; left time: 158791.8916s
	iters: 400, epoch: 3 | loss: 0.7935057
	speed: 0.1716s/iter; left time: 159039.7602s
	iters: 500, epoch: 3 | loss: 0.8711119
	speed: 0.1709s/iter; left time: 158406.2893s
	iters: 600, epoch: 3 | loss: 0.9131883
	speed: 0.1716s/iter; left time: 159048.9727s
	iters: 700, epoch: 3 | loss: 0.7621242
	speed: 0.1715s/iter; left time: 158860.2530s
	iters: 800, epoch: 3 | loss: 0.8756320
	speed: 0.1712s/iter; left time: 158619.0010s
	iters: 900, epoch: 3 | loss: 0.8042583
	speed: 0.1710s/iter; left time: 158446.4547s
	iters: 1000, epoch: 3 | loss: 0.9777604
	speed: 0.1722s/iter; left time: 159498.3298s
	iters: 1100, epoch: 3 | loss: 0.8377747
	speed: 0.1745s/iter; left time: 161624.0559s
	iters: 1200, epoch: 3 | loss: 0.8823763
	speed: 0.1748s/iter; left time: 161844.5389s
	iters: 1300, epoch: 3 | loss: 0.8429603
	speed: 0.1732s/iter; left time: 160398.6644s
	iters: 1400, epoch: 3 | loss: 0.9581561
	speed: 0.1727s/iter; left time: 159881.6189s
	iters: 1500, epoch: 3 | loss: 0.8636923
	speed: 0.1725s/iter; left time: 159727.9983s
	iters: 1600, epoch: 3 | loss: 0.8499997
	speed: 0.1724s/iter; left time: 159611.1319s
	iters: 1700, epoch: 3 | loss: 0.8290144
	speed: 0.1725s/iter; left time: 159647.9954s
	iters: 1800, epoch: 3 | loss: 0.8333285
	speed: 0.1721s/iter; left time: 159278.4224s
	iters: 1900, epoch: 3 | loss: 0.9316002
	speed: 0.1724s/iter; left time: 159562.6910s
	iters: 2000, epoch: 3 | loss: 0.8325097
	speed: 0.1742s/iter; left time: 161203.7325s
	iters: 2100, epoch: 3 | loss: 0.7843064
	speed: 0.1749s/iter; left time: 161799.7680s
	iters: 2200, epoch: 3 | loss: 0.8485119
	speed: 0.1744s/iter; left time: 161326.8500s
	iters: 2300, epoch: 3 | loss: 0.8699294
	speed: 0.1749s/iter; left time: 161731.8280s
	iters: 2400, epoch: 3 | loss: 0.8428688
	speed: 0.1742s/iter; left time: 161139.4757s
	iters: 2500, epoch: 3 | loss: 0.7996430
	speed: 0.1728s/iter; left time: 159801.5650s
	iters: 2600, epoch: 3 | loss: 0.8832862
	speed: 0.1725s/iter; left time: 159491.7710s
	iters: 2700, epoch: 3 | loss: 0.8428494
	speed: 0.1726s/iter; left time: 159529.0487s
	iters: 2800, epoch: 3 | loss: 0.8830855
	speed: 0.1724s/iter; left time: 159356.7626s
	iters: 2900, epoch: 3 | loss: 0.8393758
	speed: 0.1735s/iter; left time: 160341.9848s
	iters: 3000, epoch: 3 | loss: 0.9077423
	speed: 0.1726s/iter; left time: 159484.4054s
	iters: 3100, epoch: 3 | loss: 0.9322527
	speed: 0.1733s/iter; left time: 160184.5979s
	iters: 3200, epoch: 3 | loss: 0.8802149
	speed: 0.1719s/iter; left time: 158846.8493s
	iters: 3300, epoch: 3 | loss: 0.8877075
	speed: 0.1737s/iter; left time: 160492.3459s
	iters: 3400, epoch: 3 | loss: 0.9350805
	speed: 0.1751s/iter; left time: 161756.8279s
	iters: 3500, epoch: 3 | loss: 0.8441283
	speed: 0.1761s/iter; left time: 162628.7070s
	iters: 3600, epoch: 3 | loss: 0.7815284
	speed: 0.1755s/iter; left time: 162070.0126s
	iters: 3700, epoch: 3 | loss: 0.8446130
	speed: 0.1720s/iter; left time: 158837.8367s
	iters: 3800, epoch: 3 | loss: 0.9069631
	speed: 0.1722s/iter; left time: 158983.5637s
	iters: 3900, epoch: 3 | loss: 0.8849544
	speed: 0.1719s/iter; left time: 158709.7693s
	iters: 4000, epoch: 3 | loss: 0.8059038
	speed: 0.1719s/iter; left time: 158737.1145s
	iters: 4100, epoch: 3 | loss: 0.7960460
	speed: 0.1713s/iter; left time: 158165.4374s
	iters: 4200, epoch: 3 | loss: 0.8563147
	speed: 0.1709s/iter; left time: 157713.5428s
	iters: 4300, epoch: 3 | loss: 0.8489371
	speed: 0.1712s/iter; left time: 158045.1284s
	iters: 4400, epoch: 3 | loss: 0.8684264
	speed: 0.1713s/iter; left time: 158055.8039s
	iters: 4500, epoch: 3 | loss: 0.8831952
	speed: 0.1714s/iter; left time: 158140.3308s
	iters: 4600, epoch: 3 | loss: 0.8811124
	speed: 0.1714s/iter; left time: 158165.0139s
Epoch: 3 cost time: 808.6814942359924
Epoch: 3, Steps: 4683 | Train Loss: 0.8741859 Vali Loss: 1.1978754 Test Loss: 1.1684095
Validation loss decreased (1.206981 --> 1.197875).  Saving model ...
	iters: 100, epoch: 4 | loss: 0.8127747
	speed: 4.8846s/iter; left time: 4505807.8343s
	iters: 200, epoch: 4 | loss: 0.9086747
	speed: 0.1743s/iter; left time: 160731.1123s
	iters: 300, epoch: 4 | loss: 0.7953867
	speed: 0.1737s/iter; left time: 160179.5070s
	iters: 400, epoch: 4 | loss: 0.8927789
	speed: 0.1731s/iter; left time: 159614.9183s
	iters: 500, epoch: 4 | loss: 0.8308483
	speed: 0.1729s/iter; left time: 159392.8754s
	iters: 600, epoch: 4 | loss: 0.8612587
	speed: 0.1725s/iter; left time: 158991.6281s
	iters: 700, epoch: 4 | loss: 0.8422839
	speed: 0.1728s/iter; left time: 159260.4507s
	iters: 800, epoch: 4 | loss: 0.9138026
	speed: 0.1732s/iter; left time: 159612.1409s
	iters: 900, epoch: 4 | loss: 0.8578328
	speed: 0.1728s/iter; left time: 159238.2323s
	iters: 1000, epoch: 4 | loss: 0.9329721
	speed: 0.1727s/iter; left time: 159173.7205s
	iters: 1100, epoch: 4 | loss: 0.8583919
	speed: 0.1743s/iter; left time: 160591.8604s
	iters: 1200, epoch: 4 | loss: 0.7641090
	speed: 0.1736s/iter; left time: 159949.8694s
	iters: 1300, epoch: 4 | loss: 0.8623139
	speed: 0.1740s/iter; left time: 160329.6752s
	iters: 1400, epoch: 4 | loss: 0.7495574
	speed: 0.1742s/iter; left time: 160495.5730s
	iters: 1500, epoch: 4 | loss: 0.8396099
	speed: 0.1736s/iter; left time: 159863.4744s
	iters: 1600, epoch: 4 | loss: 0.9029920
	speed: 0.1733s/iter; left time: 159613.1869s
	iters: 1700, epoch: 4 | loss: 0.8316280
	speed: 0.1725s/iter; left time: 158852.4346s
	iters: 1800, epoch: 4 | loss: 0.8033638
	speed: 0.1727s/iter; left time: 158969.0214s
	iters: 1900, epoch: 4 | loss: 0.8068314
	speed: 0.1729s/iter; left time: 159161.4627s
	iters: 2000, epoch: 4 | loss: 0.8966000
	speed: 0.1732s/iter; left time: 159450.4940s
	iters: 2100, epoch: 4 | loss: 0.7953387
	speed: 0.1741s/iter; left time: 160250.7554s
	iters: 2200, epoch: 4 | loss: 0.8194067
	speed: 0.1744s/iter; left time: 160532.6027s
	iters: 2300, epoch: 4 | loss: 0.8418931
	speed: 0.1750s/iter; left time: 161084.9905s
	iters: 2400, epoch: 4 | loss: 0.8588818
	speed: 0.1739s/iter; left time: 159997.0302s
	iters: 2500, epoch: 4 | loss: 0.8833187
	speed: 0.1738s/iter; left time: 159926.1496s
	iters: 2600, epoch: 4 | loss: 0.7695519
	speed: 0.1727s/iter; left time: 158903.6073s
	iters: 2700, epoch: 4 | loss: 0.8363709
	speed: 0.1728s/iter; left time: 158972.6019s
	iters: 2800, epoch: 4 | loss: 0.7892850
	speed: 0.1728s/iter; left time: 158902.3379s
	iters: 2900, epoch: 4 | loss: 0.8102649
	speed: 0.1724s/iter; left time: 158526.8351s
	iters: 3000, epoch: 4 | loss: 0.8512125
	speed: 0.1738s/iter; left time: 159776.4001s
	iters: 3100, epoch: 4 | loss: 0.8474993
	speed: 0.1743s/iter; left time: 160284.6877s
	iters: 3200, epoch: 4 | loss: 0.8801944
	speed: 0.1730s/iter; left time: 159080.0442s
	iters: 3300, epoch: 4 | loss: 0.7565099
	speed: 0.1735s/iter; left time: 159453.4406s
	iters: 3400, epoch: 4 | loss: 0.8987988
	speed: 0.1730s/iter; left time: 159030.6166s
	iters: 3500, epoch: 4 | loss: 0.8712634
	speed: 0.1723s/iter; left time: 158396.5647s
	iters: 3600, epoch: 4 | loss: 0.8918282
	speed: 0.1728s/iter; left time: 158765.7197s
	iters: 3700, epoch: 4 | loss: 0.9140455
	speed: 0.1727s/iter; left time: 158675.2160s
	iters: 3800, epoch: 4 | loss: 0.9655997
	speed: 0.1738s/iter; left time: 159705.7545s
	iters: 3900, epoch: 4 | loss: 0.8176138
	speed: 0.1734s/iter; left time: 159306.7119s
	iters: 4000, epoch: 4 | loss: 0.8205559
	speed: 0.1734s/iter; left time: 159311.6998s
	iters: 4100, epoch: 4 | loss: 0.8272160
	speed: 0.1734s/iter; left time: 159247.5827s
	iters: 4200, epoch: 4 | loss: 0.7170061
	speed: 0.1729s/iter; left time: 158794.6737s
	iters: 4300, epoch: 4 | loss: 0.8204737
	speed: 0.1724s/iter; left time: 158317.9963s
	iters: 4400, epoch: 4 | loss: 0.8317897
	speed: 0.1719s/iter; left time: 157830.1542s
	iters: 4500, epoch: 4 | loss: 0.8749141
	speed: 0.1728s/iter; left time: 158602.1494s
	iters: 4600, epoch: 4 | loss: 0.7071425
	speed: 0.1728s/iter; left time: 158667.7151s
Epoch: 4 cost time: 811.6509830951691
Epoch: 4, Steps: 4683 | Train Loss: 0.8441187 Vali Loss: 1.2156129 Test Loss: 1.1843394
EarlyStopping counter: 1 out of 5
	iters: 100, epoch: 5 | loss: 0.8837444
	speed: 4.8772s/iter; left time: 4476180.5679s
	iters: 200, epoch: 5 | loss: 0.8287657
	speed: 0.1745s/iter; left time: 160137.1288s
	iters: 300, epoch: 5 | loss: 0.8489406
	speed: 0.1738s/iter; left time: 159517.3010s
	iters: 400, epoch: 5 | loss: 0.8463159
	speed: 0.1727s/iter; left time: 158482.9404s
	iters: 500, epoch: 5 | loss: 0.8692467
	speed: 0.1727s/iter; left time: 158452.0360s
	iters: 600, epoch: 5 | loss: 0.7922350
	speed: 0.1726s/iter; left time: 158313.3709s
	iters: 700, epoch: 5 | loss: 0.8727124
	speed: 0.1722s/iter; left time: 157982.2719s
	iters: 800, epoch: 5 | loss: 0.8839046
	speed: 0.1740s/iter; left time: 159593.6447s
	iters: 900, epoch: 5 | loss: 0.8541213
	speed: 0.1750s/iter; left time: 160458.6242s
	iters: 1000, epoch: 5 | loss: 0.8403550
	speed: 0.1745s/iter; left time: 159976.8744s
	iters: 1100, epoch: 5 | loss: 0.7505021
	speed: 0.1739s/iter; left time: 159392.4455s
	iters: 1200, epoch: 5 | loss: 0.7808696
	speed: 0.1738s/iter; left time: 159280.2562s
	iters: 1300, epoch: 5 | loss: 0.8052582
	speed: 0.1723s/iter; left time: 157957.3142s
	iters: 1400, epoch: 5 | loss: 0.7384303
	speed: 0.1725s/iter; left time: 158120.6124s
	iters: 1500, epoch: 5 | loss: 0.7359630
	speed: 0.1724s/iter; left time: 158015.9936s
	iters: 1600, epoch: 5 | loss: 0.8663826
	speed: 0.1722s/iter; left time: 157810.5330s
	iters: 1700, epoch: 5 | loss: 0.7773452
	speed: 0.1730s/iter; left time: 158539.6123s
	iters: 1800, epoch: 5 | loss: 0.8020252
	speed: 0.1739s/iter; left time: 159326.2911s
	iters: 1900, epoch: 5 | loss: 0.7536930
	speed: 0.1733s/iter; left time: 158697.1526s
	iters: 2000, epoch: 5 | loss: 0.8272870
	speed: 0.1740s/iter; left time: 159327.5401s
	iters: 2100, epoch: 5 | loss: 0.8159064
	speed: 0.1725s/iter; left time: 157944.7119s
	iters: 2200, epoch: 5 | loss: 0.7581106
	speed: 0.1720s/iter; left time: 157533.5853s
	iters: 2300, epoch: 5 | loss: 0.8496231
	speed: 0.1728s/iter; left time: 158187.0468s
	iters: 2400, epoch: 5 | loss: 0.7939020
	speed: 0.1722s/iter; left time: 157656.0024s
	iters: 2500, epoch: 5 | loss: 0.8033942
	speed: 0.1726s/iter; left time: 157964.3289s
	iters: 2600, epoch: 5 | loss: 0.8017332
	speed: 0.1719s/iter; left time: 157314.3994s
	iters: 2700, epoch: 5 | loss: 0.7889751
	speed: 0.1723s/iter; left time: 157725.1171s
	iters: 2800, epoch: 5 | loss: 0.8476534
	speed: 0.1735s/iter; left time: 158737.7580s
	iters: 2900, epoch: 5 | loss: 0.8058090
	speed: 0.1738s/iter; left time: 158986.2846s
	iters: 3000, epoch: 5 | loss: 0.7764551
	speed: 0.1730s/iter; left time: 158264.6609s
	iters: 3100, epoch: 5 | loss: 0.7580894
	speed: 0.1743s/iter; left time: 159398.9449s
	iters: 3200, epoch: 5 | loss: 0.8116440
	speed: 0.1729s/iter; left time: 158170.2601s
	iters: 3300, epoch: 5 | loss: 0.8037307
	speed: 0.1728s/iter; left time: 158078.3747s
	iters: 3400, epoch: 5 | loss: 0.7343035
	speed: 0.1724s/iter; left time: 157655.0291s
	iters: 3500, epoch: 5 | loss: 0.7748461
	speed: 0.1724s/iter; left time: 157634.8874s
	iters: 3600, epoch: 5 | loss: 0.7685815
	speed: 0.1720s/iter; left time: 157228.5382s
	iters: 3700, epoch: 5 | loss: 0.8688720
	speed: 0.1732s/iter; left time: 158307.0874s
	iters: 3800, epoch: 5 | loss: 0.7810333
	speed: 0.1745s/iter; left time: 159544.1421s
	iters: 3900, epoch: 5 | loss: 0.8409054
	speed: 0.1744s/iter; left time: 159370.7121s
	iters: 4000, epoch: 5 | loss: 0.8383977
	speed: 0.1737s/iter; left time: 158732.2790s
	iters: 4100, epoch: 5 | loss: 0.7153967
	speed: 0.1725s/iter; left time: 157644.4962s
	iters: 4200, epoch: 5 | loss: 0.7689961
	speed: 0.1714s/iter; left time: 156602.0028s
	iters: 4300, epoch: 5 | loss: 0.7683490
	speed: 0.1709s/iter; left time: 156140.3851s
	iters: 4400, epoch: 5 | loss: 0.8720037
	speed: 0.1728s/iter; left time: 157850.9428s
	iters: 4500, epoch: 5 | loss: 0.8741452
	speed: 0.1741s/iter; left time: 158986.3838s
	iters: 4600, epoch: 5 | loss: 0.8391041
	speed: 0.1714s/iter; left time: 156569.9125s
Epoch: 5 cost time: 810.4433372020721
Epoch: 5, Steps: 4683 | Train Loss: 0.8109949 Vali Loss: 1.2605761 Test Loss: 1.1840247
EarlyStopping counter: 2 out of 5
	iters: 100, epoch: 6 | loss: 0.7737112
	speed: 4.8808s/iter; left time: 4456625.5173s
	iters: 200, epoch: 6 | loss: 0.7726460
	speed: 0.1713s/iter; left time: 156389.8055s
	iters: 300, epoch: 6 | loss: 0.7418435
	speed: 0.1715s/iter; left time: 156533.1769s
	iters: 400, epoch: 6 | loss: 0.7791411
	speed: 0.1713s/iter; left time: 156327.8102s
	iters: 500, epoch: 6 | loss: 0.7574824
	speed: 0.1721s/iter; left time: 157067.9841s
	iters: 600, epoch: 6 | loss: 0.7896286
	speed: 0.1717s/iter; left time: 156685.4795s
	iters: 700, epoch: 6 | loss: 0.7416381
	speed: 0.1710s/iter; left time: 156050.8756s
	iters: 800, epoch: 6 | loss: 0.7833485
	speed: 0.1717s/iter; left time: 156694.8381s
	iters: 900, epoch: 6 | loss: 0.7743203
	speed: 0.1713s/iter; left time: 156289.8792s
	iters: 1000, epoch: 6 | loss: 0.8000837
	speed: 0.1718s/iter; left time: 156692.0290s
	iters: 1100, epoch: 6 | loss: 0.8291932
	speed: 0.1707s/iter; left time: 155713.2728s
	iters: 1200, epoch: 6 | loss: 0.7958005
	speed: 0.1711s/iter; left time: 156000.3652s
	iters: 1300, epoch: 6 | loss: 0.7700657
	speed: 0.1707s/iter; left time: 155666.4598s
	iters: 1400, epoch: 6 | loss: 0.8196433
	speed: 0.1714s/iter; left time: 156262.3369s
	iters: 1500, epoch: 6 | loss: 0.7361666
	speed: 0.1711s/iter; left time: 155963.5270s
	iters: 1600, epoch: 6 | loss: 0.8042409
	speed: 0.1711s/iter; left time: 155950.3581s
	iters: 1700, epoch: 6 | loss: 0.7922544
	speed: 0.1714s/iter; left time: 156193.5224s
	iters: 1800, epoch: 6 | loss: 0.7008541
	speed: 0.1714s/iter; left time: 156246.0651s
	iters: 1900, epoch: 6 | loss: 0.8005026
	speed: 0.1719s/iter; left time: 156673.0074s
	iters: 2000, epoch: 6 | loss: 0.8053698
	speed: 0.1711s/iter; left time: 155897.3716s
	iters: 2100, epoch: 6 | loss: 0.8545153
	speed: 0.1712s/iter; left time: 156022.8215s
	iters: 2200, epoch: 6 | loss: 0.7635826
	speed: 0.1714s/iter; left time: 156165.3986s
	iters: 2300, epoch: 6 | loss: 0.8096316
	speed: 0.1718s/iter; left time: 156466.9628s
	iters: 2400, epoch: 6 | loss: 0.7938334
	speed: 0.1711s/iter; left time: 155815.8144s
	iters: 2500, epoch: 6 | loss: 0.7916862
	speed: 0.1713s/iter; left time: 155970.3673s
	iters: 2600, epoch: 6 | loss: 0.7258198
	speed: 0.1732s/iter; left time: 157745.5256s
	iters: 2700, epoch: 6 | loss: 0.7228227
	speed: 0.1724s/iter; left time: 157011.9529s
	iters: 2800, epoch: 6 | loss: 0.7639250
	speed: 0.1731s/iter; left time: 157543.9128s
	iters: 2900, epoch: 6 | loss: 0.7953360
	speed: 0.1737s/iter; left time: 158119.9478s
	iters: 3000, epoch: 6 | loss: 0.8617262
	speed: 0.1755s/iter; left time: 159758.5575s
	iters: 3100, epoch: 6 | loss: 0.7885076
	speed: 0.1745s/iter; left time: 158847.9510s
	iters: 3200, epoch: 6 | loss: 0.7751753
	speed: 0.1738s/iter; left time: 158118.3922s
	iters: 3300, epoch: 6 | loss: 0.7613727
	speed: 0.1747s/iter; left time: 158981.4938s
	iters: 3400, epoch: 6 | loss: 0.7923723
	speed: 0.1731s/iter; left time: 157481.4486s
	iters: 3500, epoch: 6 | loss: 0.7746837
	speed: 0.1720s/iter; left time: 156472.1368s
	iters: 3600, epoch: 6 | loss: 0.7321365
	speed: 0.1727s/iter; left time: 157088.6639s
	iters: 3700, epoch: 6 | loss: 0.7660003
	speed: 0.1743s/iter; left time: 158565.8240s
	iters: 3800, epoch: 6 | loss: 0.7145112
	speed: 0.1745s/iter; left time: 158659.8862s
	iters: 3900, epoch: 6 | loss: 0.7302518
	speed: 0.1740s/iter; left time: 158249.8249s
	iters: 4000, epoch: 6 | loss: 0.7270131
	speed: 0.1739s/iter; left time: 158102.9138s
	iters: 4100, epoch: 6 | loss: 0.7585541
	speed: 0.1738s/iter; left time: 157972.5708s
	iters: 4200, epoch: 6 | loss: 0.7615319
	speed: 0.1725s/iter; left time: 156795.0528s
	iters: 4300, epoch: 6 | loss: 0.7360287
	speed: 0.1734s/iter; left time: 157587.2795s
	iters: 4400, epoch: 6 | loss: 0.7354752
	speed: 0.1723s/iter; left time: 156602.2667s
	iters: 4500, epoch: 6 | loss: 0.7118943
	speed: 0.1730s/iter; left time: 157219.6562s
	iters: 4600, epoch: 6 | loss: 0.7383912
	speed: 0.1739s/iter; left time: 157981.0172s
Epoch: 6 cost time: 807.4005830287933
Epoch: 6, Steps: 4683 | Train Loss: 0.7773035 Vali Loss: 1.2974000 Test Loss: 1.1670722
EarlyStopping counter: 3 out of 5
	iters: 100, epoch: 7 | loss: 0.7666615
	speed: 4.8885s/iter; left time: 4440685.4503s
	iters: 200, epoch: 7 | loss: 0.8118194
	speed: 0.1723s/iter; left time: 156458.6406s
	iters: 300, epoch: 7 | loss: 0.7601064
	speed: 0.1728s/iter; left time: 156898.5911s
	iters: 400, epoch: 7 | loss: 0.7372257
	speed: 0.1732s/iter; left time: 157326.3358s
	iters: 500, epoch: 7 | loss: 0.7946784
	speed: 0.1727s/iter; left time: 156783.1588s
	iters: 600, epoch: 7 | loss: 0.7439386
	speed: 0.1714s/iter; left time: 155595.3015s
	iters: 700, epoch: 7 | loss: 0.7219484
	speed: 0.1711s/iter; left time: 155366.9167s
	iters: 800, epoch: 7 | loss: 0.6966429
	speed: 0.1715s/iter; left time: 155671.9224s
	iters: 900, epoch: 7 | loss: 0.7687812
	speed: 0.1711s/iter; left time: 155321.1734s
	iters: 1000, epoch: 7 | loss: 0.8586242
	speed: 0.1714s/iter; left time: 155587.8927s
	iters: 1100, epoch: 7 | loss: 0.7831807
	speed: 0.1728s/iter; left time: 156839.0039s
	iters: 1200, epoch: 7 | loss: 0.7546690
	speed: 0.1736s/iter; left time: 157476.1093s
	iters: 1300, epoch: 7 | loss: 0.7258472
	speed: 0.1728s/iter; left time: 156786.1432s
	iters: 1400, epoch: 7 | loss: 0.7354372
	speed: 0.1736s/iter; left time: 157504.0281s
	iters: 1500, epoch: 7 | loss: 0.7225653
	speed: 0.1741s/iter; left time: 157880.8602s
	iters: 1600, epoch: 7 | loss: 0.7081589
	speed: 0.1734s/iter; left time: 157259.9590s
	iters: 1700, epoch: 7 | loss: 0.7397843
	speed: 0.1731s/iter; left time: 156930.4342s
	iters: 1800, epoch: 7 | loss: 0.7468628
	speed: 0.1728s/iter; left time: 156704.3423s
	iters: 1900, epoch: 7 | loss: 0.7316857
	speed: 0.1723s/iter; left time: 156206.8584s
	iters: 2000, epoch: 7 | loss: 0.8172683
	speed: 0.1730s/iter; left time: 156824.4761s
	iters: 2100, epoch: 7 | loss: 0.7257458
	speed: 0.1726s/iter; left time: 156426.7068s
	iters: 2200, epoch: 7 | loss: 0.7849713
	speed: 0.1734s/iter; left time: 157153.6503s
	iters: 2300, epoch: 7 | loss: 0.7563912
	speed: 0.1743s/iter; left time: 157931.0514s
	iters: 2400, epoch: 7 | loss: 0.7512473
	speed: 0.1740s/iter; left time: 157622.8514s
	iters: 2500, epoch: 7 | loss: 0.7676620
	speed: 0.1733s/iter; left time: 157005.5411s
	iters: 2600, epoch: 7 | loss: 0.8417073
	speed: 0.1734s/iter; left time: 157092.7674s
	iters: 2700, epoch: 7 | loss: 0.7592148
	speed: 0.1722s/iter; left time: 156007.6303s
	iters: 2800, epoch: 7 | loss: 0.7429680
	speed: 0.1728s/iter; left time: 156496.2101s
	iters: 2900, epoch: 7 | loss: 0.7185856
	speed: 0.1727s/iter; left time: 156401.9152s
	iters: 3000, epoch: 7 | loss: 0.7100736
	speed: 0.1728s/iter; left time: 156442.0625s
	iters: 3100, epoch: 7 | loss: 0.7420854
	speed: 0.1717s/iter; left time: 155496.9724s
	iters: 3200, epoch: 7 | loss: 0.7195036
	speed: 0.1710s/iter; left time: 154830.8655s
	iters: 3300, epoch: 7 | loss: 0.7454171
	speed: 0.1715s/iter; left time: 155216.9655s
	iters: 3400, epoch: 7 | loss: 0.7529299
	speed: 0.1716s/iter; left time: 155287.3786s
	iters: 3500, epoch: 7 | loss: 0.7104543
	speed: 0.1715s/iter; left time: 155227.2167s
	iters: 3600, epoch: 7 | loss: 0.7842336
	speed: 0.1717s/iter; left time: 155373.1748s
	iters: 3700, epoch: 7 | loss: 0.7025520
	speed: 0.1717s/iter; left time: 155329.2896s
	iters: 3800, epoch: 7 | loss: 0.7567766
	speed: 0.1713s/iter; left time: 154930.9129s
	iters: 3900, epoch: 7 | loss: 0.6779085
	speed: 0.1717s/iter; left time: 155298.1472s
	iters: 4000, epoch: 7 | loss: 0.7650418
	speed: 0.1713s/iter; left time: 154907.0312s
	iters: 4100, epoch: 7 | loss: 0.8089828
	speed: 0.1721s/iter; left time: 155633.7452s
	iters: 4200, epoch: 7 | loss: 0.8074704
	speed: 0.1718s/iter; left time: 155327.2218s
	iters: 4300, epoch: 7 | loss: 0.8024781
	speed: 0.1716s/iter; left time: 155139.6410s
	iters: 4400, epoch: 7 | loss: 0.7415474
	speed: 0.1714s/iter; left time: 154992.3680s
	iters: 4500, epoch: 7 | loss: 0.7170795
	speed: 0.1716s/iter; left time: 155154.2600s
	iters: 4600, epoch: 7 | loss: 0.7133560
	speed: 0.1705s/iter; left time: 154157.4096s
Epoch: 7 cost time: 807.1223766803741
Epoch: 7, Steps: 4683 | Train Loss: 0.7487695 Vali Loss: 1.3141735 Test Loss: 1.1857814
EarlyStopping counter: 4 out of 5
	iters: 100, epoch: 8 | loss: 0.6920257
	speed: 4.8832s/iter; left time: 4413061.4348s
	iters: 200, epoch: 8 | loss: 0.7104328
	speed: 0.1715s/iter; left time: 154938.5343s
	iters: 300, epoch: 8 | loss: 0.7376664
	speed: 0.1712s/iter; left time: 154694.5312s
	iters: 400, epoch: 8 | loss: 0.7732953
	speed: 0.1709s/iter; left time: 154384.6726s
	iters: 500, epoch: 8 | loss: 0.7257612
	speed: 0.1713s/iter; left time: 154727.0204s
	iters: 600, epoch: 8 | loss: 0.7163155
	speed: 0.1713s/iter; left time: 154682.2501s
	iters: 700, epoch: 8 | loss: 0.7091754
	speed: 0.1711s/iter; left time: 154560.9674s
	iters: 800, epoch: 8 | loss: 0.6933646
	speed: 0.1710s/iter; left time: 154431.5351s
	iters: 900, epoch: 8 | loss: 0.7147648
	speed: 0.1714s/iter; left time: 154778.6515s
	iters: 1000, epoch: 8 | loss: 0.7662225
	speed: 0.1707s/iter; left time: 154154.5911s
	iters: 1100, epoch: 8 | loss: 0.7411342
	speed: 0.1712s/iter; left time: 154539.3009s
	iters: 1200, epoch: 8 | loss: 0.6635051
	speed: 0.1714s/iter; left time: 154705.8431s
	iters: 1300, epoch: 8 | loss: 0.7327312
	speed: 0.1711s/iter; left time: 154401.9127s
	iters: 1400, epoch: 8 | loss: 0.6984411
	speed: 0.1714s/iter; left time: 154709.0156s
	iters: 1500, epoch: 8 | loss: 0.7221444
	speed: 0.1712s/iter; left time: 154445.5696s
	iters: 1600, epoch: 8 | loss: 0.7649625
	speed: 0.1708s/iter; left time: 154123.5748s
	iters: 1700, epoch: 8 | loss: 0.7580980
	speed: 0.1715s/iter; left time: 154749.3899s
	iters: 1800, epoch: 8 | loss: 0.7645764
	speed: 0.1714s/iter; left time: 154567.9765s
	iters: 1900, epoch: 8 | loss: 0.7159020
	speed: 0.1712s/iter; left time: 154452.7313s
	iters: 2000, epoch: 8 | loss: 0.7186491
	speed: 0.1719s/iter; left time: 154999.7148s
	iters: 2100, epoch: 8 | loss: 0.7249812
	speed: 0.1710s/iter; left time: 154207.7106s
	iters: 2200, epoch: 8 | loss: 0.6974259
	speed: 0.1718s/iter; left time: 154937.7516s
	iters: 2300, epoch: 8 | loss: 0.7232161
	speed: 0.1713s/iter; left time: 154396.6681s
	iters: 2400, epoch: 8 | loss: 0.7202402
	speed: 0.1718s/iter; left time: 154831.4743s
	iters: 2500, epoch: 8 | loss: 0.6887093
	speed: 0.1714s/iter; left time: 154451.9157s
	iters: 2600, epoch: 8 | loss: 0.7517127
	speed: 0.1712s/iter; left time: 154333.5963s
	iters: 2700, epoch: 8 | loss: 0.7404575
	speed: 0.1717s/iter; left time: 154766.8504s
	iters: 2800, epoch: 8 | loss: 0.6483580
	speed: 0.1712s/iter; left time: 154284.7321s
	iters: 2900, epoch: 8 | loss: 0.7231321
	speed: 0.1718s/iter; left time: 154733.9804s
	iters: 3000, epoch: 8 | loss: 0.7211091
	speed: 0.1718s/iter; left time: 154721.3456s
	iters: 3100, epoch: 8 | loss: 0.6608245
	speed: 0.1711s/iter; left time: 154101.6011s
	iters: 3200, epoch: 8 | loss: 0.7132065
	speed: 0.1723s/iter; left time: 155153.7261s
	iters: 3300, epoch: 8 | loss: 0.6861938
	speed: 0.1712s/iter; left time: 154139.2354s
	iters: 3400, epoch: 8 | loss: 0.7723811
	speed: 0.1714s/iter; left time: 154367.9344s
	iters: 3500, epoch: 8 | loss: 0.7945948
	speed: 0.1714s/iter; left time: 154332.6480s
	iters: 3600, epoch: 8 | loss: 0.6806927
	speed: 0.1713s/iter; left time: 154225.4390s
	iters: 3700, epoch: 8 | loss: 0.7192595
	speed: 0.1714s/iter; left time: 154285.0177s
	iters: 3800, epoch: 8 | loss: 0.7299301
	speed: 0.1716s/iter; left time: 154425.6032s
	iters: 3900, epoch: 8 | loss: 0.7152323
	speed: 0.1719s/iter; left time: 154701.6489s
	iters: 4000, epoch: 8 | loss: 0.7217224
	speed: 0.1717s/iter; left time: 154514.9359s
	iters: 4100, epoch: 8 | loss: 0.7570806
	speed: 0.1713s/iter; left time: 154114.2160s
	iters: 4200, epoch: 8 | loss: 0.6895667
	speed: 0.1715s/iter; left time: 154240.6918s
	iters: 4300, epoch: 8 | loss: 0.7112632
	speed: 0.1710s/iter; left time: 153824.4066s
	iters: 4400, epoch: 8 | loss: 0.6926835
	speed: 0.1713s/iter; left time: 154113.4897s
	iters: 4500, epoch: 8 | loss: 0.7035835
	speed: 0.1712s/iter; left time: 153940.0874s
	iters: 4600, epoch: 8 | loss: 0.6939473
	speed: 0.1719s/iter; left time: 154544.1072s
Epoch: 8 cost time: 802.7601644992828
Epoch: 8, Steps: 4683 | Train Loss: 0.7227214 Vali Loss: 1.3496780 Test Loss: 1.1893682
EarlyStopping counter: 5 out of 5
Early stopping
>>>>>>>testing : long_term_forecast_pems03_all_96_336_Autoformer_custom_ftM_sl96_ll48_pl336_dm128_nh8_el2_dl1_df2048_fc3_ebtimeF_dtTrue_srate0.1_sseed7_trainseed2024_Exp_0<<<<<<<<<<<<<<<<<<<<<<<<<<<<<<<<<
test 352941
test shape: (35294, 1, 336, 151) (35294, 1, 336, 151)
test shape: (35294, 336, 151) (35294, 336, 151)
mse:1.1684086322784424, mae:0.8300942182540894
>>>>>>>Overall time: 10984 seconds<<<<<<<<<<<<<<<<<<<<<<<<<<<<<<<<<
Args in experiment:
Namespace(activation='gelu', anomaly_ratio=0.25, batch_size=32, c_out=151, checkpoints='./checkpoints/', d_ff=2048, d_layers=1, d_model=128, data='custom', data_path='pems03_all_common_flow.csv', dec_in=151, des='Exp', devices='0,1,2,3', distil=True, dropout=0, e_layers=2, embed='timeF', enc_in=151, factor=3, features='M', freq='h', gap_day=365, gpu=0, inverse=False, is_training=1, itr=1, label_len=48, learning_rate=0.0005, loss='MSE', lradj='type3', mask_rate=0.25, model='Autoformer', model_id='pems03_all_96_336', moving_avg=25, n_heads=8, num_kernels=6, num_workers=10, output_attention=False, p_hidden_dims=[128, 128], p_hidden_layers=2, patience=5, pred_len=336, root_path='../../data/pems/', samle_rate=0.1, sample_seed=7, seasonal_patterns='Monthly', seq_len=96, target='OT', task_name='long_term_forecast', top_k=5, train_epochs=200, train_seed=2024, use_amp=False, use_gpu=True, use_multi_gpu=False)
Use GPU: cuda:0
>>>>>>>start training : long_term_forecast_pems03_all_96_336_Autoformer_custom_ftM_sl96_ll48_pl336_dm128_nh8_el2_dl1_df2048_fc3_ebtimeF_dtTrue_srate0.1_sseed7_trainseed2024_Exp_0>>>>>>>>>>>>>>>>>>>>>>>>>>
train 1498836
val 123744
test 352941
	iters: 100, epoch: 1 | loss: 1.3140651
	speed: 0.1713s/iter; left time: 160429.9616s
	iters: 200, epoch: 1 | loss: 1.1794585
	speed: 0.1691s/iter; left time: 158347.0218s
	iters: 300, epoch: 1 | loss: 1.2047174
	speed: 0.1690s/iter; left time: 158228.0011s
	iters: 400, epoch: 1 | loss: 1.1031978
	speed: 0.1696s/iter; left time: 158735.5908s
	iters: 500, epoch: 1 | loss: 1.1063290
	speed: 0.1692s/iter; left time: 158385.2256s
	iters: 600, epoch: 1 | loss: 1.0517088
	speed: 0.1693s/iter; left time: 158487.8594s
	iters: 700, epoch: 1 | loss: 0.9987012
	speed: 0.1697s/iter; left time: 158789.7886s
	iters: 800, epoch: 1 | loss: 0.9872538
	speed: 0.1694s/iter; left time: 158539.9464s
	iters: 900, epoch: 1 | loss: 1.0202284
	speed: 0.1686s/iter; left time: 157773.4653s
	iters: 1000, epoch: 1 | loss: 1.1206260
	speed: 0.1691s/iter; left time: 158230.2526s
	iters: 1100, epoch: 1 | loss: 1.1491941
	speed: 0.1690s/iter; left time: 158071.0047s
	iters: 1200, epoch: 1 | loss: 0.9228826
	speed: 0.1695s/iter; left time: 158513.6498s
	iters: 1300, epoch: 1 | loss: 0.9688846
	speed: 0.1692s/iter; left time: 158210.8801s
	iters: 1400, epoch: 1 | loss: 0.9067910
	speed: 0.1699s/iter; left time: 158865.9539s
	iters: 1500, epoch: 1 | loss: 1.0164616
	speed: 0.1694s/iter; left time: 158359.6637s
	iters: 1600, epoch: 1 | loss: 1.0139359
	speed: 0.1694s/iter; left time: 158345.3302s
	iters: 1700, epoch: 1 | loss: 0.9222510
	speed: 0.1693s/iter; left time: 158286.8668s
	iters: 1800, epoch: 1 | loss: 1.0601398
	speed: 0.1689s/iter; left time: 157859.3442s
	iters: 1900, epoch: 1 | loss: 1.0315007
	speed: 0.1694s/iter; left time: 158318.1174s
	iters: 2000, epoch: 1 | loss: 1.0488256
	speed: 0.1698s/iter; left time: 158717.7131s
	iters: 2100, epoch: 1 | loss: 1.0645684
	speed: 0.1686s/iter; left time: 157560.1094s
	iters: 2200, epoch: 1 | loss: 1.0699610
	speed: 0.1694s/iter; left time: 158263.3941s
	iters: 2300, epoch: 1 | loss: 1.2754767
	speed: 0.1691s/iter; left time: 158004.0595s
	iters: 2400, epoch: 1 | loss: 1.0274962
	speed: 0.1691s/iter; left time: 157999.7991s
	iters: 2500, epoch: 1 | loss: 1.0935849
	speed: 0.1697s/iter; left time: 158499.6245s
	iters: 2600, epoch: 1 | loss: 0.9517431
	speed: 0.1694s/iter; left time: 158198.5081s
	iters: 2700, epoch: 1 | loss: 0.9038783
	speed: 0.1691s/iter; left time: 157908.5121s
	iters: 2800, epoch: 1 | loss: 1.0394661
	speed: 0.1695s/iter; left time: 158291.6307s
	iters: 2900, epoch: 1 | loss: 0.9134768
	speed: 0.1701s/iter; left time: 158786.5615s
	iters: 3000, epoch: 1 | loss: 0.9851205
	speed: 0.1693s/iter; left time: 158014.0166s
	iters: 3100, epoch: 1 | loss: 0.9814394
	speed: 0.1693s/iter; left time: 158087.4190s
	iters: 3200, epoch: 1 | loss: 0.9299882
	speed: 0.1694s/iter; left time: 158086.7540s
	iters: 3300, epoch: 1 | loss: 0.8895328
	speed: 0.1693s/iter; left time: 158017.1188s
	iters: 3400, epoch: 1 | loss: 0.9823588
	speed: 0.1694s/iter; left time: 158069.7390s
	iters: 3500, epoch: 1 | loss: 0.9660385
	speed: 0.1692s/iter; left time: 157880.8189s
	iters: 3600, epoch: 1 | loss: 0.9641364
	speed: 0.1699s/iter; left time: 158528.1524s
	iters: 3700, epoch: 1 | loss: 0.9301903
	speed: 0.1698s/iter; left time: 158435.8361s
	iters: 3800, epoch: 1 | loss: 0.9675142
	speed: 0.1692s/iter; left time: 157817.2355s
	iters: 3900, epoch: 1 | loss: 0.9211056
	speed: 0.1689s/iter; left time: 157521.9900s
	iters: 4000, epoch: 1 | loss: 0.9180994
	speed: 0.1692s/iter; left time: 157758.6440s
	iters: 4100, epoch: 1 | loss: 0.9293532
	speed: 0.1693s/iter; left time: 157882.8225s
	iters: 4200, epoch: 1 | loss: 0.9934425
	speed: 0.1685s/iter; left time: 157113.7046s
	iters: 4300, epoch: 1 | loss: 0.9339141
	speed: 0.1695s/iter; left time: 158011.7188s
	iters: 4400, epoch: 1 | loss: 0.8729088
	speed: 0.1691s/iter; left time: 157647.0049s
	iters: 4500, epoch: 1 | loss: 0.8640636
	speed: 0.1694s/iter; left time: 157869.5311s
	iters: 4600, epoch: 1 | loss: 0.9189392
	speed: 0.1691s/iter; left time: 157579.5159s
Epoch: 1 cost time: 793.2857513427734
Epoch: 1, Steps: 4683 | Train Loss: 1.0143495 Vali Loss: 1.2585453 Test Loss: 1.1428503
Validation loss decreased (inf --> 1.258545).  Saving model ...
	iters: 100, epoch: 2 | loss: 0.8534729
	speed: 4.8972s/iter; left time: 4563296.9238s
	iters: 200, epoch: 2 | loss: 0.9638200
	speed: 0.1725s/iter; left time: 160698.4658s
	iters: 300, epoch: 2 | loss: 0.9739420
	speed: 0.1730s/iter; left time: 161136.8873s
	iters: 400, epoch: 2 | loss: 0.9278077
	speed: 0.1725s/iter; left time: 160701.9461s
	iters: 500, epoch: 2 | loss: 0.8409610
	speed: 0.1721s/iter; left time: 160322.0674s
	iters: 600, epoch: 2 | loss: 0.9685864
	speed: 0.1723s/iter; left time: 160461.2821s
	iters: 700, epoch: 2 | loss: 0.9962257
	speed: 0.1721s/iter; left time: 160269.4652s
	iters: 800, epoch: 2 | loss: 1.0667037
	speed: 0.1720s/iter; left time: 160185.0519s
	iters: 900, epoch: 2 | loss: 0.8928481
	speed: 0.1722s/iter; left time: 160347.6812s
	iters: 1000, epoch: 2 | loss: 0.9107264
	speed: 0.1722s/iter; left time: 160307.1383s
	iters: 1100, epoch: 2 | loss: 0.8949670
	speed: 0.1725s/iter; left time: 160527.6966s
	iters: 1200, epoch: 2 | loss: 0.8745308
	speed: 0.1719s/iter; left time: 159965.0438s
	iters: 1300, epoch: 2 | loss: 0.9150014
	speed: 0.1722s/iter; left time: 160284.9226s
	iters: 1400, epoch: 2 | loss: 0.9654035
	speed: 0.1722s/iter; left time: 160222.7007s
	iters: 1500, epoch: 2 | loss: 0.8899858
	speed: 0.1718s/iter; left time: 159801.2742s
	iters: 1600, epoch: 2 | loss: 0.9464586
	speed: 0.1723s/iter; left time: 160311.9441s
	iters: 1700, epoch: 2 | loss: 0.9998084
	speed: 0.1722s/iter; left time: 160178.7538s
	iters: 1800, epoch: 2 | loss: 0.9563064
	speed: 0.1720s/iter; left time: 160005.3173s
	iters: 1900, epoch: 2 | loss: 0.9939123
	speed: 0.1722s/iter; left time: 160129.8911s
	iters: 2000, epoch: 2 | loss: 1.0675906
	speed: 0.1723s/iter; left time: 160216.0364s
	iters: 2100, epoch: 2 | loss: 0.9185506
	speed: 0.1724s/iter; left time: 160261.2253s
	iters: 2200, epoch: 2 | loss: 0.9219201
	speed: 0.1720s/iter; left time: 159872.1004s
	iters: 2300, epoch: 2 | loss: 0.9392308
	speed: 0.1718s/iter; left time: 159724.1027s
	iters: 2400, epoch: 2 | loss: 0.9109149
	speed: 0.1722s/iter; left time: 160049.8293s
	iters: 2500, epoch: 2 | loss: 0.8835109
	speed: 0.1724s/iter; left time: 160268.8440s
	iters: 2600, epoch: 2 | loss: 0.8534359
	speed: 0.1721s/iter; left time: 159903.3548s
	iters: 2700, epoch: 2 | loss: 0.9151579
	speed: 0.1723s/iter; left time: 160092.5685s
	iters: 2800, epoch: 2 | loss: 0.9016801
	speed: 0.1721s/iter; left time: 159902.7056s
	iters: 2900, epoch: 2 | loss: 0.9734998
	speed: 0.1727s/iter; left time: 160444.3610s
	iters: 3000, epoch: 2 | loss: 0.9215750
	speed: 0.1721s/iter; left time: 159827.6365s
	iters: 3100, epoch: 2 | loss: 0.9661086
	speed: 0.1721s/iter; left time: 159854.7157s
	iters: 3200, epoch: 2 | loss: 0.8761738
	speed: 0.1724s/iter; left time: 160104.1391s
	iters: 3300, epoch: 2 | loss: 0.8683237
	speed: 0.1722s/iter; left time: 159897.8554s
	iters: 3400, epoch: 2 | loss: 0.9360955
	speed: 0.1719s/iter; left time: 159569.5103s
	iters: 3500, epoch: 2 | loss: 0.9323841
	speed: 0.1722s/iter; left time: 159860.8366s
	iters: 3600, epoch: 2 | loss: 0.8876016
	speed: 0.1720s/iter; left time: 159690.1269s
	iters: 3700, epoch: 2 | loss: 0.9856542
	speed: 0.1719s/iter; left time: 159544.0548s
	iters: 3800, epoch: 2 | loss: 0.9188631
	speed: 0.1720s/iter; left time: 159655.6629s
	iters: 3900, epoch: 2 | loss: 0.8930566
	speed: 0.1722s/iter; left time: 159819.5042s
	iters: 4000, epoch: 2 | loss: 0.8794025
	speed: 0.1720s/iter; left time: 159611.8763s
	iters: 4100, epoch: 2 | loss: 0.8704582
	speed: 0.1722s/iter; left time: 159762.7078s
	iters: 4200, epoch: 2 | loss: 0.8782666
	speed: 0.1725s/iter; left time: 159993.3841s
	iters: 4300, epoch: 2 | loss: 0.8909105
	speed: 0.1722s/iter; left time: 159690.5548s
	iters: 4400, epoch: 2 | loss: 0.8970075
	speed: 0.1725s/iter; left time: 159988.1886s
	iters: 4500, epoch: 2 | loss: 0.8922986
	speed: 0.1717s/iter; left time: 159277.0782s
	iters: 4600, epoch: 2 | loss: 0.8693198
	speed: 0.1725s/iter; left time: 159945.5875s
Epoch: 2 cost time: 806.5720028877258
Epoch: 2, Steps: 4683 | Train Loss: 0.9193398 Vali Loss: 1.1459439 Test Loss: 1.0849543
Validation loss decreased (1.258545 --> 1.145944).  Saving model ...
	iters: 100, epoch: 3 | loss: 0.8455154
	speed: 4.8998s/iter; left time: 4542819.0379s
	iters: 200, epoch: 3 | loss: 0.9846470
	speed: 0.1719s/iter; left time: 159326.5883s
	iters: 300, epoch: 3 | loss: 0.8664501
	speed: 0.1718s/iter; left time: 159224.2376s
	iters: 400, epoch: 3 | loss: 0.7955521
	speed: 0.1720s/iter; left time: 159423.3479s
	iters: 500, epoch: 3 | loss: 0.8687406
	speed: 0.1722s/iter; left time: 159624.4311s
	iters: 600, epoch: 3 | loss: 0.9038812
	speed: 0.1718s/iter; left time: 159240.5717s
	iters: 700, epoch: 3 | loss: 0.7774847
	speed: 0.1723s/iter; left time: 159599.0106s
	iters: 800, epoch: 3 | loss: 0.8832432
	speed: 0.1720s/iter; left time: 159359.5740s
	iters: 900, epoch: 3 | loss: 0.8175970
	speed: 0.1723s/iter; left time: 159624.4603s
	iters: 1000, epoch: 3 | loss: 0.9268597
	speed: 0.1720s/iter; left time: 159317.4687s
	iters: 1100, epoch: 3 | loss: 0.8329648
	speed: 0.1716s/iter; left time: 158958.3185s
	iters: 1200, epoch: 3 | loss: 0.8668959
	speed: 0.1725s/iter; left time: 159705.5421s
	iters: 1300, epoch: 3 | loss: 0.8445114
	speed: 0.1718s/iter; left time: 159092.6432s
	iters: 1400, epoch: 3 | loss: 0.8846748
	speed: 0.1719s/iter; left time: 159195.6567s
	iters: 1500, epoch: 3 | loss: 0.9046556
	speed: 0.1721s/iter; left time: 159279.6077s
	iters: 1600, epoch: 3 | loss: 0.8795205
	speed: 0.1715s/iter; left time: 158770.0060s
	iters: 1700, epoch: 3 | loss: 0.8450040
	speed: 0.1730s/iter; left time: 160099.4093s
	iters: 1800, epoch: 3 | loss: 0.8144968
	speed: 0.1720s/iter; left time: 159149.0474s
	iters: 1900, epoch: 3 | loss: 0.9157414
	speed: 0.1721s/iter; left time: 159206.4298s
	iters: 2000, epoch: 3 | loss: 0.8475721
	speed: 0.1722s/iter; left time: 159297.8600s
	iters: 2100, epoch: 3 | loss: 0.7908840
	speed: 0.1723s/iter; left time: 159399.0932s
	iters: 2200, epoch: 3 | loss: 0.8440215
	speed: 0.1717s/iter; left time: 158833.6511s
	iters: 2300, epoch: 3 | loss: 0.8628675
	speed: 0.1721s/iter; left time: 159222.5029s
	iters: 2400, epoch: 3 | loss: 0.8387918
	speed: 0.1720s/iter; left time: 159078.5617s
	iters: 2500, epoch: 3 | loss: 0.7120200
	speed: 0.1717s/iter; left time: 158796.0756s
	iters: 2600, epoch: 3 | loss: 0.8847450
	speed: 0.1720s/iter; left time: 159060.2332s
	iters: 2700, epoch: 3 | loss: 0.8302686
	speed: 0.1718s/iter; left time: 158879.3730s
	iters: 2800, epoch: 3 | loss: 0.8517130
	speed: 0.1722s/iter; left time: 159171.9176s
	iters: 2900, epoch: 3 | loss: 0.8472514
	speed: 0.1719s/iter; left time: 158886.2385s
	iters: 3000, epoch: 3 | loss: 0.8986968
	speed: 0.1718s/iter; left time: 158785.8917s
	iters: 3100, epoch: 3 | loss: 0.9207400
	speed: 0.1723s/iter; left time: 159195.6887s
	iters: 3200, epoch: 3 | loss: 0.8391181
	speed: 0.1723s/iter; left time: 159231.0826s
	iters: 3300, epoch: 3 | loss: 0.8746180
	speed: 0.1720s/iter; left time: 158895.4926s
	iters: 3400, epoch: 3 | loss: 0.9210604
	speed: 0.1721s/iter; left time: 158956.0994s
	iters: 3500, epoch: 3 | loss: 0.8326349
	speed: 0.1722s/iter; left time: 159100.0947s
	iters: 3600, epoch: 3 | loss: 0.7689572
	speed: 0.1721s/iter; left time: 158912.5219s
	iters: 3700, epoch: 3 | loss: 0.8463836
	speed: 0.1719s/iter; left time: 158775.4994s
	iters: 3800, epoch: 3 | loss: 0.8856751
	speed: 0.1721s/iter; left time: 158916.2947s
	iters: 3900, epoch: 3 | loss: 0.8771229
	speed: 0.1721s/iter; left time: 158925.2557s
	iters: 4000, epoch: 3 | loss: 0.8097495
	speed: 0.1717s/iter; left time: 158521.1275s
	iters: 4100, epoch: 3 | loss: 0.7902115
	speed: 0.1720s/iter; left time: 158752.3295s
	iters: 4200, epoch: 3 | loss: 0.8511384
	speed: 0.1721s/iter; left time: 158877.5631s
	iters: 4300, epoch: 3 | loss: 0.8480936
	speed: 0.1718s/iter; left time: 158587.6842s
	iters: 4400, epoch: 3 | loss: 0.8594320
	speed: 0.1720s/iter; left time: 158760.3464s
	iters: 4500, epoch: 3 | loss: 0.8575153
	speed: 0.1719s/iter; left time: 158628.9599s
	iters: 4600, epoch: 3 | loss: 0.8688165
	speed: 0.1721s/iter; left time: 158819.6699s
Epoch: 3 cost time: 805.8359172344208
Epoch: 3, Steps: 4683 | Train Loss: 0.8661122 Vali Loss: 1.1953378 Test Loss: 1.1404749
EarlyStopping counter: 1 out of 5
	iters: 100, epoch: 4 | loss: 0.7874128
	speed: 4.9014s/iter; left time: 4521307.9272s
	iters: 200, epoch: 4 | loss: 0.9089752
	speed: 0.1694s/iter; left time: 156209.3070s
	iters: 300, epoch: 4 | loss: 0.7738320
	speed: 0.1698s/iter; left time: 156583.0288s
	iters: 400, epoch: 4 | loss: 0.8707145
	speed: 0.1694s/iter; left time: 156190.8076s
	iters: 500, epoch: 4 | loss: 0.8405187
	speed: 0.1701s/iter; left time: 156821.2688s
	iters: 600, epoch: 4 | loss: 0.8733855
	speed: 0.1702s/iter; left time: 156900.1863s
	iters: 700, epoch: 4 | loss: 0.8400713
	speed: 0.1690s/iter; left time: 155818.4797s
	iters: 800, epoch: 4 | loss: 0.9173498
	speed: 0.1694s/iter; left time: 156180.2107s
	iters: 900, epoch: 4 | loss: 0.8613714
	speed: 0.1697s/iter; left time: 156429.6762s
	iters: 1000, epoch: 4 | loss: 0.8819197
	speed: 0.1696s/iter; left time: 156303.7335s
	iters: 1100, epoch: 4 | loss: 0.8404065
	speed: 0.1691s/iter; left time: 155849.8264s
	iters: 1200, epoch: 4 | loss: 0.7565977
	speed: 0.1694s/iter; left time: 156068.9412s
	iters: 1300, epoch: 4 | loss: 0.8531274
	speed: 0.1695s/iter; left time: 156114.7213s
	iters: 1400, epoch: 4 | loss: 0.7334842
	speed: 0.1692s/iter; left time: 155868.2485s
	iters: 1500, epoch: 4 | loss: 0.8263894
	speed: 0.1694s/iter; left time: 156068.5320s
	iters: 1600, epoch: 4 | loss: 0.8912206
	speed: 0.1693s/iter; left time: 155885.6832s
	iters: 1700, epoch: 4 | loss: 0.8115302
	speed: 0.1695s/iter; left time: 156047.5303s
	iters: 1800, epoch: 4 | loss: 0.7949203
	speed: 0.1692s/iter; left time: 155795.3552s
	iters: 1900, epoch: 4 | loss: 0.8120899
	speed: 0.1694s/iter; left time: 155982.8007s
	iters: 2000, epoch: 4 | loss: 0.9031002
	speed: 0.1690s/iter; left time: 155609.2392s
	iters: 2100, epoch: 4 | loss: 0.7788931
	speed: 0.1693s/iter; left time: 155864.0728s
	iters: 2200, epoch: 4 | loss: 0.8243789
	speed: 0.1692s/iter; left time: 155706.7179s
	iters: 2300, epoch: 4 | loss: 0.8458284
	speed: 0.1698s/iter; left time: 156250.6586s
	iters: 2400, epoch: 4 | loss: 0.8889942
	speed: 0.1694s/iter; left time: 155836.6256s
	iters: 2500, epoch: 4 | loss: 0.8795204
	speed: 0.1693s/iter; left time: 155754.3167s
	iters: 2600, epoch: 4 | loss: 0.7852145
	speed: 0.1694s/iter; left time: 155817.8877s
	iters: 2700, epoch: 4 | loss: 0.8339825
	speed: 0.1692s/iter; left time: 155642.8321s
	iters: 2800, epoch: 4 | loss: 0.7807348
	speed: 0.1689s/iter; left time: 155371.8250s
	iters: 2900, epoch: 4 | loss: 0.8269615
	speed: 0.1692s/iter; left time: 155573.6243s
	iters: 3000, epoch: 4 | loss: 0.8571436
	speed: 0.1695s/iter; left time: 155844.9600s
	iters: 3100, epoch: 4 | loss: 0.8310726
	speed: 0.1690s/iter; left time: 155347.7637s
	iters: 3200, epoch: 4 | loss: 0.8870543
	speed: 0.1696s/iter; left time: 155896.9562s
	iters: 3300, epoch: 4 | loss: 0.7428901
	speed: 0.1694s/iter; left time: 155766.1637s
	iters: 3400, epoch: 4 | loss: 0.8963994
	speed: 0.1696s/iter; left time: 155858.6062s
	iters: 3500, epoch: 4 | loss: 0.8602610
	speed: 0.1689s/iter; left time: 155196.1838s
	iters: 3600, epoch: 4 | loss: 0.8695064
	speed: 0.1691s/iter; left time: 155395.3230s
	iters: 3700, epoch: 4 | loss: 0.9038557
	speed: 0.1691s/iter; left time: 155361.1457s
	iters: 3800, epoch: 4 | loss: 0.9468652
	speed: 0.1692s/iter; left time: 155411.7786s
	iters: 3900, epoch: 4 | loss: 0.8101142
	speed: 0.1693s/iter; left time: 155568.3080s
	iters: 4000, epoch: 4 | loss: 0.8189128
	speed: 0.1692s/iter; left time: 155416.3054s
	iters: 4100, epoch: 4 | loss: 0.8200533
	speed: 0.1693s/iter; left time: 155494.9578s
	iters: 4200, epoch: 4 | loss: 0.6894057
	speed: 0.1697s/iter; left time: 155875.8660s
	iters: 4300, epoch: 4 | loss: 0.8199789
	speed: 0.1693s/iter; left time: 155443.4410s
	iters: 4400, epoch: 4 | loss: 0.8250660
	speed: 0.1694s/iter; left time: 155557.3411s
	iters: 4500, epoch: 4 | loss: 0.8673698
	speed: 0.1690s/iter; left time: 155170.6348s
	iters: 4600, epoch: 4 | loss: 0.7181745
	speed: 0.1692s/iter; left time: 155291.9735s
Epoch: 4 cost time: 793.3536775112152
Epoch: 4, Steps: 4683 | Train Loss: 0.8368787 Vali Loss: 1.2014561 Test Loss: 1.1461029
EarlyStopping counter: 2 out of 5
	iters: 100, epoch: 5 | loss: 0.8575180
	speed: 4.8774s/iter; left time: 4476291.4515s
	iters: 200, epoch: 5 | loss: 0.8367152
	speed: 0.1692s/iter; left time: 155253.3001s
	iters: 300, epoch: 5 | loss: 0.8356318
	speed: 0.1694s/iter; left time: 155463.6748s
	iters: 400, epoch: 5 | loss: 0.8259515
	speed: 0.1693s/iter; left time: 155353.1782s
	iters: 500, epoch: 5 | loss: 0.8469912
	speed: 0.1697s/iter; left time: 155697.6416s
	iters: 600, epoch: 5 | loss: 0.7736286
	speed: 0.1691s/iter; left time: 155111.9820s
	iters: 700, epoch: 5 | loss: 0.8694217
	speed: 0.1694s/iter; left time: 155372.8069s
	iters: 800, epoch: 5 | loss: 0.8764439
	speed: 0.1694s/iter; left time: 155326.7602s
	iters: 900, epoch: 5 | loss: 0.8219795
	speed: 0.1692s/iter; left time: 155117.2100s
	iters: 1000, epoch: 5 | loss: 0.8293372
	speed: 0.1691s/iter; left time: 155068.3521s
	iters: 1100, epoch: 5 | loss: 0.7385122
	speed: 0.1692s/iter; left time: 155103.6983s
	iters: 1200, epoch: 5 | loss: 0.7855662
	speed: 0.1690s/iter; left time: 154929.0450s
	iters: 1300, epoch: 5 | loss: 0.8092715
	speed: 0.1693s/iter; left time: 155140.3800s
	iters: 1400, epoch: 5 | loss: 0.7468444
	speed: 0.1693s/iter; left time: 155173.7532s
	iters: 1500, epoch: 5 | loss: 0.7429609
	speed: 0.1694s/iter; left time: 155259.0414s
	iters: 1600, epoch: 5 | loss: 0.8460140
	speed: 0.1698s/iter; left time: 155625.4466s
	iters: 1700, epoch: 5 | loss: 0.7917411
	speed: 0.1689s/iter; left time: 154716.2448s
	iters: 1800, epoch: 5 | loss: 0.7855446
	speed: 0.1690s/iter; left time: 154792.5958s
	iters: 1900, epoch: 5 | loss: 0.7773463
	speed: 0.1694s/iter; left time: 155169.9514s
	iters: 2000, epoch: 5 | loss: 0.8042676
	speed: 0.1700s/iter; left time: 155737.9650s
	iters: 2100, epoch: 5 | loss: 0.8050451
	speed: 0.1694s/iter; left time: 155173.3731s
	iters: 2200, epoch: 5 | loss: 0.7571825
	speed: 0.1692s/iter; left time: 154928.6631s
	iters: 2300, epoch: 5 | loss: 0.8630452
	speed: 0.1692s/iter; left time: 154941.4524s
	iters: 2400, epoch: 5 | loss: 0.7750773
	speed: 0.1691s/iter; left time: 154808.4257s
	iters: 2500, epoch: 5 | loss: 0.8174469
	speed: 0.1694s/iter; left time: 155051.1065s
	iters: 2600, epoch: 5 | loss: 0.7967927
	speed: 0.1695s/iter; left time: 155116.0036s
	iters: 2700, epoch: 5 | loss: 0.8130776
	speed: 0.1697s/iter; left time: 155322.6453s
	iters: 2800, epoch: 5 | loss: 0.8148932
	speed: 0.1693s/iter; left time: 154946.4049s
	iters: 2900, epoch: 5 | loss: 0.8103831
	speed: 0.1690s/iter; left time: 154648.5900s
	iters: 3000, epoch: 5 | loss: 0.7737342
	speed: 0.1695s/iter; left time: 155072.6953s
	iters: 3100, epoch: 5 | loss: 0.7380331
	speed: 0.1691s/iter; left time: 154663.6464s
	iters: 3200, epoch: 5 | loss: 0.8113512
	speed: 0.1697s/iter; left time: 155231.2735s
	iters: 3300, epoch: 5 | loss: 0.8267177
	speed: 0.1691s/iter; left time: 154685.9926s
	iters: 3400, epoch: 5 | loss: 0.7630289
	speed: 0.1695s/iter; left time: 155004.6086s
	iters: 3500, epoch: 5 | loss: 0.7770764
	speed: 0.1693s/iter; left time: 154783.2156s
	iters: 3600, epoch: 5 | loss: 0.7931086
	speed: 0.1691s/iter; left time: 154633.2095s
	iters: 3700, epoch: 5 | loss: 0.8339268
	speed: 0.1698s/iter; left time: 155241.8005s
	iters: 3800, epoch: 5 | loss: 0.7680657
	speed: 0.1691s/iter; left time: 154582.4693s
	iters: 3900, epoch: 5 | loss: 0.8422633
	speed: 0.1695s/iter; left time: 154887.3479s
	iters: 4000, epoch: 5 | loss: 0.8293544
	speed: 0.1694s/iter; left time: 154774.4258s
	iters: 4100, epoch: 5 | loss: 0.7378539
	speed: 0.1690s/iter; left time: 154470.9804s
	iters: 4200, epoch: 5 | loss: 0.7710368
	speed: 0.1698s/iter; left time: 155127.9720s
	iters: 4300, epoch: 5 | loss: 0.7541061
	speed: 0.1690s/iter; left time: 154416.8598s
	iters: 4400, epoch: 5 | loss: 0.8638864
	speed: 0.1689s/iter; left time: 154297.2615s
	iters: 4500, epoch: 5 | loss: 0.8626333
	speed: 0.1692s/iter; left time: 154513.0903s
	iters: 4600, epoch: 5 | loss: 0.8556522
	speed: 0.1693s/iter; left time: 154627.9368s
Epoch: 5 cost time: 793.2252492904663
Epoch: 5, Steps: 4683 | Train Loss: 0.8076221 Vali Loss: 1.1839412 Test Loss: 1.1093501
EarlyStopping counter: 3 out of 5
	iters: 100, epoch: 6 | loss: 0.7641467
	speed: 4.9292s/iter; left time: 4500787.0364s
	iters: 200, epoch: 6 | loss: 0.7706504
	speed: 0.1701s/iter; left time: 155265.5231s
	iters: 300, epoch: 6 | loss: 0.7536325
	speed: 0.1703s/iter; left time: 155473.4940s
	iters: 400, epoch: 6 | loss: 0.7795788
	speed: 0.1702s/iter; left time: 155358.0878s
	iters: 500, epoch: 6 | loss: 0.7471861
	speed: 0.1699s/iter; left time: 155060.6752s
	iters: 600, epoch: 6 | loss: 0.7677121
	speed: 0.1698s/iter; left time: 154941.7485s
	iters: 700, epoch: 6 | loss: 0.7373763
	speed: 0.1702s/iter; left time: 155320.4959s
	iters: 800, epoch: 6 | loss: 0.7805104
	speed: 0.1697s/iter; left time: 154793.1885s
	iters: 900, epoch: 6 | loss: 0.7701867
	speed: 0.1699s/iter; left time: 154969.6443s
	iters: 1000, epoch: 6 | loss: 0.8062039
	speed: 0.1702s/iter; left time: 155255.2901s
	iters: 1100, epoch: 6 | loss: 0.8391867
	speed: 0.1698s/iter; left time: 154846.3537s
	iters: 1200, epoch: 6 | loss: 0.7853408
	speed: 0.1701s/iter; left time: 155085.1033s
	iters: 1300, epoch: 6 | loss: 0.7740677
	speed: 0.1700s/iter; left time: 155044.2003s
	iters: 1400, epoch: 6 | loss: 0.8372430
	speed: 0.1696s/iter; left time: 154657.2056s
	iters: 1500, epoch: 6 | loss: 0.7431849
	speed: 0.1699s/iter; left time: 154869.1636s
	iters: 1600, epoch: 6 | loss: 0.7935478
	speed: 0.1700s/iter; left time: 154986.3942s
	iters: 1700, epoch: 6 | loss: 0.7986963
	speed: 0.1697s/iter; left time: 154660.3832s
	iters: 1800, epoch: 6 | loss: 0.7404167
	speed: 0.1699s/iter; left time: 154850.7569s
	iters: 1900, epoch: 6 | loss: 0.8166035
	speed: 0.1700s/iter; left time: 154928.9337s
	iters: 2000, epoch: 6 | loss: 0.7874176
	speed: 0.1705s/iter; left time: 155335.8684s
	iters: 2100, epoch: 6 | loss: 0.8581085
	speed: 0.1696s/iter; left time: 154547.0387s
	iters: 2200, epoch: 6 | loss: 0.7650117
	speed: 0.1705s/iter; left time: 155334.7478s
	iters: 2300, epoch: 6 | loss: 0.7964072
	speed: 0.1703s/iter; left time: 155145.2379s
	iters: 2400, epoch: 6 | loss: 0.7906439
	speed: 0.1702s/iter; left time: 155046.5535s
	iters: 2500, epoch: 6 | loss: 0.8124647
	speed: 0.1701s/iter; left time: 154893.3561s
	iters: 2600, epoch: 6 | loss: 0.7318375
	speed: 0.1700s/iter; left time: 154784.0083s
	iters: 2700, epoch: 6 | loss: 0.6978689
	speed: 0.1698s/iter; left time: 154645.0606s
	iters: 2800, epoch: 6 | loss: 0.7685316
	speed: 0.1699s/iter; left time: 154642.8701s
	iters: 2900, epoch: 6 | loss: 0.7902294
	speed: 0.1698s/iter; left time: 154521.3949s
	iters: 3000, epoch: 6 | loss: 0.8306851
	speed: 0.1697s/iter; left time: 154496.8181s
	iters: 3100, epoch: 6 | loss: 0.8062714
	speed: 0.1696s/iter; left time: 154341.5291s
	iters: 3200, epoch: 6 | loss: 0.7840197
	speed: 0.1697s/iter; left time: 154456.5693s
	iters: 3300, epoch: 6 | loss: 0.8089710
	speed: 0.1696s/iter; left time: 154316.1323s
	iters: 3400, epoch: 6 | loss: 0.8044945
	speed: 0.1704s/iter; left time: 155004.6414s
	iters: 3500, epoch: 6 | loss: 0.7787415
	speed: 0.1701s/iter; left time: 154758.9258s
	iters: 3600, epoch: 6 | loss: 0.7703838
	speed: 0.1702s/iter; left time: 154776.1907s
	iters: 3700, epoch: 6 | loss: 0.7704740
	speed: 0.1696s/iter; left time: 154283.4333s
	iters: 3800, epoch: 6 | loss: 0.7369705
	speed: 0.1700s/iter; left time: 154604.9495s
	iters: 3900, epoch: 6 | loss: 0.7468145
	speed: 0.1702s/iter; left time: 154752.0352s
	iters: 4000, epoch: 6 | loss: 0.7311965
	speed: 0.1700s/iter; left time: 154533.7156s
	iters: 4100, epoch: 6 | loss: 0.7624710
	speed: 0.1701s/iter; left time: 154645.1671s
	iters: 4200, epoch: 6 | loss: 0.7697939
	speed: 0.1696s/iter; left time: 154200.4369s
	iters: 4300, epoch: 6 | loss: 0.7552333
	speed: 0.1697s/iter; left time: 154233.3952s
	iters: 4400, epoch: 6 | loss: 0.7309378
	speed: 0.1696s/iter; left time: 154116.6918s
	iters: 4500, epoch: 6 | loss: 0.7238476
	speed: 0.1699s/iter; left time: 154356.1964s
	iters: 4600, epoch: 6 | loss: 0.7290227
	speed: 0.1700s/iter; left time: 154428.7619s
Epoch: 6 cost time: 796.0802462100983
Epoch: 6, Steps: 4683 | Train Loss: 0.7788814 Vali Loss: 1.1662378 Test Loss: 1.1137521
EarlyStopping counter: 4 out of 5
	iters: 100, epoch: 7 | loss: 0.7682882
	speed: 4.9022s/iter; left time: 4453174.9866s
	iters: 200, epoch: 7 | loss: 0.8031672
	speed: 0.1658s/iter; left time: 150624.1199s
	iters: 300, epoch: 7 | loss: 0.7808512
	speed: 0.1660s/iter; left time: 150732.2877s
	iters: 400, epoch: 7 | loss: 0.7556552
	speed: 0.1659s/iter; left time: 150673.7575s
	iters: 500, epoch: 7 | loss: 0.7962143
	speed: 0.1659s/iter; left time: 150597.4308s
	iters: 600, epoch: 7 | loss: 0.7302572
	speed: 0.1683s/iter; left time: 152844.8037s
	iters: 700, epoch: 7 | loss: 0.7354713
	speed: 0.1720s/iter; left time: 156118.6698s
	iters: 800, epoch: 7 | loss: 0.7192181
	speed: 0.1721s/iter; left time: 156225.5226s
	iters: 900, epoch: 7 | loss: 0.7924825
	speed: 0.1719s/iter; left time: 156007.3442s
	iters: 1000, epoch: 7 | loss: 0.8986800
	speed: 0.1718s/iter; left time: 155871.2948s
	iters: 1100, epoch: 7 | loss: 0.7871767
	speed: 0.1722s/iter; left time: 156269.2896s
	iters: 1200, epoch: 7 | loss: 0.7639107
	speed: 0.1720s/iter; left time: 156088.6139s
	iters: 1300, epoch: 7 | loss: 0.7464944
	speed: 0.1719s/iter; left time: 155951.1421s
	iters: 1400, epoch: 7 | loss: 0.7606797
	speed: 0.1721s/iter; left time: 156075.8359s
	iters: 1500, epoch: 7 | loss: 0.7386052
	speed: 0.1723s/iter; left time: 156271.5980s
	iters: 1600, epoch: 7 | loss: 0.7128120
	speed: 0.1721s/iter; left time: 156058.9553s
	iters: 1700, epoch: 7 | loss: 0.7522215
	speed: 0.1720s/iter; left time: 156011.6806s
	iters: 1800, epoch: 7 | loss: 0.7622469
	speed: 0.1720s/iter; left time: 155942.3585s
	iters: 1900, epoch: 7 | loss: 0.7483253
	speed: 0.1719s/iter; left time: 155813.9002s
	iters: 2000, epoch: 7 | loss: 0.8414794
	speed: 0.1722s/iter; left time: 156071.3335s
	iters: 2100, epoch: 7 | loss: 0.7691398
	speed: 0.1723s/iter; left time: 156215.1806s
	iters: 2200, epoch: 7 | loss: 0.8163068
	speed: 0.1720s/iter; left time: 155853.7551s
	iters: 2300, epoch: 7 | loss: 0.7381743
	speed: 0.1713s/iter; left time: 155193.2204s
	iters: 2400, epoch: 7 | loss: 0.7510525
	speed: 0.1720s/iter; left time: 155855.2296s
	iters: 2500, epoch: 7 | loss: 0.7620390
	speed: 0.1720s/iter; left time: 155805.7077s
	iters: 2600, epoch: 7 | loss: 0.8476021
	speed: 0.1719s/iter; left time: 155719.4584s
	iters: 2700, epoch: 7 | loss: 0.7818810
	speed: 0.1723s/iter; left time: 156073.9409s
	iters: 2800, epoch: 7 | loss: 0.7550064
	speed: 0.1720s/iter; left time: 155798.4397s
	iters: 2900, epoch: 7 | loss: 0.7280710
	speed: 0.1714s/iter; left time: 155185.6494s
	iters: 3000, epoch: 7 | loss: 0.6968240
	speed: 0.1719s/iter; left time: 155648.0042s
	iters: 3100, epoch: 7 | loss: 0.7359800
	speed: 0.1722s/iter; left time: 155916.1993s
	iters: 3200, epoch: 7 | loss: 0.7493932
	speed: 0.1718s/iter; left time: 155538.2047s
	iters: 3300, epoch: 7 | loss: 0.7727256
	speed: 0.1719s/iter; left time: 155617.1618s
	iters: 3400, epoch: 7 | loss: 0.7797878
	speed: 0.1715s/iter; left time: 155200.3729s
	iters: 3500, epoch: 7 | loss: 0.7181482
	speed: 0.1721s/iter; left time: 155707.9145s
	iters: 3600, epoch: 7 | loss: 0.7747043
	speed: 0.1723s/iter; left time: 155904.9081s
	iters: 3700, epoch: 7 | loss: 0.7139167
	speed: 0.1721s/iter; left time: 155671.9336s
	iters: 3800, epoch: 7 | loss: 0.7487199
	speed: 0.1721s/iter; left time: 155737.6989s
	iters: 3900, epoch: 7 | loss: 0.6903635
	speed: 0.1719s/iter; left time: 155468.2322s
	iters: 4000, epoch: 7 | loss: 0.7915275
	speed: 0.1720s/iter; left time: 155544.0882s
	iters: 4100, epoch: 7 | loss: 0.7942129
	speed: 0.1718s/iter; left time: 155359.4360s
	iters: 4200, epoch: 7 | loss: 0.8219061
	speed: 0.1721s/iter; left time: 155651.8719s
	iters: 4300, epoch: 7 | loss: 0.8045294
	speed: 0.1718s/iter; left time: 155383.6094s
	iters: 4400, epoch: 7 | loss: 0.7438889
	speed: 0.1718s/iter; left time: 155327.9418s
	iters: 4500, epoch: 7 | loss: 0.7384151
	speed: 0.1722s/iter; left time: 155689.1931s
	iters: 4600, epoch: 7 | loss: 0.7211999
	speed: 0.1722s/iter; left time: 155648.5539s
Epoch: 7 cost time: 802.1778120994568
Epoch: 7, Steps: 4683 | Train Loss: 0.7585673 Vali Loss: 1.1743938 Test Loss: 1.1123742
EarlyStopping counter: 5 out of 5
Early stopping
>>>>>>>testing : long_term_forecast_pems03_all_96_336_Autoformer_custom_ftM_sl96_ll48_pl336_dm128_nh8_el2_dl1_df2048_fc3_ebtimeF_dtTrue_srate0.1_sseed7_trainseed2024_Exp_0<<<<<<<<<<<<<<<<<<<<<<<<<<<<<<<<<
test 352941
test shape: (35294, 1, 336, 151) (35294, 1, 336, 151)
test shape: (35294, 336, 151) (35294, 336, 151)
mse:1.0849605798721313, mae:0.789478600025177
>>>>>>>Overall time: 9656 seconds<<<<<<<<<<<<<<<<<<<<<<<<<<<<<<<<<
Args in experiment:
Namespace(activation='gelu', anomaly_ratio=0.25, batch_size=32, c_out=151, checkpoints='./checkpoints/', d_ff=2048, d_layers=1, d_model=128, data='custom', data_path='pems03_all_common_flow.csv', dec_in=151, des='Exp', devices='0,1,2,3', distil=True, dropout=0, e_layers=2, embed='timeF', enc_in=151, factor=3, features='M', freq='h', gap_day=365, gpu=0, inverse=False, is_training=1, itr=1, label_len=48, learning_rate=0.0005, loss='MSE', lradj='type3', mask_rate=0.25, model='Autoformer', model_id='pems03_all_96_336', moving_avg=25, n_heads=8, num_kernels=6, num_workers=10, output_attention=False, p_hidden_dims=[128, 128], p_hidden_layers=2, patience=5, pred_len=336, root_path='../../data/pems/', samle_rate=0.1, sample_seed=7, seasonal_patterns='Monthly', seq_len=96, target='OT', task_name='long_term_forecast', top_k=5, train_epochs=200, train_seed=2024, use_amp=False, use_gpu=True, use_multi_gpu=False)
Use GPU: cuda:0
>>>>>>>start training : long_term_forecast_pems03_all_96_336_Autoformer_custom_ftM_sl96_ll48_pl336_dm128_nh8_el2_dl1_df2048_fc3_ebtimeF_dtTrue_srate0.1_sseed7_trainseed2024_Exp_0>>>>>>>>>>>>>>>>>>>>>>>>>>
train 1498836
val 123744
test 352941
	iters: 100, epoch: 1 | loss: 1.3140650
	speed: 0.1700s/iter; left time: 159239.2714s
	iters: 200, epoch: 1 | loss: 1.1510292
	speed: 0.1669s/iter; left time: 156260.7693s
	iters: 300, epoch: 1 | loss: 1.1238312
	speed: 0.1670s/iter; left time: 156337.7388s
	iters: 400, epoch: 1 | loss: 1.1011920
	speed: 0.1675s/iter; left time: 156812.5916s
	iters: 500, epoch: 1 | loss: 1.1005714
	speed: 0.1676s/iter; left time: 156911.3974s
	iters: 600, epoch: 1 | loss: 1.1002884
	speed: 0.1678s/iter; left time: 157059.4411s
	iters: 700, epoch: 1 | loss: 0.9938777
	speed: 0.1670s/iter; left time: 156317.1474s
	iters: 800, epoch: 1 | loss: 1.0219363
	speed: 0.1674s/iter; left time: 156672.8686s
	iters: 900, epoch: 1 | loss: 0.9755303
	speed: 0.1677s/iter; left time: 156963.4086s
	iters: 1000, epoch: 1 | loss: 1.0930266
	speed: 0.1673s/iter; left time: 156513.3127s
	iters: 1100, epoch: 1 | loss: 1.0858506
	speed: 0.1680s/iter; left time: 157202.4146s
	iters: 1200, epoch: 1 | loss: 0.8960550
	speed: 0.1670s/iter; left time: 156223.7606s
	iters: 1300, epoch: 1 | loss: 0.8953423
	speed: 0.1673s/iter; left time: 156461.2046s
	iters: 1400, epoch: 1 | loss: 0.9247255
	speed: 0.1675s/iter; left time: 156671.1088s
	iters: 1500, epoch: 1 | loss: 0.9715445
	speed: 0.1675s/iter; left time: 156647.9376s
	iters: 1600, epoch: 1 | loss: 0.9946081
	speed: 0.1673s/iter; left time: 156434.1987s
	iters: 1700, epoch: 1 | loss: 0.9167443
	speed: 0.1676s/iter; left time: 156686.2647s
	iters: 1800, epoch: 1 | loss: 0.9171355
	speed: 0.1669s/iter; left time: 156035.2169s
	iters: 1900, epoch: 1 | loss: 1.0318867
	speed: 0.1676s/iter; left time: 156610.8428s
	iters: 2000, epoch: 1 | loss: 1.0858536
	speed: 0.1674s/iter; left time: 156420.7934s
	iters: 2100, epoch: 1 | loss: 1.0953941
	speed: 0.1677s/iter; left time: 156722.3924s
	iters: 2200, epoch: 1 | loss: 1.1077083
	speed: 0.1678s/iter; left time: 156780.2971s
	iters: 2300, epoch: 1 | loss: 1.0321544
	speed: 0.1674s/iter; left time: 156394.6009s
	iters: 2400, epoch: 1 | loss: 1.1352588
	speed: 0.1676s/iter; left time: 156529.5170s
	iters: 2500, epoch: 1 | loss: 1.0869226
	speed: 0.1671s/iter; left time: 156115.3096s
	iters: 2600, epoch: 1 | loss: 0.9347245
	speed: 0.1676s/iter; left time: 156554.7521s
	iters: 2700, epoch: 1 | loss: 0.8993015
	speed: 0.1676s/iter; left time: 156510.8393s
	iters: 2800, epoch: 1 | loss: 0.9592811
	speed: 0.1675s/iter; left time: 156365.8803s
	iters: 2900, epoch: 1 | loss: 0.9197949
	speed: 0.1674s/iter; left time: 156308.4997s
	iters: 3000, epoch: 1 | loss: 0.9653078
	speed: 0.1671s/iter; left time: 156020.8005s
	iters: 3100, epoch: 1 | loss: 0.9902863
	speed: 0.1676s/iter; left time: 156482.0160s
	iters: 3200, epoch: 1 | loss: 0.8833264
	speed: 0.1671s/iter; left time: 155989.3710s
	iters: 3300, epoch: 1 | loss: 0.8879775
	speed: 0.1678s/iter; left time: 156622.0529s
	iters: 3400, epoch: 1 | loss: 0.9682044
	speed: 0.1674s/iter; left time: 156179.0137s
	iters: 3500, epoch: 1 | loss: 0.9628261
	speed: 0.1678s/iter; left time: 156576.6100s
	iters: 3600, epoch: 1 | loss: 0.9795392
	speed: 0.1673s/iter; left time: 156100.6704s
	iters: 3700, epoch: 1 | loss: 0.9861758
	speed: 0.1693s/iter; left time: 157982.8714s
	iters: 3800, epoch: 1 | loss: 0.9806009
	speed: 0.1671s/iter; left time: 155839.1579s
	iters: 3900, epoch: 1 | loss: 0.8982841
	speed: 0.1671s/iter; left time: 155890.0506s
	iters: 4000, epoch: 1 | loss: 0.9409244
	speed: 0.1679s/iter; left time: 156543.3089s
	iters: 4100, epoch: 1 | loss: 0.9578801
	speed: 0.1673s/iter; left time: 156003.0399s
	iters: 4200, epoch: 1 | loss: 1.0200782
	speed: 0.1673s/iter; left time: 155999.1572s
	iters: 4300, epoch: 1 | loss: 0.9091946
	speed: 0.1679s/iter; left time: 156574.1967s
	iters: 4400, epoch: 1 | loss: 0.9238686
	speed: 0.1675s/iter; left time: 156130.0611s
	iters: 4500, epoch: 1 | loss: 0.8833961
	speed: 0.1671s/iter; left time: 155727.1276s
	iters: 4600, epoch: 1 | loss: 0.8652396
	speed: 0.1674s/iter; left time: 155982.4188s
Epoch: 1 cost time: 784.7287447452545
Epoch: 1, Steps: 4683 | Train Loss: 1.0078086 Vali Loss: 1.2144310 Test Loss: 1.1366400
Validation loss decreased (inf --> 1.214431).  Saving model ...
	iters: 100, epoch: 2 | loss: 0.8497902
	speed: 4.8980s/iter; left time: 4564061.8611s
	iters: 200, epoch: 2 | loss: 0.9148952
	speed: 0.1719s/iter; left time: 160154.3300s
	iters: 300, epoch: 2 | loss: 0.9454601
	speed: 0.1714s/iter; left time: 159696.0226s
	iters: 400, epoch: 2 | loss: 0.9184760
	speed: 0.1712s/iter; left time: 159510.2958s
	iters: 500, epoch: 2 | loss: 0.8018855
	speed: 0.1715s/iter; left time: 159757.6610s
	iters: 600, epoch: 2 | loss: 0.9449565
	speed: 0.1718s/iter; left time: 159980.9665s
	iters: 700, epoch: 2 | loss: 0.9601495
	speed: 0.1723s/iter; left time: 160431.1666s
	iters: 800, epoch: 2 | loss: 1.0283018
	speed: 0.1719s/iter; left time: 160059.4245s
	iters: 900, epoch: 2 | loss: 0.8877897
	speed: 0.1711s/iter; left time: 159316.2063s
	iters: 1000, epoch: 2 | loss: 0.9060776
	speed: 0.1718s/iter; left time: 159970.9601s
	iters: 1100, epoch: 2 | loss: 0.8941589
	speed: 0.1717s/iter; left time: 159825.3106s
	iters: 1200, epoch: 2 | loss: 0.8270099
	speed: 0.1713s/iter; left time: 159422.7257s
	iters: 1300, epoch: 2 | loss: 0.9061466
	speed: 0.1712s/iter; left time: 159297.2654s
	iters: 1400, epoch: 2 | loss: 0.9114965
	speed: 0.1715s/iter; left time: 159604.8296s
	iters: 1500, epoch: 2 | loss: 0.8632414
	speed: 0.1715s/iter; left time: 159605.4059s
	iters: 1600, epoch: 2 | loss: 0.8409922
	speed: 0.1716s/iter; left time: 159601.4004s
	iters: 1700, epoch: 2 | loss: 0.8121865
	speed: 0.1719s/iter; left time: 159905.0602s
	iters: 1800, epoch: 2 | loss: 0.8864251
	speed: 0.1719s/iter; left time: 159915.5322s
	iters: 1900, epoch: 2 | loss: 0.8979845
	speed: 0.1719s/iter; left time: 159910.7607s
	iters: 2000, epoch: 2 | loss: 0.9231851
	speed: 0.1716s/iter; left time: 159535.6647s
	iters: 2100, epoch: 2 | loss: 0.8296090
	speed: 0.1709s/iter; left time: 158935.5304s
	iters: 2200, epoch: 2 | loss: 0.9006561
	speed: 0.1722s/iter; left time: 160077.3373s
	iters: 2300, epoch: 2 | loss: 0.8384918
	speed: 0.1717s/iter; left time: 159587.9548s
	iters: 2400, epoch: 2 | loss: 0.8735315
	speed: 0.1721s/iter; left time: 159924.1563s
	iters: 2500, epoch: 2 | loss: 0.8763881
	speed: 0.1722s/iter; left time: 160076.7272s
	iters: 2600, epoch: 2 | loss: 0.8291054
	speed: 0.1712s/iter; left time: 159144.9298s
	iters: 2700, epoch: 2 | loss: 0.8230876
	speed: 0.1715s/iter; left time: 159382.1095s
	iters: 2800, epoch: 2 | loss: 0.8693119
	speed: 0.1716s/iter; left time: 159416.0860s
	iters: 2900, epoch: 2 | loss: 0.8408066
	speed: 0.1723s/iter; left time: 160070.4151s
	iters: 3000, epoch: 2 | loss: 0.8878380
	speed: 0.1715s/iter; left time: 159350.9770s
	iters: 3100, epoch: 2 | loss: 0.9385032
	speed: 0.1723s/iter; left time: 159994.5044s
	iters: 3200, epoch: 2 | loss: 0.8256816
	speed: 0.1717s/iter; left time: 159489.4516s
	iters: 3300, epoch: 2 | loss: 0.8425266
	speed: 0.1718s/iter; left time: 159576.9984s
	iters: 3400, epoch: 2 | loss: 0.8917966
	speed: 0.1715s/iter; left time: 159286.1845s
	iters: 3500, epoch: 2 | loss: 0.8634726
	speed: 0.1717s/iter; left time: 159432.1219s
	iters: 3600, epoch: 2 | loss: 0.8659396
	speed: 0.1713s/iter; left time: 159050.4992s
	iters: 3700, epoch: 2 | loss: 0.9491104
	speed: 0.1715s/iter; left time: 159154.0544s
	iters: 3800, epoch: 2 | loss: 0.8919999
	speed: 0.1715s/iter; left time: 159137.3508s
	iters: 3900, epoch: 2 | loss: 0.8665595
	speed: 0.1720s/iter; left time: 159589.1781s
	iters: 4000, epoch: 2 | loss: 0.8649826
	speed: 0.1716s/iter; left time: 159218.0419s
	iters: 4100, epoch: 2 | loss: 0.8010732
	speed: 0.1719s/iter; left time: 159469.1767s
	iters: 4200, epoch: 2 | loss: 0.8442070
	speed: 0.1713s/iter; left time: 158961.8825s
	iters: 4300, epoch: 2 | loss: 0.8469230
	speed: 0.1715s/iter; left time: 159070.5687s
	iters: 4400, epoch: 2 | loss: 0.8966779
	speed: 0.1714s/iter; left time: 158946.5668s
	iters: 4500, epoch: 2 | loss: 0.8338050
	speed: 0.1720s/iter; left time: 159478.9970s
	iters: 4600, epoch: 2 | loss: 0.8488683
	speed: 0.1717s/iter; left time: 159199.1949s
Epoch: 2 cost time: 804.2093050479889
Epoch: 2, Steps: 4683 | Train Loss: 0.8752633 Vali Loss: 1.2363931 Test Loss: 1.1890376
EarlyStopping counter: 1 out of 5
	iters: 100, epoch: 3 | loss: 0.8565043
	speed: 4.9070s/iter; left time: 4549489.1648s
	iters: 200, epoch: 3 | loss: 0.9256443
	speed: 0.1679s/iter; left time: 155638.2775s
	iters: 300, epoch: 3 | loss: 0.8399689
	speed: 0.1676s/iter; left time: 155390.5806s
	iters: 400, epoch: 3 | loss: 0.7708935
	speed: 0.1679s/iter; left time: 155592.2192s
	iters: 500, epoch: 3 | loss: 0.8173612
	speed: 0.1684s/iter; left time: 156057.7387s
	iters: 600, epoch: 3 | loss: 0.8813749
	speed: 0.1676s/iter; left time: 155288.7157s
	iters: 700, epoch: 3 | loss: 0.7521428
	speed: 0.1695s/iter; left time: 157015.4642s
	iters: 800, epoch: 3 | loss: 0.8493648
	speed: 0.1679s/iter; left time: 155531.5080s
	iters: 900, epoch: 3 | loss: 0.8051682
	speed: 0.1675s/iter; left time: 155184.7462s
	iters: 1000, epoch: 3 | loss: 0.8924101
	speed: 0.1675s/iter; left time: 155118.8940s
	iters: 1100, epoch: 3 | loss: 0.8289118
	speed: 0.1676s/iter; left time: 155262.3693s
	iters: 1200, epoch: 3 | loss: 0.8285365
	speed: 0.1674s/iter; left time: 155027.5475s
	iters: 1300, epoch: 3 | loss: 0.8215899
	speed: 0.1673s/iter; left time: 154929.9619s
	iters: 1400, epoch: 3 | loss: 0.8597642
	speed: 0.1673s/iter; left time: 154881.7902s
	iters: 1500, epoch: 3 | loss: 0.8391529
	speed: 0.1678s/iter; left time: 155351.4342s
	iters: 1600, epoch: 3 | loss: 0.7993751
	speed: 0.1677s/iter; left time: 155261.8344s
	iters: 1700, epoch: 3 | loss: 0.7821680
	speed: 0.1676s/iter; left time: 155084.4677s
	iters: 1800, epoch: 3 | loss: 0.8032672
	speed: 0.1677s/iter; left time: 155228.4440s
	iters: 1900, epoch: 3 | loss: 0.8747445
	speed: 0.1678s/iter; left time: 155225.2428s
	iters: 2000, epoch: 3 | loss: 0.7858894
	speed: 0.1677s/iter; left time: 155191.6718s
	iters: 2100, epoch: 3 | loss: 0.7808166
	speed: 0.1679s/iter; left time: 155351.4820s
	iters: 2200, epoch: 3 | loss: 0.8416740
	speed: 0.1680s/iter; left time: 155400.1939s
	iters: 2300, epoch: 3 | loss: 0.8182989
	speed: 0.1677s/iter; left time: 155120.5878s
	iters: 2400, epoch: 3 | loss: 0.8232709
	speed: 0.1679s/iter; left time: 155266.6368s
	iters: 2500, epoch: 3 | loss: 0.7067449
	speed: 0.1674s/iter; left time: 154772.5705s
	iters: 2600, epoch: 3 | loss: 0.8029405
	speed: 0.1677s/iter; left time: 155029.5930s
	iters: 2700, epoch: 3 | loss: 0.7927532
	speed: 0.1678s/iter; left time: 155168.1631s
	iters: 2800, epoch: 3 | loss: 0.8525163
	speed: 0.1679s/iter; left time: 155240.1754s
	iters: 2900, epoch: 3 | loss: 0.8161480
	speed: 0.1678s/iter; left time: 155062.4003s
	iters: 3000, epoch: 3 | loss: 0.8556789
	speed: 0.1681s/iter; left time: 155338.3154s
	iters: 3100, epoch: 3 | loss: 0.9246577
	speed: 0.1675s/iter; left time: 154835.0526s
	iters: 3200, epoch: 3 | loss: 0.8171093
	speed: 0.1676s/iter; left time: 154887.0867s
	iters: 3300, epoch: 3 | loss: 0.8435512
	speed: 0.1675s/iter; left time: 154804.6539s
	iters: 3400, epoch: 3 | loss: 0.8973989
	speed: 0.1678s/iter; left time: 155032.7657s
	iters: 3500, epoch: 3 | loss: 0.8085199
	speed: 0.1679s/iter; left time: 155108.4304s
	iters: 3600, epoch: 3 | loss: 0.7459276
	speed: 0.1675s/iter; left time: 154705.0330s
	iters: 3700, epoch: 3 | loss: 0.8072997
	speed: 0.1676s/iter; left time: 154751.9904s
	iters: 3800, epoch: 3 | loss: 0.8804120
	speed: 0.1677s/iter; left time: 154901.8166s
	iters: 3900, epoch: 3 | loss: 0.8446525
	speed: 0.1674s/iter; left time: 154548.9276s
	iters: 4000, epoch: 3 | loss: 0.7656611
	speed: 0.1674s/iter; left time: 154558.3856s
	iters: 4100, epoch: 3 | loss: 0.7438574
	speed: 0.1675s/iter; left time: 154584.8466s
	iters: 4200, epoch: 3 | loss: 0.8355901
	speed: 0.1677s/iter; left time: 154804.5449s
	iters: 4300, epoch: 3 | loss: 0.8195215
	speed: 0.1676s/iter; left time: 154647.8648s
	iters: 4400, epoch: 3 | loss: 0.8237003
	speed: 0.1678s/iter; left time: 154830.1617s
	iters: 4500, epoch: 3 | loss: 0.8421116
	speed: 0.1673s/iter; left time: 154360.7068s
	iters: 4600, epoch: 3 | loss: 0.8311136
	speed: 0.1679s/iter; left time: 154928.8697s
Epoch: 3 cost time: 785.7153656482697
Epoch: 3, Steps: 4683 | Train Loss: 0.8331626 Vali Loss: 1.2541672 Test Loss: 1.1850675
EarlyStopping counter: 2 out of 5
	iters: 100, epoch: 4 | loss: 0.7830461
	speed: 4.8760s/iter; left time: 4497866.5271s
	iters: 200, epoch: 4 | loss: 0.8715984
	speed: 0.1685s/iter; left time: 155454.1437s
	iters: 300, epoch: 4 | loss: 0.7543908
	speed: 0.1680s/iter; left time: 154920.7560s
	iters: 400, epoch: 4 | loss: 0.8503434
	speed: 0.1680s/iter; left time: 154926.0427s
	iters: 500, epoch: 4 | loss: 0.7638435
	speed: 0.1680s/iter; left time: 154941.7974s
	iters: 600, epoch: 4 | loss: 0.8179522
	speed: 0.1687s/iter; left time: 155570.3394s
	iters: 700, epoch: 4 | loss: 0.7933081
	speed: 0.1682s/iter; left time: 155030.6941s
	iters: 800, epoch: 4 | loss: 0.8846204
	speed: 0.1680s/iter; left time: 154887.0538s
	iters: 900, epoch: 4 | loss: 0.8254429
	speed: 0.1680s/iter; left time: 154867.7716s
	iters: 1000, epoch: 4 | loss: 0.8177323
	speed: 0.1682s/iter; left time: 155045.3789s
	iters: 1100, epoch: 4 | loss: 0.8207365
	speed: 0.1671s/iter; left time: 153977.3405s
	iters: 1200, epoch: 4 | loss: 0.7251128
	speed: 0.1720s/iter; left time: 158435.0143s
	iters: 1300, epoch: 4 | loss: 0.7895917
	speed: 0.1722s/iter; left time: 158676.5673s
	iters: 1400, epoch: 4 | loss: 0.7103858
	speed: 0.1720s/iter; left time: 158460.6335s
	iters: 1500, epoch: 4 | loss: 0.7628220
	speed: 0.1716s/iter; left time: 158029.9891s
	iters: 1600, epoch: 4 | loss: 0.8418987
	speed: 0.1717s/iter; left time: 158102.1117s
	iters: 1700, epoch: 4 | loss: 0.7783995
	speed: 0.1716s/iter; left time: 158034.7206s
	iters: 1800, epoch: 4 | loss: 0.7582356
	speed: 0.1721s/iter; left time: 158433.6058s
	iters: 1900, epoch: 4 | loss: 0.7768697
	speed: 0.1716s/iter; left time: 158004.3502s
	iters: 2000, epoch: 4 | loss: 0.8460119
	speed: 0.1717s/iter; left time: 158031.0175s
	iters: 2100, epoch: 4 | loss: 0.7963709
	speed: 0.1716s/iter; left time: 157939.2980s
	iters: 2200, epoch: 4 | loss: 0.7590440
	speed: 0.1717s/iter; left time: 158026.6575s
	iters: 2300, epoch: 4 | loss: 0.8103784
	speed: 0.1719s/iter; left time: 158189.3403s
	iters: 2400, epoch: 4 | loss: 0.8400345
	speed: 0.1715s/iter; left time: 157805.2067s
	iters: 2500, epoch: 4 | loss: 0.8506741
	speed: 0.1718s/iter; left time: 158102.1811s
	iters: 2600, epoch: 4 | loss: 0.7482575
	speed: 0.1711s/iter; left time: 157430.6064s
	iters: 2700, epoch: 4 | loss: 0.7990050
	speed: 0.1718s/iter; left time: 158015.3322s
	iters: 2800, epoch: 4 | loss: 0.7570133
	speed: 0.1721s/iter; left time: 158270.9807s
	iters: 2900, epoch: 4 | loss: 0.7599896
	speed: 0.1718s/iter; left time: 158037.1746s
	iters: 3000, epoch: 4 | loss: 0.8189566
	speed: 0.1717s/iter; left time: 157892.2685s
	iters: 3100, epoch: 4 | loss: 0.7888513
	speed: 0.1640s/iter; left time: 150829.9031s
	iters: 3200, epoch: 4 | loss: 0.8508137
	speed: 0.1636s/iter; left time: 150397.8126s
	iters: 3300, epoch: 4 | loss: 0.7008683
	speed: 0.1684s/iter; left time: 154826.9027s
	iters: 3400, epoch: 4 | loss: 0.8523445
	speed: 0.1723s/iter; left time: 158334.7151s
	iters: 3500, epoch: 4 | loss: 0.8113946
	speed: 0.1719s/iter; left time: 157980.0325s
	iters: 3600, epoch: 4 | loss: 0.8073757
	speed: 0.1714s/iter; left time: 157513.3867s
	iters: 3700, epoch: 4 | loss: 0.8535983
	speed: 0.1715s/iter; left time: 157609.9639s
	iters: 3800, epoch: 4 | loss: 0.9016491
	speed: 0.1722s/iter; left time: 158216.0889s
	iters: 3900, epoch: 4 | loss: 0.7601528
	speed: 0.1715s/iter; left time: 157536.3893s
	iters: 4000, epoch: 4 | loss: 0.7589095
	speed: 0.1717s/iter; left time: 157706.2161s
	iters: 4100, epoch: 4 | loss: 0.7702619
	speed: 0.1723s/iter; left time: 158218.0845s
	iters: 4200, epoch: 4 | loss: 0.6496261
	speed: 0.1719s/iter; left time: 157852.9691s
	iters: 4300, epoch: 4 | loss: 0.7888626
	speed: 0.1714s/iter; left time: 157423.5865s
	iters: 4400, epoch: 4 | loss: 0.7568038
	speed: 0.1722s/iter; left time: 158119.1848s
	iters: 4500, epoch: 4 | loss: 0.8228218
	speed: 0.1718s/iter; left time: 157757.4889s
	iters: 4600, epoch: 4 | loss: 0.6775827
	speed: 0.1717s/iter; left time: 157658.0827s
Epoch: 4 cost time: 798.5993130207062
Epoch: 4, Steps: 4683 | Train Loss: 0.7920952 Vali Loss: 1.2435123 Test Loss: 1.2281301
EarlyStopping counter: 3 out of 5
	iters: 100, epoch: 5 | loss: 0.8081404
	speed: 4.8825s/iter; left time: 4481047.2597s
	iters: 200, epoch: 5 | loss: 0.7901599
	speed: 0.1685s/iter; left time: 154606.7491s
	iters: 300, epoch: 5 | loss: 0.7571537
	speed: 0.1682s/iter; left time: 154361.5080s
	iters: 400, epoch: 5 | loss: 0.7898472
	speed: 0.1687s/iter; left time: 154738.3479s
	iters: 500, epoch: 5 | loss: 0.8089762
	speed: 0.1684s/iter; left time: 154493.1714s
	iters: 600, epoch: 5 | loss: 0.7450074
	speed: 0.1680s/iter; left time: 154118.0069s
	iters: 700, epoch: 5 | loss: 0.7916242
	speed: 0.1687s/iter; left time: 154766.0126s
	iters: 800, epoch: 5 | loss: 0.8380809
	speed: 0.1683s/iter; left time: 154320.4779s
	iters: 900, epoch: 5 | loss: 0.8038076
	speed: 0.1676s/iter; left time: 153701.6034s
	iters: 1000, epoch: 5 | loss: 0.7850800
	speed: 0.1683s/iter; left time: 154283.9700s
	iters: 1100, epoch: 5 | loss: 0.7182694
	speed: 0.1685s/iter; left time: 154468.6402s
	iters: 1200, epoch: 5 | loss: 0.7396891
	speed: 0.1678s/iter; left time: 153831.7533s
	iters: 1300, epoch: 5 | loss: 0.7590106
	speed: 0.1682s/iter; left time: 154189.7478s
	iters: 1400, epoch: 5 | loss: 0.6910784
	speed: 0.1683s/iter; left time: 154240.8995s
	iters: 1500, epoch: 5 | loss: 0.6878411
	speed: 0.1681s/iter; left time: 154072.9867s
	iters: 1600, epoch: 5 | loss: 0.7940382
	speed: 0.1678s/iter; left time: 153738.7443s
	iters: 1700, epoch: 5 | loss: 0.7203698
	speed: 0.1683s/iter; left time: 154161.5790s
	iters: 1800, epoch: 5 | loss: 0.7578442
	speed: 0.1680s/iter; left time: 153885.6790s
	iters: 1900, epoch: 5 | loss: 0.7136299
	speed: 0.1686s/iter; left time: 154414.4366s
	iters: 2000, epoch: 5 | loss: 0.7577350
	speed: 0.1683s/iter; left time: 154112.6250s
	iters: 2100, epoch: 5 | loss: 0.7668793
	speed: 0.1685s/iter; left time: 154270.9322s
	iters: 2200, epoch: 5 | loss: 0.7248451
	speed: 0.1676s/iter; left time: 153497.9455s
	iters: 2300, epoch: 5 | loss: 0.8184613
	speed: 0.1682s/iter; left time: 153972.6808s
	iters: 2400, epoch: 5 | loss: 0.7219989
	speed: 0.1680s/iter; left time: 153836.7653s
	iters: 2500, epoch: 5 | loss: 0.7419223
	speed: 0.1682s/iter; left time: 153931.7813s
	iters: 2600, epoch: 5 | loss: 0.7668380
	speed: 0.1684s/iter; left time: 154101.2132s
	iters: 2700, epoch: 5 | loss: 0.7394059
	speed: 0.1679s/iter; left time: 153695.5975s
	iters: 2800, epoch: 5 | loss: 0.7612907
	speed: 0.1672s/iter; left time: 153008.1155s
	iters: 2900, epoch: 5 | loss: 0.7622220
	speed: 0.1686s/iter; left time: 154255.3607s
	iters: 3000, epoch: 5 | loss: 0.7381651
	speed: 0.1677s/iter; left time: 153441.8294s
	iters: 3100, epoch: 5 | loss: 0.6906407
	speed: 0.1684s/iter; left time: 154044.3202s
	iters: 3200, epoch: 5 | loss: 0.7581265
	speed: 0.1677s/iter; left time: 153404.6130s
	iters: 3300, epoch: 5 | loss: 0.7488332
	speed: 0.1683s/iter; left time: 153958.4963s
	iters: 3400, epoch: 5 | loss: 0.6966870
	speed: 0.1681s/iter; left time: 153739.1987s
	iters: 3500, epoch: 5 | loss: 0.7138526
	speed: 0.1678s/iter; left time: 153445.2750s
	iters: 3600, epoch: 5 | loss: 0.7380469
	speed: 0.1679s/iter; left time: 153471.6969s
	iters: 3700, epoch: 5 | loss: 0.7777922
	speed: 0.1682s/iter; left time: 153785.4283s
	iters: 3800, epoch: 5 | loss: 0.7241427
	speed: 0.1678s/iter; left time: 153418.9180s
	iters: 3900, epoch: 5 | loss: 0.7967674
	speed: 0.1678s/iter; left time: 153383.5791s
	iters: 4000, epoch: 5 | loss: 0.7466993
	speed: 0.1680s/iter; left time: 153521.7599s
	iters: 4100, epoch: 5 | loss: 0.6847492
	speed: 0.1681s/iter; left time: 153644.4933s
	iters: 4200, epoch: 5 | loss: 0.7351108
	speed: 0.1679s/iter; left time: 153418.3302s
	iters: 4300, epoch: 5 | loss: 0.7036713
	speed: 0.1678s/iter; left time: 153339.2663s
	iters: 4400, epoch: 5 | loss: 0.8012207
	speed: 0.1677s/iter; left time: 153215.6458s
	iters: 4500, epoch: 5 | loss: 0.8008284
	speed: 0.1684s/iter; left time: 153835.5041s
	iters: 4600, epoch: 5 | loss: 0.7817985
	speed: 0.1683s/iter; left time: 153746.2933s
Epoch: 5 cost time: 787.5732755661011
Epoch: 5, Steps: 4683 | Train Loss: 0.7546395 Vali Loss: 1.2295185 Test Loss: 1.1497715
EarlyStopping counter: 4 out of 5
	iters: 100, epoch: 6 | loss: 0.7211909
	speed: 4.8789s/iter; left time: 4454840.3763s
	iters: 200, epoch: 6 | loss: 0.7022739
	speed: 0.1718s/iter; left time: 156876.6786s
	iters: 300, epoch: 6 | loss: 0.6982138
	speed: 0.1723s/iter; left time: 157249.6730s
	iters: 400, epoch: 6 | loss: 0.7244996
	speed: 0.1714s/iter; left time: 156480.8224s
	iters: 500, epoch: 6 | loss: 0.6879833
	speed: 0.1716s/iter; left time: 156654.2522s
	iters: 600, epoch: 6 | loss: 0.7133552
	speed: 0.1717s/iter; left time: 156724.9176s
	iters: 700, epoch: 6 | loss: 0.7063089
	speed: 0.1723s/iter; left time: 157184.7520s
	iters: 800, epoch: 6 | loss: 0.7395799
	speed: 0.1717s/iter; left time: 156690.8639s
	iters: 900, epoch: 6 | loss: 0.7156508
	speed: 0.1721s/iter; left time: 157028.0878s
	iters: 1000, epoch: 6 | loss: 0.7709113
	speed: 0.1722s/iter; left time: 157110.6451s
	iters: 1100, epoch: 6 | loss: 0.7539857
	speed: 0.1720s/iter; left time: 156848.7854s
	iters: 1200, epoch: 6 | loss: 0.7417254
	speed: 0.1719s/iter; left time: 156795.2010s
	iters: 1300, epoch: 6 | loss: 0.7369025
	speed: 0.1714s/iter; left time: 156332.2840s
	iters: 1400, epoch: 6 | loss: 0.7920187
	speed: 0.1717s/iter; left time: 156559.1503s
	iters: 1500, epoch: 6 | loss: 0.6998218
	speed: 0.1718s/iter; left time: 156661.7836s
	iters: 1600, epoch: 6 | loss: 0.7474499
	speed: 0.1713s/iter; left time: 156112.7755s
	iters: 1700, epoch: 6 | loss: 0.7286215
	speed: 0.1724s/iter; left time: 157141.7186s
	iters: 1800, epoch: 6 | loss: 0.6779339
	speed: 0.1717s/iter; left time: 156519.3654s
	iters: 1900, epoch: 6 | loss: 0.7522241
	speed: 0.1718s/iter; left time: 156525.1764s
	iters: 2000, epoch: 6 | loss: 0.7559542
	speed: 0.1719s/iter; left time: 156622.8373s
	iters: 2100, epoch: 6 | loss: 0.7985935
	speed: 0.1721s/iter; left time: 156764.1515s
	iters: 2200, epoch: 6 | loss: 0.7126707
	speed: 0.1723s/iter; left time: 156917.4679s
	iters: 2300, epoch: 6 | loss: 0.7368992
	speed: 0.1721s/iter; left time: 156800.2634s
	iters: 2400, epoch: 6 | loss: 0.7569705
	speed: 0.1722s/iter; left time: 156874.7837s
	iters: 2500, epoch: 6 | loss: 0.7477499
	speed: 0.1715s/iter; left time: 156183.0819s
	iters: 2600, epoch: 6 | loss: 0.6884632
	speed: 0.1718s/iter; left time: 156406.9266s
	iters: 2700, epoch: 6 | loss: 0.6419243
	speed: 0.1718s/iter; left time: 156435.6119s
	iters: 2800, epoch: 6 | loss: 0.6817821
	speed: 0.1713s/iter; left time: 155936.3775s
	iters: 2900, epoch: 6 | loss: 0.7164646
	speed: 0.1717s/iter; left time: 156260.3296s
	iters: 3000, epoch: 6 | loss: 0.7699989
	speed: 0.1721s/iter; left time: 156634.6910s
	iters: 3100, epoch: 6 | loss: 0.7377267
	speed: 0.1718s/iter; left time: 156323.9147s
	iters: 3200, epoch: 6 | loss: 0.7365137
	speed: 0.1718s/iter; left time: 156302.0386s
	iters: 3300, epoch: 6 | loss: 0.7008519
	speed: 0.1717s/iter; left time: 156271.7877s
	iters: 3400, epoch: 6 | loss: 0.6921283
	speed: 0.1716s/iter; left time: 156093.8327s
	iters: 3500, epoch: 6 | loss: 0.7147732
	speed: 0.1711s/iter; left time: 155609.3511s
	iters: 3600, epoch: 6 | loss: 0.6445796
	speed: 0.1716s/iter; left time: 156104.2569s
	iters: 3700, epoch: 6 | loss: 0.7269582
	speed: 0.1721s/iter; left time: 156507.8458s
	iters: 3800, epoch: 6 | loss: 0.7145845
	speed: 0.1719s/iter; left time: 156347.1583s
	iters: 3900, epoch: 6 | loss: 0.6889165
	speed: 0.1715s/iter; left time: 155923.9752s
	iters: 4000, epoch: 6 | loss: 0.6888738
	speed: 0.1718s/iter; left time: 156204.1338s
	iters: 4100, epoch: 6 | loss: 0.7058385
	speed: 0.1716s/iter; left time: 155987.5886s
	iters: 4200, epoch: 6 | loss: 0.7037410
	speed: 0.1714s/iter; left time: 155831.9225s
	iters: 4300, epoch: 6 | loss: 0.7230580
	speed: 0.1713s/iter; left time: 155652.7906s
	iters: 4400, epoch: 6 | loss: 0.6854060
	speed: 0.1718s/iter; left time: 156136.6484s
	iters: 4500, epoch: 6 | loss: 0.6598842
	speed: 0.1722s/iter; left time: 156458.3348s
	iters: 4600, epoch: 6 | loss: 0.6859813
	speed: 0.1726s/iter; left time: 156840.5667s
Epoch: 6 cost time: 804.8459229469299
Epoch: 6, Steps: 4683 | Train Loss: 0.7235593 Vali Loss: 1.2445118 Test Loss: 1.2103827
EarlyStopping counter: 5 out of 5
Early stopping
>>>>>>>testing : long_term_forecast_pems03_all_96_336_Autoformer_custom_ftM_sl96_ll48_pl336_dm128_nh8_el2_dl1_df2048_fc3_ebtimeF_dtTrue_srate0.1_sseed7_trainseed2024_Exp_0<<<<<<<<<<<<<<<<<<<<<<<<<<<<<<<<<
test 352941
test shape: (35294, 1, 336, 151) (35294, 1, 336, 151)
test shape: (35294, 336, 151) (35294, 336, 151)
mse:1.1366353034973145, mae:0.8072945475578308
>>>>>>>Overall time: 8328 seconds<<<<<<<<<<<<<<<<<<<<<<<<<<<<<<<<<
