Args in experiment:
Namespace(activation='gelu', anomaly_ratio=0.25, batch_size=32, c_out=107, checkpoints='./checkpoints/', d_ff=2048, d_layers=1, d_model=128, data='custom', data_path='pems10_all_common_flow.csv', dec_in=107, des='Exp', devices='0,1,2,3', distil=True, dropout=0, e_layers=2, embed='timeF', enc_in=107, factor=3, features='M', freq='h', gap_day=730, gpu=0, inverse=False, is_training=1, itr=1, label_len=48, learning_rate=0.0005, loss='MSE', lradj='type3', mask_rate=0.25, model='Autoformer', model_id='pems10_all_96_96', moving_avg=25, n_heads=8, num_kernels=6, num_workers=10, output_attention=False, p_hidden_dims=[128, 128], p_hidden_layers=2, patience=5, pred_len=192, root_path='../../data/pems/', samle_rate=0.1, sample_seed=7, seasonal_patterns='Monthly', seq_len=96, target='OT', task_name='long_term_forecast', top_k=5, train_epochs=200, train_seed=2024, use_amp=False, use_gpu=True, use_multi_gpu=False)
Use GPU: cuda:0
>>>>>>>start training : long_term_forecast_pems10_all_96_96_Autoformer_custom_ftM_sl96_ll48_pl192_dm128_nh8_el2_dl1_df2048_fc3_ebtimeF_dtTrue_srate0.1_sseed7_trainseed2024_gap730_Exp_0>>>>>>>>>>>>>>>>>>>>>>>>>>
train 844455
val 141231
test 141229
	iters: 100, epoch: 1 | loss: 1.1322774
	speed: 0.1338s/iter; left time: 70569.9881s
	iters: 200, epoch: 1 | loss: 1.0108869
	speed: 0.1316s/iter; left time: 69381.4247s
	iters: 300, epoch: 1 | loss: 1.0090479
	speed: 0.1314s/iter; left time: 69305.5937s
	iters: 400, epoch: 1 | loss: 1.0591353
	speed: 0.1312s/iter; left time: 69156.5254s
	iters: 500, epoch: 1 | loss: 0.9143385
	speed: 0.1311s/iter; left time: 69125.8415s
	iters: 600, epoch: 1 | loss: 0.9741156
	speed: 0.1315s/iter; left time: 69306.3050s
	iters: 700, epoch: 1 | loss: 0.9225292
	speed: 0.1311s/iter; left time: 69071.5750s
	iters: 800, epoch: 1 | loss: 0.8744569
	speed: 0.1311s/iter; left time: 69080.1206s
	iters: 900, epoch: 1 | loss: 0.8981928
	speed: 0.1318s/iter; left time: 69432.9477s
	iters: 1000, epoch: 1 | loss: 0.9841427
	speed: 0.1318s/iter; left time: 69390.8167s
	iters: 1100, epoch: 1 | loss: 0.8042598
	speed: 0.1316s/iter; left time: 69267.8669s
	iters: 1200, epoch: 1 | loss: 0.8980049
	speed: 0.1312s/iter; left time: 69071.5027s
	iters: 1300, epoch: 1 | loss: 0.9723619
	speed: 0.1311s/iter; left time: 69007.4301s
	iters: 1400, epoch: 1 | loss: 0.8738006
	speed: 0.1313s/iter; left time: 69086.2538s
	iters: 1500, epoch: 1 | loss: 0.7858502
	speed: 0.1321s/iter; left time: 69519.4314s
	iters: 1600, epoch: 1 | loss: 0.9162220
	speed: 0.1313s/iter; left time: 69073.9558s
	iters: 1700, epoch: 1 | loss: 0.8431491
	speed: 0.1316s/iter; left time: 69208.6072s
	iters: 1800, epoch: 1 | loss: 0.9882920
	speed: 0.1315s/iter; left time: 69145.7654s
	iters: 1900, epoch: 1 | loss: 0.8279499
	speed: 0.1320s/iter; left time: 69375.5391s
	iters: 2000, epoch: 1 | loss: 0.8372028
	speed: 0.1315s/iter; left time: 69141.6472s
	iters: 2100, epoch: 1 | loss: 0.9095012
	speed: 0.1322s/iter; left time: 69458.4378s
	iters: 2200, epoch: 1 | loss: 0.8370726
	speed: 0.1318s/iter; left time: 69267.4624s
	iters: 2300, epoch: 1 | loss: 0.8654593
	speed: 0.1323s/iter; left time: 69518.0636s
	iters: 2400, epoch: 1 | loss: 0.8240539
	speed: 0.1315s/iter; left time: 69046.6495s
	iters: 2500, epoch: 1 | loss: 0.8401303
	speed: 0.1313s/iter; left time: 68937.8296s
	iters: 2600, epoch: 1 | loss: 0.7966633
	speed: 0.1314s/iter; left time: 68977.0084s
Epoch: 1 cost time: 347.42302775382996
Epoch: 1, Steps: 2638 | Train Loss: 0.9215108 Vali Loss: 1.7928553 Test Loss: 1.1476426
Validation loss decreased (inf --> 1.792855).  Saving model ...
	iters: 100, epoch: 2 | loss: 0.8528088
	speed: 2.0010s/iter; left time: 1050252.2365s
	iters: 200, epoch: 2 | loss: 0.7582819
	speed: 0.1314s/iter; left time: 68973.4202s
	iters: 300, epoch: 2 | loss: 0.8831015
	speed: 0.1318s/iter; left time: 69128.3341s
	iters: 400, epoch: 2 | loss: 1.0084201
	speed: 0.1321s/iter; left time: 69318.2135s
	iters: 500, epoch: 2 | loss: 1.0192152
	speed: 0.1321s/iter; left time: 69277.7025s
	iters: 600, epoch: 2 | loss: 0.9092202
	speed: 0.1321s/iter; left time: 69291.1533s
	iters: 700, epoch: 2 | loss: 0.8790210
	speed: 0.1321s/iter; left time: 69248.7853s
	iters: 800, epoch: 2 | loss: 0.8557336
	speed: 0.1316s/iter; left time: 68957.1942s
	iters: 900, epoch: 2 | loss: 0.8564926
	speed: 0.1316s/iter; left time: 68946.9985s
	iters: 1000, epoch: 2 | loss: 0.8126791
	speed: 0.1316s/iter; left time: 68974.7956s
	iters: 1100, epoch: 2 | loss: 0.8281434
	speed: 0.1314s/iter; left time: 68821.8961s
	iters: 1200, epoch: 2 | loss: 0.8866098
	speed: 0.1324s/iter; left time: 69371.0027s
	iters: 1300, epoch: 2 | loss: 0.9312549
	speed: 0.1319s/iter; left time: 69047.4982s
	iters: 1400, epoch: 2 | loss: 0.7573481
	speed: 0.1317s/iter; left time: 68955.1561s
	iters: 1500, epoch: 2 | loss: 0.8824220
	speed: 0.1317s/iter; left time: 68920.5732s
	iters: 1600, epoch: 2 | loss: 0.7521930
	speed: 0.1323s/iter; left time: 69253.1646s
	iters: 1700, epoch: 2 | loss: 0.7434953
	speed: 0.1318s/iter; left time: 68954.3979s
	iters: 1800, epoch: 2 | loss: 0.7061512
	speed: 0.1317s/iter; left time: 68921.9054s
	iters: 1900, epoch: 2 | loss: 0.7667913
	speed: 0.1316s/iter; left time: 68836.0465s
	iters: 2000, epoch: 2 | loss: 0.7589098
	speed: 0.1316s/iter; left time: 68812.3381s
	iters: 2100, epoch: 2 | loss: 0.7318379
	speed: 0.1323s/iter; left time: 69149.9988s
	iters: 2200, epoch: 2 | loss: 1.0109667
	speed: 0.1321s/iter; left time: 69075.6942s
	iters: 2300, epoch: 2 | loss: 0.7650202
	speed: 0.1315s/iter; left time: 68727.7476s
	iters: 2400, epoch: 2 | loss: 0.7595704
	speed: 0.1317s/iter; left time: 68810.6398s
	iters: 2500, epoch: 2 | loss: 0.7303950
	speed: 0.1319s/iter; left time: 68906.7887s
	iters: 2600, epoch: 2 | loss: 0.8980604
	speed: 0.1320s/iter; left time: 68964.4750s
Epoch: 2 cost time: 347.9297137260437
Epoch: 2, Steps: 2638 | Train Loss: 0.8661468 Vali Loss: 1.6829509 Test Loss: 1.0781269
Validation loss decreased (1.792855 --> 1.682951).  Saving model ...
	iters: 100, epoch: 3 | loss: 0.6296586
	speed: 2.0005s/iter; left time: 1044693.0822s
	iters: 200, epoch: 3 | loss: 0.7744124
	speed: 0.1318s/iter; left time: 68813.6828s
	iters: 300, epoch: 3 | loss: 0.7703858
	speed: 0.1317s/iter; left time: 68765.0357s
	iters: 400, epoch: 3 | loss: 0.7989987
	speed: 0.1323s/iter; left time: 69024.6231s
	iters: 500, epoch: 3 | loss: 0.9746662
	speed: 0.1321s/iter; left time: 68949.8411s
	iters: 600, epoch: 3 | loss: 0.7546485
	speed: 0.1315s/iter; left time: 68593.8605s
	iters: 700, epoch: 3 | loss: 0.8682664
	speed: 0.1317s/iter; left time: 68675.9990s
	iters: 800, epoch: 3 | loss: 0.7908049
	speed: 0.1318s/iter; left time: 68712.8458s
	iters: 900, epoch: 3 | loss: 0.8800049
	speed: 0.1319s/iter; left time: 68777.4036s
	iters: 1000, epoch: 3 | loss: 0.8825001
	speed: 0.1318s/iter; left time: 68723.0001s
	iters: 1100, epoch: 3 | loss: 0.8368486
	speed: 0.1317s/iter; left time: 68621.7888s
	iters: 1200, epoch: 3 | loss: 0.8467766
	speed: 0.1316s/iter; left time: 68564.7620s
	iters: 1300, epoch: 3 | loss: 0.8997554
	speed: 0.1317s/iter; left time: 68640.3964s
	iters: 1400, epoch: 3 | loss: 0.7403143
	speed: 0.1320s/iter; left time: 68748.9626s
	iters: 1500, epoch: 3 | loss: 0.7771557
	speed: 0.1318s/iter; left time: 68645.2457s
	iters: 1600, epoch: 3 | loss: 0.7938519
	speed: 0.1313s/iter; left time: 68381.4790s
	iters: 1700, epoch: 3 | loss: 0.8204420
	speed: 0.1317s/iter; left time: 68582.3401s
	iters: 1800, epoch: 3 | loss: 0.8387625
	speed: 0.1322s/iter; left time: 68821.8454s
	iters: 1900, epoch: 3 | loss: 0.7751541
	speed: 0.1315s/iter; left time: 68459.0883s
	iters: 2000, epoch: 3 | loss: 0.7499630
	speed: 0.1316s/iter; left time: 68487.3335s
	iters: 2100, epoch: 3 | loss: 0.8630795
	speed: 0.1315s/iter; left time: 68415.4162s
	iters: 2200, epoch: 3 | loss: 0.7025412
	speed: 0.1320s/iter; left time: 68680.2836s
	iters: 2300, epoch: 3 | loss: 0.8941174
	speed: 0.1318s/iter; left time: 68533.3541s
	iters: 2400, epoch: 3 | loss: 0.7584109
	speed: 0.1317s/iter; left time: 68485.8458s
	iters: 2500, epoch: 3 | loss: 0.8501304
	speed: 0.1323s/iter; left time: 68776.3946s
	iters: 2600, epoch: 3 | loss: 0.8243957
	speed: 0.1319s/iter; left time: 68536.5548s
Epoch: 3 cost time: 347.81789541244507
Epoch: 3, Steps: 2638 | Train Loss: 0.8037181 Vali Loss: 1.7673426 Test Loss: 1.0767895
EarlyStopping counter: 1 out of 5
	iters: 100, epoch: 4 | loss: 0.7553457
	speed: 1.9961s/iter; left time: 1037173.4997s
	iters: 200, epoch: 4 | loss: 0.6636628
	speed: 0.1314s/iter; left time: 68247.0413s
	iters: 300, epoch: 4 | loss: 0.7901775
	speed: 0.1314s/iter; left time: 68232.6867s
	iters: 400, epoch: 4 | loss: 0.7146576
	speed: 0.1315s/iter; left time: 68282.2977s
	iters: 500, epoch: 4 | loss: 0.7124167
	speed: 0.1316s/iter; left time: 68324.8116s
	iters: 600, epoch: 4 | loss: 0.8101887
	speed: 0.1311s/iter; left time: 68043.0504s
	iters: 700, epoch: 4 | loss: 0.7782555
	speed: 0.1314s/iter; left time: 68180.3187s
	iters: 800, epoch: 4 | loss: 0.7549916
	speed: 0.1314s/iter; left time: 68176.6282s
	iters: 900, epoch: 4 | loss: 0.9310030
	speed: 0.1310s/iter; left time: 67967.7077s
	iters: 1000, epoch: 4 | loss: 0.7315188
	speed: 0.1316s/iter; left time: 68265.3446s
	iters: 1100, epoch: 4 | loss: 0.7331529
	speed: 0.1317s/iter; left time: 68276.3688s
	iters: 1200, epoch: 4 | loss: 0.6454402
	speed: 0.1315s/iter; left time: 68179.0322s
	iters: 1300, epoch: 4 | loss: 0.6913726
	speed: 0.1315s/iter; left time: 68168.3471s
	iters: 1400, epoch: 4 | loss: 0.7168615
	speed: 0.1317s/iter; left time: 68236.2572s
	iters: 1500, epoch: 4 | loss: 0.7470728
	speed: 0.1313s/iter; left time: 68060.2363s
	iters: 1600, epoch: 4 | loss: 0.6488636
	speed: 0.1315s/iter; left time: 68109.6237s
	iters: 1700, epoch: 4 | loss: 0.8515707
	speed: 0.1316s/iter; left time: 68178.1563s
	iters: 1800, epoch: 4 | loss: 0.8663114
	speed: 0.1315s/iter; left time: 68096.3155s
	iters: 1900, epoch: 4 | loss: 0.6902056
	speed: 0.1319s/iter; left time: 68280.3225s
	iters: 2000, epoch: 4 | loss: 0.7313099
	speed: 0.1311s/iter; left time: 67850.4265s
	iters: 2100, epoch: 4 | loss: 0.7696927
	speed: 0.1316s/iter; left time: 68104.3060s
	iters: 2200, epoch: 4 | loss: 0.7077114
	speed: 0.1310s/iter; left time: 67784.7929s
	iters: 2300, epoch: 4 | loss: 0.9471711
	speed: 0.1314s/iter; left time: 67986.7272s
	iters: 2400, epoch: 4 | loss: 0.7897633
	speed: 0.1318s/iter; left time: 68175.8974s
	iters: 2500, epoch: 4 | loss: 0.8751202
	speed: 0.1317s/iter; left time: 68122.8873s
	iters: 2600, epoch: 4 | loss: 0.7304594
	speed: 0.1311s/iter; left time: 67799.6165s
Epoch: 4 cost time: 346.9415843486786
Epoch: 4, Steps: 2638 | Train Loss: 0.7647852 Vali Loss: 1.7578768 Test Loss: 1.0015851
EarlyStopping counter: 2 out of 5
	iters: 100, epoch: 5 | loss: 0.7529799
	speed: 1.9926s/iter; left time: 1030079.9563s
	iters: 200, epoch: 5 | loss: 0.7208054
	speed: 0.1316s/iter; left time: 67993.9146s
	iters: 300, epoch: 5 | loss: 0.8168486
	speed: 0.1320s/iter; left time: 68203.2679s
	iters: 400, epoch: 5 | loss: 0.7962751
	speed: 0.1317s/iter; left time: 68051.0535s
	iters: 500, epoch: 5 | loss: 0.8085883
	speed: 0.1317s/iter; left time: 68031.7894s
	iters: 600, epoch: 5 | loss: 0.9015280
	speed: 0.1321s/iter; left time: 68235.4146s
	iters: 700, epoch: 5 | loss: 0.6815479
	speed: 0.1320s/iter; left time: 68163.5514s
	iters: 800, epoch: 5 | loss: 0.7188396
	speed: 0.1319s/iter; left time: 68076.3391s
	iters: 900, epoch: 5 | loss: 0.7918896
	speed: 0.1319s/iter; left time: 68103.8088s
	iters: 1000, epoch: 5 | loss: 0.7104501
	speed: 0.1319s/iter; left time: 68090.8910s
	iters: 1100, epoch: 5 | loss: 0.6607793
	speed: 0.1317s/iter; left time: 67940.3660s
	iters: 1200, epoch: 5 | loss: 0.7522203
	speed: 0.1317s/iter; left time: 67946.9658s
	iters: 1300, epoch: 5 | loss: 0.7120071
	speed: 0.1320s/iter; left time: 68068.6143s
	iters: 1400, epoch: 5 | loss: 0.7009564
	speed: 0.1318s/iter; left time: 67967.5963s
	iters: 1500, epoch: 5 | loss: 0.7139392
	speed: 0.1318s/iter; left time: 67965.6696s
	iters: 1600, epoch: 5 | loss: 0.6255198
	speed: 0.1324s/iter; left time: 68247.9239s
	iters: 1700, epoch: 5 | loss: 0.7190960
	speed: 0.1319s/iter; left time: 67979.9322s
	iters: 1800, epoch: 5 | loss: 0.6377815
	speed: 0.1319s/iter; left time: 67969.8750s
	iters: 1900, epoch: 5 | loss: 0.6741388
	speed: 0.1316s/iter; left time: 67787.5906s
	iters: 2000, epoch: 5 | loss: 0.7274680
	speed: 0.1318s/iter; left time: 67870.5206s
	iters: 2100, epoch: 5 | loss: 0.6997387
	speed: 0.1318s/iter; left time: 67853.7201s
	iters: 2200, epoch: 5 | loss: 0.7077898
	speed: 0.1316s/iter; left time: 67778.9500s
	iters: 2300, epoch: 5 | loss: 0.6873182
	speed: 0.1322s/iter; left time: 68038.8831s
	iters: 2400, epoch: 5 | loss: 0.7020379
	speed: 0.1319s/iter; left time: 67901.3940s
	iters: 2500, epoch: 5 | loss: 0.7557015
	speed: 0.1321s/iter; left time: 67976.7959s
	iters: 2600, epoch: 5 | loss: 0.7292154
	speed: 0.1318s/iter; left time: 67819.6196s
Epoch: 5 cost time: 348.0019562244415
Epoch: 5, Steps: 2638 | Train Loss: 0.7404827 Vali Loss: 1.6675735 Test Loss: 1.0011206
Validation loss decreased (1.682951 --> 1.667573).  Saving model ...
	iters: 100, epoch: 6 | loss: 0.7632787
	speed: 1.9985s/iter; left time: 1027861.2599s
	iters: 200, epoch: 6 | loss: 0.7176133
	speed: 0.1318s/iter; left time: 67777.5843s
	iters: 300, epoch: 6 | loss: 0.6318148
	speed: 0.1318s/iter; left time: 67756.0389s
	iters: 400, epoch: 6 | loss: 0.7435494
	speed: 0.1313s/iter; left time: 67496.1694s
	iters: 500, epoch: 6 | loss: 0.6912750
	speed: 0.1316s/iter; left time: 67619.3826s
	iters: 600, epoch: 6 | loss: 0.6995708
	speed: 0.1322s/iter; left time: 67944.5547s
	iters: 700, epoch: 6 | loss: 0.6455542
	speed: 0.1319s/iter; left time: 67754.7076s
	iters: 800, epoch: 6 | loss: 0.6708986
	speed: 0.1315s/iter; left time: 67541.6079s
	iters: 900, epoch: 6 | loss: 0.6608850
	speed: 0.1314s/iter; left time: 67490.3951s
	iters: 1000, epoch: 6 | loss: 0.6558056
	speed: 0.1309s/iter; left time: 67218.8479s
	iters: 1100, epoch: 6 | loss: 0.5983242
	speed: 0.1324s/iter; left time: 67984.6024s
	iters: 1200, epoch: 6 | loss: 0.7270655
	speed: 0.1316s/iter; left time: 67520.9936s
	iters: 1300, epoch: 6 | loss: 0.7333334
	speed: 0.1314s/iter; left time: 67419.6383s
	iters: 1400, epoch: 6 | loss: 0.7615077
	speed: 0.1311s/iter; left time: 67243.2169s
	iters: 1500, epoch: 6 | loss: 0.7845005
	speed: 0.1311s/iter; left time: 67241.8550s
	iters: 1600, epoch: 6 | loss: 0.6489027
	speed: 0.1314s/iter; left time: 67381.7435s
	iters: 1700, epoch: 6 | loss: 0.6528875
	speed: 0.1312s/iter; left time: 67245.2418s
	iters: 1800, epoch: 6 | loss: 0.8610903
	speed: 0.1312s/iter; left time: 67243.6805s
	iters: 1900, epoch: 6 | loss: 0.7106483
	speed: 0.1311s/iter; left time: 67201.8169s
	iters: 2000, epoch: 6 | loss: 0.7159265
	speed: 0.1315s/iter; left time: 67380.4234s
	iters: 2100, epoch: 6 | loss: 0.7465451
	speed: 0.1310s/iter; left time: 67098.9223s
	iters: 2200, epoch: 6 | loss: 0.6896773
	speed: 0.1315s/iter; left time: 67381.1945s
	iters: 2300, epoch: 6 | loss: 0.6790076
	speed: 0.1312s/iter; left time: 67187.0103s
	iters: 2400, epoch: 6 | loss: 0.7572742
	speed: 0.1311s/iter; left time: 67116.1367s
	iters: 2500, epoch: 6 | loss: 0.7258011
	speed: 0.1315s/iter; left time: 67299.2577s
	iters: 2600, epoch: 6 | loss: 0.6558247
	speed: 0.1314s/iter; left time: 67247.2411s
Epoch: 6 cost time: 346.850590467453
Epoch: 6, Steps: 2638 | Train Loss: 0.7040267 Vali Loss: 1.6232280 Test Loss: 1.0140707
Validation loss decreased (1.667573 --> 1.623228).  Saving model ...
	iters: 100, epoch: 7 | loss: 0.6733095
	speed: 1.9907s/iter; left time: 1018578.2462s
	iters: 200, epoch: 7 | loss: 0.6969509
	speed: 0.1313s/iter; left time: 67192.0131s
	iters: 300, epoch: 7 | loss: 0.6481911
	speed: 0.1326s/iter; left time: 67829.3376s
	iters: 400, epoch: 7 | loss: 0.6797143
	speed: 0.1311s/iter; left time: 67046.9117s
	iters: 500, epoch: 7 | loss: 0.6986962
	speed: 0.1317s/iter; left time: 67344.3941s
	iters: 600, epoch: 7 | loss: 0.7365369
	speed: 0.1310s/iter; left time: 66986.5710s
	iters: 700, epoch: 7 | loss: 0.6769679
	speed: 0.1314s/iter; left time: 67164.3191s
	iters: 800, epoch: 7 | loss: 0.6451451
	speed: 0.1315s/iter; left time: 67191.4515s
	iters: 900, epoch: 7 | loss: 0.7749681
	speed: 0.1316s/iter; left time: 67254.9163s
	iters: 1000, epoch: 7 | loss: 0.6758282
	speed: 0.1315s/iter; left time: 67152.3947s
	iters: 1100, epoch: 7 | loss: 0.6912040
	speed: 0.1319s/iter; left time: 67332.2920s
	iters: 1200, epoch: 7 | loss: 0.7318451
	speed: 0.1320s/iter; left time: 67399.8323s
	iters: 1300, epoch: 7 | loss: 0.7312328
	speed: 0.1313s/iter; left time: 67001.7075s
	iters: 1400, epoch: 7 | loss: 0.6608941
	speed: 0.1314s/iter; left time: 67053.3000s
	iters: 1500, epoch: 7 | loss: 0.7777660
	speed: 0.1316s/iter; left time: 67133.9875s
	iters: 1600, epoch: 7 | loss: 0.6653757
	speed: 0.1314s/iter; left time: 67039.5182s
	iters: 1700, epoch: 7 | loss: 0.6543334
	speed: 0.1313s/iter; left time: 66958.8143s
	iters: 1800, epoch: 7 | loss: 0.6646994
	speed: 0.1315s/iter; left time: 67037.0195s
	iters: 1900, epoch: 7 | loss: 0.6696933
	speed: 0.1309s/iter; left time: 66722.2882s
	iters: 2000, epoch: 7 | loss: 0.6549737
	speed: 0.1317s/iter; left time: 67128.2710s
	iters: 2100, epoch: 7 | loss: 0.5425881
	speed: 0.1314s/iter; left time: 66976.4183s
	iters: 2200, epoch: 7 | loss: 0.6853896
	speed: 0.1313s/iter; left time: 66896.9452s
	iters: 2300, epoch: 7 | loss: 0.6819978
	speed: 0.1314s/iter; left time: 66920.3936s
	iters: 2400, epoch: 7 | loss: 0.7160687
	speed: 0.1314s/iter; left time: 66919.0251s
	iters: 2500, epoch: 7 | loss: 0.7451006
	speed: 0.1318s/iter; left time: 67130.3521s
	iters: 2600, epoch: 7 | loss: 0.8456471
	speed: 0.1310s/iter; left time: 66696.3102s
Epoch: 7 cost time: 346.9417886734009
Epoch: 7, Steps: 2638 | Train Loss: 0.6772432 Vali Loss: 1.7358208 Test Loss: 1.0332778
EarlyStopping counter: 1 out of 5
	iters: 100, epoch: 8 | loss: 0.6101072
	speed: 1.9914s/iter; left time: 1013670.3922s
	iters: 200, epoch: 8 | loss: 0.6860937
	speed: 0.1315s/iter; left time: 66934.4721s
	iters: 300, epoch: 8 | loss: 0.6322021
	speed: 0.1319s/iter; left time: 67093.3107s
	iters: 400, epoch: 8 | loss: 0.6117377
	speed: 0.1318s/iter; left time: 67049.0986s
	iters: 500, epoch: 8 | loss: 0.6438449
	speed: 0.1316s/iter; left time: 66932.2652s
	iters: 600, epoch: 8 | loss: 0.7518999
	speed: 0.1313s/iter; left time: 66786.3363s
	iters: 700, epoch: 8 | loss: 0.6063311
	speed: 0.1316s/iter; left time: 66895.8782s
	iters: 800, epoch: 8 | loss: 0.5830585
	speed: 0.1319s/iter; left time: 67054.9849s
	iters: 900, epoch: 8 | loss: 0.7083304
	speed: 0.1316s/iter; left time: 66906.3627s
	iters: 1000, epoch: 8 | loss: 0.7129354
	speed: 0.1315s/iter; left time: 66824.4548s
	iters: 1100, epoch: 8 | loss: 0.6243212
	speed: 0.1319s/iter; left time: 66992.5662s
	iters: 1200, epoch: 8 | loss: 0.6303064
	speed: 0.1324s/iter; left time: 67229.9996s
	iters: 1300, epoch: 8 | loss: 0.6356232
	speed: 0.1318s/iter; left time: 66918.2694s
	iters: 1400, epoch: 8 | loss: 0.6878009
	speed: 0.1316s/iter; left time: 66808.9842s
	iters: 1500, epoch: 8 | loss: 0.6077010
	speed: 0.1318s/iter; left time: 66910.7775s
	iters: 1600, epoch: 8 | loss: 0.5447530
	speed: 0.1317s/iter; left time: 66839.4715s
	iters: 1700, epoch: 8 | loss: 0.5798340
	speed: 0.1318s/iter; left time: 66867.2266s
	iters: 1800, epoch: 8 | loss: 0.5878080
	speed: 0.1315s/iter; left time: 66739.5756s
	iters: 1900, epoch: 8 | loss: 0.6067580
	speed: 0.1319s/iter; left time: 66917.2718s
	iters: 2000, epoch: 8 | loss: 0.5715419
	speed: 0.1315s/iter; left time: 66680.6598s
	iters: 2100, epoch: 8 | loss: 0.6697517
	speed: 0.1317s/iter; left time: 66763.2015s
	iters: 2200, epoch: 8 | loss: 0.6009732
	speed: 0.1318s/iter; left time: 66790.6234s
	iters: 2300, epoch: 8 | loss: 0.5928411
	speed: 0.1321s/iter; left time: 66952.8602s
	iters: 2400, epoch: 8 | loss: 0.5961137
	speed: 0.1315s/iter; left time: 66649.7038s
	iters: 2500, epoch: 8 | loss: 0.6588074
	speed: 0.1316s/iter; left time: 66663.0550s
	iters: 2600, epoch: 8 | loss: 0.6503994
	speed: 0.1315s/iter; left time: 66593.4358s
Epoch: 8 cost time: 347.56174206733704
Epoch: 8, Steps: 2638 | Train Loss: 0.6471936 Vali Loss: 1.6166737 Test Loss: 0.9823546
Validation loss decreased (1.623228 --> 1.616674).  Saving model ...
	iters: 100, epoch: 9 | loss: 0.6365845
	speed: 1.9945s/iter; left time: 1010019.1661s
	iters: 200, epoch: 9 | loss: 0.6572155
	speed: 0.1318s/iter; left time: 66718.9953s
	iters: 300, epoch: 9 | loss: 0.5423682
	speed: 0.1316s/iter; left time: 66636.6350s
	iters: 400, epoch: 9 | loss: 0.6209712
	speed: 0.1316s/iter; left time: 66623.7350s
	iters: 500, epoch: 9 | loss: 0.6743338
	speed: 0.1315s/iter; left time: 66550.3285s
	iters: 600, epoch: 9 | loss: 0.6649182
	speed: 0.1319s/iter; left time: 66707.1399s
	iters: 700, epoch: 9 | loss: 0.6818119
	speed: 0.1318s/iter; left time: 66641.7259s
	iters: 800, epoch: 9 | loss: 0.6316139
	speed: 0.1318s/iter; left time: 66647.5059s
	iters: 900, epoch: 9 | loss: 0.6944845
	speed: 0.1316s/iter; left time: 66546.3381s
	iters: 1000, epoch: 9 | loss: 0.5850204
	speed: 0.1318s/iter; left time: 66629.7415s
	iters: 1100, epoch: 9 | loss: 0.6722975
	speed: 0.1315s/iter; left time: 66462.8967s
	iters: 1200, epoch: 9 | loss: 0.7138184
	speed: 0.1319s/iter; left time: 66652.8068s
	iters: 1300, epoch: 9 | loss: 0.5916147
	speed: 0.1317s/iter; left time: 66531.5931s
	iters: 1400, epoch: 9 | loss: 0.6639490
	speed: 0.1316s/iter; left time: 66467.8116s
	iters: 1500, epoch: 9 | loss: 0.5883904
	speed: 0.1317s/iter; left time: 66489.4697s
	iters: 1600, epoch: 9 | loss: 0.5551985
	speed: 0.1317s/iter; left time: 66487.0747s
	iters: 1700, epoch: 9 | loss: 0.6459565
	speed: 0.1321s/iter; left time: 66705.1585s
	iters: 1800, epoch: 9 | loss: 0.5796450
	speed: 0.1320s/iter; left time: 66606.8727s
	iters: 1900, epoch: 9 | loss: 0.6377313
	speed: 0.1317s/iter; left time: 66462.6797s
	iters: 2000, epoch: 9 | loss: 0.6631334
	speed: 0.1315s/iter; left time: 66319.5514s
	iters: 2100, epoch: 9 | loss: 0.6231964
	speed: 0.1315s/iter; left time: 66347.3883s
	iters: 2200, epoch: 9 | loss: 0.6685000
	speed: 0.1316s/iter; left time: 66387.5774s
	iters: 2300, epoch: 9 | loss: 0.5664682
	speed: 0.1318s/iter; left time: 66451.5241s
	iters: 2400, epoch: 9 | loss: 0.5929006
	speed: 0.1313s/iter; left time: 66207.8155s
	iters: 2500, epoch: 9 | loss: 0.6783043
	speed: 0.1317s/iter; left time: 66373.0600s
	iters: 2600, epoch: 9 | loss: 0.5778370
	speed: 0.1317s/iter; left time: 66344.1201s
Epoch: 9 cost time: 347.58201241493225
Epoch: 9, Steps: 2638 | Train Loss: 0.6093155 Vali Loss: 1.6408669 Test Loss: 1.0010911
EarlyStopping counter: 1 out of 5
	iters: 100, epoch: 10 | loss: 0.5658135
	speed: 1.9966s/iter; left time: 1005817.5258s
	iters: 200, epoch: 10 | loss: 0.5720285
	speed: 0.1325s/iter; left time: 66720.3272s
	iters: 300, epoch: 10 | loss: 0.5413417
	speed: 0.1316s/iter; left time: 66247.0726s
	iters: 400, epoch: 10 | loss: 0.5724431
	speed: 0.1312s/iter; left time: 66035.5342s
	iters: 500, epoch: 10 | loss: 0.6570029
	speed: 0.1316s/iter; left time: 66260.6140s
	iters: 600, epoch: 10 | loss: 0.5922093
	speed: 0.1319s/iter; left time: 66373.1240s
	iters: 700, epoch: 10 | loss: 0.6038588
	speed: 0.1319s/iter; left time: 66343.9251s
	iters: 800, epoch: 10 | loss: 0.6014315
	speed: 0.1313s/iter; left time: 66062.5809s
	iters: 900, epoch: 10 | loss: 0.7033681
	speed: 0.1319s/iter; left time: 66333.8578s
	iters: 1000, epoch: 10 | loss: 0.6210273
	speed: 0.1316s/iter; left time: 66188.6212s
	iters: 1100, epoch: 10 | loss: 0.6736727
	speed: 0.1312s/iter; left time: 65950.4131s
	iters: 1200, epoch: 10 | loss: 0.6095690
	speed: 0.1318s/iter; left time: 66260.5461s
	iters: 1300, epoch: 10 | loss: 0.6030513
	speed: 0.1313s/iter; left time: 66011.0323s
	iters: 1400, epoch: 10 | loss: 0.5927772
	speed: 0.1321s/iter; left time: 66360.6970s
	iters: 1500, epoch: 10 | loss: 0.5328184
	speed: 0.1312s/iter; left time: 65934.3744s
	iters: 1600, epoch: 10 | loss: 0.6051493
	speed: 0.1314s/iter; left time: 65988.5538s
	iters: 1700, epoch: 10 | loss: 0.5952481
	speed: 0.1312s/iter; left time: 65877.4249s
	iters: 1800, epoch: 10 | loss: 0.6346986
	speed: 0.1316s/iter; left time: 66090.5681s
	iters: 1900, epoch: 10 | loss: 0.5338302
	speed: 0.1316s/iter; left time: 66046.4392s
	iters: 2000, epoch: 10 | loss: 0.5482364
	speed: 0.1314s/iter; left time: 65922.1075s
	iters: 2100, epoch: 10 | loss: 0.5358120
	speed: 0.1316s/iter; left time: 66029.2310s
	iters: 2200, epoch: 10 | loss: 0.6234686
	speed: 0.1314s/iter; left time: 65897.7990s
	iters: 2300, epoch: 10 | loss: 0.5355821
	speed: 0.1312s/iter; left time: 65815.4293s
	iters: 2400, epoch: 10 | loss: 0.6200756
	speed: 0.1314s/iter; left time: 65892.4568s
	iters: 2500, epoch: 10 | loss: 0.6319470
	speed: 0.1317s/iter; left time: 66041.9214s
	iters: 2600, epoch: 10 | loss: 0.5833255
	speed: 0.1316s/iter; left time: 65941.8762s
Epoch: 10 cost time: 347.64353227615356
Epoch: 10, Steps: 2638 | Train Loss: 0.5998189 Vali Loss: 1.6247780 Test Loss: 0.9970436
EarlyStopping counter: 2 out of 5
	iters: 100, epoch: 11 | loss: 0.5884913
	speed: 1.9914s/iter; left time: 997925.3036s
	iters: 200, epoch: 11 | loss: 0.6056046
	speed: 0.1314s/iter; left time: 65839.1387s
	iters: 300, epoch: 11 | loss: 0.5531163
	speed: 0.1313s/iter; left time: 65758.6506s
	iters: 400, epoch: 11 | loss: 0.5823050
	speed: 0.1316s/iter; left time: 65927.1429s
	iters: 500, epoch: 11 | loss: 0.6488206
	speed: 0.1314s/iter; left time: 65774.7698s
	iters: 600, epoch: 11 | loss: 0.5389208
	speed: 0.1320s/iter; left time: 66074.3739s
	iters: 700, epoch: 11 | loss: 0.5356137
	speed: 0.1311s/iter; left time: 65608.0351s
	iters: 800, epoch: 11 | loss: 0.5303788
	speed: 0.1315s/iter; left time: 65808.1848s
	iters: 900, epoch: 11 | loss: 0.5623911
	speed: 0.1308s/iter; left time: 65430.0042s
	iters: 1000, epoch: 11 | loss: 0.5676411
	speed: 0.1316s/iter; left time: 65805.6002s
	iters: 1100, epoch: 11 | loss: 0.5898957
	speed: 0.1317s/iter; left time: 65854.0516s
	iters: 1200, epoch: 11 | loss: 0.5885133
	speed: 0.1314s/iter; left time: 65714.7469s
	iters: 1300, epoch: 11 | loss: 0.5706006
	speed: 0.1325s/iter; left time: 66253.1607s
	iters: 1400, epoch: 11 | loss: 0.5604382
	speed: 0.1319s/iter; left time: 65901.7406s
	iters: 1500, epoch: 11 | loss: 0.5444103
	speed: 0.1316s/iter; left time: 65754.9571s
	iters: 1600, epoch: 11 | loss: 0.5788899
	speed: 0.1313s/iter; left time: 65621.5614s
	iters: 1700, epoch: 11 | loss: 0.6096907
	speed: 0.1328s/iter; left time: 66361.0449s
	iters: 1800, epoch: 11 | loss: 0.6568422
	speed: 0.1313s/iter; left time: 65576.9165s
	iters: 1900, epoch: 11 | loss: 0.5457302
	speed: 0.1313s/iter; left time: 65553.0336s
	iters: 2000, epoch: 11 | loss: 0.6011375
	speed: 0.1312s/iter; left time: 65508.6793s
	iters: 2100, epoch: 11 | loss: 0.6090583
	speed: 0.1314s/iter; left time: 65573.1652s
	iters: 2200, epoch: 11 | loss: 0.5689951
	speed: 0.1318s/iter; left time: 65780.5802s
	iters: 2300, epoch: 11 | loss: 0.6690906
	speed: 0.1316s/iter; left time: 65681.9741s
	iters: 2400, epoch: 11 | loss: 0.6308731
	speed: 0.1313s/iter; left time: 65517.9881s
	iters: 2500, epoch: 11 | loss: 0.5140476
	speed: 0.1312s/iter; left time: 65410.0523s
	iters: 2600, epoch: 11 | loss: 0.4757532
	speed: 0.1310s/iter; left time: 65333.9122s
Epoch: 11 cost time: 347.23277282714844
Epoch: 11, Steps: 2638 | Train Loss: 0.5767771 Vali Loss: 1.6508148 Test Loss: 0.9886225
EarlyStopping counter: 3 out of 5
	iters: 100, epoch: 12 | loss: 0.5135459
	speed: 1.9899s/iter; left time: 991942.3425s
	iters: 200, epoch: 12 | loss: 0.5664263
	speed: 0.1324s/iter; left time: 65996.6331s
	iters: 300, epoch: 12 | loss: 0.4939939
	speed: 0.1319s/iter; left time: 65720.9191s
	iters: 400, epoch: 12 | loss: 0.5349761
	speed: 0.1321s/iter; left time: 65809.5671s
	iters: 500, epoch: 12 | loss: 0.5519680
	speed: 0.1317s/iter; left time: 65591.6675s
	iters: 600, epoch: 12 | loss: 0.5468570
	speed: 0.1318s/iter; left time: 65645.5600s
	iters: 700, epoch: 12 | loss: 0.5698090
	speed: 0.1322s/iter; left time: 65817.4892s
	iters: 800, epoch: 12 | loss: 0.8161808
	speed: 0.1318s/iter; left time: 65615.6600s
	iters: 900, epoch: 12 | loss: 0.6553759
	speed: 0.1323s/iter; left time: 65820.3787s
	iters: 1000, epoch: 12 | loss: 0.5988051
	speed: 0.1329s/iter; left time: 66107.3530s
	iters: 1100, epoch: 12 | loss: 0.5730030
	speed: 0.1322s/iter; left time: 65781.7705s
	iters: 1200, epoch: 12 | loss: 0.4870379
	speed: 0.1321s/iter; left time: 65700.4334s
	iters: 1300, epoch: 12 | loss: 0.5706254
	speed: 0.1318s/iter; left time: 65551.3728s
	iters: 1400, epoch: 12 | loss: 0.6149554
	speed: 0.1319s/iter; left time: 65554.8727s
	iters: 1500, epoch: 12 | loss: 0.5561564
	speed: 0.1323s/iter; left time: 65786.7598s
	iters: 1600, epoch: 12 | loss: 0.5186413
	speed: 0.1323s/iter; left time: 65752.3511s
	iters: 1700, epoch: 12 | loss: 0.5341832
	speed: 0.1318s/iter; left time: 65491.2493s
	iters: 1800, epoch: 12 | loss: 0.5481688
	speed: 0.1320s/iter; left time: 65577.9395s
	iters: 1900, epoch: 12 | loss: 0.5763682
	speed: 0.1319s/iter; left time: 65499.1339s
	iters: 2000, epoch: 12 | loss: 0.5683598
	speed: 0.1320s/iter; left time: 65542.8459s
	iters: 2100, epoch: 12 | loss: 0.5196049
	speed: 0.1323s/iter; left time: 65707.6128s
	iters: 2200, epoch: 12 | loss: 0.6084728
	speed: 0.1325s/iter; left time: 65765.5959s
	iters: 2300, epoch: 12 | loss: 0.5419110
	speed: 0.1321s/iter; left time: 65572.2450s
	iters: 2400, epoch: 12 | loss: 0.5131000
	speed: 0.1319s/iter; left time: 65431.1271s
	iters: 2500, epoch: 12 | loss: 0.5684831
	speed: 0.1316s/iter; left time: 65261.6925s
	iters: 2600, epoch: 12 | loss: 0.5549241
	speed: 0.1319s/iter; left time: 65401.0521s
Epoch: 12 cost time: 348.5273017883301
Epoch: 12, Steps: 2638 | Train Loss: 0.5600781 Vali Loss: 1.5913005 Test Loss: 0.9707047
Validation loss decreased (1.616674 --> 1.591300).  Saving model ...
	iters: 100, epoch: 13 | loss: 0.5497748
	speed: 1.9916s/iter; left time: 987532.5630s
	iters: 200, epoch: 13 | loss: 0.5785795
	speed: 0.1326s/iter; left time: 65720.4453s
	iters: 300, epoch: 13 | loss: 0.5535155
	speed: 0.1322s/iter; left time: 65502.8306s
	iters: 400, epoch: 13 | loss: 0.4958578
	speed: 0.1320s/iter; left time: 65433.2587s
	iters: 500, epoch: 13 | loss: 0.6220639
	speed: 0.1317s/iter; left time: 65259.1020s
	iters: 600, epoch: 13 | loss: 0.5995972
	speed: 0.1318s/iter; left time: 65297.7097s
	iters: 700, epoch: 13 | loss: 0.5222555
	speed: 0.1319s/iter; left time: 65332.4602s
	iters: 800, epoch: 13 | loss: 0.4819359
	speed: 0.1318s/iter; left time: 65237.6839s
	iters: 900, epoch: 13 | loss: 0.5632580
	speed: 0.1318s/iter; left time: 65269.8795s
	iters: 1000, epoch: 13 | loss: 0.6063707
	speed: 0.1319s/iter; left time: 65265.8319s
	iters: 1100, epoch: 13 | loss: 0.5960301
	speed: 0.1322s/iter; left time: 65394.8034s
	iters: 1200, epoch: 13 | loss: 0.4889683
	speed: 0.1322s/iter; left time: 65411.3061s
	iters: 1300, epoch: 13 | loss: 0.5837091
	speed: 0.1317s/iter; left time: 65164.8013s
	iters: 1400, epoch: 13 | loss: 0.5282633
	speed: 0.1320s/iter; left time: 65262.9095s
	iters: 1500, epoch: 13 | loss: 0.5344550
	speed: 0.1322s/iter; left time: 65343.3984s
	iters: 1600, epoch: 13 | loss: 0.5268443
	speed: 0.1326s/iter; left time: 65537.0868s
	iters: 1700, epoch: 13 | loss: 0.6009753
	speed: 0.1319s/iter; left time: 65176.1414s
	iters: 1800, epoch: 13 | loss: 0.5158051
	speed: 0.1320s/iter; left time: 65227.6421s
	iters: 1900, epoch: 13 | loss: 0.5893717
	speed: 0.1321s/iter; left time: 65253.8014s
	iters: 2000, epoch: 13 | loss: 0.6031476
	speed: 0.1320s/iter; left time: 65211.8208s
	iters: 2100, epoch: 13 | loss: 0.5534512
	speed: 0.1320s/iter; left time: 65211.8987s
	iters: 2200, epoch: 13 | loss: 0.4822752
	speed: 0.1320s/iter; left time: 65197.2482s
	iters: 2300, epoch: 13 | loss: 0.5884851
	speed: 0.1316s/iter; left time: 64985.8019s
	iters: 2400, epoch: 13 | loss: 0.4877739
	speed: 0.1317s/iter; left time: 64992.2813s
	iters: 2500, epoch: 13 | loss: 0.5837982
	speed: 0.1318s/iter; left time: 65021.4726s
	iters: 2600, epoch: 13 | loss: 0.5836288
	speed: 0.1325s/iter; left time: 65388.5306s
Epoch: 13 cost time: 348.3829536437988
Epoch: 13, Steps: 2638 | Train Loss: 0.5534267 Vali Loss: 1.6568698 Test Loss: 1.0206723
EarlyStopping counter: 1 out of 5
	iters: 100, epoch: 14 | loss: 0.5770416
	speed: 1.9929s/iter; left time: 982905.9649s
	iters: 200, epoch: 14 | loss: 0.5881866
	speed: 0.1315s/iter; left time: 64847.7163s
	iters: 300, epoch: 14 | loss: 0.5843565
	speed: 0.1315s/iter; left time: 64854.2538s
	iters: 400, epoch: 14 | loss: 0.4872193
	speed: 0.1321s/iter; left time: 65137.1284s
	iters: 500, epoch: 14 | loss: 0.6150084
	speed: 0.1322s/iter; left time: 65145.0790s
	iters: 600, epoch: 14 | loss: 0.5664921
	speed: 0.1316s/iter; left time: 64820.0872s
	iters: 700, epoch: 14 | loss: 0.5282395
	speed: 0.1315s/iter; left time: 64769.8358s
	iters: 800, epoch: 14 | loss: 0.5312457
	speed: 0.1314s/iter; left time: 64717.2357s
	iters: 900, epoch: 14 | loss: 0.5158138
	speed: 0.1315s/iter; left time: 64755.7285s
	iters: 1000, epoch: 14 | loss: 0.5749725
	speed: 0.1309s/iter; left time: 64448.4779s
	iters: 1100, epoch: 14 | loss: 0.5343913
	speed: 0.1316s/iter; left time: 64761.6820s
	iters: 1200, epoch: 14 | loss: 0.5507461
	speed: 0.1316s/iter; left time: 64739.3449s
	iters: 1300, epoch: 14 | loss: 0.5204729
	speed: 0.1316s/iter; left time: 64762.9664s
	iters: 1400, epoch: 14 | loss: 0.5477215
	speed: 0.1319s/iter; left time: 64904.0603s
	iters: 1500, epoch: 14 | loss: 0.5923314
	speed: 0.1313s/iter; left time: 64565.4620s
	iters: 1600, epoch: 14 | loss: 0.6291208
	speed: 0.1317s/iter; left time: 64781.2036s
	iters: 1700, epoch: 14 | loss: 0.5362830
	speed: 0.1315s/iter; left time: 64668.8179s
	iters: 1800, epoch: 14 | loss: 0.5630510
	speed: 0.1315s/iter; left time: 64632.9788s
	iters: 1900, epoch: 14 | loss: 0.5450156
	speed: 0.1311s/iter; left time: 64410.7218s
	iters: 2000, epoch: 14 | loss: 0.4815858
	speed: 0.1312s/iter; left time: 64445.1438s
	iters: 2100, epoch: 14 | loss: 0.5617457
	speed: 0.1315s/iter; left time: 64576.2196s
	iters: 2200, epoch: 14 | loss: 0.5534170
	speed: 0.1308s/iter; left time: 64242.8522s
	iters: 2300, epoch: 14 | loss: 0.5537541
	speed: 0.1322s/iter; left time: 64930.8943s
	iters: 2400, epoch: 14 | loss: 0.5578672
	speed: 0.1324s/iter; left time: 64977.4913s
	iters: 2500, epoch: 14 | loss: 0.5600070
	speed: 0.1315s/iter; left time: 64556.4304s
	iters: 2600, epoch: 14 | loss: 0.4963599
	speed: 0.1311s/iter; left time: 64327.2063s
Epoch: 14 cost time: 347.21282052993774
Epoch: 14, Steps: 2638 | Train Loss: 0.5446094 Vali Loss: 1.6242167 Test Loss: 1.0015855
EarlyStopping counter: 2 out of 5
	iters: 100, epoch: 15 | loss: 0.5619814
	speed: 1.9897s/iter; left time: 976078.3452s
	iters: 200, epoch: 15 | loss: 0.5011224
	speed: 0.1310s/iter; left time: 64257.4772s
	iters: 300, epoch: 15 | loss: 0.5192955
	speed: 0.1315s/iter; left time: 64463.9983s
	iters: 400, epoch: 15 | loss: 0.5785837
	speed: 0.1311s/iter; left time: 64275.6201s
	iters: 500, epoch: 15 | loss: 0.5180476
	speed: 0.1309s/iter; left time: 64174.4693s
	iters: 600, epoch: 15 | loss: 0.5708231
	speed: 0.1315s/iter; left time: 64422.4887s
	iters: 700, epoch: 15 | loss: 0.5125172
	speed: 0.1313s/iter; left time: 64332.4536s
	iters: 800, epoch: 15 | loss: 0.5311987
	speed: 0.1317s/iter; left time: 64491.2688s
	iters: 900, epoch: 15 | loss: 0.4541917
	speed: 0.1309s/iter; left time: 64100.0854s
	iters: 1000, epoch: 15 | loss: 0.5354927
	speed: 0.1313s/iter; left time: 64293.9033s
	iters: 1100, epoch: 15 | loss: 0.4752673
	speed: 0.1320s/iter; left time: 64636.0061s
	iters: 1200, epoch: 15 | loss: 0.5100815
	speed: 0.1318s/iter; left time: 64495.9346s
	iters: 1300, epoch: 15 | loss: 0.5618243
	speed: 0.1312s/iter; left time: 64227.1797s
	iters: 1400, epoch: 15 | loss: 0.4676897
	speed: 0.1313s/iter; left time: 64227.7337s
	iters: 1500, epoch: 15 | loss: 0.4980650
	speed: 0.1319s/iter; left time: 64542.6910s
	iters: 1600, epoch: 15 | loss: 0.5094455
	speed: 0.1317s/iter; left time: 64420.6767s
	iters: 1700, epoch: 15 | loss: 0.4983025
	speed: 0.1313s/iter; left time: 64192.6408s
	iters: 1800, epoch: 15 | loss: 0.5260810
	speed: 0.1312s/iter; left time: 64159.6574s
	iters: 1900, epoch: 15 | loss: 0.5641374
	speed: 0.1309s/iter; left time: 63965.4805s
	iters: 2000, epoch: 15 | loss: 0.5180804
	speed: 0.1314s/iter; left time: 64215.1429s
	iters: 2100, epoch: 15 | loss: 0.5347142
	speed: 0.1315s/iter; left time: 64238.9182s
	iters: 2200, epoch: 15 | loss: 0.5978647
	speed: 0.1309s/iter; left time: 63962.6888s
	iters: 2300, epoch: 15 | loss: 0.4687189
	speed: 0.1312s/iter; left time: 64050.0159s
	iters: 2400, epoch: 15 | loss: 0.5294963
	speed: 0.1311s/iter; left time: 64014.1678s
	iters: 2500, epoch: 15 | loss: 0.5152884
	speed: 0.1317s/iter; left time: 64300.8906s
	iters: 2600, epoch: 15 | loss: 0.6020889
	speed: 0.1310s/iter; left time: 63931.7800s
Epoch: 15 cost time: 346.6788923740387
Epoch: 15, Steps: 2638 | Train Loss: 0.5301399 Vali Loss: 1.6198337 Test Loss: 1.0003659
EarlyStopping counter: 3 out of 5
	iters: 100, epoch: 16 | loss: 0.5084339
	speed: 1.9906s/iter; left time: 971295.7401s
	iters: 200, epoch: 16 | loss: 0.4970742
	speed: 0.1319s/iter; left time: 64365.8842s
	iters: 300, epoch: 16 | loss: 0.5280012
	speed: 0.1320s/iter; left time: 64362.6833s
	iters: 400, epoch: 16 | loss: 0.5219577
	speed: 0.1317s/iter; left time: 64197.1232s
	iters: 500, epoch: 16 | loss: 0.4704723
	speed: 0.1317s/iter; left time: 64231.2268s
	iters: 600, epoch: 16 | loss: 0.4891692
	speed: 0.1321s/iter; left time: 64369.5061s
	iters: 700, epoch: 16 | loss: 0.4888521
	speed: 0.1324s/iter; left time: 64529.4273s
	iters: 800, epoch: 16 | loss: 0.5594635
	speed: 0.1323s/iter; left time: 64462.5526s
	iters: 900, epoch: 16 | loss: 0.5701783
	speed: 0.1320s/iter; left time: 64292.0613s
	iters: 1000, epoch: 16 | loss: 0.5442047
	speed: 0.1322s/iter; left time: 64366.1265s
	iters: 1100, epoch: 16 | loss: 0.5579567
	speed: 0.1321s/iter; left time: 64300.2377s
	iters: 1200, epoch: 16 | loss: 0.5831247
	speed: 0.1319s/iter; left time: 64229.1823s
	iters: 1300, epoch: 16 | loss: 0.5627568
	speed: 0.1318s/iter; left time: 64130.2660s
	iters: 1400, epoch: 16 | loss: 0.5603406
	speed: 0.1319s/iter; left time: 64186.0584s
	iters: 1500, epoch: 16 | loss: 0.5422314
	speed: 0.1322s/iter; left time: 64322.5187s
	iters: 1600, epoch: 16 | loss: 0.5646711
	speed: 0.1320s/iter; left time: 64187.4625s
	iters: 1700, epoch: 16 | loss: 0.5153742
	speed: 0.1318s/iter; left time: 64102.1934s
	iters: 1800, epoch: 16 | loss: 0.5040295
	speed: 0.1320s/iter; left time: 64170.6260s
	iters: 1900, epoch: 16 | loss: 0.4827648
	speed: 0.1319s/iter; left time: 64134.5203s
	iters: 2000, epoch: 16 | loss: 0.5189634
	speed: 0.1320s/iter; left time: 64170.7300s
	iters: 2100, epoch: 16 | loss: 0.4779029
	speed: 0.1316s/iter; left time: 63961.2861s
	iters: 2200, epoch: 16 | loss: 0.4701722
	speed: 0.1318s/iter; left time: 64013.2391s
	iters: 2300, epoch: 16 | loss: 0.4755836
	speed: 0.1320s/iter; left time: 64109.4199s
	iters: 2400, epoch: 16 | loss: 0.5016638
	speed: 0.1318s/iter; left time: 64007.9747s
	iters: 2500, epoch: 16 | loss: 0.5088324
	speed: 0.1317s/iter; left time: 63964.3171s
	iters: 2600, epoch: 16 | loss: 0.5366212
	speed: 0.1323s/iter; left time: 64210.9119s
Epoch: 16 cost time: 348.227481842041
Epoch: 16, Steps: 2638 | Train Loss: 0.5180752 Vali Loss: 1.6125008 Test Loss: 1.0221812
EarlyStopping counter: 4 out of 5
	iters: 100, epoch: 17 | loss: 0.4901104
	speed: 1.9935s/iter; left time: 967442.6921s
	iters: 200, epoch: 17 | loss: 0.6424166
	speed: 0.1319s/iter; left time: 64018.7625s
	iters: 300, epoch: 17 | loss: 0.4739187
	speed: 0.1316s/iter; left time: 63828.9718s
	iters: 400, epoch: 17 | loss: 0.5478845
	speed: 0.1321s/iter; left time: 64050.1394s
	iters: 500, epoch: 17 | loss: 0.4499529
	speed: 0.1320s/iter; left time: 64021.4647s
	iters: 600, epoch: 17 | loss: 0.4898787
	speed: 0.1319s/iter; left time: 63928.3609s
	iters: 700, epoch: 17 | loss: 0.4897739
	speed: 0.1319s/iter; left time: 63935.6259s
	iters: 800, epoch: 17 | loss: 0.5280907
	speed: 0.1320s/iter; left time: 63944.2412s
	iters: 900, epoch: 17 | loss: 0.4178157
	speed: 0.1318s/iter; left time: 63860.1664s
	iters: 1000, epoch: 17 | loss: 0.4695423
	speed: 0.1316s/iter; left time: 63759.8646s
	iters: 1100, epoch: 17 | loss: 0.4759909
	speed: 0.1318s/iter; left time: 63844.9724s
	iters: 1200, epoch: 17 | loss: 0.4964947
	speed: 0.1320s/iter; left time: 63914.6895s
	iters: 1300, epoch: 17 | loss: 0.4880934
	speed: 0.1316s/iter; left time: 63695.0952s
	iters: 1400, epoch: 17 | loss: 0.4703008
	speed: 0.1323s/iter; left time: 64046.4235s
	iters: 1500, epoch: 17 | loss: 0.5055710
	speed: 0.1316s/iter; left time: 63682.0428s
	iters: 1600, epoch: 17 | loss: 0.5108831
	speed: 0.1321s/iter; left time: 63893.5069s
	iters: 1700, epoch: 17 | loss: 0.5561754
	speed: 0.1318s/iter; left time: 63728.0206s
	iters: 1800, epoch: 17 | loss: 0.5288666
	speed: 0.1316s/iter; left time: 63633.3921s
	iters: 1900, epoch: 17 | loss: 0.5040607
	speed: 0.1319s/iter; left time: 63788.3362s
	iters: 2000, epoch: 17 | loss: 0.5143912
	speed: 0.1321s/iter; left time: 63839.7082s
	iters: 2100, epoch: 17 | loss: 0.5145702
	speed: 0.1320s/iter; left time: 63815.9504s
	iters: 2200, epoch: 17 | loss: 0.4845323
	speed: 0.1319s/iter; left time: 63732.9243s
	iters: 2300, epoch: 17 | loss: 0.4690130
	speed: 0.1324s/iter; left time: 63963.9631s
	iters: 2400, epoch: 17 | loss: 0.5224897
	speed: 0.1320s/iter; left time: 63755.3722s
	iters: 2500, epoch: 17 | loss: 0.4851941
	speed: 0.1317s/iter; left time: 63617.4384s
	iters: 2600, epoch: 17 | loss: 0.5172046
	speed: 0.1317s/iter; left time: 63590.3455s
Epoch: 17 cost time: 348.05707335472107
Epoch: 17, Steps: 2638 | Train Loss: 0.5082957 Vali Loss: 1.6690181 Test Loss: 1.0442491
EarlyStopping counter: 5 out of 5
Early stopping
>>>>>>>testing : long_term_forecast_pems10_all_96_96_Autoformer_custom_ftM_sl96_ll48_pl192_dm128_nh8_el2_dl1_df2048_fc3_ebtimeF_dtTrue_srate0.1_sseed7_trainseed2024_gap730_Exp_0<<<<<<<<<<<<<<<<<<<<<<<<<<<<<<<<<
test 141229
test shape: (14122, 1, 192, 107) (14122, 1, 192, 107)
test shape: (14122, 192, 107) (14122, 192, 107)
mse:0.9707040190696716, mae:0.7506898641586304
>>>>>>>Overall time: 9228 seconds<<<<<<<<<<<<<<<<<<<<<<<<<<<<<<<<<
