Args in experiment:
Namespace(activation='gelu', anomaly_ratio=0.25, batch_size=32, c_out=212, checkpoints='./checkpoints/', d_ff=2048, d_layers=1, d_model=512, data='custom', data_path='pems08_all_common_flow.csv', dec_in=212, des='Exp', devices='0,1,2,3', distil=True, dropout=0, e_layers=2, embed='timeF', enc_in=212, factor=3, features='M', freq='h', gap_day=365, gpu=0, inverse=False, is_training=1, itr=1, label_len=48, learning_rate=0.0005, loss='MSE', lradj='type3', mask_rate=0.25, model='DLinear', model_id='pems08_all_96_96', moving_avg=25, n_heads=8, num_kernels=6, num_workers=10, output_attention=False, p_hidden_dims=[128, 128], p_hidden_layers=2, patience=5, pred_len=96, root_path='../../data/pems/', samle_rate=0.1, sample_seed=7, seasonal_patterns='Monthly', seq_len=96, target='', task_name='long_term_forecast', top_k=5, train_epochs=200, train_seed=2024, use_amp=False, use_gpu=True, use_multi_gpu=False)
Use GPU: cuda:0
>>>>>>>start training : long_term_forecast_pems08_all_96_96_DLinear_custom_ftM_sl96_ll48_pl96_dm512_nh8_el2_dl1_df2048_fc3_ebtimeF_dtTrue_srate0.1_sseed7_trainseed2024_Exp_0>>>>>>>>>>>>>>>>>>>>>>>>>>
train 1590952
val 137109
test 379431
	iters: 100, epoch: 1 | loss: 1.3923606
	speed: 0.0175s/iter; left time: 17398.3413s
	iters: 200, epoch: 1 | loss: 1.6036960
	speed: 0.0139s/iter; left time: 13819.0796s
	iters: 300, epoch: 1 | loss: 1.6816469
	speed: 0.0139s/iter; left time: 13791.3034s
	iters: 400, epoch: 1 | loss: 1.4612116
	speed: 0.0140s/iter; left time: 13876.7616s
	iters: 500, epoch: 1 | loss: 1.3391827
	speed: 0.0139s/iter; left time: 13817.4486s
	iters: 600, epoch: 1 | loss: 1.5044008
	speed: 0.0139s/iter; left time: 13816.4703s
	iters: 700, epoch: 1 | loss: 1.4952129
	speed: 0.0139s/iter; left time: 13803.9635s
	iters: 800, epoch: 1 | loss: 1.3287948
	speed: 0.0139s/iter; left time: 13839.3467s
	iters: 900, epoch: 1 | loss: 1.5155743
	speed: 0.0139s/iter; left time: 13818.8799s
	iters: 1000, epoch: 1 | loss: 1.6518197
	speed: 0.0139s/iter; left time: 13803.7190s
	iters: 1100, epoch: 1 | loss: 1.4798210
	speed: 0.0139s/iter; left time: 13829.5037s
	iters: 1200, epoch: 1 | loss: 1.5321106
	speed: 0.0139s/iter; left time: 13821.2809s
	iters: 1300, epoch: 1 | loss: 1.4417908
	speed: 0.0139s/iter; left time: 13841.4405s
	iters: 1400, epoch: 1 | loss: 1.2764965
	speed: 0.0139s/iter; left time: 13810.7404s
	iters: 1500, epoch: 1 | loss: 1.4820298
	speed: 0.0140s/iter; left time: 13874.7270s
	iters: 1600, epoch: 1 | loss: 1.6732688
	speed: 0.0140s/iter; left time: 13912.7512s
	iters: 1700, epoch: 1 | loss: 1.5574981
	speed: 0.0139s/iter; left time: 13812.1185s
	iters: 1800, epoch: 1 | loss: 1.5952463
	speed: 0.0139s/iter; left time: 13815.2508s
	iters: 1900, epoch: 1 | loss: 1.4492986
	speed: 0.0140s/iter; left time: 13890.0739s
	iters: 2000, epoch: 1 | loss: 1.4995048
	speed: 0.0140s/iter; left time: 13846.6328s
	iters: 2100, epoch: 1 | loss: 1.5136379
	speed: 0.0140s/iter; left time: 13883.5796s
	iters: 2200, epoch: 1 | loss: 1.7162753
	speed: 0.0140s/iter; left time: 13896.2432s
	iters: 2300, epoch: 1 | loss: 1.4743280
	speed: 0.0139s/iter; left time: 13810.0710s
	iters: 2400, epoch: 1 | loss: 1.4039885
	speed: 0.0139s/iter; left time: 13807.0045s
	iters: 2500, epoch: 1 | loss: 1.3552679
	speed: 0.0139s/iter; left time: 13807.8775s
	iters: 2600, epoch: 1 | loss: 1.6444298
	speed: 0.0139s/iter; left time: 13820.4905s
	iters: 2700, epoch: 1 | loss: 1.4463779
	speed: 0.0139s/iter; left time: 13802.2230s
	iters: 2800, epoch: 1 | loss: 1.6163592
	speed: 0.0140s/iter; left time: 13868.5316s
	iters: 2900, epoch: 1 | loss: 1.3687068
	speed: 0.0140s/iter; left time: 13864.1052s
	iters: 3000, epoch: 1 | loss: 1.6210614
	speed: 0.0139s/iter; left time: 13803.8509s
	iters: 3100, epoch: 1 | loss: 1.5600948
	speed: 0.0139s/iter; left time: 13780.3220s
	iters: 3200, epoch: 1 | loss: 1.5444775
	speed: 0.0140s/iter; left time: 13885.8026s
	iters: 3300, epoch: 1 | loss: 1.4221824
	speed: 0.0139s/iter; left time: 13813.3825s
	iters: 3400, epoch: 1 | loss: 1.4530569
	speed: 0.0140s/iter; left time: 13861.4895s
	iters: 3500, epoch: 1 | loss: 1.6742004
	speed: 0.0140s/iter; left time: 13851.7857s
	iters: 3600, epoch: 1 | loss: 1.5616790
	speed: 0.0140s/iter; left time: 13837.2537s
	iters: 3700, epoch: 1 | loss: 1.4306290
	speed: 0.0139s/iter; left time: 13793.0775s
	iters: 3800, epoch: 1 | loss: 1.3898388
	speed: 0.0139s/iter; left time: 13804.8894s
	iters: 3900, epoch: 1 | loss: 1.3944743
	speed: 0.0139s/iter; left time: 13805.1435s
	iters: 4000, epoch: 1 | loss: 1.3843092
	speed: 0.0139s/iter; left time: 13791.7117s
	iters: 4100, epoch: 1 | loss: 1.4447248
	speed: 0.0140s/iter; left time: 13812.6641s
	iters: 4200, epoch: 1 | loss: 1.5746268
	speed: 0.0139s/iter; left time: 13781.9843s
	iters: 4300, epoch: 1 | loss: 1.4555689
	speed: 0.0139s/iter; left time: 13792.0906s
	iters: 4400, epoch: 1 | loss: 1.6055535
	speed: 0.0141s/iter; left time: 13942.0098s
	iters: 4500, epoch: 1 | loss: 1.3450460
	speed: 0.0140s/iter; left time: 13835.6094s
	iters: 4600, epoch: 1 | loss: 1.4962518
	speed: 0.0139s/iter; left time: 13751.3260s
	iters: 4700, epoch: 1 | loss: 1.4989085
	speed: 0.0139s/iter; left time: 13757.5848s
	iters: 4800, epoch: 1 | loss: 1.4665371
	speed: 0.0139s/iter; left time: 13768.5740s
	iters: 4900, epoch: 1 | loss: 1.4592521
	speed: 0.0140s/iter; left time: 13838.2470s
Epoch: 1 cost time: 69.7476761341095
Epoch: 1, Steps: 4971 | Train Loss: 1.4980962 Vali Loss: 1.6212523 Test Loss: 1.7155906
Validation loss decreased (inf --> 1.621252).  Saving model ...
	iters: 100, epoch: 2 | loss: 1.5167660
	speed: 0.7004s/iter; left time: 692825.5253s
	iters: 200, epoch: 2 | loss: 1.3198701
	speed: 0.0140s/iter; left time: 13875.1889s
	iters: 300, epoch: 2 | loss: 1.4682674
	speed: 0.0140s/iter; left time: 13799.7702s
	iters: 400, epoch: 2 | loss: 1.5181437
	speed: 0.0139s/iter; left time: 13783.6165s
	iters: 500, epoch: 2 | loss: 1.4390812
	speed: 0.0140s/iter; left time: 13852.9703s
	iters: 600, epoch: 2 | loss: 1.4247487
	speed: 0.0140s/iter; left time: 13812.6892s
	iters: 700, epoch: 2 | loss: 1.5864023
	speed: 0.0140s/iter; left time: 13790.7640s
	iters: 800, epoch: 2 | loss: 1.4990536
	speed: 0.0140s/iter; left time: 13797.1952s
	iters: 900, epoch: 2 | loss: 1.5535522
	speed: 0.0139s/iter; left time: 13786.4446s
	iters: 1000, epoch: 2 | loss: 1.5129429
	speed: 0.0140s/iter; left time: 13880.2606s
	iters: 1100, epoch: 2 | loss: 1.3258257
	speed: 0.0140s/iter; left time: 13784.5947s
	iters: 1200, epoch: 2 | loss: 1.3973374
	speed: 0.0139s/iter; left time: 13755.2499s
	iters: 1300, epoch: 2 | loss: 1.4982537
	speed: 0.0140s/iter; left time: 13797.1360s
	iters: 1400, epoch: 2 | loss: 1.4331051
	speed: 0.0139s/iter; left time: 13736.4645s
	iters: 1500, epoch: 2 | loss: 1.4395844
	speed: 0.0139s/iter; left time: 13749.3001s
	iters: 1600, epoch: 2 | loss: 1.5234787
	speed: 0.0140s/iter; left time: 13807.0392s
	iters: 1700, epoch: 2 | loss: 1.3861911
	speed: 0.0139s/iter; left time: 13709.7866s
	iters: 1800, epoch: 2 | loss: 1.5591011
	speed: 0.0140s/iter; left time: 13813.1021s
	iters: 1900, epoch: 2 | loss: 1.5805820
	speed: 0.0139s/iter; left time: 13678.3903s
	iters: 2000, epoch: 2 | loss: 1.4988683
	speed: 0.0139s/iter; left time: 13693.7377s
	iters: 2100, epoch: 2 | loss: 1.3579061
	speed: 0.0139s/iter; left time: 13675.9538s
	iters: 2200, epoch: 2 | loss: 1.3651558
	speed: 0.0139s/iter; left time: 13735.7673s
	iters: 2300, epoch: 2 | loss: 1.5272342
	speed: 0.0138s/iter; left time: 13649.1279s
	iters: 2400, epoch: 2 | loss: 1.4337986
	speed: 0.0138s/iter; left time: 13651.4224s
	iters: 2500, epoch: 2 | loss: 1.6663181
	speed: 0.0139s/iter; left time: 13717.6277s
	iters: 2600, epoch: 2 | loss: 1.4173626
	speed: 0.0139s/iter; left time: 13669.8217s
	iters: 2700, epoch: 2 | loss: 1.3338988
	speed: 0.0139s/iter; left time: 13669.6005s
	iters: 2800, epoch: 2 | loss: 1.5631517
	speed: 0.0138s/iter; left time: 13623.1961s
	iters: 2900, epoch: 2 | loss: 1.3825841
	speed: 0.0138s/iter; left time: 13650.4927s
	iters: 3000, epoch: 2 | loss: 1.5943161
	speed: 0.0139s/iter; left time: 13673.0832s
	iters: 3100, epoch: 2 | loss: 1.5732151
	speed: 0.0139s/iter; left time: 13734.8830s
	iters: 3200, epoch: 2 | loss: 1.6047055
	speed: 0.0138s/iter; left time: 13622.4136s
	iters: 3300, epoch: 2 | loss: 1.5503795
	speed: 0.0139s/iter; left time: 13694.8374s
	iters: 3400, epoch: 2 | loss: 1.3670017
	speed: 0.0139s/iter; left time: 13735.8896s
	iters: 3500, epoch: 2 | loss: 1.5919495
	speed: 0.0138s/iter; left time: 13614.5698s
	iters: 3600, epoch: 2 | loss: 1.7068586
	speed: 0.0138s/iter; left time: 13648.3012s
	iters: 3700, epoch: 2 | loss: 1.3471296
	speed: 0.0138s/iter; left time: 13640.3021s
	iters: 3800, epoch: 2 | loss: 1.3863041
	speed: 0.0138s/iter; left time: 13616.3187s
	iters: 3900, epoch: 2 | loss: 1.5702082
	speed: 0.0138s/iter; left time: 13579.1796s
	iters: 4000, epoch: 2 | loss: 1.5262929
	speed: 0.0139s/iter; left time: 13649.5813s
	iters: 4100, epoch: 2 | loss: 1.5545914
	speed: 0.0138s/iter; left time: 13611.6802s
	iters: 4200, epoch: 2 | loss: 1.4169868
	speed: 0.0138s/iter; left time: 13599.4742s
	iters: 4300, epoch: 2 | loss: 1.7065550
	speed: 0.0138s/iter; left time: 13583.2761s
	iters: 4400, epoch: 2 | loss: 1.5022775
	speed: 0.0138s/iter; left time: 13578.8516s
	iters: 4500, epoch: 2 | loss: 1.4548753
	speed: 0.0138s/iter; left time: 13580.7856s
	iters: 4600, epoch: 2 | loss: 1.5463763
	speed: 0.0138s/iter; left time: 13603.4711s
	iters: 4700, epoch: 2 | loss: 1.3615137
	speed: 0.0138s/iter; left time: 13595.0875s
	iters: 4800, epoch: 2 | loss: 1.4486639
	speed: 0.0138s/iter; left time: 13619.2661s
	iters: 4900, epoch: 2 | loss: 1.4567516
	speed: 0.0139s/iter; left time: 13671.5076s
Epoch: 2 cost time: 69.21242308616638
Epoch: 2, Steps: 4971 | Train Loss: 1.4922608 Vali Loss: 1.6164197 Test Loss: 1.7372854
Validation loss decreased (1.621252 --> 1.616420).  Saving model ...
	iters: 100, epoch: 3 | loss: 1.3287945
	speed: 0.7006s/iter; left time: 689540.4051s
	iters: 200, epoch: 3 | loss: 1.5520988
	speed: 0.0142s/iter; left time: 13962.6139s
	iters: 300, epoch: 3 | loss: 1.6617209
	speed: 0.0140s/iter; left time: 13820.8913s
	iters: 400, epoch: 3 | loss: 1.5774502
	speed: 0.0141s/iter; left time: 13902.8365s
	iters: 500, epoch: 3 | loss: 1.6562390
	speed: 0.0140s/iter; left time: 13790.2789s
	iters: 600, epoch: 3 | loss: 1.4517709
	speed: 0.0140s/iter; left time: 13792.5286s
	iters: 700, epoch: 3 | loss: 1.6009585
	speed: 0.0140s/iter; left time: 13800.7761s
	iters: 800, epoch: 3 | loss: 1.5464935
	speed: 0.0140s/iter; left time: 13801.3519s
	iters: 900, epoch: 3 | loss: 1.6614168
	speed: 0.0141s/iter; left time: 13846.5457s
	iters: 1000, epoch: 3 | loss: 1.6587424
	speed: 0.0140s/iter; left time: 13762.2442s
	iters: 1100, epoch: 3 | loss: 1.4019316
	speed: 0.0140s/iter; left time: 13782.5760s
	iters: 1200, epoch: 3 | loss: 1.6940897
	speed: 0.0140s/iter; left time: 13783.7898s
	iters: 1300, epoch: 3 | loss: 1.6212045
	speed: 0.0140s/iter; left time: 13774.2157s
	iters: 1400, epoch: 3 | loss: 1.3802116
	speed: 0.0141s/iter; left time: 13809.7756s
	iters: 1500, epoch: 3 | loss: 1.6131734
	speed: 0.0140s/iter; left time: 13805.0715s
	iters: 1600, epoch: 3 | loss: 1.3372192
	speed: 0.0140s/iter; left time: 13767.0130s
	iters: 1700, epoch: 3 | loss: 1.5680492
	speed: 0.0140s/iter; left time: 13755.2764s
	iters: 1800, epoch: 3 | loss: 1.4667813
	speed: 0.0140s/iter; left time: 13786.2573s
	iters: 1900, epoch: 3 | loss: 1.5721874
	speed: 0.0140s/iter; left time: 13742.0705s
	iters: 2000, epoch: 3 | loss: 1.3999529
	speed: 0.0140s/iter; left time: 13780.6874s
	iters: 2100, epoch: 3 | loss: 1.4737442
	speed: 0.0140s/iter; left time: 13730.4775s
	iters: 2200, epoch: 3 | loss: 1.4806193
	speed: 0.0140s/iter; left time: 13735.2468s
	iters: 2300, epoch: 3 | loss: 1.4987422
	speed: 0.0140s/iter; left time: 13786.8663s
	iters: 2400, epoch: 3 | loss: 1.4740150
	speed: 0.0140s/iter; left time: 13773.2848s
	iters: 2500, epoch: 3 | loss: 1.6247996
	speed: 0.0140s/iter; left time: 13705.3875s
	iters: 2600, epoch: 3 | loss: 1.4855044
	speed: 0.0140s/iter; left time: 13724.4354s
	iters: 2700, epoch: 3 | loss: 1.4961951
	speed: 0.0140s/iter; left time: 13709.8689s
	iters: 2800, epoch: 3 | loss: 1.5361860
	speed: 0.0140s/iter; left time: 13746.9602s
	iters: 2900, epoch: 3 | loss: 1.6504565
	speed: 0.0141s/iter; left time: 13812.2702s
	iters: 3000, epoch: 3 | loss: 1.4304682
	speed: 0.0140s/iter; left time: 13761.3472s
	iters: 3100, epoch: 3 | loss: 1.1666682
	speed: 0.0140s/iter; left time: 13778.3267s
	iters: 3200, epoch: 3 | loss: 1.3436625
	speed: 0.0140s/iter; left time: 13772.9157s
	iters: 3300, epoch: 3 | loss: 1.5663396
	speed: 0.0140s/iter; left time: 13766.3875s
	iters: 3400, epoch: 3 | loss: 1.5620649
	speed: 0.0140s/iter; left time: 13733.1635s
	iters: 3500, epoch: 3 | loss: 1.3906691
	speed: 0.0142s/iter; left time: 13925.3709s
	iters: 3600, epoch: 3 | loss: 1.4517984
	speed: 0.0140s/iter; left time: 13733.4472s
	iters: 3700, epoch: 3 | loss: 1.3819760
	speed: 0.0140s/iter; left time: 13735.5231s
	iters: 3800, epoch: 3 | loss: 1.2319465
	speed: 0.0140s/iter; left time: 13720.6531s
	iters: 3900, epoch: 3 | loss: 1.4702929
	speed: 0.0140s/iter; left time: 13724.8680s
	iters: 4000, epoch: 3 | loss: 1.7323043
	speed: 0.0141s/iter; left time: 13820.3977s
	iters: 4100, epoch: 3 | loss: 1.4840786
	speed: 0.0142s/iter; left time: 13913.3137s
	iters: 4200, epoch: 3 | loss: 1.6778153
	speed: 0.0140s/iter; left time: 13715.4760s
	iters: 4300, epoch: 3 | loss: 1.3380542
	speed: 0.0140s/iter; left time: 13685.9790s
	iters: 4400, epoch: 3 | loss: 1.5882232
	speed: 0.0140s/iter; left time: 13697.0271s
	iters: 4500, epoch: 3 | loss: 1.4609510
	speed: 0.0139s/iter; left time: 13662.9847s
	iters: 4600, epoch: 3 | loss: 1.4082189
	speed: 0.0140s/iter; left time: 13707.6640s
	iters: 4700, epoch: 3 | loss: 1.4236059
	speed: 0.0140s/iter; left time: 13720.1537s
	iters: 4800, epoch: 3 | loss: 1.5661187
	speed: 0.0140s/iter; left time: 13685.9807s
	iters: 4900, epoch: 3 | loss: 1.4698133
	speed: 0.0140s/iter; left time: 13685.1204s
Epoch: 3 cost time: 69.91256499290466
Epoch: 3, Steps: 4971 | Train Loss: 1.4923741 Vali Loss: 1.6159879 Test Loss: 1.7478091
Validation loss decreased (1.616420 --> 1.615988).  Saving model ...
	iters: 100, epoch: 4 | loss: 1.4537693
	speed: 0.7016s/iter; left time: 687021.1594s
	iters: 200, epoch: 4 | loss: 1.6481438
	speed: 0.0142s/iter; left time: 13884.5345s
	iters: 300, epoch: 4 | loss: 1.8122097
	speed: 0.0141s/iter; left time: 13759.6594s
	iters: 400, epoch: 4 | loss: 1.6108649
	speed: 0.0140s/iter; left time: 13734.2175s
	iters: 500, epoch: 4 | loss: 1.7234851
	speed: 0.0141s/iter; left time: 13826.8334s
	iters: 600, epoch: 4 | loss: 1.3788910
	speed: 0.0141s/iter; left time: 13760.3430s
	iters: 700, epoch: 4 | loss: 1.4756179
	speed: 0.0140s/iter; left time: 13725.3748s
	iters: 800, epoch: 4 | loss: 1.6020221
	speed: 0.0141s/iter; left time: 13814.0711s
	iters: 900, epoch: 4 | loss: 1.4042692
	speed: 0.0141s/iter; left time: 13757.2400s
	iters: 1000, epoch: 4 | loss: 1.5663066
	speed: 0.0140s/iter; left time: 13711.8188s
	iters: 1100, epoch: 4 | loss: 1.5773482
	speed: 0.0141s/iter; left time: 13745.5515s
	iters: 1200, epoch: 4 | loss: 1.4316341
	speed: 0.0140s/iter; left time: 13721.5660s
	iters: 1300, epoch: 4 | loss: 1.4346468
	speed: 0.0140s/iter; left time: 13700.2574s
	iters: 1400, epoch: 4 | loss: 1.5768019
	speed: 0.0140s/iter; left time: 13729.2962s
	iters: 1500, epoch: 4 | loss: 1.6257982
	speed: 0.0140s/iter; left time: 13721.6468s
	iters: 1600, epoch: 4 | loss: 1.5501792
	speed: 0.0141s/iter; left time: 13739.8075s
	iters: 1700, epoch: 4 | loss: 1.7528177
	speed: 0.0140s/iter; left time: 13719.4508s
	iters: 1800, epoch: 4 | loss: 1.6795093
	speed: 0.0141s/iter; left time: 13784.2643s
	iters: 1900, epoch: 4 | loss: 1.6905138
	speed: 0.0140s/iter; left time: 13717.7392s
	iters: 2000, epoch: 4 | loss: 1.5626489
	speed: 0.0140s/iter; left time: 13680.9238s
	iters: 2100, epoch: 4 | loss: 1.5516422
	speed: 0.0141s/iter; left time: 13750.7901s
	iters: 2200, epoch: 4 | loss: 1.5202725
	speed: 0.0140s/iter; left time: 13688.9845s
	iters: 2300, epoch: 4 | loss: 1.4020407
	speed: 0.0141s/iter; left time: 13730.2590s
	iters: 2400, epoch: 4 | loss: 1.6128412
	speed: 0.0141s/iter; left time: 13736.2438s
	iters: 2500, epoch: 4 | loss: 1.3877453
	speed: 0.0141s/iter; left time: 13728.6383s
	iters: 2600, epoch: 4 | loss: 1.4830575
	speed: 0.0141s/iter; left time: 13731.8341s
	iters: 2700, epoch: 4 | loss: 1.5671413
	speed: 0.0140s/iter; left time: 13690.4897s
	iters: 2800, epoch: 4 | loss: 1.4101119
	speed: 0.0140s/iter; left time: 13698.1302s
	iters: 2900, epoch: 4 | loss: 1.4069747
	speed: 0.0140s/iter; left time: 13706.3742s
	iters: 3000, epoch: 4 | loss: 1.5876142
	speed: 0.0141s/iter; left time: 13775.8847s
	iters: 3100, epoch: 4 | loss: 1.5341297
	speed: 0.0140s/iter; left time: 13673.6594s
	iters: 3200, epoch: 4 | loss: 1.5773801
	speed: 0.0140s/iter; left time: 13649.7642s
	iters: 3300, epoch: 4 | loss: 1.4946232
	speed: 0.0140s/iter; left time: 13680.0400s
	iters: 3400, epoch: 4 | loss: 1.4320840
	speed: 0.0140s/iter; left time: 13654.9596s
	iters: 3500, epoch: 4 | loss: 1.5254211
	speed: 0.0140s/iter; left time: 13617.7887s
	iters: 3600, epoch: 4 | loss: 1.3826971
	speed: 0.0140s/iter; left time: 13656.1296s
	iters: 3700, epoch: 4 | loss: 1.5187739
	speed: 0.0140s/iter; left time: 13649.1942s
	iters: 3800, epoch: 4 | loss: 1.2443244
	speed: 0.0140s/iter; left time: 13619.6303s
	iters: 3900, epoch: 4 | loss: 1.3188864
	speed: 0.0140s/iter; left time: 13654.1772s
	iters: 4000, epoch: 4 | loss: 1.3301400
	speed: 0.0140s/iter; left time: 13630.4733s
	iters: 4100, epoch: 4 | loss: 1.5615919
	speed: 0.0140s/iter; left time: 13689.3033s
	iters: 4200, epoch: 4 | loss: 1.3920048
	speed: 0.0140s/iter; left time: 13664.9306s
	iters: 4300, epoch: 4 | loss: 1.6179920
	speed: 0.0140s/iter; left time: 13647.1295s
	iters: 4400, epoch: 4 | loss: 1.4630152
	speed: 0.0140s/iter; left time: 13617.1221s
	iters: 4500, epoch: 4 | loss: 1.5724032
	speed: 0.0140s/iter; left time: 13690.5396s
	iters: 4600, epoch: 4 | loss: 1.5129575
	speed: 0.0141s/iter; left time: 13708.3579s
	iters: 4700, epoch: 4 | loss: 1.5674779
	speed: 0.0140s/iter; left time: 13618.3736s
	iters: 4800, epoch: 4 | loss: 1.4327570
	speed: 0.0140s/iter; left time: 13621.5765s
	iters: 4900, epoch: 4 | loss: 1.4697102
	speed: 0.0140s/iter; left time: 13621.5470s
Epoch: 4 cost time: 69.9360933303833
Epoch: 4, Steps: 4971 | Train Loss: 1.4923107 Vali Loss: 1.6205051 Test Loss: 1.7312855
EarlyStopping counter: 1 out of 5
	iters: 100, epoch: 5 | loss: 1.3235404
	speed: 0.7005s/iter; left time: 682437.8653s
	iters: 200, epoch: 5 | loss: 1.5361562
	speed: 0.0140s/iter; left time: 13673.9578s
	iters: 300, epoch: 5 | loss: 1.4893383
	speed: 0.0140s/iter; left time: 13675.3663s
	iters: 400, epoch: 5 | loss: 1.6109846
	speed: 0.0141s/iter; left time: 13686.9353s
	iters: 500, epoch: 5 | loss: 1.4213295
	speed: 0.0140s/iter; left time: 13661.7110s
	iters: 600, epoch: 5 | loss: 1.4322633
	speed: 0.0141s/iter; left time: 13708.8627s
	iters: 700, epoch: 5 | loss: 1.1979291
	speed: 0.0140s/iter; left time: 13668.6662s
	iters: 800, epoch: 5 | loss: 1.2739066
	speed: 0.0140s/iter; left time: 13649.1999s
	iters: 900, epoch: 5 | loss: 1.6148597
	speed: 0.0140s/iter; left time: 13657.7472s
	iters: 1000, epoch: 5 | loss: 1.4681885
	speed: 0.0141s/iter; left time: 13701.2378s
	iters: 1100, epoch: 5 | loss: 1.5338253
	speed: 0.0140s/iter; left time: 13612.3838s
	iters: 1200, epoch: 5 | loss: 1.5448489
	speed: 0.0140s/iter; left time: 13625.0403s
	iters: 1300, epoch: 5 | loss: 1.5922111
	speed: 0.0140s/iter; left time: 13622.4732s
	iters: 1400, epoch: 5 | loss: 1.6417480
	speed: 0.0140s/iter; left time: 13648.7277s
	iters: 1500, epoch: 5 | loss: 1.7612875
	speed: 0.0140s/iter; left time: 13625.3904s
	iters: 1600, epoch: 5 | loss: 1.4746941
	speed: 0.0140s/iter; left time: 13643.7930s
	iters: 1700, epoch: 5 | loss: 1.4752765
	speed: 0.0140s/iter; left time: 13610.6863s
	iters: 1800, epoch: 5 | loss: 1.3062181
	speed: 0.0140s/iter; left time: 13612.4496s
	iters: 1900, epoch: 5 | loss: 1.3158710
	speed: 0.0140s/iter; left time: 13580.0131s
	iters: 2000, epoch: 5 | loss: 1.3367969
	speed: 0.0140s/iter; left time: 13579.4002s
	iters: 2100, epoch: 5 | loss: 1.4319483
	speed: 0.0140s/iter; left time: 13614.5970s
	iters: 2200, epoch: 5 | loss: 1.4305688
	speed: 0.0140s/iter; left time: 13599.0679s
	iters: 2300, epoch: 5 | loss: 1.2880579
	speed: 0.0140s/iter; left time: 13598.8416s
	iters: 2400, epoch: 5 | loss: 1.3960710
	speed: 0.0141s/iter; left time: 13707.4994s
	iters: 2500, epoch: 5 | loss: 1.6564081
	speed: 0.0140s/iter; left time: 13615.6569s
	iters: 2600, epoch: 5 | loss: 1.2850716
	speed: 0.0140s/iter; left time: 13587.0896s
	iters: 2700, epoch: 5 | loss: 1.4498484
	speed: 0.0140s/iter; left time: 13569.3298s
	iters: 2800, epoch: 5 | loss: 1.6469998
	speed: 0.0140s/iter; left time: 13569.2372s
	iters: 2900, epoch: 5 | loss: 1.6063792
	speed: 0.0140s/iter; left time: 13636.1243s
	iters: 3000, epoch: 5 | loss: 1.4930928
	speed: 0.0140s/iter; left time: 13574.4773s
	iters: 3100, epoch: 5 | loss: 1.3045280
	speed: 0.0140s/iter; left time: 13573.1331s
	iters: 3200, epoch: 5 | loss: 1.5879924
	speed: 0.0140s/iter; left time: 13582.3397s
	iters: 3300, epoch: 5 | loss: 1.5257170
	speed: 0.0140s/iter; left time: 13593.3013s
	iters: 3400, epoch: 5 | loss: 1.4478809
	speed: 0.0140s/iter; left time: 13582.6999s
	iters: 3500, epoch: 5 | loss: 1.6578436
	speed: 0.0140s/iter; left time: 13565.3926s
	iters: 3600, epoch: 5 | loss: 1.4560047
	speed: 0.0139s/iter; left time: 13536.1535s
	iters: 3700, epoch: 5 | loss: 1.5303478
	speed: 0.0140s/iter; left time: 13578.8964s
	iters: 3800, epoch: 5 | loss: 1.4352952
	speed: 0.0140s/iter; left time: 13546.6949s
	iters: 3900, epoch: 5 | loss: 1.3952473
	speed: 0.0140s/iter; left time: 13567.1423s
	iters: 4000, epoch: 5 | loss: 1.4648942
	speed: 0.0140s/iter; left time: 13562.5193s
	iters: 4100, epoch: 5 | loss: 1.4128417
	speed: 0.0140s/iter; left time: 13597.9566s
	iters: 4200, epoch: 5 | loss: 1.3149222
	speed: 0.0141s/iter; left time: 13674.1681s
	iters: 4300, epoch: 5 | loss: 1.6993423
	speed: 0.0140s/iter; left time: 13583.0257s
	iters: 4400, epoch: 5 | loss: 1.5621004
	speed: 0.0139s/iter; left time: 13506.0102s
	iters: 4500, epoch: 5 | loss: 1.6976364
	speed: 0.0140s/iter; left time: 13587.6566s
	iters: 4600, epoch: 5 | loss: 1.6115283
	speed: 0.0140s/iter; left time: 13540.3581s
	iters: 4700, epoch: 5 | loss: 1.4389577
	speed: 0.0139s/iter; left time: 13503.0279s
	iters: 4800, epoch: 5 | loss: 1.4466853
	speed: 0.0140s/iter; left time: 13528.6522s
	iters: 4900, epoch: 5 | loss: 1.3728917
	speed: 0.0139s/iter; left time: 13506.6842s
Epoch: 5 cost time: 69.78805828094482
Epoch: 5, Steps: 4971 | Train Loss: 1.4923845 Vali Loss: 1.6221998 Test Loss: 1.8076828
EarlyStopping counter: 2 out of 5
	iters: 100, epoch: 6 | loss: 1.4308496
	speed: 0.7029s/iter; left time: 681282.6641s
	iters: 200, epoch: 6 | loss: 1.6840969
	speed: 0.0141s/iter; left time: 13665.5232s
	iters: 300, epoch: 6 | loss: 1.6011143
	speed: 0.0141s/iter; left time: 13630.2036s
	iters: 400, epoch: 6 | loss: 1.7576308
	speed: 0.0141s/iter; left time: 13649.9973s
	iters: 500, epoch: 6 | loss: 1.5620980
	speed: 0.0141s/iter; left time: 13683.1402s
	iters: 600, epoch: 6 | loss: 1.5217681
	speed: 0.0140s/iter; left time: 13586.4840s
	iters: 700, epoch: 6 | loss: 1.5877693
	speed: 0.0141s/iter; left time: 13642.9974s
	iters: 800, epoch: 6 | loss: 1.4004494
	speed: 0.0141s/iter; left time: 13679.0487s
	iters: 900, epoch: 6 | loss: 1.2722682
	speed: 0.0141s/iter; left time: 13665.6898s
	iters: 1000, epoch: 6 | loss: 1.6243391
	speed: 0.0141s/iter; left time: 13656.6507s
	iters: 1100, epoch: 6 | loss: 1.6499420
	speed: 0.0141s/iter; left time: 13610.2274s
	iters: 1200, epoch: 6 | loss: 1.3932501
	speed: 0.0141s/iter; left time: 13621.6994s
	iters: 1300, epoch: 6 | loss: 1.5068134
	speed: 0.0141s/iter; left time: 13646.6475s
	iters: 1400, epoch: 6 | loss: 1.4546051
	speed: 0.0141s/iter; left time: 13674.9987s
	iters: 1500, epoch: 6 | loss: 1.4050192
	speed: 0.0141s/iter; left time: 13607.7569s
	iters: 1600, epoch: 6 | loss: 1.6298695
	speed: 0.0140s/iter; left time: 13564.0468s
	iters: 1700, epoch: 6 | loss: 1.5006212
	speed: 0.0140s/iter; left time: 13570.5976s
	iters: 1800, epoch: 6 | loss: 1.5680921
	speed: 0.0140s/iter; left time: 13583.1121s
	iters: 1900, epoch: 6 | loss: 1.7368571
	speed: 0.0140s/iter; left time: 13568.9506s
	iters: 2000, epoch: 6 | loss: 1.4963318
	speed: 0.0141s/iter; left time: 13669.5295s
	iters: 2100, epoch: 6 | loss: 1.4915117
	speed: 0.0140s/iter; left time: 13568.3063s
	iters: 2200, epoch: 6 | loss: 1.7953917
	speed: 0.0140s/iter; left time: 13574.4690s
	iters: 2300, epoch: 6 | loss: 1.1958587
	speed: 0.0142s/iter; left time: 13741.7813s
	iters: 2400, epoch: 6 | loss: 1.5166239
	speed: 0.0140s/iter; left time: 13554.7681s
	iters: 2500, epoch: 6 | loss: 1.5432365
	speed: 0.0140s/iter; left time: 13567.9094s
	iters: 2600, epoch: 6 | loss: 1.6249865
	speed: 0.0140s/iter; left time: 13580.4070s
	iters: 2700, epoch: 6 | loss: 1.6700356
	speed: 0.0140s/iter; left time: 13574.6303s
	iters: 2800, epoch: 6 | loss: 1.3093584
	speed: 0.0140s/iter; left time: 13536.7561s
	iters: 2900, epoch: 6 | loss: 1.5108637
	speed: 0.0140s/iter; left time: 13556.2108s
	iters: 3000, epoch: 6 | loss: 1.6279446
	speed: 0.0140s/iter; left time: 13560.0911s
	iters: 3100, epoch: 6 | loss: 1.4842287
	speed: 0.0140s/iter; left time: 13524.3303s
	iters: 3200, epoch: 6 | loss: 1.5182711
	speed: 0.0140s/iter; left time: 13565.6992s
	iters: 3300, epoch: 6 | loss: 1.5905895
	speed: 0.0140s/iter; left time: 13533.8625s
	iters: 3400, epoch: 6 | loss: 1.7297978
	speed: 0.0140s/iter; left time: 13520.6863s
	iters: 3500, epoch: 6 | loss: 1.5488871
	speed: 0.0140s/iter; left time: 13518.1352s
	iters: 3600, epoch: 6 | loss: 1.6057976
	speed: 0.0140s/iter; left time: 13514.5436s
	iters: 3700, epoch: 6 | loss: 1.3720732
	speed: 0.0140s/iter; left time: 13556.1531s
	iters: 3800, epoch: 6 | loss: 1.5558550
	speed: 0.0140s/iter; left time: 13541.0912s
	iters: 3900, epoch: 6 | loss: 1.4462186
	speed: 0.0140s/iter; left time: 13511.6712s
	iters: 4000, epoch: 6 | loss: 1.6654321
	speed: 0.0141s/iter; left time: 13604.9972s
	iters: 4100, epoch: 6 | loss: 1.4502820
	speed: 0.0141s/iter; left time: 13563.1605s
	iters: 4200, epoch: 6 | loss: 1.4792706
	speed: 0.0140s/iter; left time: 13550.4846s
	iters: 4300, epoch: 6 | loss: 1.4475033
	speed: 0.0140s/iter; left time: 13552.9736s
	iters: 4400, epoch: 6 | loss: 1.5447677
	speed: 0.0140s/iter; left time: 13481.9712s
	iters: 4500, epoch: 6 | loss: 1.6074568
	speed: 0.0140s/iter; left time: 13514.2354s
	iters: 4600, epoch: 6 | loss: 1.3744146
	speed: 0.0140s/iter; left time: 13535.1069s
	iters: 4700, epoch: 6 | loss: 1.6282123
	speed: 0.0140s/iter; left time: 13508.1038s
	iters: 4800, epoch: 6 | loss: 1.4007151
	speed: 0.0140s/iter; left time: 13501.3476s
	iters: 4900, epoch: 6 | loss: 1.2892413
	speed: 0.0140s/iter; left time: 13540.1163s
Epoch: 6 cost time: 70.01699161529541
Epoch: 6, Steps: 4971 | Train Loss: 1.4923397 Vali Loss: 1.6143953 Test Loss: 1.7714522
Validation loss decreased (1.615988 --> 1.614395).  Saving model ...
	iters: 100, epoch: 7 | loss: 1.3458505
	speed: 0.7014s/iter; left time: 676324.5537s
	iters: 200, epoch: 7 | loss: 1.3360620
	speed: 0.0141s/iter; left time: 13632.9038s
	iters: 300, epoch: 7 | loss: 1.4611729
	speed: 0.0141s/iter; left time: 13579.9384s
	iters: 400, epoch: 7 | loss: 1.5103046
	speed: 0.0141s/iter; left time: 13562.5612s
	iters: 500, epoch: 7 | loss: 1.5678139
	speed: 0.0141s/iter; left time: 13554.2348s
	iters: 600, epoch: 7 | loss: 1.5269156
	speed: 0.0142s/iter; left time: 13676.7522s
	iters: 700, epoch: 7 | loss: 1.2877563
	speed: 0.0140s/iter; left time: 13528.7820s
	iters: 800, epoch: 7 | loss: 1.5168141
	speed: 0.0141s/iter; left time: 13581.5334s
	iters: 900, epoch: 7 | loss: 1.3056700
	speed: 0.0141s/iter; left time: 13626.8378s
	iters: 1000, epoch: 7 | loss: 1.4482765
	speed: 0.0140s/iter; left time: 13523.1992s
	iters: 1100, epoch: 7 | loss: 1.6718615
	speed: 0.0141s/iter; left time: 13545.4690s
	iters: 1200, epoch: 7 | loss: 1.5519140
	speed: 0.0141s/iter; left time: 13564.9118s
	iters: 1300, epoch: 7 | loss: 1.4065880
	speed: 0.0141s/iter; left time: 13543.3386s
	iters: 1400, epoch: 7 | loss: 1.5433620
	speed: 0.0140s/iter; left time: 13521.4069s
	iters: 1500, epoch: 7 | loss: 1.4177436
	speed: 0.0141s/iter; left time: 13582.3418s
	iters: 1600, epoch: 7 | loss: 1.2642133
	speed: 0.0140s/iter; left time: 13509.1598s
	iters: 1700, epoch: 7 | loss: 1.6182824
	speed: 0.0142s/iter; left time: 13624.2448s
	iters: 1800, epoch: 7 | loss: 1.3502114
	speed: 0.0141s/iter; left time: 13595.9349s
	iters: 1900, epoch: 7 | loss: 1.3340075
	speed: 0.0141s/iter; left time: 13569.7785s
	iters: 2000, epoch: 7 | loss: 1.5160763
	speed: 0.0140s/iter; left time: 13470.1671s
	iters: 2100, epoch: 7 | loss: 1.3514655
	speed: 0.0140s/iter; left time: 13490.3815s
	iters: 2200, epoch: 7 | loss: 1.6049032
	speed: 0.0140s/iter; left time: 13501.9614s
	iters: 2300, epoch: 7 | loss: 1.4725351
	speed: 0.0141s/iter; left time: 13538.2034s
	iters: 2400, epoch: 7 | loss: 1.4463236
	speed: 0.0141s/iter; left time: 13607.0286s
	iters: 2500, epoch: 7 | loss: 1.3720772
	speed: 0.0140s/iter; left time: 13490.4589s
	iters: 2600, epoch: 7 | loss: 1.2857049
	speed: 0.0140s/iter; left time: 13474.7959s
	iters: 2700, epoch: 7 | loss: 1.4621931
	speed: 0.0140s/iter; left time: 13476.2219s
	iters: 2800, epoch: 7 | loss: 1.5014690
	speed: 0.0141s/iter; left time: 13523.7876s
	iters: 2900, epoch: 7 | loss: 1.6290799
	speed: 0.0140s/iter; left time: 13458.8950s
	iters: 3000, epoch: 7 | loss: 1.3719168
	speed: 0.0140s/iter; left time: 13467.0372s
	iters: 3100, epoch: 7 | loss: 1.4791955
	speed: 0.0140s/iter; left time: 13470.8916s
	iters: 3200, epoch: 7 | loss: 1.7143368
	speed: 0.0140s/iter; left time: 13474.2201s
	iters: 3300, epoch: 7 | loss: 1.2965546
	speed: 0.0140s/iter; left time: 13502.8239s
	iters: 3400, epoch: 7 | loss: 1.4889239
	speed: 0.0140s/iter; left time: 13463.2393s
	iters: 3500, epoch: 7 | loss: 1.1662121
	speed: 0.0140s/iter; left time: 13457.6323s
	iters: 3600, epoch: 7 | loss: 1.6785777
	speed: 0.0140s/iter; left time: 13477.3562s
	iters: 3700, epoch: 7 | loss: 1.3442943
	speed: 0.0141s/iter; left time: 13502.3735s
	iters: 3800, epoch: 7 | loss: 1.6321714
	speed: 0.0140s/iter; left time: 13494.2349s
	iters: 3900, epoch: 7 | loss: 1.4294527
	speed: 0.0140s/iter; left time: 13494.4033s
	iters: 4000, epoch: 7 | loss: 1.4898309
	speed: 0.0140s/iter; left time: 13475.2416s
	iters: 4100, epoch: 7 | loss: 1.5909854
	speed: 0.0140s/iter; left time: 13458.3295s
	iters: 4200, epoch: 7 | loss: 1.6064829
	speed: 0.0140s/iter; left time: 13438.0991s
	iters: 4300, epoch: 7 | loss: 1.6945186
	speed: 0.0141s/iter; left time: 13500.2467s
	iters: 4400, epoch: 7 | loss: 1.5485227
	speed: 0.0141s/iter; left time: 13506.7207s
	iters: 4500, epoch: 7 | loss: 1.6417618
	speed: 0.0140s/iter; left time: 13436.7908s
	iters: 4600, epoch: 7 | loss: 1.4774529
	speed: 0.0140s/iter; left time: 13428.8579s
	iters: 4700, epoch: 7 | loss: 1.5395066
	speed: 0.0140s/iter; left time: 13442.7155s
	iters: 4800, epoch: 7 | loss: 1.4297935
	speed: 0.0140s/iter; left time: 13418.2262s
	iters: 4900, epoch: 7 | loss: 1.4040725
	speed: 0.0140s/iter; left time: 13416.1301s
Epoch: 7 cost time: 70.05203318595886
Epoch: 7, Steps: 4971 | Train Loss: 1.4923182 Vali Loss: 1.6165437 Test Loss: 1.7333916
EarlyStopping counter: 1 out of 5
	iters: 100, epoch: 8 | loss: 1.4311019
	speed: 0.7020s/iter; left time: 673406.1605s
	iters: 200, epoch: 8 | loss: 1.5213954
	speed: 0.0141s/iter; left time: 13511.2569s
	iters: 300, epoch: 8 | loss: 1.3680189
	speed: 0.0140s/iter; left time: 13407.7777s
	iters: 400, epoch: 8 | loss: 1.3693864
	speed: 0.0140s/iter; left time: 13409.7431s
	iters: 500, epoch: 8 | loss: 1.4027792
	speed: 0.0140s/iter; left time: 13389.9455s
	iters: 600, epoch: 8 | loss: 1.5719614
	speed: 0.0140s/iter; left time: 13383.8468s
	iters: 700, epoch: 8 | loss: 1.6448076
	speed: 0.0140s/iter; left time: 13405.1665s
	iters: 800, epoch: 8 | loss: 1.4705373
	speed: 0.0140s/iter; left time: 13410.5379s
	iters: 900, epoch: 8 | loss: 1.4886937
	speed: 0.0140s/iter; left time: 13407.8386s
	iters: 1000, epoch: 8 | loss: 1.3682411
	speed: 0.0140s/iter; left time: 13383.4548s
	iters: 1100, epoch: 8 | loss: 1.5807412
	speed: 0.0139s/iter; left time: 13325.3183s
	iters: 1200, epoch: 8 | loss: 1.7153220
	speed: 0.0140s/iter; left time: 13453.3217s
	iters: 1300, epoch: 8 | loss: 1.4591086
	speed: 0.0139s/iter; left time: 13299.7217s
	iters: 1400, epoch: 8 | loss: 1.6092159
	speed: 0.0139s/iter; left time: 13305.4256s
	iters: 1500, epoch: 8 | loss: 1.5243620
	speed: 0.0140s/iter; left time: 13388.6089s
	iters: 1600, epoch: 8 | loss: 1.3994398
	speed: 0.0139s/iter; left time: 13329.5690s
	iters: 1700, epoch: 8 | loss: 1.4105178
	speed: 0.0139s/iter; left time: 13294.8679s
	iters: 1800, epoch: 8 | loss: 1.4596356
	speed: 0.0139s/iter; left time: 13289.4340s
	iters: 1900, epoch: 8 | loss: 1.4153417
	speed: 0.0140s/iter; left time: 13393.9782s
	iters: 2000, epoch: 8 | loss: 1.5986454
	speed: 0.0139s/iter; left time: 13328.5561s
	iters: 2100, epoch: 8 | loss: 1.4172087
	speed: 0.0139s/iter; left time: 13352.6628s
	iters: 2200, epoch: 8 | loss: 1.4117533
	speed: 0.0139s/iter; left time: 13340.7268s
	iters: 2300, epoch: 8 | loss: 1.5192028
	speed: 0.0139s/iter; left time: 13286.2968s
	iters: 2400, epoch: 8 | loss: 1.2611251
	speed: 0.0139s/iter; left time: 13297.2525s
	iters: 2500, epoch: 8 | loss: 1.2861552
	speed: 0.0139s/iter; left time: 13293.0295s
	iters: 2600, epoch: 8 | loss: 1.8407987
	speed: 0.0139s/iter; left time: 13282.2190s
	iters: 2700, epoch: 8 | loss: 1.5335345
	speed: 0.0139s/iter; left time: 13335.5784s
	iters: 2800, epoch: 8 | loss: 1.3865316
	speed: 0.0138s/iter; left time: 13247.7360s
	iters: 2900, epoch: 8 | loss: 1.3915135
	speed: 0.0139s/iter; left time: 13266.4855s
	iters: 3000, epoch: 8 | loss: 1.6258026
	speed: 0.0140s/iter; left time: 13353.6564s
	iters: 3100, epoch: 8 | loss: 1.6429422
	speed: 0.0139s/iter; left time: 13265.5766s
	iters: 3200, epoch: 8 | loss: 1.5681137
	speed: 0.0139s/iter; left time: 13325.1254s
	iters: 3300, epoch: 8 | loss: 1.6476340
	speed: 0.0139s/iter; left time: 13244.2059s
	iters: 3400, epoch: 8 | loss: 1.4594095
	speed: 0.0139s/iter; left time: 13265.0483s
	iters: 3500, epoch: 8 | loss: 1.5808085
	speed: 0.0139s/iter; left time: 13289.4551s
	iters: 3600, epoch: 8 | loss: 1.6252927
	speed: 0.0139s/iter; left time: 13261.3503s
	iters: 3700, epoch: 8 | loss: 1.4612702
	speed: 0.0139s/iter; left time: 13241.6134s
	iters: 3800, epoch: 8 | loss: 1.6297611
	speed: 0.0139s/iter; left time: 13297.6329s
	iters: 3900, epoch: 8 | loss: 1.6113173
	speed: 0.0138s/iter; left time: 13218.2278s
	iters: 4000, epoch: 8 | loss: 1.3709966
	speed: 0.0140s/iter; left time: 13347.9650s
	iters: 4100, epoch: 8 | loss: 1.4193356
	speed: 0.0139s/iter; left time: 13258.6995s
	iters: 4200, epoch: 8 | loss: 1.6521533
	speed: 0.0139s/iter; left time: 13232.0030s
	iters: 4300, epoch: 8 | loss: 1.5747602
	speed: 0.0139s/iter; left time: 13241.6460s
	iters: 4400, epoch: 8 | loss: 1.3959550
	speed: 0.0139s/iter; left time: 13303.4756s
	iters: 4500, epoch: 8 | loss: 1.4200127
	speed: 0.0139s/iter; left time: 13300.0176s
	iters: 4600, epoch: 8 | loss: 1.6180745
	speed: 0.0139s/iter; left time: 13262.7710s
	iters: 4700, epoch: 8 | loss: 1.5193322
	speed: 0.0139s/iter; left time: 13255.2044s
	iters: 4800, epoch: 8 | loss: 1.4600605
	speed: 0.0139s/iter; left time: 13259.8586s
	iters: 4900, epoch: 8 | loss: 1.6758292
	speed: 0.0139s/iter; left time: 13258.6812s
Epoch: 8 cost time: 69.39578557014465
Epoch: 8, Steps: 4971 | Train Loss: 1.4923088 Vali Loss: 1.6164337 Test Loss: 1.7313104
EarlyStopping counter: 2 out of 5
	iters: 100, epoch: 9 | loss: 1.4124463
	speed: 0.7003s/iter; left time: 668276.9834s
	iters: 200, epoch: 9 | loss: 1.4359206
	speed: 0.0141s/iter; left time: 13475.7146s
	iters: 300, epoch: 9 | loss: 1.4662507
	speed: 0.0141s/iter; left time: 13405.5957s
	iters: 400, epoch: 9 | loss: 1.5580776
	speed: 0.0140s/iter; left time: 13395.7588s
	iters: 500, epoch: 9 | loss: 1.5014954
	speed: 0.0140s/iter; left time: 13371.3405s
	iters: 600, epoch: 9 | loss: 1.3490601
	speed: 0.0141s/iter; left time: 13404.2483s
	iters: 700, epoch: 9 | loss: 1.5691965
	speed: 0.0140s/iter; left time: 13360.7809s
	iters: 800, epoch: 9 | loss: 1.5583019
	speed: 0.0141s/iter; left time: 13420.2794s
	iters: 900, epoch: 9 | loss: 1.3220357
	speed: 0.0140s/iter; left time: 13362.1076s
	iters: 1000, epoch: 9 | loss: 1.5164176
	speed: 0.0140s/iter; left time: 13335.8424s
	iters: 1100, epoch: 9 | loss: 1.8028276
	speed: 0.0141s/iter; left time: 13395.4853s
	iters: 1200, epoch: 9 | loss: 1.4019648
	speed: 0.0140s/iter; left time: 13321.4997s
	iters: 1300, epoch: 9 | loss: 1.4698431
	speed: 0.0140s/iter; left time: 13331.6258s
	iters: 1400, epoch: 9 | loss: 1.2261007
	speed: 0.0140s/iter; left time: 13352.6174s
	iters: 1500, epoch: 9 | loss: 1.3141381
	speed: 0.0140s/iter; left time: 13368.3493s
	iters: 1600, epoch: 9 | loss: 1.5849694
	speed: 0.0140s/iter; left time: 13328.1816s
	iters: 1700, epoch: 9 | loss: 1.2509542
	speed: 0.0140s/iter; left time: 13308.5813s
	iters: 1800, epoch: 9 | loss: 1.4793240
	speed: 0.0140s/iter; left time: 13296.1461s
	iters: 1900, epoch: 9 | loss: 1.2613620
	speed: 0.0140s/iter; left time: 13316.4000s
	iters: 2000, epoch: 9 | loss: 1.4074483
	speed: 0.0140s/iter; left time: 13305.9530s
	iters: 2100, epoch: 9 | loss: 1.6099962
	speed: 0.0140s/iter; left time: 13292.8331s
	iters: 2200, epoch: 9 | loss: 1.4820681
	speed: 0.0140s/iter; left time: 13327.3739s
	iters: 2300, epoch: 9 | loss: 1.4523832
	speed: 0.0140s/iter; left time: 13328.7211s
	iters: 2400, epoch: 9 | loss: 1.3974742
	speed: 0.0141s/iter; left time: 13399.6922s
	iters: 2500, epoch: 9 | loss: 1.4630371
	speed: 0.0140s/iter; left time: 13366.1747s
	iters: 2600, epoch: 9 | loss: 1.4278623
	speed: 0.0140s/iter; left time: 13308.7835s
	iters: 2700, epoch: 9 | loss: 1.4837005
	speed: 0.0139s/iter; left time: 13258.2455s
	iters: 2800, epoch: 9 | loss: 1.5033795
	speed: 0.0140s/iter; left time: 13290.2933s
	iters: 2900, epoch: 9 | loss: 1.6306113
	speed: 0.0140s/iter; left time: 13282.5468s
	iters: 3000, epoch: 9 | loss: 1.5521444
	speed: 0.0140s/iter; left time: 13290.2131s
	iters: 3100, epoch: 9 | loss: 1.6698402
	speed: 0.0140s/iter; left time: 13290.3200s
	iters: 3200, epoch: 9 | loss: 1.5682461
	speed: 0.0139s/iter; left time: 13263.3727s
	iters: 3300, epoch: 9 | loss: 1.4210870
	speed: 0.0141s/iter; left time: 13364.3391s
	iters: 3400, epoch: 9 | loss: 1.5201143
	speed: 0.0139s/iter; left time: 13244.7732s
	iters: 3500, epoch: 9 | loss: 1.7625934
	speed: 0.0139s/iter; left time: 13261.2868s
	iters: 3600, epoch: 9 | loss: 1.6870792
	speed: 0.0140s/iter; left time: 13300.8699s
	iters: 3700, epoch: 9 | loss: 1.4030589
	speed: 0.0139s/iter; left time: 13247.7739s
	iters: 3800, epoch: 9 | loss: 1.2929319
	speed: 0.0140s/iter; left time: 13337.9147s
	iters: 3900, epoch: 9 | loss: 1.2380643
	speed: 0.0139s/iter; left time: 13248.6243s
	iters: 4000, epoch: 9 | loss: 1.4426138
	speed: 0.0140s/iter; left time: 13265.6645s
	iters: 4100, epoch: 9 | loss: 1.4970528
	speed: 0.0140s/iter; left time: 13294.7116s
	iters: 4200, epoch: 9 | loss: 1.4414634
	speed: 0.0140s/iter; left time: 13318.7138s
	iters: 4300, epoch: 9 | loss: 1.2456002
	speed: 0.0140s/iter; left time: 13268.7715s
	iters: 4400, epoch: 9 | loss: 1.5385472
	speed: 0.0140s/iter; left time: 13321.5823s
	iters: 4500, epoch: 9 | loss: 1.4980375
	speed: 0.0140s/iter; left time: 13300.2655s
	iters: 4600, epoch: 9 | loss: 1.5200082
	speed: 0.0140s/iter; left time: 13319.4889s
	iters: 4700, epoch: 9 | loss: 1.3803812
	speed: 0.0140s/iter; left time: 13250.6093s
	iters: 4800, epoch: 9 | loss: 1.6215476
	speed: 0.0140s/iter; left time: 13283.3024s
	iters: 4900, epoch: 9 | loss: 1.5682077
	speed: 0.0139s/iter; left time: 13228.5489s
Epoch: 9 cost time: 69.7524688243866
Epoch: 9, Steps: 4971 | Train Loss: 1.4922704 Vali Loss: 1.6167400 Test Loss: 1.7269973
EarlyStopping counter: 3 out of 5
	iters: 100, epoch: 10 | loss: 1.3202387
	speed: 0.7020s/iter; left time: 666484.4217s
	iters: 200, epoch: 10 | loss: 1.5854434
	speed: 0.0140s/iter; left time: 13284.7079s
	iters: 300, epoch: 10 | loss: 1.5387504
	speed: 0.0140s/iter; left time: 13256.1889s
	iters: 400, epoch: 10 | loss: 1.7052715
	speed: 0.0140s/iter; left time: 13271.0478s
	iters: 500, epoch: 10 | loss: 1.2514653
	speed: 0.0140s/iter; left time: 13295.0438s
	iters: 600, epoch: 10 | loss: 1.2293708
	speed: 0.0139s/iter; left time: 13234.9982s
	iters: 700, epoch: 10 | loss: 1.3976601
	speed: 0.0140s/iter; left time: 13304.5359s
	iters: 800, epoch: 10 | loss: 1.6968384
	speed: 0.0140s/iter; left time: 13285.8241s
	iters: 900, epoch: 10 | loss: 1.6522251
	speed: 0.0139s/iter; left time: 13216.9459s
	iters: 1000, epoch: 10 | loss: 1.4456140
	speed: 0.0140s/iter; left time: 13270.1789s
	iters: 1100, epoch: 10 | loss: 1.3217797
	speed: 0.0140s/iter; left time: 13229.9504s
	iters: 1200, epoch: 10 | loss: 1.3383690
	speed: 0.0140s/iter; left time: 13240.3050s
	iters: 1300, epoch: 10 | loss: 1.4182335
	speed: 0.0139s/iter; left time: 13224.9540s
	iters: 1400, epoch: 10 | loss: 1.4763895
	speed: 0.0139s/iter; left time: 13192.1923s
	iters: 1500, epoch: 10 | loss: 1.3435179
	speed: 0.0139s/iter; left time: 13182.9876s
	iters: 1600, epoch: 10 | loss: 1.4716665
	speed: 0.0139s/iter; left time: 13183.7732s
	iters: 1700, epoch: 10 | loss: 1.4152650
	speed: 0.0139s/iter; left time: 13217.6959s
	iters: 1800, epoch: 10 | loss: 1.3148752
	speed: 0.0139s/iter; left time: 13202.1416s
	iters: 1900, epoch: 10 | loss: 1.5742550
	speed: 0.0139s/iter; left time: 13163.8044s
	iters: 2000, epoch: 10 | loss: 1.4363467
	speed: 0.0140s/iter; left time: 13245.5685s
	iters: 2100, epoch: 10 | loss: 1.3740028
	speed: 0.0139s/iter; left time: 13177.8893s
	iters: 2200, epoch: 10 | loss: 1.3903933
	speed: 0.0139s/iter; left time: 13174.7548s
	iters: 2300, epoch: 10 | loss: 1.4065385
	speed: 0.0139s/iter; left time: 13170.5118s
	iters: 2400, epoch: 10 | loss: 1.5278001
	speed: 0.0139s/iter; left time: 13177.4464s
	iters: 2500, epoch: 10 | loss: 1.5043904
	speed: 0.0140s/iter; left time: 13264.3144s
	iters: 2600, epoch: 10 | loss: 1.5957441
	speed: 0.0139s/iter; left time: 13173.7810s
	iters: 2700, epoch: 10 | loss: 1.4923904
	speed: 0.0139s/iter; left time: 13185.3328s
	iters: 2800, epoch: 10 | loss: 1.5024767
	speed: 0.0139s/iter; left time: 13187.3549s
	iters: 2900, epoch: 10 | loss: 1.3100677
	speed: 0.0139s/iter; left time: 13128.4118s
	iters: 3000, epoch: 10 | loss: 1.5345145
	speed: 0.0139s/iter; left time: 13159.7672s
	iters: 3100, epoch: 10 | loss: 1.4047474
	speed: 0.0140s/iter; left time: 13212.0227s
	iters: 3200, epoch: 10 | loss: 1.5193137
	speed: 0.0139s/iter; left time: 13160.7856s
	iters: 3300, epoch: 10 | loss: 1.6288041
	speed: 0.0139s/iter; left time: 13125.0205s
	iters: 3400, epoch: 10 | loss: 1.3429388
	speed: 0.0140s/iter; left time: 13269.0804s
	iters: 3500, epoch: 10 | loss: 1.3963847
	speed: 0.0139s/iter; left time: 13125.7713s
	iters: 3600, epoch: 10 | loss: 1.5279144
	speed: 0.0140s/iter; left time: 13225.1917s
	iters: 3700, epoch: 10 | loss: 1.6166880
	speed: 0.0139s/iter; left time: 13126.5092s
	iters: 3800, epoch: 10 | loss: 1.5782136
	speed: 0.0139s/iter; left time: 13172.3897s
	iters: 3900, epoch: 10 | loss: 1.6437401
	speed: 0.0140s/iter; left time: 13205.8452s
	iters: 4000, epoch: 10 | loss: 1.5795134
	speed: 0.0139s/iter; left time: 13185.4032s
	iters: 4100, epoch: 10 | loss: 1.4886528
	speed: 0.0139s/iter; left time: 13170.7669s
	iters: 4200, epoch: 10 | loss: 1.7397798
	speed: 0.0139s/iter; left time: 13131.9445s
	iters: 4300, epoch: 10 | loss: 1.4740031
	speed: 0.0139s/iter; left time: 13162.1125s
	iters: 4400, epoch: 10 | loss: 1.3762981
	speed: 0.0139s/iter; left time: 13144.0733s
	iters: 4500, epoch: 10 | loss: 1.4198092
	speed: 0.0140s/iter; left time: 13204.4317s
	iters: 4600, epoch: 10 | loss: 1.4247023
	speed: 0.0139s/iter; left time: 13159.6558s
	iters: 4700, epoch: 10 | loss: 1.5271224
	speed: 0.0139s/iter; left time: 13179.4072s
	iters: 4800, epoch: 10 | loss: 1.4153326
	speed: 0.0139s/iter; left time: 13123.9199s
	iters: 4900, epoch: 10 | loss: 1.5565958
	speed: 0.0139s/iter; left time: 13134.7928s
Epoch: 10 cost time: 69.47418761253357
Epoch: 10, Steps: 4971 | Train Loss: 1.4923398 Vali Loss: 1.6159174 Test Loss: 1.7526170
EarlyStopping counter: 4 out of 5
	iters: 100, epoch: 11 | loss: 1.2755860
	speed: 0.7002s/iter; left time: 661280.6426s
	iters: 200, epoch: 11 | loss: 1.5676332
	speed: 0.0140s/iter; left time: 13265.7664s
	iters: 300, epoch: 11 | loss: 1.4665792
	speed: 0.0140s/iter; left time: 13194.6891s
	iters: 400, epoch: 11 | loss: 1.3954201
	speed: 0.0140s/iter; left time: 13174.0083s
	iters: 500, epoch: 11 | loss: 1.7101536
	speed: 0.0139s/iter; left time: 13166.9998s
	iters: 600, epoch: 11 | loss: 1.5366929
	speed: 0.0140s/iter; left time: 13188.2621s
	iters: 700, epoch: 11 | loss: 1.6148490
	speed: 0.0139s/iter; left time: 13158.3574s
	iters: 800, epoch: 11 | loss: 1.4935647
	speed: 0.0140s/iter; left time: 13198.2360s
	iters: 900, epoch: 11 | loss: 1.4954809
	speed: 0.0140s/iter; left time: 13177.2651s
	iters: 1000, epoch: 11 | loss: 1.4465570
	speed: 0.0140s/iter; left time: 13195.4636s
	iters: 1100, epoch: 11 | loss: 1.4953101
	speed: 0.0140s/iter; left time: 13188.1451s
	iters: 1200, epoch: 11 | loss: 1.3056031
	speed: 0.0139s/iter; left time: 13156.1925s
	iters: 1300, epoch: 11 | loss: 1.4853321
	speed: 0.0140s/iter; left time: 13175.1871s
	iters: 1400, epoch: 11 | loss: 1.6063925
	speed: 0.0139s/iter; left time: 13152.4205s
	iters: 1500, epoch: 11 | loss: 1.5344537
	speed: 0.0140s/iter; left time: 13186.5687s
	iters: 1600, epoch: 11 | loss: 1.4034628
	speed: 0.0139s/iter; left time: 13114.2788s
	iters: 1700, epoch: 11 | loss: 1.5034961
	speed: 0.0139s/iter; left time: 13134.4690s
	iters: 1800, epoch: 11 | loss: 1.4272884
	speed: 0.0139s/iter; left time: 13110.8475s
	iters: 1900, epoch: 11 | loss: 1.5116893
	speed: 0.0139s/iter; left time: 13102.5215s
	iters: 2000, epoch: 11 | loss: 1.3812209
	speed: 0.0139s/iter; left time: 13101.6056s
	iters: 2100, epoch: 11 | loss: 1.4656613
	speed: 0.0140s/iter; left time: 13194.2635s
	iters: 2200, epoch: 11 | loss: 1.6150911
	speed: 0.0139s/iter; left time: 13090.0412s
	iters: 2300, epoch: 11 | loss: 1.4070789
	speed: 0.0140s/iter; left time: 13164.4217s
	iters: 2400, epoch: 11 | loss: 1.6927003
	speed: 0.0141s/iter; left time: 13278.9894s
	iters: 2500, epoch: 11 | loss: 1.3604175
	speed: 0.0140s/iter; left time: 13212.5684s
	iters: 2600, epoch: 11 | loss: 1.3713990
	speed: 0.0139s/iter; left time: 13123.8439s
	iters: 2700, epoch: 11 | loss: 1.5713016
	speed: 0.0139s/iter; left time: 13091.7222s
	iters: 2800, epoch: 11 | loss: 1.4206800
	speed: 0.0139s/iter; left time: 13101.5018s
	iters: 2900, epoch: 11 | loss: 1.4860054
	speed: 0.0139s/iter; left time: 13099.9624s
	iters: 3000, epoch: 11 | loss: 1.3860801
	speed: 0.0140s/iter; left time: 13150.5357s
	iters: 3100, epoch: 11 | loss: 1.4978222
	speed: 0.0139s/iter; left time: 13090.2198s
	iters: 3200, epoch: 11 | loss: 1.4362378
	speed: 0.0139s/iter; left time: 13066.4792s
	iters: 3300, epoch: 11 | loss: 1.4484696
	speed: 0.0140s/iter; left time: 13145.5869s
	iters: 3400, epoch: 11 | loss: 1.6351825
	speed: 0.0139s/iter; left time: 13090.7870s
	iters: 3500, epoch: 11 | loss: 1.5066619
	speed: 0.0139s/iter; left time: 13074.9770s
	iters: 3600, epoch: 11 | loss: 1.5208247
	speed: 0.0139s/iter; left time: 13085.6720s
	iters: 3700, epoch: 11 | loss: 1.4722842
	speed: 0.0139s/iter; left time: 13091.8312s
	iters: 3800, epoch: 11 | loss: 1.4558506
	speed: 0.0139s/iter; left time: 13055.9165s
	iters: 3900, epoch: 11 | loss: 1.4751880
	speed: 0.0139s/iter; left time: 13063.7455s
	iters: 4000, epoch: 11 | loss: 1.4236636
	speed: 0.0140s/iter; left time: 13134.0857s
	iters: 4100, epoch: 11 | loss: 1.6919179
	speed: 0.0139s/iter; left time: 13064.7747s
	iters: 4200, epoch: 11 | loss: 1.6240487
	speed: 0.0139s/iter; left time: 13071.2228s
	iters: 4300, epoch: 11 | loss: 1.4393070
	speed: 0.0140s/iter; left time: 13137.5153s
	iters: 4400, epoch: 11 | loss: 1.3821481
	speed: 0.0140s/iter; left time: 13121.6590s
	iters: 4500, epoch: 11 | loss: 1.3858407
	speed: 0.0139s/iter; left time: 13048.4848s
	iters: 4600, epoch: 11 | loss: 1.4371580
	speed: 0.0139s/iter; left time: 13050.6261s
	iters: 4700, epoch: 11 | loss: 1.3729523
	speed: 0.0139s/iter; left time: 13063.4275s
	iters: 4800, epoch: 11 | loss: 1.4917499
	speed: 0.0139s/iter; left time: 13049.7242s
	iters: 4900, epoch: 11 | loss: 1.6208547
	speed: 0.0139s/iter; left time: 13020.1722s
Epoch: 11 cost time: 69.47845005989075
Epoch: 11, Steps: 4971 | Train Loss: 1.4921837 Vali Loss: 1.6172531 Test Loss: 1.7895676
EarlyStopping counter: 5 out of 5
Early stopping
>>>>>>>testing : long_term_forecast_pems08_all_96_96_DLinear_custom_ftM_sl96_ll48_pl96_dm512_nh8_el2_dl1_df2048_fc3_ebtimeF_dtTrue_srate0.1_sseed7_trainseed2024_Exp_0<<<<<<<<<<<<<<<<<<<<<<<<<<<<<<<<<
test 379431
test shape: (37943, 1, 96, 212) (37943, 1, 96, 212)
test shape: (37943, 96, 212) (37943, 96, 212)
mse:1.7714604139328003, mae:1.0576417446136475
>>>>>>>Overall time: 2061 seconds<<<<<<<<<<<<<<<<<<<<<<<<<<<<<<<<<
Args in experiment:
Namespace(activation='gelu', anomaly_ratio=0.25, batch_size=32, c_out=212, checkpoints='./checkpoints/', d_ff=2048, d_layers=1, d_model=512, data='custom', data_path='pems08_all_common_flow.csv', dec_in=212, des='Exp', devices='0,1,2,3', distil=True, dropout=0, e_layers=2, embed='timeF', enc_in=212, factor=3, features='M', freq='h', gap_day=365, gpu=0, inverse=False, is_training=1, itr=1, label_len=48, learning_rate=0.0005, loss='MSE', lradj='type3', mask_rate=0.25, model='DLinear', model_id='pems08_all_96_96', moving_avg=25, n_heads=8, num_kernels=6, num_workers=10, output_attention=False, p_hidden_dims=[128, 128], p_hidden_layers=2, patience=5, pred_len=96, root_path='../../data/pems/', samle_rate=0.1, sample_seed=7, seasonal_patterns='Monthly', seq_len=96, target='', task_name='long_term_forecast', top_k=5, train_epochs=200, train_seed=2024, use_amp=False, use_gpu=True, use_multi_gpu=False)
Use GPU: cuda:0
>>>>>>>start training : long_term_forecast_pems08_all_96_96_DLinear_custom_ftM_sl96_ll48_pl96_dm512_nh8_el2_dl1_df2048_fc3_ebtimeF_dtTrue_srate0.1_sseed7_trainseed2024_Exp_0>>>>>>>>>>>>>>>>>>>>>>>>>>
train 1590952
val 137109
test 379431
	iters: 100, epoch: 1 | loss: 1.3923606
	speed: 0.0177s/iter; left time: 17595.5472s
	iters: 200, epoch: 1 | loss: 1.6036960
	speed: 0.0139s/iter; left time: 13829.4218s
	iters: 300, epoch: 1 | loss: 1.6816469
	speed: 0.0140s/iter; left time: 13872.5064s
	iters: 400, epoch: 1 | loss: 1.4612116
	speed: 0.0139s/iter; left time: 13827.1700s
	iters: 500, epoch: 1 | loss: 1.3391827
	speed: 0.0140s/iter; left time: 13862.8964s
	iters: 600, epoch: 1 | loss: 1.5044008
	speed: 0.0140s/iter; left time: 13954.3183s
	iters: 700, epoch: 1 | loss: 1.4952129
	speed: 0.0139s/iter; left time: 13836.4477s
	iters: 800, epoch: 1 | loss: 1.3287948
	speed: 0.0140s/iter; left time: 13878.8311s
	iters: 900, epoch: 1 | loss: 1.5155743
	speed: 0.0140s/iter; left time: 13872.5224s
	iters: 1000, epoch: 1 | loss: 1.6518197
	speed: 0.0140s/iter; left time: 13893.9530s
	iters: 1100, epoch: 1 | loss: 1.4798210
	speed: 0.0139s/iter; left time: 13843.6769s
	iters: 1200, epoch: 1 | loss: 1.5321106
	speed: 0.0140s/iter; left time: 13854.9278s
	iters: 1300, epoch: 1 | loss: 1.4417908
	speed: 0.0140s/iter; left time: 13926.4702s
	iters: 1400, epoch: 1 | loss: 1.2764965
	speed: 0.0140s/iter; left time: 13854.9824s
	iters: 1500, epoch: 1 | loss: 1.4820298
	speed: 0.0140s/iter; left time: 13895.3275s
	iters: 1600, epoch: 1 | loss: 1.6732688
	speed: 0.0141s/iter; left time: 13983.2979s
	iters: 1700, epoch: 1 | loss: 1.5574981
	speed: 0.0140s/iter; left time: 13869.4588s
	iters: 1800, epoch: 1 | loss: 1.5952463
	speed: 0.0140s/iter; left time: 13869.5284s
	iters: 1900, epoch: 1 | loss: 1.4492986
	speed: 0.0141s/iter; left time: 13969.3670s
	iters: 2000, epoch: 1 | loss: 1.4995048
	speed: 0.0140s/iter; left time: 13860.0008s
	iters: 2100, epoch: 1 | loss: 1.5136379
	speed: 0.0140s/iter; left time: 13868.5171s
	iters: 2200, epoch: 1 | loss: 1.7162753
	speed: 0.0140s/iter; left time: 13852.3656s
	iters: 2300, epoch: 1 | loss: 1.4743280
	speed: 0.0140s/iter; left time: 13888.3129s
	iters: 2400, epoch: 1 | loss: 1.4039885
	speed: 0.0140s/iter; left time: 13840.8591s
	iters: 2500, epoch: 1 | loss: 1.3552679
	speed: 0.0140s/iter; left time: 13922.3547s
	iters: 2600, epoch: 1 | loss: 1.6444298
	speed: 0.0140s/iter; left time: 13843.7562s
	iters: 2700, epoch: 1 | loss: 1.4463779
	speed: 0.0140s/iter; left time: 13847.4047s
	iters: 2800, epoch: 1 | loss: 1.6163592
	speed: 0.0141s/iter; left time: 13953.7755s
	iters: 2900, epoch: 1 | loss: 1.3687068
	speed: 0.0140s/iter; left time: 13852.9733s
	iters: 3000, epoch: 1 | loss: 1.6210614
	speed: 0.0140s/iter; left time: 13836.1252s
	iters: 3100, epoch: 1 | loss: 1.5600948
	speed: 0.0140s/iter; left time: 13852.6855s
	iters: 3200, epoch: 1 | loss: 1.5444775
	speed: 0.0140s/iter; left time: 13864.7058s
	iters: 3300, epoch: 1 | loss: 1.4221824
	speed: 0.0140s/iter; left time: 13847.6410s
	iters: 3400, epoch: 1 | loss: 1.4530569
	speed: 0.0140s/iter; left time: 13852.7728s
	iters: 3500, epoch: 1 | loss: 1.6742004
	speed: 0.0140s/iter; left time: 13849.0481s
	iters: 3600, epoch: 1 | loss: 1.5616790
	speed: 0.0140s/iter; left time: 13848.4650s
	iters: 3700, epoch: 1 | loss: 1.4306290
	speed: 0.0140s/iter; left time: 13834.8413s
	iters: 3800, epoch: 1 | loss: 1.3898388
	speed: 0.0140s/iter; left time: 13866.3895s
	iters: 3900, epoch: 1 | loss: 1.3944743
	speed: 0.0140s/iter; left time: 13827.6374s
	iters: 4000, epoch: 1 | loss: 1.3843092
	speed: 0.0140s/iter; left time: 13844.9955s
	iters: 4100, epoch: 1 | loss: 1.4447248
	speed: 0.0140s/iter; left time: 13880.8449s
	iters: 4200, epoch: 1 | loss: 1.5746268
	speed: 0.0141s/iter; left time: 13957.6530s
	iters: 4300, epoch: 1 | loss: 1.4555689
	speed: 0.0141s/iter; left time: 13943.0572s
	iters: 4400, epoch: 1 | loss: 1.6055535
	speed: 0.0140s/iter; left time: 13887.4425s
	iters: 4500, epoch: 1 | loss: 1.3450460
	speed: 0.0140s/iter; left time: 13850.8762s
	iters: 4600, epoch: 1 | loss: 1.4962518
	speed: 0.0140s/iter; left time: 13829.2992s
	iters: 4700, epoch: 1 | loss: 1.4989085
	speed: 0.0140s/iter; left time: 13826.2362s
	iters: 4800, epoch: 1 | loss: 1.4665371
	speed: 0.0140s/iter; left time: 13830.7362s
	iters: 4900, epoch: 1 | loss: 1.4592521
	speed: 0.0141s/iter; left time: 13903.3725s
Epoch: 1 cost time: 69.99287557601929
Epoch: 1, Steps: 4971 | Train Loss: 1.4980962 Vali Loss: 1.6212523 Test Loss: 1.7155906
Validation loss decreased (inf --> 1.621252).  Saving model ...
	iters: 100, epoch: 2 | loss: 1.5167660
	speed: 0.6247s/iter; left time: 617932.2875s
	iters: 200, epoch: 2 | loss: 1.3198701
	speed: 0.0141s/iter; left time: 13992.7533s
	iters: 300, epoch: 2 | loss: 1.4682674
	speed: 0.0140s/iter; left time: 13852.2664s
	iters: 400, epoch: 2 | loss: 1.5181437
	speed: 0.0141s/iter; left time: 13957.4507s
	iters: 500, epoch: 2 | loss: 1.4390812
	speed: 0.0141s/iter; left time: 13967.9955s
	iters: 600, epoch: 2 | loss: 1.4247487
	speed: 0.0141s/iter; left time: 13931.5873s
	iters: 700, epoch: 2 | loss: 1.5864023
	speed: 0.0141s/iter; left time: 13975.9574s
	iters: 800, epoch: 2 | loss: 1.4990536
	speed: 0.0141s/iter; left time: 13928.0478s
	iters: 900, epoch: 2 | loss: 1.5535522
	speed: 0.0142s/iter; left time: 14014.3237s
	iters: 1000, epoch: 2 | loss: 1.5129429
	speed: 0.0141s/iter; left time: 13932.8399s
	iters: 1100, epoch: 2 | loss: 1.3258257
	speed: 0.0142s/iter; left time: 14017.8674s
	iters: 1200, epoch: 2 | loss: 1.3973374
	speed: 0.0140s/iter; left time: 13828.2797s
	iters: 1300, epoch: 2 | loss: 1.4982537
	speed: 0.0140s/iter; left time: 13827.2170s
	iters: 1400, epoch: 2 | loss: 1.4331051
	speed: 0.0140s/iter; left time: 13836.0105s
	iters: 1500, epoch: 2 | loss: 1.4395844
	speed: 0.0141s/iter; left time: 13908.8114s
	iters: 1600, epoch: 2 | loss: 1.5234787
	speed: 0.0141s/iter; left time: 13889.1732s
	iters: 1700, epoch: 2 | loss: 1.3861911
	speed: 0.0141s/iter; left time: 13931.4350s
	iters: 1800, epoch: 2 | loss: 1.5591011
	speed: 0.0140s/iter; left time: 13867.8918s
	iters: 1900, epoch: 2 | loss: 1.5805820
	speed: 0.0140s/iter; left time: 13841.1750s
	iters: 2000, epoch: 2 | loss: 1.4988683
	speed: 0.0140s/iter; left time: 13861.8983s
	iters: 2100, epoch: 2 | loss: 1.3579061
	speed: 0.0140s/iter; left time: 13827.8087s
	iters: 2200, epoch: 2 | loss: 1.3651558
	speed: 0.0140s/iter; left time: 13823.3840s
	iters: 2300, epoch: 2 | loss: 1.5272342
	speed: 0.0140s/iter; left time: 13858.3753s
	iters: 2400, epoch: 2 | loss: 1.4337986
	speed: 0.0141s/iter; left time: 13872.2784s
	iters: 2500, epoch: 2 | loss: 1.6663181
	speed: 0.0140s/iter; left time: 13852.9933s
	iters: 2600, epoch: 2 | loss: 1.4173626
	speed: 0.0141s/iter; left time: 13863.9437s
	iters: 2700, epoch: 2 | loss: 1.3338988
	speed: 0.0140s/iter; left time: 13806.9779s
	iters: 2800, epoch: 2 | loss: 1.5631517
	speed: 0.0140s/iter; left time: 13800.8606s
	iters: 2900, epoch: 2 | loss: 1.3825841
	speed: 0.0140s/iter; left time: 13775.2918s
	iters: 3000, epoch: 2 | loss: 1.5943161
	speed: 0.0140s/iter; left time: 13779.6631s
	iters: 3100, epoch: 2 | loss: 1.5732151
	speed: 0.0140s/iter; left time: 13786.6053s
	iters: 3200, epoch: 2 | loss: 1.6047055
	speed: 0.0140s/iter; left time: 13840.9254s
	iters: 3300, epoch: 2 | loss: 1.5503795
	speed: 0.0140s/iter; left time: 13783.6611s
	iters: 3400, epoch: 2 | loss: 1.3670017
	speed: 0.0139s/iter; left time: 13749.7100s
	iters: 3500, epoch: 2 | loss: 1.5919495
	speed: 0.0140s/iter; left time: 13765.5349s
	iters: 3600, epoch: 2 | loss: 1.7068586
	speed: 0.0140s/iter; left time: 13755.4484s
	iters: 3700, epoch: 2 | loss: 1.3471296
	speed: 0.0140s/iter; left time: 13772.2534s
	iters: 3800, epoch: 2 | loss: 1.3863041
	speed: 0.0141s/iter; left time: 13856.4816s
	iters: 3900, epoch: 2 | loss: 1.5702082
	speed: 0.0140s/iter; left time: 13750.7166s
	iters: 4000, epoch: 2 | loss: 1.5262929
	speed: 0.0140s/iter; left time: 13764.7373s
	iters: 4100, epoch: 2 | loss: 1.5545914
	speed: 0.0140s/iter; left time: 13786.1229s
	iters: 4200, epoch: 2 | loss: 1.4169868
	speed: 0.0140s/iter; left time: 13806.2028s
	iters: 4300, epoch: 2 | loss: 1.7065550
	speed: 0.0141s/iter; left time: 13873.3633s
	iters: 4400, epoch: 2 | loss: 1.5022775
	speed: 0.0140s/iter; left time: 13754.6736s
	iters: 4500, epoch: 2 | loss: 1.4548753
	speed: 0.0140s/iter; left time: 13767.8214s
	iters: 4600, epoch: 2 | loss: 1.5463763
	speed: 0.0140s/iter; left time: 13743.1028s
	iters: 4700, epoch: 2 | loss: 1.3615137
	speed: 0.0139s/iter; left time: 13733.8952s
	iters: 4800, epoch: 2 | loss: 1.4486639
	speed: 0.0140s/iter; left time: 13758.5996s
	iters: 4900, epoch: 2 | loss: 1.4567516
	speed: 0.0140s/iter; left time: 13773.6039s
Epoch: 2 cost time: 69.95515441894531
Epoch: 2, Steps: 4971 | Train Loss: 1.4922608 Vali Loss: 1.6164197 Test Loss: 1.7372854
Validation loss decreased (1.621252 --> 1.616420).  Saving model ...
	iters: 100, epoch: 3 | loss: 1.3287945
	speed: 0.6218s/iter; left time: 611988.4519s
	iters: 200, epoch: 3 | loss: 1.5520988
	speed: 0.0140s/iter; left time: 13824.4708s
	iters: 300, epoch: 3 | loss: 1.6617209
	speed: 0.0141s/iter; left time: 13847.9869s
	iters: 400, epoch: 3 | loss: 1.5774502
	speed: 0.0140s/iter; left time: 13781.0382s
	iters: 500, epoch: 3 | loss: 1.6562390
	speed: 0.0140s/iter; left time: 13757.2454s
	iters: 600, epoch: 3 | loss: 1.4517709
	speed: 0.0140s/iter; left time: 13736.0251s
	iters: 700, epoch: 3 | loss: 1.6009585
	speed: 0.0140s/iter; left time: 13743.2582s
	iters: 800, epoch: 3 | loss: 1.5464935
	speed: 0.0140s/iter; left time: 13754.4053s
	iters: 900, epoch: 3 | loss: 1.6614168
	speed: 0.0140s/iter; left time: 13789.0958s
	iters: 1000, epoch: 3 | loss: 1.6587424
	speed: 0.0140s/iter; left time: 13721.1772s
	iters: 1100, epoch: 3 | loss: 1.4019316
	speed: 0.0140s/iter; left time: 13761.9532s
	iters: 1200, epoch: 3 | loss: 1.6940897
	speed: 0.0141s/iter; left time: 13853.4451s
	iters: 1300, epoch: 3 | loss: 1.6212045
	speed: 0.0140s/iter; left time: 13753.1518s
	iters: 1400, epoch: 3 | loss: 1.3802116
	speed: 0.0140s/iter; left time: 13726.0488s
	iters: 1500, epoch: 3 | loss: 1.6131734
	speed: 0.0140s/iter; left time: 13711.1304s
	iters: 1600, epoch: 3 | loss: 1.3372192
	speed: 0.0140s/iter; left time: 13764.6327s
	iters: 1700, epoch: 3 | loss: 1.5680492
	speed: 0.0140s/iter; left time: 13752.3716s
	iters: 1800, epoch: 3 | loss: 1.4667813
	speed: 0.0140s/iter; left time: 13741.5697s
	iters: 1900, epoch: 3 | loss: 1.5721874
	speed: 0.0140s/iter; left time: 13725.8442s
	iters: 2000, epoch: 3 | loss: 1.3999529
	speed: 0.0139s/iter; left time: 13687.6466s
	iters: 2100, epoch: 3 | loss: 1.4737442
	speed: 0.0140s/iter; left time: 13707.0446s
	iters: 2200, epoch: 3 | loss: 1.4806193
	speed: 0.0140s/iter; left time: 13727.4873s
	iters: 2300, epoch: 3 | loss: 1.4987422
	speed: 0.0140s/iter; left time: 13737.3786s
	iters: 2400, epoch: 3 | loss: 1.4740150
	speed: 0.0140s/iter; left time: 13751.4813s
	iters: 2500, epoch: 3 | loss: 1.6247996
	speed: 0.0140s/iter; left time: 13711.3446s
	iters: 2600, epoch: 3 | loss: 1.4855044
	speed: 0.0140s/iter; left time: 13707.4601s
	iters: 2700, epoch: 3 | loss: 1.4961951
	speed: 0.0139s/iter; left time: 13676.0621s
	iters: 2800, epoch: 3 | loss: 1.5361860
	speed: 0.0140s/iter; left time: 13728.0906s
	iters: 2900, epoch: 3 | loss: 1.6504565
	speed: 0.0139s/iter; left time: 13671.6260s
	iters: 3000, epoch: 3 | loss: 1.4304682
	speed: 0.0140s/iter; left time: 13702.6701s
	iters: 3100, epoch: 3 | loss: 1.1666682
	speed: 0.0140s/iter; left time: 13724.6406s
	iters: 3200, epoch: 3 | loss: 1.3436625
	speed: 0.0140s/iter; left time: 13749.8061s
	iters: 3300, epoch: 3 | loss: 1.5663396
	speed: 0.0140s/iter; left time: 13705.3404s
	iters: 3400, epoch: 3 | loss: 1.5620649
	speed: 0.0139s/iter; left time: 13645.1568s
	iters: 3500, epoch: 3 | loss: 1.3906691
	speed: 0.0139s/iter; left time: 13680.7274s
	iters: 3600, epoch: 3 | loss: 1.4517984
	speed: 0.0139s/iter; left time: 13650.2515s
	iters: 3700, epoch: 3 | loss: 1.3819760
	speed: 0.0139s/iter; left time: 13676.1912s
	iters: 3800, epoch: 3 | loss: 1.2319465
	speed: 0.0139s/iter; left time: 13643.7064s
	iters: 3900, epoch: 3 | loss: 1.4702929
	speed: 0.0141s/iter; left time: 13785.1321s
	iters: 4000, epoch: 3 | loss: 1.7323043
	speed: 0.0139s/iter; left time: 13654.3407s
	iters: 4100, epoch: 3 | loss: 1.4840786
	speed: 0.0140s/iter; left time: 13691.5040s
	iters: 4200, epoch: 3 | loss: 1.6778153
	speed: 0.0139s/iter; left time: 13628.2912s
	iters: 4300, epoch: 3 | loss: 1.3380542
	speed: 0.0139s/iter; left time: 13635.3654s
	iters: 4400, epoch: 3 | loss: 1.5882232
	speed: 0.0139s/iter; left time: 13612.7897s
	iters: 4500, epoch: 3 | loss: 1.4609510
	speed: 0.0139s/iter; left time: 13623.7341s
	iters: 4600, epoch: 3 | loss: 1.4082189
	speed: 0.0139s/iter; left time: 13653.5647s
	iters: 4700, epoch: 3 | loss: 1.4236059
	speed: 0.0139s/iter; left time: 13644.1418s
	iters: 4800, epoch: 3 | loss: 1.5661187
	speed: 0.0140s/iter; left time: 13716.7961s
	iters: 4900, epoch: 3 | loss: 1.4698133
	speed: 0.0140s/iter; left time: 13665.5790s
Epoch: 3 cost time: 69.66494464874268
Epoch: 3, Steps: 4971 | Train Loss: 1.4923741 Vali Loss: 1.6159879 Test Loss: 1.7478091
Validation loss decreased (1.616420 --> 1.615988).  Saving model ...
	iters: 100, epoch: 4 | loss: 1.4537693
	speed: 0.6253s/iter; left time: 612260.0203s
	iters: 200, epoch: 4 | loss: 1.6481438
	speed: 0.0140s/iter; left time: 13709.2778s
	iters: 300, epoch: 4 | loss: 1.8122097
	speed: 0.0140s/iter; left time: 13693.0981s
	iters: 400, epoch: 4 | loss: 1.6108649
	speed: 0.0140s/iter; left time: 13722.5530s
	iters: 500, epoch: 4 | loss: 1.7234851
	speed: 0.0141s/iter; left time: 13789.9087s
	iters: 600, epoch: 4 | loss: 1.3788910
	speed: 0.0139s/iter; left time: 13629.4477s
	iters: 700, epoch: 4 | loss: 1.4756179
	speed: 0.0140s/iter; left time: 13694.2858s
	iters: 800, epoch: 4 | loss: 1.6020221
	speed: 0.0140s/iter; left time: 13660.7857s
	iters: 900, epoch: 4 | loss: 1.4042692
	speed: 0.0140s/iter; left time: 13723.1318s
	iters: 1000, epoch: 4 | loss: 1.5663066
	speed: 0.0140s/iter; left time: 13732.6239s
	iters: 1100, epoch: 4 | loss: 1.5773482
	speed: 0.0140s/iter; left time: 13687.9162s
	iters: 1200, epoch: 4 | loss: 1.4316341
	speed: 0.0140s/iter; left time: 13657.2394s
	iters: 1300, epoch: 4 | loss: 1.4346468
	speed: 0.0139s/iter; left time: 13616.0082s
	iters: 1400, epoch: 4 | loss: 1.5768019
	speed: 0.0140s/iter; left time: 13675.1875s
	iters: 1500, epoch: 4 | loss: 1.6257982
	speed: 0.0139s/iter; left time: 13616.5061s
	iters: 1600, epoch: 4 | loss: 1.5501792
	speed: 0.0140s/iter; left time: 13639.9665s
	iters: 1700, epoch: 4 | loss: 1.7528177
	speed: 0.0140s/iter; left time: 13651.2437s
	iters: 1800, epoch: 4 | loss: 1.6795093
	speed: 0.0139s/iter; left time: 13633.7597s
	iters: 1900, epoch: 4 | loss: 1.6905138
	speed: 0.0139s/iter; left time: 13605.0332s
	iters: 2000, epoch: 4 | loss: 1.5626489
	speed: 0.0139s/iter; left time: 13629.6025s
	iters: 2100, epoch: 4 | loss: 1.5516422
	speed: 0.0141s/iter; left time: 13734.9568s
	iters: 2200, epoch: 4 | loss: 1.5202725
	speed: 0.0140s/iter; left time: 13685.6462s
	iters: 2300, epoch: 4 | loss: 1.4020407
	speed: 0.0139s/iter; left time: 13606.7258s
	iters: 2400, epoch: 4 | loss: 1.6128412
	speed: 0.0139s/iter; left time: 13622.4495s
	iters: 2500, epoch: 4 | loss: 1.3877453
	speed: 0.0139s/iter; left time: 13605.6310s
	iters: 2600, epoch: 4 | loss: 1.4830575
	speed: 0.0140s/iter; left time: 13627.2611s
	iters: 2700, epoch: 4 | loss: 1.5671413
	speed: 0.0139s/iter; left time: 13609.5486s
	iters: 2800, epoch: 4 | loss: 1.4101119
	speed: 0.0140s/iter; left time: 13655.8631s
	iters: 2900, epoch: 4 | loss: 1.4069747
	speed: 0.0140s/iter; left time: 13684.1708s
	iters: 3000, epoch: 4 | loss: 1.5876142
	speed: 0.0139s/iter; left time: 13607.7770s
	iters: 3100, epoch: 4 | loss: 1.5341297
	speed: 0.0139s/iter; left time: 13596.2147s
	iters: 3200, epoch: 4 | loss: 1.5773801
	speed: 0.0139s/iter; left time: 13570.8590s
	iters: 3300, epoch: 4 | loss: 1.4946232
	speed: 0.0139s/iter; left time: 13602.1016s
	iters: 3400, epoch: 4 | loss: 1.4320840
	speed: 0.0139s/iter; left time: 13603.1580s
	iters: 3500, epoch: 4 | loss: 1.5254211
	speed: 0.0140s/iter; left time: 13619.4009s
	iters: 3600, epoch: 4 | loss: 1.3826971
	speed: 0.0139s/iter; left time: 13600.4236s
	iters: 3700, epoch: 4 | loss: 1.5187739
	speed: 0.0139s/iter; left time: 13553.4590s
	iters: 3800, epoch: 4 | loss: 1.2443244
	speed: 0.0139s/iter; left time: 13580.8834s
	iters: 3900, epoch: 4 | loss: 1.3188864
	speed: 0.0139s/iter; left time: 13546.0504s
	iters: 4000, epoch: 4 | loss: 1.3301400
	speed: 0.0139s/iter; left time: 13551.4421s
	iters: 4100, epoch: 4 | loss: 1.5615919
	speed: 0.0139s/iter; left time: 13573.0914s
	iters: 4200, epoch: 4 | loss: 1.3920048
	speed: 0.0139s/iter; left time: 13562.6816s
	iters: 4300, epoch: 4 | loss: 1.6179920
	speed: 0.0140s/iter; left time: 13601.2451s
	iters: 4400, epoch: 4 | loss: 1.4630152
	speed: 0.0139s/iter; left time: 13582.0435s
	iters: 4500, epoch: 4 | loss: 1.5724032
	speed: 0.0140s/iter; left time: 13599.0849s
	iters: 4600, epoch: 4 | loss: 1.5129575
	speed: 0.0139s/iter; left time: 13561.1498s
	iters: 4700, epoch: 4 | loss: 1.5674779
	speed: 0.0140s/iter; left time: 13655.1933s
	iters: 4800, epoch: 4 | loss: 1.4327570
	speed: 0.0140s/iter; left time: 13664.7538s
	iters: 4900, epoch: 4 | loss: 1.4697102
	speed: 0.0139s/iter; left time: 13576.0533s
Epoch: 4 cost time: 69.60486507415771
Epoch: 4, Steps: 4971 | Train Loss: 1.4923107 Vali Loss: 1.6205051 Test Loss: 1.7312855
EarlyStopping counter: 1 out of 5
	iters: 100, epoch: 5 | loss: 1.3235404
	speed: 0.6257s/iter; left time: 609608.2423s
	iters: 200, epoch: 5 | loss: 1.5361562
	speed: 0.0141s/iter; left time: 13701.6069s
	iters: 300, epoch: 5 | loss: 1.4893383
	speed: 0.0140s/iter; left time: 13614.1684s
	iters: 400, epoch: 5 | loss: 1.6109846
	speed: 0.0140s/iter; left time: 13603.0763s
	iters: 500, epoch: 5 | loss: 1.4213295
	speed: 0.0140s/iter; left time: 13586.3977s
	iters: 600, epoch: 5 | loss: 1.4322633
	speed: 0.0140s/iter; left time: 13588.3572s
	iters: 700, epoch: 5 | loss: 1.1979291
	speed: 0.0140s/iter; left time: 13614.9006s
	iters: 800, epoch: 5 | loss: 1.2739066
	speed: 0.0140s/iter; left time: 13675.3999s
	iters: 900, epoch: 5 | loss: 1.6148597
	speed: 0.0140s/iter; left time: 13596.2713s
	iters: 1000, epoch: 5 | loss: 1.4681885
	speed: 0.0139s/iter; left time: 13558.4880s
	iters: 1100, epoch: 5 | loss: 1.5338253
	speed: 0.0140s/iter; left time: 13636.4132s
	iters: 1200, epoch: 5 | loss: 1.5448489
	speed: 0.0139s/iter; left time: 13574.5156s
	iters: 1300, epoch: 5 | loss: 1.5922111
	speed: 0.0139s/iter; left time: 13553.1212s
	iters: 1400, epoch: 5 | loss: 1.6417480
	speed: 0.0140s/iter; left time: 13615.1118s
	iters: 1500, epoch: 5 | loss: 1.7612875
	speed: 0.0139s/iter; left time: 13549.3659s
	iters: 1600, epoch: 5 | loss: 1.4746941
	speed: 0.0139s/iter; left time: 13544.8655s
	iters: 1700, epoch: 5 | loss: 1.4752765
	speed: 0.0140s/iter; left time: 13571.6244s
	iters: 1800, epoch: 5 | loss: 1.3062181
	speed: 0.0140s/iter; left time: 13574.0502s
	iters: 1900, epoch: 5 | loss: 1.3158710
	speed: 0.0139s/iter; left time: 13557.9742s
	iters: 2000, epoch: 5 | loss: 1.3367969
	speed: 0.0139s/iter; left time: 13521.7075s
	iters: 2100, epoch: 5 | loss: 1.4319483
	speed: 0.0139s/iter; left time: 13529.2896s
	iters: 2200, epoch: 5 | loss: 1.4305688
	speed: 0.0140s/iter; left time: 13568.1172s
	iters: 2300, epoch: 5 | loss: 1.2880579
	speed: 0.0140s/iter; left time: 13586.6146s
	iters: 2400, epoch: 5 | loss: 1.3960710
	speed: 0.0139s/iter; left time: 13545.4300s
	iters: 2500, epoch: 5 | loss: 1.6564081
	speed: 0.0140s/iter; left time: 13600.4551s
	iters: 2600, epoch: 5 | loss: 1.2850716
	speed: 0.0140s/iter; left time: 13576.0919s
	iters: 2700, epoch: 5 | loss: 1.4498484
	speed: 0.0140s/iter; left time: 13584.7508s
	iters: 2800, epoch: 5 | loss: 1.6469998
	speed: 0.0139s/iter; left time: 13501.2383s
	iters: 2900, epoch: 5 | loss: 1.6063792
	speed: 0.0139s/iter; left time: 13547.6123s
	iters: 3000, epoch: 5 | loss: 1.4930928
	speed: 0.0140s/iter; left time: 13595.1760s
	iters: 3100, epoch: 5 | loss: 1.3045280
	speed: 0.0140s/iter; left time: 13562.6945s
	iters: 3200, epoch: 5 | loss: 1.5879924
	speed: 0.0139s/iter; left time: 13525.4175s
	iters: 3300, epoch: 5 | loss: 1.5257170
	speed: 0.0139s/iter; left time: 13503.5848s
	iters: 3400, epoch: 5 | loss: 1.4478809
	speed: 0.0139s/iter; left time: 13529.9654s
	iters: 3500, epoch: 5 | loss: 1.6578436
	speed: 0.0139s/iter; left time: 13537.0179s
	iters: 3600, epoch: 5 | loss: 1.4560047
	speed: 0.0140s/iter; left time: 13558.9338s
	iters: 3700, epoch: 5 | loss: 1.5303478
	speed: 0.0139s/iter; left time: 13500.2900s
	iters: 3800, epoch: 5 | loss: 1.4352952
	speed: 0.0140s/iter; left time: 13631.3602s
	iters: 3900, epoch: 5 | loss: 1.3952473
	speed: 0.0139s/iter; left time: 13495.8817s
	iters: 4000, epoch: 5 | loss: 1.4648942
	speed: 0.0139s/iter; left time: 13497.9056s
	iters: 4100, epoch: 5 | loss: 1.4128417
	speed: 0.0139s/iter; left time: 13487.3289s
	iters: 4200, epoch: 5 | loss: 1.3149222
	speed: 0.0139s/iter; left time: 13514.1011s
	iters: 4300, epoch: 5 | loss: 1.6993423
	speed: 0.0139s/iter; left time: 13498.8735s
	iters: 4400, epoch: 5 | loss: 1.5621004
	speed: 0.0139s/iter; left time: 13503.4018s
	iters: 4500, epoch: 5 | loss: 1.6976364
	speed: 0.0140s/iter; left time: 13550.8877s
	iters: 4600, epoch: 5 | loss: 1.6115283
	speed: 0.0140s/iter; left time: 13537.3016s
	iters: 4700, epoch: 5 | loss: 1.4389577
	speed: 0.0141s/iter; left time: 13646.2360s
	iters: 4800, epoch: 5 | loss: 1.4466853
	speed: 0.0139s/iter; left time: 13505.3730s
	iters: 4900, epoch: 5 | loss: 1.3728917
	speed: 0.0139s/iter; left time: 13474.2363s
Epoch: 5 cost time: 69.58196306228638
Epoch: 5, Steps: 4971 | Train Loss: 1.4923845 Vali Loss: 1.6221998 Test Loss: 1.8076828
EarlyStopping counter: 2 out of 5
	iters: 100, epoch: 6 | loss: 1.4308496
	speed: 0.6252s/iter; left time: 606017.4621s
	iters: 200, epoch: 6 | loss: 1.6840969
	speed: 0.0141s/iter; left time: 13712.6507s
	iters: 300, epoch: 6 | loss: 1.6011143
	speed: 0.0140s/iter; left time: 13598.1540s
	iters: 400, epoch: 6 | loss: 1.7576308
	speed: 0.0141s/iter; left time: 13624.3893s
	iters: 500, epoch: 6 | loss: 1.5620980
	speed: 0.0140s/iter; left time: 13610.7176s
	iters: 600, epoch: 6 | loss: 1.5217681
	speed: 0.0140s/iter; left time: 13602.6378s
	iters: 700, epoch: 6 | loss: 1.5877693
	speed: 0.0140s/iter; left time: 13583.2940s
	iters: 800, epoch: 6 | loss: 1.4004494
	speed: 0.0140s/iter; left time: 13606.0736s
	iters: 900, epoch: 6 | loss: 1.2722682
	speed: 0.0141s/iter; left time: 13609.8293s
	iters: 1000, epoch: 6 | loss: 1.6243391
	speed: 0.0140s/iter; left time: 13593.8121s
	iters: 1100, epoch: 6 | loss: 1.6499420
	speed: 0.0140s/iter; left time: 13578.3589s
	iters: 1200, epoch: 6 | loss: 1.3932501
	speed: 0.0140s/iter; left time: 13593.8090s
	iters: 1300, epoch: 6 | loss: 1.5068134
	speed: 0.0140s/iter; left time: 13575.2749s
	iters: 1400, epoch: 6 | loss: 1.4546051
	speed: 0.0141s/iter; left time: 13641.2661s
	iters: 1500, epoch: 6 | loss: 1.4050192
	speed: 0.0140s/iter; left time: 13549.3257s
	iters: 1600, epoch: 6 | loss: 1.6298695
	speed: 0.0140s/iter; left time: 13571.4763s
	iters: 1700, epoch: 6 | loss: 1.5006212
	speed: 0.0140s/iter; left time: 13559.9436s
	iters: 1800, epoch: 6 | loss: 1.5680921
	speed: 0.0140s/iter; left time: 13554.0048s
	iters: 1900, epoch: 6 | loss: 1.7368571
	speed: 0.0141s/iter; left time: 13632.4367s
	iters: 2000, epoch: 6 | loss: 1.4963318
	speed: 0.0140s/iter; left time: 13581.0055s
	iters: 2100, epoch: 6 | loss: 1.4915117
	speed: 0.0141s/iter; left time: 13664.6319s
	iters: 2200, epoch: 6 | loss: 1.7953917
	speed: 0.0141s/iter; left time: 13608.2245s
	iters: 2300, epoch: 6 | loss: 1.1958587
	speed: 0.0140s/iter; left time: 13555.5820s
	iters: 2400, epoch: 6 | loss: 1.5166239
	speed: 0.0140s/iter; left time: 13562.3251s
	iters: 2500, epoch: 6 | loss: 1.5432365
	speed: 0.0140s/iter; left time: 13538.4059s
	iters: 2600, epoch: 6 | loss: 1.6249865
	speed: 0.0140s/iter; left time: 13520.5371s
	iters: 2700, epoch: 6 | loss: 1.6700356
	speed: 0.0141s/iter; left time: 13587.4534s
	iters: 2800, epoch: 6 | loss: 1.3093584
	speed: 0.0140s/iter; left time: 13573.6315s
	iters: 2900, epoch: 6 | loss: 1.5108637
	speed: 0.0141s/iter; left time: 13599.5802s
	iters: 3000, epoch: 6 | loss: 1.6279446
	speed: 0.0141s/iter; left time: 13634.2160s
	iters: 3100, epoch: 6 | loss: 1.4842287
	speed: 0.0141s/iter; left time: 13591.1149s
	iters: 3200, epoch: 6 | loss: 1.5182711
	speed: 0.0140s/iter; left time: 13514.1383s
	iters: 3300, epoch: 6 | loss: 1.5905895
	speed: 0.0140s/iter; left time: 13530.3592s
	iters: 3400, epoch: 6 | loss: 1.7297978
	speed: 0.0140s/iter; left time: 13549.7086s
	iters: 3500, epoch: 6 | loss: 1.5488871
	speed: 0.0140s/iter; left time: 13491.8446s
	iters: 3600, epoch: 6 | loss: 1.6057976
	speed: 0.0140s/iter; left time: 13501.3363s
	iters: 3700, epoch: 6 | loss: 1.3720732
	speed: 0.0140s/iter; left time: 13499.8048s
	iters: 3800, epoch: 6 | loss: 1.5558550
	speed: 0.0140s/iter; left time: 13556.1535s
	iters: 3900, epoch: 6 | loss: 1.4462186
	speed: 0.0140s/iter; left time: 13492.6330s
	iters: 4000, epoch: 6 | loss: 1.6654321
	speed: 0.0141s/iter; left time: 13589.6135s
	iters: 4100, epoch: 6 | loss: 1.4502820
	speed: 0.0140s/iter; left time: 13510.9204s
	iters: 4200, epoch: 6 | loss: 1.4792706
	speed: 0.0141s/iter; left time: 13563.9183s
	iters: 4300, epoch: 6 | loss: 1.4475033
	speed: 0.0140s/iter; left time: 13505.2908s
	iters: 4400, epoch: 6 | loss: 1.5447677
	speed: 0.0141s/iter; left time: 13627.2386s
	iters: 4500, epoch: 6 | loss: 1.6074568
	speed: 0.0140s/iter; left time: 13509.0158s
	iters: 4600, epoch: 6 | loss: 1.3744146
	speed: 0.0140s/iter; left time: 13468.3478s
	iters: 4700, epoch: 6 | loss: 1.6282123
	speed: 0.0140s/iter; left time: 13529.7642s
	iters: 4800, epoch: 6 | loss: 1.4007151
	speed: 0.0140s/iter; left time: 13494.0508s
	iters: 4900, epoch: 6 | loss: 1.2892413
	speed: 0.0140s/iter; left time: 13475.4705s
Epoch: 6 cost time: 69.96804928779602
Epoch: 6, Steps: 4971 | Train Loss: 1.4923397 Vali Loss: 1.6143953 Test Loss: 1.7714522
Validation loss decreased (1.615988 --> 1.614395).  Saving model ...
	iters: 100, epoch: 7 | loss: 1.3458505
	speed: 0.6243s/iter; left time: 601986.1054s
	iters: 200, epoch: 7 | loss: 1.3360620
	speed: 0.0141s/iter; left time: 13581.5309s
	iters: 300, epoch: 7 | loss: 1.4611729
	speed: 0.0141s/iter; left time: 13571.7648s
	iters: 400, epoch: 7 | loss: 1.5103046
	speed: 0.0141s/iter; left time: 13562.3842s
	iters: 500, epoch: 7 | loss: 1.5678139
	speed: 0.0140s/iter; left time: 13535.9836s
	iters: 600, epoch: 7 | loss: 1.5269156
	speed: 0.0141s/iter; left time: 13545.9053s
	iters: 700, epoch: 7 | loss: 1.2877563
	speed: 0.0141s/iter; left time: 13585.5897s
	iters: 800, epoch: 7 | loss: 1.5168141
	speed: 0.0141s/iter; left time: 13606.5032s
	iters: 900, epoch: 7 | loss: 1.3056700
	speed: 0.0141s/iter; left time: 13573.7563s
	iters: 1000, epoch: 7 | loss: 1.4482765
	speed: 0.0142s/iter; left time: 13668.3748s
	iters: 1100, epoch: 7 | loss: 1.6718615
	speed: 0.0140s/iter; left time: 13530.1138s
	iters: 1200, epoch: 7 | loss: 1.5519140
	speed: 0.0140s/iter; left time: 13508.9695s
	iters: 1300, epoch: 7 | loss: 1.4065880
	speed: 0.0141s/iter; left time: 13611.7891s
	iters: 1400, epoch: 7 | loss: 1.5433620
	speed: 0.0140s/iter; left time: 13514.4228s
	iters: 1500, epoch: 7 | loss: 1.4177436
	speed: 0.0140s/iter; left time: 13494.2890s
	iters: 1600, epoch: 7 | loss: 1.2642133
	speed: 0.0141s/iter; left time: 13534.6621s
	iters: 1700, epoch: 7 | loss: 1.6182824
	speed: 0.0140s/iter; left time: 13475.2590s
	iters: 1800, epoch: 7 | loss: 1.3502114
	speed: 0.0140s/iter; left time: 13456.1192s
	iters: 1900, epoch: 7 | loss: 1.3340075
	speed: 0.0140s/iter; left time: 13468.0421s
	iters: 2000, epoch: 7 | loss: 1.5160763
	speed: 0.0140s/iter; left time: 13454.0736s
	iters: 2100, epoch: 7 | loss: 1.3514655
	speed: 0.0140s/iter; left time: 13455.0479s
	iters: 2200, epoch: 7 | loss: 1.6049032
	speed: 0.0140s/iter; left time: 13463.1032s
	iters: 2300, epoch: 7 | loss: 1.4725351
	speed: 0.0140s/iter; left time: 13478.5861s
	iters: 2400, epoch: 7 | loss: 1.4463236
	speed: 0.0140s/iter; left time: 13462.9859s
	iters: 2500, epoch: 7 | loss: 1.3720772
	speed: 0.0140s/iter; left time: 13449.9892s
	iters: 2600, epoch: 7 | loss: 1.2857049
	speed: 0.0140s/iter; left time: 13457.4490s
	iters: 2700, epoch: 7 | loss: 1.4621931
	speed: 0.0140s/iter; left time: 13491.6044s
	iters: 2800, epoch: 7 | loss: 1.5014690
	speed: 0.0141s/iter; left time: 13526.2407s
	iters: 2900, epoch: 7 | loss: 1.6290799
	speed: 0.0140s/iter; left time: 13442.0784s
	iters: 3000, epoch: 7 | loss: 1.3719168
	speed: 0.0141s/iter; left time: 13526.5102s
	iters: 3100, epoch: 7 | loss: 1.4791955
	speed: 0.0140s/iter; left time: 13471.3798s
	iters: 3200, epoch: 7 | loss: 1.7143368
	speed: 0.0140s/iter; left time: 13423.0872s
	iters: 3300, epoch: 7 | loss: 1.2965546
	speed: 0.0140s/iter; left time: 13435.2144s
	iters: 3400, epoch: 7 | loss: 1.4889239
	speed: 0.0140s/iter; left time: 13413.9889s
	iters: 3500, epoch: 7 | loss: 1.1662121
	speed: 0.0140s/iter; left time: 13433.1906s
	iters: 3600, epoch: 7 | loss: 1.6785777
	speed: 0.0140s/iter; left time: 13418.0509s
	iters: 3700, epoch: 7 | loss: 1.3442943
	speed: 0.0140s/iter; left time: 13474.7327s
	iters: 3800, epoch: 7 | loss: 1.6321714
	speed: 0.0140s/iter; left time: 13421.0175s
	iters: 3900, epoch: 7 | loss: 1.4294527
	speed: 0.0140s/iter; left time: 13412.6635s
	iters: 4000, epoch: 7 | loss: 1.4898309
	speed: 0.0140s/iter; left time: 13478.4495s
	iters: 4100, epoch: 7 | loss: 1.5909854
	speed: 0.0140s/iter; left time: 13441.1951s
	iters: 4200, epoch: 7 | loss: 1.6064829
	speed: 0.0139s/iter; left time: 13392.3739s
	iters: 4300, epoch: 7 | loss: 1.6945186
	speed: 0.0140s/iter; left time: 13455.7966s
	iters: 4400, epoch: 7 | loss: 1.5485227
	speed: 0.0140s/iter; left time: 13427.8318s
	iters: 4500, epoch: 7 | loss: 1.6417618
	speed: 0.0140s/iter; left time: 13416.7846s
	iters: 4600, epoch: 7 | loss: 1.4774529
	speed: 0.0140s/iter; left time: 13415.9200s
	iters: 4700, epoch: 7 | loss: 1.5395066
	speed: 0.0140s/iter; left time: 13400.4507s
	iters: 4800, epoch: 7 | loss: 1.4297935
	speed: 0.0141s/iter; left time: 13491.3353s
	iters: 4900, epoch: 7 | loss: 1.4040725
	speed: 0.0139s/iter; left time: 13374.4621s
Epoch: 7 cost time: 69.923752784729
Epoch: 7, Steps: 4971 | Train Loss: 1.4923182 Vali Loss: 1.6165437 Test Loss: 1.7333916
EarlyStopping counter: 1 out of 5
	iters: 100, epoch: 8 | loss: 1.4311019
	speed: 0.6237s/iter; left time: 598277.4347s
	iters: 200, epoch: 8 | loss: 1.5213954
	speed: 0.0141s/iter; left time: 13540.3809s
	iters: 300, epoch: 8 | loss: 1.3680189
	speed: 0.0141s/iter; left time: 13514.0467s
	iters: 400, epoch: 8 | loss: 1.3693864
	speed: 0.0141s/iter; left time: 13560.2917s
	iters: 500, epoch: 8 | loss: 1.4027792
	speed: 0.0141s/iter; left time: 13562.6843s
	iters: 600, epoch: 8 | loss: 1.5719614
	speed: 0.0140s/iter; left time: 13454.4146s
	iters: 700, epoch: 8 | loss: 1.6448076
	speed: 0.0141s/iter; left time: 13522.0815s
	iters: 800, epoch: 8 | loss: 1.4705373
	speed: 0.0141s/iter; left time: 13491.8945s
	iters: 900, epoch: 8 | loss: 1.4886937
	speed: 0.0140s/iter; left time: 13456.5830s
	iters: 1000, epoch: 8 | loss: 1.3682411
	speed: 0.0140s/iter; left time: 13452.1012s
	iters: 1100, epoch: 8 | loss: 1.5807412
	speed: 0.0140s/iter; left time: 13455.7081s
	iters: 1200, epoch: 8 | loss: 1.7153220
	speed: 0.0141s/iter; left time: 13512.2467s
	iters: 1300, epoch: 8 | loss: 1.4591086
	speed: 0.0141s/iter; left time: 13465.9912s
	iters: 1400, epoch: 8 | loss: 1.6092159
	speed: 0.0140s/iter; left time: 13416.2733s
	iters: 1500, epoch: 8 | loss: 1.5243620
	speed: 0.0141s/iter; left time: 13476.1843s
	iters: 1600, epoch: 8 | loss: 1.3994398
	speed: 0.0140s/iter; left time: 13455.0131s
	iters: 1700, epoch: 8 | loss: 1.4105178
	speed: 0.0141s/iter; left time: 13458.0334s
	iters: 1800, epoch: 8 | loss: 1.4596356
	speed: 0.0140s/iter; left time: 13399.0962s
	iters: 1900, epoch: 8 | loss: 1.4153417
	speed: 0.0140s/iter; left time: 13411.4489s
	iters: 2000, epoch: 8 | loss: 1.5986454
	speed: 0.0140s/iter; left time: 13422.1599s
	iters: 2100, epoch: 8 | loss: 1.4172087
	speed: 0.0141s/iter; left time: 13468.9004s
	iters: 2200, epoch: 8 | loss: 1.4117533
	speed: 0.0140s/iter; left time: 13411.3936s
	iters: 2300, epoch: 8 | loss: 1.5192028
	speed: 0.0140s/iter; left time: 13439.7692s
	iters: 2400, epoch: 8 | loss: 1.2611251
	speed: 0.0140s/iter; left time: 13410.6404s
	iters: 2500, epoch: 8 | loss: 1.2861552
	speed: 0.0140s/iter; left time: 13430.0275s
	iters: 2600, epoch: 8 | loss: 1.8407987
	speed: 0.0140s/iter; left time: 13403.0837s
	iters: 2700, epoch: 8 | loss: 1.5335345
	speed: 0.0140s/iter; left time: 13421.0368s
	iters: 2800, epoch: 8 | loss: 1.3865316
	speed: 0.0141s/iter; left time: 13470.6423s
	iters: 2900, epoch: 8 | loss: 1.3915135
	speed: 0.0140s/iter; left time: 13422.2243s
	iters: 3000, epoch: 8 | loss: 1.6258026
	speed: 0.0141s/iter; left time: 13475.3234s
	iters: 3100, epoch: 8 | loss: 1.6429422
	speed: 0.0142s/iter; left time: 13587.6344s
	iters: 3200, epoch: 8 | loss: 1.5681137
	speed: 0.0140s/iter; left time: 13419.1453s
	iters: 3300, epoch: 8 | loss: 1.6476340
	speed: 0.0140s/iter; left time: 13374.1527s
	iters: 3400, epoch: 8 | loss: 1.4594095
	speed: 0.0140s/iter; left time: 13371.3635s
	iters: 3500, epoch: 8 | loss: 1.5808085
	speed: 0.0140s/iter; left time: 13384.6146s
	iters: 3600, epoch: 8 | loss: 1.6252927
	speed: 0.0140s/iter; left time: 13428.4876s
	iters: 3700, epoch: 8 | loss: 1.4612702
	speed: 0.0140s/iter; left time: 13413.7826s
	iters: 3800, epoch: 8 | loss: 1.6297611
	speed: 0.0140s/iter; left time: 13385.5676s
	iters: 3900, epoch: 8 | loss: 1.6113173
	speed: 0.0140s/iter; left time: 13380.0389s
	iters: 4000, epoch: 8 | loss: 1.3709966
	speed: 0.0140s/iter; left time: 13396.7499s
	iters: 4100, epoch: 8 | loss: 1.4193356
	speed: 0.0140s/iter; left time: 13349.2327s
	iters: 4200, epoch: 8 | loss: 1.6521533
	speed: 0.0140s/iter; left time: 13378.0220s
	iters: 4300, epoch: 8 | loss: 1.5747602
	speed: 0.0141s/iter; left time: 13428.2148s
	iters: 4400, epoch: 8 | loss: 1.3959550
	speed: 0.0140s/iter; left time: 13378.1103s
	iters: 4500, epoch: 8 | loss: 1.4200127
	speed: 0.0140s/iter; left time: 13359.6231s
	iters: 4600, epoch: 8 | loss: 1.6180745
	speed: 0.0140s/iter; left time: 13364.5161s
	iters: 4700, epoch: 8 | loss: 1.5193322
	speed: 0.0140s/iter; left time: 13352.9668s
	iters: 4800, epoch: 8 | loss: 1.4600605
	speed: 0.0140s/iter; left time: 13373.6813s
	iters: 4900, epoch: 8 | loss: 1.6758292
	speed: 0.0141s/iter; left time: 13426.5516s
Epoch: 8 cost time: 70.01611566543579
Epoch: 8, Steps: 4971 | Train Loss: 1.4923088 Vali Loss: 1.6164337 Test Loss: 1.7313104
EarlyStopping counter: 2 out of 5
	iters: 100, epoch: 9 | loss: 1.4124463
	speed: 0.6246s/iter; left time: 596082.9155s
	iters: 200, epoch: 9 | loss: 1.4359206
	speed: 0.0141s/iter; left time: 13489.1125s
	iters: 300, epoch: 9 | loss: 1.4662507
	speed: 0.0140s/iter; left time: 13384.4989s
	iters: 400, epoch: 9 | loss: 1.5580776
	speed: 0.0141s/iter; left time: 13444.7694s
	iters: 500, epoch: 9 | loss: 1.5014954
	speed: 0.0140s/iter; left time: 13386.4808s
	iters: 600, epoch: 9 | loss: 1.3490601
	speed: 0.0141s/iter; left time: 13436.7886s
	iters: 700, epoch: 9 | loss: 1.5691965
	speed: 0.0141s/iter; left time: 13446.8562s
	iters: 800, epoch: 9 | loss: 1.5583019
	speed: 0.0141s/iter; left time: 13401.0376s
	iters: 900, epoch: 9 | loss: 1.3220357
	speed: 0.0140s/iter; left time: 13342.7564s
	iters: 1000, epoch: 9 | loss: 1.5164176
	speed: 0.0140s/iter; left time: 13360.4630s
	iters: 1100, epoch: 9 | loss: 1.8028276
	speed: 0.0140s/iter; left time: 13366.9192s
	iters: 1200, epoch: 9 | loss: 1.4019648
	speed: 0.0140s/iter; left time: 13335.7813s
	iters: 1300, epoch: 9 | loss: 1.4698431
	speed: 0.0140s/iter; left time: 13350.8961s
	iters: 1400, epoch: 9 | loss: 1.2261007
	speed: 0.0141s/iter; left time: 13403.6694s
	iters: 1500, epoch: 9 | loss: 1.3141381
	speed: 0.0140s/iter; left time: 13346.7633s
	iters: 1600, epoch: 9 | loss: 1.5849694
	speed: 0.0140s/iter; left time: 13313.8401s
	iters: 1700, epoch: 9 | loss: 1.2509542
	speed: 0.0140s/iter; left time: 13346.9900s
	iters: 1800, epoch: 9 | loss: 1.4793240
	speed: 0.0140s/iter; left time: 13380.1121s
	iters: 1900, epoch: 9 | loss: 1.2613620
	speed: 0.0140s/iter; left time: 13325.8701s
	iters: 2000, epoch: 9 | loss: 1.4074483
	speed: 0.0140s/iter; left time: 13310.7625s
	iters: 2100, epoch: 9 | loss: 1.6099962
	speed: 0.0140s/iter; left time: 13326.3826s
	iters: 2200, epoch: 9 | loss: 1.4820681
	speed: 0.0140s/iter; left time: 13333.1745s
	iters: 2300, epoch: 9 | loss: 1.4523832
	speed: 0.0141s/iter; left time: 13383.4954s
	iters: 2400, epoch: 9 | loss: 1.3974742
	speed: 0.0140s/iter; left time: 13319.2043s
	iters: 2500, epoch: 9 | loss: 1.4630371
	speed: 0.0141s/iter; left time: 13387.3976s
	iters: 2600, epoch: 9 | loss: 1.4278623
	speed: 0.0140s/iter; left time: 13341.2828s
	iters: 2700, epoch: 9 | loss: 1.4837005
	speed: 0.0141s/iter; left time: 13371.8892s
	iters: 2800, epoch: 9 | loss: 1.5033795
	speed: 0.0140s/iter; left time: 13352.8687s
	iters: 2900, epoch: 9 | loss: 1.6306113
	speed: 0.0140s/iter; left time: 13310.3307s
	iters: 3000, epoch: 9 | loss: 1.5521444
	speed: 0.0141s/iter; left time: 13367.9464s
	iters: 3100, epoch: 9 | loss: 1.6698402
	speed: 0.0140s/iter; left time: 13290.6399s
	iters: 3200, epoch: 9 | loss: 1.5682461
	speed: 0.0140s/iter; left time: 13291.8781s
	iters: 3300, epoch: 9 | loss: 1.4210870
	speed: 0.0140s/iter; left time: 13302.9099s
	iters: 3400, epoch: 9 | loss: 1.5201143
	speed: 0.0140s/iter; left time: 13306.4974s
	iters: 3500, epoch: 9 | loss: 1.7625934
	speed: 0.0141s/iter; left time: 13408.3919s
	iters: 3600, epoch: 9 | loss: 1.6870792
	speed: 0.0140s/iter; left time: 13343.0399s
	iters: 3700, epoch: 9 | loss: 1.4030589
	speed: 0.0140s/iter; left time: 13332.4405s
	iters: 3800, epoch: 9 | loss: 1.2929319
	speed: 0.0140s/iter; left time: 13353.3858s
	iters: 3900, epoch: 9 | loss: 1.2380643
	speed: 0.0140s/iter; left time: 13274.4097s
	iters: 4000, epoch: 9 | loss: 1.4426138
	speed: 0.0140s/iter; left time: 13304.8506s
	iters: 4100, epoch: 9 | loss: 1.4970528
	speed: 0.0140s/iter; left time: 13302.2793s
	iters: 4200, epoch: 9 | loss: 1.4414634
	speed: 0.0140s/iter; left time: 13284.3570s
	iters: 4300, epoch: 9 | loss: 1.2456002
	speed: 0.0140s/iter; left time: 13320.2140s
	iters: 4400, epoch: 9 | loss: 1.5385472
	speed: 0.0140s/iter; left time: 13267.9503s
	iters: 4500, epoch: 9 | loss: 1.4980375
	speed: 0.0140s/iter; left time: 13326.0958s
	iters: 4600, epoch: 9 | loss: 1.5200082
	speed: 0.0140s/iter; left time: 13287.0669s
	iters: 4700, epoch: 9 | loss: 1.3803812
	speed: 0.0140s/iter; left time: 13309.2964s
	iters: 4800, epoch: 9 | loss: 1.6215476
	speed: 0.0140s/iter; left time: 13275.2241s
	iters: 4900, epoch: 9 | loss: 1.5682077
	speed: 0.0140s/iter; left time: 13259.5706s
Epoch: 9 cost time: 69.89568424224854
Epoch: 9, Steps: 4971 | Train Loss: 1.4922704 Vali Loss: 1.6167400 Test Loss: 1.7269973
EarlyStopping counter: 3 out of 5
	iters: 100, epoch: 10 | loss: 1.3202387
	speed: 0.6261s/iter; left time: 594398.0506s
	iters: 200, epoch: 10 | loss: 1.5854434
	speed: 0.0142s/iter; left time: 13468.8365s
	iters: 300, epoch: 10 | loss: 1.5387504
	speed: 0.0141s/iter; left time: 13375.5859s
	iters: 400, epoch: 10 | loss: 1.7052715
	speed: 0.0140s/iter; left time: 13310.2611s
	iters: 500, epoch: 10 | loss: 1.2514653
	speed: 0.0140s/iter; left time: 13327.9858s
	iters: 600, epoch: 10 | loss: 1.2293708
	speed: 0.0140s/iter; left time: 13302.5584s
	iters: 700, epoch: 10 | loss: 1.3976601
	speed: 0.0140s/iter; left time: 13324.4824s
	iters: 800, epoch: 10 | loss: 1.6968384
	speed: 0.0141s/iter; left time: 13335.4817s
	iters: 900, epoch: 10 | loss: 1.6522251
	speed: 0.0140s/iter; left time: 13294.2388s
	iters: 1000, epoch: 10 | loss: 1.4456140
	speed: 0.0140s/iter; left time: 13321.1624s
	iters: 1100, epoch: 10 | loss: 1.3217797
	speed: 0.0140s/iter; left time: 13284.0420s
	iters: 1200, epoch: 10 | loss: 1.3383690
	speed: 0.0141s/iter; left time: 13339.0581s
	iters: 1300, epoch: 10 | loss: 1.4182335
	speed: 0.0141s/iter; left time: 13342.0619s
	iters: 1400, epoch: 10 | loss: 1.4763895
	speed: 0.0140s/iter; left time: 13253.8571s
	iters: 1500, epoch: 10 | loss: 1.3435179
	speed: 0.0141s/iter; left time: 13327.0588s
	iters: 1600, epoch: 10 | loss: 1.4716665
	speed: 0.0141s/iter; left time: 13347.8381s
	iters: 1700, epoch: 10 | loss: 1.4152650
	speed: 0.0140s/iter; left time: 13266.6059s
	iters: 1800, epoch: 10 | loss: 1.3148752
	speed: 0.0140s/iter; left time: 13257.0813s
	iters: 1900, epoch: 10 | loss: 1.5742550
	speed: 0.0140s/iter; left time: 13304.6045s
	iters: 2000, epoch: 10 | loss: 1.4363467
	speed: 0.0140s/iter; left time: 13246.0474s
	iters: 2100, epoch: 10 | loss: 1.3740028
	speed: 0.0140s/iter; left time: 13263.9272s
	iters: 2200, epoch: 10 | loss: 1.3903933
	speed: 0.0140s/iter; left time: 13280.5382s
	iters: 2300, epoch: 10 | loss: 1.4065385
	speed: 0.0141s/iter; left time: 13311.5416s
	iters: 2400, epoch: 10 | loss: 1.5278001
	speed: 0.0141s/iter; left time: 13316.1514s
	iters: 2500, epoch: 10 | loss: 1.5043904
	speed: 0.0140s/iter; left time: 13293.7733s
	iters: 2600, epoch: 10 | loss: 1.5957441
	speed: 0.0141s/iter; left time: 13330.3224s
	iters: 2700, epoch: 10 | loss: 1.4923904
	speed: 0.0141s/iter; left time: 13315.3620s
	iters: 2800, epoch: 10 | loss: 1.5024767
	speed: 0.0140s/iter; left time: 13236.3977s
	iters: 2900, epoch: 10 | loss: 1.3100677
	speed: 0.0140s/iter; left time: 13228.4684s
	iters: 3000, epoch: 10 | loss: 1.5345145
	speed: 0.0141s/iter; left time: 13299.1560s
	iters: 3100, epoch: 10 | loss: 1.4047474
	speed: 0.0140s/iter; left time: 13220.7861s
	iters: 3200, epoch: 10 | loss: 1.5193137
	speed: 0.0140s/iter; left time: 13248.9097s
	iters: 3300, epoch: 10 | loss: 1.6288041
	speed: 0.0140s/iter; left time: 13223.4264s
	iters: 3400, epoch: 10 | loss: 1.3429388
	speed: 0.0141s/iter; left time: 13332.1128s
	iters: 3500, epoch: 10 | loss: 1.3963847
	speed: 0.0140s/iter; left time: 13212.1105s
	iters: 3600, epoch: 10 | loss: 1.5279144
	speed: 0.0140s/iter; left time: 13216.6064s
	iters: 3700, epoch: 10 | loss: 1.6166880
	speed: 0.0140s/iter; left time: 13213.1279s
	iters: 3800, epoch: 10 | loss: 1.5782136
	speed: 0.0140s/iter; left time: 13221.3153s
	iters: 3900, epoch: 10 | loss: 1.6437401
	speed: 0.0140s/iter; left time: 13226.3760s
	iters: 4000, epoch: 10 | loss: 1.5795134
	speed: 0.0140s/iter; left time: 13207.7780s
	iters: 4100, epoch: 10 | loss: 1.4886528
	speed: 0.0140s/iter; left time: 13200.6741s
	iters: 4200, epoch: 10 | loss: 1.7397798
	speed: 0.0140s/iter; left time: 13234.5028s
	iters: 4300, epoch: 10 | loss: 1.4740031
	speed: 0.0140s/iter; left time: 13214.3247s
	iters: 4400, epoch: 10 | loss: 1.3762981
	speed: 0.0140s/iter; left time: 13220.6686s
	iters: 4500, epoch: 10 | loss: 1.4198092
	speed: 0.0140s/iter; left time: 13207.0834s
	iters: 4600, epoch: 10 | loss: 1.4247023
	speed: 0.0141s/iter; left time: 13332.4310s
	iters: 4700, epoch: 10 | loss: 1.5271224
	speed: 0.0140s/iter; left time: 13228.3222s
	iters: 4800, epoch: 10 | loss: 1.4153326
	speed: 0.0139s/iter; left time: 13176.7802s
	iters: 4900, epoch: 10 | loss: 1.5565958
	speed: 0.0140s/iter; left time: 13213.4443s
Epoch: 10 cost time: 69.91167855262756
Epoch: 10, Steps: 4971 | Train Loss: 1.4923398 Vali Loss: 1.6159174 Test Loss: 1.7526170
EarlyStopping counter: 4 out of 5
	iters: 100, epoch: 11 | loss: 1.2755860
	speed: 0.6180s/iter; left time: 583602.6712s
	iters: 200, epoch: 11 | loss: 1.5676332
	speed: 0.0140s/iter; left time: 13229.7918s
	iters: 300, epoch: 11 | loss: 1.4665792
	speed: 0.0140s/iter; left time: 13208.9523s
	iters: 400, epoch: 11 | loss: 1.3954201
	speed: 0.0140s/iter; left time: 13180.4976s
	iters: 500, epoch: 11 | loss: 1.7101536
	speed: 0.0141s/iter; left time: 13288.8432s
	iters: 600, epoch: 11 | loss: 1.5366929
	speed: 0.0140s/iter; left time: 13190.8186s
	iters: 700, epoch: 11 | loss: 1.6148490
	speed: 0.0140s/iter; left time: 13182.4838s
	iters: 800, epoch: 11 | loss: 1.4935647
	speed: 0.0140s/iter; left time: 13194.7914s
	iters: 900, epoch: 11 | loss: 1.4954809
	speed: 0.0139s/iter; left time: 13158.0302s
	iters: 1000, epoch: 11 | loss: 1.4465570
	speed: 0.0139s/iter; left time: 13158.8582s
	iters: 1100, epoch: 11 | loss: 1.4953101
	speed: 0.0140s/iter; left time: 13174.5126s
	iters: 1200, epoch: 11 | loss: 1.3056031
	speed: 0.0139s/iter; left time: 13144.8149s
	iters: 1300, epoch: 11 | loss: 1.4853321
	speed: 0.0139s/iter; left time: 13147.1251s
	iters: 1400, epoch: 11 | loss: 1.6063925
	speed: 0.0139s/iter; left time: 13155.9057s
	iters: 1500, epoch: 11 | loss: 1.5344537
	speed: 0.0139s/iter; left time: 13127.0369s
	iters: 1600, epoch: 11 | loss: 1.4034628
	speed: 0.0139s/iter; left time: 13150.0022s
	iters: 1700, epoch: 11 | loss: 1.5034961
	speed: 0.0139s/iter; left time: 13123.1783s
	iters: 1800, epoch: 11 | loss: 1.4272884
	speed: 0.0139s/iter; left time: 13121.2424s
	iters: 1900, epoch: 11 | loss: 1.5116893
	speed: 0.0140s/iter; left time: 13167.2509s
	iters: 2000, epoch: 11 | loss: 1.3812209
	speed: 0.0139s/iter; left time: 13113.3690s
	iters: 2100, epoch: 11 | loss: 1.4656613
	speed: 0.0139s/iter; left time: 13106.3943s
	iters: 2200, epoch: 11 | loss: 1.6150911
	speed: 0.0139s/iter; left time: 13125.4004s
	iters: 2300, epoch: 11 | loss: 1.4070789
	speed: 0.0140s/iter; left time: 13177.2529s
	iters: 2400, epoch: 11 | loss: 1.6927003
	speed: 0.0140s/iter; left time: 13145.2936s
	iters: 2500, epoch: 11 | loss: 1.3604175
	speed: 0.0140s/iter; left time: 13179.3450s
	iters: 2600, epoch: 11 | loss: 1.3713990
	speed: 0.0140s/iter; left time: 13146.1611s
	iters: 2700, epoch: 11 | loss: 1.5713016
	speed: 0.0139s/iter; left time: 13107.0448s
	iters: 2800, epoch: 11 | loss: 1.4206800
	speed: 0.0139s/iter; left time: 13109.8516s
	iters: 2900, epoch: 11 | loss: 1.4860054
	speed: 0.0139s/iter; left time: 13104.7620s
	iters: 3000, epoch: 11 | loss: 1.3860801
	speed: 0.0139s/iter; left time: 13102.9370s
	iters: 3100, epoch: 11 | loss: 1.4978222
	speed: 0.0139s/iter; left time: 13122.8856s
	iters: 3200, epoch: 11 | loss: 1.4362378
	speed: 0.0140s/iter; left time: 13168.8534s
	iters: 3300, epoch: 11 | loss: 1.4484696
	speed: 0.0139s/iter; left time: 13114.3149s
	iters: 3400, epoch: 11 | loss: 1.6351825
	speed: 0.0139s/iter; left time: 13074.1565s
	iters: 3500, epoch: 11 | loss: 1.5066619
	speed: 0.0139s/iter; left time: 13108.7125s
	iters: 3600, epoch: 11 | loss: 1.5208247
	speed: 0.0139s/iter; left time: 13074.6711s
	iters: 3700, epoch: 11 | loss: 1.4722842
	speed: 0.0139s/iter; left time: 13084.2700s
	iters: 3800, epoch: 11 | loss: 1.4558506
	speed: 0.0139s/iter; left time: 13076.8484s
	iters: 3900, epoch: 11 | loss: 1.4751880
	speed: 0.0139s/iter; left time: 13101.6826s
	iters: 4000, epoch: 11 | loss: 1.4236636
	speed: 0.0139s/iter; left time: 13084.5307s
	iters: 4100, epoch: 11 | loss: 1.6919179
	speed: 0.0140s/iter; left time: 13128.5996s
	iters: 4200, epoch: 11 | loss: 1.6240487
	speed: 0.0140s/iter; left time: 13142.7035s
	iters: 4300, epoch: 11 | loss: 1.4393070
	speed: 0.0140s/iter; left time: 13159.7227s
	iters: 4400, epoch: 11 | loss: 1.3821481
	speed: 0.0140s/iter; left time: 13149.5526s
	iters: 4500, epoch: 11 | loss: 1.3858407
	speed: 0.0140s/iter; left time: 13171.0513s
	iters: 4600, epoch: 11 | loss: 1.4371580
	speed: 0.0140s/iter; left time: 13152.5500s
	iters: 4700, epoch: 11 | loss: 1.3729523
	speed: 0.0140s/iter; left time: 13130.3239s
	iters: 4800, epoch: 11 | loss: 1.4917499
	speed: 0.0140s/iter; left time: 13184.2198s
	iters: 4900, epoch: 11 | loss: 1.6208547
	speed: 0.0140s/iter; left time: 13107.3861s
Epoch: 11 cost time: 69.57257223129272
Epoch: 11, Steps: 4971 | Train Loss: 1.4921837 Vali Loss: 1.6172531 Test Loss: 1.7895676
EarlyStopping counter: 5 out of 5
Early stopping
>>>>>>>testing : long_term_forecast_pems08_all_96_96_DLinear_custom_ftM_sl96_ll48_pl96_dm512_nh8_el2_dl1_df2048_fc3_ebtimeF_dtTrue_srate0.1_sseed7_trainseed2024_Exp_0<<<<<<<<<<<<<<<<<<<<<<<<<<<<<<<<<
test 379431
test shape: (37943, 1, 96, 212) (37943, 1, 96, 212)
test shape: (37943, 96, 212) (37943, 96, 212)
mse:1.7714604139328003, mae:1.0576417446136475
>>>>>>>Overall time: 1964 seconds<<<<<<<<<<<<<<<<<<<<<<<<<<<<<<<<<
