Args in experiment:
Namespace(activation='gelu', anomaly_ratio=0.25, batch_size=32, c_out=103, checkpoints='./checkpoints/', d_ff=2048, d_layers=1, d_model=512, data='custom', data_path='pems05_all_common_flow.csv', dec_in=103, des='Exp', devices='0,1,2,3', distil=True, dropout=0, e_layers=2, embed='timeF', enc_in=103, factor=3, features='M', freq='h', gap_day=730, gpu=0, inverse=False, is_training=1, itr=1, label_len=48, learning_rate=0.0005, loss='MSE', lradj='type3', mask_rate=0.25, model='DLinear', model_id='pems05_all_96_96', moving_avg=25, n_heads=8, num_kernels=6, num_workers=10, output_attention=False, p_hidden_dims=[128, 128], p_hidden_layers=2, patience=5, pred_len=96, root_path='../../data/pems/', samle_rate=0.1, sample_seed=7, seasonal_patterns='Monthly', seq_len=96, target='', task_name='long_term_forecast', top_k=5, train_epochs=200, train_seed=2024, use_amp=False, use_gpu=True, use_multi_gpu=False)
Use GPU: cuda:0
>>>>>>>start training : long_term_forecast_pems05_all_96_96_DLinear_custom_ftM_sl96_ll48_pl96_dm512_nh8_el2_dl1_df2048_fc3_ebtimeF_dtTrue_srate0.1_sseed7_trainseed2024_gap730_Exp_0>>>>>>>>>>>>>>>>>>>>>>>>>>
train 548359
val 42596
test 42595
	iters: 100, epoch: 1 | loss: 1.3661879
	speed: 0.0110s/iter; left time: 3752.6774s
	iters: 200, epoch: 1 | loss: 1.5671192
	speed: 0.0079s/iter; left time: 2700.7293s
	iters: 300, epoch: 1 | loss: 1.7018636
	speed: 0.0078s/iter; left time: 2685.3746s
	iters: 400, epoch: 1 | loss: 1.1291541
	speed: 0.0078s/iter; left time: 2663.2551s
	iters: 500, epoch: 1 | loss: 1.4543632
	speed: 0.0078s/iter; left time: 2664.8536s
	iters: 600, epoch: 1 | loss: 1.4791319
	speed: 0.0078s/iter; left time: 2674.5386s
	iters: 700, epoch: 1 | loss: 1.4296790
	speed: 0.0080s/iter; left time: 2746.3714s
	iters: 800, epoch: 1 | loss: 1.2862500
	speed: 0.0079s/iter; left time: 2698.3673s
	iters: 900, epoch: 1 | loss: 1.5112323
	speed: 0.0079s/iter; left time: 2711.3964s
	iters: 1000, epoch: 1 | loss: 1.5533583
	speed: 0.0078s/iter; left time: 2663.5649s
	iters: 1100, epoch: 1 | loss: 1.5825908
	speed: 0.0078s/iter; left time: 2660.7041s
	iters: 1200, epoch: 1 | loss: 1.1946089
	speed: 0.0078s/iter; left time: 2655.4702s
	iters: 1300, epoch: 1 | loss: 1.2975112
	speed: 0.0078s/iter; left time: 2658.7984s
	iters: 1400, epoch: 1 | loss: 1.6405047
	speed: 0.0078s/iter; left time: 2659.8872s
	iters: 1500, epoch: 1 | loss: 1.6673136
	speed: 0.0078s/iter; left time: 2659.9200s
	iters: 1600, epoch: 1 | loss: 1.3713046
	speed: 0.0078s/iter; left time: 2676.7020s
	iters: 1700, epoch: 1 | loss: 1.5271457
	speed: 0.0079s/iter; left time: 2686.3986s
Epoch: 1 cost time: 13.811782598495483
Epoch: 1, Steps: 1713 | Train Loss: 1.4444897 Vali Loss: 1.6968263 Test Loss: 1.6349331
Validation loss decreased (inf --> 1.696826).  Saving model ...
	iters: 100, epoch: 2 | loss: 1.4666704
	speed: 0.0766s/iter; left time: 26109.0947s
	iters: 200, epoch: 2 | loss: 1.3742770
	speed: 0.0077s/iter; left time: 2638.7500s
	iters: 300, epoch: 2 | loss: 1.7423465
	speed: 0.0078s/iter; left time: 2649.3455s
	iters: 400, epoch: 2 | loss: 1.4511095
	speed: 0.0078s/iter; left time: 2672.4130s
	iters: 500, epoch: 2 | loss: 1.3098317
	speed: 0.0078s/iter; left time: 2667.7295s
	iters: 600, epoch: 2 | loss: 1.3379384
	speed: 0.0078s/iter; left time: 2638.7941s
	iters: 700, epoch: 2 | loss: 1.5150124
	speed: 0.0078s/iter; left time: 2662.7158s
	iters: 800, epoch: 2 | loss: 1.3755264
	speed: 0.0078s/iter; left time: 2660.4954s
	iters: 900, epoch: 2 | loss: 1.4269542
	speed: 0.0077s/iter; left time: 2629.0248s
	iters: 1000, epoch: 2 | loss: 1.5703177
	speed: 0.0079s/iter; left time: 2680.2286s
	iters: 1100, epoch: 2 | loss: 1.5223782
	speed: 0.0078s/iter; left time: 2652.0978s
	iters: 1200, epoch: 2 | loss: 1.2118568
	speed: 0.0077s/iter; left time: 2623.1075s
	iters: 1300, epoch: 2 | loss: 1.3847674
	speed: 0.0078s/iter; left time: 2643.5609s
	iters: 1400, epoch: 2 | loss: 1.4099953
	speed: 0.0078s/iter; left time: 2646.4263s
	iters: 1500, epoch: 2 | loss: 1.4719037
	speed: 0.0078s/iter; left time: 2646.3095s
	iters: 1600, epoch: 2 | loss: 1.4785266
	speed: 0.0078s/iter; left time: 2646.9664s
	iters: 1700, epoch: 2 | loss: 1.5863127
	speed: 0.0079s/iter; left time: 2667.0067s
Epoch: 2 cost time: 13.4940185546875
Epoch: 2, Steps: 1713 | Train Loss: 1.4263934 Vali Loss: 1.6800989 Test Loss: 1.6562263
Validation loss decreased (1.696826 --> 1.680099).  Saving model ...
	iters: 100, epoch: 3 | loss: 1.3230746
	speed: 0.0768s/iter; left time: 26026.4952s
	iters: 200, epoch: 3 | loss: 1.6425834
	speed: 0.0084s/iter; left time: 2849.2130s
	iters: 300, epoch: 3 | loss: 1.3371235
	speed: 0.0084s/iter; left time: 2846.4948s
	iters: 400, epoch: 3 | loss: 1.7516642
	speed: 0.0078s/iter; left time: 2649.8540s
	iters: 500, epoch: 3 | loss: 1.2268453
	speed: 0.0086s/iter; left time: 2911.4508s
	iters: 600, epoch: 3 | loss: 1.6276884
	speed: 0.0079s/iter; left time: 2658.0740s
	iters: 700, epoch: 3 | loss: 1.4710257
	speed: 0.0077s/iter; left time: 2617.2099s
	iters: 800, epoch: 3 | loss: 1.4300600
	speed: 0.0086s/iter; left time: 2914.1617s
	iters: 900, epoch: 3 | loss: 1.3801428
	speed: 0.0077s/iter; left time: 2596.2362s
	iters: 1000, epoch: 3 | loss: 1.3041246
	speed: 0.0077s/iter; left time: 2599.0590s
	iters: 1100, epoch: 3 | loss: 1.3295374
	speed: 0.0080s/iter; left time: 2691.4212s
	iters: 1200, epoch: 3 | loss: 1.3154632
	speed: 0.0086s/iter; left time: 2894.2471s
	iters: 1300, epoch: 3 | loss: 1.3885266
	speed: 0.0085s/iter; left time: 2886.8456s
	iters: 1400, epoch: 3 | loss: 1.2344383
	speed: 0.0082s/iter; left time: 2753.4600s
	iters: 1500, epoch: 3 | loss: 1.2521467
	speed: 0.0082s/iter; left time: 2758.2143s
	iters: 1600, epoch: 3 | loss: 1.2481971
	speed: 0.0084s/iter; left time: 2844.6737s
	iters: 1700, epoch: 3 | loss: 1.3296027
	speed: 0.0087s/iter; left time: 2923.1046s
Epoch: 3 cost time: 14.247011423110962
Epoch: 3, Steps: 1713 | Train Loss: 1.4265364 Vali Loss: 1.7365654 Test Loss: 1.6836764
EarlyStopping counter: 1 out of 5
	iters: 100, epoch: 4 | loss: 1.3885051
	speed: 0.0751s/iter; left time: 25340.8714s
	iters: 200, epoch: 4 | loss: 1.5200753
	speed: 0.0079s/iter; left time: 2671.1675s
	iters: 300, epoch: 4 | loss: 1.1774238
	speed: 0.0079s/iter; left time: 2655.0853s
	iters: 400, epoch: 4 | loss: 1.2904720
	speed: 0.0079s/iter; left time: 2651.6748s
	iters: 500, epoch: 4 | loss: 1.3552113
	speed: 0.0079s/iter; left time: 2656.0265s
	iters: 600, epoch: 4 | loss: 1.2039551
	speed: 0.0079s/iter; left time: 2652.8811s
	iters: 700, epoch: 4 | loss: 1.5823261
	speed: 0.0079s/iter; left time: 2649.8077s
	iters: 800, epoch: 4 | loss: 1.6743021
	speed: 0.0079s/iter; left time: 2675.2816s
	iters: 900, epoch: 4 | loss: 1.2089216
	speed: 0.0078s/iter; left time: 2639.6737s
	iters: 1000, epoch: 4 | loss: 1.5467602
	speed: 0.0079s/iter; left time: 2661.2608s
	iters: 1100, epoch: 4 | loss: 1.4689766
	speed: 0.0079s/iter; left time: 2649.4062s
	iters: 1200, epoch: 4 | loss: 1.3010662
	speed: 0.0079s/iter; left time: 2658.5541s
	iters: 1300, epoch: 4 | loss: 1.3649032
	speed: 0.0079s/iter; left time: 2658.1474s
	iters: 1400, epoch: 4 | loss: 1.4589190
	speed: 0.0078s/iter; left time: 2637.7625s
	iters: 1500, epoch: 4 | loss: 1.4575459
	speed: 0.0079s/iter; left time: 2642.3883s
	iters: 1600, epoch: 4 | loss: 1.5651371
	speed: 0.0079s/iter; left time: 2642.7333s
	iters: 1700, epoch: 4 | loss: 1.3255507
	speed: 0.0079s/iter; left time: 2651.6327s
Epoch: 4 cost time: 13.62973403930664
Epoch: 4, Steps: 1713 | Train Loss: 1.4268057 Vali Loss: 1.7213378 Test Loss: 1.6663287
EarlyStopping counter: 2 out of 5
	iters: 100, epoch: 5 | loss: 1.2121927
	speed: 0.0750s/iter; left time: 25163.3598s
	iters: 200, epoch: 5 | loss: 1.2860256
	speed: 0.0079s/iter; left time: 2652.2010s
	iters: 300, epoch: 5 | loss: 1.5894685
	speed: 0.0078s/iter; left time: 2620.1787s
	iters: 400, epoch: 5 | loss: 1.3503489
	speed: 0.0078s/iter; left time: 2617.8449s
	iters: 500, epoch: 5 | loss: 1.6888553
	speed: 0.0079s/iter; left time: 2654.5712s
	iters: 600, epoch: 5 | loss: 1.4827430
	speed: 0.0079s/iter; left time: 2660.8231s
	iters: 700, epoch: 5 | loss: 1.5683181
	speed: 0.0079s/iter; left time: 2631.1015s
	iters: 800, epoch: 5 | loss: 1.5739838
	speed: 0.0080s/iter; left time: 2665.8043s
	iters: 900, epoch: 5 | loss: 1.5250663
	speed: 0.0079s/iter; left time: 2651.3832s
	iters: 1000, epoch: 5 | loss: 1.4090801
	speed: 0.0078s/iter; left time: 2617.3184s
	iters: 1100, epoch: 5 | loss: 1.2190603
	speed: 0.0079s/iter; left time: 2648.6626s
	iters: 1200, epoch: 5 | loss: 1.4738145
	speed: 0.0078s/iter; left time: 2623.4055s
	iters: 1300, epoch: 5 | loss: 1.4167607
	speed: 0.0078s/iter; left time: 2610.9898s
	iters: 1400, epoch: 5 | loss: 1.1906185
	speed: 0.0078s/iter; left time: 2608.1174s
	iters: 1500, epoch: 5 | loss: 1.4635223
	speed: 0.0078s/iter; left time: 2618.1140s
	iters: 1600, epoch: 5 | loss: 1.4937860
	speed: 0.0079s/iter; left time: 2628.1519s
	iters: 1700, epoch: 5 | loss: 1.5073444
	speed: 0.0080s/iter; left time: 2666.5245s
Epoch: 5 cost time: 13.6114501953125
Epoch: 5, Steps: 1713 | Train Loss: 1.4263901 Vali Loss: 1.6741288 Test Loss: 1.6023102
Validation loss decreased (1.680099 --> 1.674129).  Saving model ...
	iters: 100, epoch: 6 | loss: 1.6011540
	speed: 0.0751s/iter; left time: 25063.1862s
	iters: 200, epoch: 6 | loss: 1.3833557
	speed: 0.0077s/iter; left time: 2577.4299s
	iters: 300, epoch: 6 | loss: 1.2253493
	speed: 0.0078s/iter; left time: 2595.1432s
	iters: 400, epoch: 6 | loss: 1.5079616
	speed: 0.0077s/iter; left time: 2562.8149s
	iters: 500, epoch: 6 | loss: 1.4012829
	speed: 0.0077s/iter; left time: 2569.6315s
	iters: 600, epoch: 6 | loss: 1.3856057
	speed: 0.0077s/iter; left time: 2572.4146s
	iters: 700, epoch: 6 | loss: 1.5047019
	speed: 0.0077s/iter; left time: 2566.6045s
	iters: 800, epoch: 6 | loss: 1.7568821
	speed: 0.0077s/iter; left time: 2572.0642s
	iters: 900, epoch: 6 | loss: 1.3280293
	speed: 0.0077s/iter; left time: 2560.6159s
	iters: 1000, epoch: 6 | loss: 1.4419560
	speed: 0.0077s/iter; left time: 2577.1974s
	iters: 1100, epoch: 6 | loss: 1.2773387
	speed: 0.0077s/iter; left time: 2576.8625s
	iters: 1200, epoch: 6 | loss: 1.4390360
	speed: 0.0078s/iter; left time: 2600.2693s
	iters: 1300, epoch: 6 | loss: 1.4221352
	speed: 0.0077s/iter; left time: 2558.0364s
	iters: 1400, epoch: 6 | loss: 1.3809325
	speed: 0.0077s/iter; left time: 2552.5322s
	iters: 1500, epoch: 6 | loss: 1.2626323
	speed: 0.0077s/iter; left time: 2554.8870s
	iters: 1600, epoch: 6 | loss: 1.2129055
	speed: 0.0077s/iter; left time: 2555.3670s
	iters: 1700, epoch: 6 | loss: 1.6767952
	speed: 0.0077s/iter; left time: 2570.4612s
Epoch: 6 cost time: 13.36348557472229
Epoch: 6, Steps: 1713 | Train Loss: 1.4263766 Vali Loss: 1.7714368 Test Loss: 1.7319117
EarlyStopping counter: 1 out of 5
	iters: 100, epoch: 7 | loss: 1.6489991
	speed: 0.0758s/iter; left time: 25174.7606s
	iters: 200, epoch: 7 | loss: 1.2530105
	speed: 0.0078s/iter; left time: 2598.7430s
	iters: 300, epoch: 7 | loss: 1.4837406
	speed: 0.0078s/iter; left time: 2595.0846s
	iters: 400, epoch: 7 | loss: 1.3903425
	speed: 0.0078s/iter; left time: 2605.4724s
	iters: 500, epoch: 7 | loss: 1.5870805
	speed: 0.0079s/iter; left time: 2610.5639s
	iters: 600, epoch: 7 | loss: 1.3365662
	speed: 0.0079s/iter; left time: 2615.8465s
	iters: 700, epoch: 7 | loss: 1.2988354
	speed: 0.0079s/iter; left time: 2626.5674s
	iters: 800, epoch: 7 | loss: 1.2549999
	speed: 0.0078s/iter; left time: 2591.4399s
	iters: 900, epoch: 7 | loss: 1.4517783
	speed: 0.0078s/iter; left time: 2594.5735s
	iters: 1000, epoch: 7 | loss: 1.4266789
	speed: 0.0080s/iter; left time: 2637.8043s
	iters: 1100, epoch: 7 | loss: 1.2569412
	speed: 0.0080s/iter; left time: 2633.6582s
	iters: 1200, epoch: 7 | loss: 1.2959993
	speed: 0.0079s/iter; left time: 2615.8455s
	iters: 1300, epoch: 7 | loss: 1.4246815
	speed: 0.0078s/iter; left time: 2588.5212s
	iters: 1400, epoch: 7 | loss: 1.3039902
	speed: 0.0079s/iter; left time: 2609.9261s
	iters: 1500, epoch: 7 | loss: 1.3497522
	speed: 0.0080s/iter; left time: 2649.6150s
	iters: 1600, epoch: 7 | loss: 1.4312462
	speed: 0.0078s/iter; left time: 2588.5518s
	iters: 1700, epoch: 7 | loss: 1.3286204
	speed: 0.0078s/iter; left time: 2586.4204s
Epoch: 7 cost time: 13.617877960205078
Epoch: 7, Steps: 1713 | Train Loss: 1.4267638 Vali Loss: 1.7238657 Test Loss: 1.6752074
EarlyStopping counter: 2 out of 5
	iters: 100, epoch: 8 | loss: 1.3502508
	speed: 0.0754s/iter; left time: 24916.3634s
	iters: 200, epoch: 8 | loss: 1.4160610
	speed: 0.0076s/iter; left time: 2522.6346s
	iters: 300, epoch: 8 | loss: 1.5829015
	speed: 0.0078s/iter; left time: 2581.7707s
	iters: 400, epoch: 8 | loss: 1.4132073
	speed: 0.0078s/iter; left time: 2559.1554s
	iters: 500, epoch: 8 | loss: 1.2520437
	speed: 0.0079s/iter; left time: 2600.4801s
	iters: 600, epoch: 8 | loss: 1.3326643
	speed: 0.0077s/iter; left time: 2549.7759s
	iters: 700, epoch: 8 | loss: 1.1964164
	speed: 0.0078s/iter; left time: 2557.8773s
	iters: 800, epoch: 8 | loss: 1.5586613
	speed: 0.0077s/iter; left time: 2555.6284s
	iters: 900, epoch: 8 | loss: 1.3808770
	speed: 0.0079s/iter; left time: 2588.3818s
	iters: 1000, epoch: 8 | loss: 1.3452804
	speed: 0.0077s/iter; left time: 2550.8715s
	iters: 1100, epoch: 8 | loss: 1.3065221
	speed: 0.0078s/iter; left time: 2556.3574s
	iters: 1200, epoch: 8 | loss: 1.5028307
	speed: 0.0077s/iter; left time: 2549.3096s
	iters: 1300, epoch: 8 | loss: 1.6187410
	speed: 0.0078s/iter; left time: 2557.4690s
	iters: 1400, epoch: 8 | loss: 1.4263510
	speed: 0.0078s/iter; left time: 2574.7285s
	iters: 1500, epoch: 8 | loss: 1.5696031
	speed: 0.0077s/iter; left time: 2550.3250s
	iters: 1600, epoch: 8 | loss: 1.5469798
	speed: 0.0078s/iter; left time: 2556.6821s
	iters: 1700, epoch: 8 | loss: 1.4642211
	speed: 0.0078s/iter; left time: 2552.4389s
Epoch: 8 cost time: 13.429143905639648
Epoch: 8, Steps: 1713 | Train Loss: 1.4264096 Vali Loss: 1.7093856 Test Loss: 1.6379602
EarlyStopping counter: 3 out of 5
	iters: 100, epoch: 9 | loss: 1.2151316
	speed: 0.0754s/iter; left time: 24774.8629s
	iters: 200, epoch: 9 | loss: 1.4384683
	speed: 0.0078s/iter; left time: 2554.1667s
	iters: 300, epoch: 9 | loss: 1.4438845
	speed: 0.0077s/iter; left time: 2531.5679s
	iters: 400, epoch: 9 | loss: 1.3067023
	speed: 0.0078s/iter; left time: 2563.7246s
	iters: 500, epoch: 9 | loss: 1.7057041
	speed: 0.0077s/iter; left time: 2537.4221s
	iters: 600, epoch: 9 | loss: 1.2687290
	speed: 0.0077s/iter; left time: 2542.9433s
	iters: 700, epoch: 9 | loss: 1.7406547
	speed: 0.0077s/iter; left time: 2535.4229s
	iters: 800, epoch: 9 | loss: 1.3976917
	speed: 0.0077s/iter; left time: 2530.1157s
	iters: 900, epoch: 9 | loss: 1.6541970
	speed: 0.0077s/iter; left time: 2529.5854s
	iters: 1000, epoch: 9 | loss: 1.4702547
	speed: 0.0077s/iter; left time: 2526.5689s
	iters: 1100, epoch: 9 | loss: 1.4640242
	speed: 0.0078s/iter; left time: 2546.4355s
	iters: 1200, epoch: 9 | loss: 1.2289188
	speed: 0.0077s/iter; left time: 2522.8996s
	iters: 1300, epoch: 9 | loss: 1.5472953
	speed: 0.0077s/iter; left time: 2520.9941s
	iters: 1400, epoch: 9 | loss: 1.5227839
	speed: 0.0078s/iter; left time: 2543.3132s
	iters: 1500, epoch: 9 | loss: 1.3434690
	speed: 0.0077s/iter; left time: 2536.9774s
	iters: 1600, epoch: 9 | loss: 1.2137208
	speed: 0.0077s/iter; left time: 2534.2665s
	iters: 1700, epoch: 9 | loss: 1.4765738
	speed: 0.0078s/iter; left time: 2565.4317s
Epoch: 9 cost time: 13.38204050064087
Epoch: 9, Steps: 1713 | Train Loss: 1.4265567 Vali Loss: 1.7889711 Test Loss: 1.7686735
EarlyStopping counter: 4 out of 5
	iters: 100, epoch: 10 | loss: 1.5215149
	speed: 0.0756s/iter; left time: 24726.4132s
	iters: 200, epoch: 10 | loss: 1.4155653
	speed: 0.0078s/iter; left time: 2554.1883s
	iters: 300, epoch: 10 | loss: 1.2040888
	speed: 0.0078s/iter; left time: 2542.8578s
	iters: 400, epoch: 10 | loss: 1.0706164
	speed: 0.0078s/iter; left time: 2545.2642s
	iters: 500, epoch: 10 | loss: 1.5447695
	speed: 0.0078s/iter; left time: 2539.1718s
	iters: 600, epoch: 10 | loss: 1.4262171
	speed: 0.0078s/iter; left time: 2545.5751s
	iters: 700, epoch: 10 | loss: 1.2062320
	speed: 0.0078s/iter; left time: 2545.6698s
	iters: 800, epoch: 10 | loss: 1.6371882
	speed: 0.0079s/iter; left time: 2568.1836s
	iters: 900, epoch: 10 | loss: 1.4073507
	speed: 0.0078s/iter; left time: 2540.1088s
	iters: 1000, epoch: 10 | loss: 1.4028809
	speed: 0.0078s/iter; left time: 2541.4191s
	iters: 1100, epoch: 10 | loss: 1.3643780
	speed: 0.0078s/iter; left time: 2536.7893s
	iters: 1200, epoch: 10 | loss: 1.1957642
	speed: 0.0078s/iter; left time: 2533.4776s
	iters: 1300, epoch: 10 | loss: 1.3214080
	speed: 0.0079s/iter; left time: 2562.2758s
	iters: 1400, epoch: 10 | loss: 1.3241706
	speed: 0.0078s/iter; left time: 2536.9285s
	iters: 1500, epoch: 10 | loss: 1.3743327
	speed: 0.0078s/iter; left time: 2538.3294s
	iters: 1600, epoch: 10 | loss: 1.5570146
	speed: 0.0079s/iter; left time: 2562.0563s
	iters: 1700, epoch: 10 | loss: 1.6345840
	speed: 0.0078s/iter; left time: 2553.1267s
Epoch: 10 cost time: 13.502095460891724
Epoch: 10, Steps: 1713 | Train Loss: 1.4266888 Vali Loss: 1.7183933 Test Loss: 1.6627333
EarlyStopping counter: 5 out of 5
Early stopping
>>>>>>>testing : long_term_forecast_pems05_all_96_96_DLinear_custom_ftM_sl96_ll48_pl96_dm512_nh8_el2_dl1_df2048_fc3_ebtimeF_dtTrue_srate0.1_sseed7_trainseed2024_gap730_Exp_0<<<<<<<<<<<<<<<<<<<<<<<<<<<<<<<<<
test 42595
test shape: (4259, 1, 96, 103) (4259, 1, 96, 103)
test shape: (4259, 96, 103) (4259, 96, 103)
mse:1.6023070812225342, mae:1.0181450843811035
>>>>>>>Overall time: 260 seconds<<<<<<<<<<<<<<<<<<<<<<<<<<<<<<<<<
