nohup: ignoring input
Args in experiment:
Namespace(activation='gelu', anomaly_ratio=0.25, batch_size=32, c_out=151, checkpoints='./checkpoints/', d_ff=2048, d_layers=1, d_model=512, data='custom', data_path='pems03_all_common_flow.csv', dec_in=151, des='Exp', devices='0,1,2,3', distil=True, dropout=0, e_layers=2, embed='timeF', enc_in=151, factor=3, features='M', freq='h', gap_day=365, gpu=0, inverse=False, is_training=1, itr=1, label_len=48, learning_rate=0.0005, loss='MSE', lradj='type3', mask_rate=0.25, model='DLinear', model_id='pems03_hour_96_3', moving_avg=25, n_heads=8, num_kernels=6, num_workers=10, output_attention=False, p_hidden_dims=[128, 128], p_hidden_layers=2, patience=5, pred_len=3, root_path='../../data/pems/', samle_rate=0.05, sample_seed=7, seasonal_patterns='Monthly', seq_len=96, target='', task_name='long_term_forecast', top_k=5, train_epochs=200, use_amp=False, use_gpu=True, use_multi_gpu=False)
Use GPU: cuda:0
>>>>>>>start training : long_term_forecast_pems03_hour_96_3_DLinear_custom_ftM_sl96_ll48_pl3_dm512_nh8_el2_dl1_df2048_fc3_ebtimeF_dtTrue_srate0.05_sseed7_Exp_0>>>>>>>>>>>>>>>>>>>>>>>>>>
train 1499169
val 124077
test 353274
	iters: 100, epoch: 1 | loss: 1.2729989
	speed: 0.0103s/iter; left time: 4806.0378s
	iters: 200, epoch: 1 | loss: 1.0178257
	speed: 0.0070s/iter; left time: 3255.9021s
	iters: 300, epoch: 1 | loss: 0.8276103
	speed: 0.0069s/iter; left time: 3252.1912s
	iters: 400, epoch: 1 | loss: 0.9469453
	speed: 0.0070s/iter; left time: 3262.0430s
	iters: 500, epoch: 1 | loss: 0.8758416
	speed: 0.0069s/iter; left time: 3233.6053s
	iters: 600, epoch: 1 | loss: 0.9864839
	speed: 0.0069s/iter; left time: 3231.6762s
	iters: 700, epoch: 1 | loss: 1.1251192
	speed: 0.0069s/iter; left time: 3232.7349s
	iters: 800, epoch: 1 | loss: 0.9074454
	speed: 0.0070s/iter; left time: 3271.7535s
	iters: 900, epoch: 1 | loss: 0.8398008
	speed: 0.0070s/iter; left time: 3280.2671s
	iters: 1000, epoch: 1 | loss: 0.7991720
	speed: 0.0070s/iter; left time: 3264.3599s
	iters: 1100, epoch: 1 | loss: 0.9326621
	speed: 0.0070s/iter; left time: 3266.2697s
	iters: 1200, epoch: 1 | loss: 0.9612408
	speed: 0.0070s/iter; left time: 3251.0678s
	iters: 1300, epoch: 1 | loss: 0.7858604
	speed: 0.0070s/iter; left time: 3255.7219s
	iters: 1400, epoch: 1 | loss: 1.2090520
	speed: 0.0070s/iter; left time: 3252.1657s
	iters: 1500, epoch: 1 | loss: 0.7648094
	speed: 0.0070s/iter; left time: 3246.8863s
	iters: 1600, epoch: 1 | loss: 1.0291007
	speed: 0.0069s/iter; left time: 3238.3881s
	iters: 1700, epoch: 1 | loss: 0.9525692
	speed: 0.0069s/iter; left time: 3237.3127s
	iters: 1800, epoch: 1 | loss: 0.9228022
	speed: 0.0069s/iter; left time: 3230.4749s
	iters: 1900, epoch: 1 | loss: 1.0568811
	speed: 0.0069s/iter; left time: 3226.3213s
	iters: 2000, epoch: 1 | loss: 0.9427108
	speed: 0.0069s/iter; left time: 3214.4287s
	iters: 2100, epoch: 1 | loss: 0.9601858
	speed: 0.0069s/iter; left time: 3220.5745s
	iters: 2200, epoch: 1 | loss: 0.9672512
	speed: 0.0069s/iter; left time: 3217.1162s
	iters: 2300, epoch: 1 | loss: 1.0599136
	speed: 0.0069s/iter; left time: 3216.4650s
Epoch: 1 cost time: 16.656169891357422
Epoch: 1, Steps: 2342 | Train Loss: 0.9640329 Vali Loss: 2.3882246 Test Loss: 2.1864710
Validation loss decreased (inf --> 2.388225).  Saving model ...
	iters: 100, epoch: 2 | loss: 0.7828127
	speed: 0.3144s/iter; left time: 146496.7911s
	iters: 200, epoch: 2 | loss: 0.9424714
	speed: 0.0070s/iter; left time: 3274.5248s
	iters: 300, epoch: 2 | loss: 0.7042848
	speed: 0.0067s/iter; left time: 3103.6867s
	iters: 400, epoch: 2 | loss: 0.7693198
	speed: 0.0075s/iter; left time: 3487.7840s
	iters: 500, epoch: 2 | loss: 1.0811167
	speed: 0.0074s/iter; left time: 3455.5249s
	iters: 600, epoch: 2 | loss: 1.3434385
	speed: 0.0079s/iter; left time: 3678.9914s
	iters: 700, epoch: 2 | loss: 0.8666613
	speed: 0.0080s/iter; left time: 3735.2039s
	iters: 800, epoch: 2 | loss: 0.9353291
	speed: 0.0082s/iter; left time: 3799.9543s
	iters: 900, epoch: 2 | loss: 0.8985167
	speed: 0.0086s/iter; left time: 4008.3985s
	iters: 1000, epoch: 2 | loss: 1.1266270
	speed: 0.0079s/iter; left time: 3689.2683s
	iters: 1100, epoch: 2 | loss: 1.2672888
	speed: 0.0072s/iter; left time: 3339.5460s
	iters: 1200, epoch: 2 | loss: 0.9797621
	speed: 0.0084s/iter; left time: 3917.2250s
	iters: 1300, epoch: 2 | loss: 0.8168487
	speed: 0.0078s/iter; left time: 3609.4730s
	iters: 1400, epoch: 2 | loss: 1.1147619
	speed: 0.0068s/iter; left time: 3175.8880s
	iters: 1500, epoch: 2 | loss: 0.7582034
	speed: 0.0068s/iter; left time: 3167.3096s
	iters: 1600, epoch: 2 | loss: 1.0138513
	speed: 0.0070s/iter; left time: 3267.5157s
	iters: 1700, epoch: 2 | loss: 0.7497409
	speed: 0.0071s/iter; left time: 3307.1888s
	iters: 1800, epoch: 2 | loss: 0.8435118
	speed: 0.0068s/iter; left time: 3167.9329s
	iters: 1900, epoch: 2 | loss: 1.0697509
	speed: 0.0068s/iter; left time: 3140.5749s
	iters: 2000, epoch: 2 | loss: 0.8706799
	speed: 0.0068s/iter; left time: 3146.0178s
	iters: 2100, epoch: 2 | loss: 0.8963671
	speed: 0.0068s/iter; left time: 3170.3779s
	iters: 2200, epoch: 2 | loss: 0.7056702
	speed: 0.0072s/iter; left time: 3346.5709s
	iters: 2300, epoch: 2 | loss: 1.2103879
	speed: 0.0069s/iter; left time: 3212.5820s
Epoch: 2 cost time: 17.343908548355103
Epoch: 2, Steps: 2342 | Train Loss: 0.9500690 Vali Loss: 2.3778143 Test Loss: 2.1814864
Validation loss decreased (2.388225 --> 2.377814).  Saving model ...
	iters: 100, epoch: 3 | loss: 0.8496504
	speed: 0.2274s/iter; left time: 105437.7859s
	iters: 200, epoch: 3 | loss: 0.9302689
	speed: 0.0066s/iter; left time: 3081.7812s
	iters: 300, epoch: 3 | loss: 0.9238838
	speed: 0.0066s/iter; left time: 3071.5492s
	iters: 400, epoch: 3 | loss: 0.8609177
	speed: 0.0067s/iter; left time: 3087.0671s
	iters: 500, epoch: 3 | loss: 1.2235063
	speed: 0.0067s/iter; left time: 3107.6107s
	iters: 600, epoch: 3 | loss: 0.7765929
	speed: 0.0067s/iter; left time: 3111.5077s
	iters: 700, epoch: 3 | loss: 1.0155419
	speed: 0.0068s/iter; left time: 3138.9979s
	iters: 800, epoch: 3 | loss: 1.0373260
	speed: 0.0069s/iter; left time: 3180.3018s
	iters: 900, epoch: 3 | loss: 1.1804105
	speed: 0.0069s/iter; left time: 3193.3460s
	iters: 1000, epoch: 3 | loss: 1.1202787
	speed: 0.0069s/iter; left time: 3203.2302s
	iters: 1100, epoch: 3 | loss: 0.9464798
	speed: 0.0069s/iter; left time: 3198.2187s
	iters: 1200, epoch: 3 | loss: 1.3836209
	speed: 0.0069s/iter; left time: 3189.3937s
	iters: 1300, epoch: 3 | loss: 1.0203491
	speed: 0.0068s/iter; left time: 3122.3167s
	iters: 1400, epoch: 3 | loss: 0.8984553
	speed: 0.0067s/iter; left time: 3094.8116s
	iters: 1500, epoch: 3 | loss: 0.7820925
	speed: 0.0067s/iter; left time: 3093.1195s
	iters: 1600, epoch: 3 | loss: 0.7505691
	speed: 0.0067s/iter; left time: 3088.6206s
	iters: 1700, epoch: 3 | loss: 0.9922042
	speed: 0.0067s/iter; left time: 3092.6205s
	iters: 1800, epoch: 3 | loss: 0.9974142
	speed: 0.0067s/iter; left time: 3095.5997s
	iters: 1900, epoch: 3 | loss: 0.8649570
	speed: 0.0067s/iter; left time: 3082.9236s
	iters: 2000, epoch: 3 | loss: 1.0148581
	speed: 0.0067s/iter; left time: 3079.2420s
	iters: 2100, epoch: 3 | loss: 0.9858899
	speed: 0.0067s/iter; left time: 3083.2108s
	iters: 2200, epoch: 3 | loss: 0.8133076
	speed: 0.0067s/iter; left time: 3079.3497s
	iters: 2300, epoch: 3 | loss: 0.9714485
	speed: 0.0067s/iter; left time: 3076.7903s
Epoch: 3 cost time: 15.930933475494385
Epoch: 3, Steps: 2342 | Train Loss: 0.9500984 Vali Loss: 2.3679793 Test Loss: 2.1666400
Validation loss decreased (2.377814 --> 2.367979).  Saving model ...
	iters: 100, epoch: 4 | loss: 1.0256093
	speed: 0.2277s/iter; left time: 105011.7034s
	iters: 200, epoch: 4 | loss: 1.0275172
	speed: 0.0066s/iter; left time: 3034.7294s
	iters: 300, epoch: 4 | loss: 0.9733970
	speed: 0.0066s/iter; left time: 3030.4888s
	iters: 400, epoch: 4 | loss: 1.0581235
	speed: 0.0066s/iter; left time: 3027.3685s
	iters: 500, epoch: 4 | loss: 1.2255963
	speed: 0.0066s/iter; left time: 3026.5261s
	iters: 600, epoch: 4 | loss: 0.8335301
	speed: 0.0067s/iter; left time: 3067.8305s
	iters: 700, epoch: 4 | loss: 1.2160116
	speed: 0.0067s/iter; left time: 3081.9779s
	iters: 800, epoch: 4 | loss: 0.9502239
	speed: 0.0066s/iter; left time: 3057.8745s
	iters: 900, epoch: 4 | loss: 0.9958808
	speed: 0.0066s/iter; left time: 3045.7862s
	iters: 1000, epoch: 4 | loss: 1.1801302
	speed: 0.0066s/iter; left time: 3042.8428s
	iters: 1100, epoch: 4 | loss: 0.6700852
	speed: 0.0066s/iter; left time: 3050.6350s
	iters: 1200, epoch: 4 | loss: 1.0321422
	speed: 0.0066s/iter; left time: 3048.5481s
	iters: 1300, epoch: 4 | loss: 1.0079814
	speed: 0.0066s/iter; left time: 3054.0404s
	iters: 1400, epoch: 4 | loss: 0.8880579
	speed: 0.0066s/iter; left time: 3041.5808s
	iters: 1500, epoch: 4 | loss: 0.8586978
	speed: 0.0066s/iter; left time: 3044.4183s
	iters: 1600, epoch: 4 | loss: 0.7745740
	speed: 0.0066s/iter; left time: 3043.9328s
	iters: 1700, epoch: 4 | loss: 0.9750044
	speed: 0.0066s/iter; left time: 3040.5495s
	iters: 1800, epoch: 4 | loss: 1.1964290
	speed: 0.0066s/iter; left time: 3039.9439s
	iters: 1900, epoch: 4 | loss: 0.9170629
	speed: 0.0066s/iter; left time: 3036.6577s
	iters: 2000, epoch: 4 | loss: 0.9831394
	speed: 0.0066s/iter; left time: 3036.3779s
	iters: 2100, epoch: 4 | loss: 0.7243994
	speed: 0.0066s/iter; left time: 3039.3107s
	iters: 2200, epoch: 4 | loss: 0.7752784
	speed: 0.0066s/iter; left time: 3035.0373s
	iters: 2300, epoch: 4 | loss: 1.0400771
	speed: 0.0067s/iter; left time: 3059.2865s
Epoch: 4 cost time: 15.660401344299316
Epoch: 4, Steps: 2342 | Train Loss: 0.9501212 Vali Loss: 2.3952608 Test Loss: 2.1942434
EarlyStopping counter: 1 out of 5
	iters: 100, epoch: 5 | loss: 0.9491886
	speed: 0.2269s/iter; left time: 104111.9412s
	iters: 200, epoch: 5 | loss: 1.1617668
	speed: 0.0066s/iter; left time: 3025.8653s
	iters: 300, epoch: 5 | loss: 0.9135821
	speed: 0.0066s/iter; left time: 3007.2800s
	iters: 400, epoch: 5 | loss: 1.0116875
	speed: 0.0066s/iter; left time: 3017.3721s
	iters: 500, epoch: 5 | loss: 1.1137264
	speed: 0.0066s/iter; left time: 3048.4921s
	iters: 600, epoch: 5 | loss: 1.1518531
	speed: 0.0067s/iter; left time: 3064.6987s
	iters: 700, epoch: 5 | loss: 0.8691307
	speed: 0.0067s/iter; left time: 3051.6438s
	iters: 800, epoch: 5 | loss: 0.8142092
	speed: 0.0066s/iter; left time: 3014.1560s
	iters: 900, epoch: 5 | loss: 0.7138419
	speed: 0.0066s/iter; left time: 3012.7653s
	iters: 1000, epoch: 5 | loss: 0.9673430
	speed: 0.0066s/iter; left time: 3026.5924s
	iters: 1100, epoch: 5 | loss: 1.0360317
	speed: 0.0067s/iter; left time: 3046.0316s
	iters: 1200, epoch: 5 | loss: 0.9450696
	speed: 0.0066s/iter; left time: 3041.0079s
	iters: 1300, epoch: 5 | loss: 0.8875509
	speed: 0.0066s/iter; left time: 3027.7465s
	iters: 1400, epoch: 5 | loss: 0.8942584
	speed: 0.0066s/iter; left time: 3039.8878s
	iters: 1500, epoch: 5 | loss: 0.9947436
	speed: 0.0066s/iter; left time: 3037.9135s
	iters: 1600, epoch: 5 | loss: 0.8511746
	speed: 0.0066s/iter; left time: 3025.1852s
	iters: 1700, epoch: 5 | loss: 0.7151828
	speed: 0.0066s/iter; left time: 3030.4871s
	iters: 1800, epoch: 5 | loss: 1.0050721
	speed: 0.0066s/iter; left time: 3023.7284s
	iters: 1900, epoch: 5 | loss: 0.9913905
	speed: 0.0066s/iter; left time: 3034.2647s
	iters: 2000, epoch: 5 | loss: 1.1022955
	speed: 0.0066s/iter; left time: 3021.7488s
	iters: 2100, epoch: 5 | loss: 1.0197071
	speed: 0.0066s/iter; left time: 3023.2773s
	iters: 2200, epoch: 5 | loss: 1.0470395
	speed: 0.0066s/iter; left time: 3029.5080s
	iters: 2300, epoch: 5 | loss: 1.0329303
	speed: 0.0067s/iter; left time: 3055.9528s
Epoch: 5 cost time: 15.676332712173462
Epoch: 5, Steps: 2342 | Train Loss: 0.9499996 Vali Loss: 2.4214747 Test Loss: 2.2260520
EarlyStopping counter: 2 out of 5
	iters: 100, epoch: 6 | loss: 0.9810593
	speed: 0.2302s/iter; left time: 105093.2063s
	iters: 200, epoch: 6 | loss: 1.0429785
	speed: 0.0093s/iter; left time: 4267.4211s
	iters: 300, epoch: 6 | loss: 0.9822973
	speed: 0.0098s/iter; left time: 4491.3519s
	iters: 400, epoch: 6 | loss: 1.1391501
	speed: 0.0102s/iter; left time: 4664.5476s
	iters: 500, epoch: 6 | loss: 0.9171352
	speed: 0.0101s/iter; left time: 4589.4578s
	iters: 600, epoch: 6 | loss: 1.0894328
	speed: 0.0097s/iter; left time: 4408.1078s
	iters: 700, epoch: 6 | loss: 0.7478786
	speed: 0.0095s/iter; left time: 4333.5683s
	iters: 800, epoch: 6 | loss: 1.1127282
	speed: 0.0083s/iter; left time: 3783.1080s
	iters: 900, epoch: 6 | loss: 1.0506802
	speed: 0.0084s/iter; left time: 3828.7418s
	iters: 1000, epoch: 6 | loss: 0.8535091
	speed: 0.0085s/iter; left time: 3893.7125s
	iters: 1100, epoch: 6 | loss: 0.9720942
	speed: 0.0080s/iter; left time: 3650.0644s
	iters: 1200, epoch: 6 | loss: 0.7690951
	speed: 0.0080s/iter; left time: 3665.0989s
	iters: 1300, epoch: 6 | loss: 0.9817144
	speed: 0.0078s/iter; left time: 3547.1248s
	iters: 1400, epoch: 6 | loss: 0.7878314
	speed: 0.0078s/iter; left time: 3567.6661s
	iters: 1500, epoch: 6 | loss: 1.1303713
	speed: 0.0086s/iter; left time: 3926.5203s
	iters: 1600, epoch: 6 | loss: 0.7885106
	speed: 0.0079s/iter; left time: 3599.2778s
	iters: 1700, epoch: 6 | loss: 1.0459930
	speed: 0.0077s/iter; left time: 3483.2179s
	iters: 1800, epoch: 6 | loss: 0.7030097
	speed: 0.0076s/iter; left time: 3452.6848s
	iters: 1900, epoch: 6 | loss: 1.0564821
	speed: 0.0084s/iter; left time: 3824.3806s
	iters: 2000, epoch: 6 | loss: 0.7702421
	speed: 0.0084s/iter; left time: 3800.9965s
	iters: 2100, epoch: 6 | loss: 0.8419436
	speed: 0.0080s/iter; left time: 3656.3158s
	iters: 2200, epoch: 6 | loss: 0.9476628
	speed: 0.0083s/iter; left time: 3752.8592s
	iters: 2300, epoch: 6 | loss: 0.9668087
	speed: 0.0081s/iter; left time: 3685.2144s
Epoch: 6 cost time: 20.319514513015747
Epoch: 6, Steps: 2342 | Train Loss: 0.9500893 Vali Loss: 2.4159055 Test Loss: 2.2148850
EarlyStopping counter: 3 out of 5
	iters: 100, epoch: 7 | loss: 0.8585976
	speed: 0.2302s/iter; left time: 104569.1269s
	iters: 200, epoch: 7 | loss: 1.0348269
	speed: 0.0068s/iter; left time: 3067.3473s
	iters: 300, epoch: 7 | loss: 1.0321428
	speed: 0.0067s/iter; left time: 3022.6235s
	iters: 400, epoch: 7 | loss: 0.8417035
	speed: 0.0066s/iter; left time: 3011.1002s
	iters: 500, epoch: 7 | loss: 0.9652743
	speed: 0.0067s/iter; left time: 3046.3916s
	iters: 600, epoch: 7 | loss: 1.1579840
	speed: 0.0068s/iter; left time: 3106.2050s
	iters: 700, epoch: 7 | loss: 0.8851472
	speed: 0.0067s/iter; left time: 3059.3974s
	iters: 800, epoch: 7 | loss: 0.9949012
	speed: 0.0067s/iter; left time: 3021.4641s
	iters: 900, epoch: 7 | loss: 0.7857130
	speed: 0.0067s/iter; left time: 3029.2328s
	iters: 1000, epoch: 7 | loss: 1.0651690
	speed: 0.0067s/iter; left time: 3017.3550s
	iters: 1100, epoch: 7 | loss: 1.2759199
	speed: 0.0067s/iter; left time: 3014.7422s
	iters: 1200, epoch: 7 | loss: 1.1127715
	speed: 0.0066s/iter; left time: 3009.4962s
	iters: 1300, epoch: 7 | loss: 1.1265970
	speed: 0.0067s/iter; left time: 3018.3838s
	iters: 1400, epoch: 7 | loss: 0.8128757
	speed: 0.0067s/iter; left time: 3013.9681s
	iters: 1500, epoch: 7 | loss: 0.7943803
	speed: 0.0066s/iter; left time: 3007.2533s
	iters: 1600, epoch: 7 | loss: 0.9101242
	speed: 0.0067s/iter; left time: 3011.3269s
	iters: 1700, epoch: 7 | loss: 1.2131386
	speed: 0.0066s/iter; left time: 3005.3003s
	iters: 1800, epoch: 7 | loss: 1.0695322
	speed: 0.0067s/iter; left time: 3016.4100s
	iters: 1900, epoch: 7 | loss: 1.2534233
	speed: 0.0067s/iter; left time: 3015.2397s
	iters: 2000, epoch: 7 | loss: 0.9479744
	speed: 0.0067s/iter; left time: 3034.0647s
	iters: 2100, epoch: 7 | loss: 1.0000075
	speed: 0.0066s/iter; left time: 2963.9938s
	iters: 2200, epoch: 7 | loss: 0.9685405
	speed: 0.0066s/iter; left time: 2979.7262s
	iters: 2300, epoch: 7 | loss: 0.8427941
	speed: 0.0067s/iter; left time: 3007.0612s
Epoch: 7 cost time: 15.782069683074951
Epoch: 7, Steps: 2342 | Train Loss: 0.9500254 Vali Loss: 2.4342160 Test Loss: 2.2299559
EarlyStopping counter: 4 out of 5
	iters: 100, epoch: 8 | loss: 0.8331623
	speed: 0.2287s/iter; left time: 103344.7391s
	iters: 200, epoch: 8 | loss: 0.9252847
	speed: 0.0066s/iter; left time: 2968.5920s
	iters: 300, epoch: 8 | loss: 1.1117618
	speed: 0.0065s/iter; left time: 2954.8791s
	iters: 400, epoch: 8 | loss: 0.9513169
	speed: 0.0066s/iter; left time: 2958.7137s
	iters: 500, epoch: 8 | loss: 0.8492242
	speed: 0.0066s/iter; left time: 2979.9229s
	iters: 600, epoch: 8 | loss: 1.2754141
	speed: 0.0066s/iter; left time: 2986.7697s
	iters: 700, epoch: 8 | loss: 0.9263818
	speed: 0.0067s/iter; left time: 3008.6642s
	iters: 800, epoch: 8 | loss: 0.7085282
	speed: 0.0068s/iter; left time: 3050.5816s
	iters: 900, epoch: 8 | loss: 0.8690895
	speed: 0.0068s/iter; left time: 3075.8707s
	iters: 1000, epoch: 8 | loss: 0.8129271
	speed: 0.0068s/iter; left time: 3084.8449s
	iters: 1100, epoch: 8 | loss: 0.7950146
	speed: 0.0068s/iter; left time: 3048.5576s
	iters: 1200, epoch: 8 | loss: 1.0576066
	speed: 0.0066s/iter; left time: 2984.9741s
	iters: 1300, epoch: 8 | loss: 0.9475921
	speed: 0.0066s/iter; left time: 2990.3241s
	iters: 1400, epoch: 8 | loss: 0.7554704
	speed: 0.0066s/iter; left time: 2978.5478s
	iters: 1500, epoch: 8 | loss: 0.9562187
	speed: 0.0066s/iter; left time: 2979.6998s
	iters: 1600, epoch: 8 | loss: 0.9235201
	speed: 0.0066s/iter; left time: 2983.1567s
	iters: 1700, epoch: 8 | loss: 0.9866540
	speed: 0.0066s/iter; left time: 2975.4171s
	iters: 1800, epoch: 8 | loss: 0.9537677
	speed: 0.0066s/iter; left time: 2981.2019s
	iters: 1900, epoch: 8 | loss: 0.9213941
	speed: 0.0066s/iter; left time: 2973.5837s
	iters: 2000, epoch: 8 | loss: 0.7163433
	speed: 0.0066s/iter; left time: 2966.5135s
	iters: 2100, epoch: 8 | loss: 1.0081047
	speed: 0.0066s/iter; left time: 2966.1868s
	iters: 2200, epoch: 8 | loss: 1.0002024
	speed: 0.0066s/iter; left time: 2979.4862s
	iters: 2300, epoch: 8 | loss: 1.0062376
	speed: 0.0067s/iter; left time: 3006.0316s
Epoch: 8 cost time: 15.71817946434021
Epoch: 8, Steps: 2342 | Train Loss: 0.9499951 Vali Loss: 2.4052393 Test Loss: 2.2085733
EarlyStopping counter: 5 out of 5
Early stopping
>>>>>>>testing : long_term_forecast_pems03_hour_96_3_DLinear_custom_ftM_sl96_ll48_pl3_dm512_nh8_el2_dl1_df2048_fc3_ebtimeF_dtTrue_srate0.05_sseed7_Exp_0<<<<<<<<<<<<<<<<<<<<<<<<<<<<<<<<<
test 353274
test shape: (17663, 1, 3, 151) (17663, 1, 3, 151)
test shape: (17663, 3, 151) (17663, 3, 151)
mse:2.1666388511657715, mae:1.185009241104126
>>>>>>>Overall time: 579 seconds<<<<<<<<<<<<<<<<<<<<<<<<<<<<<<<<<
