Traceback (most recent call last):
  File "run.py", line 4, in <module>
    from exp.exp_long_term_forecasting import Exp_Long_Term_Forecast
  File "/g/data/hn98/du/exlts/ddd2/exp/exp_long_term_forecasting.py", line 2, in <module>
    from exp.exp_basic import Exp_Basic
  File "/g/data/hn98/du/exlts/ddd2/exp/exp_basic.py", line 3, in <module>
    from models import Autoformer, Transformer, TimesNet, Nonstationary_Transformer, DLinear, FEDformer, \
  File "/g/data/hn98/du/exlts/ddd2/models/Mamba.py", line 7, in <module>
    from mamba_ssm import Mamba
ModuleNotFoundError: No module named 'mamba_ssm'
Args in experiment:
Namespace(activation='gelu', anomaly_ratio=0.25, batch_size=16, c_out=151, checkpoints='./checkpoints/', d_conv=4, d_ff=512, d_layers=1, d_model=512, data='custom', data_path='pems03_all_common_flow.csv', dec_in=151, des='Exp', devices='0,1,2,3', distil=True, dropout=0, e_layers=4, embed='timeF', enc_in=151, expand=2, factor=3, features='M', freq='h', gap_day=548, gpu=0, inverse=False, is_training=1, itr=1, label_len=48, learning_rate=0.001, loss='MSE', lradj='type1', mask_rate=0.25, model='iTransformer', model_id='pems03_all_96_96', moving_avg=25, n_heads=8, num_kernels=6, num_workers=10, output_attention=False, p_hidden_dims=[128, 128], p_hidden_layers=2, patience=3, pred_len=96, root_path='../../data/pems/', samle_rate=0.1, sample_seed=7, seasonal_patterns='Monthly', seq_len=96, target='OT', task_name='long_term_forecast', top_k=5, train_epochs=10, train_seed=2024, use_amp=False, use_gpu=True, use_multi_gpu=False)
Use GPU: cuda:0
>>>>>>>start training : long_term_forecast_pems03_all_96_96_iTransformer_custom_ftM_sl96_ll48_pl96_dm512_nh8_el4_dl1_df512_fc3_ebtimeF_dtTrue_srate0.1_sseed7_trainseed2024_gap548_Exp_0>>>>>>>>>>>>>>>>>>>>>>>>>>
train 1217174
val 300478
test 300477
	iters: 100, epoch: 1 | loss: 1.6854438
	speed: 0.0326s/iter; left time: 2478.6209s
	iters: 200, epoch: 1 | loss: 1.9812807
	speed: 0.0292s/iter; left time: 2218.5249s
	iters: 300, epoch: 1 | loss: 2.0249791
	speed: 0.0302s/iter; left time: 2290.3758s
	iters: 400, epoch: 1 | loss: 2.0451686
	speed: 0.0297s/iter; left time: 2245.6995s
	iters: 500, epoch: 1 | loss: 2.2926915
	speed: 0.0294s/iter; left time: 2220.5053s
	iters: 600, epoch: 1 | loss: 1.9122218
	speed: 0.0296s/iter; left time: 2237.4562s
	iters: 700, epoch: 1 | loss: 1.9787357
	speed: 0.0301s/iter; left time: 2265.4593s
	iters: 800, epoch: 1 | loss: 2.0858223
	speed: 0.0294s/iter; left time: 2215.9815s
	iters: 900, epoch: 1 | loss: 2.5628328
	speed: 0.0300s/iter; left time: 2254.8119s
	iters: 1000, epoch: 1 | loss: 1.8103138
	speed: 0.0300s/iter; left time: 2249.2278s
	iters: 1100, epoch: 1 | loss: 2.2002506
	speed: 0.0296s/iter; left time: 2216.6015s
	iters: 1200, epoch: 1 | loss: 2.3116984
	speed: 0.0293s/iter; left time: 2195.6446s
	iters: 1300, epoch: 1 | loss: 2.1154463
	speed: 0.0299s/iter; left time: 2235.6748s
	iters: 1400, epoch: 1 | loss: 2.3246965
	speed: 0.0297s/iter; left time: 2214.7275s
	iters: 1500, epoch: 1 | loss: 1.8882223
	speed: 0.0291s/iter; left time: 2167.1100s
	iters: 1600, epoch: 1 | loss: 1.6649957
	speed: 0.0302s/iter; left time: 2248.7117s
	iters: 1700, epoch: 1 | loss: 2.0941107
	speed: 0.0302s/iter; left time: 2247.9578s
	iters: 1800, epoch: 1 | loss: 2.5374939
	speed: 0.0296s/iter; left time: 2199.7053s
	iters: 1900, epoch: 1 | loss: 1.8299443
	speed: 0.0295s/iter; left time: 2186.1414s
	iters: 2000, epoch: 1 | loss: 2.2960708
	speed: 0.0300s/iter; left time: 2225.6932s
	iters: 2100, epoch: 1 | loss: 1.7278035
	speed: 0.0303s/iter; left time: 2241.0167s
	iters: 2200, epoch: 1 | loss: 1.8490219
	speed: 0.0304s/iter; left time: 2247.4480s
	iters: 2300, epoch: 1 | loss: 2.0611799
	speed: 0.0304s/iter; left time: 2243.0749s
	iters: 2400, epoch: 1 | loss: 2.2890732
	speed: 0.0296s/iter; left time: 2179.9720s
	iters: 2500, epoch: 1 | loss: 2.1881940
	speed: 0.0300s/iter; left time: 2203.5421s
	iters: 2600, epoch: 1 | loss: 1.6911012
	speed: 0.0297s/iter; left time: 2182.1677s
	iters: 2700, epoch: 1 | loss: 2.4979832
	speed: 0.0295s/iter; left time: 2167.6730s
	iters: 2800, epoch: 1 | loss: 2.0361767
	speed: 0.0295s/iter; left time: 2161.4060s
	iters: 2900, epoch: 1 | loss: 2.3174245
	speed: 0.0293s/iter; left time: 2144.4152s
	iters: 3000, epoch: 1 | loss: 2.0669301
	speed: 0.0303s/iter; left time: 2216.0406s
	iters: 3100, epoch: 1 | loss: 2.0249121
	speed: 0.0293s/iter; left time: 2138.7306s
	iters: 3200, epoch: 1 | loss: 1.9598459
	speed: 0.0300s/iter; left time: 2188.7884s
	iters: 3300, epoch: 1 | loss: 1.9740760
	speed: 0.0298s/iter; left time: 2168.6008s
	iters: 3400, epoch: 1 | loss: 1.8611697
	speed: 0.0291s/iter; left time: 2113.3498s
	iters: 3500, epoch: 1 | loss: 2.0317576
	speed: 0.0292s/iter; left time: 2118.1962s
	iters: 3600, epoch: 1 | loss: 1.9642532
	speed: 0.0295s/iter; left time: 2139.9904s
	iters: 3700, epoch: 1 | loss: 2.4121499
	speed: 0.0298s/iter; left time: 2157.4088s
	iters: 3800, epoch: 1 | loss: 2.0551724
	speed: 0.0292s/iter; left time: 2112.9785s
	iters: 3900, epoch: 1 | loss: 2.2410822
	speed: 0.0296s/iter; left time: 2136.3477s
	iters: 4000, epoch: 1 | loss: 2.0005233
	speed: 0.0298s/iter; left time: 2150.6029s
	iters: 4100, epoch: 1 | loss: 1.8928430
	speed: 0.0293s/iter; left time: 2110.9520s
	iters: 4200, epoch: 1 | loss: 2.0358801
	speed: 0.0303s/iter; left time: 2178.9542s
	iters: 4300, epoch: 1 | loss: 2.2932317
	speed: 0.0298s/iter; left time: 2135.9940s
	iters: 4400, epoch: 1 | loss: 2.5399261
	speed: 0.0301s/iter; left time: 2158.0344s
	iters: 4500, epoch: 1 | loss: 2.2287776
	speed: 0.0291s/iter; left time: 2083.2021s
	iters: 4600, epoch: 1 | loss: 1.9721051
	speed: 0.0297s/iter; left time: 2124.9825s
	iters: 4700, epoch: 1 | loss: 2.4572690
	speed: 0.0302s/iter; left time: 2156.5664s
	iters: 4800, epoch: 1 | loss: 1.6815836
	speed: 0.0297s/iter; left time: 2117.7700s
	iters: 4900, epoch: 1 | loss: 2.2213707
	speed: 0.0298s/iter; left time: 2121.1833s
	iters: 5000, epoch: 1 | loss: 2.2236607
	speed: 0.0295s/iter; left time: 2093.2881s
	iters: 5100, epoch: 1 | loss: 1.9207196
	speed: 0.0293s/iter; left time: 2079.1069s
	iters: 5200, epoch: 1 | loss: 1.9544855
	speed: 0.0293s/iter; left time: 2074.3842s
	iters: 5300, epoch: 1 | loss: 2.4276750
	speed: 0.0293s/iter; left time: 2075.8461s
	iters: 5400, epoch: 1 | loss: 2.6369402
	speed: 0.0296s/iter; left time: 2091.2722s
	iters: 5500, epoch: 1 | loss: 2.1029098
	speed: 0.0300s/iter; left time: 2115.1234s
	iters: 5600, epoch: 1 | loss: 2.3291521
	speed: 0.0295s/iter; left time: 2081.4711s
	iters: 5700, epoch: 1 | loss: 2.3656523
	speed: 0.0292s/iter; left time: 2057.7011s
	iters: 5800, epoch: 1 | loss: 2.4361553
	speed: 0.0299s/iter; left time: 2098.1343s
	iters: 5900, epoch: 1 | loss: 2.0642345
	speed: 0.0294s/iter; left time: 2065.9298s
	iters: 6000, epoch: 1 | loss: 2.0364137
	speed: 0.0297s/iter; left time: 2079.5017s
	iters: 6100, epoch: 1 | loss: 1.9145095
	speed: 0.0291s/iter; left time: 2035.6098s
	iters: 6200, epoch: 1 | loss: 2.5003417
	speed: 0.0289s/iter; left time: 2017.1925s
	iters: 6300, epoch: 1 | loss: 1.9119350
	speed: 0.0297s/iter; left time: 2068.8879s
	iters: 6400, epoch: 1 | loss: 2.2793329
	speed: 0.0297s/iter; left time: 2066.4808s
	iters: 6500, epoch: 1 | loss: 2.3340750
	speed: 0.0299s/iter; left time: 2077.5392s
	iters: 6600, epoch: 1 | loss: 2.3562744
	speed: 0.0295s/iter; left time: 2051.7791s
	iters: 6700, epoch: 1 | loss: 2.2721100
	speed: 0.0294s/iter; left time: 2037.4825s
	iters: 6800, epoch: 1 | loss: 1.8486542
	speed: 0.0295s/iter; left time: 2043.9127s
	iters: 6900, epoch: 1 | loss: 2.0401192
	speed: 0.0297s/iter; left time: 2052.4744s
	iters: 7000, epoch: 1 | loss: 1.9487518
	speed: 0.0302s/iter; left time: 2087.0691s
	iters: 7100, epoch: 1 | loss: 2.1532452
	speed: 0.0300s/iter; left time: 2071.0326s
	iters: 7200, epoch: 1 | loss: 1.9084575
	speed: 0.0292s/iter; left time: 2012.7042s
	iters: 7300, epoch: 1 | loss: 1.6279488
	speed: 0.0298s/iter; left time: 2048.8495s
	iters: 7400, epoch: 1 | loss: 2.0996897
	speed: 0.0293s/iter; left time: 2008.9558s
	iters: 7500, epoch: 1 | loss: 2.0361626
	speed: 0.0290s/iter; left time: 1990.5564s
	iters: 7600, epoch: 1 | loss: 2.0885854
	speed: 0.0296s/iter; left time: 2027.4601s
Epoch: 1 cost time: 225.99460649490356
Epoch: 1, Steps: 7607 | Train Loss: 2.1057987 Vali Loss: 1.9819138 Test Loss: 1.8577044
Validation loss decreased (inf --> 1.981914).  Saving model ...
Updating learning rate to 0.001
	iters: 100, epoch: 2 | loss: 2.1712549
	speed: 1.3561s/iter; left time: 92709.4602s
	iters: 200, epoch: 2 | loss: 1.8007267
	speed: 0.0293s/iter; left time: 1997.6181s
	iters: 300, epoch: 2 | loss: 2.1218319
	speed: 0.0301s/iter; left time: 2051.9836s
	iters: 400, epoch: 2 | loss: 2.3245409
	speed: 0.0294s/iter; left time: 1999.6791s
	iters: 500, epoch: 2 | loss: 2.2323539
	speed: 0.0299s/iter; left time: 2029.1330s
	iters: 600, epoch: 2 | loss: 2.4367471
	speed: 0.0289s/iter; left time: 1961.7722s
	iters: 700, epoch: 2 | loss: 1.9657066
	speed: 0.0295s/iter; left time: 1995.8507s
	iters: 800, epoch: 2 | loss: 1.9843179
	speed: 0.0290s/iter; left time: 1962.0660s
	iters: 900, epoch: 2 | loss: 2.4973156
	speed: 0.0290s/iter; left time: 1960.9413s
	iters: 1000, epoch: 2 | loss: 1.8759862
	speed: 0.0291s/iter; left time: 1964.1059s
	iters: 1100, epoch: 2 | loss: 2.0587275
	speed: 0.0291s/iter; left time: 1960.0621s
	iters: 1200, epoch: 2 | loss: 2.0818133
	speed: 0.0294s/iter; left time: 1978.6538s
	iters: 1300, epoch: 2 | loss: 2.1898043
	speed: 0.0294s/iter; left time: 1977.3857s
	iters: 1400, epoch: 2 | loss: 2.0831769
	speed: 0.0302s/iter; left time: 2023.8589s
	iters: 1500, epoch: 2 | loss: 2.2740598
	speed: 0.0289s/iter; left time: 1937.2635s
	iters: 1600, epoch: 2 | loss: 1.6376363
	speed: 0.0299s/iter; left time: 1996.6935s
	iters: 1700, epoch: 2 | loss: 2.0406082
	speed: 0.0305s/iter; left time: 2036.9282s
	iters: 1800, epoch: 2 | loss: 2.2522633
	speed: 0.0297s/iter; left time: 1978.0480s
	iters: 1900, epoch: 2 | loss: 1.8689606
	speed: 0.0297s/iter; left time: 1977.2820s
	iters: 2000, epoch: 2 | loss: 2.2460685
	speed: 0.0296s/iter; left time: 1969.6177s
	iters: 2100, epoch: 2 | loss: 2.2094791
	speed: 0.0302s/iter; left time: 2005.4260s
	iters: 2200, epoch: 2 | loss: 2.4029734
	speed: 0.0295s/iter; left time: 1956.2968s
	iters: 2300, epoch: 2 | loss: 1.8944930
	speed: 0.0300s/iter; left time: 1986.1181s
	iters: 2400, epoch: 2 | loss: 2.1538267
	speed: 0.0290s/iter; left time: 1916.2646s
	iters: 2500, epoch: 2 | loss: 1.8830888
	speed: 0.0297s/iter; left time: 1959.9878s
	iters: 2600, epoch: 2 | loss: 2.0113139
	speed: 0.0298s/iter; left time: 1963.1034s
	iters: 2700, epoch: 2 | loss: 2.3654380
	speed: 0.0293s/iter; left time: 1929.3933s
	iters: 2800, epoch: 2 | loss: 2.1378345
	speed: 0.0295s/iter; left time: 1936.3469s
	iters: 2900, epoch: 2 | loss: 2.4510293
	speed: 0.0293s/iter; left time: 1921.8878s
	iters: 3000, epoch: 2 | loss: 2.0438848
	speed: 0.0301s/iter; left time: 1969.3060s
	iters: 3100, epoch: 2 | loss: 1.8174952
	speed: 0.0294s/iter; left time: 1921.6920s
	iters: 3200, epoch: 2 | loss: 2.2472463
	speed: 0.0291s/iter; left time: 1899.4230s
	iters: 3300, epoch: 2 | loss: 2.1891928
	speed: 0.0295s/iter; left time: 1925.3633s
	iters: 3400, epoch: 2 | loss: 2.4789557
	speed: 0.0289s/iter; left time: 1881.9775s
	iters: 3500, epoch: 2 | loss: 2.3026297
	speed: 0.0297s/iter; left time: 1929.6824s
	iters: 3600, epoch: 2 | loss: 2.0637722
	speed: 0.0297s/iter; left time: 1925.3268s
	iters: 3700, epoch: 2 | loss: 2.0888214
	speed: 0.0301s/iter; left time: 1950.2470s
	iters: 3800, epoch: 2 | loss: 2.0340667
	speed: 0.0295s/iter; left time: 1907.1288s
	iters: 3900, epoch: 2 | loss: 1.7610512
	speed: 0.0298s/iter; left time: 1925.2301s
	iters: 4000, epoch: 2 | loss: 2.2089293
	speed: 0.0298s/iter; left time: 1923.2040s
	iters: 4100, epoch: 2 | loss: 1.9555241
	speed: 0.0301s/iter; left time: 1937.5815s
	iters: 4200, epoch: 2 | loss: 1.8923303
	speed: 0.0296s/iter; left time: 1904.7545s
	iters: 4300, epoch: 2 | loss: 1.7017753
	speed: 0.0299s/iter; left time: 1918.7698s
	iters: 4400, epoch: 2 | loss: 2.1922727
	speed: 0.0304s/iter; left time: 1944.6696s
	iters: 4500, epoch: 2 | loss: 2.0387499
	speed: 0.0300s/iter; left time: 1921.7811s
	iters: 4600, epoch: 2 | loss: 1.9995552
	speed: 0.0299s/iter; left time: 1908.7752s
	iters: 4700, epoch: 2 | loss: 1.8541161
	speed: 0.0304s/iter; left time: 1937.0377s
	iters: 4800, epoch: 2 | loss: 1.7371274
	speed: 0.0304s/iter; left time: 1934.2358s
	iters: 4900, epoch: 2 | loss: 2.1575840
	speed: 0.0301s/iter; left time: 1913.5915s
	iters: 5000, epoch: 2 | loss: 1.7813251
	speed: 0.0301s/iter; left time: 1912.9107s
	iters: 5100, epoch: 2 | loss: 1.8522260
	speed: 0.0301s/iter; left time: 1908.1155s
	iters: 5200, epoch: 2 | loss: 1.9225467
	speed: 0.0299s/iter; left time: 1888.6162s
	iters: 5300, epoch: 2 | loss: 2.2626269
	speed: 0.0291s/iter; left time: 1837.9651s
	iters: 5400, epoch: 2 | loss: 1.9053497
	speed: 0.0301s/iter; left time: 1896.7815s
	iters: 5500, epoch: 2 | loss: 1.9790328
	speed: 0.0301s/iter; left time: 1895.3438s
	iters: 5600, epoch: 2 | loss: 2.1443837
	speed: 0.0301s/iter; left time: 1893.7329s
	iters: 5700, epoch: 2 | loss: 2.3395379
	speed: 0.0298s/iter; left time: 1867.2997s
	iters: 5800, epoch: 2 | loss: 1.9027412
	speed: 0.0297s/iter; left time: 1860.2646s
	iters: 5900, epoch: 2 | loss: 2.0323651
	speed: 0.0297s/iter; left time: 1857.8743s
	iters: 6000, epoch: 2 | loss: 2.2795346
	speed: 0.0299s/iter; left time: 1870.4155s
	iters: 6100, epoch: 2 | loss: 2.4968421
	speed: 0.0292s/iter; left time: 1822.9228s
	iters: 6200, epoch: 2 | loss: 2.1830971
	speed: 0.0296s/iter; left time: 1843.6557s
	iters: 6300, epoch: 2 | loss: 1.9309686
	speed: 0.0291s/iter; left time: 1807.5570s
	iters: 6400, epoch: 2 | loss: 2.5769050
	speed: 0.0300s/iter; left time: 1862.4734s
	iters: 6500, epoch: 2 | loss: 2.3082480
	speed: 0.0293s/iter; left time: 1814.3044s
	iters: 6600, epoch: 2 | loss: 1.9695064
	speed: 0.0290s/iter; left time: 1795.1751s
	iters: 6700, epoch: 2 | loss: 1.6072344
	speed: 0.0303s/iter; left time: 1869.2100s
	iters: 6800, epoch: 2 | loss: 2.2584836
	speed: 0.0298s/iter; left time: 1839.0128s
	iters: 6900, epoch: 2 | loss: 1.9864367
	speed: 0.0296s/iter; left time: 1819.8488s
	iters: 7000, epoch: 2 | loss: 1.9525800
	speed: 0.0298s/iter; left time: 1833.6993s
	iters: 7100, epoch: 2 | loss: 2.0632274
	speed: 0.0298s/iter; left time: 1831.5175s
	iters: 7200, epoch: 2 | loss: 2.3903372
	speed: 0.0300s/iter; left time: 1838.9464s
	iters: 7300, epoch: 2 | loss: 2.0791037
	speed: 0.0295s/iter; left time: 1805.3142s
	iters: 7400, epoch: 2 | loss: 2.0717809
	speed: 0.0290s/iter; left time: 1773.7694s
	iters: 7500, epoch: 2 | loss: 2.3089044
	speed: 0.0286s/iter; left time: 1745.0587s
	iters: 7600, epoch: 2 | loss: 2.0687726
	speed: 0.0297s/iter; left time: 1805.3054s
Epoch: 2 cost time: 225.8040246963501
Epoch: 2, Steps: 7607 | Train Loss: 2.1132876 Vali Loss: 1.9713142 Test Loss: 1.8776269
Validation loss decreased (1.981914 --> 1.971314).  Saving model ...
Updating learning rate to 0.0005
	iters: 100, epoch: 3 | loss: 2.1296763
	speed: 1.3632s/iter; left time: 82824.2087s
	iters: 200, epoch: 3 | loss: 2.1904836
	speed: 0.0298s/iter; left time: 1805.8551s
	iters: 300, epoch: 3 | loss: 1.9696697
	speed: 0.0302s/iter; left time: 1831.2519s
	iters: 400, epoch: 3 | loss: 2.0284126
	speed: 0.0297s/iter; left time: 1797.5928s
	iters: 500, epoch: 3 | loss: 2.3825412
	speed: 0.0293s/iter; left time: 1767.3076s
	iters: 600, epoch: 3 | loss: 2.1572123
	speed: 0.0289s/iter; left time: 1739.6942s
	iters: 700, epoch: 3 | loss: 2.0610335
	speed: 0.0302s/iter; left time: 1818.3443s
	iters: 800, epoch: 3 | loss: 2.4427502
	speed: 0.0294s/iter; left time: 1767.3818s
	iters: 900, epoch: 3 | loss: 2.2901459
	speed: 0.0299s/iter; left time: 1792.8548s
	iters: 1000, epoch: 3 | loss: 1.9181892
	speed: 0.0293s/iter; left time: 1752.6054s
	iters: 1100, epoch: 3 | loss: 1.8324946
	speed: 0.0303s/iter; left time: 1807.8731s
	iters: 1200, epoch: 3 | loss: 2.2012823
	speed: 0.0291s/iter; left time: 1734.3164s
	iters: 1300, epoch: 3 | loss: 2.3983297
	speed: 0.0297s/iter; left time: 1769.0350s
	iters: 1400, epoch: 3 | loss: 2.3201449
	speed: 0.0297s/iter; left time: 1768.2594s
	iters: 1500, epoch: 3 | loss: 2.1347809
	speed: 0.0299s/iter; left time: 1774.4566s
	iters: 1600, epoch: 3 | loss: 1.9337120
	speed: 0.0298s/iter; left time: 1767.1865s
	iters: 1700, epoch: 3 | loss: 2.0638340
	speed: 0.0302s/iter; left time: 1789.0595s
	iters: 1800, epoch: 3 | loss: 1.8544264
	speed: 0.0301s/iter; left time: 1780.5027s
	iters: 1900, epoch: 3 | loss: 2.0526938
	speed: 0.0300s/iter; left time: 1769.2610s
	iters: 2000, epoch: 3 | loss: 2.0954664
	speed: 0.0296s/iter; left time: 1740.7511s
	iters: 2100, epoch: 3 | loss: 2.1625564
	speed: 0.0301s/iter; left time: 1768.2474s
	iters: 2200, epoch: 3 | loss: 1.7454988
	speed: 0.0296s/iter; left time: 1736.0552s
	iters: 2300, epoch: 3 | loss: 2.3537776
	speed: 0.0303s/iter; left time: 1774.2077s
	iters: 2400, epoch: 3 | loss: 1.8575305
	speed: 0.0301s/iter; left time: 1760.2502s
	iters: 2500, epoch: 3 | loss: 1.8035204
	speed: 0.0304s/iter; left time: 1772.5070s
	iters: 2600, epoch: 3 | loss: 2.1488042
	speed: 0.0296s/iter; left time: 1724.5420s
	iters: 2700, epoch: 3 | loss: 2.1177773
	speed: 0.0302s/iter; left time: 1758.2255s
	iters: 2800, epoch: 3 | loss: 2.1807108
	speed: 0.0303s/iter; left time: 1760.1270s
	iters: 2900, epoch: 3 | loss: 1.7854990
	speed: 0.0297s/iter; left time: 1720.8125s
	iters: 3000, epoch: 3 | loss: 2.1789606
	speed: 0.0297s/iter; left time: 1719.2105s
	iters: 3100, epoch: 3 | loss: 2.2266395
	speed: 0.0292s/iter; left time: 1684.2014s
	iters: 3200, epoch: 3 | loss: 2.3532653
	speed: 0.0300s/iter; left time: 1731.8124s
	iters: 3300, epoch: 3 | loss: 2.1048808
	speed: 0.0300s/iter; left time: 1728.5726s
	iters: 3400, epoch: 3 | loss: 2.0692787
	speed: 0.0295s/iter; left time: 1695.6707s
	iters: 3500, epoch: 3 | loss: 2.5125625
	speed: 0.0299s/iter; left time: 1716.7363s
	iters: 3600, epoch: 3 | loss: 1.8581690
	speed: 0.0303s/iter; left time: 1735.7153s
	iters: 3700, epoch: 3 | loss: 2.2984159
	speed: 0.0295s/iter; left time: 1688.0528s
	iters: 3800, epoch: 3 | loss: 2.3421025
	speed: 0.0304s/iter; left time: 1735.9949s
	iters: 3900, epoch: 3 | loss: 2.5224903
	speed: 0.0300s/iter; left time: 1706.6024s
	iters: 4000, epoch: 3 | loss: 2.0070539
	speed: 0.0293s/iter; left time: 1668.2858s
	iters: 4100, epoch: 3 | loss: 1.8548481
	speed: 0.0304s/iter; left time: 1722.7796s
	iters: 4200, epoch: 3 | loss: 2.2794445
	speed: 0.0299s/iter; left time: 1695.9845s
	iters: 4300, epoch: 3 | loss: 1.9275118
	speed: 0.0299s/iter; left time: 1690.4973s
	iters: 4400, epoch: 3 | loss: 2.5281122
	speed: 0.0301s/iter; left time: 1701.4706s
	iters: 4500, epoch: 3 | loss: 2.1588488
	speed: 0.0298s/iter; left time: 1678.5398s
	iters: 4600, epoch: 3 | loss: 2.0657313
	speed: 0.0292s/iter; left time: 1640.0312s
	iters: 4700, epoch: 3 | loss: 2.5686483
	speed: 0.0299s/iter; left time: 1677.5384s
	iters: 4800, epoch: 3 | loss: 2.1251752
	speed: 0.0298s/iter; left time: 1672.4361s
	iters: 4900, epoch: 3 | loss: 2.0994899
	speed: 0.0298s/iter; left time: 1666.2271s
	iters: 5000, epoch: 3 | loss: 2.0073080
	speed: 0.0304s/iter; left time: 1699.2712s
	iters: 5100, epoch: 3 | loss: 1.9491993
	speed: 0.0304s/iter; left time: 1693.9734s
	iters: 5200, epoch: 3 | loss: 2.3821352
	speed: 0.0294s/iter; left time: 1638.1654s
	iters: 5300, epoch: 3 | loss: 2.0325751
	speed: 0.0302s/iter; left time: 1678.7750s
	iters: 5400, epoch: 3 | loss: 2.3726244
	speed: 0.0296s/iter; left time: 1639.3300s
	iters: 5500, epoch: 3 | loss: 1.9689907
	speed: 0.0304s/iter; left time: 1684.8184s
	iters: 5600, epoch: 3 | loss: 1.9936223
	speed: 0.0300s/iter; left time: 1659.4186s
	iters: 5700, epoch: 3 | loss: 1.9486878
	speed: 0.0296s/iter; left time: 1630.4840s
	iters: 5800, epoch: 3 | loss: 2.8225205
	speed: 0.0300s/iter; left time: 1651.4368s
	iters: 5900, epoch: 3 | loss: 2.0747957
	speed: 0.0294s/iter; left time: 1614.3447s
	iters: 6000, epoch: 3 | loss: 2.3973699
	speed: 0.0296s/iter; left time: 1622.3601s
	iters: 6100, epoch: 3 | loss: 2.0445454
	speed: 0.0297s/iter; left time: 1627.7003s
	iters: 6200, epoch: 3 | loss: 2.2298858
	speed: 0.0301s/iter; left time: 1642.6801s
	iters: 6300, epoch: 3 | loss: 1.8712759
	speed: 0.0299s/iter; left time: 1631.0761s
	iters: 6400, epoch: 3 | loss: 1.6596414
	speed: 0.0298s/iter; left time: 1624.3859s
	iters: 6500, epoch: 3 | loss: 1.7918111
	speed: 0.0302s/iter; left time: 1640.5039s
	iters: 6600, epoch: 3 | loss: 1.9883536
	speed: 0.0297s/iter; left time: 1610.0965s
	iters: 6700, epoch: 3 | loss: 1.8261646
	speed: 0.0301s/iter; left time: 1627.8772s
	iters: 6800, epoch: 3 | loss: 1.9605678
	speed: 0.0299s/iter; left time: 1616.4630s
	iters: 6900, epoch: 3 | loss: 1.8450028
	speed: 0.0301s/iter; left time: 1624.3740s
	iters: 7000, epoch: 3 | loss: 1.9235500
	speed: 0.0297s/iter; left time: 1601.9975s
	iters: 7100, epoch: 3 | loss: 2.1812220
	speed: 0.0297s/iter; left time: 1597.6599s
	iters: 7200, epoch: 3 | loss: 2.2588985
	speed: 0.0298s/iter; left time: 1599.6470s
	iters: 7300, epoch: 3 | loss: 1.9054630
	speed: 0.0303s/iter; left time: 1623.0473s
	iters: 7400, epoch: 3 | loss: 2.0419981
	speed: 0.0301s/iter; left time: 1608.8906s
	iters: 7500, epoch: 3 | loss: 1.9507397
	speed: 0.0301s/iter; left time: 1607.6075s
	iters: 7600, epoch: 3 | loss: 1.9648346
	speed: 0.0297s/iter; left time: 1582.0507s
Epoch: 3 cost time: 227.34528923034668
Epoch: 3, Steps: 7607 | Train Loss: 2.1126524 Vali Loss: 1.9744761 Test Loss: 1.8641646
EarlyStopping counter: 1 out of 3
Updating learning rate to 0.00025
	iters: 100, epoch: 4 | loss: 1.4972360
	speed: 1.3603s/iter; left time: 72297.3096s
	iters: 200, epoch: 4 | loss: 2.3762622
	speed: 0.0303s/iter; left time: 1605.5598s
	iters: 300, epoch: 4 | loss: 1.9456269
	speed: 0.0297s/iter; left time: 1570.6065s
	iters: 400, epoch: 4 | loss: 2.0058601
	speed: 0.0300s/iter; left time: 1585.3862s
	iters: 500, epoch: 4 | loss: 1.7657803
	speed: 0.0300s/iter; left time: 1583.2230s
	iters: 600, epoch: 4 | loss: 1.8630117
	speed: 0.0298s/iter; left time: 1567.2987s
	iters: 700, epoch: 4 | loss: 2.5412745
	speed: 0.0300s/iter; left time: 1578.6809s
	iters: 800, epoch: 4 | loss: 2.1125226
	speed: 0.0302s/iter; left time: 1584.1963s
	iters: 900, epoch: 4 | loss: 2.3424003
	speed: 0.0301s/iter; left time: 1576.3463s
	iters: 1000, epoch: 4 | loss: 2.2942271
	speed: 0.0298s/iter; left time: 1558.3869s
	iters: 1100, epoch: 4 | loss: 2.3152184
	speed: 0.0300s/iter; left time: 1565.2627s
	iters: 1200, epoch: 4 | loss: 2.0921144
	speed: 0.0291s/iter; left time: 1516.9863s
	iters: 1300, epoch: 4 | loss: 2.0349243
	speed: 0.0298s/iter; left time: 1547.2551s
	iters: 1400, epoch: 4 | loss: 1.8763593
	speed: 0.0300s/iter; left time: 1553.3742s
	iters: 1500, epoch: 4 | loss: 2.2465067
	speed: 0.0297s/iter; left time: 1536.6427s
	iters: 1600, epoch: 4 | loss: 1.9353784
	speed: 0.0295s/iter; left time: 1523.1104s
	iters: 1700, epoch: 4 | loss: 2.2445533
	speed: 0.0297s/iter; left time: 1531.0766s
	iters: 1800, epoch: 4 | loss: 2.0045075
	speed: 0.0302s/iter; left time: 1555.3509s
	iters: 1900, epoch: 4 | loss: 1.9687121
	speed: 0.0297s/iter; left time: 1526.5869s
	iters: 2000, epoch: 4 | loss: 2.1927302
	speed: 0.0298s/iter; left time: 1528.0027s
	iters: 2100, epoch: 4 | loss: 1.9879851
	speed: 0.0298s/iter; left time: 1525.0346s
	iters: 2200, epoch: 4 | loss: 2.3763165
	speed: 0.0301s/iter; left time: 1538.6033s
	iters: 2300, epoch: 4 | loss: 2.0370326
	speed: 0.0294s/iter; left time: 1497.0230s
	iters: 2400, epoch: 4 | loss: 1.8565744
	speed: 0.0296s/iter; left time: 1505.9767s
	iters: 2500, epoch: 4 | loss: 2.4807587
	speed: 0.0297s/iter; left time: 1509.2136s
	iters: 2600, epoch: 4 | loss: 2.3006516
	speed: 0.0303s/iter; left time: 1532.4397s
	iters: 2700, epoch: 4 | loss: 2.4038308
	speed: 0.0300s/iter; left time: 1517.4941s
	iters: 2800, epoch: 4 | loss: 1.7653210
	speed: 0.0306s/iter; left time: 1543.1837s
	iters: 2900, epoch: 4 | loss: 1.9475965
	speed: 0.0295s/iter; left time: 1484.6847s
	iters: 3000, epoch: 4 | loss: 2.0530207
	speed: 0.0304s/iter; left time: 1530.1077s
	iters: 3100, epoch: 4 | loss: 2.1992087
	speed: 0.0305s/iter; left time: 1527.1194s
	iters: 3200, epoch: 4 | loss: 2.0206676
	speed: 0.0299s/iter; left time: 1497.0064s
	iters: 3300, epoch: 4 | loss: 1.8649933
	speed: 0.0304s/iter; left time: 1520.4695s
	iters: 3400, epoch: 4 | loss: 2.2008331
	speed: 0.0302s/iter; left time: 1506.5488s
	iters: 3500, epoch: 4 | loss: 2.1651020
	speed: 0.0302s/iter; left time: 1504.4683s
	iters: 3600, epoch: 4 | loss: 1.9763865
	speed: 0.0298s/iter; left time: 1478.1973s
	iters: 3700, epoch: 4 | loss: 1.8691270
	speed: 0.0303s/iter; left time: 1502.8940s
	iters: 3800, epoch: 4 | loss: 1.6066607
	speed: 0.0302s/iter; left time: 1492.8109s
	iters: 3900, epoch: 4 | loss: 2.5846672
	speed: 0.0300s/iter; left time: 1481.8583s
	iters: 4000, epoch: 4 | loss: 2.0294275
	speed: 0.0298s/iter; left time: 1469.5653s
	iters: 4100, epoch: 4 | loss: 2.2124891
	speed: 0.0295s/iter; left time: 1451.0281s
	iters: 4200, epoch: 4 | loss: 2.0237026
	speed: 0.0293s/iter; left time: 1438.6154s
	iters: 4300, epoch: 4 | loss: 2.1802804
	speed: 0.0294s/iter; left time: 1439.0562s
	iters: 4400, epoch: 4 | loss: 2.0818422
	speed: 0.0300s/iter; left time: 1463.3180s
	iters: 4500, epoch: 4 | loss: 2.1001844
	speed: 0.0298s/iter; left time: 1451.0246s
	iters: 4600, epoch: 4 | loss: 2.3655794
	speed: 0.0301s/iter; left time: 1465.6982s
	iters: 4700, epoch: 4 | loss: 1.6442180
	speed: 0.0294s/iter; left time: 1429.3899s
	iters: 4800, epoch: 4 | loss: 2.1329777
	speed: 0.0297s/iter; left time: 1437.7362s
	iters: 4900, epoch: 4 | loss: 2.2166340
	speed: 0.0296s/iter; left time: 1432.3676s
	iters: 5000, epoch: 4 | loss: 1.9501417
	speed: 0.0294s/iter; left time: 1419.5471s
	iters: 5100, epoch: 4 | loss: 2.2865329
	speed: 0.0305s/iter; left time: 1466.2688s
	iters: 5200, epoch: 4 | loss: 2.0275660
	speed: 0.0299s/iter; left time: 1435.6031s
	iters: 5300, epoch: 4 | loss: 2.1636698
	speed: 0.0294s/iter; left time: 1411.4575s
	iters: 5400, epoch: 4 | loss: 2.3681772
	speed: 0.0294s/iter; left time: 1404.4868s
	iters: 5500, epoch: 4 | loss: 2.1563826
	speed: 0.0300s/iter; left time: 1433.6856s
	iters: 5600, epoch: 4 | loss: 2.5001945
	speed: 0.0305s/iter; left time: 1452.8068s
	iters: 5700, epoch: 4 | loss: 2.2240522
	speed: 0.0300s/iter; left time: 1427.6118s
	iters: 5800, epoch: 4 | loss: 2.1256025
	speed: 0.0295s/iter; left time: 1401.6249s
	iters: 5900, epoch: 4 | loss: 2.0806563
	speed: 0.0301s/iter; left time: 1427.0717s
	iters: 6000, epoch: 4 | loss: 1.8674376
	speed: 0.0300s/iter; left time: 1415.6691s
	iters: 6100, epoch: 4 | loss: 1.8399547
	speed: 0.0299s/iter; left time: 1410.7433s
	iters: 6200, epoch: 4 | loss: 1.9270684
	speed: 0.0299s/iter; left time: 1408.3240s
	iters: 6300, epoch: 4 | loss: 2.2874188
	speed: 0.0297s/iter; left time: 1394.9049s
	iters: 6400, epoch: 4 | loss: 2.2017531
	speed: 0.0296s/iter; left time: 1384.8426s
	iters: 6500, epoch: 4 | loss: 2.1587381
	speed: 0.0295s/iter; left time: 1381.1369s
	iters: 6600, epoch: 4 | loss: 1.8567319
	speed: 0.0291s/iter; left time: 1359.6599s
	iters: 6700, epoch: 4 | loss: 2.4182658
	speed: 0.0297s/iter; left time: 1384.4618s
	iters: 6800, epoch: 4 | loss: 2.0383563
	speed: 0.0304s/iter; left time: 1413.4849s
	iters: 6900, epoch: 4 | loss: 1.8769577
	speed: 0.0296s/iter; left time: 1371.5689s
	iters: 7000, epoch: 4 | loss: 2.4940197
	speed: 0.0296s/iter; left time: 1369.7804s
	iters: 7100, epoch: 4 | loss: 2.0573926
	speed: 0.0300s/iter; left time: 1386.0882s
	iters: 7200, epoch: 4 | loss: 1.6983024
	speed: 0.0297s/iter; left time: 1368.3597s
	iters: 7300, epoch: 4 | loss: 1.9056892
	speed: 0.0297s/iter; left time: 1363.7965s
	iters: 7400, epoch: 4 | loss: 2.4987917
	speed: 0.0294s/iter; left time: 1347.6950s
	iters: 7500, epoch: 4 | loss: 1.8760054
	speed: 0.0292s/iter; left time: 1336.6928s
	iters: 7600, epoch: 4 | loss: 1.9183581
	speed: 0.0293s/iter; left time: 1338.5845s
Epoch: 4 cost time: 227.15068221092224
Epoch: 4, Steps: 7607 | Train Loss: 2.1126089 Vali Loss: 1.9711841 Test Loss: 1.8793530
Validation loss decreased (1.971314 --> 1.971184).  Saving model ...
Updating learning rate to 0.000125
	iters: 100, epoch: 5 | loss: 1.8281767
	speed: 1.3577s/iter; left time: 61833.8189s
	iters: 200, epoch: 5 | loss: 2.3902822
	speed: 0.0300s/iter; left time: 1363.3988s
	iters: 300, epoch: 5 | loss: 2.0716949
	speed: 0.0300s/iter; left time: 1359.7458s
	iters: 400, epoch: 5 | loss: 2.4431376
	speed: 0.0301s/iter; left time: 1360.8893s
	iters: 500, epoch: 5 | loss: 2.0695975
	speed: 0.0288s/iter; left time: 1301.8591s
	iters: 600, epoch: 5 | loss: 1.9219613
	speed: 0.0291s/iter; left time: 1311.6452s
	iters: 700, epoch: 5 | loss: 2.4689245
	speed: 0.0301s/iter; left time: 1351.4691s
	iters: 800, epoch: 5 | loss: 2.1838646
	speed: 0.0301s/iter; left time: 1348.5201s
	iters: 900, epoch: 5 | loss: 2.4226449
	speed: 0.0290s/iter; left time: 1299.4198s
	iters: 1000, epoch: 5 | loss: 1.6570412
	speed: 0.0298s/iter; left time: 1328.1855s
	iters: 1100, epoch: 5 | loss: 2.3972404
	speed: 0.0295s/iter; left time: 1313.0787s
	iters: 1200, epoch: 5 | loss: 2.1752357
	speed: 0.0299s/iter; left time: 1329.1734s
	iters: 1300, epoch: 5 | loss: 1.9277538
	speed: 0.0304s/iter; left time: 1349.8883s
	iters: 1400, epoch: 5 | loss: 1.9573327
	speed: 0.0293s/iter; left time: 1294.4937s
	iters: 1500, epoch: 5 | loss: 2.1771474
	speed: 0.0288s/iter; left time: 1273.0834s
	iters: 1600, epoch: 5 | loss: 2.1743932
	speed: 0.0296s/iter; left time: 1303.1256s
	iters: 1700, epoch: 5 | loss: 2.1026340
	speed: 0.0295s/iter; left time: 1297.4429s
	iters: 1800, epoch: 5 | loss: 2.2697914
	speed: 0.0303s/iter; left time: 1328.5458s
	iters: 1900, epoch: 5 | loss: 2.1422577
	speed: 0.0297s/iter; left time: 1299.3024s
	iters: 2000, epoch: 5 | loss: 1.9861397
	speed: 0.0298s/iter; left time: 1299.9357s
	iters: 2100, epoch: 5 | loss: 2.1733050
	speed: 0.0294s/iter; left time: 1279.8516s
	iters: 2200, epoch: 5 | loss: 1.7436070
	speed: 0.0297s/iter; left time: 1291.6425s
	iters: 2300, epoch: 5 | loss: 2.2147255
	speed: 0.0300s/iter; left time: 1300.5648s
	iters: 2400, epoch: 5 | loss: 1.8979999
	speed: 0.0300s/iter; left time: 1297.9512s
	iters: 2500, epoch: 5 | loss: 2.0761213
	speed: 0.0296s/iter; left time: 1276.6765s
	iters: 2600, epoch: 5 | loss: 1.9759394
	speed: 0.0295s/iter; left time: 1267.7548s
	iters: 2700, epoch: 5 | loss: 2.0400727
	speed: 0.0292s/iter; left time: 1253.8937s
	iters: 2800, epoch: 5 | loss: 2.2293713
	speed: 0.0296s/iter; left time: 1269.7376s
	iters: 2900, epoch: 5 | loss: 2.3002272
	speed: 0.0299s/iter; left time: 1277.4803s
	iters: 3000, epoch: 5 | loss: 1.9972450
	speed: 0.0297s/iter; left time: 1268.6161s
	iters: 3100, epoch: 5 | loss: 1.9419794
	speed: 0.0295s/iter; left time: 1255.7698s
	iters: 3200, epoch: 5 | loss: 2.3437164
	speed: 0.0290s/iter; left time: 1231.9822s
	iters: 3300, epoch: 5 | loss: 2.0988007
	speed: 0.0291s/iter; left time: 1232.4991s
	iters: 3400, epoch: 5 | loss: 2.4077396
	speed: 0.0297s/iter; left time: 1253.2151s
	iters: 3500, epoch: 5 | loss: 2.4270108
	speed: 0.0300s/iter; left time: 1262.2027s
	iters: 3600, epoch: 5 | loss: 2.1719470
	speed: 0.0304s/iter; left time: 1276.8775s
	iters: 3700, epoch: 5 | loss: 2.0620360
	speed: 0.0302s/iter; left time: 1265.8995s
	iters: 3800, epoch: 5 | loss: 2.6505322
	speed: 0.0297s/iter; left time: 1243.4048s
	iters: 3900, epoch: 5 | loss: 2.1707165
	speed: 0.0299s/iter; left time: 1249.1792s
	iters: 4000, epoch: 5 | loss: 1.9943269
	speed: 0.0302s/iter; left time: 1259.5485s
	iters: 4100, epoch: 5 | loss: 2.0318341
	speed: 0.0298s/iter; left time: 1237.3917s
	iters: 4200, epoch: 5 | loss: 2.1565230
	speed: 0.0293s/iter; left time: 1214.3107s
	iters: 4300, epoch: 5 | loss: 2.2539923
	speed: 0.0302s/iter; left time: 1249.7952s
	iters: 4400, epoch: 5 | loss: 2.0304255
	speed: 0.0301s/iter; left time: 1240.9324s
	iters: 4500, epoch: 5 | loss: 1.9366945
	speed: 0.0296s/iter; left time: 1216.6586s
	iters: 4600, epoch: 5 | loss: 2.1262419
	speed: 0.0295s/iter; left time: 1209.3136s
	iters: 4700, epoch: 5 | loss: 1.9494680
	speed: 0.0299s/iter; left time: 1226.0898s
	iters: 4800, epoch: 5 | loss: 1.7109624
	speed: 0.0302s/iter; left time: 1232.4248s
	iters: 4900, epoch: 5 | loss: 2.1643884
	speed: 0.0292s/iter; left time: 1191.0375s
	iters: 5000, epoch: 5 | loss: 2.2317946
	speed: 0.0301s/iter; left time: 1225.0033s
	iters: 5100, epoch: 5 | loss: 2.0540316
	speed: 0.0291s/iter; left time: 1179.8658s
	iters: 5200, epoch: 5 | loss: 2.3241255
	speed: 0.0298s/iter; left time: 1207.1587s
	iters: 5300, epoch: 5 | loss: 1.8082099
	speed: 0.0293s/iter; left time: 1181.4743s
	iters: 5400, epoch: 5 | loss: 1.9835724
	speed: 0.0304s/iter; left time: 1224.2851s
	iters: 5500, epoch: 5 | loss: 2.5991457
	speed: 0.0295s/iter; left time: 1186.0882s
	iters: 5600, epoch: 5 | loss: 2.0418022
	speed: 0.0296s/iter; left time: 1183.7758s
	iters: 5700, epoch: 5 | loss: 2.2087402
	speed: 0.0300s/iter; left time: 1199.2171s
	iters: 5800, epoch: 5 | loss: 2.1181746
	speed: 0.0304s/iter; left time: 1210.0819s
	iters: 5900, epoch: 5 | loss: 1.9604794
	speed: 0.0304s/iter; left time: 1207.3717s
	iters: 6000, epoch: 5 | loss: 2.1751678
	speed: 0.0300s/iter; left time: 1190.6582s
	iters: 6100, epoch: 5 | loss: 2.3576880
	speed: 0.0298s/iter; left time: 1177.6559s
	iters: 6200, epoch: 5 | loss: 2.1315880
	speed: 0.0301s/iter; left time: 1187.6467s
	iters: 6300, epoch: 5 | loss: 1.8877574
	speed: 0.0296s/iter; left time: 1165.9832s
	iters: 6400, epoch: 5 | loss: 2.1403797
	speed: 0.0304s/iter; left time: 1194.6843s
	iters: 6500, epoch: 5 | loss: 2.0197353
	speed: 0.0298s/iter; left time: 1167.8278s
	iters: 6600, epoch: 5 | loss: 1.7940291
	speed: 0.0304s/iter; left time: 1187.8244s
	iters: 6700, epoch: 5 | loss: 2.3118737
	speed: 0.0297s/iter; left time: 1155.2387s
	iters: 6800, epoch: 5 | loss: 2.2897658
	speed: 0.0299s/iter; left time: 1162.9486s
	iters: 6900, epoch: 5 | loss: 2.0984244
	speed: 0.0299s/iter; left time: 1158.9447s
	iters: 7000, epoch: 5 | loss: 1.9696233
	speed: 0.0299s/iter; left time: 1154.8459s
	iters: 7100, epoch: 5 | loss: 2.0033815
	speed: 0.0302s/iter; left time: 1163.9846s
	iters: 7200, epoch: 5 | loss: 2.0020196
	speed: 0.0303s/iter; left time: 1163.6308s
	iters: 7300, epoch: 5 | loss: 2.4500444
	speed: 0.0297s/iter; left time: 1140.2052s
	iters: 7400, epoch: 5 | loss: 2.1192882
	speed: 0.0296s/iter; left time: 1132.1162s
	iters: 7500, epoch: 5 | loss: 1.9938549
	speed: 0.0299s/iter; left time: 1141.9314s
	iters: 7600, epoch: 5 | loss: 2.0815513
	speed: 0.0296s/iter; left time: 1124.4213s
Epoch: 5 cost time: 226.68925881385803
Epoch: 5, Steps: 7607 | Train Loss: 2.1125266 Vali Loss: 1.9717072 Test Loss: 1.8732769
EarlyStopping counter: 1 out of 3
Updating learning rate to 6.25e-05
	iters: 100, epoch: 6 | loss: 2.0214412
	speed: 1.3735s/iter; left time: 52105.2144s
	iters: 200, epoch: 6 | loss: 2.0553522
	speed: 0.0295s/iter; left time: 1114.6883s
	iters: 300, epoch: 6 | loss: 1.8340601
	speed: 0.0304s/iter; left time: 1147.0599s
	iters: 400, epoch: 6 | loss: 2.2215712
	speed: 0.0295s/iter; left time: 1109.6159s
	iters: 500, epoch: 6 | loss: 1.9345949
	speed: 0.0295s/iter; left time: 1107.0948s
	iters: 600, epoch: 6 | loss: 1.9189318
	speed: 0.0301s/iter; left time: 1125.1187s
	iters: 700, epoch: 6 | loss: 2.0028198
	speed: 0.0296s/iter; left time: 1106.2942s
	iters: 800, epoch: 6 | loss: 2.2340846
	speed: 0.0298s/iter; left time: 1107.8998s
	iters: 900, epoch: 6 | loss: 2.5692539
	speed: 0.0300s/iter; left time: 1113.9637s
	iters: 1000, epoch: 6 | loss: 2.5287898
	speed: 0.0298s/iter; left time: 1104.9780s
	iters: 1100, epoch: 6 | loss: 2.0558226
	speed: 0.0294s/iter; left time: 1084.6365s
	iters: 1200, epoch: 6 | loss: 2.1670127
	speed: 0.0296s/iter; left time: 1089.7506s
	iters: 1300, epoch: 6 | loss: 2.1109157
	speed: 0.0298s/iter; left time: 1093.1294s
	iters: 1400, epoch: 6 | loss: 2.2196457
	speed: 0.0297s/iter; left time: 1087.9903s
	iters: 1500, epoch: 6 | loss: 2.1236410
	speed: 0.0295s/iter; left time: 1077.7878s
	iters: 1600, epoch: 6 | loss: 2.4471045
	speed: 0.0301s/iter; left time: 1095.2955s
	iters: 1700, epoch: 6 | loss: 2.0236139
	speed: 0.0296s/iter; left time: 1074.8798s
	iters: 1800, epoch: 6 | loss: 2.2437949
	speed: 0.0299s/iter; left time: 1084.2581s
	iters: 1900, epoch: 6 | loss: 1.8686750
	speed: 0.0304s/iter; left time: 1098.4172s
	iters: 2000, epoch: 6 | loss: 1.9374764
	speed: 0.0300s/iter; left time: 1081.8361s
	iters: 2100, epoch: 6 | loss: 2.1057692
	speed: 0.0297s/iter; left time: 1068.0220s
	iters: 2200, epoch: 6 | loss: 2.1597338
	speed: 0.0300s/iter; left time: 1075.3500s
	iters: 2300, epoch: 6 | loss: 2.5553825
	speed: 0.0299s/iter; left time: 1067.2517s
	iters: 2400, epoch: 6 | loss: 2.2370362
	speed: 0.0298s/iter; left time: 1063.7281s
	iters: 2500, epoch: 6 | loss: 1.9479870
	speed: 0.0296s/iter; left time: 1052.3778s
	iters: 2600, epoch: 6 | loss: 2.4631765
	speed: 0.0296s/iter; left time: 1050.0294s
	iters: 2700, epoch: 6 | loss: 2.2781060
	speed: 0.0295s/iter; left time: 1043.5736s
	iters: 2800, epoch: 6 | loss: 1.9118079
	speed: 0.0295s/iter; left time: 1038.2889s
	iters: 2900, epoch: 6 | loss: 2.2600408
	speed: 0.0300s/iter; left time: 1052.7358s
	iters: 3000, epoch: 6 | loss: 2.1319108
	speed: 0.0298s/iter; left time: 1044.4591s
	iters: 3100, epoch: 6 | loss: 2.4643500
	speed: 0.0298s/iter; left time: 1042.7220s
	iters: 3200, epoch: 6 | loss: 2.0708306
	speed: 0.0301s/iter; left time: 1049.2556s
	iters: 3300, epoch: 6 | loss: 2.1768053
	speed: 0.0304s/iter; left time: 1055.6526s
	iters: 3400, epoch: 6 | loss: 2.2607975
	speed: 0.0301s/iter; left time: 1041.8942s
	iters: 3500, epoch: 6 | loss: 1.8957549
	speed: 0.0292s/iter; left time: 1009.1409s
	iters: 3600, epoch: 6 | loss: 2.1798406
	speed: 0.0296s/iter; left time: 1017.6191s
	iters: 3700, epoch: 6 | loss: 2.1585350
	speed: 0.0303s/iter; left time: 1039.0087s
	iters: 3800, epoch: 6 | loss: 1.6769114
	speed: 0.0288s/iter; left time: 984.7590s
	iters: 3900, epoch: 6 | loss: 2.0125935
	speed: 0.0288s/iter; left time: 981.5499s
	iters: 4000, epoch: 6 | loss: 2.2680588
	speed: 0.0301s/iter; left time: 1024.2211s
	iters: 4100, epoch: 6 | loss: 2.1768272
	speed: 0.0304s/iter; left time: 1030.5719s
	iters: 4200, epoch: 6 | loss: 2.0223994
	speed: 0.0292s/iter; left time: 987.9756s
	iters: 4300, epoch: 6 | loss: 2.0847390
	speed: 0.0300s/iter; left time: 1013.5908s
	iters: 4400, epoch: 6 | loss: 2.3602939
	speed: 0.0289s/iter; left time: 971.5876s
	iters: 4500, epoch: 6 | loss: 1.9691625
	speed: 0.0297s/iter; left time: 996.7952s
	iters: 4600, epoch: 6 | loss: 2.5441895
	speed: 0.0300s/iter; left time: 1004.2436s
	iters: 4700, epoch: 6 | loss: 2.5661395
	speed: 0.0300s/iter; left time: 1000.4810s
	iters: 4800, epoch: 6 | loss: 2.0380950
	speed: 0.0295s/iter; left time: 979.4277s
	iters: 4900, epoch: 6 | loss: 1.8792608
	speed: 0.0297s/iter; left time: 985.5924s
	iters: 5000, epoch: 6 | loss: 2.1374640
	speed: 0.0303s/iter; left time: 999.3393s
	iters: 5100, epoch: 6 | loss: 2.0528257
	speed: 0.0293s/iter; left time: 964.9528s
	iters: 5200, epoch: 6 | loss: 2.3889124
	speed: 0.0302s/iter; left time: 992.0130s
	iters: 5300, epoch: 6 | loss: 1.8219101
	speed: 0.0299s/iter; left time: 977.6747s
	iters: 5400, epoch: 6 | loss: 1.7382451
	speed: 0.0298s/iter; left time: 972.0964s
	iters: 5500, epoch: 6 | loss: 2.1775694
	speed: 0.0299s/iter; left time: 971.9907s
	iters: 5600, epoch: 6 | loss: 2.4137187
	speed: 0.0303s/iter; left time: 982.6685s
	iters: 5700, epoch: 6 | loss: 2.1441472
	speed: 0.0288s/iter; left time: 930.3044s
	iters: 5800, epoch: 6 | loss: 2.3494294
	speed: 0.0296s/iter; left time: 953.1344s
	iters: 5900, epoch: 6 | loss: 2.3174379
	speed: 0.0296s/iter; left time: 949.9223s
	iters: 6000, epoch: 6 | loss: 1.8490807
	speed: 0.0295s/iter; left time: 944.5423s
	iters: 6100, epoch: 6 | loss: 2.1435466
	speed: 0.0293s/iter; left time: 935.9740s
	iters: 6200, epoch: 6 | loss: 2.1129031
	speed: 0.0293s/iter; left time: 933.6894s
	iters: 6300, epoch: 6 | loss: 2.3713694
	speed: 0.0298s/iter; left time: 946.5617s
	iters: 6400, epoch: 6 | loss: 1.7703519
	speed: 0.0304s/iter; left time: 962.5078s
	iters: 6500, epoch: 6 | loss: 2.0576575
	speed: 0.0298s/iter; left time: 940.7648s
	iters: 6600, epoch: 6 | loss: 2.3830369
	speed: 0.0302s/iter; left time: 950.3233s
	iters: 6700, epoch: 6 | loss: 1.8435713
	speed: 0.0301s/iter; left time: 943.7183s
	iters: 6800, epoch: 6 | loss: 2.1974988
	speed: 0.0291s/iter; left time: 908.5392s
	iters: 6900, epoch: 6 | loss: 1.6808099
	speed: 0.0303s/iter; left time: 943.9173s
	iters: 7000, epoch: 6 | loss: 1.7962501
	speed: 0.0293s/iter; left time: 908.3620s
	iters: 7100, epoch: 6 | loss: 1.7402198
	speed: 0.0301s/iter; left time: 931.5395s
	iters: 7200, epoch: 6 | loss: 2.3659108
	speed: 0.0300s/iter; left time: 924.7649s
	iters: 7300, epoch: 6 | loss: 2.4433455
	speed: 0.0300s/iter; left time: 921.8312s
	iters: 7400, epoch: 6 | loss: 2.4576204
	speed: 0.0297s/iter; left time: 910.5475s
	iters: 7500, epoch: 6 | loss: 2.4358268
	speed: 0.0301s/iter; left time: 919.1568s
	iters: 7600, epoch: 6 | loss: 1.8776505
	speed: 0.0303s/iter; left time: 922.1205s
Epoch: 6 cost time: 226.6416425704956
Epoch: 6, Steps: 7607 | Train Loss: 2.1124546 Vali Loss: 1.9715136 Test Loss: 1.8735521
EarlyStopping counter: 2 out of 3
Updating learning rate to 3.125e-05
	iters: 100, epoch: 7 | loss: 2.0540323
	speed: 1.3593s/iter; left time: 41225.0306s
	iters: 200, epoch: 7 | loss: 2.1504776
	speed: 0.0302s/iter; left time: 913.0006s
	iters: 300, epoch: 7 | loss: 2.3067586
	speed: 0.0293s/iter; left time: 883.4063s
	iters: 400, epoch: 7 | loss: 2.4124243
	speed: 0.0297s/iter; left time: 892.5263s
	iters: 500, epoch: 7 | loss: 2.6167660
	speed: 0.0298s/iter; left time: 892.3905s
	iters: 600, epoch: 7 | loss: 2.3223188
	speed: 0.0296s/iter; left time: 883.0033s
	iters: 700, epoch: 7 | loss: 1.9718434
	speed: 0.0299s/iter; left time: 889.5214s
	iters: 800, epoch: 7 | loss: 2.2063861
	speed: 0.0300s/iter; left time: 888.0231s
	iters: 900, epoch: 7 | loss: 2.0340014
	speed: 0.0296s/iter; left time: 874.9646s
	iters: 1000, epoch: 7 | loss: 2.1876671
	speed: 0.0299s/iter; left time: 879.4160s
	iters: 1100, epoch: 7 | loss: 2.1017883
	speed: 0.0289s/iter; left time: 847.4669s
	iters: 1200, epoch: 7 | loss: 2.0267808
	speed: 0.0297s/iter; left time: 868.3099s
	iters: 1300, epoch: 7 | loss: 2.1747057
	speed: 0.0303s/iter; left time: 882.7433s
	iters: 1400, epoch: 7 | loss: 2.4179773
	speed: 0.0301s/iter; left time: 874.0491s
	iters: 1500, epoch: 7 | loss: 2.2719209
	speed: 0.0302s/iter; left time: 873.2567s
	iters: 1600, epoch: 7 | loss: 2.3683474
	speed: 0.0303s/iter; left time: 873.3928s
	iters: 1700, epoch: 7 | loss: 2.1183128
	speed: 0.0303s/iter; left time: 871.7127s
	iters: 1800, epoch: 7 | loss: 2.1386628
	speed: 0.0298s/iter; left time: 853.2273s
	iters: 1900, epoch: 7 | loss: 2.1067464
	speed: 0.0296s/iter; left time: 843.8414s
	iters: 2000, epoch: 7 | loss: 1.9004329
	speed: 0.0296s/iter; left time: 842.1650s
	iters: 2100, epoch: 7 | loss: 1.8938959
	speed: 0.0304s/iter; left time: 860.7581s
	iters: 2200, epoch: 7 | loss: 2.0667326
	speed: 0.0304s/iter; left time: 859.0552s
	iters: 2300, epoch: 7 | loss: 2.5059073
	speed: 0.0295s/iter; left time: 829.1369s
	iters: 2400, epoch: 7 | loss: 2.0421274
	speed: 0.0304s/iter; left time: 850.7721s
	iters: 2500, epoch: 7 | loss: 1.9122263
	speed: 0.0300s/iter; left time: 837.4765s
	iters: 2600, epoch: 7 | loss: 1.8760939
	speed: 0.0292s/iter; left time: 811.6859s
	iters: 2700, epoch: 7 | loss: 2.1894546
	speed: 0.0295s/iter; left time: 818.4413s
	iters: 2800, epoch: 7 | loss: 1.9533007
	speed: 0.0293s/iter; left time: 810.4415s
	iters: 2900, epoch: 7 | loss: 2.0812404
	speed: 0.0296s/iter; left time: 816.1369s
	iters: 3000, epoch: 7 | loss: 2.0209057
	speed: 0.0299s/iter; left time: 821.3082s
	iters: 3100, epoch: 7 | loss: 2.1820457
	speed: 0.0298s/iter; left time: 813.0781s
	iters: 3200, epoch: 7 | loss: 2.0636361
	speed: 0.0290s/iter; left time: 790.5137s
	iters: 3300, epoch: 7 | loss: 2.1494408
	speed: 0.0296s/iter; left time: 803.6427s
	iters: 3400, epoch: 7 | loss: 2.1731694
	speed: 0.0296s/iter; left time: 799.5791s
	iters: 3500, epoch: 7 | loss: 2.0997734
	speed: 0.0295s/iter; left time: 794.4229s
	iters: 3600, epoch: 7 | loss: 2.0597878
	speed: 0.0300s/iter; left time: 803.8024s
	iters: 3700, epoch: 7 | loss: 2.3566613
	speed: 0.0296s/iter; left time: 792.2242s
	iters: 3800, epoch: 7 | loss: 1.7755568
	speed: 0.0299s/iter; left time: 797.0652s
	iters: 3900, epoch: 7 | loss: 2.1512034
	speed: 0.0301s/iter; left time: 798.1338s
	iters: 4000, epoch: 7 | loss: 1.9668427
	speed: 0.0298s/iter; left time: 788.5546s
	iters: 4100, epoch: 7 | loss: 2.1249945
	speed: 0.0304s/iter; left time: 800.9783s
	iters: 4200, epoch: 7 | loss: 1.9164163
	speed: 0.0296s/iter; left time: 776.3713s
	iters: 4300, epoch: 7 | loss: 2.3088627
	speed: 0.0303s/iter; left time: 790.6615s
	iters: 4400, epoch: 7 | loss: 1.8308606
	speed: 0.0300s/iter; left time: 779.8663s
	iters: 4500, epoch: 7 | loss: 2.1628463
	speed: 0.0298s/iter; left time: 771.4611s
	iters: 4600, epoch: 7 | loss: 1.9715444
	speed: 0.0296s/iter; left time: 763.3099s
	iters: 4700, epoch: 7 | loss: 2.0314922
	speed: 0.0295s/iter; left time: 759.1091s
	iters: 4800, epoch: 7 | loss: 2.2229545
	speed: 0.0296s/iter; left time: 758.5920s
	iters: 4900, epoch: 7 | loss: 1.6183064
	speed: 0.0302s/iter; left time: 770.0942s
	iters: 5000, epoch: 7 | loss: 2.2959399
	speed: 0.0301s/iter; left time: 765.4588s
	iters: 5100, epoch: 7 | loss: 1.9824574
	speed: 0.0299s/iter; left time: 758.0942s
	iters: 5200, epoch: 7 | loss: 2.1209376
	speed: 0.0299s/iter; left time: 754.4659s
	iters: 5300, epoch: 7 | loss: 1.8956388
	speed: 0.0302s/iter; left time: 759.2907s
	iters: 5400, epoch: 7 | loss: 2.0003572
	speed: 0.0300s/iter; left time: 751.2244s
	iters: 5500, epoch: 7 | loss: 2.0390129
	speed: 0.0297s/iter; left time: 740.6418s
	iters: 5600, epoch: 7 | loss: 2.2892036
	speed: 0.0301s/iter; left time: 746.7248s
	iters: 5700, epoch: 7 | loss: 2.3056762
	speed: 0.0301s/iter; left time: 743.7224s
	iters: 5800, epoch: 7 | loss: 2.0072732
	speed: 0.0298s/iter; left time: 734.4890s
	iters: 5900, epoch: 7 | loss: 1.7361715
	speed: 0.0296s/iter; left time: 725.9573s
	iters: 6000, epoch: 7 | loss: 2.3016744
	speed: 0.0297s/iter; left time: 726.0058s
	iters: 6100, epoch: 7 | loss: 2.0901020
	speed: 0.0303s/iter; left time: 738.1206s
	iters: 6200, epoch: 7 | loss: 1.7946128
	speed: 0.0300s/iter; left time: 726.2682s
	iters: 6300, epoch: 7 | loss: 2.0515120
	speed: 0.0298s/iter; left time: 718.9581s
	iters: 6400, epoch: 7 | loss: 2.2363322
	speed: 0.0304s/iter; left time: 731.0177s
	iters: 6500, epoch: 7 | loss: 2.1450579
	speed: 0.0296s/iter; left time: 709.4603s
	iters: 6600, epoch: 7 | loss: 2.0777929
	speed: 0.0294s/iter; left time: 701.2161s
	iters: 6700, epoch: 7 | loss: 2.1264901
	speed: 0.0304s/iter; left time: 722.1041s
	iters: 6800, epoch: 7 | loss: 2.4309368
	speed: 0.0298s/iter; left time: 704.9452s
	iters: 6900, epoch: 7 | loss: 2.0326116
	speed: 0.0295s/iter; left time: 694.6902s
	iters: 7000, epoch: 7 | loss: 2.2562065
	speed: 0.0301s/iter; left time: 705.3001s
	iters: 7100, epoch: 7 | loss: 2.0803652
	speed: 0.0298s/iter; left time: 694.1647s
	iters: 7200, epoch: 7 | loss: 2.2125139
	speed: 0.0299s/iter; left time: 694.8879s
	iters: 7300, epoch: 7 | loss: 2.3836927
	speed: 0.0300s/iter; left time: 693.2395s
	iters: 7400, epoch: 7 | loss: 1.9032077
	speed: 0.0297s/iter; left time: 684.2458s
	iters: 7500, epoch: 7 | loss: 2.4800119
	speed: 0.0297s/iter; left time: 680.3518s
	iters: 7600, epoch: 7 | loss: 2.4911249
	speed: 0.0300s/iter; left time: 685.7500s
Epoch: 7 cost time: 227.1867425441742
Epoch: 7, Steps: 7607 | Train Loss: 2.1124253 Vali Loss: 1.9713441 Test Loss: 1.8741678
EarlyStopping counter: 3 out of 3
Early stopping
>>>>>>>testing : long_term_forecast_pems03_all_96_96_iTransformer_custom_ftM_sl96_ll48_pl96_dm512_nh8_el4_dl1_df512_fc3_ebtimeF_dtTrue_srate0.1_sseed7_trainseed2024_gap548_Exp_0<<<<<<<<<<<<<<<<<<<<<<<<<<<<<<<<<
test 300477
test shape: (30047, 1, 96, 151) (30047, 1, 96, 151)
test shape: (30047, 96, 151) (30047, 96, 151)
mse:1.8793554306030273, mae:1.078088641166687
>>>>>>>Overall time: 2755 seconds<<<<<<<<<<<<<<<<<<<<<<<<<<<<<<<<<
