Args in experiment:
Namespace(activation='gelu', anomaly_ratio=0.25, batch_size=16, c_out=107, checkpoints='./checkpoints/', d_ff=512, d_layers=1, d_model=512, data='custom', data_path='pems10_all_common_flow.csv', dec_in=107, des='Exp', devices='0,1,2,3', distil=True, dropout=0, e_layers=4, embed='timeF', enc_in=107, factor=3, features='M', freq='h', gap_day=365, gpu=0, inverse=False, is_training=1, itr=1, label_len=48, learning_rate=0.001, loss='MSE', lradj='type1', mask_rate=0.25, model='iTransformer', model_id='pems10_all_96_336', moving_avg=25, n_heads=8, num_kernels=6, num_workers=10, output_attention=False, p_hidden_dims=[128, 128], p_hidden_layers=2, patience=3, pred_len=336, root_path='../../data/pems/', samle_rate=0.1, sample_seed=7, seasonal_patterns='Monthly', seq_len=96, target='OT', task_name='long_term_forecast', top_k=5, train_epochs=10, train_seed=2024, use_amp=False, use_gpu=True, use_multi_gpu=False)
Use GPU: cuda:0
>>>>>>>start training : long_term_forecast_pems10_all_96_336_iTransformer_custom_ftM_sl96_ll48_pl336_dm512_nh8_el4_dl1_df512_fc3_ebtimeF_dtTrue_srate0.1_sseed7_trainseed2024_Exp_0>>>>>>>>>>>>>>>>>>>>>>>>>>
train 1125261
val 70377
test 246205
	iters: 100, epoch: 1 | loss: 1.6191264
	speed: 0.0393s/iter; left time: 2758.6095s
	iters: 200, epoch: 1 | loss: 1.7120348
	speed: 0.0384s/iter; left time: 2692.1744s
	iters: 300, epoch: 1 | loss: 1.5675168
	speed: 0.0367s/iter; left time: 2572.0218s
	iters: 400, epoch: 1 | loss: 1.4228212
	speed: 0.0374s/iter; left time: 2615.8666s
	iters: 500, epoch: 1 | loss: 1.5194204
	speed: 0.0345s/iter; left time: 2408.5212s
	iters: 600, epoch: 1 | loss: 1.6672580
	speed: 0.0307s/iter; left time: 2137.2782s
	iters: 700, epoch: 1 | loss: 1.6020905
	speed: 0.0304s/iter; left time: 2118.8509s
	iters: 800, epoch: 1 | loss: 1.4666948
	speed: 0.0305s/iter; left time: 2118.3990s
	iters: 900, epoch: 1 | loss: 1.5353220
	speed: 0.0306s/iter; left time: 2124.1785s
	iters: 1000, epoch: 1 | loss: 1.4656378
	speed: 0.0304s/iter; left time: 2108.9929s
	iters: 1100, epoch: 1 | loss: 1.4236493
	speed: 0.0306s/iter; left time: 2120.2399s
	iters: 1200, epoch: 1 | loss: 1.4945580
	speed: 0.0305s/iter; left time: 2107.6537s
	iters: 1300, epoch: 1 | loss: 1.6094252
	speed: 0.0306s/iter; left time: 2115.3657s
	iters: 1400, epoch: 1 | loss: 1.7948625
	speed: 0.0307s/iter; left time: 2114.7537s
	iters: 1500, epoch: 1 | loss: 1.5465356
	speed: 0.0304s/iter; left time: 2094.3182s
	iters: 1600, epoch: 1 | loss: 1.5855156
	speed: 0.0304s/iter; left time: 2086.6699s
	iters: 1700, epoch: 1 | loss: 1.4859828
	speed: 0.0304s/iter; left time: 2089.1108s
	iters: 1800, epoch: 1 | loss: 1.4679036
	speed: 0.0305s/iter; left time: 2089.4878s
	iters: 1900, epoch: 1 | loss: 1.6414764
	speed: 0.0305s/iter; left time: 2088.7567s
	iters: 2000, epoch: 1 | loss: 1.5111057
	speed: 0.0305s/iter; left time: 2085.6916s
	iters: 2100, epoch: 1 | loss: 1.4686515
	speed: 0.0305s/iter; left time: 2079.1818s
	iters: 2200, epoch: 1 | loss: 1.8218364
	speed: 0.0310s/iter; left time: 2109.8103s
	iters: 2300, epoch: 1 | loss: 1.6321250
	speed: 0.0304s/iter; left time: 2066.4639s
	iters: 2400, epoch: 1 | loss: 1.5021230
	speed: 0.0305s/iter; left time: 2071.0392s
	iters: 2500, epoch: 1 | loss: 1.6807983
	speed: 0.0306s/iter; left time: 2072.6529s
	iters: 2600, epoch: 1 | loss: 1.6333088
	speed: 0.0306s/iter; left time: 2074.5031s
	iters: 2700, epoch: 1 | loss: 1.6707900
	speed: 0.0306s/iter; left time: 2070.1115s
	iters: 2800, epoch: 1 | loss: 1.5913681
	speed: 0.0304s/iter; left time: 2052.6706s
	iters: 2900, epoch: 1 | loss: 1.6478887
	speed: 0.0304s/iter; left time: 2052.8983s
	iters: 3000, epoch: 1 | loss: 1.5437034
	speed: 0.0304s/iter; left time: 2048.9247s
	iters: 3100, epoch: 1 | loss: 1.6142558
	speed: 0.0313s/iter; left time: 2100.9449s
	iters: 3200, epoch: 1 | loss: 1.7783904
	speed: 0.0305s/iter; left time: 2047.5798s
	iters: 3300, epoch: 1 | loss: 1.5043864
	speed: 0.0305s/iter; left time: 2046.3026s
	iters: 3400, epoch: 1 | loss: 1.5102091
	speed: 0.0304s/iter; left time: 2035.6437s
	iters: 3500, epoch: 1 | loss: 1.5913539
	speed: 0.0304s/iter; left time: 2033.0003s
	iters: 3600, epoch: 1 | loss: 1.6868492
	speed: 0.0305s/iter; left time: 2034.0163s
	iters: 3700, epoch: 1 | loss: 1.4315625
	speed: 0.0305s/iter; left time: 2028.9964s
	iters: 3800, epoch: 1 | loss: 1.5039177
	speed: 0.0300s/iter; left time: 1998.1587s
	iters: 3900, epoch: 1 | loss: 1.5522560
	speed: 0.0304s/iter; left time: 2016.1444s
	iters: 4000, epoch: 1 | loss: 1.4945062
	speed: 0.0304s/iter; left time: 2016.0901s
	iters: 4100, epoch: 1 | loss: 1.4254739
	speed: 0.0304s/iter; left time: 2015.0959s
	iters: 4200, epoch: 1 | loss: 1.7346948
	speed: 0.0304s/iter; left time: 2011.3823s
	iters: 4300, epoch: 1 | loss: 1.5634594
	speed: 0.0304s/iter; left time: 2008.8490s
	iters: 4400, epoch: 1 | loss: 1.3034482
	speed: 0.0305s/iter; left time: 2010.0996s
	iters: 4500, epoch: 1 | loss: 1.3480662
	speed: 0.0304s/iter; left time: 2002.6236s
	iters: 4600, epoch: 1 | loss: 1.4980738
	speed: 0.0302s/iter; left time: 1986.0015s
	iters: 4700, epoch: 1 | loss: 1.3741821
	speed: 0.0305s/iter; left time: 1999.4175s
	iters: 4800, epoch: 1 | loss: 1.5110949
	speed: 0.0304s/iter; left time: 1994.8691s
	iters: 4900, epoch: 1 | loss: 1.3535817
	speed: 0.0305s/iter; left time: 1992.2980s
	iters: 5000, epoch: 1 | loss: 1.5555960
	speed: 0.0305s/iter; left time: 1993.5588s
	iters: 5100, epoch: 1 | loss: 1.5042917
	speed: 0.0303s/iter; left time: 1978.8205s
	iters: 5200, epoch: 1 | loss: 1.6087997
	speed: 0.0308s/iter; left time: 2005.6303s
	iters: 5300, epoch: 1 | loss: 1.4299945
	speed: 0.0302s/iter; left time: 1965.3455s
	iters: 5400, epoch: 1 | loss: 1.8204120
	speed: 0.0315s/iter; left time: 2042.6541s
	iters: 5500, epoch: 1 | loss: 1.5934078
	speed: 0.0314s/iter; left time: 2035.4062s
	iters: 5600, epoch: 1 | loss: 1.8444071
	speed: 0.0316s/iter; left time: 2043.4539s
	iters: 5700, epoch: 1 | loss: 1.4441921
	speed: 0.0318s/iter; left time: 2056.8173s
	iters: 5800, epoch: 1 | loss: 1.4485464
	speed: 0.0314s/iter; left time: 2028.8402s
	iters: 5900, epoch: 1 | loss: 1.6772412
	speed: 0.0317s/iter; left time: 2042.6415s
	iters: 6000, epoch: 1 | loss: 1.5373555
	speed: 0.0314s/iter; left time: 2017.9723s
	iters: 6100, epoch: 1 | loss: 1.8327850
	speed: 0.0318s/iter; left time: 2041.4313s
	iters: 6200, epoch: 1 | loss: 1.6375864
	speed: 0.0314s/iter; left time: 2014.5329s
	iters: 6300, epoch: 1 | loss: 1.4690294
	speed: 0.0315s/iter; left time: 2019.0322s
	iters: 6400, epoch: 1 | loss: 1.7390802
	speed: 0.0317s/iter; left time: 2024.7446s
	iters: 6500, epoch: 1 | loss: 1.7199383
	speed: 0.0317s/iter; left time: 2026.0882s
	iters: 6600, epoch: 1 | loss: 1.6108600
	speed: 0.0322s/iter; left time: 2053.0908s
	iters: 6700, epoch: 1 | loss: 1.5145316
	speed: 0.0314s/iter; left time: 1998.0996s
	iters: 6800, epoch: 1 | loss: 1.6646369
	speed: 0.0316s/iter; left time: 2009.6379s
	iters: 6900, epoch: 1 | loss: 1.5843076
	speed: 0.0319s/iter; left time: 2026.1960s
	iters: 7000, epoch: 1 | loss: 1.6330667
	speed: 0.0313s/iter; left time: 1979.6395s
Epoch: 1 cost time: 219.85279965400696
Epoch: 1, Steps: 7032 | Train Loss: 1.5878306 Vali Loss: 1.9079556 Test Loss: 1.6584710
Validation loss decreased (inf --> 1.907956).  Saving model ...
Updating learning rate to 0.001
	iters: 100, epoch: 2 | loss: 1.5654317
	speed: 1.1782s/iter; left time: 74446.6656s
	iters: 200, epoch: 2 | loss: 1.5029987
	speed: 0.0305s/iter; left time: 1921.3149s
	iters: 300, epoch: 2 | loss: 1.4192686
	speed: 0.0304s/iter; left time: 1911.7728s
	iters: 400, epoch: 2 | loss: 1.7104131
	speed: 0.0305s/iter; left time: 1916.2776s
	iters: 500, epoch: 2 | loss: 1.5628054
	speed: 0.0305s/iter; left time: 1912.1721s
	iters: 600, epoch: 2 | loss: 1.5141621
	speed: 0.0304s/iter; left time: 1904.2332s
	iters: 700, epoch: 2 | loss: 1.6799507
	speed: 0.0303s/iter; left time: 1897.4732s
	iters: 800, epoch: 2 | loss: 1.6329445
	speed: 0.0304s/iter; left time: 1897.6832s
	iters: 900, epoch: 2 | loss: 1.6010350
	speed: 0.0305s/iter; left time: 1900.1287s
	iters: 1000, epoch: 2 | loss: 1.3708389
	speed: 0.0305s/iter; left time: 1900.5944s
	iters: 1100, epoch: 2 | loss: 1.4166927
	speed: 0.0303s/iter; left time: 1887.1001s
	iters: 1200, epoch: 2 | loss: 1.6405817
	speed: 0.0305s/iter; left time: 1891.4459s
	iters: 1300, epoch: 2 | loss: 1.7041309
	speed: 0.0304s/iter; left time: 1886.3464s
	iters: 1400, epoch: 2 | loss: 1.3419266
	speed: 0.0304s/iter; left time: 1880.6660s
	iters: 1500, epoch: 2 | loss: 1.6003551
	speed: 0.0306s/iter; left time: 1893.1053s
	iters: 1600, epoch: 2 | loss: 1.6946682
	speed: 0.0305s/iter; left time: 1881.8854s
	iters: 1700, epoch: 2 | loss: 1.6176516
	speed: 0.0304s/iter; left time: 1872.4727s
	iters: 1800, epoch: 2 | loss: 1.6939149
	speed: 0.0303s/iter; left time: 1865.9537s
	iters: 1900, epoch: 2 | loss: 1.6004772
	speed: 0.0305s/iter; left time: 1871.4076s
	iters: 2000, epoch: 2 | loss: 1.6252550
	speed: 0.0305s/iter; left time: 1867.8784s
	iters: 2100, epoch: 2 | loss: 1.7232175
	speed: 0.0303s/iter; left time: 1856.7874s
	iters: 2200, epoch: 2 | loss: 1.5523249
	speed: 0.0305s/iter; left time: 1861.6233s
	iters: 2300, epoch: 2 | loss: 1.5348839
	speed: 0.0304s/iter; left time: 1854.7262s
	iters: 2400, epoch: 2 | loss: 1.7018757
	speed: 0.0304s/iter; left time: 1851.4550s
	iters: 2500, epoch: 2 | loss: 1.8495003
	speed: 0.0304s/iter; left time: 1849.0436s
	iters: 2600, epoch: 2 | loss: 1.6358496
	speed: 0.0304s/iter; left time: 1845.6566s
	iters: 2700, epoch: 2 | loss: 1.5802344
	speed: 0.0305s/iter; left time: 1846.1898s
	iters: 2800, epoch: 2 | loss: 1.6454357
	speed: 0.0304s/iter; left time: 1836.3338s
	iters: 2900, epoch: 2 | loss: 1.5325531
	speed: 0.0304s/iter; left time: 1836.0212s
	iters: 3000, epoch: 2 | loss: 1.3384345
	speed: 0.0304s/iter; left time: 1830.0466s
	iters: 3100, epoch: 2 | loss: 1.3514632
	speed: 0.0305s/iter; left time: 1835.0160s
	iters: 3200, epoch: 2 | loss: 1.5713953
	speed: 0.0303s/iter; left time: 1823.5236s
	iters: 3300, epoch: 2 | loss: 1.6252855
	speed: 0.0305s/iter; left time: 1826.7990s
	iters: 3400, epoch: 2 | loss: 1.5589188
	speed: 0.0304s/iter; left time: 1818.7496s
	iters: 3500, epoch: 2 | loss: 1.5877877
	speed: 0.0304s/iter; left time: 1816.1711s
	iters: 3600, epoch: 2 | loss: 1.6257979
	speed: 0.0304s/iter; left time: 1813.7827s
	iters: 3700, epoch: 2 | loss: 1.6044939
	speed: 0.0304s/iter; left time: 1809.5228s
	iters: 3800, epoch: 2 | loss: 1.6286066
	speed: 0.0304s/iter; left time: 1807.5058s
	iters: 3900, epoch: 2 | loss: 1.5890313
	speed: 0.0304s/iter; left time: 1805.5517s
	iters: 4000, epoch: 2 | loss: 1.7853509
	speed: 0.0304s/iter; left time: 1802.0804s
	iters: 4100, epoch: 2 | loss: 1.8548950
	speed: 0.0304s/iter; left time: 1801.8774s
	iters: 4200, epoch: 2 | loss: 1.6804559
	speed: 0.0304s/iter; left time: 1794.1897s
	iters: 4300, epoch: 2 | loss: 1.4206902
	speed: 0.0304s/iter; left time: 1793.7169s
	iters: 4400, epoch: 2 | loss: 1.5214094
	speed: 0.0304s/iter; left time: 1791.8401s
	iters: 4500, epoch: 2 | loss: 1.5668222
	speed: 0.0304s/iter; left time: 1785.0863s
	iters: 4600, epoch: 2 | loss: 1.6084293
	speed: 0.0304s/iter; left time: 1785.6541s
	iters: 4700, epoch: 2 | loss: 1.7399371
	speed: 0.0304s/iter; left time: 1780.0712s
	iters: 4800, epoch: 2 | loss: 1.5541197
	speed: 0.0304s/iter; left time: 1776.8634s
	iters: 4900, epoch: 2 | loss: 1.6302136
	speed: 0.0304s/iter; left time: 1775.6227s
	iters: 5000, epoch: 2 | loss: 1.7821224
	speed: 0.0304s/iter; left time: 1772.9300s
	iters: 5100, epoch: 2 | loss: 1.5747954
	speed: 0.0305s/iter; left time: 1773.7155s
	iters: 5200, epoch: 2 | loss: 1.5801271
	speed: 0.0304s/iter; left time: 1766.9692s
	iters: 5300, epoch: 2 | loss: 1.8097267
	speed: 0.0306s/iter; left time: 1772.0675s
	iters: 5400, epoch: 2 | loss: 1.6262125
	speed: 0.0306s/iter; left time: 1773.4576s
	iters: 5500, epoch: 2 | loss: 1.4048654
	speed: 0.0304s/iter; left time: 1754.2114s
	iters: 5600, epoch: 2 | loss: 1.6535919
	speed: 0.0304s/iter; left time: 1753.9689s
	iters: 5700, epoch: 2 | loss: 1.5769275
	speed: 0.0304s/iter; left time: 1748.6156s
	iters: 5800, epoch: 2 | loss: 1.7871995
	speed: 0.0304s/iter; left time: 1747.3394s
	iters: 5900, epoch: 2 | loss: 1.6129770
	speed: 0.0306s/iter; left time: 1754.7231s
	iters: 6000, epoch: 2 | loss: 1.5146614
	speed: 0.0304s/iter; left time: 1741.1047s
	iters: 6100, epoch: 2 | loss: 1.5820906
	speed: 0.0303s/iter; left time: 1735.3258s
	iters: 6200, epoch: 2 | loss: 1.5110755
	speed: 0.0304s/iter; left time: 1737.4189s
	iters: 6300, epoch: 2 | loss: 1.6698558
	speed: 0.0304s/iter; left time: 1732.4498s
	iters: 6400, epoch: 2 | loss: 1.4741429
	speed: 0.0304s/iter; left time: 1727.7683s
	iters: 6500, epoch: 2 | loss: 1.5373224
	speed: 0.0304s/iter; left time: 1723.6714s
	iters: 6600, epoch: 2 | loss: 1.6472381
	speed: 0.0304s/iter; left time: 1722.1008s
	iters: 6700, epoch: 2 | loss: 1.6853050
	speed: 0.0307s/iter; left time: 1735.3010s
	iters: 6800, epoch: 2 | loss: 1.6590981
	speed: 0.0307s/iter; left time: 1735.7428s
	iters: 6900, epoch: 2 | loss: 1.6811281
	speed: 0.0304s/iter; left time: 1714.8553s
	iters: 7000, epoch: 2 | loss: 1.4729596
	speed: 0.0306s/iter; left time: 1721.1017s
Epoch: 2 cost time: 214.20883631706238
Epoch: 2, Steps: 7032 | Train Loss: 1.5870266 Vali Loss: 1.9052974 Test Loss: 1.6606481
Validation loss decreased (1.907956 --> 1.905297).  Saving model ...
Updating learning rate to 0.0005
	iters: 100, epoch: 3 | loss: 1.5502408
	speed: 1.1599s/iter; left time: 65133.8210s
	iters: 200, epoch: 3 | loss: 1.5735602
	speed: 0.0307s/iter; left time: 1720.1787s
	iters: 300, epoch: 3 | loss: 1.4662049
	speed: 0.0308s/iter; left time: 1723.3104s
	iters: 400, epoch: 3 | loss: 1.5571954
	speed: 0.0307s/iter; left time: 1712.7407s
	iters: 500, epoch: 3 | loss: 1.4828840
	speed: 0.0306s/iter; left time: 1703.7160s
	iters: 600, epoch: 3 | loss: 1.8381178
	speed: 0.0305s/iter; left time: 1699.1651s
	iters: 700, epoch: 3 | loss: 1.6447585
	speed: 0.0304s/iter; left time: 1689.9077s
	iters: 800, epoch: 3 | loss: 1.4898708
	speed: 0.0304s/iter; left time: 1687.9715s
	iters: 900, epoch: 3 | loss: 1.7982670
	speed: 0.0304s/iter; left time: 1684.9960s
	iters: 1000, epoch: 3 | loss: 1.4712076
	speed: 0.0304s/iter; left time: 1680.8920s
	iters: 1100, epoch: 3 | loss: 1.4030914
	speed: 0.0304s/iter; left time: 1677.0735s
	iters: 1200, epoch: 3 | loss: 1.5616572
	speed: 0.0305s/iter; left time: 1677.1076s
	iters: 1300, epoch: 3 | loss: 1.3898506
	speed: 0.0304s/iter; left time: 1672.3344s
	iters: 1400, epoch: 3 | loss: 1.5534457
	speed: 0.0304s/iter; left time: 1670.3119s
	iters: 1500, epoch: 3 | loss: 1.4194952
	speed: 0.0304s/iter; left time: 1666.4191s
	iters: 1600, epoch: 3 | loss: 1.5670667
	speed: 0.0305s/iter; left time: 1669.4070s
	iters: 1700, epoch: 3 | loss: 1.6378943
	speed: 0.0304s/iter; left time: 1661.0462s
	iters: 1800, epoch: 3 | loss: 1.4825145
	speed: 0.0308s/iter; left time: 1679.3164s
	iters: 1900, epoch: 3 | loss: 1.3396785
	speed: 0.0310s/iter; left time: 1686.3148s
	iters: 2000, epoch: 3 | loss: 1.5661122
	speed: 0.0305s/iter; left time: 1655.1447s
	iters: 2100, epoch: 3 | loss: 1.4506507
	speed: 0.0304s/iter; left time: 1647.4327s
	iters: 2200, epoch: 3 | loss: 1.5995903
	speed: 0.0304s/iter; left time: 1643.8327s
	iters: 2300, epoch: 3 | loss: 1.8159001
	speed: 0.0304s/iter; left time: 1641.1552s
	iters: 2400, epoch: 3 | loss: 1.6703835
	speed: 0.0305s/iter; left time: 1642.6784s
	iters: 2500, epoch: 3 | loss: 1.5717897
	speed: 0.0304s/iter; left time: 1634.2764s
	iters: 2600, epoch: 3 | loss: 1.6995485
	speed: 0.0304s/iter; left time: 1631.0267s
	iters: 2700, epoch: 3 | loss: 1.2607530
	speed: 0.0306s/iter; left time: 1637.5370s
	iters: 2800, epoch: 3 | loss: 1.9159684
	speed: 0.0304s/iter; left time: 1624.7670s
	iters: 2900, epoch: 3 | loss: 1.3911059
	speed: 0.0307s/iter; left time: 1639.6013s
	iters: 3000, epoch: 3 | loss: 1.5038289
	speed: 0.0304s/iter; left time: 1620.1044s
	iters: 3100, epoch: 3 | loss: 1.7350774
	speed: 0.0304s/iter; left time: 1616.6806s
	iters: 3200, epoch: 3 | loss: 1.5669616
	speed: 0.0304s/iter; left time: 1613.3713s
	iters: 3300, epoch: 3 | loss: 1.7915270
	speed: 0.0304s/iter; left time: 1608.5793s
	iters: 3400, epoch: 3 | loss: 1.3819815
	speed: 0.0304s/iter; left time: 1607.8596s
	iters: 3500, epoch: 3 | loss: 1.7766325
	speed: 0.0304s/iter; left time: 1604.4109s
	iters: 3600, epoch: 3 | loss: 1.5351858
	speed: 0.0304s/iter; left time: 1600.0786s
	iters: 3700, epoch: 3 | loss: 1.4309771
	speed: 0.0304s/iter; left time: 1596.1405s
	iters: 3800, epoch: 3 | loss: 1.5533620
	speed: 0.0304s/iter; left time: 1593.1119s
	iters: 3900, epoch: 3 | loss: 1.6956162
	speed: 0.0304s/iter; left time: 1591.4402s
	iters: 4000, epoch: 3 | loss: 1.5680130
	speed: 0.0304s/iter; left time: 1590.1117s
	iters: 4100, epoch: 3 | loss: 1.6071689
	speed: 0.0304s/iter; left time: 1585.6294s
	iters: 4200, epoch: 3 | loss: 1.4945898
	speed: 0.0304s/iter; left time: 1583.8082s
	iters: 4300, epoch: 3 | loss: 1.3840579
	speed: 0.0304s/iter; left time: 1580.0036s
	iters: 4400, epoch: 3 | loss: 1.6405261
	speed: 0.0304s/iter; left time: 1576.1453s
	iters: 4500, epoch: 3 | loss: 1.4322673
	speed: 0.0307s/iter; left time: 1589.8240s
	iters: 4600, epoch: 3 | loss: 1.6163247
	speed: 0.0304s/iter; left time: 1569.6679s
	iters: 4700, epoch: 3 | loss: 1.5043727
	speed: 0.0306s/iter; left time: 1575.3117s
	iters: 4800, epoch: 3 | loss: 1.6923254
	speed: 0.0304s/iter; left time: 1563.2204s
	iters: 4900, epoch: 3 | loss: 1.5325860
	speed: 0.0304s/iter; left time: 1559.6780s
	iters: 5000, epoch: 3 | loss: 1.7966505
	speed: 0.0304s/iter; left time: 1559.3273s
	iters: 5100, epoch: 3 | loss: 1.6500981
	speed: 0.0306s/iter; left time: 1566.1563s
	iters: 5200, epoch: 3 | loss: 1.5940542
	speed: 0.0304s/iter; left time: 1551.8728s
	iters: 5300, epoch: 3 | loss: 1.6028517
	speed: 0.0304s/iter; left time: 1550.2675s
	iters: 5400, epoch: 3 | loss: 1.4301610
	speed: 0.0304s/iter; left time: 1544.2256s
	iters: 5500, epoch: 3 | loss: 1.6191543
	speed: 0.0306s/iter; left time: 1551.0928s
	iters: 5600, epoch: 3 | loss: 1.6399952
	speed: 0.0304s/iter; left time: 1537.7125s
	iters: 5700, epoch: 3 | loss: 1.3641697
	speed: 0.0310s/iter; left time: 1569.7738s
	iters: 5800, epoch: 3 | loss: 1.3998421
	speed: 0.0306s/iter; left time: 1543.6233s
	iters: 5900, epoch: 3 | loss: 1.7597371
	speed: 0.0304s/iter; left time: 1531.6709s
	iters: 6000, epoch: 3 | loss: 1.5655311
	speed: 0.0304s/iter; left time: 1526.7918s
	iters: 6100, epoch: 3 | loss: 1.2494534
	speed: 0.0304s/iter; left time: 1526.0539s
	iters: 6200, epoch: 3 | loss: 1.5876255
	speed: 0.0304s/iter; left time: 1522.0153s
	iters: 6300, epoch: 3 | loss: 1.4615159
	speed: 0.0304s/iter; left time: 1519.7672s
	iters: 6400, epoch: 3 | loss: 1.7488681
	speed: 0.0305s/iter; left time: 1518.5162s
	iters: 6500, epoch: 3 | loss: 1.4232683
	speed: 0.0305s/iter; left time: 1515.9495s
	iters: 6600, epoch: 3 | loss: 1.4704309
	speed: 0.0304s/iter; left time: 1509.9500s
	iters: 6700, epoch: 3 | loss: 1.4973234
	speed: 0.0306s/iter; left time: 1514.4318s
	iters: 6800, epoch: 3 | loss: 1.6310097
	speed: 0.0305s/iter; left time: 1508.5419s
	iters: 6900, epoch: 3 | loss: 1.7290604
	speed: 0.0305s/iter; left time: 1507.5634s
	iters: 7000, epoch: 3 | loss: 1.4826427
	speed: 0.0305s/iter; left time: 1503.0572s
Epoch: 3 cost time: 214.6210618019104
Epoch: 3, Steps: 7032 | Train Loss: 1.5867161 Vali Loss: 1.9026806 Test Loss: 1.6597788
Validation loss decreased (1.905297 --> 1.902681).  Saving model ...
Updating learning rate to 0.00025
	iters: 100, epoch: 4 | loss: 1.3835477
	speed: 1.1992s/iter; left time: 58908.7204s
	iters: 200, epoch: 4 | loss: 1.5630773
	speed: 0.0309s/iter; left time: 1515.2291s
	iters: 300, epoch: 4 | loss: 1.4909923
	speed: 0.0314s/iter; left time: 1537.6411s
	iters: 400, epoch: 4 | loss: 1.6085582
	speed: 0.0310s/iter; left time: 1515.3552s
	iters: 500, epoch: 4 | loss: 1.4436023
	speed: 0.0311s/iter; left time: 1514.7445s
	iters: 600, epoch: 4 | loss: 1.6070498
	speed: 0.0311s/iter; left time: 1510.6246s
	iters: 700, epoch: 4 | loss: 1.7698470
	speed: 0.0315s/iter; left time: 1529.3801s
	iters: 800, epoch: 4 | loss: 1.5056336
	speed: 0.0316s/iter; left time: 1530.9720s
	iters: 900, epoch: 4 | loss: 1.5084670
	speed: 0.0304s/iter; left time: 1469.3870s
	iters: 1000, epoch: 4 | loss: 1.9394622
	speed: 0.0304s/iter; left time: 1465.5902s
	iters: 1100, epoch: 4 | loss: 1.6518540
	speed: 0.0304s/iter; left time: 1462.2134s
	iters: 1200, epoch: 4 | loss: 1.5840324
	speed: 0.0304s/iter; left time: 1461.3922s
	iters: 1300, epoch: 4 | loss: 1.3707043
	speed: 0.0304s/iter; left time: 1458.6055s
	iters: 1400, epoch: 4 | loss: 1.6797169
	speed: 0.0304s/iter; left time: 1454.1777s
	iters: 1500, epoch: 4 | loss: 1.8336987
	speed: 0.0306s/iter; left time: 1462.3315s
	iters: 1600, epoch: 4 | loss: 1.4342366
	speed: 0.0304s/iter; left time: 1448.6926s
	iters: 1700, epoch: 4 | loss: 1.9050379
	speed: 0.0304s/iter; left time: 1446.1385s
	iters: 1800, epoch: 4 | loss: 1.7137220
	speed: 0.0304s/iter; left time: 1443.7566s
	iters: 1900, epoch: 4 | loss: 1.5348334
	speed: 0.0304s/iter; left time: 1438.5341s
	iters: 2000, epoch: 4 | loss: 1.6595774
	speed: 0.0304s/iter; left time: 1436.1640s
	iters: 2100, epoch: 4 | loss: 1.8404295
	speed: 0.0305s/iter; left time: 1436.1977s
	iters: 2200, epoch: 4 | loss: 1.6886932
	speed: 0.0304s/iter; left time: 1431.1990s
	iters: 2300, epoch: 4 | loss: 1.4808105
	speed: 0.0305s/iter; left time: 1429.5138s
	iters: 2400, epoch: 4 | loss: 1.7907455
	speed: 0.0304s/iter; left time: 1424.5105s
	iters: 2500, epoch: 4 | loss: 1.5368978
	speed: 0.0304s/iter; left time: 1421.6381s
	iters: 2600, epoch: 4 | loss: 1.6002042
	speed: 0.0305s/iter; left time: 1420.3508s
	iters: 2700, epoch: 4 | loss: 1.7896916
	speed: 0.0304s/iter; left time: 1412.6263s
	iters: 2800, epoch: 4 | loss: 1.6932931
	speed: 0.0305s/iter; left time: 1415.8388s
	iters: 2900, epoch: 4 | loss: 1.5678775
	speed: 0.0304s/iter; left time: 1407.8694s
	iters: 3000, epoch: 4 | loss: 1.6406873
	speed: 0.0304s/iter; left time: 1405.5283s
	iters: 3100, epoch: 4 | loss: 1.5690030
	speed: 0.0306s/iter; left time: 1413.4359s
	iters: 3200, epoch: 4 | loss: 1.7502199
	speed: 0.0304s/iter; left time: 1399.5458s
	iters: 3300, epoch: 4 | loss: 1.5382141
	speed: 0.0304s/iter; left time: 1395.6125s
	iters: 3400, epoch: 4 | loss: 1.4242580
	speed: 0.0304s/iter; left time: 1394.8233s
	iters: 3500, epoch: 4 | loss: 1.6918590
	speed: 0.0305s/iter; left time: 1392.4375s
	iters: 3600, epoch: 4 | loss: 1.5012832
	speed: 0.0304s/iter; left time: 1385.6448s
	iters: 3700, epoch: 4 | loss: 1.6082660
	speed: 0.0304s/iter; left time: 1386.0705s
	iters: 3800, epoch: 4 | loss: 1.4113600
	speed: 0.0304s/iter; left time: 1381.2453s
	iters: 3900, epoch: 4 | loss: 1.5168569
	speed: 0.0304s/iter; left time: 1378.1461s
	iters: 4000, epoch: 4 | loss: 1.5352753
	speed: 0.0304s/iter; left time: 1376.4636s
	iters: 4100, epoch: 4 | loss: 1.6912851
	speed: 0.0305s/iter; left time: 1374.2156s
	iters: 4200, epoch: 4 | loss: 1.7484201
	speed: 0.0304s/iter; left time: 1370.8354s
	iters: 4300, epoch: 4 | loss: 1.4944696
	speed: 0.0305s/iter; left time: 1369.5863s
	iters: 4400, epoch: 4 | loss: 1.6812298
	speed: 0.0304s/iter; left time: 1364.4191s
	iters: 4500, epoch: 4 | loss: 1.5622585
	speed: 0.0304s/iter; left time: 1359.6260s
	iters: 4600, epoch: 4 | loss: 1.3338100
	speed: 0.0304s/iter; left time: 1356.6665s
	iters: 4700, epoch: 4 | loss: 1.6331590
	speed: 0.0304s/iter; left time: 1355.7827s
	iters: 4800, epoch: 4 | loss: 1.5495822
	speed: 0.0305s/iter; left time: 1353.1079s
	iters: 4900, epoch: 4 | loss: 1.4665239
	speed: 0.0305s/iter; left time: 1352.2844s
	iters: 5000, epoch: 4 | loss: 1.4727685
	speed: 0.0304s/iter; left time: 1343.1311s
	iters: 5100, epoch: 4 | loss: 1.7698443
	speed: 0.0306s/iter; left time: 1348.1178s
	iters: 5200, epoch: 4 | loss: 1.6119419
	speed: 0.0303s/iter; left time: 1335.8371s
	iters: 5300, epoch: 4 | loss: 1.5888606
	speed: 0.0304s/iter; left time: 1335.3904s
	iters: 5400, epoch: 4 | loss: 1.6103923
	speed: 0.0304s/iter; left time: 1333.5542s
	iters: 5500, epoch: 4 | loss: 1.5746443
	speed: 0.0304s/iter; left time: 1330.3088s
	iters: 5600, epoch: 4 | loss: 1.6422409
	speed: 0.0304s/iter; left time: 1327.1522s
	iters: 5700, epoch: 4 | loss: 1.5785983
	speed: 0.0304s/iter; left time: 1324.3239s
	iters: 5800, epoch: 4 | loss: 1.4777958
	speed: 0.0304s/iter; left time: 1321.1069s
	iters: 5900, epoch: 4 | loss: 1.5684313
	speed: 0.0305s/iter; left time: 1320.5270s
	iters: 6000, epoch: 4 | loss: 1.6421683
	speed: 0.0306s/iter; left time: 1321.1134s
	iters: 6100, epoch: 4 | loss: 1.6386102
	speed: 0.0304s/iter; left time: 1311.4903s
	iters: 6200, epoch: 4 | loss: 1.6302019
	speed: 0.0309s/iter; left time: 1329.4356s
	iters: 6300, epoch: 4 | loss: 1.5727065
	speed: 0.0305s/iter; left time: 1307.1406s
	iters: 6400, epoch: 4 | loss: 1.5499181
	speed: 0.0306s/iter; left time: 1312.0308s
	iters: 6500, epoch: 4 | loss: 1.5352659
	speed: 0.0304s/iter; left time: 1300.6784s
	iters: 6600, epoch: 4 | loss: 1.4390521
	speed: 0.0304s/iter; left time: 1297.7870s
	iters: 6700, epoch: 4 | loss: 1.6424960
	speed: 0.0304s/iter; left time: 1293.0010s
	iters: 6800, epoch: 4 | loss: 1.7264186
	speed: 0.0304s/iter; left time: 1288.7483s
	iters: 6900, epoch: 4 | loss: 1.3001188
	speed: 0.0305s/iter; left time: 1289.2267s
	iters: 7000, epoch: 4 | loss: 1.5139711
	speed: 0.0304s/iter; left time: 1282.5563s
Epoch: 4 cost time: 214.85160279273987
Epoch: 4, Steps: 7032 | Train Loss: 1.5866678 Vali Loss: 1.9006231 Test Loss: 1.6605599
Validation loss decreased (1.902681 --> 1.900623).  Saving model ...
Updating learning rate to 0.000125
	iters: 100, epoch: 5 | loss: 1.6824678
	speed: 1.1539s/iter; left time: 48569.6536s
	iters: 200, epoch: 5 | loss: 1.5308846
	speed: 0.0306s/iter; left time: 1283.6897s
	iters: 300, epoch: 5 | loss: 1.4724956
	speed: 0.0307s/iter; left time: 1285.0349s
	iters: 400, epoch: 5 | loss: 1.3822881
	speed: 0.0306s/iter; left time: 1278.3900s
	iters: 500, epoch: 5 | loss: 1.8094902
	speed: 0.0307s/iter; left time: 1280.3401s
	iters: 600, epoch: 5 | loss: 1.6776900
	speed: 0.0306s/iter; left time: 1274.3741s
	iters: 700, epoch: 5 | loss: 1.5594919
	speed: 0.0306s/iter; left time: 1268.1076s
	iters: 800, epoch: 5 | loss: 1.6433228
	speed: 0.0307s/iter; left time: 1269.9415s
	iters: 900, epoch: 5 | loss: 1.4883808
	speed: 0.0307s/iter; left time: 1265.7967s
	iters: 1000, epoch: 5 | loss: 1.6101881
	speed: 0.0350s/iter; left time: 1439.7174s
	iters: 1100, epoch: 5 | loss: 1.5166912
	speed: 0.0352s/iter; left time: 1445.1295s
	iters: 1200, epoch: 5 | loss: 1.5774803
	speed: 0.0349s/iter; left time: 1431.3478s
	iters: 1300, epoch: 5 | loss: 1.7914059
	speed: 0.0356s/iter; left time: 1455.0452s
	iters: 1400, epoch: 5 | loss: 1.5315275
	speed: 0.0352s/iter; left time: 1437.3014s
	iters: 1500, epoch: 5 | loss: 1.4463618
	speed: 0.0351s/iter; left time: 1428.6754s
	iters: 1600, epoch: 5 | loss: 1.4583025
	speed: 0.0355s/iter; left time: 1440.0897s
	iters: 1700, epoch: 5 | loss: 1.4003583
	speed: 0.0349s/iter; left time: 1413.7622s
	iters: 1800, epoch: 5 | loss: 1.7358563
	speed: 0.0357s/iter; left time: 1442.5317s
	iters: 1900, epoch: 5 | loss: 1.5870514
	speed: 0.0356s/iter; left time: 1432.6146s
	iters: 2000, epoch: 5 | loss: 1.6195786
	speed: 0.0348s/iter; left time: 1399.2882s
	iters: 2100, epoch: 5 | loss: 1.4850736
	speed: 0.0351s/iter; left time: 1407.2068s
	iters: 2200, epoch: 5 | loss: 1.6564682
	speed: 0.0349s/iter; left time: 1396.2670s
	iters: 2300, epoch: 5 | loss: 1.5573179
	speed: 0.0354s/iter; left time: 1412.4403s
	iters: 2400, epoch: 5 | loss: 1.5490112
	speed: 0.0354s/iter; left time: 1408.8946s
	iters: 2500, epoch: 5 | loss: 1.4223145
	speed: 0.0349s/iter; left time: 1383.8130s
	iters: 2600, epoch: 5 | loss: 1.5386497
	speed: 0.0341s/iter; left time: 1350.8030s
	iters: 2700, epoch: 5 | loss: 1.3584636
	speed: 0.0347s/iter; left time: 1371.1009s
	iters: 2800, epoch: 5 | loss: 1.4991169
	speed: 0.0358s/iter; left time: 1410.3029s
	iters: 2900, epoch: 5 | loss: 1.5794171
	speed: 0.0342s/iter; left time: 1344.3995s
	iters: 3000, epoch: 5 | loss: 1.5333200
	speed: 0.0348s/iter; left time: 1365.7398s
	iters: 3100, epoch: 5 | loss: 1.4294096
	speed: 0.0358s/iter; left time: 1399.8260s
	iters: 3200, epoch: 5 | loss: 1.7024795
	speed: 0.0358s/iter; left time: 1395.5278s
	iters: 3300, epoch: 5 | loss: 1.6776048
	speed: 0.0366s/iter; left time: 1424.9411s
	iters: 3400, epoch: 5 | loss: 1.4842753
	speed: 0.0353s/iter; left time: 1369.6068s
	iters: 3500, epoch: 5 | loss: 1.4679462
	speed: 0.0344s/iter; left time: 1329.9865s
	iters: 3600, epoch: 5 | loss: 1.5447173
	speed: 0.0347s/iter; left time: 1340.5829s
	iters: 3700, epoch: 5 | loss: 1.4318780
	speed: 0.0362s/iter; left time: 1392.8688s
	iters: 3800, epoch: 5 | loss: 1.6786989
	speed: 0.0351s/iter; left time: 1348.5759s
	iters: 3900, epoch: 5 | loss: 1.8325093
	speed: 0.0346s/iter; left time: 1323.3842s
	iters: 4000, epoch: 5 | loss: 1.5075117
	speed: 0.0354s/iter; left time: 1352.5051s
	iters: 4100, epoch: 5 | loss: 1.7220539
	speed: 0.0357s/iter; left time: 1358.2933s
	iters: 4200, epoch: 5 | loss: 1.4472561
	speed: 0.0357s/iter; left time: 1357.2890s
	iters: 4300, epoch: 5 | loss: 1.6058218
	speed: 0.0357s/iter; left time: 1352.2081s
	iters: 4400, epoch: 5 | loss: 1.6672941
	speed: 0.0352s/iter; left time: 1328.6071s
	iters: 4500, epoch: 5 | loss: 1.5798484
	speed: 0.0324s/iter; left time: 1222.0982s
	iters: 4600, epoch: 5 | loss: 1.6385093
	speed: 0.0308s/iter; left time: 1156.2006s
	iters: 4700, epoch: 5 | loss: 1.5284576
	speed: 0.0304s/iter; left time: 1138.8511s
	iters: 4800, epoch: 5 | loss: 1.6154530
	speed: 0.0303s/iter; left time: 1134.6644s
	iters: 4900, epoch: 5 | loss: 1.3374295
	speed: 0.0305s/iter; left time: 1137.5256s
	iters: 5000, epoch: 5 | loss: 1.7876378
	speed: 0.0303s/iter; left time: 1128.1056s
	iters: 5100, epoch: 5 | loss: 1.4910834
	speed: 0.0305s/iter; left time: 1129.8283s
	iters: 5200, epoch: 5 | loss: 1.3717802
	speed: 0.0304s/iter; left time: 1124.3864s
	iters: 5300, epoch: 5 | loss: 1.4934943
	speed: 0.0304s/iter; left time: 1122.6820s
	iters: 5400, epoch: 5 | loss: 1.6299357
	speed: 0.0304s/iter; left time: 1117.4861s
	iters: 5500, epoch: 5 | loss: 1.6060714
	speed: 0.0331s/iter; left time: 1214.5280s
	iters: 5600, epoch: 5 | loss: 1.4872645
	speed: 0.0346s/iter; left time: 1264.4959s
	iters: 5700, epoch: 5 | loss: 1.4568937
	speed: 0.0346s/iter; left time: 1263.3856s
	iters: 5800, epoch: 5 | loss: 1.6270318
	speed: 0.0345s/iter; left time: 1255.1380s
	iters: 5900, epoch: 5 | loss: 1.5471364
	speed: 0.0362s/iter; left time: 1315.5963s
	iters: 6000, epoch: 5 | loss: 1.6760495
	speed: 0.0342s/iter; left time: 1236.6420s
	iters: 6100, epoch: 5 | loss: 1.7722410
	speed: 0.0321s/iter; left time: 1159.0180s
	iters: 6200, epoch: 5 | loss: 1.6157597
	speed: 0.0304s/iter; left time: 1095.8185s
	iters: 6300, epoch: 5 | loss: 1.5343792
	speed: 0.0304s/iter; left time: 1092.5791s
	iters: 6400, epoch: 5 | loss: 1.7632048
	speed: 0.0302s/iter; left time: 1081.7523s
	iters: 6500, epoch: 5 | loss: 1.5535749
	speed: 0.0304s/iter; left time: 1085.6060s
	iters: 6600, epoch: 5 | loss: 1.5166843
	speed: 0.0305s/iter; left time: 1084.0452s
	iters: 6700, epoch: 5 | loss: 1.5173125
	speed: 0.0305s/iter; left time: 1082.4208s
	iters: 6800, epoch: 5 | loss: 1.6488686
	speed: 0.0305s/iter; left time: 1080.1980s
	iters: 6900, epoch: 5 | loss: 1.5445676
	speed: 0.0305s/iter; left time: 1076.5915s
	iters: 7000, epoch: 5 | loss: 1.7564080
	speed: 0.0305s/iter; left time: 1073.3007s
Epoch: 5 cost time: 234.0080635547638
Epoch: 5, Steps: 7032 | Train Loss: 1.5865959 Vali Loss: 1.9050560 Test Loss: 1.6596165
EarlyStopping counter: 1 out of 3
Updating learning rate to 6.25e-05
	iters: 100, epoch: 6 | loss: 1.5327859
	speed: 1.1821s/iter; left time: 41445.4950s
	iters: 200, epoch: 6 | loss: 1.6495903
	speed: 0.0305s/iter; left time: 1066.6151s
	iters: 300, epoch: 6 | loss: 1.4171247
	speed: 0.0305s/iter; left time: 1063.6541s
	iters: 400, epoch: 6 | loss: 1.5124669
	speed: 0.0305s/iter; left time: 1059.4569s
	iters: 500, epoch: 6 | loss: 1.4752578
	speed: 0.0310s/iter; left time: 1073.8918s
	iters: 600, epoch: 6 | loss: 1.6780374
	speed: 0.0313s/iter; left time: 1081.5789s
	iters: 700, epoch: 6 | loss: 1.4509767
	speed: 0.0304s/iter; left time: 1048.2411s
	iters: 800, epoch: 6 | loss: 1.7572094
	speed: 0.0305s/iter; left time: 1048.9847s
	iters: 900, epoch: 6 | loss: 1.5339087
	speed: 0.0304s/iter; left time: 1042.1589s
	iters: 1000, epoch: 6 | loss: 1.6249307
	speed: 0.0307s/iter; left time: 1049.4501s
	iters: 1100, epoch: 6 | loss: 1.5680585
	speed: 0.0305s/iter; left time: 1038.7834s
	iters: 1200, epoch: 6 | loss: 1.8014235
	speed: 0.0304s/iter; left time: 1032.3017s
	iters: 1300, epoch: 6 | loss: 1.5596430
	speed: 0.0304s/iter; left time: 1029.1922s
	iters: 1400, epoch: 6 | loss: 1.7592788
	speed: 0.0304s/iter; left time: 1025.7863s
	iters: 1500, epoch: 6 | loss: 1.6351919
	speed: 0.0305s/iter; left time: 1026.8127s
	iters: 1600, epoch: 6 | loss: 1.6497445
	speed: 0.0303s/iter; left time: 1018.3343s
	iters: 1700, epoch: 6 | loss: 1.5643413
	speed: 0.0304s/iter; left time: 1018.1354s
	iters: 1800, epoch: 6 | loss: 1.5766385
	speed: 0.0308s/iter; left time: 1028.4164s
	iters: 1900, epoch: 6 | loss: 1.6311909
	speed: 0.0306s/iter; left time: 1016.1356s
	iters: 2000, epoch: 6 | loss: 1.7180313
	speed: 0.0307s/iter; left time: 1016.7219s
	iters: 2100, epoch: 6 | loss: 1.3586261
	speed: 0.0306s/iter; left time: 1011.5384s
	iters: 2200, epoch: 6 | loss: 1.5151573
	speed: 0.0305s/iter; left time: 1004.2160s
	iters: 2300, epoch: 6 | loss: 1.5087543
	speed: 0.0304s/iter; left time: 1000.5207s
	iters: 2400, epoch: 6 | loss: 1.4943738
	speed: 0.0306s/iter; left time: 1001.5612s
	iters: 2500, epoch: 6 | loss: 1.6882612
	speed: 0.0307s/iter; left time: 1001.8055s
	iters: 2600, epoch: 6 | loss: 1.6954490
	speed: 0.0307s/iter; left time: 998.9077s
	iters: 2700, epoch: 6 | loss: 1.5225328
	speed: 0.0310s/iter; left time: 1007.0370s
	iters: 2800, epoch: 6 | loss: 1.3575705
	speed: 0.0307s/iter; left time: 992.9260s
	iters: 2900, epoch: 6 | loss: 1.7156646
	speed: 0.0305s/iter; left time: 982.3998s
	iters: 3000, epoch: 6 | loss: 1.3774356
	speed: 0.0304s/iter; left time: 979.1649s
	iters: 3100, epoch: 6 | loss: 1.7382210
	speed: 0.0304s/iter; left time: 976.2167s
	iters: 3200, epoch: 6 | loss: 1.8086050
	speed: 0.0304s/iter; left time: 972.8334s
	iters: 3300, epoch: 6 | loss: 1.5150586
	speed: 0.0307s/iter; left time: 979.0679s
	iters: 3400, epoch: 6 | loss: 1.5878189
	speed: 0.0307s/iter; left time: 974.2967s
	iters: 3500, epoch: 6 | loss: 1.6301614
	speed: 0.0330s/iter; left time: 1043.3011s
	iters: 3600, epoch: 6 | loss: 1.5874325
	speed: 0.0361s/iter; left time: 1139.1231s
	iters: 3700, epoch: 6 | loss: 1.7660558
	speed: 0.0360s/iter; left time: 1131.6785s
	iters: 3800, epoch: 6 | loss: 1.4694923
	speed: 0.0361s/iter; left time: 1133.1160s
	iters: 3900, epoch: 6 | loss: 1.7693803
	speed: 0.0363s/iter; left time: 1133.2946s
	iters: 4000, epoch: 6 | loss: 1.6684828
	speed: 0.0358s/iter; left time: 1114.7278s
	iters: 4100, epoch: 6 | loss: 1.8023031
	speed: 0.0356s/iter; left time: 1105.7725s
	iters: 4200, epoch: 6 | loss: 1.5734162
	speed: 0.0361s/iter; left time: 1117.2594s
	iters: 4300, epoch: 6 | loss: 1.5640566
	speed: 0.0362s/iter; left time: 1117.4784s
	iters: 4400, epoch: 6 | loss: 1.6495147
	speed: 0.0360s/iter; left time: 1107.1827s
	iters: 4500, epoch: 6 | loss: 1.6294143
	speed: 0.0357s/iter; left time: 1093.8863s
	iters: 4600, epoch: 6 | loss: 1.6251664
	speed: 0.0364s/iter; left time: 1110.9130s
	iters: 4700, epoch: 6 | loss: 1.8235327
	speed: 0.0362s/iter; left time: 1102.3136s
	iters: 4800, epoch: 6 | loss: 1.4518979
	speed: 0.0359s/iter; left time: 1091.2221s
	iters: 4900, epoch: 6 | loss: 1.6704742
	speed: 0.0361s/iter; left time: 1093.2179s
	iters: 5000, epoch: 6 | loss: 1.5821928
	speed: 0.0361s/iter; left time: 1087.3248s
	iters: 5100, epoch: 6 | loss: 1.7064086
	speed: 0.0360s/iter; left time: 1083.5989s
	iters: 5200, epoch: 6 | loss: 1.5132551
	speed: 0.0360s/iter; left time: 1079.3519s
	iters: 5300, epoch: 6 | loss: 1.5911965
	speed: 0.0360s/iter; left time: 1075.5096s
	iters: 5400, epoch: 6 | loss: 1.4984063
	speed: 0.0359s/iter; left time: 1067.4982s
	iters: 5500, epoch: 6 | loss: 1.5498996
	speed: 0.0356s/iter; left time: 1055.4825s
	iters: 5600, epoch: 6 | loss: 1.3981541
	speed: 0.0364s/iter; left time: 1075.4522s
	iters: 5700, epoch: 6 | loss: 1.6691774
	speed: 0.0359s/iter; left time: 1056.5260s
	iters: 5800, epoch: 6 | loss: 1.6393372
	speed: 0.0360s/iter; left time: 1057.1027s
