Args in experiment:
Namespace(activation='gelu', anomaly_ratio=0.25, batch_size=16, c_out=103, checkpoints='./checkpoints/', d_ff=512, d_layers=1, d_model=512, data='custom', data_path='pems05_all_common_flow.csv', dec_in=103, des='Exp', devices='0,1,2,3', distil=True, dropout=0, e_layers=4, embed='timeF', enc_in=103, factor=3, features='M', freq='h', gap_day=548, gpu=0, inverse=False, is_training=1, itr=1, label_len=48, learning_rate=0.001, loss='MSE', lradj='type1', mask_rate=0.25, model='iTransformer', model_id='pems05_all_96_192', moving_avg=25, n_heads=8, num_kernels=6, num_workers=10, output_attention=False, p_hidden_dims=[128, 128], p_hidden_layers=2, patience=3, pred_len=192, root_path='../../data/pems/', samle_rate=0.1, sample_seed=7, seasonal_patterns='Monthly', seq_len=96, target='OT', task_name='long_term_forecast', top_k=5, train_epochs=10, train_seed=2024, use_amp=False, use_gpu=True, use_multi_gpu=False)
Use GPU: cuda:0
>>>>>>>start training : long_term_forecast_pems05_all_96_192_iTransformer_custom_ftM_sl96_ll48_pl192_dm512_nh8_el4_dl1_df512_fc3_ebtimeF_dtTrue_srate0.1_sseed7_trainseed2024_gap548_Exp_0>>>>>>>>>>>>>>>>>>>>>>>>>>
train 600679
val 94916
test 94915
	iters: 100, epoch: 1 | loss: 1.5603011
	speed: 0.0314s/iter; left time: 1176.9866s
	iters: 200, epoch: 1 | loss: 1.7002645
	speed: 0.0300s/iter; left time: 1119.4341s
	iters: 300, epoch: 1 | loss: 1.7287167
	speed: 0.0301s/iter; left time: 1122.0135s
	iters: 400, epoch: 1 | loss: 1.5683869
	speed: 0.0304s/iter; left time: 1128.1716s
	iters: 500, epoch: 1 | loss: 1.8803723
	speed: 0.0304s/iter; left time: 1126.7089s
	iters: 600, epoch: 1 | loss: 1.6247683
	speed: 0.0304s/iter; left time: 1122.6664s
	iters: 700, epoch: 1 | loss: 1.9045411
	speed: 0.0304s/iter; left time: 1119.0020s
	iters: 800, epoch: 1 | loss: 1.9018815
	speed: 0.0304s/iter; left time: 1116.5953s
	iters: 900, epoch: 1 | loss: 1.7410593
	speed: 0.0303s/iter; left time: 1108.6290s
	iters: 1000, epoch: 1 | loss: 1.5535359
	speed: 0.0303s/iter; left time: 1107.3772s
	iters: 1100, epoch: 1 | loss: 1.7160617
	speed: 0.0299s/iter; left time: 1089.4399s
	iters: 1200, epoch: 1 | loss: 1.5180451
	speed: 0.0302s/iter; left time: 1097.1840s
	iters: 1300, epoch: 1 | loss: 1.9592876
	speed: 0.0303s/iter; left time: 1098.2941s
	iters: 1400, epoch: 1 | loss: 2.0538359
	speed: 0.0303s/iter; left time: 1094.8340s
	iters: 1500, epoch: 1 | loss: 1.7043161
	speed: 0.0306s/iter; left time: 1103.0798s
	iters: 1600, epoch: 1 | loss: 1.4361966
	speed: 0.0304s/iter; left time: 1092.0248s
	iters: 1700, epoch: 1 | loss: 1.5376654
	speed: 0.0303s/iter; left time: 1084.4219s
	iters: 1800, epoch: 1 | loss: 1.8991524
	speed: 0.0304s/iter; left time: 1085.5263s
	iters: 1900, epoch: 1 | loss: 1.9102314
	speed: 0.0302s/iter; left time: 1076.9927s
	iters: 2000, epoch: 1 | loss: 1.8128635
	speed: 0.0303s/iter; left time: 1076.2984s
	iters: 2100, epoch: 1 | loss: 1.7454418
	speed: 0.0303s/iter; left time: 1073.8124s
	iters: 2200, epoch: 1 | loss: 1.8341802
	speed: 0.0302s/iter; left time: 1068.9817s
	iters: 2300, epoch: 1 | loss: 1.5297301
	speed: 0.0304s/iter; left time: 1070.7014s
	iters: 2400, epoch: 1 | loss: 1.7942973
	speed: 0.0305s/iter; left time: 1071.3129s
	iters: 2500, epoch: 1 | loss: 1.8847917
	speed: 0.0302s/iter; left time: 1056.5019s
	iters: 2600, epoch: 1 | loss: 1.7386317
	speed: 0.0305s/iter; left time: 1065.4225s
	iters: 2700, epoch: 1 | loss: 1.5902935
	speed: 0.0302s/iter; left time: 1051.3448s
	iters: 2800, epoch: 1 | loss: 1.5304433
	speed: 0.0304s/iter; left time: 1055.7826s
	iters: 2900, epoch: 1 | loss: 1.3104365
	speed: 0.0303s/iter; left time: 1049.2729s
	iters: 3000, epoch: 1 | loss: 2.0398183
	speed: 0.0306s/iter; left time: 1056.2660s
	iters: 3100, epoch: 1 | loss: 1.7088754
	speed: 0.0304s/iter; left time: 1045.7045s
	iters: 3200, epoch: 1 | loss: 1.5433222
	speed: 0.0301s/iter; left time: 1033.4052s
	iters: 3300, epoch: 1 | loss: 1.9418247
	speed: 0.0302s/iter; left time: 1033.9036s
	iters: 3400, epoch: 1 | loss: 1.8369434
	speed: 0.0301s/iter; left time: 1029.0786s
	iters: 3500, epoch: 1 | loss: 1.5364028
	speed: 0.0304s/iter; left time: 1034.4482s
	iters: 3600, epoch: 1 | loss: 1.8517305
	speed: 0.0306s/iter; left time: 1037.9984s
	iters: 3700, epoch: 1 | loss: 1.7016113
	speed: 0.0302s/iter; left time: 1020.7737s
Epoch: 1 cost time: 113.95354104042053
Epoch: 1, Steps: 3754 | Train Loss: 1.6832862 Vali Loss: 1.7228132 Test Loss: 1.5333499
Validation loss decreased (inf --> 1.722813).  Saving model ...
Updating learning rate to 0.001
	iters: 100, epoch: 2 | loss: 1.5324889
	speed: 0.4719s/iter; left time: 15895.3269s
	iters: 200, epoch: 2 | loss: 1.4461083
	speed: 0.0302s/iter; left time: 1015.2980s
	iters: 300, epoch: 2 | loss: 1.8669186
	speed: 0.0303s/iter; left time: 1014.5766s
	iters: 400, epoch: 2 | loss: 1.8435602
	speed: 0.0302s/iter; left time: 1007.6041s
	iters: 500, epoch: 2 | loss: 1.8063895
	speed: 0.0303s/iter; left time: 1009.8833s
	iters: 600, epoch: 2 | loss: 1.4750016
	speed: 0.0303s/iter; left time: 1005.4802s
	iters: 700, epoch: 2 | loss: 1.9893725
	speed: 0.0304s/iter; left time: 1006.2462s
	iters: 800, epoch: 2 | loss: 1.6567138
	speed: 0.0304s/iter; left time: 1004.0366s
	iters: 900, epoch: 2 | loss: 1.9037577
	speed: 0.0306s/iter; left time: 1006.4970s
	iters: 1000, epoch: 2 | loss: 1.5647612
	speed: 0.0303s/iter; left time: 992.8803s
	iters: 1100, epoch: 2 | loss: 1.5203744
	speed: 0.0303s/iter; left time: 991.7761s
	iters: 1200, epoch: 2 | loss: 1.5817739
	speed: 0.0302s/iter; left time: 984.4229s
	iters: 1300, epoch: 2 | loss: 1.8625983
	speed: 0.0302s/iter; left time: 981.3597s
	iters: 1400, epoch: 2 | loss: 1.5905554
	speed: 0.0304s/iter; left time: 983.2269s
	iters: 1500, epoch: 2 | loss: 1.7578217
	speed: 0.0304s/iter; left time: 980.7696s
	iters: 1600, epoch: 2 | loss: 1.7384713
	speed: 0.0303s/iter; left time: 975.8693s
	iters: 1700, epoch: 2 | loss: 1.6030509
	speed: 0.0304s/iter; left time: 975.2833s
	iters: 1800, epoch: 2 | loss: 1.6200876
	speed: 0.0298s/iter; left time: 954.7080s
	iters: 1900, epoch: 2 | loss: 1.9268253
	speed: 0.0304s/iter; left time: 969.9063s
	iters: 2000, epoch: 2 | loss: 1.6652963
	speed: 0.0304s/iter; left time: 967.5823s
	iters: 2100, epoch: 2 | loss: 1.6175267
	speed: 0.0304s/iter; left time: 962.5276s
	iters: 2200, epoch: 2 | loss: 1.6310173
	speed: 0.0304s/iter; left time: 960.8486s
	iters: 2300, epoch: 2 | loss: 1.6302209
	speed: 0.0301s/iter; left time: 947.9207s
	iters: 2400, epoch: 2 | loss: 1.8201387
	speed: 0.0304s/iter; left time: 954.4979s
	iters: 2500, epoch: 2 | loss: 1.7702942
	speed: 0.0304s/iter; left time: 951.1647s
	iters: 2600, epoch: 2 | loss: 1.6065542
	speed: 0.0299s/iter; left time: 933.9142s
	iters: 2700, epoch: 2 | loss: 1.6287082
	speed: 0.0301s/iter; left time: 935.9834s
	iters: 2800, epoch: 2 | loss: 1.3734615
	speed: 0.0302s/iter; left time: 936.1759s
	iters: 2900, epoch: 2 | loss: 1.9004521
	speed: 0.0303s/iter; left time: 934.9448s
	iters: 3000, epoch: 2 | loss: 1.8484000
	speed: 0.0304s/iter; left time: 935.7850s
	iters: 3100, epoch: 2 | loss: 2.1258526
	speed: 0.0304s/iter; left time: 933.7173s
	iters: 3200, epoch: 2 | loss: 1.5419401
	speed: 0.0304s/iter; left time: 929.9240s
	iters: 3300, epoch: 2 | loss: 1.9632822
	speed: 0.0304s/iter; left time: 927.5518s
	iters: 3400, epoch: 2 | loss: 1.7512356
	speed: 0.0302s/iter; left time: 918.0712s
	iters: 3500, epoch: 2 | loss: 1.4367546
	speed: 0.0303s/iter; left time: 918.7108s
	iters: 3600, epoch: 2 | loss: 1.6500200
	speed: 0.0304s/iter; left time: 919.1585s
	iters: 3700, epoch: 2 | loss: 1.8785062
	speed: 0.0298s/iter; left time: 896.7959s
Epoch: 2 cost time: 113.38700437545776
Epoch: 2, Steps: 3754 | Train Loss: 1.6881457 Vali Loss: 1.7204701 Test Loss: 1.5403063
Validation loss decreased (1.722813 --> 1.720470).  Saving model ...
Updating learning rate to 0.0005
	iters: 100, epoch: 3 | loss: 1.4176774
	speed: 0.4743s/iter; left time: 14198.1000s
	iters: 200, epoch: 3 | loss: 1.4241296
	speed: 0.0305s/iter; left time: 909.7537s
	iters: 300, epoch: 3 | loss: 2.1679826
	speed: 0.0305s/iter; left time: 906.9217s
	iters: 400, epoch: 3 | loss: 1.6560727
	speed: 0.0303s/iter; left time: 897.0892s
	iters: 500, epoch: 3 | loss: 1.9609854
	speed: 0.0304s/iter; left time: 899.1417s
	iters: 600, epoch: 3 | loss: 1.7399144
	speed: 0.0303s/iter; left time: 891.0130s
	iters: 700, epoch: 3 | loss: 1.7032076
	speed: 0.0302s/iter; left time: 887.0598s
	iters: 800, epoch: 3 | loss: 1.7721148
	speed: 0.0303s/iter; left time: 885.9503s
	iters: 900, epoch: 3 | loss: 1.8453261
	speed: 0.0301s/iter; left time: 875.5348s
	iters: 1000, epoch: 3 | loss: 1.9456085
	speed: 0.0304s/iter; left time: 883.2537s
	iters: 1100, epoch: 3 | loss: 1.5777166
	speed: 0.0303s/iter; left time: 875.4573s
	iters: 1200, epoch: 3 | loss: 1.8007098
	speed: 0.0303s/iter; left time: 874.9692s
	iters: 1300, epoch: 3 | loss: 1.6270492
	speed: 0.0304s/iter; left time: 873.6932s
	iters: 1400, epoch: 3 | loss: 1.6681951
	speed: 0.0302s/iter; left time: 865.2975s
	iters: 1500, epoch: 3 | loss: 1.6145458
	speed: 0.0304s/iter; left time: 867.9399s
	iters: 1600, epoch: 3 | loss: 1.3547069
	speed: 0.0303s/iter; left time: 862.2312s
	iters: 1700, epoch: 3 | loss: 1.6921738
	speed: 0.0304s/iter; left time: 861.2562s
	iters: 1800, epoch: 3 | loss: 1.4249847
	speed: 0.0304s/iter; left time: 858.7517s
	iters: 1900, epoch: 3 | loss: 1.6009706
	speed: 0.0303s/iter; left time: 851.4990s
	iters: 2000, epoch: 3 | loss: 1.9152600
	speed: 0.0299s/iter; left time: 837.7882s
	iters: 2100, epoch: 3 | loss: 1.3738855
	speed: 0.0305s/iter; left time: 852.0678s
	iters: 2200, epoch: 3 | loss: 1.7463143
	speed: 0.0304s/iter; left time: 846.7725s
	iters: 2300, epoch: 3 | loss: 1.7670146
	speed: 0.0300s/iter; left time: 832.1942s
	iters: 2400, epoch: 3 | loss: 1.8358076
	speed: 0.0304s/iter; left time: 839.4881s
	iters: 2500, epoch: 3 | loss: 1.5970722
	speed: 0.0302s/iter; left time: 831.7395s
	iters: 2600, epoch: 3 | loss: 1.7702169
	speed: 0.0304s/iter; left time: 834.4990s
	iters: 2700, epoch: 3 | loss: 1.4842174
	speed: 0.0303s/iter; left time: 829.5031s
	iters: 2800, epoch: 3 | loss: 1.7960366
	speed: 0.0303s/iter; left time: 824.8672s
	iters: 2900, epoch: 3 | loss: 1.4609419
	speed: 0.0303s/iter; left time: 822.8890s
	iters: 3000, epoch: 3 | loss: 1.6960968
	speed: 0.0304s/iter; left time: 821.5130s
	iters: 3100, epoch: 3 | loss: 1.4921319
	speed: 0.0303s/iter; left time: 817.2638s
	iters: 3200, epoch: 3 | loss: 2.0528827
	speed: 0.0303s/iter; left time: 812.2165s
	iters: 3300, epoch: 3 | loss: 2.1375256
	speed: 0.0304s/iter; left time: 812.7507s
	iters: 3400, epoch: 3 | loss: 1.7393278
	speed: 0.0303s/iter; left time: 807.4630s
	iters: 3500, epoch: 3 | loss: 1.7127992
	speed: 0.0302s/iter; left time: 801.9518s
	iters: 3600, epoch: 3 | loss: 1.3818089
	speed: 0.0303s/iter; left time: 801.5563s
	iters: 3700, epoch: 3 | loss: 1.6073875
	speed: 0.0304s/iter; left time: 800.0445s
Epoch: 3 cost time: 113.95600152015686
Epoch: 3, Steps: 3754 | Train Loss: 1.6876354 Vali Loss: 1.7200963 Test Loss: 1.5393877
Validation loss decreased (1.720470 --> 1.720096).  Saving model ...
Updating learning rate to 0.00025
	iters: 100, epoch: 4 | loss: 1.6295595
	speed: 0.4743s/iter; left time: 12417.8192s
	iters: 200, epoch: 4 | loss: 1.4557664
	speed: 0.0304s/iter; left time: 791.8668s
	iters: 300, epoch: 4 | loss: 1.5240397
	speed: 0.0302s/iter; left time: 785.4430s
	iters: 400, epoch: 4 | loss: 1.5169708
	speed: 0.0304s/iter; left time: 786.7326s
	iters: 500, epoch: 4 | loss: 1.7246842
	speed: 0.0304s/iter; left time: 783.3437s
	iters: 600, epoch: 4 | loss: 1.5659962
	speed: 0.0303s/iter; left time: 777.6597s
	iters: 700, epoch: 4 | loss: 1.6012872
	speed: 0.0303s/iter; left time: 774.9012s
	iters: 800, epoch: 4 | loss: 1.5442730
	speed: 0.0303s/iter; left time: 771.8813s
	iters: 900, epoch: 4 | loss: 1.6554862
	speed: 0.0303s/iter; left time: 769.2655s
	iters: 1000, epoch: 4 | loss: 1.6648027
	speed: 0.0304s/iter; left time: 768.4001s
	iters: 1100, epoch: 4 | loss: 1.6835266
	speed: 0.0304s/iter; left time: 765.5768s
	iters: 1200, epoch: 4 | loss: 1.5749650
	speed: 0.0300s/iter; left time: 751.8205s
	iters: 1300, epoch: 4 | loss: 1.9285364
	speed: 0.0304s/iter; left time: 760.4720s
	iters: 1400, epoch: 4 | loss: 1.7572275
	speed: 0.0303s/iter; left time: 752.9967s
	iters: 1500, epoch: 4 | loss: 1.9807242
	speed: 0.0304s/iter; left time: 752.1064s
	iters: 1600, epoch: 4 | loss: 1.4483852
	speed: 0.0297s/iter; left time: 733.8328s
	iters: 1700, epoch: 4 | loss: 1.4090642
	speed: 0.0304s/iter; left time: 747.7104s
	iters: 1800, epoch: 4 | loss: 1.6074321
	speed: 0.0303s/iter; left time: 741.5681s
	iters: 1900, epoch: 4 | loss: 1.8001871
	speed: 0.0301s/iter; left time: 733.1532s
	iters: 2000, epoch: 4 | loss: 1.6978407
	speed: 0.0304s/iter; left time: 739.2621s
	iters: 2100, epoch: 4 | loss: 1.8579888
	speed: 0.0298s/iter; left time: 720.4627s
	iters: 2200, epoch: 4 | loss: 1.8585660
	speed: 0.0302s/iter; left time: 727.8378s
	iters: 2300, epoch: 4 | loss: 1.9247878
	speed: 0.0303s/iter; left time: 726.8264s
	iters: 2400, epoch: 4 | loss: 1.7244439
	speed: 0.0304s/iter; left time: 725.4579s
	iters: 2500, epoch: 4 | loss: 1.5520443
	speed: 0.0304s/iter; left time: 722.8269s
	iters: 2600, epoch: 4 | loss: 1.7046261
	speed: 0.0302s/iter; left time: 714.7375s
	iters: 2700, epoch: 4 | loss: 1.6795993
	speed: 0.0303s/iter; left time: 713.6598s
	iters: 2800, epoch: 4 | loss: 1.5525320
	speed: 0.0303s/iter; left time: 710.4216s
	iters: 2900, epoch: 4 | loss: 1.3576839
	speed: 0.0307s/iter; left time: 716.7170s
	iters: 3000, epoch: 4 | loss: 1.6029646
	speed: 0.0304s/iter; left time: 707.0732s
	iters: 3100, epoch: 4 | loss: 1.5877779
	speed: 0.0303s/iter; left time: 702.6528s
	iters: 3200, epoch: 4 | loss: 1.6892056
	speed: 0.0304s/iter; left time: 701.7385s
	iters: 3300, epoch: 4 | loss: 1.6069994
	speed: 0.0303s/iter; left time: 696.0029s
	iters: 3400, epoch: 4 | loss: 1.6406331
	speed: 0.0303s/iter; left time: 693.5363s
	iters: 3500, epoch: 4 | loss: 1.7067659
	speed: 0.0304s/iter; left time: 693.1329s
	iters: 3600, epoch: 4 | loss: 1.4870087
	speed: 0.0297s/iter; left time: 674.2686s
	iters: 3700, epoch: 4 | loss: 1.4455436
	speed: 0.0302s/iter; left time: 682.3014s
Epoch: 4 cost time: 113.79083490371704
Epoch: 4, Steps: 3754 | Train Loss: 1.6540603 Vali Loss: 1.6442693 Test Loss: 1.5879226
Validation loss decreased (1.720096 --> 1.644269).  Saving model ...
Updating learning rate to 0.000125
	iters: 100, epoch: 5 | loss: 1.6039693
	speed: 0.4755s/iter; left time: 10662.0290s
	iters: 200, epoch: 5 | loss: 1.6070436
	speed: 0.0304s/iter; left time: 678.6497s
	iters: 300, epoch: 5 | loss: 1.7478030
	speed: 0.0303s/iter; left time: 672.8728s
	iters: 400, epoch: 5 | loss: 1.4062687
	speed: 0.0301s/iter; left time: 665.3010s
	iters: 500, epoch: 5 | loss: 1.3089830
	speed: 0.0304s/iter; left time: 670.2273s
	iters: 600, epoch: 5 | loss: 1.6591207
	speed: 0.0302s/iter; left time: 662.7122s
	iters: 700, epoch: 5 | loss: 1.5017819
	speed: 0.0302s/iter; left time: 658.3010s
	iters: 800, epoch: 5 | loss: 1.7392550
	speed: 0.0302s/iter; left time: 656.4937s
	iters: 900, epoch: 5 | loss: 1.5136472
	speed: 0.0303s/iter; left time: 655.5795s
	iters: 1000, epoch: 5 | loss: 1.5718333
	speed: 0.0303s/iter; left time: 652.6707s
	iters: 1100, epoch: 5 | loss: 1.8229756
	speed: 0.0304s/iter; left time: 651.8341s
	iters: 1200, epoch: 5 | loss: 1.6102532
	speed: 0.0303s/iter; left time: 645.9129s
	iters: 1300, epoch: 5 | loss: 1.6891567
	speed: 0.0304s/iter; left time: 645.9161s
	iters: 1400, epoch: 5 | loss: 1.5399324
	speed: 0.0304s/iter; left time: 641.7720s
	iters: 1500, epoch: 5 | loss: 1.4915398
	speed: 0.0304s/iter; left time: 638.9342s
	iters: 1600, epoch: 5 | loss: 1.8773115
	speed: 0.0304s/iter; left time: 636.5353s
	iters: 1700, epoch: 5 | loss: 1.7260835
	speed: 0.0303s/iter; left time: 631.2550s
	iters: 1800, epoch: 5 | loss: 1.8339299
	speed: 0.0302s/iter; left time: 625.4978s
	iters: 1900, epoch: 5 | loss: 1.6477004
	speed: 0.0303s/iter; left time: 624.8269s
	iters: 2000, epoch: 5 | loss: 1.2646700
	speed: 0.0303s/iter; left time: 622.0768s
	iters: 2100, epoch: 5 | loss: 1.2257043
	speed: 0.0302s/iter; left time: 616.0424s
	iters: 2200, epoch: 5 | loss: 1.6032079
	speed: 0.0303s/iter; left time: 616.6267s
	iters: 2300, epoch: 5 | loss: 1.6910719
	speed: 0.0304s/iter; left time: 615.3694s
	iters: 2400, epoch: 5 | loss: 1.4794776
	speed: 0.0304s/iter; left time: 611.5393s
	iters: 2500, epoch: 5 | loss: 1.6089985
	speed: 0.0305s/iter; left time: 609.7636s
	iters: 2600, epoch: 5 | loss: 1.7952048
	speed: 0.0304s/iter; left time: 605.5954s
	iters: 2700, epoch: 5 | loss: 1.6719615
	speed: 0.0304s/iter; left time: 602.7075s
	iters: 2800, epoch: 5 | loss: 1.4482541
	speed: 0.0304s/iter; left time: 599.4533s
	iters: 2900, epoch: 5 | loss: 1.4199528
	speed: 0.0305s/iter; left time: 598.3636s
	iters: 3000, epoch: 5 | loss: 1.4702518
	speed: 0.0305s/iter; left time: 595.3508s
	iters: 3100, epoch: 5 | loss: 1.8035158
	speed: 0.0303s/iter; left time: 589.0561s
	iters: 3200, epoch: 5 | loss: 1.3208791
	speed: 0.0303s/iter; left time: 585.7267s
	iters: 3300, epoch: 5 | loss: 1.5790251
	speed: 0.0303s/iter; left time: 582.6441s
	iters: 3400, epoch: 5 | loss: 1.6886139
	speed: 0.0302s/iter; left time: 578.4130s
	iters: 3500, epoch: 5 | loss: 1.5402308
	speed: 0.0304s/iter; left time: 577.5932s
	iters: 3600, epoch: 5 | loss: 1.5534885
	speed: 0.0304s/iter; left time: 575.7963s
	iters: 3700, epoch: 5 | loss: 1.6867151
	speed: 0.0303s/iter; left time: 570.4194s
Epoch: 5 cost time: 114.02362942695618
Epoch: 5, Steps: 3754 | Train Loss: 1.6253027 Vali Loss: 1.6450411 Test Loss: 1.5988435
EarlyStopping counter: 1 out of 3
Updating learning rate to 6.25e-05
	iters: 100, epoch: 6 | loss: 1.5640565
	speed: 0.4736s/iter; left time: 8841.7935s
	iters: 200, epoch: 6 | loss: 1.8114791
	speed: 0.0301s/iter; left time: 558.8791s
	iters: 300, epoch: 6 | loss: 1.4955198
	speed: 0.0304s/iter; left time: 560.8807s
	iters: 400, epoch: 6 | loss: 1.6414905
	speed: 0.0301s/iter; left time: 553.2754s
	iters: 500, epoch: 6 | loss: 1.7246571
	speed: 0.0302s/iter; left time: 551.2575s
	iters: 600, epoch: 6 | loss: 1.7461535
	speed: 0.0303s/iter; left time: 551.0220s
	iters: 700, epoch: 6 | loss: 1.8765663
	speed: 0.0303s/iter; left time: 547.9377s
	iters: 800, epoch: 6 | loss: 1.5113734
	speed: 0.0304s/iter; left time: 547.0827s
	iters: 900, epoch: 6 | loss: 1.7451127
	speed: 0.0303s/iter; left time: 541.8120s
	iters: 1000, epoch: 6 | loss: 1.9882098
	speed: 0.0302s/iter; left time: 537.0242s
	iters: 1100, epoch: 6 | loss: 1.6145855
	speed: 0.0304s/iter; left time: 537.3674s
	iters: 1200, epoch: 6 | loss: 1.7705673
	speed: 0.0304s/iter; left time: 533.5950s
	iters: 1300, epoch: 6 | loss: 1.6880126
	speed: 0.0302s/iter; left time: 528.2836s
	iters: 1400, epoch: 6 | loss: 1.2787359
	speed: 0.0304s/iter; left time: 528.3218s
	iters: 1500, epoch: 6 | loss: 1.2292314
	speed: 0.0297s/iter; left time: 512.5823s
	iters: 1600, epoch: 6 | loss: 1.2157351
	speed: 0.0303s/iter; left time: 520.9923s
	iters: 1700, epoch: 6 | loss: 1.4022105
	speed: 0.0300s/iter; left time: 512.2279s
	iters: 1800, epoch: 6 | loss: 1.6508852
	speed: 0.0302s/iter; left time: 512.9076s
	iters: 1900, epoch: 6 | loss: 1.4320061
	speed: 0.0301s/iter; left time: 508.2148s
	iters: 2000, epoch: 6 | loss: 1.5427649
	speed: 0.0304s/iter; left time: 510.3575s
	iters: 2100, epoch: 6 | loss: 1.2506977
	speed: 0.0304s/iter; left time: 506.6255s
	iters: 2200, epoch: 6 | loss: 1.3819767
	speed: 0.0302s/iter; left time: 500.7168s
	iters: 2300, epoch: 6 | loss: 1.2802838
	speed: 0.0302s/iter; left time: 497.2989s
	iters: 2400, epoch: 6 | loss: 1.4048078
	speed: 0.0304s/iter; left time: 497.4518s
	iters: 2500, epoch: 6 | loss: 1.5297703
	speed: 0.0299s/iter; left time: 486.4193s
	iters: 2600, epoch: 6 | loss: 1.3390929
	speed: 0.0304s/iter; left time: 491.6325s
	iters: 2700, epoch: 6 | loss: 1.3661263
	speed: 0.0299s/iter; left time: 481.2326s
	iters: 2800, epoch: 6 | loss: 1.4371610
	speed: 0.0302s/iter; left time: 481.5752s
	iters: 2900, epoch: 6 | loss: 1.4617348
	speed: 0.0305s/iter; left time: 483.3040s
	iters: 3000, epoch: 6 | loss: 1.2814916
	speed: 0.0303s/iter; left time: 477.2419s
	iters: 3100, epoch: 6 | loss: 1.1765562
	speed: 0.0301s/iter; left time: 471.8434s
	iters: 3200, epoch: 6 | loss: 1.1372604
	speed: 0.0302s/iter; left time: 470.2656s
	iters: 3300, epoch: 6 | loss: 1.3946817
	speed: 0.0304s/iter; left time: 470.8817s
	iters: 3400, epoch: 6 | loss: 1.6303668
	speed: 0.0303s/iter; left time: 465.6114s
	iters: 3500, epoch: 6 | loss: 1.2793078
	speed: 0.0304s/iter; left time: 463.5049s
	iters: 3600, epoch: 6 | loss: 1.2210708
	speed: 0.0303s/iter; left time: 459.0060s
	iters: 3700, epoch: 6 | loss: 1.3430099
	speed: 0.0303s/iter; left time: 457.2809s
Epoch: 6 cost time: 113.67018127441406
Epoch: 6, Steps: 3754 | Train Loss: 1.5126815 Vali Loss: 1.5286200 Test Loss: 1.6584451
Validation loss decreased (1.644269 --> 1.528620).  Saving model ...
Updating learning rate to 3.125e-05
	iters: 100, epoch: 7 | loss: 1.3195624
	speed: 0.4747s/iter; left time: 7080.5233s
	iters: 200, epoch: 7 | loss: 1.2989000
	speed: 0.0303s/iter; left time: 449.0724s
	iters: 300, epoch: 7 | loss: 1.9411440
	speed: 0.0303s/iter; left time: 446.2134s
	iters: 400, epoch: 7 | loss: 1.4347221
	speed: 0.0301s/iter; left time: 440.4759s
	iters: 500, epoch: 7 | loss: 1.4288226
	speed: 0.0303s/iter; left time: 440.3378s
	iters: 600, epoch: 7 | loss: 1.2681725
	speed: 0.0303s/iter; left time: 436.9074s
	iters: 700, epoch: 7 | loss: 1.4505140
	speed: 0.0303s/iter; left time: 433.9470s
	iters: 800, epoch: 7 | loss: 1.3398433
	speed: 0.0304s/iter; left time: 432.7793s
	iters: 900, epoch: 7 | loss: 1.3336164
	speed: 0.0304s/iter; left time: 428.5302s
	iters: 1000, epoch: 7 | loss: 1.1613060
	speed: 0.0304s/iter; left time: 425.6268s
	iters: 1100, epoch: 7 | loss: 1.2482501
	speed: 0.0300s/iter; left time: 417.7741s
	iters: 1200, epoch: 7 | loss: 1.4091223
	speed: 0.0304s/iter; left time: 420.4828s
	iters: 1300, epoch: 7 | loss: 1.5182996
	speed: 0.0304s/iter; left time: 416.9274s
	iters: 1400, epoch: 7 | loss: 1.3763479
	speed: 0.0304s/iter; left time: 414.4187s
	iters: 1500, epoch: 7 | loss: 1.3051472
	speed: 0.0304s/iter; left time: 410.4041s
	iters: 1600, epoch: 7 | loss: 1.3002883
	speed: 0.0304s/iter; left time: 408.3156s
	iters: 1700, epoch: 7 | loss: 1.3668760
	speed: 0.0301s/iter; left time: 400.9892s
	iters: 1800, epoch: 7 | loss: 1.4287301
	speed: 0.0302s/iter; left time: 398.5287s
	iters: 1900, epoch: 7 | loss: 1.4347615
	speed: 0.0304s/iter; left time: 398.6149s
	iters: 2000, epoch: 7 | loss: 1.3417017
	speed: 0.0302s/iter; left time: 393.3530s
	iters: 2100, epoch: 7 | loss: 1.3142446
	speed: 0.0304s/iter; left time: 392.9612s
	iters: 2200, epoch: 7 | loss: 1.1580898
	speed: 0.0301s/iter; left time: 385.9286s
	iters: 2300, epoch: 7 | loss: 1.4996953
	speed: 0.0304s/iter; left time: 386.5727s
	iters: 2400, epoch: 7 | loss: 1.3492627
	speed: 0.0300s/iter; left time: 378.9264s
	iters: 2500, epoch: 7 | loss: 1.1678374
	speed: 0.0303s/iter; left time: 378.7820s
	iters: 2600, epoch: 7 | loss: 1.5056080
	speed: 0.0304s/iter; left time: 377.4672s
	iters: 2700, epoch: 7 | loss: 1.3075769
	speed: 0.0302s/iter; left time: 372.5704s
	iters: 2800, epoch: 7 | loss: 1.2888806
	speed: 0.0304s/iter; left time: 371.0220s
	iters: 2900, epoch: 7 | loss: 1.4638212
	speed: 0.0304s/iter; left time: 368.5717s
	iters: 3000, epoch: 7 | loss: 1.3071294
	speed: 0.0302s/iter; left time: 362.4762s
	iters: 3100, epoch: 7 | loss: 1.4010234
	speed: 0.0303s/iter; left time: 361.2690s
	iters: 3200, epoch: 7 | loss: 1.5235808
	speed: 0.0304s/iter; left time: 359.2501s
	iters: 3300, epoch: 7 | loss: 1.1692379
	speed: 0.0302s/iter; left time: 354.1546s
	iters: 3400, epoch: 7 | loss: 1.2589179
	speed: 0.0303s/iter; left time: 351.6759s
	iters: 3500, epoch: 7 | loss: 1.3905410
	speed: 0.0304s/iter; left time: 350.5380s
	iters: 3600, epoch: 7 | loss: 1.4847035
	speed: 0.0301s/iter; left time: 344.1724s
	iters: 3700, epoch: 7 | loss: 1.4306266
	speed: 0.0304s/iter; left time: 343.5918s
Epoch: 7 cost time: 113.89169239997864
Epoch: 7, Steps: 3754 | Train Loss: 1.3737509 Vali Loss: 1.4397304 Test Loss: 1.6294562
Validation loss decreased (1.528620 --> 1.439730).  Saving model ...
Updating learning rate to 1.5625e-05
	iters: 100, epoch: 8 | loss: 1.2772280
	speed: 0.4744s/iter; left time: 5295.8634s
	iters: 200, epoch: 8 | loss: 1.3023850
	speed: 0.0301s/iter; left time: 332.6625s
	iters: 300, epoch: 8 | loss: 1.2988297
	speed: 0.0299s/iter; left time: 327.7549s
	iters: 400, epoch: 8 | loss: 1.3806700
	speed: 0.0304s/iter; left time: 329.7727s
	iters: 500, epoch: 8 | loss: 1.2823135
	speed: 0.0302s/iter; left time: 325.1574s
	iters: 600, epoch: 8 | loss: 1.3544564
	speed: 0.0304s/iter; left time: 324.4629s
	iters: 700, epoch: 8 | loss: 1.3763223
	speed: 0.0301s/iter; left time: 318.4094s
	iters: 800, epoch: 8 | loss: 1.2591618
	speed: 0.0301s/iter; left time: 314.8743s
	iters: 900, epoch: 8 | loss: 1.1148306
	speed: 0.0303s/iter; left time: 313.6557s
	iters: 1000, epoch: 8 | loss: 1.2600958
	speed: 0.0301s/iter; left time: 308.7512s
	iters: 1100, epoch: 8 | loss: 1.1735142
	speed: 0.0303s/iter; left time: 308.1628s
	iters: 1200, epoch: 8 | loss: 1.2046413
	speed: 0.0301s/iter; left time: 302.6312s
	iters: 1300, epoch: 8 | loss: 1.2684062
	speed: 0.0304s/iter; left time: 302.9935s
	iters: 1400, epoch: 8 | loss: 1.1565408
	speed: 0.0302s/iter; left time: 297.8451s
	iters: 1500, epoch: 8 | loss: 1.5185386
	speed: 0.0302s/iter; left time: 294.4485s
	iters: 1600, epoch: 8 | loss: 1.3242821
	speed: 0.0304s/iter; left time: 293.8058s
	iters: 1700, epoch: 8 | loss: 1.3095601
	speed: 0.0303s/iter; left time: 289.7679s
	iters: 1800, epoch: 8 | loss: 1.4349113
	speed: 0.0304s/iter; left time: 287.6509s
	iters: 1900, epoch: 8 | loss: 1.2372731
	speed: 0.0302s/iter; left time: 282.8688s
	iters: 2000, epoch: 8 | loss: 1.3929254
	speed: 0.0305s/iter; left time: 282.3970s
	iters: 2100, epoch: 8 | loss: 1.4078858
	speed: 0.0304s/iter; left time: 278.5184s
	iters: 2200, epoch: 8 | loss: 1.4156801
	speed: 0.0305s/iter; left time: 276.0792s
	iters: 2300, epoch: 8 | loss: 1.4030312
	speed: 0.0304s/iter; left time: 272.3118s
	iters: 2400, epoch: 8 | loss: 1.2661872
	speed: 0.0301s/iter; left time: 266.3420s
	iters: 2500, epoch: 8 | loss: 1.1394905
	speed: 0.0302s/iter; left time: 264.4696s
	iters: 2600, epoch: 8 | loss: 1.1817788
	speed: 0.0304s/iter; left time: 263.6015s
	iters: 2700, epoch: 8 | loss: 1.3009006
	speed: 0.0304s/iter; left time: 260.6587s
	iters: 2800, epoch: 8 | loss: 1.1918716
	speed: 0.0304s/iter; left time: 257.4326s
	iters: 2900, epoch: 8 | loss: 1.2758592
	speed: 0.0303s/iter; left time: 253.3872s
	iters: 3000, epoch: 8 | loss: 1.5184979
	speed: 0.0303s/iter; left time: 250.2426s
	iters: 3100, epoch: 8 | loss: 1.4729681
	speed: 0.0303s/iter; left time: 246.9394s
	iters: 3200, epoch: 8 | loss: 1.2135983
	speed: 0.0304s/iter; left time: 244.9779s
	iters: 3300, epoch: 8 | loss: 1.3829547
	speed: 0.0302s/iter; left time: 240.4865s
	iters: 3400, epoch: 8 | loss: 1.2054858
	speed: 0.0303s/iter; left time: 238.2756s
	iters: 3500, epoch: 8 | loss: 1.1967432
	speed: 0.0302s/iter; left time: 234.1248s
	iters: 3600, epoch: 8 | loss: 1.2617896
	speed: 0.0304s/iter; left time: 232.9673s
	iters: 3700, epoch: 8 | loss: 1.3533109
	speed: 0.0303s/iter; left time: 229.2403s
Epoch: 8 cost time: 113.80518865585327
Epoch: 8, Steps: 3754 | Train Loss: 1.3422214 Vali Loss: 1.4298903 Test Loss: 1.5868119
Validation loss decreased (1.439730 --> 1.429890).  Saving model ...
Updating learning rate to 7.8125e-06
	iters: 100, epoch: 9 | loss: 1.2145308
	speed: 0.4777s/iter; left time: 3539.3073s
	iters: 200, epoch: 9 | loss: 1.2321674
	speed: 0.0304s/iter; left time: 222.2239s
	iters: 300, epoch: 9 | loss: 1.6221665
	speed: 0.0303s/iter; left time: 218.7685s
	iters: 400, epoch: 9 | loss: 1.2284756
	speed: 0.0301s/iter; left time: 213.8360s
	iters: 500, epoch: 9 | loss: 1.2665226
	speed: 0.0300s/iter; left time: 210.4709s
	iters: 600, epoch: 9 | loss: 1.3942828
	speed: 0.0301s/iter; left time: 207.6505s
	iters: 700, epoch: 9 | loss: 1.3932363
	speed: 0.0301s/iter; left time: 204.7189s
	iters: 800, epoch: 9 | loss: 1.2918215
	speed: 0.0304s/iter; left time: 203.7842s
	iters: 900, epoch: 9 | loss: 1.3092388
	speed: 0.0302s/iter; left time: 199.5433s
	iters: 1000, epoch: 9 | loss: 1.2775249
	speed: 0.0304s/iter; left time: 197.8253s
	iters: 1100, epoch: 9 | loss: 1.2649578
	speed: 0.0303s/iter; left time: 194.4169s
	iters: 1200, epoch: 9 | loss: 1.3189822
	speed: 0.0303s/iter; left time: 191.2489s
	iters: 1300, epoch: 9 | loss: 1.4127122
	speed: 0.0301s/iter; left time: 187.1917s
	iters: 1400, epoch: 9 | loss: 1.4560211
	speed: 0.0302s/iter; left time: 184.5120s
	iters: 1500, epoch: 9 | loss: 1.4838672
	speed: 0.0302s/iter; left time: 181.6126s
	iters: 1600, epoch: 9 | loss: 1.6070645
	speed: 0.0304s/iter; left time: 179.5852s
	iters: 1700, epoch: 9 | loss: 1.3593655
	speed: 0.0303s/iter; left time: 175.9208s
	iters: 1800, epoch: 9 | loss: 1.3407797
	speed: 0.0304s/iter; left time: 173.3794s
	iters: 1900, epoch: 9 | loss: 1.3189584
	speed: 0.0298s/iter; left time: 167.0837s
	iters: 2000, epoch: 9 | loss: 1.6047760
	speed: 0.0300s/iter; left time: 165.2968s
	iters: 2100, epoch: 9 | loss: 1.0900958
	speed: 0.0302s/iter; left time: 163.1223s
	iters: 2200, epoch: 9 | loss: 1.2183416
	speed: 0.0301s/iter; left time: 159.7807s
	iters: 2300, epoch: 9 | loss: 1.5413812
	speed: 0.0300s/iter; left time: 156.0320s
	iters: 2400, epoch: 9 | loss: 1.1425862
	speed: 0.0304s/iter; left time: 155.2366s
	iters: 2500, epoch: 9 | loss: 1.4619815
	speed: 0.0303s/iter; left time: 151.7247s
	iters: 2600, epoch: 9 | loss: 1.5172788
	speed: 0.0299s/iter; left time: 146.8852s
	iters: 2700, epoch: 9 | loss: 1.2739661
	speed: 0.0300s/iter; left time: 144.4994s
	iters: 2800, epoch: 9 | loss: 1.5800908
	speed: 0.0302s/iter; left time: 142.4049s
	iters: 2900, epoch: 9 | loss: 1.4087749
	speed: 0.0305s/iter; left time: 140.4661s
	iters: 3000, epoch: 9 | loss: 1.2757401
	speed: 0.0299s/iter; left time: 134.7954s
	iters: 3100, epoch: 9 | loss: 1.2298536
	speed: 0.0302s/iter; left time: 133.3469s
	iters: 3200, epoch: 9 | loss: 1.3029228
	speed: 0.0300s/iter; left time: 129.2103s
	iters: 3300, epoch: 9 | loss: 1.1239055
	speed: 0.0302s/iter; left time: 126.9392s
	iters: 3400, epoch: 9 | loss: 1.2056286
	speed: 0.0303s/iter; left time: 124.3672s
	iters: 3500, epoch: 9 | loss: 1.4990588
	speed: 0.0303s/iter; left time: 121.4146s
	iters: 3600, epoch: 9 | loss: 1.4841182
	speed: 0.0303s/iter; left time: 118.5824s
	iters: 3700, epoch: 9 | loss: 1.4167637
	speed: 0.0302s/iter; left time: 114.8984s
Epoch: 9 cost time: 113.48799109458923
Epoch: 9, Steps: 3754 | Train Loss: 1.3344877 Vali Loss: 1.4147867 Test Loss: 1.5904858
Validation loss decreased (1.429890 --> 1.414787).  Saving model ...
Updating learning rate to 3.90625e-06
	iters: 100, epoch: 10 | loss: 1.2579582
	speed: 0.4757s/iter; left time: 1738.5280s
	iters: 200, epoch: 10 | loss: 1.3230469
	speed: 0.0302s/iter; left time: 107.3790s
	iters: 300, epoch: 10 | loss: 1.6853881
	speed: 0.0301s/iter; left time: 104.0179s
	iters: 400, epoch: 10 | loss: 1.3556283
	speed: 0.0302s/iter; left time: 101.1958s
	iters: 500, epoch: 10 | loss: 1.2117378
	speed: 0.0302s/iter; left time: 98.4044s
	iters: 600, epoch: 10 | loss: 1.4034005
	speed: 0.0299s/iter; left time: 94.4620s
	iters: 700, epoch: 10 | loss: 1.3370910
	speed: 0.0302s/iter; left time: 92.1827s
	iters: 800, epoch: 10 | loss: 1.2199451
	speed: 0.0304s/iter; left time: 89.7971s
	iters: 900, epoch: 10 | loss: 1.2674578
	speed: 0.0304s/iter; left time: 86.7581s
	iters: 1000, epoch: 10 | loss: 1.5964442
	speed: 0.0304s/iter; left time: 83.6608s
	iters: 1100, epoch: 10 | loss: 1.3343226
	speed: 0.0302s/iter; left time: 80.1919s
	iters: 1200, epoch: 10 | loss: 1.2596023
	speed: 0.0301s/iter; left time: 76.8519s
	iters: 1300, epoch: 10 | loss: 1.3698450
	speed: 0.0302s/iter; left time: 74.1616s
	iters: 1400, epoch: 10 | loss: 1.3002474
	speed: 0.0303s/iter; left time: 71.3376s
	iters: 1500, epoch: 10 | loss: 1.3888248
	speed: 0.0304s/iter; left time: 68.6291s
	iters: 1600, epoch: 10 | loss: 1.2731224
	speed: 0.0302s/iter; left time: 65.1561s
	iters: 1700, epoch: 10 | loss: 1.4494282
	speed: 0.0302s/iter; left time: 61.9850s
	iters: 1800, epoch: 10 | loss: 1.2495705
	speed: 0.0303s/iter; left time: 59.2432s
	iters: 1900, epoch: 10 | loss: 1.5277154
	speed: 0.0304s/iter; left time: 56.4077s
	iters: 2000, epoch: 10 | loss: 1.3834424
	speed: 0.0304s/iter; left time: 53.2830s
	iters: 2100, epoch: 10 | loss: 1.1084108
	speed: 0.0304s/iter; left time: 50.3462s
	iters: 2200, epoch: 10 | loss: 1.4064139
	speed: 0.0303s/iter; left time: 47.1106s
	iters: 2300, epoch: 10 | loss: 1.3020908
	speed: 0.0303s/iter; left time: 44.1016s
	iters: 2400, epoch: 10 | loss: 1.3096182
	speed: 0.0302s/iter; left time: 40.9562s
	iters: 2500, epoch: 10 | loss: 1.1852949
	speed: 0.0301s/iter; left time: 37.7883s
	iters: 2600, epoch: 10 | loss: 1.4554310
	speed: 0.0304s/iter; left time: 35.1480s
	iters: 2700, epoch: 10 | loss: 1.2795624
	speed: 0.0301s/iter; left time: 31.7416s
	iters: 2800, epoch: 10 | loss: 1.4291646
	speed: 0.0300s/iter; left time: 28.6225s
	iters: 2900, epoch: 10 | loss: 1.2547774
	speed: 0.0306s/iter; left time: 26.1903s
	iters: 3000, epoch: 10 | loss: 1.3637627
	speed: 0.0302s/iter; left time: 22.8153s
	iters: 3100, epoch: 10 | loss: 1.3480928
	speed: 0.0303s/iter; left time: 19.8148s
	iters: 3200, epoch: 10 | loss: 1.1800478
	speed: 0.0303s/iter; left time: 16.8197s
	iters: 3300, epoch: 10 | loss: 1.2702237
	speed: 0.0302s/iter; left time: 13.7575s
	iters: 3400, epoch: 10 | loss: 1.3840215
	speed: 0.0304s/iter; left time: 10.8015s
	iters: 3500, epoch: 10 | loss: 1.1590686
	speed: 0.0303s/iter; left time: 7.7291s
	iters: 3600, epoch: 10 | loss: 1.6018811
	speed: 0.0304s/iter; left time: 4.7097s
	iters: 3700, epoch: 10 | loss: 1.2678310
	speed: 0.0302s/iter; left time: 1.6631s
Epoch: 10 cost time: 113.72438931465149
Epoch: 10, Steps: 3754 | Train Loss: 1.3267732 Vali Loss: 1.4127436 Test Loss: 1.5933124
Validation loss decreased (1.414787 --> 1.412744).  Saving model ...
Updating learning rate to 1.953125e-06
>>>>>>>testing : long_term_forecast_pems05_all_96_192_iTransformer_custom_ftM_sl96_ll48_pl192_dm512_nh8_el4_dl1_df512_fc3_ebtimeF_dtTrue_srate0.1_sseed7_trainseed2024_gap548_Exp_0<<<<<<<<<<<<<<<<<<<<<<<<<<<<<<<<<
test 94915
test shape: (9491, 1, 192, 103) (9491, 1, 192, 103)
test shape: (9491, 192, 103) (9491, 192, 103)
mse:1.5933111906051636, mae:1.0316606760025024
>>>>>>>Overall time: 1658 seconds<<<<<<<<<<<<<<<<<<<<<<<<<<<<<<<<<
