Args in experiment:
Namespace(activation='gelu', anomaly_ratio=0.25, batch_size=16, c_out=1543, checkpoints='./checkpoints/', d_ff=512, d_layers=1, d_model=512, data='custom', data_path='pems12_all_common_flow.csv', dec_in=1543, des='Exp', devices='0,1,2,3', distil=True, dropout=0, e_layers=4, embed='timeF', enc_in=1543, factor=3, features='M', freq='h', gap_day=365, gpu=0, inverse=False, is_training=1, itr=1, label_len=48, learning_rate=0.001, loss='MSE', lradj='type1', mask_rate=0.25, model='iTransformer', model_id='pems12_all_96_96', moving_avg=25, n_heads=8, num_kernels=6, num_workers=10, output_attention=False, p_hidden_dims=[128, 128], p_hidden_layers=2, patience=3, pred_len=96, root_path='../../data/pems/', samle_rate=0.1, sample_seed=7, seasonal_patterns='Monthly', seq_len=96, target='OT', task_name='long_term_forecast', top_k=5, train_epochs=10, train_seed=2024, use_amp=False, use_gpu=True, use_multi_gpu=False)
Use GPU: cuda:0
>>>>>>>start training : long_term_forecast_pems12_all_96_96_iTransformer_custom_ftM_sl96_ll48_pl96_dm512_nh8_el4_dl1_df512_fc3_ebtimeF_dtTrue_srate0.1_sseed7_trainseed2024_Exp_0>>>>>>>>>>>>>>>>>>>>>>>>>>
Args in experiment:
Namespace(activation='gelu', anomaly_ratio=0.25, batch_size=16, c_out=1543, checkpoints='./checkpoints/', d_ff=512, d_layers=1, d_model=512, data='custom', data_path='pems12_all_filter10.csv', dec_in=1543, des='Exp', devices='0,1,2,3', distil=True, dropout=0, e_layers=4, embed='timeF', enc_in=1543, factor=3, features='M', freq='h', gap_day=365, gpu=0, inverse=False, is_training=1, itr=1, label_len=48, learning_rate=0.001, loss='MSE', lradj='type1', mask_rate=0.25, model='iTransformer', model_id='pems12_all_96_96', moving_avg=25, n_heads=8, num_kernels=6, num_workers=10, output_attention=False, p_hidden_dims=[128, 128], p_hidden_layers=2, patience=3, pred_len=96, root_path='../../data/pems/', samle_rate=0.1, sample_seed=7, seasonal_patterns='Monthly', seq_len=96, target='OT', task_name='long_term_forecast', top_k=5, train_epochs=10, train_seed=2024, use_amp=False, use_gpu=True, use_multi_gpu=False)
Use GPU: cuda:0
>>>>>>>start training : long_term_forecast_pems12_all_96_96_iTransformer_custom_ftM_sl96_ll48_pl96_dm512_nh8_el4_dl1_df512_fc3_ebtimeF_dtTrue_srate0.1_sseed7_trainseed2024_gap365_Exp_0>>>>>>>>>>>>>>>>>>>>>>>>>>
train 1529302
val 128302
test 361817
	iters: 100, epoch: 1 | loss: 1.6507921
	speed: 0.1309s/iter; left time: 12498.1141s
	iters: 200, epoch: 1 | loss: 1.8201408
	speed: 0.1228s/iter; left time: 11709.1305s
	iters: 300, epoch: 1 | loss: 1.5320320
	speed: 0.1227s/iter; left time: 11694.5870s
	iters: 400, epoch: 1 | loss: 1.7440127
	speed: 0.1227s/iter; left time: 11681.4759s
	iters: 500, epoch: 1 | loss: 2.0465870
	speed: 0.1227s/iter; left time: 11669.3471s
	iters: 600, epoch: 1 | loss: 2.1650314
	speed: 0.1227s/iter; left time: 11657.5600s
	iters: 700, epoch: 1 | loss: 2.6625450
	speed: 0.1227s/iter; left time: 11645.3842s
	iters: 800, epoch: 1 | loss: 2.1936681
	speed: 0.1227s/iter; left time: 11631.1441s
	iters: 900, epoch: 1 | loss: 1.9483386
	speed: 0.1228s/iter; left time: 11622.4016s
	iters: 1000, epoch: 1 | loss: 1.7593658
	speed: 0.1228s/iter; left time: 11610.3347s
	iters: 1100, epoch: 1 | loss: 1.4314064
	speed: 0.1227s/iter; left time: 11597.2209s
	iters: 1200, epoch: 1 | loss: 1.9450166
	speed: 0.1227s/iter; left time: 11583.4449s
	iters: 1300, epoch: 1 | loss: 1.9188752
	speed: 0.1227s/iter; left time: 11571.4879s
	iters: 1400, epoch: 1 | loss: 1.7017508
	speed: 0.1227s/iter; left time: 11556.3888s
	iters: 1500, epoch: 1 | loss: 1.6177503
	speed: 0.1227s/iter; left time: 11546.2969s
	iters: 1600, epoch: 1 | loss: 2.1776648
	speed: 0.1227s/iter; left time: 11535.4047s
	iters: 1700, epoch: 1 | loss: 1.8568650
	speed: 0.1227s/iter; left time: 11520.6010s
	iters: 1800, epoch: 1 | loss: 2.1392276
	speed: 0.1227s/iter; left time: 11510.9099s
	iters: 1900, epoch: 1 | loss: 2.3329685
	speed: 0.1227s/iter; left time: 11494.7273s
	iters: 2000, epoch: 1 | loss: 2.1459858
	speed: 0.1227s/iter; left time: 11481.9987s
	iters: 2100, epoch: 1 | loss: 1.6939633
	speed: 0.1227s/iter; left time: 11474.2172s
	iters: 2200, epoch: 1 | loss: 2.1784580
	speed: 0.1227s/iter; left time: 11457.9006s
	iters: 2300, epoch: 1 | loss: 1.7925167
	speed: 0.1227s/iter; left time: 11448.9578s
	iters: 2400, epoch: 1 | loss: 2.1379755
	speed: 0.1227s/iter; left time: 11433.7512s
	iters: 2500, epoch: 1 | loss: 2.2198479
	speed: 0.1227s/iter; left time: 11421.7839s
	iters: 2600, epoch: 1 | loss: 2.2301185
	speed: 0.1227s/iter; left time: 11410.4776s
	iters: 2700, epoch: 1 | loss: 1.7797339
	speed: 0.1227s/iter; left time: 11394.8279s
	iters: 2800, epoch: 1 | loss: 1.8638738
	speed: 0.1227s/iter; left time: 11383.5042s
	iters: 2900, epoch: 1 | loss: 2.2877514
	speed: 0.1227s/iter; left time: 11371.8067s
	iters: 3000, epoch: 1 | loss: 1.7928903
	speed: 0.1227s/iter; left time: 11363.7340s
	iters: 3100, epoch: 1 | loss: 2.1181664
	speed: 0.1227s/iter; left time: 11346.6192s
	iters: 3200, epoch: 1 | loss: 1.6213596
	speed: 0.1227s/iter; left time: 11335.6599s
	iters: 3300, epoch: 1 | loss: 1.8202769
	speed: 0.1227s/iter; left time: 11321.0970s
	iters: 3400, epoch: 1 | loss: 1.8859408
	speed: 0.1227s/iter; left time: 11310.1206s
	iters: 3500, epoch: 1 | loss: 1.9531446
	speed: 0.1227s/iter; left time: 11298.7650s
	iters: 3600, epoch: 1 | loss: 2.0767789
	speed: 0.1227s/iter; left time: 11285.3459s
	iters: 3700, epoch: 1 | loss: 1.7087880
	speed: 0.1227s/iter; left time: 11269.3152s
	iters: 3800, epoch: 1 | loss: 2.1471436
	speed: 0.1227s/iter; left time: 11259.2269s
	iters: 3900, epoch: 1 | loss: 1.8460245
	speed: 0.1227s/iter; left time: 11249.2272s
	iters: 4000, epoch: 1 | loss: 2.1573513
	speed: 0.1227s/iter; left time: 11234.1864s
	iters: 4100, epoch: 1 | loss: 2.0960159
	speed: 0.1226s/iter; left time: 11219.6715s
	iters: 4200, epoch: 1 | loss: 1.6445985
	speed: 0.1227s/iter; left time: 11209.2138s
	iters: 4300, epoch: 1 | loss: 1.6728388
	speed: 0.1227s/iter; left time: 11203.0031s
	iters: 4400, epoch: 1 | loss: 1.8983924
	speed: 0.1223s/iter; left time: 11153.6046s
	iters: 4500, epoch: 1 | loss: 1.6840461
	speed: 0.1223s/iter; left time: 11137.4044s
	iters: 4600, epoch: 1 | loss: 2.0431967
	speed: 0.1223s/iter; left time: 11125.8887s
	iters: 4700, epoch: 1 | loss: 1.9567250
	speed: 0.1223s/iter; left time: 11115.7703s
	iters: 4800, epoch: 1 | loss: 2.2026801
	speed: 0.1223s/iter; left time: 11103.4011s
	iters: 4900, epoch: 1 | loss: 2.0794225
	speed: 0.1223s/iter; left time: 11092.4693s
	iters: 5000, epoch: 1 | loss: 2.1348093
	speed: 0.1223s/iter; left time: 11078.5740s
	iters: 5100, epoch: 1 | loss: 2.1227291
	speed: 0.1223s/iter; left time: 11066.2813s
	iters: 5200, epoch: 1 | loss: 1.7308013
	speed: 0.1225s/iter; left time: 11067.7718s
	iters: 5300, epoch: 1 | loss: 2.2835805
	speed: 0.1223s/iter; left time: 11045.1125s
	iters: 5400, epoch: 1 | loss: 1.9063506
	speed: 0.1224s/iter; left time: 11033.7936s
	iters: 5500, epoch: 1 | loss: 1.5813258
	speed: 0.1224s/iter; left time: 11022.0771s
	iters: 5600, epoch: 1 | loss: 1.9076247
	speed: 0.1224s/iter; left time: 11012.4078s
	iters: 5700, epoch: 1 | loss: 1.9491316
	speed: 0.1223s/iter; left time: 10996.4369s
	iters: 5800, epoch: 1 | loss: 1.7101231
	speed: 0.1223s/iter; left time: 10983.3803s
	iters: 5900, epoch: 1 | loss: 1.8714433
	speed: 0.1223s/iter; left time: 10970.5613s
	iters: 6000, epoch: 1 | loss: 1.7839386
	speed: 0.1223s/iter; left time: 10959.6396s
	iters: 6100, epoch: 1 | loss: 1.8086061
	speed: 0.1224s/iter; left time: 10948.1562s
	iters: 6200, epoch: 1 | loss: 2.2229679
	speed: 0.1224s/iter; left time: 10937.9176s
	iters: 6300, epoch: 1 | loss: 2.2294047
	speed: 0.1224s/iter; left time: 10924.5054s
	iters: 6400, epoch: 1 | loss: 2.0232403
	speed: 0.1224s/iter; left time: 10911.4054s
	iters: 6500, epoch: 1 | loss: 2.0307338
	speed: 0.1224s/iter; left time: 10900.8056s
	iters: 6600, epoch: 1 | loss: 1.4581542
	speed: 0.1226s/iter; left time: 10912.0568s
	iters: 6700, epoch: 1 | loss: 2.0158687
	speed: 0.1227s/iter; left time: 10907.2176s
	iters: 6800, epoch: 1 | loss: 2.0395377
	speed: 0.1227s/iter; left time: 10892.6768s
	iters: 6900, epoch: 1 | loss: 1.5322851
	speed: 0.1227s/iter; left time: 10882.7260s
	iters: 7000, epoch: 1 | loss: 2.0123014
	speed: 0.1227s/iter; left time: 10870.1081s
	iters: 7100, epoch: 1 | loss: 1.7117646
	speed: 0.1227s/iter; left time: 10856.3299s
	iters: 7200, epoch: 1 | loss: 1.9477079
	speed: 0.1227s/iter; left time: 10842.7540s
	iters: 7300, epoch: 1 | loss: 1.9634871
	speed: 0.1227s/iter; left time: 10829.7546s
	iters: 7400, epoch: 1 | loss: 2.0774145
	speed: 0.1227s/iter; left time: 10820.7453s
	iters: 7500, epoch: 1 | loss: 1.8485191
	speed: 0.1227s/iter; left time: 10807.6960s
	iters: 7600, epoch: 1 | loss: 2.0125077
	speed: 0.1227s/iter; left time: 10792.4100s
	iters: 7700, epoch: 1 | loss: 1.9641439
	speed: 0.1227s/iter; left time: 10780.7712s
	iters: 7800, epoch: 1 | loss: 1.8485906
	speed: 0.1227s/iter; left time: 10772.5514s
	iters: 7900, epoch: 1 | loss: 1.7938533
	speed: 0.1227s/iter; left time: 10756.1880s
	iters: 8000, epoch: 1 | loss: 2.0692110
	speed: 0.1227s/iter; left time: 10744.1039s
	iters: 8100, epoch: 1 | loss: 2.5936279
	speed: 0.1227s/iter; left time: 10730.8648s
	iters: 8200, epoch: 1 | loss: 2.0331333
	speed: 0.1227s/iter; left time: 10719.0506s
	iters: 8300, epoch: 1 | loss: 1.9630073
	speed: 0.1227s/iter; left time: 10707.2786s
	iters: 8400, epoch: 1 | loss: 1.9496881
	speed: 0.1227s/iter; left time: 10694.7861s
	iters: 8500, epoch: 1 | loss: 2.0616784
	speed: 0.1227s/iter; left time: 10682.1552s
	iters: 8600, epoch: 1 | loss: 2.2330563
	speed: 0.1227s/iter; left time: 10668.7245s
	iters: 8700, epoch: 1 | loss: 1.7182641
	speed: 0.1227s/iter; left time: 10662.6748s
	iters: 8800, epoch: 1 | loss: 2.1543701
	speed: 0.1227s/iter; left time: 10647.0442s
	iters: 8900, epoch: 1 | loss: 1.4598974
	speed: 0.1227s/iter; left time: 10632.9135s
	iters: 9000, epoch: 1 | loss: 2.3992834
	speed: 0.1226s/iter; left time: 10618.4135s
	iters: 9100, epoch: 1 | loss: 1.7842910
	speed: 0.1223s/iter; left time: 10580.1373s
	iters: 9200, epoch: 1 | loss: 2.1306651
	speed: 0.1222s/iter; left time: 10551.6765s
	iters: 9300, epoch: 1 | loss: 2.1502702
	speed: 0.1222s/iter; left time: 10543.4224s
	iters: 9400, epoch: 1 | loss: 1.6832156
	speed: 0.1222s/iter; left time: 10528.6808s
	iters: 9500, epoch: 1 | loss: 2.3247154
	speed: 0.1222s/iter; left time: 10520.3807s
Epoch: 1 cost time: 1172.8026764392853
Epoch: 1, Steps: 9558 | Train Loss: 1.9993312 Vali Loss: 2.3562162 Test Loss: 1.5903727
Validation loss decreased (inf --> 2.356216).  Saving model ...
Updating learning rate to 0.001
	iters: 100, epoch: 2 | loss: 1.8935933
	speed: 2.6502s/iter; left time: 227716.2496s
	iters: 200, epoch: 2 | loss: 1.9395440
	speed: 0.1225s/iter; left time: 10513.4591s
	iters: 300, epoch: 2 | loss: 1.5199896
	speed: 0.1224s/iter; left time: 10491.5508s
	iters: 400, epoch: 2 | loss: 1.6678218
	speed: 0.1225s/iter; left time: 10486.9245s
	iters: 500, epoch: 2 | loss: 1.7857412
	speed: 0.1226s/iter; left time: 10482.5869s
	iters: 600, epoch: 2 | loss: 2.0642064
	speed: 0.1226s/iter; left time: 10475.0791s
	iters: 700, epoch: 2 | loss: 1.5367891
	speed: 0.1226s/iter; left time: 10461.0359s
	iters: 800, epoch: 2 | loss: 2.2799029
	speed: 0.1225s/iter; left time: 10437.6009s
	iters: 900, epoch: 2 | loss: 2.3968699
	speed: 0.1225s/iter; left time: 10428.8217s
	iters: 1000, epoch: 2 | loss: 2.2167788
	speed: 0.1226s/iter; left time: 10425.8777s
	iters: 1100, epoch: 2 | loss: 2.0010426
	speed: 0.1224s/iter; left time: 10397.0934s
	iters: 1200, epoch: 2 | loss: 2.1754088
	speed: 0.1221s/iter; left time: 10358.9291s
	iters: 1300, epoch: 2 | loss: 2.0469072
	speed: 0.1221s/iter; left time: 10348.3256s
	iters: 1400, epoch: 2 | loss: 2.0782311
	speed: 0.1223s/iter; left time: 10351.0923s
	iters: 1500, epoch: 2 | loss: 2.1961179
	speed: 0.1222s/iter; left time: 10327.1515s
	iters: 1600, epoch: 2 | loss: 1.9051536
	speed: 0.1221s/iter; left time: 10310.8900s
	iters: 1700, epoch: 2 | loss: 2.1930726
	speed: 0.1221s/iter; left time: 10297.3518s
	iters: 1800, epoch: 2 | loss: 1.7503244
	speed: 0.1222s/iter; left time: 10290.6410s
	iters: 1900, epoch: 2 | loss: 2.4952967
	speed: 0.1221s/iter; left time: 10274.2327s
	iters: 2000, epoch: 2 | loss: 1.9787747
	speed: 0.1222s/iter; left time: 10263.7601s
	iters: 2100, epoch: 2 | loss: 2.3207490
	speed: 0.1227s/iter; left time: 10295.9413s
	iters: 2200, epoch: 2 | loss: 1.8926911
	speed: 0.1227s/iter; left time: 10285.0031s
	iters: 2300, epoch: 2 | loss: 1.8779672
	speed: 0.1227s/iter; left time: 10272.8616s
	iters: 2400, epoch: 2 | loss: 2.1678357
	speed: 0.1227s/iter; left time: 10260.3758s
	iters: 2500, epoch: 2 | loss: 1.6250916
	speed: 0.1227s/iter; left time: 10247.9144s
	iters: 2600, epoch: 2 | loss: 1.9820160
	speed: 0.1227s/iter; left time: 10238.3807s
	iters: 2700, epoch: 2 | loss: 2.0645735
	speed: 0.1227s/iter; left time: 10225.0116s
	iters: 2800, epoch: 2 | loss: 1.7664198
	speed: 0.1227s/iter; left time: 10210.4285s
	iters: 2900, epoch: 2 | loss: 2.1426945
	speed: 0.1227s/iter; left time: 10198.7559s
	iters: 3000, epoch: 2 | loss: 1.9407285
	speed: 0.1227s/iter; left time: 10187.6279s
	iters: 3100, epoch: 2 | loss: 1.8758248
	speed: 0.1227s/iter; left time: 10175.7879s
	iters: 3200, epoch: 2 | loss: 1.7684135
	speed: 0.1227s/iter; left time: 10161.6211s
	iters: 3300, epoch: 2 | loss: 2.3783281
	speed: 0.1227s/iter; left time: 10147.9674s
	iters: 3400, epoch: 2 | loss: 2.0977728
	speed: 0.1227s/iter; left time: 10136.2065s
	iters: 3500, epoch: 2 | loss: 2.1169972
	speed: 0.1227s/iter; left time: 10127.1290s
	iters: 3600, epoch: 2 | loss: 1.7360266
	speed: 0.1226s/iter; left time: 10101.9885s
	iters: 3700, epoch: 2 | loss: 1.9966137
	speed: 0.1222s/iter; left time: 10058.6237s
	iters: 3800, epoch: 2 | loss: 2.3657794
	speed: 0.1221s/iter; left time: 10041.1109s
	iters: 3900, epoch: 2 | loss: 2.2396572
	speed: 0.1221s/iter; left time: 10030.8274s
	iters: 4000, epoch: 2 | loss: 1.8153915
	speed: 0.1222s/iter; left time: 10020.5235s
	iters: 4100, epoch: 2 | loss: 1.6918237
	speed: 0.1221s/iter; left time: 10003.1368s
	iters: 4200, epoch: 2 | loss: 2.1116178
	speed: 0.1221s/iter; left time: 9990.1075s
	iters: 4300, epoch: 2 | loss: 1.9552115
	speed: 0.1221s/iter; left time: 9979.9912s
	iters: 4400, epoch: 2 | loss: 2.0543242
	speed: 0.1221s/iter; left time: 9968.9905s
	iters: 4500, epoch: 2 | loss: 1.8606148
	speed: 0.1221s/iter; left time: 9956.6925s
	iters: 4600, epoch: 2 | loss: 1.9570035
	speed: 0.1221s/iter; left time: 9942.8158s
	iters: 4700, epoch: 2 | loss: 1.7624102
	speed: 0.1221s/iter; left time: 9931.6655s
	iters: 4800, epoch: 2 | loss: 2.0956576
	speed: 0.1221s/iter; left time: 9921.1136s
	iters: 4900, epoch: 2 | loss: 1.8177278
	speed: 0.1222s/iter; left time: 9909.8055s
	iters: 5000, epoch: 2 | loss: 1.9505197
	speed: 0.1221s/iter; left time: 9896.0462s
	iters: 5100, epoch: 2 | loss: 1.8359777
	speed: 0.1222s/iter; left time: 9884.7920s
	iters: 5200, epoch: 2 | loss: 1.8459798
	speed: 0.1227s/iter; left time: 9915.5590s
	iters: 5300, epoch: 2 | loss: 2.1640990
	speed: 0.1227s/iter; left time: 9902.9846s
	iters: 5400, epoch: 2 | loss: 1.9401027
	speed: 0.1227s/iter; left time: 9889.4461s
	iters: 5500, epoch: 2 | loss: 2.2643671
	speed: 0.1227s/iter; left time: 9878.4909s
	iters: 5600, epoch: 2 | loss: 1.8145305
	speed: 0.1227s/iter; left time: 9867.1163s
	iters: 5700, epoch: 2 | loss: 1.8088032
	speed: 0.1227s/iter; left time: 9855.4758s
	iters: 5800, epoch: 2 | loss: 2.2994521
	speed: 0.1227s/iter; left time: 9841.7350s
	iters: 5900, epoch: 2 | loss: 1.9388806
	speed: 0.1227s/iter; left time: 9830.6678s
	iters: 6000, epoch: 2 | loss: 2.0425088
	speed: 0.1227s/iter; left time: 9815.5979s
	iters: 6100, epoch: 2 | loss: 2.5228891
	speed: 0.1227s/iter; left time: 9805.3154s
	iters: 6200, epoch: 2 | loss: 1.8055586
	speed: 0.1227s/iter; left time: 9792.3795s
	iters: 6300, epoch: 2 | loss: 2.0142179
	speed: 0.1227s/iter; left time: 9780.5198s
	iters: 6400, epoch: 2 | loss: 1.9360926
	speed: 0.1227s/iter; left time: 9768.9085s
	iters: 6500, epoch: 2 | loss: 1.9404552
	speed: 0.1227s/iter; left time: 9756.3586s
	iters: 6600, epoch: 2 | loss: 1.8701202
	speed: 0.1227s/iter; left time: 9746.0754s
	iters: 6700, epoch: 2 | loss: 2.4581087
	speed: 0.1227s/iter; left time: 9730.0692s
	iters: 6800, epoch: 2 | loss: 1.9605286
	speed: 0.1227s/iter; left time: 9718.7903s
	iters: 6900, epoch: 2 | loss: 2.0789776
	speed: 0.1227s/iter; left time: 9706.0786s
	iters: 7000, epoch: 2 | loss: 2.1607287
	speed: 0.1227s/iter; left time: 9696.5243s
	iters: 7100, epoch: 2 | loss: 1.7709389
	speed: 0.1227s/iter; left time: 9681.8950s
	iters: 7200, epoch: 2 | loss: 2.1851075
	speed: 0.1227s/iter; left time: 9672.7566s
	iters: 7300, epoch: 2 | loss: 2.1387765
	speed: 0.1227s/iter; left time: 9657.4205s
	iters: 7400, epoch: 2 | loss: 1.9031107
	speed: 0.1227s/iter; left time: 9649.1798s
	iters: 7500, epoch: 2 | loss: 2.0691636
	speed: 0.1227s/iter; left time: 9634.1554s
	iters: 7600, epoch: 2 | loss: 1.7941079
	speed: 0.1227s/iter; left time: 9620.3132s
	iters: 7700, epoch: 2 | loss: 2.2232914
	speed: 0.1227s/iter; left time: 9606.5317s
	iters: 7800, epoch: 2 | loss: 2.2877731
	speed: 0.1227s/iter; left time: 9597.1419s
	iters: 7900, epoch: 2 | loss: 1.9153522
	speed: 0.1227s/iter; left time: 9584.6328s
	iters: 8000, epoch: 2 | loss: 1.9109516
	speed: 0.1226s/iter; left time: 9567.3210s
	iters: 8100, epoch: 2 | loss: 1.6470845
	speed: 0.1221s/iter; left time: 9517.5150s
	iters: 8200, epoch: 2 | loss: 2.0369675
	speed: 0.1222s/iter; left time: 9506.5909s
	iters: 8300, epoch: 2 | loss: 2.3653615
	speed: 0.1222s/iter; left time: 9498.1663s
	iters: 8400, epoch: 2 | loss: 2.2053459
	speed: 0.1221s/iter; left time: 9481.6083s
	iters: 8500, epoch: 2 | loss: 1.8834100
	speed: 0.1222s/iter; left time: 9471.7207s
	iters: 8600, epoch: 2 | loss: 1.9803456
	speed: 0.1222s/iter; left time: 9459.5042s
	iters: 8700, epoch: 2 | loss: 2.1164744
	speed: 0.1222s/iter; left time: 9451.6075s
	iters: 8800, epoch: 2 | loss: 1.7735897
	speed: 0.1223s/iter; left time: 9443.1066s
	iters: 8900, epoch: 2 | loss: 2.2268441
	speed: 0.1222s/iter; left time: 9426.0884s
	iters: 9000, epoch: 2 | loss: 2.2148113
	speed: 0.1221s/iter; left time: 9408.3502s
	iters: 9100, epoch: 2 | loss: 1.6944327
	speed: 0.1225s/iter; left time: 9425.6059s
	iters: 9200, epoch: 2 | loss: 2.3047426
	speed: 0.1227s/iter; left time: 9424.5706s
	iters: 9300, epoch: 2 | loss: 2.0307209
	speed: 0.1227s/iter; left time: 9412.7297s
	iters: 9400, epoch: 2 | loss: 2.4264162
	speed: 0.1227s/iter; left time: 9399.0266s
	iters: 9500, epoch: 2 | loss: 2.2836676
	speed: 0.1227s/iter; left time: 9387.1297s
Epoch: 2 cost time: 1171.1087193489075
Epoch: 2, Steps: 9558 | Train Loss: 2.0101119 Vali Loss: 2.3557687 Test Loss: 1.5839659
Validation loss decreased (2.356216 --> 2.355769).  Saving model ...
Updating learning rate to 0.0005
	iters: 100, epoch: 3 | loss: 1.8604659
	speed: 2.6509s/iter; left time: 202433.4287s
	iters: 200, epoch: 3 | loss: 1.6571802
	speed: 0.1225s/iter; left time: 9345.7729s
	iters: 300, epoch: 3 | loss: 2.3006229
	speed: 0.1225s/iter; left time: 9333.2714s
	iters: 400, epoch: 3 | loss: 1.9552339
	speed: 0.1226s/iter; left time: 9323.0366s
	iters: 500, epoch: 3 | loss: 1.9831191
	speed: 0.1226s/iter; left time: 9315.8765s
	iters: 600, epoch: 3 | loss: 1.6758529
	speed: 0.1226s/iter; left time: 9302.3276s
	iters: 700, epoch: 3 | loss: 1.9927143
	speed: 0.1223s/iter; left time: 9264.9488s
	iters: 800, epoch: 3 | loss: 2.1007216
	speed: 0.1223s/iter; left time: 9257.3307s
	iters: 900, epoch: 3 | loss: 1.9559661
	speed: 0.1224s/iter; left time: 9248.3746s
	iters: 1000, epoch: 3 | loss: 1.8699565
	speed: 0.1224s/iter; left time: 9233.4705s
	iters: 1100, epoch: 3 | loss: 2.0314505
	speed: 0.1223s/iter; left time: 9220.7925s
	iters: 1200, epoch: 3 | loss: 2.1655803
	speed: 0.1223s/iter; left time: 9204.6802s
	iters: 1300, epoch: 3 | loss: 1.9376280
	speed: 0.1223s/iter; left time: 9195.8465s
	iters: 1400, epoch: 3 | loss: 2.3743460
	speed: 0.1223s/iter; left time: 9181.1484s
	iters: 1500, epoch: 3 | loss: 2.2972052
	speed: 0.1224s/iter; left time: 9175.0704s
	iters: 1600, epoch: 3 | loss: 2.3883414
	speed: 0.1223s/iter; left time: 9155.8746s
	iters: 1700, epoch: 3 | loss: 2.3428826
	speed: 0.1223s/iter; left time: 9144.1804s
	iters: 1800, epoch: 3 | loss: 2.0265980
	speed: 0.1223s/iter; left time: 9129.3736s
	iters: 1900, epoch: 3 | loss: 1.9859722
	speed: 0.1223s/iter; left time: 9119.8158s
	iters: 2000, epoch: 3 | loss: 2.0787861
	speed: 0.1223s/iter; left time: 9104.3890s
	iters: 2100, epoch: 3 | loss: 2.0964150
	speed: 0.1223s/iter; left time: 9092.5032s
	iters: 2200, epoch: 3 | loss: 2.1018167
	speed: 0.1223s/iter; left time: 9081.4687s
	iters: 2300, epoch: 3 | loss: 2.2284918
	speed: 0.1222s/iter; left time: 9064.5527s
	iters: 2400, epoch: 3 | loss: 1.9465086
	speed: 0.1222s/iter; left time: 9053.7298s
	iters: 2500, epoch: 3 | loss: 2.3223686
	speed: 0.1222s/iter; left time: 9041.5239s
	iters: 2600, epoch: 3 | loss: 2.3184552
	speed: 0.1223s/iter; left time: 9031.4986s
	iters: 2700, epoch: 3 | loss: 2.2319348
	speed: 0.1222s/iter; left time: 9014.8920s
	iters: 2800, epoch: 3 | loss: 1.9687132
	speed: 0.1222s/iter; left time: 9003.8009s
	iters: 2900, epoch: 3 | loss: 1.6759620
	speed: 0.1222s/iter; left time: 8992.4086s
	iters: 3000, epoch: 3 | loss: 2.2919428
	speed: 0.1222s/iter; left time: 8980.0104s
	iters: 3100, epoch: 3 | loss: 2.0081463
	speed: 0.1223s/iter; left time: 8971.3233s
	iters: 3200, epoch: 3 | loss: 2.2664094
	speed: 0.1222s/iter; left time: 8953.9844s
	iters: 3300, epoch: 3 | loss: 1.7344666
	speed: 0.1222s/iter; left time: 8942.4676s
	iters: 3400, epoch: 3 | loss: 1.9740961
	speed: 0.1222s/iter; left time: 8931.3741s
	iters: 3500, epoch: 3 | loss: 2.2850778
	speed: 0.1222s/iter; left time: 8916.7275s
	iters: 3600, epoch: 3 | loss: 1.8234706
	speed: 0.1222s/iter; left time: 8903.6249s
	iters: 3700, epoch: 3 | loss: 1.8760357
	speed: 0.1222s/iter; left time: 8892.7286s
	iters: 3800, epoch: 3 | loss: 1.7535568
	speed: 0.1222s/iter; left time: 8879.0657s
	iters: 3900, epoch: 3 | loss: 1.7573980
	speed: 0.1222s/iter; left time: 8867.6226s
	iters: 4000, epoch: 3 | loss: 2.1166687
	speed: 0.1222s/iter; left time: 8857.2218s
	iters: 4100, epoch: 3 | loss: 1.9704163
	speed: 0.1222s/iter; left time: 8843.6900s
	iters: 4200, epoch: 3 | loss: 1.9212714
	speed: 0.1222s/iter; left time: 8830.5680s
	iters: 4300, epoch: 3 | loss: 2.1736758
	speed: 0.1222s/iter; left time: 8820.3942s
	iters: 4400, epoch: 3 | loss: 1.9073988
	speed: 0.1222s/iter; left time: 8806.0319s
	iters: 4500, epoch: 3 | loss: 1.9655653
	speed: 0.1222s/iter; left time: 8793.1085s
	iters: 4600, epoch: 3 | loss: 1.8573670
	speed: 0.1222s/iter; left time: 8781.6489s
	iters: 4700, epoch: 3 | loss: 2.2737427
	speed: 0.1222s/iter; left time: 8769.2782s
	iters: 4800, epoch: 3 | loss: 1.6723372
	speed: 0.1223s/iter; left time: 8764.1731s
	iters: 4900, epoch: 3 | loss: 1.8472842
	speed: 0.1223s/iter; left time: 8754.4839s
	iters: 5000, epoch: 3 | loss: 2.1163554
	speed: 0.1223s/iter; left time: 8741.2320s
	iters: 5100, epoch: 3 | loss: 2.3795135
	speed: 0.1223s/iter; left time: 8727.1391s
	iters: 5200, epoch: 3 | loss: 2.0400443
	speed: 0.1223s/iter; left time: 8715.9484s
	iters: 5300, epoch: 3 | loss: 2.0079443
	speed: 0.1223s/iter; left time: 8703.9887s
	iters: 5400, epoch: 3 | loss: 2.1684213
	speed: 0.1223s/iter; left time: 8687.7279s
	iters: 5500, epoch: 3 | loss: 2.3162701
	speed: 0.1222s/iter; left time: 8675.3404s
	iters: 5600, epoch: 3 | loss: 1.8258992
	speed: 0.1223s/iter; left time: 8664.9166s
	iters: 5700, epoch: 3 | loss: 2.2127454
	speed: 0.1223s/iter; left time: 8653.0810s
	iters: 5800, epoch: 3 | loss: 2.1173980
	speed: 0.1223s/iter; left time: 8641.9671s
	iters: 5900, epoch: 3 | loss: 1.9142712
	speed: 0.1223s/iter; left time: 8627.5377s
	iters: 6000, epoch: 3 | loss: 1.9074934
	speed: 0.1222s/iter; left time: 8607.6523s
	iters: 6100, epoch: 3 | loss: 1.9025502
	speed: 0.1222s/iter; left time: 8599.1335s
	iters: 6200, epoch: 3 | loss: 1.8571697
	speed: 0.1221s/iter; left time: 8582.2189s
	iters: 6300, epoch: 3 | loss: 2.2308795
	speed: 0.1221s/iter; left time: 8570.5409s
	iters: 6400, epoch: 3 | loss: 1.8587385
	speed: 0.1221s/iter; left time: 8558.2638s
	iters: 6500, epoch: 3 | loss: 1.7905521
	speed: 0.1222s/iter; left time: 8549.8408s
	iters: 6600, epoch: 3 | loss: 2.0805142
	speed: 0.1223s/iter; left time: 8542.0887s
	iters: 6700, epoch: 3 | loss: 2.4482443
	speed: 0.1223s/iter; left time: 8530.1514s
	iters: 6800, epoch: 3 | loss: 1.7937614
	speed: 0.1223s/iter; left time: 8518.9949s
	iters: 6900, epoch: 3 | loss: 1.7533292
	speed: 0.1223s/iter; left time: 8507.9284s
	iters: 7000, epoch: 3 | loss: 1.9455389
	speed: 0.1223s/iter; left time: 8494.8809s
	iters: 7100, epoch: 3 | loss: 2.0576406
	speed: 0.1223s/iter; left time: 8482.8500s
	iters: 7200, epoch: 3 | loss: 1.9778157
	speed: 0.1223s/iter; left time: 8470.0853s
	iters: 7300, epoch: 3 | loss: 1.9463844
	speed: 0.1223s/iter; left time: 8457.7311s
	iters: 7400, epoch: 3 | loss: 1.5441573
	speed: 0.1223s/iter; left time: 8447.9996s
	iters: 7500, epoch: 3 | loss: 1.9087415
	speed: 0.1223s/iter; left time: 8431.6373s
	iters: 7600, epoch: 3 | loss: 2.2099221
	speed: 0.1223s/iter; left time: 8421.4832s
	iters: 7700, epoch: 3 | loss: 2.3869181
	speed: 0.1223s/iter; left time: 8407.7508s
	iters: 7800, epoch: 3 | loss: 1.7417299
	speed: 0.1223s/iter; left time: 8394.9284s
	iters: 7900, epoch: 3 | loss: 2.1625342
	speed: 0.1222s/iter; left time: 8378.7297s
	iters: 8000, epoch: 3 | loss: 1.8738037
	speed: 0.1222s/iter; left time: 8363.3108s
	iters: 8100, epoch: 3 | loss: 1.6025908
	speed: 0.1221s/iter; left time: 8348.7388s
	iters: 8200, epoch: 3 | loss: 2.0620975
	speed: 0.1222s/iter; left time: 8341.1889s
	iters: 8300, epoch: 3 | loss: 1.6973996
	speed: 0.1222s/iter; left time: 8327.3418s
	iters: 8400, epoch: 3 | loss: 2.0768397
	speed: 0.1222s/iter; left time: 8314.4660s
	iters: 8500, epoch: 3 | loss: 2.0237434
	speed: 0.1222s/iter; left time: 8303.8990s
	iters: 8600, epoch: 3 | loss: 1.5977826
	speed: 0.1222s/iter; left time: 8291.1405s
	iters: 8700, epoch: 3 | loss: 1.9150666
	speed: 0.1222s/iter; left time: 8278.3972s
	iters: 8800, epoch: 3 | loss: 2.2713511
	speed: 0.1222s/iter; left time: 8265.9266s
	iters: 8900, epoch: 3 | loss: 2.0964773
	speed: 0.1222s/iter; left time: 8253.7255s
	iters: 9000, epoch: 3 | loss: 1.8296068
	speed: 0.1222s/iter; left time: 8241.1658s
	iters: 9100, epoch: 3 | loss: 2.2304513
	speed: 0.1222s/iter; left time: 8230.4200s
	iters: 9200, epoch: 3 | loss: 2.2988091
	speed: 0.1222s/iter; left time: 8220.2401s
	iters: 9300, epoch: 3 | loss: 1.6564881
	speed: 0.1223s/iter; left time: 8213.4473s
	iters: 9400, epoch: 3 | loss: 2.1202133
	speed: 0.1223s/iter; left time: 8200.7892s
	iters: 9500, epoch: 3 | loss: 2.0037091
	speed: 0.1223s/iter; left time: 8192.5793s
Epoch: 3 cost time: 1169.1245234012604
Epoch: 3, Steps: 9558 | Train Loss: 2.0099064 Vali Loss: 2.3545022 Test Loss: 1.5984230
Validation loss decreased (2.355769 --> 2.354502).  Saving model ...
Updating learning rate to 0.00025
	iters: 100, epoch: 4 | loss: 2.5274835
	speed: 2.6496s/iter; left time: 177009.1402s
	iters: 200, epoch: 4 | loss: 1.6628362
	speed: 0.1228s/iter; left time: 8190.1639s
	iters: 300, epoch: 4 | loss: 1.7247545
	speed: 0.1227s/iter; left time: 8172.6910s
	iters: 400, epoch: 4 | loss: 2.2530403
	speed: 0.1227s/iter; left time: 8163.0902s
	iters: 500, epoch: 4 | loss: 1.9499775
	speed: 0.1228s/iter; left time: 8155.9654s
	iters: 600, epoch: 4 | loss: 1.9760844
	speed: 0.1228s/iter; left time: 8144.0941s
	iters: 700, epoch: 4 | loss: 2.7293248
	speed: 0.1227s/iter; left time: 8126.5930s
	iters: 800, epoch: 4 | loss: 1.9942018
	speed: 0.1228s/iter; left time: 8117.3749s
	iters: 900, epoch: 4 | loss: 2.2223616
	speed: 0.1227s/iter; left time: 8098.0265s
	iters: 1000, epoch: 4 | loss: 2.4265039
	speed: 0.1226s/iter; left time: 8079.6921s
	iters: 1100, epoch: 4 | loss: 1.7953622
	speed: 0.1226s/iter; left time: 8065.0781s
	iters: 1200, epoch: 4 | loss: 2.0423090
	speed: 0.1224s/iter; left time: 8041.3935s
	iters: 1300, epoch: 4 | loss: 2.1011348
	speed: 0.1224s/iter; left time: 8028.1584s
	iters: 1400, epoch: 4 | loss: 2.1984930
	speed: 0.1224s/iter; left time: 8019.1020s
	iters: 1500, epoch: 4 | loss: 2.2781065
	speed: 0.1224s/iter; left time: 8006.1329s
	iters: 1600, epoch: 4 | loss: 1.7992129
	speed: 0.1223s/iter; left time: 7988.3243s
	iters: 1700, epoch: 4 | loss: 2.2017944
	speed: 0.1224s/iter; left time: 7979.2229s
	iters: 1800, epoch: 4 | loss: 1.8793453
	speed: 0.1224s/iter; left time: 7967.0556s
	iters: 1900, epoch: 4 | loss: 2.5185437
	speed: 0.1224s/iter; left time: 7954.0146s
	iters: 2000, epoch: 4 | loss: 2.2286484
	speed: 0.1223s/iter; left time: 7939.3974s
	iters: 2100, epoch: 4 | loss: 2.3414886
	speed: 0.1223s/iter; left time: 7927.9066s
	iters: 2200, epoch: 4 | loss: 1.7990198
	speed: 0.1223s/iter; left time: 7914.9614s
	iters: 2300, epoch: 4 | loss: 1.8351154
	speed: 0.1223s/iter; left time: 7902.4523s
	iters: 2400, epoch: 4 | loss: 1.8149601
	speed: 0.1223s/iter; left time: 7889.9011s
	iters: 2500, epoch: 4 | loss: 2.0146391
	speed: 0.1224s/iter; left time: 7881.4718s
	iters: 2600, epoch: 4 | loss: 2.0989940
	speed: 0.1227s/iter; left time: 7888.2720s
	iters: 2700, epoch: 4 | loss: 1.6332109
	speed: 0.1227s/iter; left time: 7875.9171s
	iters: 2800, epoch: 4 | loss: 2.2051468
	speed: 0.1227s/iter; left time: 7867.8481s
	iters: 2900, epoch: 4 | loss: 2.4616392
	speed: 0.1223s/iter; left time: 7830.6046s
	iters: 3000, epoch: 4 | loss: 2.1957273
	speed: 0.1223s/iter; left time: 7817.0481s
	iters: 3100, epoch: 4 | loss: 1.9849483
	speed: 0.1223s/iter; left time: 7802.9978s
	iters: 3200, epoch: 4 | loss: 2.1532714
	speed: 0.1223s/iter; left time: 7790.8289s
	iters: 3300, epoch: 4 | loss: 1.8528748
	speed: 0.1223s/iter; left time: 7779.1228s
	iters: 3400, epoch: 4 | loss: 1.8857758
	speed: 0.1225s/iter; left time: 7776.6321s
	iters: 3500, epoch: 4 | loss: 1.7242502
	speed: 0.1227s/iter; left time: 7777.7395s
	iters: 3600, epoch: 4 | loss: 1.9340442
	speed: 0.1226s/iter; left time: 7764.0805s
	iters: 3700, epoch: 4 | loss: 2.1902173
	speed: 0.1227s/iter; left time: 7752.9619s
	iters: 3800, epoch: 4 | loss: 2.2983074
	speed: 0.1226s/iter; left time: 7739.6374s
	iters: 3900, epoch: 4 | loss: 1.4866333
	speed: 0.1227s/iter; left time: 7729.3622s
	iters: 4000, epoch: 4 | loss: 1.6118135
	speed: 0.1226s/iter; left time: 7715.4925s
	iters: 4100, epoch: 4 | loss: 1.4871552
	speed: 0.1227s/iter; left time: 7703.6013s
	iters: 4200, epoch: 4 | loss: 1.6674492
	speed: 0.1227s/iter; left time: 7691.7087s
	iters: 4300, epoch: 4 | loss: 1.8540767
	speed: 0.1224s/iter; left time: 7662.4747s
	iters: 4400, epoch: 4 | loss: 2.1365337
	speed: 0.1223s/iter; left time: 7645.9348s
	iters: 4500, epoch: 4 | loss: 1.6473304
	speed: 0.1223s/iter; left time: 7630.7219s
	iters: 4600, epoch: 4 | loss: 2.2079492
	speed: 0.1223s/iter; left time: 7617.3633s
	iters: 4700, epoch: 4 | loss: 2.2792916
	speed: 0.1223s/iter; left time: 7606.3387s
	iters: 4800, epoch: 4 | loss: 1.9913220
	speed: 0.1223s/iter; left time: 7594.9859s
	iters: 4900, epoch: 4 | loss: 1.9872855
	speed: 0.1223s/iter; left time: 7581.7922s
	iters: 5000, epoch: 4 | loss: 1.7410258
	speed: 0.1223s/iter; left time: 7568.1562s
	iters: 5100, epoch: 4 | loss: 1.7877686
	speed: 0.1223s/iter; left time: 7556.9624s
	iters: 5200, epoch: 4 | loss: 2.3718164
	speed: 0.1223s/iter; left time: 7543.9226s
	iters: 5300, epoch: 4 | loss: 1.9091343
	speed: 0.1222s/iter; left time: 7530.7186s
	iters: 5400, epoch: 4 | loss: 1.9532318
	speed: 0.1222s/iter; left time: 7517.8239s
	iters: 5500, epoch: 4 | loss: 1.9228107
	speed: 0.1224s/iter; left time: 7518.7952s
	iters: 5600, epoch: 4 | loss: 1.9734052
	speed: 0.1226s/iter; left time: 7513.3808s
	iters: 5700, epoch: 4 | loss: 2.1306098
	speed: 0.1224s/iter; left time: 7494.2776s
	iters: 5800, epoch: 4 | loss: 2.4373899
	speed: 0.1227s/iter; left time: 7495.7158s
	iters: 5900, epoch: 4 | loss: 2.1109383
	speed: 0.1226s/iter; left time: 7480.8617s
	iters: 6000, epoch: 4 | loss: 2.3267317
	speed: 0.1227s/iter; left time: 7470.3078s
	iters: 6100, epoch: 4 | loss: 1.8258568
	speed: 0.1226s/iter; left time: 7457.9709s
	iters: 6200, epoch: 4 | loss: 1.9118403
	speed: 0.1226s/iter; left time: 7444.0235s
	iters: 6300, epoch: 4 | loss: 1.8725128
	speed: 0.1226s/iter; left time: 7432.3179s
	iters: 6400, epoch: 4 | loss: 2.1894784
	speed: 0.1226s/iter; left time: 7421.1499s
	iters: 6500, epoch: 4 | loss: 1.8599976
	speed: 0.1227s/iter; left time: 7408.9566s
	iters: 6600, epoch: 4 | loss: 2.1483912
	speed: 0.1226s/iter; left time: 7395.9837s
	iters: 6700, epoch: 4 | loss: 1.6158936
	speed: 0.1227s/iter; left time: 7385.0027s
	iters: 6800, epoch: 4 | loss: 1.9226276
	speed: 0.1226s/iter; left time: 7370.4375s
	iters: 6900, epoch: 4 | loss: 2.2159495
	speed: 0.1226s/iter; left time: 7359.2547s
	iters: 7000, epoch: 4 | loss: 1.8592860
	speed: 0.1226s/iter; left time: 7347.5378s
	iters: 7100, epoch: 4 | loss: 1.7202150
	speed: 0.1227s/iter; left time: 7335.4273s
	iters: 7200, epoch: 4 | loss: 1.9350939
	speed: 0.1226s/iter; left time: 7320.5082s
	iters: 7300, epoch: 4 | loss: 1.9270962
	speed: 0.1226s/iter; left time: 7309.7056s
	iters: 7400, epoch: 4 | loss: 2.3150332
	speed: 0.1227s/iter; left time: 7300.2351s
	iters: 7500, epoch: 4 | loss: 2.2043712
	speed: 0.1227s/iter; left time: 7286.8116s
	iters: 7600, epoch: 4 | loss: 1.9345797
	speed: 0.1226s/iter; left time: 7272.4457s
	iters: 7700, epoch: 4 | loss: 2.2923598
	speed: 0.1226s/iter; left time: 7261.5308s
	iters: 7800, epoch: 4 | loss: 2.0401206
	speed: 0.1227s/iter; left time: 7249.7814s
	iters: 7900, epoch: 4 | loss: 2.0960727
	speed: 0.1222s/iter; left time: 7211.6754s
	iters: 8000, epoch: 4 | loss: 1.8206663
	speed: 0.1222s/iter; left time: 7196.4183s
	iters: 8100, epoch: 4 | loss: 2.3946640
	speed: 0.1222s/iter; left time: 7185.2223s
	iters: 8200, epoch: 4 | loss: 1.8300909
	speed: 0.1222s/iter; left time: 7173.7097s
	iters: 8300, epoch: 4 | loss: 1.9036751
	speed: 0.1222s/iter; left time: 7161.4254s
	iters: 8400, epoch: 4 | loss: 2.2752340
	speed: 0.1222s/iter; left time: 7147.0690s
	iters: 8500, epoch: 4 | loss: 1.7965686
	speed: 0.1222s/iter; left time: 7135.3220s
	iters: 8600, epoch: 4 | loss: 2.3575392
	speed: 0.1222s/iter; left time: 7123.8965s
	iters: 8700, epoch: 4 | loss: 2.0950024
	speed: 0.1225s/iter; left time: 7132.8220s
	iters: 8800, epoch: 4 | loss: 1.8973198
	speed: 0.1227s/iter; left time: 7128.3934s
	iters: 8900, epoch: 4 | loss: 2.2598200
	speed: 0.1226s/iter; left time: 7113.4470s
	iters: 9000, epoch: 4 | loss: 2.1622474
	speed: 0.1226s/iter; left time: 7101.3820s
	iters: 9100, epoch: 4 | loss: 2.0490215
	speed: 0.1227s/iter; left time: 7091.4115s
	iters: 9200, epoch: 4 | loss: 2.0865273
	speed: 0.1226s/iter; left time: 7076.8510s
	iters: 9300, epoch: 4 | loss: 2.3690128
	speed: 0.1226s/iter; left time: 7063.9276s
	iters: 9400, epoch: 4 | loss: 1.7495532
	speed: 0.1226s/iter; left time: 7050.6689s
	iters: 9500, epoch: 4 | loss: 1.9260824
	speed: 0.1226s/iter; left time: 7040.0907s
Epoch: 4 cost time: 1171.363674402237
Epoch: 4, Steps: 9558 | Train Loss: 2.0095890 Vali Loss: 2.3542206 Test Loss: 1.6012112
Validation loss decreased (2.354502 --> 2.354221).  Saving model ...
Updating learning rate to 0.000125
	iters: 100, epoch: 5 | loss: 1.5877849
	speed: 2.6531s/iter; left time: 151887.8626s
	iters: 200, epoch: 5 | loss: 2.0545704
	speed: 0.1223s/iter; left time: 6988.2460s
	iters: 300, epoch: 5 | loss: 1.9114820
	speed: 0.1223s/iter; left time: 6978.0985s
	iters: 400, epoch: 5 | loss: 2.4628320
	speed: 0.1224s/iter; left time: 6969.0263s
	iters: 500, epoch: 5 | loss: 2.0573723
	speed: 0.1223s/iter; left time: 6953.9164s
	iters: 600, epoch: 5 | loss: 1.8059907
	speed: 0.1223s/iter; left time: 6941.5514s
	iters: 700, epoch: 5 | loss: 2.0938623
	speed: 0.1223s/iter; left time: 6929.3398s
	iters: 800, epoch: 5 | loss: 2.2575145
	speed: 0.1223s/iter; left time: 6915.2267s
	iters: 900, epoch: 5 | loss: 1.9639419
	speed: 0.1224s/iter; left time: 6906.7570s
	iters: 1000, epoch: 5 | loss: 1.8518107
	speed: 0.1224s/iter; left time: 6894.6147s
	iters: 1100, epoch: 5 | loss: 2.0603099
	speed: 0.1223s/iter; left time: 6879.1824s
	iters: 1200, epoch: 5 | loss: 1.9480978
	speed: 0.1223s/iter; left time: 6865.8939s
	iters: 1300, epoch: 5 | loss: 1.9020708
	speed: 0.1223s/iter; left time: 6855.4480s
	iters: 1400, epoch: 5 | loss: 2.4414790
	speed: 0.1223s/iter; left time: 6842.1904s
	iters: 1500, epoch: 5 | loss: 1.9864845
	speed: 0.1223s/iter; left time: 6830.2840s
	iters: 1600, epoch: 5 | loss: 1.9478692
	speed: 0.1223s/iter; left time: 6817.2608s
	iters: 1700, epoch: 5 | loss: 2.0690324
	speed: 0.1223s/iter; left time: 6805.9108s
	iters: 1800, epoch: 5 | loss: 1.7529894
	speed: 0.1223s/iter; left time: 6792.0172s
	iters: 1900, epoch: 5 | loss: 1.6643800
	speed: 0.1223s/iter; left time: 6781.1787s
	iters: 2000, epoch: 5 | loss: 2.3319523
	speed: 0.1223s/iter; left time: 6767.3651s
	iters: 2100, epoch: 5 | loss: 1.8822341
	speed: 0.1223s/iter; left time: 6756.3758s
	iters: 2200, epoch: 5 | loss: 2.1739078
	speed: 0.1223s/iter; left time: 6742.5796s
	iters: 2300, epoch: 5 | loss: 2.0299761
	speed: 0.1223s/iter; left time: 6731.2383s
	iters: 2400, epoch: 5 | loss: 2.3240204
	speed: 0.1223s/iter; left time: 6719.1303s
	iters: 2500, epoch: 5 | loss: 1.9817572
	speed: 0.1223s/iter; left time: 6708.1432s
	iters: 2600, epoch: 5 | loss: 2.2176583
	speed: 0.1223s/iter; left time: 6694.4326s
	iters: 2700, epoch: 5 | loss: 1.9628074
	speed: 0.1223s/iter; left time: 6681.1760s
	iters: 2800, epoch: 5 | loss: 1.7924634
	speed: 0.1223s/iter; left time: 6669.8117s
	iters: 2900, epoch: 5 | loss: 1.6442193
	speed: 0.1223s/iter; left time: 6657.2053s
	iters: 3000, epoch: 5 | loss: 2.0032778
	speed: 0.1223s/iter; left time: 6645.8452s
	iters: 3100, epoch: 5 | loss: 2.0722806
	speed: 0.1223s/iter; left time: 6633.0820s
	iters: 3200, epoch: 5 | loss: 2.1238530
	speed: 0.1223s/iter; left time: 6620.4561s
	iters: 3300, epoch: 5 | loss: 1.5668164
	speed: 0.1223s/iter; left time: 6609.5056s
	iters: 3400, epoch: 5 | loss: 1.7807990
	speed: 0.1223s/iter; left time: 6598.8312s
	iters: 3500, epoch: 5 | loss: 1.5695758
	speed: 0.1223s/iter; left time: 6586.3310s
	iters: 3600, epoch: 5 | loss: 1.5768585
	speed: 0.1223s/iter; left time: 6575.1720s
	iters: 3700, epoch: 5 | loss: 1.1507126
	speed: 0.1223s/iter; left time: 6562.1838s
	iters: 3800, epoch: 5 | loss: 1.4145619
	speed: 0.1223s/iter; left time: 6548.1488s
	iters: 3900, epoch: 5 | loss: 1.5361915
	speed: 0.1223s/iter; left time: 6538.0536s
	iters: 4000, epoch: 5 | loss: 1.6015586
	speed: 0.1223s/iter; left time: 6523.5009s
	iters: 4100, epoch: 5 | loss: 1.3768485
	speed: 0.1223s/iter; left time: 6511.2422s
	iters: 4200, epoch: 5 | loss: 1.3295321
	speed: 0.1223s/iter; left time: 6498.1170s
	iters: 4300, epoch: 5 | loss: 1.5196921
	speed: 0.1223s/iter; left time: 6488.8495s
	iters: 4400, epoch: 5 | loss: 1.6100546
	speed: 0.1222s/iter; left time: 6472.5977s
	iters: 4500, epoch: 5 | loss: 1.5244160
	speed: 0.1222s/iter; left time: 6460.0701s
	iters: 4600, epoch: 5 | loss: 1.4100407
	speed: 0.1222s/iter; left time: 6447.0418s
	iters: 4700, epoch: 5 | loss: 1.9706231
	speed: 0.1222s/iter; left time: 6436.1503s
	iters: 4800, epoch: 5 | loss: 1.5648930
	speed: 0.1223s/iter; left time: 6425.0211s
	iters: 4900, epoch: 5 | loss: 1.5363979
	speed: 0.1222s/iter; left time: 6411.0194s
	iters: 5000, epoch: 5 | loss: 1.3721932
	speed: 0.1222s/iter; left time: 6397.1455s
	iters: 5100, epoch: 5 | loss: 1.4679193
	speed: 0.1222s/iter; left time: 6385.8284s
	iters: 5200, epoch: 5 | loss: 1.5484902
	speed: 0.1223s/iter; left time: 6378.9978s
	iters: 5300, epoch: 5 | loss: 1.4606495
	speed: 0.1223s/iter; left time: 6364.7624s
	iters: 5400, epoch: 5 | loss: 1.2637458
	speed: 0.1223s/iter; left time: 6353.0699s
	iters: 5500, epoch: 5 | loss: 1.5310174
	speed: 0.1223s/iter; left time: 6340.3239s
	iters: 5600, epoch: 5 | loss: 1.5322164
	speed: 0.1223s/iter; left time: 6330.6505s
	iters: 5700, epoch: 5 | loss: 1.4978311
	speed: 0.1223s/iter; left time: 6318.1784s
	iters: 5800, epoch: 5 | loss: 1.3891087
	speed: 0.1224s/iter; left time: 6307.1032s
	iters: 5900, epoch: 5 | loss: 1.5357678
	speed: 0.1223s/iter; left time: 6293.8558s
	iters: 6000, epoch: 5 | loss: 1.3936889
	speed: 0.1224s/iter; left time: 6283.0405s
	iters: 6100, epoch: 5 | loss: 1.3433975
	speed: 0.1223s/iter; left time: 6269.6429s
	iters: 6200, epoch: 5 | loss: 1.4343270
	speed: 0.1224s/iter; left time: 6258.2196s
	iters: 6300, epoch: 5 | loss: 1.5896453
	speed: 0.1223s/iter; left time: 6241.6701s
	iters: 6400, epoch: 5 | loss: 1.5410982
	speed: 0.1223s/iter; left time: 6230.9097s
	iters: 6500, epoch: 5 | loss: 1.2810873
	speed: 0.1223s/iter; left time: 6220.5239s
	iters: 6600, epoch: 5 | loss: 1.8233073
	speed: 0.1223s/iter; left time: 6205.3882s
	iters: 6700, epoch: 5 | loss: 1.4300114
	speed: 0.1223s/iter; left time: 6192.6300s
	iters: 6800, epoch: 5 | loss: 1.3846647
	speed: 0.1222s/iter; left time: 6179.0907s
	iters: 6900, epoch: 5 | loss: 1.6662165
	speed: 0.1222s/iter; left time: 6165.8762s
	iters: 7000, epoch: 5 | loss: 1.4543207
	speed: 0.1222s/iter; left time: 6154.1272s
	iters: 7100, epoch: 5 | loss: 1.7180507
	speed: 0.1222s/iter; left time: 6142.6319s
	iters: 7200, epoch: 5 | loss: 1.3831183
	speed: 0.1222s/iter; left time: 6128.4593s
	iters: 7300, epoch: 5 | loss: 1.1810664
	speed: 0.1222s/iter; left time: 6117.2370s
	iters: 7400, epoch: 5 | loss: 1.2087531
	speed: 0.1222s/iter; left time: 6104.9340s
	iters: 7500, epoch: 5 | loss: 1.3075637
	speed: 0.1222s/iter; left time: 6093.2080s
	iters: 7600, epoch: 5 | loss: 1.7773532
	speed: 0.1222s/iter; left time: 6080.6820s
	iters: 7700, epoch: 5 | loss: 1.4567939
	speed: 0.1222s/iter; left time: 6067.5585s
	iters: 7800, epoch: 5 | loss: 1.2377361
	speed: 0.1222s/iter; left time: 6056.8570s
	iters: 7900, epoch: 5 | loss: 1.4572829
	speed: 0.1222s/iter; left time: 6044.9209s
	iters: 8000, epoch: 5 | loss: 1.5838605
	speed: 0.1223s/iter; left time: 6034.6002s
	iters: 8100, epoch: 5 | loss: 1.3399042
	speed: 0.1222s/iter; left time: 6019.4193s
	iters: 8200, epoch: 5 | loss: 1.3564177
	speed: 0.1223s/iter; left time: 6009.5180s
	iters: 8300, epoch: 5 | loss: 1.4652258
	speed: 0.1222s/iter; left time: 5996.1866s
	iters: 8400, epoch: 5 | loss: 1.3257813
	speed: 0.1223s/iter; left time: 5984.0982s
	iters: 8500, epoch: 5 | loss: 1.5024536
	speed: 0.1222s/iter; left time: 5971.5694s
	iters: 8600, epoch: 5 | loss: 1.2927444
	speed: 0.1223s/iter; left time: 5960.5956s
	iters: 8700, epoch: 5 | loss: 1.3394718
	speed: 0.1223s/iter; left time: 5948.3948s
	iters: 8800, epoch: 5 | loss: 1.6291581
	speed: 0.1223s/iter; left time: 5937.7065s
	iters: 8900, epoch: 5 | loss: 1.3429084
	speed: 0.1226s/iter; left time: 5939.0087s
	iters: 9000, epoch: 5 | loss: 1.1109332
	speed: 0.1227s/iter; left time: 5930.1529s
	iters: 9100, epoch: 5 | loss: 1.2595609
	speed: 0.1227s/iter; left time: 5918.6012s
	iters: 9200, epoch: 5 | loss: 1.3774482
	speed: 0.1226s/iter; left time: 5904.3888s
	iters: 9300, epoch: 5 | loss: 1.4107282
	speed: 0.1226s/iter; left time: 5890.8476s
	iters: 9400, epoch: 5 | loss: 1.3196237
	speed: 0.1226s/iter; left time: 5879.3619s
	iters: 9500, epoch: 5 | loss: 1.2812862
	speed: 0.1227s/iter; left time: 5868.8227s
Epoch: 5 cost time: 1169.5243031978607
Epoch: 5, Steps: 9558 | Train Loss: 1.6451792 Vali Loss: 1.4951574 Test Loss: 1.5574920
Validation loss decreased (2.354221 --> 1.495157).  Saving model ...
Updating learning rate to 6.25e-05
	iters: 100, epoch: 6 | loss: 1.2010579
	speed: 2.6585s/iter; left time: 126787.9200s
	iters: 200, epoch: 6 | loss: 1.5157946
	speed: 0.1224s/iter; left time: 5826.0531s
	iters: 300, epoch: 6 | loss: 1.1415542
	speed: 0.1225s/iter; left time: 5818.8699s
	iters: 400, epoch: 6 | loss: 1.3808806
	speed: 0.1225s/iter; left time: 5806.3059s
	iters: 500, epoch: 6 | loss: 1.2071846
	speed: 0.1225s/iter; left time: 5792.7311s
	iters: 600, epoch: 6 | loss: 1.5191288
	speed: 0.1224s/iter; left time: 5775.0529s
	iters: 700, epoch: 6 | loss: 1.2592523
	speed: 0.1224s/iter; left time: 5761.7025s
	iters: 800, epoch: 6 | loss: 1.4656478
	speed: 0.1224s/iter; left time: 5751.8578s
	iters: 900, epoch: 6 | loss: 1.4101125
	speed: 0.1224s/iter; left time: 5739.3653s
	iters: 1000, epoch: 6 | loss: 1.4411943
	speed: 0.1224s/iter; left time: 5727.5667s
	iters: 1100, epoch: 6 | loss: 1.0809987
	speed: 0.1224s/iter; left time: 5713.1308s
	iters: 1200, epoch: 6 | loss: 1.1092634
	speed: 0.1224s/iter; left time: 5702.8390s
	iters: 1300, epoch: 6 | loss: 1.1787717
	speed: 0.1224s/iter; left time: 5688.8243s
	iters: 1400, epoch: 6 | loss: 1.4633658
	speed: 0.1224s/iter; left time: 5676.0897s
	iters: 1500, epoch: 6 | loss: 1.2502832
	speed: 0.1224s/iter; left time: 5663.9058s
	iters: 1600, epoch: 6 | loss: 1.4889877
	speed: 0.1224s/iter; left time: 5652.2088s
	iters: 1700, epoch: 6 | loss: 1.1259435
	speed: 0.1224s/iter; left time: 5640.3876s
	iters: 1800, epoch: 6 | loss: 1.3412783
	speed: 0.1223s/iter; left time: 5626.8512s
	iters: 1900, epoch: 6 | loss: 1.4663144
	speed: 0.1224s/iter; left time: 5615.0939s
	iters: 2000, epoch: 6 | loss: 1.3748899
	speed: 0.1224s/iter; left time: 5602.6001s
	iters: 2100, epoch: 6 | loss: 1.1734414
	speed: 0.1224s/iter; left time: 5590.3126s
	iters: 2200, epoch: 6 | loss: 1.3074222
	speed: 0.1223s/iter; left time: 5577.7552s
	iters: 2300, epoch: 6 | loss: 1.2222669
	speed: 0.1224s/iter; left time: 5565.9278s
	iters: 2400, epoch: 6 | loss: 1.7918466
	speed: 0.1224s/iter; left time: 5554.0991s
	iters: 2500, epoch: 6 | loss: 1.3922545
	speed: 0.1224s/iter; left time: 5542.9091s
	iters: 2600, epoch: 6 | loss: 1.1691940
	speed: 0.1224s/iter; left time: 5529.1467s
	iters: 2700, epoch: 6 | loss: 1.2647965
	speed: 0.1224s/iter; left time: 5517.2550s
	iters: 2800, epoch: 6 | loss: 1.2741622
	speed: 0.1223s/iter; left time: 5504.3288s
	iters: 2900, epoch: 6 | loss: 1.0422022
	speed: 0.1224s/iter; left time: 5493.5742s
	iters: 3000, epoch: 6 | loss: 1.2514743
	speed: 0.1224s/iter; left time: 5481.9382s
	iters: 3100, epoch: 6 | loss: 1.3141742
	speed: 0.1224s/iter; left time: 5469.4638s
	iters: 3200, epoch: 6 | loss: 1.1237319
	speed: 0.1224s/iter; left time: 5455.9270s
	iters: 3300, epoch: 6 | loss: 1.1185641
	speed: 0.1224s/iter; left time: 5444.1289s
	iters: 3400, epoch: 6 | loss: 1.1813771
	speed: 0.1224s/iter; left time: 5432.4381s
	iters: 3500, epoch: 6 | loss: 1.0447308
	speed: 0.1224s/iter; left time: 5419.5776s
	iters: 3600, epoch: 6 | loss: 1.3708826
	speed: 0.1224s/iter; left time: 5408.4237s
	iters: 3700, epoch: 6 | loss: 1.4096071
	speed: 0.1224s/iter; left time: 5394.7392s
	iters: 3800, epoch: 6 | loss: 1.5224636
	speed: 0.1224s/iter; left time: 5382.7640s
	iters: 3900, epoch: 6 | loss: 1.2609597
	speed: 0.1224s/iter; left time: 5370.4962s
	iters: 4000, epoch: 6 | loss: 1.4995153
	speed: 0.1224s/iter; left time: 5357.8812s
	iters: 4100, epoch: 6 | loss: 1.3701191
	speed: 0.1223s/iter; left time: 5345.4824s
	iters: 4200, epoch: 6 | loss: 1.1171060
	speed: 0.1224s/iter; left time: 5333.9215s
	iters: 4300, epoch: 6 | loss: 1.1831410
	speed: 0.1224s/iter; left time: 5321.5402s
	iters: 4400, epoch: 6 | loss: 1.1987774
	speed: 0.1223s/iter; left time: 5308.5098s
	iters: 4500, epoch: 6 | loss: 1.1998458
	speed: 0.1223s/iter; left time: 5294.5149s
	iters: 4600, epoch: 6 | loss: 1.0401430
	speed: 0.1223s/iter; left time: 5283.0625s
	iters: 4700, epoch: 6 | loss: 0.9660957
	speed: 0.1223s/iter; left time: 5271.0751s
	iters: 4800, epoch: 6 | loss: 1.3104485
	speed: 0.1223s/iter; left time: 5257.9084s
	iters: 4900, epoch: 6 | loss: 1.3406175
	speed: 0.1223s/iter; left time: 5244.6286s
	iters: 5000, epoch: 6 | loss: 1.1127142
	speed: 0.1223s/iter; left time: 5233.0584s
	iters: 5100, epoch: 6 | loss: 1.3329458
	speed: 0.1224s/iter; left time: 5224.1719s
	iters: 5200, epoch: 6 | loss: 1.0246596
	speed: 0.1223s/iter; left time: 5209.6660s
	iters: 5300, epoch: 6 | loss: 1.1794614
	speed: 0.1223s/iter; left time: 5198.0155s
	iters: 5400, epoch: 6 | loss: 0.9221333
	speed: 0.1223s/iter; left time: 5183.2093s
	iters: 5500, epoch: 6 | loss: 1.1057495
	speed: 0.1223s/iter; left time: 5173.8238s
	iters: 5600, epoch: 6 | loss: 1.1736263
	speed: 0.1224s/iter; left time: 5164.2570s
	iters: 5700, epoch: 6 | loss: 1.1297841
	speed: 0.1224s/iter; left time: 5153.3671s
	iters: 5800, epoch: 6 | loss: 1.1003724
	speed: 0.1224s/iter; left time: 5138.4853s
	iters: 5900, epoch: 6 | loss: 1.3835007
	speed: 0.1224s/iter; left time: 5126.2067s
	iters: 6000, epoch: 6 | loss: 1.2235736
	speed: 0.1224s/iter; left time: 5114.8683s
	iters: 6100, epoch: 6 | loss: 1.2041342
	speed: 0.1223s/iter; left time: 5099.2948s
	iters: 6200, epoch: 6 | loss: 1.4386176
	speed: 0.1223s/iter; left time: 5085.9607s
	iters: 6300, epoch: 6 | loss: 1.1505903
	speed: 0.1223s/iter; left time: 5073.6541s
	iters: 6400, epoch: 6 | loss: 1.1834785
	speed: 0.1223s/iter; left time: 5060.5849s
	iters: 6500, epoch: 6 | loss: 1.1227061
	speed: 0.1222s/iter; left time: 5047.5703s
	iters: 6600, epoch: 6 | loss: 1.0003083
	speed: 0.1222s/iter; left time: 5034.0542s
	iters: 6700, epoch: 6 | loss: 1.0673782
	speed: 0.1222s/iter; left time: 5022.0293s
	iters: 6800, epoch: 6 | loss: 1.1967206
	speed: 0.1222s/iter; left time: 5010.4847s
	iters: 6900, epoch: 6 | loss: 0.9975150
	speed: 0.1222s/iter; left time: 4998.3476s
	iters: 7000, epoch: 6 | loss: 1.1627907
	speed: 0.1222s/iter; left time: 4985.6081s
	iters: 7100, epoch: 6 | loss: 1.2398947
	speed: 0.1222s/iter; left time: 4972.7768s
	iters: 7200, epoch: 6 | loss: 1.0652997
	speed: 0.1222s/iter; left time: 4960.3643s
	iters: 7300, epoch: 6 | loss: 1.1916447
	speed: 0.1222s/iter; left time: 4949.2486s
	iters: 7400, epoch: 6 | loss: 1.1672677
	speed: 0.1222s/iter; left time: 4936.7878s
	iters: 7500, epoch: 6 | loss: 1.0477680
	speed: 0.1222s/iter; left time: 4923.9564s
	iters: 7600, epoch: 6 | loss: 1.0692569
	speed: 0.1222s/iter; left time: 4911.9647s
	iters: 7700, epoch: 6 | loss: 0.9933484
	speed: 0.1223s/iter; left time: 4903.0769s
	iters: 7800, epoch: 6 | loss: 1.0370182
	speed: 0.1222s/iter; left time: 4887.8256s
	iters: 7900, epoch: 6 | loss: 1.2899747
	speed: 0.1222s/iter; left time: 4874.3161s
	iters: 8000, epoch: 6 | loss: 1.2567689
	speed: 0.1222s/iter; left time: 4862.5944s
	iters: 8100, epoch: 6 | loss: 1.1953309
	speed: 0.1222s/iter; left time: 4849.9439s
	iters: 8200, epoch: 6 | loss: 1.2505857
	speed: 0.1224s/iter; left time: 4845.2071s
	iters: 8300, epoch: 6 | loss: 1.0121506
	speed: 0.1224s/iter; left time: 4833.0102s
	iters: 8400, epoch: 6 | loss: 1.2193475
	speed: 0.1223s/iter; left time: 4816.8227s
	iters: 8500, epoch: 6 | loss: 1.1478709
	speed: 0.1222s/iter; left time: 4803.2374s
	iters: 8600, epoch: 6 | loss: 1.0533208
	speed: 0.1222s/iter; left time: 4789.7314s
	iters: 8700, epoch: 6 | loss: 1.0705353
	speed: 0.1222s/iter; left time: 4776.1595s
	iters: 8800, epoch: 6 | loss: 1.0375632
	speed: 0.1222s/iter; left time: 4764.1814s
	iters: 8900, epoch: 6 | loss: 1.2533007
	speed: 0.1222s/iter; left time: 4751.1248s
	iters: 9000, epoch: 6 | loss: 1.0527972
	speed: 0.1222s/iter; left time: 4739.8057s
	iters: 9100, epoch: 6 | loss: 1.4077742
	speed: 0.1222s/iter; left time: 4727.2707s
	iters: 9200, epoch: 6 | loss: 1.4356040
	speed: 0.1222s/iter; left time: 4715.1322s
	iters: 9300, epoch: 6 | loss: 1.0670052
	speed: 0.1222s/iter; left time: 4701.6975s
	iters: 9400, epoch: 6 | loss: 1.1776730
	speed: 0.1222s/iter; left time: 4690.8459s
	iters: 9500, epoch: 6 | loss: 1.2662985
	speed: 0.1222s/iter; left time: 4679.3190s
Epoch: 6 cost time: 1169.5875856876373
Epoch: 6, Steps: 9558 | Train Loss: 1.2655402 Vali Loss: 1.3676194 Test Loss: 1.6914332
Validation loss decreased (1.495157 --> 1.367619).  Saving model ...
Updating learning rate to 3.125e-05
	iters: 100, epoch: 7 | loss: 1.1832690
	speed: 2.6548s/iter; left time: 101236.7765s
	iters: 200, epoch: 7 | loss: 0.8594516
	speed: 0.1228s/iter; left time: 4671.2370s
	iters: 300, epoch: 7 | loss: 1.4139991
	speed: 0.1227s/iter; left time: 4655.0786s
	iters: 400, epoch: 7 | loss: 1.1802201
	speed: 0.1227s/iter; left time: 4642.3055s
	iters: 500, epoch: 7 | loss: 1.2854142
	speed: 0.1228s/iter; left time: 4631.9511s
	iters: 600, epoch: 7 | loss: 1.1656828
	speed: 0.1227s/iter; left time: 4616.1365s
	iters: 700, epoch: 7 | loss: 1.3520058
	speed: 0.1227s/iter; left time: 4605.9026s
	iters: 800, epoch: 7 | loss: 1.1925772
	speed: 0.1226s/iter; left time: 4590.5340s
	iters: 900, epoch: 7 | loss: 1.2442141
	speed: 0.1226s/iter; left time: 4578.5978s
	iters: 1000, epoch: 7 | loss: 1.2444110
	speed: 0.1225s/iter; left time: 4561.8161s
	iters: 1100, epoch: 7 | loss: 1.1197913
	speed: 0.1227s/iter; left time: 4555.2572s
	iters: 1200, epoch: 7 | loss: 1.0395194
	speed: 0.1225s/iter; left time: 4534.9138s
	iters: 1300, epoch: 7 | loss: 1.1301219
	speed: 0.1223s/iter; left time: 4518.7279s
	iters: 1400, epoch: 7 | loss: 1.1264124
	speed: 0.1225s/iter; left time: 4510.2267s
	iters: 1500, epoch: 7 | loss: 1.1025641
	speed: 0.1224s/iter; left time: 4494.9216s
	iters: 1600, epoch: 7 | loss: 1.1565253
	speed: 0.1223s/iter; left time: 4481.4650s
	iters: 1700, epoch: 7 | loss: 1.0685511
	speed: 0.1223s/iter; left time: 4469.6544s
	iters: 1800, epoch: 7 | loss: 1.2973081
	speed: 0.1223s/iter; left time: 4456.8023s
	iters: 1900, epoch: 7 | loss: 0.9873473
	speed: 0.1224s/iter; left time: 4445.7843s
	iters: 2000, epoch: 7 | loss: 1.2890556
	speed: 0.1223s/iter; left time: 4433.0249s
	iters: 2100, epoch: 7 | loss: 1.2684730
	speed: 0.1223s/iter; left time: 4420.7364s
	iters: 2200, epoch: 7 | loss: 1.2148083
	speed: 0.1223s/iter; left time: 4408.1065s
	iters: 2300, epoch: 7 | loss: 1.1247811
	speed: 0.1223s/iter; left time: 4396.3650s
	iters: 2400, epoch: 7 | loss: 1.3041137
	speed: 0.1223s/iter; left time: 4384.0353s
	iters: 2500, epoch: 7 | loss: 1.2120092
	speed: 0.1223s/iter; left time: 4371.0177s
	iters: 2600, epoch: 7 | loss: 1.2038776
	speed: 0.1223s/iter; left time: 4358.7357s
	iters: 2700, epoch: 7 | loss: 1.2829254
	speed: 0.1223s/iter; left time: 4346.5791s
	iters: 2800, epoch: 7 | loss: 1.4233140
	speed: 0.1224s/iter; left time: 4337.1934s
	iters: 2900, epoch: 7 | loss: 1.0498743
	speed: 0.1223s/iter; left time: 4322.9284s
	iters: 3000, epoch: 7 | loss: 1.1103286
	speed: 0.1223s/iter; left time: 4310.0007s
	iters: 3100, epoch: 7 | loss: 1.3062849
	speed: 0.1223s/iter; left time: 4297.5395s
	iters: 3200, epoch: 7 | loss: 1.0467330
	speed: 0.1223s/iter; left time: 4285.7153s
	iters: 3300, epoch: 7 | loss: 1.2583411
	speed: 0.1223s/iter; left time: 4272.9779s
	iters: 3400, epoch: 7 | loss: 1.4529264
	speed: 0.1223s/iter; left time: 4260.5592s
	iters: 3500, epoch: 7 | loss: 1.1467146
	speed: 0.1223s/iter; left time: 4247.6561s
	iters: 3600, epoch: 7 | loss: 1.1875408
	speed: 0.1224s/iter; left time: 4237.6595s
	iters: 3700, epoch: 7 | loss: 0.9503703
	speed: 0.1223s/iter; left time: 4225.0294s
	iters: 3800, epoch: 7 | loss: 0.9744326
	speed: 0.1223s/iter; left time: 4212.6311s
	iters: 3900, epoch: 7 | loss: 0.9973316
	speed: 0.1223s/iter; left time: 4199.6490s
	iters: 4000, epoch: 7 | loss: 1.0597349
	speed: 0.1223s/iter; left time: 4186.7903s
	iters: 4100, epoch: 7 | loss: 1.1804987
	speed: 0.1223s/iter; left time: 4174.9237s
	iters: 4200, epoch: 7 | loss: 1.0760250
	speed: 0.1223s/iter; left time: 4163.0060s
	iters: 4300, epoch: 7 | loss: 1.0503796
	speed: 0.1223s/iter; left time: 4150.3621s
	iters: 4400, epoch: 7 | loss: 1.1554352
	speed: 0.1223s/iter; left time: 4138.2875s
	iters: 4500, epoch: 7 | loss: 1.2936714
	speed: 0.1223s/iter; left time: 4126.2474s
	iters: 4600, epoch: 7 | loss: 1.2662374
	speed: 0.1227s/iter; left time: 4125.9007s
	iters: 4700, epoch: 7 | loss: 1.2498000
	speed: 0.1228s/iter; left time: 4117.0591s
	iters: 4800, epoch: 7 | loss: 1.1224838
	speed: 0.1227s/iter; left time: 4103.7536s
	iters: 4900, epoch: 7 | loss: 1.1693543
	speed: 0.1228s/iter; left time: 4092.8719s
	iters: 5000, epoch: 7 | loss: 1.4342626
	speed: 0.1227s/iter; left time: 4078.7215s
	iters: 5100, epoch: 7 | loss: 1.0548970
	speed: 0.1227s/iter; left time: 4066.3448s
	iters: 5200, epoch: 7 | loss: 1.1136944
	speed: 0.1227s/iter; left time: 4054.1221s
	iters: 5300, epoch: 7 | loss: 1.4485093
	speed: 0.1228s/iter; left time: 4042.7134s
	iters: 5400, epoch: 7 | loss: 1.0691820
	speed: 0.1228s/iter; left time: 4030.4459s
	iters: 5500, epoch: 7 | loss: 1.1897217
	speed: 0.1227s/iter; left time: 4014.8602s
	iters: 5600, epoch: 7 | loss: 1.3758224
	speed: 0.1223s/iter; left time: 3992.5677s
	iters: 5700, epoch: 7 | loss: 1.1734754
	speed: 0.1223s/iter; left time: 3979.0712s
	iters: 5800, epoch: 7 | loss: 1.0422784
	speed: 0.1223s/iter; left time: 3967.8947s
	iters: 5900, epoch: 7 | loss: 0.7926887
	speed: 0.1223s/iter; left time: 3954.6387s
	iters: 6000, epoch: 7 | loss: 1.2225828
	speed: 0.1223s/iter; left time: 3942.1378s
	iters: 6100, epoch: 7 | loss: 1.0536215
	speed: 0.1223s/iter; left time: 3930.0165s
	iters: 6200, epoch: 7 | loss: 1.2003241
	speed: 0.1223s/iter; left time: 3918.0752s
	iters: 6300, epoch: 7 | loss: 1.1374230
	speed: 0.1223s/iter; left time: 3905.2841s
	iters: 6400, epoch: 7 | loss: 1.3558618
	speed: 0.1223s/iter; left time: 3893.3674s
	iters: 6500, epoch: 7 | loss: 1.2103666
	speed: 0.1223s/iter; left time: 3880.2086s
	iters: 6600, epoch: 7 | loss: 1.1478312
	speed: 0.1223s/iter; left time: 3869.1794s
	iters: 6700, epoch: 7 | loss: 1.4568511
	speed: 0.1224s/iter; left time: 3858.2906s
	iters: 6800, epoch: 7 | loss: 1.0555154
	speed: 0.1223s/iter; left time: 3845.3953s
	iters: 6900, epoch: 7 | loss: 1.1738416
	speed: 0.1223s/iter; left time: 3832.1481s
	iters: 7000, epoch: 7 | loss: 1.0989721
	speed: 0.1223s/iter; left time: 3819.1688s
	iters: 7100, epoch: 7 | loss: 1.0370386
	speed: 0.1223s/iter; left time: 3808.5542s
	iters: 7200, epoch: 7 | loss: 1.0867964
	speed: 0.1223s/iter; left time: 3794.7034s
	iters: 7300, epoch: 7 | loss: 1.1138849
	speed: 0.1223s/iter; left time: 3782.5852s
	iters: 7400, epoch: 7 | loss: 0.9876870
	speed: 0.1223s/iter; left time: 3770.8431s
	iters: 7500, epoch: 7 | loss: 1.0278372
	speed: 0.1223s/iter; left time: 3759.0503s
	iters: 7600, epoch: 7 | loss: 1.3155247
	speed: 0.1223s/iter; left time: 3746.2406s
	iters: 7700, epoch: 7 | loss: 1.0586004
	speed: 0.1223s/iter; left time: 3734.0416s
	iters: 7800, epoch: 7 | loss: 1.2196600
	speed: 0.1223s/iter; left time: 3722.2251s
	iters: 7900, epoch: 7 | loss: 0.9790573
	speed: 0.1223s/iter; left time: 3710.2098s
	iters: 8000, epoch: 7 | loss: 1.1989182
	speed: 0.1223s/iter; left time: 3698.4290s
	iters: 8100, epoch: 7 | loss: 1.1647414
	speed: 0.1223s/iter; left time: 3686.3268s
	iters: 8200, epoch: 7 | loss: 1.0997049
	speed: 0.1223s/iter; left time: 3674.3622s
	iters: 8300, epoch: 7 | loss: 0.9936773
	speed: 0.1223s/iter; left time: 3661.5747s
	iters: 8400, epoch: 7 | loss: 1.0386236
	speed: 0.1223s/iter; left time: 3649.4899s
	iters: 8500, epoch: 7 | loss: 1.1234134
	speed: 0.1223s/iter; left time: 3637.3190s
	iters: 8600, epoch: 7 | loss: 1.2580079
	speed: 0.1223s/iter; left time: 3624.7193s
	iters: 8700, epoch: 7 | loss: 1.2290777
	speed: 0.1223s/iter; left time: 3612.2123s
	iters: 8800, epoch: 7 | loss: 1.1690677
	speed: 0.1223s/iter; left time: 3600.8708s
	iters: 8900, epoch: 7 | loss: 1.2545053
	speed: 0.1223s/iter; left time: 3588.6445s
	iters: 9000, epoch: 7 | loss: 1.1640066
	speed: 0.1223s/iter; left time: 3576.5185s
	iters: 9100, epoch: 7 | loss: 1.1393844
	speed: 0.1223s/iter; left time: 3563.8078s
	iters: 9200, epoch: 7 | loss: 1.1202979
	speed: 0.1227s/iter; left time: 3563.5350s
	iters: 9300, epoch: 7 | loss: 0.9913829
	speed: 0.1228s/iter; left time: 3551.8652s
	iters: 9400, epoch: 7 | loss: 1.2111535
	speed: 0.1228s/iter; left time: 3539.6753s
	iters: 9500, epoch: 7 | loss: 1.2323607
	speed: 0.1225s/iter; left time: 3521.2251s
Epoch: 7 cost time: 1170.670752286911
Epoch: 7, Steps: 9558 | Train Loss: 1.1495984 Vali Loss: 1.2320272 Test Loss: 1.5680254
Validation loss decreased (1.367619 --> 1.232027).  Saving model ...
Updating learning rate to 1.5625e-05
	iters: 100, epoch: 8 | loss: 1.0076281
	speed: 2.6592s/iter; left time: 75985.4083s
	iters: 200, epoch: 8 | loss: 1.4046314
	speed: 0.1224s/iter; left time: 3486.3433s
	iters: 300, epoch: 8 | loss: 1.2891070
	speed: 0.1224s/iter; left time: 3473.6287s
	iters: 400, epoch: 8 | loss: 1.2546163
	speed: 0.1224s/iter; left time: 3460.8975s
	iters: 500, epoch: 8 | loss: 1.1287550
	speed: 0.1224s/iter; left time: 3448.6743s
	iters: 600, epoch: 8 | loss: 1.1458020
	speed: 0.1225s/iter; left time: 3438.9977s
	iters: 700, epoch: 8 | loss: 1.1719705
	speed: 0.1225s/iter; left time: 3426.0370s
	iters: 800, epoch: 8 | loss: 0.9378844
	speed: 0.1224s/iter; left time: 3412.8386s
	iters: 900, epoch: 8 | loss: 1.0297906
	speed: 0.1224s/iter; left time: 3398.9420s
	iters: 1000, epoch: 8 | loss: 1.2100401
	speed: 0.1224s/iter; left time: 3388.3525s
	iters: 1100, epoch: 8 | loss: 1.2271409
	speed: 0.1225s/iter; left time: 3377.1182s
	iters: 1200, epoch: 8 | loss: 0.9644508
	speed: 0.1224s/iter; left time: 3363.9946s
	iters: 1300, epoch: 8 | loss: 1.2844301
	speed: 0.1224s/iter; left time: 3349.9484s
	iters: 1400, epoch: 8 | loss: 1.0509096
	speed: 0.1224s/iter; left time: 3339.4642s
	iters: 1500, epoch: 8 | loss: 1.1068048
	speed: 0.1225s/iter; left time: 3327.6219s
	iters: 1600, epoch: 8 | loss: 1.4074347
	speed: 0.1224s/iter; left time: 3314.2226s
	iters: 1700, epoch: 8 | loss: 1.0735099
	speed: 0.1224s/iter; left time: 3301.6087s
	iters: 1800, epoch: 8 | loss: 1.0446217
	speed: 0.1224s/iter; left time: 3289.9776s
	iters: 1900, epoch: 8 | loss: 1.0510970
	speed: 0.1224s/iter; left time: 3277.2987s
	iters: 2000, epoch: 8 | loss: 1.0314919
	speed: 0.1224s/iter; left time: 3264.0032s
	iters: 2100, epoch: 8 | loss: 0.9767020
	speed: 0.1224s/iter; left time: 3251.7839s
	iters: 2200, epoch: 8 | loss: 1.3252724
	speed: 0.1223s/iter; left time: 3239.0715s
	iters: 2300, epoch: 8 | loss: 1.0391644
	speed: 0.1224s/iter; left time: 3227.4982s
	iters: 2400, epoch: 8 | loss: 1.1204242
	speed: 0.1224s/iter; left time: 3215.8912s
	iters: 2500, epoch: 8 | loss: 1.0106257
	speed: 0.1224s/iter; left time: 3202.7864s
	iters: 2600, epoch: 8 | loss: 1.1753713
	speed: 0.1224s/iter; left time: 3191.7070s
	iters: 2700, epoch: 8 | loss: 1.0776827
	speed: 0.1224s/iter; left time: 3179.6053s
	iters: 2800, epoch: 8 | loss: 1.0012262
	speed: 0.1224s/iter; left time: 3166.8153s
	iters: 2900, epoch: 8 | loss: 1.0554360
	speed: 0.1224s/iter; left time: 3155.0619s
	iters: 3000, epoch: 8 | loss: 1.0313656
	speed: 0.1224s/iter; left time: 3142.4973s
	iters: 3100, epoch: 8 | loss: 1.0181837
	speed: 0.1224s/iter; left time: 3130.5778s
	iters: 3200, epoch: 8 | loss: 1.2833618
	speed: 0.1224s/iter; left time: 3118.2295s
	iters: 3300, epoch: 8 | loss: 0.9966093
	speed: 0.1224s/iter; left time: 3105.7066s
	iters: 3400, epoch: 8 | loss: 1.2736894
	speed: 0.1224s/iter; left time: 3093.2501s
	iters: 3500, epoch: 8 | loss: 1.1006237
	speed: 0.1224s/iter; left time: 3081.3991s
	iters: 3600, epoch: 8 | loss: 1.1566100
	speed: 0.1224s/iter; left time: 3068.8887s
	iters: 3700, epoch: 8 | loss: 1.1576236
	speed: 0.1224s/iter; left time: 3056.3712s
	iters: 3800, epoch: 8 | loss: 1.0074581
	speed: 0.1224s/iter; left time: 3044.1016s
	iters: 3900, epoch: 8 | loss: 1.0257704
	speed: 0.1224s/iter; left time: 3031.5420s
	iters: 4000, epoch: 8 | loss: 1.0123399
	speed: 0.1224s/iter; left time: 3019.8398s
	iters: 4100, epoch: 8 | loss: 1.3365275
	speed: 0.1224s/iter; left time: 3007.1484s
	iters: 4200, epoch: 8 | loss: 1.4357167
	speed: 0.1224s/iter; left time: 2994.5528s
	iters: 4300, epoch: 8 | loss: 1.1466311
	speed: 0.1224s/iter; left time: 2982.3510s
	iters: 4400, epoch: 8 | loss: 1.1405820
	speed: 0.1224s/iter; left time: 2970.3191s
	iters: 4500, epoch: 8 | loss: 1.1521538
	speed: 0.1224s/iter; left time: 2958.1147s
	iters: 4600, epoch: 8 | loss: 0.9248166
	speed: 0.1224s/iter; left time: 2946.2030s
	iters: 4700, epoch: 8 | loss: 0.9967587
	speed: 0.1224s/iter; left time: 2934.1981s
	iters: 4800, epoch: 8 | loss: 0.9545504
	speed: 0.1223s/iter; left time: 2921.0738s
	iters: 4900, epoch: 8 | loss: 0.9891035
	speed: 0.1224s/iter; left time: 2910.1445s
	iters: 5000, epoch: 8 | loss: 0.8908581
	speed: 0.1223s/iter; left time: 2896.5207s
	iters: 5100, epoch: 8 | loss: 1.0400105
	speed: 0.1223s/iter; left time: 2884.1274s
	iters: 5200, epoch: 8 | loss: 1.3166460
	speed: 0.1223s/iter; left time: 2871.9965s
	iters: 5300, epoch: 8 | loss: 0.8794293
	speed: 0.1223s/iter; left time: 2859.7095s
	iters: 5400, epoch: 8 | loss: 1.3234228
	speed: 0.1224s/iter; left time: 2848.1324s
	iters: 5500, epoch: 8 | loss: 1.1852490
	speed: 0.1224s/iter; left time: 2835.8056s
	iters: 5600, epoch: 8 | loss: 1.0468988
	speed: 0.1223s/iter; left time: 2822.5889s
	iters: 5700, epoch: 8 | loss: 1.1129521
	speed: 0.1223s/iter; left time: 2810.7756s
	iters: 5800, epoch: 8 | loss: 0.8993499
	speed: 0.1224s/iter; left time: 2799.8386s
	iters: 5900, epoch: 8 | loss: 1.1890758
	speed: 0.1223s/iter; left time: 2785.7009s
	iters: 6000, epoch: 8 | loss: 1.1660986
	speed: 0.1224s/iter; left time: 2774.9969s
	iters: 6100, epoch: 8 | loss: 1.2249657
	speed: 0.1224s/iter; left time: 2762.0581s
	iters: 6200, epoch: 8 | loss: 0.9210520
	speed: 0.1224s/iter; left time: 2750.5403s
	iters: 6300, epoch: 8 | loss: 1.1894251
	speed: 0.1224s/iter; left time: 2737.6724s
	iters: 6400, epoch: 8 | loss: 1.1460503
	speed: 0.1223s/iter; left time: 2725.1658s
	iters: 6500, epoch: 8 | loss: 0.8903389
	speed: 0.1223s/iter; left time: 2712.8914s
	iters: 6600, epoch: 8 | loss: 1.1500641
	speed: 0.1223s/iter; left time: 2700.7762s
	iters: 6700, epoch: 8 | loss: 0.9172772
	speed: 0.1224s/iter; left time: 2689.0164s
	iters: 6800, epoch: 8 | loss: 1.1847310
	speed: 0.1223s/iter; left time: 2675.5374s
	iters: 6900, epoch: 8 | loss: 1.2920128
	speed: 0.1223s/iter; left time: 2664.0411s
	iters: 7000, epoch: 8 | loss: 1.1887552
	speed: 0.1223s/iter; left time: 2650.6124s
	iters: 7100, epoch: 8 | loss: 1.1268177
	speed: 0.1223s/iter; left time: 2638.0278s
	iters: 7200, epoch: 8 | loss: 0.9916942
	speed: 0.1223s/iter; left time: 2625.9766s
	iters: 7300, epoch: 8 | loss: 0.9807088
	speed: 0.1223s/iter; left time: 2613.3431s
	iters: 7400, epoch: 8 | loss: 1.0410304
	speed: 0.1222s/iter; left time: 2600.8199s
	iters: 7500, epoch: 8 | loss: 1.1771332
	speed: 0.1223s/iter; left time: 2589.1573s
	iters: 7600, epoch: 8 | loss: 1.0766234
	speed: 0.1222s/iter; left time: 2576.2693s
	iters: 7700, epoch: 8 | loss: 0.7938405
	speed: 0.1222s/iter; left time: 2563.3738s
	iters: 7800, epoch: 8 | loss: 1.3907651
	speed: 0.1222s/iter; left time: 2551.0710s
	iters: 7900, epoch: 8 | loss: 0.9312851
	speed: 0.1222s/iter; left time: 2539.0665s
	iters: 8000, epoch: 8 | loss: 0.9280605
	speed: 0.1222s/iter; left time: 2526.4923s
	iters: 8100, epoch: 8 | loss: 1.2683634
	speed: 0.1222s/iter; left time: 2514.5241s
	iters: 8200, epoch: 8 | loss: 1.0899776
	speed: 0.1222s/iter; left time: 2501.6029s
	iters: 8300, epoch: 8 | loss: 1.1722895
	speed: 0.1222s/iter; left time: 2490.2339s
	iters: 8400, epoch: 8 | loss: 1.0888901
	speed: 0.1222s/iter; left time: 2478.2104s
	iters: 8500, epoch: 8 | loss: 1.2702131
	speed: 0.1222s/iter; left time: 2465.2895s
	iters: 8600, epoch: 8 | loss: 1.1354135
	speed: 0.1223s/iter; left time: 2455.4119s
	iters: 8700, epoch: 8 | loss: 1.3237654
	speed: 0.1224s/iter; left time: 2444.1674s
	iters: 8800, epoch: 8 | loss: 1.0742263
	speed: 0.1224s/iter; left time: 2432.4024s
	iters: 8900, epoch: 8 | loss: 1.2218246
	speed: 0.1224s/iter; left time: 2419.6429s
	iters: 9000, epoch: 8 | loss: 1.2283990
	speed: 0.1224s/iter; left time: 2407.3267s
	iters: 9100, epoch: 8 | loss: 1.1965650
	speed: 0.1223s/iter; left time: 2394.5363s
	iters: 9200, epoch: 8 | loss: 1.1664115
	speed: 0.1223s/iter; left time: 2382.4041s
	iters: 9300, epoch: 8 | loss: 1.2960974
	speed: 0.1223s/iter; left time: 2370.0235s
	iters: 9400, epoch: 8 | loss: 1.0988667
	speed: 0.1223s/iter; left time: 2357.8586s
	iters: 9500, epoch: 8 | loss: 1.2735026
	speed: 0.1224s/iter; left time: 2346.1060s
Epoch: 8 cost time: 1169.973972082138
Epoch: 8, Steps: 9558 | Train Loss: 1.1067680 Vali Loss: 1.2377933 Test Loss: 1.6203228
EarlyStopping counter: 1 out of 3
Updating learning rate to 7.8125e-06
	iters: 100, epoch: 9 | loss: 1.2965039
	speed: 2.6586s/iter; left time: 50557.8366s
	iters: 200, epoch: 9 | loss: 0.9871069
	speed: 0.1224s/iter; left time: 2315.6261s
	iters: 300, epoch: 9 | loss: 1.0147173
	speed: 0.1224s/iter; left time: 2302.8887s
	iters: 400, epoch: 9 | loss: 1.1252888
	speed: 0.1224s/iter; left time: 2291.5531s
	iters: 500, epoch: 9 | loss: 1.2348156
	speed: 0.1225s/iter; left time: 2280.4828s
	iters: 600, epoch: 9 | loss: 0.9641795
	speed: 0.1224s/iter; left time: 2267.2083s
	iters: 700, epoch: 9 | loss: 1.0524077
	speed: 0.1224s/iter; left time: 2254.5531s
	iters: 800, epoch: 9 | loss: 1.0435432
	speed: 0.1224s/iter; left time: 2242.6275s
	iters: 900, epoch: 9 | loss: 0.8796039
	speed: 0.1224s/iter; left time: 2229.6769s
	iters: 1000, epoch: 9 | loss: 1.0097195
	speed: 0.1225s/iter; left time: 2218.7380s
	iters: 1100, epoch: 9 | loss: 0.9979359
	speed: 0.1224s/iter; left time: 2204.9961s
	iters: 1200, epoch: 9 | loss: 1.1347587
	speed: 0.1224s/iter; left time: 2192.2356s
	iters: 1300, epoch: 9 | loss: 1.0243393
	speed: 0.1224s/iter; left time: 2179.9395s
	iters: 1400, epoch: 9 | loss: 0.9792556
	speed: 0.1225s/iter; left time: 2169.4773s
	iters: 1500, epoch: 9 | loss: 1.1912311
	speed: 0.1224s/iter; left time: 2155.6698s
	iters: 1600, epoch: 9 | loss: 0.9659085
	speed: 0.1223s/iter; left time: 2142.7794s
	iters: 1700, epoch: 9 | loss: 0.9469551
	speed: 0.1223s/iter; left time: 2130.6846s
	iters: 1800, epoch: 9 | loss: 1.3101634
	speed: 0.1224s/iter; left time: 2118.7730s
	iters: 1900, epoch: 9 | loss: 0.9902421
	speed: 0.1223s/iter; left time: 2106.2116s
	iters: 2000, epoch: 9 | loss: 1.1741328
	speed: 0.1223s/iter; left time: 2093.4706s
	iters: 2100, epoch: 9 | loss: 1.0858524
	speed: 0.1223s/iter; left time: 2080.8441s
	iters: 2200, epoch: 9 | loss: 1.0459758
	speed: 0.1223s/iter; left time: 2069.1841s
	iters: 2300, epoch: 9 | loss: 1.2872442
	speed: 0.1226s/iter; left time: 2061.6151s
	iters: 2400, epoch: 9 | loss: 1.6997733
	speed: 0.1228s/iter; left time: 2052.5131s
	iters: 2500, epoch: 9 | loss: 0.8334845
	speed: 0.1228s/iter; left time: 2040.4802s
	iters: 2600, epoch: 9 | loss: 1.0961871
	speed: 0.1228s/iter; left time: 2028.1329s
	iters: 2700, epoch: 9 | loss: 1.2118193
	speed: 0.1228s/iter; left time: 2015.8544s
	iters: 2800, epoch: 9 | loss: 1.0722260
	speed: 0.1228s/iter; left time: 2003.5830s
	iters: 2900, epoch: 9 | loss: 0.7225925
	speed: 0.1228s/iter; left time: 1990.8373s
	iters: 3000, epoch: 9 | loss: 1.0740702
	speed: 0.1228s/iter; left time: 1978.9800s
	iters: 3100, epoch: 9 | loss: 0.9837189
	speed: 0.1229s/iter; left time: 1968.3079s
	iters: 3200, epoch: 9 | loss: 1.2266991
	speed: 0.1228s/iter; left time: 1954.2971s
	iters: 3300, epoch: 9 | loss: 1.0776479
	speed: 0.1228s/iter; left time: 1942.0775s
	iters: 3400, epoch: 9 | loss: 1.1433681
	speed: 0.1228s/iter; left time: 1929.5727s
	iters: 3500, epoch: 9 | loss: 1.3097942
	speed: 0.1228s/iter; left time: 1917.8520s
	iters: 3600, epoch: 9 | loss: 1.1301075
	speed: 0.1228s/iter; left time: 1905.0960s
	iters: 3700, epoch: 9 | loss: 1.0744690
	speed: 0.1228s/iter; left time: 1892.6336s
	iters: 3800, epoch: 9 | loss: 1.0879023
	speed: 0.1228s/iter; left time: 1880.5080s
	iters: 3900, epoch: 9 | loss: 1.0573542
	speed: 0.1228s/iter; left time: 1868.7163s
	iters: 4000, epoch: 9 | loss: 0.9486058
	speed: 0.1228s/iter; left time: 1856.3036s
	iters: 4100, epoch: 9 | loss: 1.0596231
	speed: 0.1228s/iter; left time: 1843.8425s
	iters: 4200, epoch: 9 | loss: 1.1379744
	speed: 0.1228s/iter; left time: 1831.3175s
	iters: 4300, epoch: 9 | loss: 1.0343683
	speed: 0.1228s/iter; left time: 1819.4415s
	iters: 4400, epoch: 9 | loss: 1.0588053
	speed: 0.1228s/iter; left time: 1807.3199s
	iters: 4500, epoch: 9 | loss: 1.2828723
	speed: 0.1228s/iter; left time: 1794.4891s
	iters: 4600, epoch: 9 | loss: 1.1202272
	speed: 0.1228s/iter; left time: 1782.1348s
	iters: 4700, epoch: 9 | loss: 1.0346169
	speed: 0.1228s/iter; left time: 1770.2098s
	iters: 4800, epoch: 9 | loss: 1.0397576
	speed: 0.1228s/iter; left time: 1758.0625s
	iters: 4900, epoch: 9 | loss: 1.0623049
	speed: 0.1228s/iter; left time: 1745.3681s
	iters: 5000, epoch: 9 | loss: 1.2363995
	speed: 0.1227s/iter; left time: 1732.7880s
	iters: 5100, epoch: 9 | loss: 0.9410555
	speed: 0.1227s/iter; left time: 1720.4269s
	iters: 5200, epoch: 9 | loss: 1.2663108
	speed: 0.1228s/iter; left time: 1708.3761s
	iters: 5300, epoch: 9 | loss: 1.3006619
	speed: 0.1228s/iter; left time: 1696.2972s
	iters: 5400, epoch: 9 | loss: 1.3410383
	speed: 0.1228s/iter; left time: 1683.9619s
	iters: 5500, epoch: 9 | loss: 1.0099199
	speed: 0.1227s/iter; left time: 1671.4182s
	iters: 5600, epoch: 9 | loss: 1.0644897
	speed: 0.1227s/iter; left time: 1658.5728s
	iters: 5700, epoch: 9 | loss: 1.1600357
	speed: 0.1223s/iter; left time: 1641.3826s
	iters: 5800, epoch: 9 | loss: 0.8969853
	speed: 0.1223s/iter; left time: 1628.8038s
	iters: 5900, epoch: 9 | loss: 1.0717882
	speed: 0.1223s/iter; left time: 1616.5270s
	iters: 6000, epoch: 9 | loss: 1.0485420
	speed: 0.1223s/iter; left time: 1604.3047s
	iters: 6100, epoch: 9 | loss: 1.3062931
	speed: 0.1223s/iter; left time: 1592.3572s
	iters: 6200, epoch: 9 | loss: 0.9750425
	speed: 0.1223s/iter; left time: 1579.7652s
	iters: 6300, epoch: 9 | loss: 1.1429985
	speed: 0.1225s/iter; left time: 1570.4222s
	iters: 6400, epoch: 9 | loss: 1.0154741
	speed: 0.1227s/iter; left time: 1560.8128s
	iters: 6500, epoch: 9 | loss: 1.0958623
	speed: 0.1228s/iter; left time: 1548.7681s
	iters: 6600, epoch: 9 | loss: 1.1003265
	speed: 0.1228s/iter; left time: 1536.6425s
	iters: 6700, epoch: 9 | loss: 1.1521231
	speed: 0.1227s/iter; left time: 1524.0452s
	iters: 6800, epoch: 9 | loss: 1.0121697
	speed: 0.1227s/iter; left time: 1511.7022s
	iters: 6900, epoch: 9 | loss: 1.1774776
	speed: 0.1227s/iter; left time: 1499.4478s
	iters: 7000, epoch: 9 | loss: 0.9305032
	speed: 0.1228s/iter; left time: 1487.4307s
	iters: 7100, epoch: 9 | loss: 1.0219212
	speed: 0.1227s/iter; left time: 1474.7817s
	iters: 7200, epoch: 9 | loss: 0.8711953
	speed: 0.1227s/iter; left time: 1462.6644s
	iters: 7300, epoch: 9 | loss: 1.2903367
	speed: 0.1226s/iter; left time: 1448.9868s
	iters: 7400, epoch: 9 | loss: 1.0692152
	speed: 0.1224s/iter; left time: 1433.5913s
	iters: 7500, epoch: 9 | loss: 0.9168395
	speed: 0.1223s/iter; left time: 1420.9844s
	iters: 7600, epoch: 9 | loss: 1.3843511
	speed: 0.1223s/iter; left time: 1408.6001s
	iters: 7700, epoch: 9 | loss: 1.1240082
	speed: 0.1223s/iter; left time: 1396.5174s
	iters: 7800, epoch: 9 | loss: 1.1376992
	speed: 0.1223s/iter; left time: 1384.6308s
	iters: 7900, epoch: 9 | loss: 1.0718206
	speed: 0.1223s/iter; left time: 1372.0930s
	iters: 8000, epoch: 9 | loss: 0.9404011
	speed: 0.1223s/iter; left time: 1359.5255s
	iters: 8100, epoch: 9 | loss: 1.0305756
	speed: 0.1223s/iter; left time: 1347.4297s
	iters: 8200, epoch: 9 | loss: 1.0820688
	speed: 0.1223s/iter; left time: 1335.5047s
	iters: 8300, epoch: 9 | loss: 1.1442089
	speed: 0.1223s/iter; left time: 1323.3052s
	iters: 8400, epoch: 9 | loss: 1.1442544
	speed: 0.1223s/iter; left time: 1311.1067s
	iters: 8500, epoch: 9 | loss: 1.1842898
	speed: 0.1223s/iter; left time: 1298.5248s
	iters: 8600, epoch: 9 | loss: 1.1595367
	speed: 0.1223s/iter; left time: 1286.1914s
	iters: 8700, epoch: 9 | loss: 1.0564784
	speed: 0.1223s/iter; left time: 1274.3235s
	iters: 8800, epoch: 9 | loss: 1.0996100
	speed: 0.1226s/iter; left time: 1264.9864s
	iters: 8900, epoch: 9 | loss: 1.4290246
	speed: 0.1227s/iter; left time: 1253.9122s
	iters: 9000, epoch: 9 | loss: 1.1736809
	speed: 0.1227s/iter; left time: 1241.4559s
	iters: 9100, epoch: 9 | loss: 0.9839267
	speed: 0.1227s/iter; left time: 1229.4590s
	iters: 9200, epoch: 9 | loss: 1.1770808
	speed: 0.1227s/iter; left time: 1217.2657s
	iters: 9300, epoch: 9 | loss: 1.0489311
	speed: 0.1227s/iter; left time: 1204.7154s
	iters: 9400, epoch: 9 | loss: 1.2184688
	speed: 0.1225s/iter; left time: 1190.3013s
	iters: 9500, epoch: 9 | loss: 1.2595410
	speed: 0.1225s/iter; left time: 1177.6379s
Epoch: 9 cost time: 1172.0263361930847
Epoch: 9, Steps: 9558 | Train Loss: 1.0930240 Vali Loss: 1.2090676 Test Loss: 1.6240197
Validation loss decreased (1.232027 --> 1.209068).  Saving model ...
Updating learning rate to 3.90625e-06
	iters: 100, epoch: 10 | loss: 1.1250967
	speed: 2.6249s/iter; left time: 24828.9549s
	iters: 200, epoch: 10 | loss: 0.9739227
	speed: 0.1228s/iter; left time: 1149.0419s
	iters: 300, epoch: 10 | loss: 1.2313321
	speed: 0.1227s/iter; left time: 1136.3276s
	iters: 400, epoch: 10 | loss: 1.2371414
	speed: 0.1227s/iter; left time: 1124.0172s
	iters: 500, epoch: 10 | loss: 0.8960817
	speed: 0.1227s/iter; left time: 1111.3883s
	iters: 600, epoch: 10 | loss: 0.7345542
	speed: 0.1227s/iter; left time: 1099.6657s
	iters: 700, epoch: 10 | loss: 0.8913751
	speed: 0.1228s/iter; left time: 1087.5361s
	iters: 800, epoch: 10 | loss: 1.3294034
	speed: 0.1227s/iter; left time: 1075.0271s
	iters: 900, epoch: 10 | loss: 1.0139333
	speed: 0.1227s/iter; left time: 1062.8142s
	iters: 1000, epoch: 10 | loss: 1.6366584
	speed: 0.1227s/iter; left time: 1049.8961s
	iters: 1100, epoch: 10 | loss: 1.2727267
	speed: 0.1224s/iter; left time: 1035.7879s
	iters: 1200, epoch: 10 | loss: 1.0432951
	speed: 0.1224s/iter; left time: 1023.1197s
	iters: 1300, epoch: 10 | loss: 1.1851444
	speed: 0.1224s/iter; left time: 1010.8793s
	iters: 1400, epoch: 10 | loss: 1.2466230
	speed: 0.1225s/iter; left time: 999.7449s
	iters: 1500, epoch: 10 | loss: 0.8947841
	speed: 0.1228s/iter; left time: 989.5946s
	iters: 1600, epoch: 10 | loss: 1.2948372
	speed: 0.1228s/iter; left time: 977.1955s
	iters: 1700, epoch: 10 | loss: 0.9415388
	speed: 0.1228s/iter; left time: 965.0000s
	iters: 1800, epoch: 10 | loss: 1.3107157
	speed: 0.1228s/iter; left time: 952.8332s
	iters: 1900, epoch: 10 | loss: 1.1696894
	speed: 0.1228s/iter; left time: 940.4389s
	iters: 2000, epoch: 10 | loss: 1.2482916
	speed: 0.1228s/iter; left time: 928.1049s
	iters: 2100, epoch: 10 | loss: 1.0435402
	speed: 0.1228s/iter; left time: 915.9408s
	iters: 2200, epoch: 10 | loss: 1.0824981
	speed: 0.1228s/iter; left time: 903.7138s
	iters: 2300, epoch: 10 | loss: 1.0925484
	speed: 0.1228s/iter; left time: 891.1804s
	iters: 2400, epoch: 10 | loss: 1.0009251
	speed: 0.1228s/iter; left time: 878.9970s
	iters: 2500, epoch: 10 | loss: 1.0203897
	speed: 0.1228s/iter; left time: 866.7225s
	iters: 2600, epoch: 10 | loss: 1.0559497
	speed: 0.1228s/iter; left time: 854.8274s
	iters: 2700, epoch: 10 | loss: 1.1299152
	speed: 0.1228s/iter; left time: 842.1304s
	iters: 2800, epoch: 10 | loss: 1.1482366
	speed: 0.1228s/iter; left time: 829.8414s
	iters: 2900, epoch: 10 | loss: 1.0035803
	speed: 0.1228s/iter; left time: 817.4175s
	iters: 3000, epoch: 10 | loss: 0.9956343
	speed: 0.1224s/iter; left time: 803.0042s
	iters: 3100, epoch: 10 | loss: 1.1197051
	speed: 0.1224s/iter; left time: 790.3067s
	iters: 3200, epoch: 10 | loss: 1.0543451
	speed: 0.1223s/iter; left time: 778.0210s
	iters: 3300, epoch: 10 | loss: 0.9242736
	speed: 0.1223s/iter; left time: 765.7482s
	iters: 3400, epoch: 10 | loss: 0.9725282
	speed: 0.1224s/iter; left time: 753.6528s
	iters: 3500, epoch: 10 | loss: 1.0341241
	speed: 0.1223s/iter; left time: 741.1825s
	iters: 3600, epoch: 10 | loss: 1.1227199
	speed: 0.1223s/iter; left time: 728.8785s
	iters: 3700, epoch: 10 | loss: 1.1016243
	speed: 0.1223s/iter; left time: 716.5719s
	iters: 3800, epoch: 10 | loss: 1.1877012
	speed: 0.1223s/iter; left time: 704.2970s
	iters: 3900, epoch: 10 | loss: 1.2481127
	speed: 0.1223s/iter; left time: 692.3266s
	iters: 4000, epoch: 10 | loss: 1.3610244
	speed: 0.1223s/iter; left time: 679.9295s
	iters: 4100, epoch: 10 | loss: 1.2704310
	speed: 0.1224s/iter; left time: 667.9351s
	iters: 4200, epoch: 10 | loss: 1.0455276
	speed: 0.1223s/iter; left time: 655.2940s
	iters: 4300, epoch: 10 | loss: 0.9661075
	speed: 0.1223s/iter; left time: 643.1784s
	iters: 4400, epoch: 10 | loss: 0.9777985
	speed: 0.1223s/iter; left time: 630.8629s
	iters: 4500, epoch: 10 | loss: 1.0881022
	speed: 0.1223s/iter; left time: 618.6440s
	iters: 4600, epoch: 10 | loss: 1.1739339
	speed: 0.1223s/iter; left time: 606.3142s
	iters: 4700, epoch: 10 | loss: 0.8468855
	speed: 0.1223s/iter; left time: 594.2150s
	iters: 4800, epoch: 10 | loss: 0.9858768
	speed: 0.1226s/iter; left time: 583.5829s
	iters: 4900, epoch: 10 | loss: 1.1231492
	speed: 0.1228s/iter; left time: 572.0380s
	iters: 5000, epoch: 10 | loss: 0.8925871
	speed: 0.1228s/iter; left time: 559.7881s
	iters: 5100, epoch: 10 | loss: 1.2908791
	speed: 0.1228s/iter; left time: 547.3855s
	iters: 5200, epoch: 10 | loss: 1.0644509
	speed: 0.1228s/iter; left time: 535.2844s
	iters: 5300, epoch: 10 | loss: 1.0046018
	speed: 0.1228s/iter; left time: 522.9143s
	iters: 5400, epoch: 10 | loss: 1.1959147
	speed: 0.1228s/iter; left time: 510.6709s
	iters: 5500, epoch: 10 | loss: 1.1498513
	speed: 0.1228s/iter; left time: 498.2589s
	iters: 5600, epoch: 10 | loss: 1.2030156
	speed: 0.1228s/iter; left time: 486.0467s
	iters: 5700, epoch: 10 | loss: 1.3668524
	speed: 0.1228s/iter; left time: 473.7525s
	iters: 5800, epoch: 10 | loss: 1.0012904
	speed: 0.1228s/iter; left time: 461.4943s
	iters: 5900, epoch: 10 | loss: 1.1587437
	speed: 0.1228s/iter; left time: 449.2244s
	iters: 6000, epoch: 10 | loss: 1.1139536
	speed: 0.1228s/iter; left time: 436.9472s
	iters: 6100, epoch: 10 | loss: 1.1893255
	speed: 0.1228s/iter; left time: 424.6469s
	iters: 6200, epoch: 10 | loss: 1.2102499
	speed: 0.1227s/iter; left time: 412.2684s
	iters: 6300, epoch: 10 | loss: 1.1970636
	speed: 0.1227s/iter; left time: 400.0181s
	iters: 6400, epoch: 10 | loss: 1.0233730
	speed: 0.1228s/iter; left time: 387.7902s
	iters: 6500, epoch: 10 | loss: 0.8999194
	speed: 0.1228s/iter; left time: 375.5090s
	iters: 6600, epoch: 10 | loss: 1.1012355
	speed: 0.1227s/iter; left time: 363.1931s
	iters: 6700, epoch: 10 | loss: 1.1817247
	speed: 0.1227s/iter; left time: 350.9309s
	iters: 6800, epoch: 10 | loss: 1.0679498
	speed: 0.1227s/iter; left time: 338.5786s
	iters: 6900, epoch: 10 | loss: 1.0553203
	speed: 0.1228s/iter; left time: 326.4509s
	iters: 7000, epoch: 10 | loss: 0.8662487
	speed: 0.1227s/iter; left time: 314.0892s
	iters: 7100, epoch: 10 | loss: 1.0180746
	speed: 0.1227s/iter; left time: 301.7646s
	iters: 7200, epoch: 10 | loss: 1.0170147
	speed: 0.1227s/iter; left time: 289.4837s
	iters: 7300, epoch: 10 | loss: 1.1912832
	speed: 0.1227s/iter; left time: 277.2743s
	iters: 7400, epoch: 10 | loss: 1.1370331
	speed: 0.1227s/iter; left time: 264.9957s
	iters: 7500, epoch: 10 | loss: 1.1506232
	speed: 0.1227s/iter; left time: 252.6621s
	iters: 7600, epoch: 10 | loss: 1.1158323
	speed: 0.1227s/iter; left time: 240.3727s
	iters: 7700, epoch: 10 | loss: 0.9394695
	speed: 0.1227s/iter; left time: 228.1344s
	iters: 7800, epoch: 10 | loss: 1.0631281
	speed: 0.1228s/iter; left time: 215.9513s
	iters: 7900, epoch: 10 | loss: 1.1519700
	speed: 0.1223s/iter; left time: 202.9509s
	iters: 8000, epoch: 10 | loss: 0.9768230
	speed: 0.1223s/iter; left time: 190.6354s
	iters: 8100, epoch: 10 | loss: 1.2034281
	speed: 0.1223s/iter; left time: 178.3933s
	iters: 8200, epoch: 10 | loss: 0.9500926
	speed: 0.1223s/iter; left time: 166.2050s
	iters: 8300, epoch: 10 | loss: 1.3447015
	speed: 0.1223s/iter; left time: 153.9631s
	iters: 8400, epoch: 10 | loss: 0.9479589
	speed: 0.1223s/iter; left time: 141.6950s
	iters: 8500, epoch: 10 | loss: 0.9659964
	speed: 0.1223s/iter; left time: 129.4704s
	iters: 8600, epoch: 10 | loss: 1.1688257
	speed: 0.1223s/iter; left time: 117.2628s
	iters: 8700, epoch: 10 | loss: 1.0834422
	speed: 0.1223s/iter; left time: 105.0374s
	iters: 8800, epoch: 10 | loss: 1.2115350
	speed: 0.1223s/iter; left time: 92.7957s
	iters: 8900, epoch: 10 | loss: 1.0729598
	speed: 0.1223s/iter; left time: 80.5644s
	iters: 9000, epoch: 10 | loss: 1.1358627
	speed: 0.1223s/iter; left time: 68.3422s
	iters: 9100, epoch: 10 | loss: 1.1103213
	speed: 0.1223s/iter; left time: 56.1240s
	iters: 9200, epoch: 10 | loss: 0.9576149
	speed: 0.1223s/iter; left time: 43.8924s
	iters: 9300, epoch: 10 | loss: 1.0101886
	speed: 0.1223s/iter; left time: 31.6667s
	iters: 9400, epoch: 10 | loss: 1.0262246
	speed: 0.1223s/iter; left time: 19.4499s
	iters: 9500, epoch: 10 | loss: 1.1311183
	speed: 0.1224s/iter; left time: 7.2201s
Epoch: 10 cost time: 1172.0773603916168
Epoch: 10, Steps: 9558 | Train Loss: 1.0888492 Vali Loss: 1.2361405 Test Loss: 1.6348213
EarlyStopping counter: 1 out of 3
Updating learning rate to 1.953125e-06
>>>>>>>testing : long_term_forecast_pems12_all_96_96_iTransformer_custom_ftM_sl96_ll48_pl96_dm512_nh8_el4_dl1_df512_fc3_ebtimeF_dtTrue_srate0.1_sseed7_trainseed2024_gap365_Exp_0<<<<<<<<<<<<<<<<<<<<<<<<<<<<<<<<<
test 361817
test shape: (36181, 1, 96, 867) (36181, 1, 96, 867)
test shape: (36181, 96, 867) (36181, 96, 867)
mse:1.624037504196167, mae:1.0016871690750122
>>>>>>>Overall time: 15188 seconds<<<<<<<<<<<<<<<<<<<<<<<<<<<<<<<<<
