Args in experiment:
Namespace(activation='gelu', anomaly_ratio=0.25, batch_size=16, c_out=130, checkpoints='./checkpoints/', d_ff=512, d_layers=1, d_model=512, data='custom', data_path='pems06_all_common_flow.csv', dec_in=130, des='Exp', devices='0,1,2,3', distil=True, dropout=0, e_layers=4, embed='timeF', enc_in=130, factor=3, features='M', freq='h', gap_day=365, gpu=0, inverse=False, is_training=1, itr=1, label_len=48, learning_rate=0.001, loss='MSE', lradj='type1', mask_rate=0.25, model='iTransformer', model_id='pems06_all_96_192', moving_avg=25, n_heads=8, num_kernels=6, num_workers=10, output_attention=False, p_hidden_dims=[128, 128], p_hidden_layers=2, patience=3, pred_len=192, root_path='../../data/pems/', samle_rate=0.1, sample_seed=7, seasonal_patterns='Monthly', seq_len=96, target='OT', task_name='long_term_forecast', top_k=5, train_epochs=10, train_seed=2024, use_amp=False, use_gpu=True, use_multi_gpu=False)
Use GPU: cuda:0
>>>>>>>start training : long_term_forecast_pems06_all_96_192_iTransformer_custom_ftM_sl96_ll48_pl192_dm512_nh8_el4_dl1_df512_fc3_ebtimeF_dtTrue_srate0.1_sseed7_trainseed2024_Exp_0>>>>>>>>>>>>>>>>>>>>>>>>>>
train 945887
val 44875
test 195058
	iters: 100, epoch: 1 | loss: 1.5735517
	speed: 0.0329s/iter; left time: 1940.5930s
	iters: 200, epoch: 1 | loss: 1.9786382
	speed: 0.0305s/iter; left time: 1797.1401s
	iters: 300, epoch: 1 | loss: 1.4430852
	speed: 0.0305s/iter; left time: 1792.1673s
	iters: 400, epoch: 1 | loss: 1.5207777
	speed: 0.0303s/iter; left time: 1780.4433s
	iters: 500, epoch: 1 | loss: 1.7906322
	speed: 0.0306s/iter; left time: 1795.0900s
	iters: 600, epoch: 1 | loss: 1.8363246
	speed: 0.0306s/iter; left time: 1791.9158s
	iters: 700, epoch: 1 | loss: 1.6140436
	speed: 0.0304s/iter; left time: 1777.2962s
	iters: 800, epoch: 1 | loss: 1.5305293
	speed: 0.0304s/iter; left time: 1774.2251s
	iters: 900, epoch: 1 | loss: 1.4227488
	speed: 0.0304s/iter; left time: 1770.9431s
	iters: 1000, epoch: 1 | loss: 1.9986905
	speed: 0.0304s/iter; left time: 1768.9969s
	iters: 1100, epoch: 1 | loss: 1.7563375
	speed: 0.0305s/iter; left time: 1771.0260s
	iters: 1200, epoch: 1 | loss: 1.5765334
	speed: 0.0304s/iter; left time: 1762.1311s
	iters: 1300, epoch: 1 | loss: 1.6542996
	speed: 0.0304s/iter; left time: 1758.3051s
	iters: 1400, epoch: 1 | loss: 2.3472667
	speed: 0.0304s/iter; left time: 1753.6882s
	iters: 1500, epoch: 1 | loss: 2.0356498
	speed: 0.0302s/iter; left time: 1740.0656s
	iters: 1600, epoch: 1 | loss: 1.5627383
	speed: 0.0304s/iter; left time: 1748.6393s
	iters: 1700, epoch: 1 | loss: 1.7823366
	speed: 0.0304s/iter; left time: 1745.0531s
	iters: 1800, epoch: 1 | loss: 1.9012104
	speed: 0.0305s/iter; left time: 1745.2946s
	iters: 1900, epoch: 1 | loss: 2.4052806
	speed: 0.0304s/iter; left time: 1738.1150s
	iters: 2000, epoch: 1 | loss: 1.7133373
	speed: 0.0304s/iter; left time: 1736.5413s
	iters: 2100, epoch: 1 | loss: 1.8317149
	speed: 0.0304s/iter; left time: 1733.0048s
	iters: 2200, epoch: 1 | loss: 1.5858493
	speed: 0.0305s/iter; left time: 1735.8582s
	iters: 2300, epoch: 1 | loss: 1.9992207
	speed: 0.0304s/iter; left time: 1727.0280s
	iters: 2400, epoch: 1 | loss: 1.3981211
	speed: 0.0306s/iter; left time: 1734.7053s
	iters: 2500, epoch: 1 | loss: 1.7589854
	speed: 0.0305s/iter; left time: 1726.6985s
	iters: 2600, epoch: 1 | loss: 1.8304572
	speed: 0.0304s/iter; left time: 1715.9503s
	iters: 2700, epoch: 1 | loss: 1.8776672
	speed: 0.0304s/iter; left time: 1716.4795s
	iters: 2800, epoch: 1 | loss: 1.8903412
	speed: 0.0303s/iter; left time: 1708.4492s
	iters: 2900, epoch: 1 | loss: 1.5130538
	speed: 0.0304s/iter; left time: 1708.9243s
	iters: 3000, epoch: 1 | loss: 1.5058405
	speed: 0.0304s/iter; left time: 1703.8942s
	iters: 3100, epoch: 1 | loss: 1.6782734
	speed: 0.0304s/iter; left time: 1701.7269s
	iters: 3200, epoch: 1 | loss: 1.7716584
	speed: 0.0304s/iter; left time: 1699.2839s
	iters: 3300, epoch: 1 | loss: 1.9093920
	speed: 0.0304s/iter; left time: 1695.0919s
	iters: 3400, epoch: 1 | loss: 1.6229501
	speed: 0.0302s/iter; left time: 1680.4218s
	iters: 3500, epoch: 1 | loss: 1.6830107
	speed: 0.0305s/iter; left time: 1696.9795s
	iters: 3600, epoch: 1 | loss: 1.7211438
	speed: 0.0302s/iter; left time: 1675.3336s
	iters: 3700, epoch: 1 | loss: 1.5309502
	speed: 0.0303s/iter; left time: 1680.1153s
	iters: 3800, epoch: 1 | loss: 2.2753620
	speed: 0.0307s/iter; left time: 1697.3532s
	iters: 3900, epoch: 1 | loss: 1.8681462
	speed: 0.0304s/iter; left time: 1677.1140s
	iters: 4000, epoch: 1 | loss: 1.6643361
	speed: 0.0304s/iter; left time: 1675.4643s
	iters: 4100, epoch: 1 | loss: 1.2995843
	speed: 0.0304s/iter; left time: 1671.8542s
	iters: 4200, epoch: 1 | loss: 1.5199864
	speed: 0.0304s/iter; left time: 1669.0353s
	iters: 4300, epoch: 1 | loss: 1.7111421
	speed: 0.0304s/iter; left time: 1665.1433s
	iters: 4400, epoch: 1 | loss: 1.5419340
	speed: 0.0304s/iter; left time: 1661.0592s
	iters: 4500, epoch: 1 | loss: 1.2836044
	speed: 0.0302s/iter; left time: 1648.2026s
	iters: 4600, epoch: 1 | loss: 1.7186978
	speed: 0.0303s/iter; left time: 1651.6123s
	iters: 4700, epoch: 1 | loss: 1.4773102
	speed: 0.0303s/iter; left time: 1648.1551s
	iters: 4800, epoch: 1 | loss: 2.0572608
	speed: 0.0304s/iter; left time: 1649.6102s
	iters: 4900, epoch: 1 | loss: 1.9446430
	speed: 0.0304s/iter; left time: 1648.1639s
	iters: 5000, epoch: 1 | loss: 1.6620852
	speed: 0.0304s/iter; left time: 1643.3260s
	iters: 5100, epoch: 1 | loss: 1.8482453
	speed: 0.0304s/iter; left time: 1640.2634s
	iters: 5200, epoch: 1 | loss: 1.9232091
	speed: 0.0304s/iter; left time: 1637.5263s
	iters: 5300, epoch: 1 | loss: 1.3172715
	speed: 0.0304s/iter; left time: 1635.9842s
	iters: 5400, epoch: 1 | loss: 2.4813509
	speed: 0.0304s/iter; left time: 1632.2927s
	iters: 5500, epoch: 1 | loss: 1.5596555
	speed: 0.0304s/iter; left time: 1629.9156s
	iters: 5600, epoch: 1 | loss: 2.1818752
	speed: 0.0304s/iter; left time: 1625.6450s
	iters: 5700, epoch: 1 | loss: 1.7724257
	speed: 0.0304s/iter; left time: 1621.8488s
	iters: 5800, epoch: 1 | loss: 1.4712491
	speed: 0.0304s/iter; left time: 1621.8419s
	iters: 5900, epoch: 1 | loss: 1.8468952
	speed: 0.0304s/iter; left time: 1615.5519s
Epoch: 1 cost time: 180.05793595314026
Epoch: 1, Steps: 5911 | Train Loss: 1.7623471 Vali Loss: 1.4513129 Test Loss: 1.2265983
Validation loss decreased (inf --> 1.451313).  Saving model ...
Updating learning rate to 0.001
	iters: 100, epoch: 2 | loss: 2.5430019
	speed: 0.8779s/iter; left time: 46615.0490s
	iters: 200, epoch: 2 | loss: 1.6409309
	speed: 0.0303s/iter; left time: 1607.8225s
	iters: 300, epoch: 2 | loss: 1.7105000
	speed: 0.0303s/iter; left time: 1603.1606s
	iters: 400, epoch: 2 | loss: 1.7902049
	speed: 0.0305s/iter; left time: 1609.1122s
	iters: 500, epoch: 2 | loss: 1.7656939
	speed: 0.0298s/iter; left time: 1570.9100s
	iters: 600, epoch: 2 | loss: 2.1680062
	speed: 0.0306s/iter; left time: 1608.4280s
	iters: 700, epoch: 2 | loss: 2.1010675
	speed: 0.0304s/iter; left time: 1598.4742s
	iters: 800, epoch: 2 | loss: 1.4592799
	speed: 0.0304s/iter; left time: 1594.3712s
	iters: 900, epoch: 2 | loss: 1.8666432
	speed: 0.0305s/iter; left time: 1596.4992s
	iters: 1000, epoch: 2 | loss: 2.5909138
	speed: 0.0303s/iter; left time: 1579.1013s
	iters: 1100, epoch: 2 | loss: 1.8538320
	speed: 0.0307s/iter; left time: 1597.6996s
	iters: 1200, epoch: 2 | loss: 1.9008341
	speed: 0.0303s/iter; left time: 1577.6187s
	iters: 1300, epoch: 2 | loss: 1.8247305
	speed: 0.0305s/iter; left time: 1582.7362s
	iters: 1400, epoch: 2 | loss: 1.8067279
	speed: 0.0313s/iter; left time: 1621.1102s
	iters: 1500, epoch: 2 | loss: 2.2123454
	speed: 0.0313s/iter; left time: 1618.1662s
	iters: 1600, epoch: 2 | loss: 1.5807347
	speed: 0.0308s/iter; left time: 1591.5007s
	iters: 1700, epoch: 2 | loss: 1.7949620
	speed: 0.0303s/iter; left time: 1560.5388s
	iters: 1800, epoch: 2 | loss: 1.6086129
	speed: 0.0304s/iter; left time: 1560.4321s
	iters: 1900, epoch: 2 | loss: 1.4973345
	speed: 0.0303s/iter; left time: 1553.5179s
	iters: 2000, epoch: 2 | loss: 1.5075828
	speed: 0.0304s/iter; left time: 1556.6223s
	iters: 2100, epoch: 2 | loss: 1.5683732
	speed: 0.0305s/iter; left time: 1558.3168s
	iters: 2200, epoch: 2 | loss: 1.8804189
	speed: 0.0307s/iter; left time: 1566.5432s
	iters: 2300, epoch: 2 | loss: 1.4319862
	speed: 0.0314s/iter; left time: 1597.2148s
	iters: 2400, epoch: 2 | loss: 1.5355450
	speed: 0.0312s/iter; left time: 1583.0284s
	iters: 2500, epoch: 2 | loss: 1.6977628
	speed: 0.0313s/iter; left time: 1586.4357s
	iters: 2600, epoch: 2 | loss: 1.6410689
	speed: 0.0315s/iter; left time: 1593.0961s
	iters: 2700, epoch: 2 | loss: 1.8491130
	speed: 0.0307s/iter; left time: 1548.1865s
	iters: 2800, epoch: 2 | loss: 1.5672933
	speed: 0.0300s/iter; left time: 1513.1686s
	iters: 2900, epoch: 2 | loss: 1.9193248
	speed: 0.0303s/iter; left time: 1522.5822s
	iters: 3000, epoch: 2 | loss: 1.6310682
	speed: 0.0299s/iter; left time: 1503.1293s
	iters: 3100, epoch: 2 | loss: 1.5799710
	speed: 0.0304s/iter; left time: 1522.5222s
	iters: 3200, epoch: 2 | loss: 1.7623776
	speed: 0.0298s/iter; left time: 1492.1987s
	iters: 3300, epoch: 2 | loss: 1.8290508
	speed: 0.0305s/iter; left time: 1522.4207s
	iters: 3400, epoch: 2 | loss: 1.8216370
	speed: 0.0305s/iter; left time: 1516.4153s
	iters: 3500, epoch: 2 | loss: 1.4017138
	speed: 0.0304s/iter; left time: 1511.9089s
	iters: 3600, epoch: 2 | loss: 1.5570813
	speed: 0.0302s/iter; left time: 1496.3512s
	iters: 3700, epoch: 2 | loss: 1.5330756
	speed: 0.0299s/iter; left time: 1481.7753s
	iters: 3800, epoch: 2 | loss: 1.9717562
	speed: 0.0303s/iter; left time: 1497.8390s
	iters: 3900, epoch: 2 | loss: 1.8444169
	speed: 0.0304s/iter; left time: 1498.3678s
	iters: 4000, epoch: 2 | loss: 2.1174326
	speed: 0.0302s/iter; left time: 1486.6312s
	iters: 4100, epoch: 2 | loss: 1.5591950
	speed: 0.0304s/iter; left time: 1493.1087s
	iters: 4200, epoch: 2 | loss: 1.6106637
	speed: 0.0305s/iter; left time: 1492.2470s
	iters: 4300, epoch: 2 | loss: 1.7296816
	speed: 0.0305s/iter; left time: 1490.1112s
	iters: 4400, epoch: 2 | loss: 1.3491443
	speed: 0.0303s/iter; left time: 1479.0933s
	iters: 4500, epoch: 2 | loss: 1.8034030
	speed: 0.0300s/iter; left time: 1462.0479s
	iters: 4600, epoch: 2 | loss: 1.7168914
	speed: 0.0304s/iter; left time: 1475.0693s
	iters: 4700, epoch: 2 | loss: 1.5202584
	speed: 0.0302s/iter; left time: 1464.2854s
	iters: 4800, epoch: 2 | loss: 1.6013381
	speed: 0.0299s/iter; left time: 1447.3472s
	iters: 4900, epoch: 2 | loss: 2.0862298
	speed: 0.0303s/iter; left time: 1462.8863s
	iters: 5000, epoch: 2 | loss: 1.8807323
	speed: 0.0301s/iter; left time: 1448.7133s
	iters: 5100, epoch: 2 | loss: 1.6232194
	speed: 0.0304s/iter; left time: 1461.1313s
	iters: 5200, epoch: 2 | loss: 1.5384315
	speed: 0.0303s/iter; left time: 1452.3316s
	iters: 5300, epoch: 2 | loss: 1.7643447
	speed: 0.0305s/iter; left time: 1461.7381s
	iters: 5400, epoch: 2 | loss: 1.6302344
	speed: 0.0302s/iter; left time: 1443.5377s
	iters: 5500, epoch: 2 | loss: 1.3908298
	speed: 0.0304s/iter; left time: 1447.7057s
	iters: 5600, epoch: 2 | loss: 1.3100375
	speed: 0.0304s/iter; left time: 1445.1166s
	iters: 5700, epoch: 2 | loss: 1.8331525
	speed: 0.0302s/iter; left time: 1434.3926s
	iters: 5800, epoch: 2 | loss: 1.6592301
	speed: 0.0301s/iter; left time: 1428.9131s
	iters: 5900, epoch: 2 | loss: 1.5574144
	speed: 0.0305s/iter; left time: 1440.5189s
Epoch: 2 cost time: 179.98312067985535
Epoch: 2, Steps: 5911 | Train Loss: 1.7668009 Vali Loss: 1.4770277 Test Loss: 1.2469420
EarlyStopping counter: 1 out of 3
Updating learning rate to 0.0005
	iters: 100, epoch: 3 | loss: 1.8955370
	speed: 0.8980s/iter; left time: 42374.6052s
	iters: 200, epoch: 3 | loss: 1.6970432
	speed: 0.0304s/iter; left time: 1430.6073s
	iters: 300, epoch: 3 | loss: 1.9713457
	speed: 0.0322s/iter; left time: 1512.9119s
	iters: 400, epoch: 3 | loss: 1.4888871
	speed: 0.0327s/iter; left time: 1531.4232s
	iters: 500, epoch: 3 | loss: 1.5355344
	speed: 0.0326s/iter; left time: 1525.8960s
	iters: 600, epoch: 3 | loss: 1.7176306
	speed: 0.0327s/iter; left time: 1527.6503s
	iters: 700, epoch: 3 | loss: 2.6816666
	speed: 0.0328s/iter; left time: 1528.9703s
	iters: 800, epoch: 3 | loss: 1.3697919
	speed: 0.0330s/iter; left time: 1532.9411s
	iters: 900, epoch: 3 | loss: 1.7768949
	speed: 0.0319s/iter; left time: 1480.9197s
	iters: 1000, epoch: 3 | loss: 1.6867881
	speed: 0.0313s/iter; left time: 1446.6824s
	iters: 1100, epoch: 3 | loss: 1.4731373
	speed: 0.0321s/iter; left time: 1481.4846s
	iters: 1200, epoch: 3 | loss: 1.4170712
	speed: 0.0321s/iter; left time: 1479.9819s
	iters: 1300, epoch: 3 | loss: 2.2926223
	speed: 0.0321s/iter; left time: 1475.2381s
	iters: 1400, epoch: 3 | loss: 1.6976886
	speed: 0.0318s/iter; left time: 1461.2818s
	iters: 1500, epoch: 3 | loss: 1.9453380
	speed: 0.0305s/iter; left time: 1396.4539s
	iters: 1600, epoch: 3 | loss: 1.5355823
	speed: 0.0305s/iter; left time: 1393.4064s
	iters: 1700, epoch: 3 | loss: 1.7334067
	speed: 0.0305s/iter; left time: 1388.2227s
	iters: 1800, epoch: 3 | loss: 2.0475769
	speed: 0.0304s/iter; left time: 1384.2127s
	iters: 1900, epoch: 3 | loss: 1.5561250
	speed: 0.0304s/iter; left time: 1380.4722s
	iters: 2000, epoch: 3 | loss: 2.0924163
	speed: 0.0303s/iter; left time: 1373.8392s
	iters: 2100, epoch: 3 | loss: 1.7029636
	speed: 0.0305s/iter; left time: 1376.3399s
	iters: 2200, epoch: 3 | loss: 1.7204318
	speed: 0.0305s/iter; left time: 1374.4762s
	iters: 2300, epoch: 3 | loss: 1.8663096
	speed: 0.0308s/iter; left time: 1384.8134s
	iters: 2400, epoch: 3 | loss: 1.9128853
	speed: 0.0304s/iter; left time: 1363.7945s
	iters: 2500, epoch: 3 | loss: 1.8034728
	speed: 0.0303s/iter; left time: 1358.7794s
	iters: 2600, epoch: 3 | loss: 1.6831267
	speed: 0.0305s/iter; left time: 1363.2466s
	iters: 2700, epoch: 3 | loss: 1.6123452
	speed: 0.0303s/iter; left time: 1352.9312s
	iters: 2800, epoch: 3 | loss: 1.6568285
	speed: 0.0304s/iter; left time: 1352.9708s
	iters: 2900, epoch: 3 | loss: 1.8965402
	speed: 0.0303s/iter; left time: 1342.9582s
	iters: 3000, epoch: 3 | loss: 1.5444000
	speed: 0.0302s/iter; left time: 1338.7793s
	iters: 3100, epoch: 3 | loss: 1.8010732
	speed: 0.0305s/iter; left time: 1345.8395s
	iters: 3200, epoch: 3 | loss: 2.0422025
	speed: 0.0302s/iter; left time: 1332.4098s
	iters: 3300, epoch: 3 | loss: 1.7782545
	speed: 0.0304s/iter; left time: 1335.7753s
	iters: 3400, epoch: 3 | loss: 1.6600900
	speed: 0.0304s/iter; left time: 1335.0405s
	iters: 3500, epoch: 3 | loss: 1.7138400
	speed: 0.0303s/iter; left time: 1328.6209s
	iters: 3600, epoch: 3 | loss: 1.6444299
	speed: 0.0304s/iter; left time: 1327.4065s
	iters: 3700, epoch: 3 | loss: 1.5699158
	speed: 0.0301s/iter; left time: 1313.8213s
	iters: 3800, epoch: 3 | loss: 2.1396880
	speed: 0.0302s/iter; left time: 1312.0564s
	iters: 3900, epoch: 3 | loss: 1.9975828
	speed: 0.0304s/iter; left time: 1317.4533s
	iters: 4000, epoch: 3 | loss: 2.2730913
	speed: 0.0304s/iter; left time: 1317.6084s
	iters: 4100, epoch: 3 | loss: 2.1682138
	speed: 0.0299s/iter; left time: 1293.0574s
	iters: 4200, epoch: 3 | loss: 1.4362211
	speed: 0.0301s/iter; left time: 1297.7734s
	iters: 4300, epoch: 3 | loss: 1.5909081
	speed: 0.0303s/iter; left time: 1303.2842s
	iters: 4400, epoch: 3 | loss: 1.9515688
	speed: 0.0305s/iter; left time: 1307.1099s
	iters: 4500, epoch: 3 | loss: 1.4080542
	speed: 0.0304s/iter; left time: 1302.6972s
	iters: 4600, epoch: 3 | loss: 1.7692010
	speed: 0.0304s/iter; left time: 1296.4104s
	iters: 4700, epoch: 3 | loss: 1.8035752
	speed: 0.0304s/iter; left time: 1296.1422s
	iters: 4800, epoch: 3 | loss: 1.7453250
	speed: 0.0303s/iter; left time: 1288.3382s
	iters: 4900, epoch: 3 | loss: 1.6610755
	speed: 0.0304s/iter; left time: 1289.7782s
	iters: 5000, epoch: 3 | loss: 2.2243133
	speed: 0.0305s/iter; left time: 1290.3776s
	iters: 5100, epoch: 3 | loss: 2.0003073
	speed: 0.0305s/iter; left time: 1288.8672s
	iters: 5200, epoch: 3 | loss: 2.0081301
	speed: 0.0304s/iter; left time: 1280.4352s
	iters: 5300, epoch: 3 | loss: 1.7448605
	speed: 0.0303s/iter; left time: 1272.9225s
	iters: 5400, epoch: 3 | loss: 2.1099424
	speed: 0.0303s/iter; left time: 1271.2693s
	iters: 5500, epoch: 3 | loss: 1.9464055
	speed: 0.0303s/iter; left time: 1265.5341s
	iters: 5600, epoch: 3 | loss: 1.4471811
	speed: 0.0304s/iter; left time: 1268.9696s
	iters: 5700, epoch: 3 | loss: 2.1329534
	speed: 0.0303s/iter; left time: 1260.5692s
	iters: 5800, epoch: 3 | loss: 1.7388140
	speed: 0.0303s/iter; left time: 1258.9703s
	iters: 5900, epoch: 3 | loss: 2.1252677
	speed: 0.0325s/iter; left time: 1347.0587s
Epoch: 3 cost time: 182.35327863693237
Epoch: 3, Steps: 5911 | Train Loss: 1.7662366 Vali Loss: 1.4529983 Test Loss: 1.2296529
EarlyStopping counter: 2 out of 3
Updating learning rate to 0.00025
	iters: 100, epoch: 4 | loss: 1.5502402
	speed: 0.8791s/iter; left time: 36286.5739s
	iters: 200, epoch: 4 | loss: 1.5700105
	speed: 0.0306s/iter; left time: 1258.0406s
	iters: 300, epoch: 4 | loss: 1.6100051
	speed: 0.0305s/iter; left time: 1254.4448s
	iters: 400, epoch: 4 | loss: 1.4044493
	speed: 0.0303s/iter; left time: 1242.6207s
	iters: 500, epoch: 4 | loss: 2.2953591
	speed: 0.0304s/iter; left time: 1243.3906s
	iters: 600, epoch: 4 | loss: 1.7148486
	speed: 0.0301s/iter; left time: 1226.4457s
	iters: 700, epoch: 4 | loss: 1.6674428
	speed: 0.0306s/iter; left time: 1243.8638s
	iters: 800, epoch: 4 | loss: 1.5346780
	speed: 0.0304s/iter; left time: 1235.5833s
	iters: 900, epoch: 4 | loss: 1.8504664
	speed: 0.0303s/iter; left time: 1226.7956s
	iters: 1000, epoch: 4 | loss: 1.3012341
	speed: 0.0299s/iter; left time: 1207.9607s
	iters: 1100, epoch: 4 | loss: 1.4360520
	speed: 0.0301s/iter; left time: 1212.8873s
	iters: 1200, epoch: 4 | loss: 2.0823340
	speed: 0.0303s/iter; left time: 1217.6075s
	iters: 1300, epoch: 4 | loss: 1.7212528
	speed: 0.0304s/iter; left time: 1217.2740s
	iters: 1400, epoch: 4 | loss: 1.9799068
	speed: 0.0304s/iter; left time: 1217.2517s
	iters: 1500, epoch: 4 | loss: 1.4442561
	speed: 0.0303s/iter; left time: 1206.6587s
	iters: 1600, epoch: 4 | loss: 1.4500921
	speed: 0.0294s/iter; left time: 1171.0771s
	iters: 1700, epoch: 4 | loss: 1.6984452
	speed: 0.0301s/iter; left time: 1192.3592s
	iters: 1800, epoch: 4 | loss: 1.7187318
	speed: 0.0305s/iter; left time: 1205.5921s
	iters: 1900, epoch: 4 | loss: 2.4596663
	speed: 0.0310s/iter; left time: 1222.2657s
	iters: 2000, epoch: 4 | loss: 1.3414830
	speed: 0.0306s/iter; left time: 1206.4274s
	iters: 2100, epoch: 4 | loss: 2.0219281
	speed: 0.0306s/iter; left time: 1202.1119s
	iters: 2200, epoch: 4 | loss: 1.7196118
	speed: 0.0305s/iter; left time: 1194.1768s
	iters: 2300, epoch: 4 | loss: 1.4712653
	speed: 0.0304s/iter; left time: 1188.9828s
	iters: 2400, epoch: 4 | loss: 1.6891439
	speed: 0.0311s/iter; left time: 1212.3840s
	iters: 2500, epoch: 4 | loss: 1.8998783
	speed: 0.0305s/iter; left time: 1184.7807s
	iters: 2600, epoch: 4 | loss: 1.5337917
	speed: 0.0308s/iter; left time: 1194.8833s
	iters: 2700, epoch: 4 | loss: 1.8643186
	speed: 0.0304s/iter; left time: 1175.4216s
	iters: 2800, epoch: 4 | loss: 1.4506007
	speed: 0.0303s/iter; left time: 1170.6904s
	iters: 2900, epoch: 4 | loss: 1.5504855
	speed: 0.0304s/iter; left time: 1169.8694s
	iters: 3000, epoch: 4 | loss: 1.4615479
	speed: 0.0304s/iter; left time: 1164.8154s
	iters: 3100, epoch: 4 | loss: 1.9561205
	speed: 0.0304s/iter; left time: 1163.9769s
	iters: 3200, epoch: 4 | loss: 2.2240531
	speed: 0.0304s/iter; left time: 1159.0805s
	iters: 3300, epoch: 4 | loss: 1.7023000
	speed: 0.0304s/iter; left time: 1157.4674s
	iters: 3400, epoch: 4 | loss: 1.9969089
	speed: 0.0305s/iter; left time: 1160.1827s
	iters: 3500, epoch: 4 | loss: 1.6385220
	speed: 0.0303s/iter; left time: 1148.0546s
	iters: 3600, epoch: 4 | loss: 1.9108039
	speed: 0.0304s/iter; left time: 1150.1663s
	iters: 3700, epoch: 4 | loss: 1.6849488
	speed: 0.0304s/iter; left time: 1144.6419s
	iters: 3800, epoch: 4 | loss: 2.0717604
	speed: 0.0304s/iter; left time: 1143.4109s
	iters: 3900, epoch: 4 | loss: 1.8585882
	speed: 0.0304s/iter; left time: 1139.5519s
	iters: 4000, epoch: 4 | loss: 1.5183158
	speed: 0.0303s/iter; left time: 1133.9663s
	iters: 4100, epoch: 4 | loss: 1.8383216
	speed: 0.0304s/iter; left time: 1133.3492s
	iters: 4200, epoch: 4 | loss: 1.7752723
	speed: 0.0307s/iter; left time: 1142.5899s
	iters: 4300, epoch: 4 | loss: 1.6042849
	speed: 0.0308s/iter; left time: 1140.6610s
	iters: 4400, epoch: 4 | loss: 1.7691325
	speed: 0.0305s/iter; left time: 1126.4811s
	iters: 4500, epoch: 4 | loss: 1.9026898
	speed: 0.0305s/iter; left time: 1123.0051s
	iters: 4600, epoch: 4 | loss: 1.3819664
	speed: 0.0305s/iter; left time: 1120.0210s
	iters: 4700, epoch: 4 | loss: 1.5871197
	speed: 0.0306s/iter; left time: 1121.2102s
	iters: 4800, epoch: 4 | loss: 1.3975338
	speed: 0.0304s/iter; left time: 1111.7739s
	iters: 4900, epoch: 4 | loss: 2.1536255
	speed: 0.0304s/iter; left time: 1109.0112s
	iters: 5000, epoch: 4 | loss: 1.2945004
	speed: 0.0304s/iter; left time: 1105.9622s
	iters: 5100, epoch: 4 | loss: 1.6777353
	speed: 0.0305s/iter; left time: 1105.3865s
	iters: 5200, epoch: 4 | loss: 1.7330765
	speed: 0.0303s/iter; left time: 1094.6450s
	iters: 5300, epoch: 4 | loss: 1.6998360
	speed: 0.0302s/iter; left time: 1088.1332s
	iters: 5400, epoch: 4 | loss: 1.9271588
	speed: 0.0304s/iter; left time: 1094.1763s
	iters: 5500, epoch: 4 | loss: 1.4461979
	speed: 0.0304s/iter; left time: 1091.6348s
	iters: 5600, epoch: 4 | loss: 2.2373064
	speed: 0.0304s/iter; left time: 1087.7479s
	iters: 5700, epoch: 4 | loss: 1.9532520
	speed: 0.0302s/iter; left time: 1077.6102s
	iters: 5800, epoch: 4 | loss: 1.5667654
	speed: 0.0303s/iter; left time: 1078.7749s
	iters: 5900, epoch: 4 | loss: 1.4383217
	speed: 0.0305s/iter; left time: 1080.3431s
Epoch: 4 cost time: 179.9154989719391
Epoch: 4, Steps: 5911 | Train Loss: 1.7660371 Vali Loss: 1.4566555 Test Loss: 1.2315272
EarlyStopping counter: 3 out of 3
Early stopping
>>>>>>>testing : long_term_forecast_pems06_all_96_192_iTransformer_custom_ftM_sl96_ll48_pl192_dm512_nh8_el4_dl1_df512_fc3_ebtimeF_dtTrue_srate0.1_sseed7_trainseed2024_Exp_0<<<<<<<<<<<<<<<<<<<<<<<<<<<<<<<<<
test 195058
test shape: (19505, 1, 192, 130) (19505, 1, 192, 130)
test shape: (19505, 192, 130) (19505, 192, 130)
mse:1.226602554321289, mae:0.8480411171913147
>>>>>>>Overall time: 1232 seconds<<<<<<<<<<<<<<<<<<<<<<<<<<<<<<<<<
