Args in experiment:
Namespace(activation='gelu', anomaly_ratio=0.25, batch_size=16, c_out=103, checkpoints='./checkpoints/', d_ff=512, d_layers=1, d_model=512, data='custom', data_path='pems05_all_common_flow.csv', dec_in=103, des='Exp', devices='0,1,2,3', distil=True, dropout=0, e_layers=4, embed='timeF', enc_in=103, factor=3, features='M', freq='h', gap_day=365, gpu=0, inverse=False, is_training=1, itr=1, label_len=48, learning_rate=0.001, loss='MSE', lradj='type1', mask_rate=0.25, model='iTransformer', model_id='pems05_all_96_336', moving_avg=25, n_heads=8, num_kernels=6, num_workers=10, output_attention=False, p_hidden_dims=[128, 128], p_hidden_layers=2, patience=3, pred_len=336, root_path='../../data/pems/', samle_rate=0.1, sample_seed=7, seasonal_patterns='Monthly', seq_len=96, target='OT', task_name='long_term_forecast', top_k=5, train_epochs=10, train_seed=2024, use_amp=False, use_gpu=True, use_multi_gpu=False)
Use GPU: cuda:0
>>>>>>>start training : long_term_forecast_pems05_all_96_336_iTransformer_custom_ftM_sl96_ll48_pl336_dm512_nh8_el4_dl1_df512_fc3_ebtimeF_dtTrue_srate0.1_sseed7_trainseed2024_Exp_0>>>>>>>>>>>>>>>>>>>>>>>>>>
train 779704
val 21011
test 147475
	iters: 100, epoch: 1 | loss: 1.2829574
	speed: 0.0329s/iter; left time: 1599.3810s
	iters: 200, epoch: 1 | loss: 1.4957645
	speed: 0.0303s/iter; left time: 1470.5901s
	iters: 300, epoch: 1 | loss: 1.6336563
	speed: 0.0304s/iter; left time: 1471.6916s
	iters: 400, epoch: 1 | loss: 1.7590375
	speed: 0.0304s/iter; left time: 1471.4208s
	iters: 500, epoch: 1 | loss: 1.6833270
	speed: 0.0304s/iter; left time: 1467.7146s
	iters: 600, epoch: 1 | loss: 1.6405834
	speed: 0.0305s/iter; left time: 1465.9765s
	iters: 700, epoch: 1 | loss: 1.5099019
	speed: 0.0304s/iter; left time: 1459.1676s
	iters: 800, epoch: 1 | loss: 1.4959834
	speed: 0.0304s/iter; left time: 1458.7704s
	iters: 900, epoch: 1 | loss: 1.7401503
	speed: 0.0304s/iter; left time: 1454.3922s
	iters: 1000, epoch: 1 | loss: 1.4737498
	speed: 0.0304s/iter; left time: 1452.2597s
	iters: 1100, epoch: 1 | loss: 1.6685674
	speed: 0.0304s/iter; left time: 1448.5880s
	iters: 1200, epoch: 1 | loss: 1.6003084
	speed: 0.0303s/iter; left time: 1440.7747s
	iters: 1300, epoch: 1 | loss: 1.6699889
	speed: 0.0303s/iter; left time: 1436.9761s
	iters: 1400, epoch: 1 | loss: 1.4391601
	speed: 0.0304s/iter; left time: 1438.8602s
	iters: 1500, epoch: 1 | loss: 1.5775011
	speed: 0.0303s/iter; left time: 1431.6060s
	iters: 1600, epoch: 1 | loss: 1.6170294
	speed: 0.0305s/iter; left time: 1439.8437s
	iters: 1700, epoch: 1 | loss: 1.5113727
	speed: 0.0305s/iter; left time: 1434.9264s
	iters: 1800, epoch: 1 | loss: 1.6375059
	speed: 0.0304s/iter; left time: 1427.6711s
	iters: 1900, epoch: 1 | loss: 1.5770696
	speed: 0.0304s/iter; left time: 1423.7699s
	iters: 2000, epoch: 1 | loss: 1.4869105
	speed: 0.0304s/iter; left time: 1419.8371s
	iters: 2100, epoch: 1 | loss: 1.5770365
	speed: 0.0304s/iter; left time: 1416.2475s
	iters: 2200, epoch: 1 | loss: 1.5056632
	speed: 0.0304s/iter; left time: 1415.1779s
	iters: 2300, epoch: 1 | loss: 1.7001222
	speed: 0.0304s/iter; left time: 1412.5145s
	iters: 2400, epoch: 1 | loss: 1.4940605
	speed: 0.0304s/iter; left time: 1407.5747s
	iters: 2500, epoch: 1 | loss: 1.4600998
	speed: 0.0304s/iter; left time: 1405.3237s
	iters: 2600, epoch: 1 | loss: 1.5740038
	speed: 0.0304s/iter; left time: 1400.8316s
	iters: 2700, epoch: 1 | loss: 1.6314157
	speed: 0.0304s/iter; left time: 1400.1239s
	iters: 2800, epoch: 1 | loss: 1.5759085
	speed: 0.0304s/iter; left time: 1394.1558s
	iters: 2900, epoch: 1 | loss: 1.6838592
	speed: 0.0301s/iter; left time: 1380.8219s
	iters: 3000, epoch: 1 | loss: 1.5826405
	speed: 0.0303s/iter; left time: 1386.6766s
	iters: 3100, epoch: 1 | loss: 1.9136701
	speed: 0.0308s/iter; left time: 1405.0407s
	iters: 3200, epoch: 1 | loss: 1.4994241
	speed: 0.0304s/iter; left time: 1383.6199s
	iters: 3300, epoch: 1 | loss: 1.6814744
	speed: 0.0306s/iter; left time: 1389.7451s
	iters: 3400, epoch: 1 | loss: 1.3591470
	speed: 0.0304s/iter; left time: 1377.4803s
	iters: 3500, epoch: 1 | loss: 1.4950793
	speed: 0.0304s/iter; left time: 1375.4761s
	iters: 3600, epoch: 1 | loss: 1.7890983
	speed: 0.0304s/iter; left time: 1371.7046s
	iters: 3700, epoch: 1 | loss: 1.7030929
	speed: 0.0305s/iter; left time: 1374.2422s
	iters: 3800, epoch: 1 | loss: 1.3998258
	speed: 0.0304s/iter; left time: 1364.7695s
	iters: 3900, epoch: 1 | loss: 1.5438236
	speed: 0.0304s/iter; left time: 1362.8322s
	iters: 4000, epoch: 1 | loss: 1.5921930
	speed: 0.0304s/iter; left time: 1360.6254s
	iters: 4100, epoch: 1 | loss: 1.6044012
	speed: 0.0306s/iter; left time: 1366.1235s
	iters: 4200, epoch: 1 | loss: 1.5962273
	speed: 0.0304s/iter; left time: 1353.6997s
	iters: 4300, epoch: 1 | loss: 1.6432751
	speed: 0.0304s/iter; left time: 1350.5564s
	iters: 4400, epoch: 1 | loss: 1.5955795
	speed: 0.0304s/iter; left time: 1347.1130s
	iters: 4500, epoch: 1 | loss: 1.6210793
	speed: 0.0304s/iter; left time: 1343.7563s
	iters: 4600, epoch: 1 | loss: 1.7487592
	speed: 0.0304s/iter; left time: 1339.7609s
	iters: 4700, epoch: 1 | loss: 1.5411760
	speed: 0.0304s/iter; left time: 1340.0355s
	iters: 4800, epoch: 1 | loss: 1.6036155
	speed: 0.0303s/iter; left time: 1331.3121s
Epoch: 1 cost time: 148.49233531951904
Epoch: 1, Steps: 4873 | Train Loss: 1.5833254 Vali Loss: 1.7308539 Test Loss: 1.8634104
Validation loss decreased (inf --> 1.730854).  Saving model ...
Updating learning rate to 0.001
	iters: 100, epoch: 2 | loss: 1.6010089
	speed: 0.6800s/iter; left time: 29753.8571s
	iters: 200, epoch: 2 | loss: 1.5074773
	speed: 0.0304s/iter; left time: 1325.6603s
	iters: 300, epoch: 2 | loss: 1.6519783
	speed: 0.0304s/iter; left time: 1325.5430s
	iters: 400, epoch: 2 | loss: 1.4666976
	speed: 0.0305s/iter; left time: 1327.3954s
	iters: 500, epoch: 2 | loss: 1.6297563
	speed: 0.0305s/iter; left time: 1321.1944s
	iters: 600, epoch: 2 | loss: 1.6521415
	speed: 0.0304s/iter; left time: 1316.2604s
	iters: 700, epoch: 2 | loss: 1.3298655
	speed: 0.0304s/iter; left time: 1312.8102s
	iters: 800, epoch: 2 | loss: 1.3733909
	speed: 0.0305s/iter; left time: 1311.4546s
	iters: 900, epoch: 2 | loss: 1.5532924
	speed: 0.0304s/iter; left time: 1306.9767s
	iters: 1000, epoch: 2 | loss: 1.5952830
	speed: 0.0304s/iter; left time: 1304.0648s
	iters: 1100, epoch: 2 | loss: 1.5607550
	speed: 0.0304s/iter; left time: 1299.6115s
	iters: 1200, epoch: 2 | loss: 1.6939725
	speed: 0.0304s/iter; left time: 1298.3583s
	iters: 1300, epoch: 2 | loss: 1.7050842
	speed: 0.0304s/iter; left time: 1295.2722s
	iters: 1400, epoch: 2 | loss: 1.4374977
	speed: 0.0304s/iter; left time: 1290.9735s
	iters: 1500, epoch: 2 | loss: 1.5135804
	speed: 0.0304s/iter; left time: 1288.9948s
	iters: 1600, epoch: 2 | loss: 1.4688662
	speed: 0.0304s/iter; left time: 1286.2488s
	iters: 1700, epoch: 2 | loss: 1.6886972
	speed: 0.0304s/iter; left time: 1282.6759s
	iters: 1800, epoch: 2 | loss: 1.6917592
	speed: 0.0304s/iter; left time: 1277.6059s
	iters: 1900, epoch: 2 | loss: 1.5847749
	speed: 0.0302s/iter; left time: 1268.1042s
	iters: 2000, epoch: 2 | loss: 1.3899480
	speed: 0.0305s/iter; left time: 1278.4217s
	iters: 2100, epoch: 2 | loss: 1.3871840
	speed: 0.0306s/iter; left time: 1278.3141s
	iters: 2200, epoch: 2 | loss: 1.6703956
	speed: 0.0303s/iter; left time: 1262.2803s
	iters: 2300, epoch: 2 | loss: 1.4946146
	speed: 0.0304s/iter; left time: 1262.9290s
	iters: 2400, epoch: 2 | loss: 1.7863921
	speed: 0.0304s/iter; left time: 1259.7565s
	iters: 2500, epoch: 2 | loss: 1.5711516
	speed: 0.0304s/iter; left time: 1258.6652s
	iters: 2600, epoch: 2 | loss: 1.5704755
	speed: 0.0303s/iter; left time: 1250.2281s
	iters: 2700, epoch: 2 | loss: 1.5589980
	speed: 0.0304s/iter; left time: 1251.9499s
	iters: 2800, epoch: 2 | loss: 1.5559580
	speed: 0.0304s/iter; left time: 1248.6168s
	iters: 2900, epoch: 2 | loss: 1.4510725
	speed: 0.0304s/iter; left time: 1243.4577s
	iters: 3000, epoch: 2 | loss: 1.4016461
	speed: 0.0308s/iter; left time: 1256.9664s
	iters: 3100, epoch: 2 | loss: 1.7576168
	speed: 0.0304s/iter; left time: 1238.3193s
	iters: 3200, epoch: 2 | loss: 1.4177970
	speed: 0.0304s/iter; left time: 1235.1217s
	iters: 3300, epoch: 2 | loss: 1.3898238
	speed: 0.0304s/iter; left time: 1234.2092s
	iters: 3400, epoch: 2 | loss: 1.4983345
	speed: 0.0304s/iter; left time: 1228.9513s
	iters: 3500, epoch: 2 | loss: 1.7312799
	speed: 0.0304s/iter; left time: 1225.1522s
	iters: 3600, epoch: 2 | loss: 1.4150196
	speed: 0.0304s/iter; left time: 1223.7328s
	iters: 3700, epoch: 2 | loss: 1.5141562
	speed: 0.0304s/iter; left time: 1220.1391s
	iters: 3800, epoch: 2 | loss: 1.4606909
	speed: 0.0304s/iter; left time: 1218.3528s
	iters: 3900, epoch: 2 | loss: 1.9112178
	speed: 0.0304s/iter; left time: 1214.3710s
	iters: 4000, epoch: 2 | loss: 1.6474241
	speed: 0.0304s/iter; left time: 1209.9915s
	iters: 4100, epoch: 2 | loss: 1.4111253
	speed: 0.0304s/iter; left time: 1209.6716s
	iters: 4200, epoch: 2 | loss: 1.6452442
	speed: 0.0303s/iter; left time: 1201.3552s
	iters: 4300, epoch: 2 | loss: 1.4650292
	speed: 0.0304s/iter; left time: 1201.7468s
	iters: 4400, epoch: 2 | loss: 1.6821220
	speed: 0.0304s/iter; left time: 1200.8222s
	iters: 4500, epoch: 2 | loss: 1.6224692
	speed: 0.0304s/iter; left time: 1195.2549s
	iters: 4600, epoch: 2 | loss: 1.5185634
	speed: 0.0304s/iter; left time: 1193.2144s
	iters: 4700, epoch: 2 | loss: 1.5059977
	speed: 0.0304s/iter; left time: 1189.6838s
	iters: 4800, epoch: 2 | loss: 1.4424020
	speed: 0.0306s/iter; left time: 1195.8568s
Epoch: 2 cost time: 148.34573316574097
Epoch: 2, Steps: 4873 | Train Loss: 1.5920680 Vali Loss: 1.7241646 Test Loss: 1.8647985
Validation loss decreased (1.730854 --> 1.724165).  Saving model ...
Updating learning rate to 0.0005
	iters: 100, epoch: 3 | loss: 1.7526666
	speed: 0.6760s/iter; left time: 26287.3731s
	iters: 200, epoch: 3 | loss: 1.6882169
	speed: 0.0304s/iter; left time: 1180.3491s
	iters: 300, epoch: 3 | loss: 1.6514728
	speed: 0.0305s/iter; left time: 1179.2775s
	iters: 400, epoch: 3 | loss: 1.5653638
	speed: 0.0305s/iter; left time: 1178.1357s
	iters: 500, epoch: 3 | loss: 1.5691253
	speed: 0.0305s/iter; left time: 1174.2439s
	iters: 600, epoch: 3 | loss: 1.7259626
	speed: 0.0305s/iter; left time: 1172.2358s
	iters: 700, epoch: 3 | loss: 1.4896228
	speed: 0.0304s/iter; left time: 1163.0144s
	iters: 800, epoch: 3 | loss: 1.3641511
	speed: 0.0305s/iter; left time: 1163.0272s
	iters: 900, epoch: 3 | loss: 1.5382696
	speed: 0.0304s/iter; left time: 1159.4697s
	iters: 1000, epoch: 3 | loss: 1.4766880
	speed: 0.0305s/iter; left time: 1158.1491s
	iters: 1100, epoch: 3 | loss: 1.5449821
	speed: 0.0305s/iter; left time: 1154.9162s
	iters: 1200, epoch: 3 | loss: 1.6741488
	speed: 0.0305s/iter; left time: 1154.1403s
	iters: 1300, epoch: 3 | loss: 1.4479983
	speed: 0.0304s/iter; left time: 1147.3832s
	iters: 1400, epoch: 3 | loss: 1.6154709
	speed: 0.0304s/iter; left time: 1143.1811s
	iters: 1500, epoch: 3 | loss: 1.5798725
	speed: 0.0304s/iter; left time: 1140.1446s
	iters: 1600, epoch: 3 | loss: 1.5262697
	speed: 0.0304s/iter; left time: 1136.2640s
	iters: 1700, epoch: 3 | loss: 1.6391029
	speed: 0.0304s/iter; left time: 1133.4711s
	iters: 1800, epoch: 3 | loss: 1.6334189
	speed: 0.0304s/iter; left time: 1131.2950s
	iters: 1900, epoch: 3 | loss: 1.3684995
	speed: 0.0304s/iter; left time: 1127.0189s
	iters: 2000, epoch: 3 | loss: 1.6931645
	speed: 0.0304s/iter; left time: 1124.5394s
	iters: 2100, epoch: 3 | loss: 1.5334600
	speed: 0.0306s/iter; left time: 1127.4696s
	iters: 2200, epoch: 3 | loss: 1.6280829
	speed: 0.0304s/iter; left time: 1116.4968s
	iters: 2300, epoch: 3 | loss: 1.5975964
	speed: 0.0304s/iter; left time: 1114.5588s
	iters: 2400, epoch: 3 | loss: 1.6193680
	speed: 0.0303s/iter; left time: 1108.4997s
	iters: 2500, epoch: 3 | loss: 1.6495960
	speed: 0.0304s/iter; left time: 1107.8136s
	iters: 2600, epoch: 3 | loss: 1.8414190
	speed: 0.0304s/iter; left time: 1105.3517s
	iters: 2700, epoch: 3 | loss: 1.5478142
	speed: 0.0304s/iter; left time: 1102.2370s
	iters: 2800, epoch: 3 | loss: 1.5310692
	speed: 0.0303s/iter; left time: 1095.3065s
	iters: 2900, epoch: 3 | loss: 1.6847939
	speed: 0.0304s/iter; left time: 1095.2533s
	iters: 3000, epoch: 3 | loss: 1.5589384
	speed: 0.0308s/iter; left time: 1108.1780s
	iters: 3100, epoch: 3 | loss: 1.4675325
	speed: 0.0303s/iter; left time: 1087.8647s
	iters: 3200, epoch: 3 | loss: 1.4682822
	speed: 0.0304s/iter; left time: 1086.8810s
	iters: 3300, epoch: 3 | loss: 1.4871286
	speed: 0.0304s/iter; left time: 1083.1249s
	iters: 3400, epoch: 3 | loss: 1.4937192
	speed: 0.0303s/iter; left time: 1079.8454s
	iters: 3500, epoch: 3 | loss: 1.4873232
	speed: 0.0304s/iter; left time: 1078.5419s
	iters: 3600, epoch: 3 | loss: 1.5756377
	speed: 0.0303s/iter; left time: 1072.8201s
	iters: 3700, epoch: 3 | loss: 1.5879837
	speed: 0.0304s/iter; left time: 1071.0573s
	iters: 3800, epoch: 3 | loss: 1.7175152
	speed: 0.0301s/iter; left time: 1060.3086s
	iters: 3900, epoch: 3 | loss: 1.4696440
	speed: 0.0304s/iter; left time: 1065.7176s
	iters: 4000, epoch: 3 | loss: 1.5112045
	speed: 0.0303s/iter; left time: 1061.7575s
	iters: 4100, epoch: 3 | loss: 1.5247728
	speed: 0.0304s/iter; left time: 1059.3323s
	iters: 4200, epoch: 3 | loss: 1.3907293
	speed: 0.0304s/iter; left time: 1057.1113s
	iters: 4300, epoch: 3 | loss: 1.7483670
	speed: 0.0303s/iter; left time: 1052.5509s
	iters: 4400, epoch: 3 | loss: 1.7785796
	speed: 0.0304s/iter; left time: 1050.1896s
	iters: 4500, epoch: 3 | loss: 1.5220553
	speed: 0.0304s/iter; left time: 1048.6536s
	iters: 4600, epoch: 3 | loss: 1.6068850
	speed: 0.0304s/iter; left time: 1044.4732s
	iters: 4700, epoch: 3 | loss: 1.6526033
	speed: 0.0304s/iter; left time: 1042.2001s
	iters: 4800, epoch: 3 | loss: 1.4264250
	speed: 0.0303s/iter; left time: 1037.5102s
Epoch: 3 cost time: 148.2843096256256
Epoch: 3, Steps: 4873 | Train Loss: 1.5926065 Vali Loss: 1.7215939 Test Loss: 1.8658845
Validation loss decreased (1.724165 --> 1.721594).  Saving model ...
Updating learning rate to 0.00025
	iters: 100, epoch: 4 | loss: 1.9174414
	speed: 0.6777s/iter; left time: 23051.2429s
	iters: 200, epoch: 4 | loss: 1.7188524
	speed: 0.0305s/iter; left time: 1033.9611s
	iters: 300, epoch: 4 | loss: 1.4597672
	speed: 0.0305s/iter; left time: 1031.0551s
	iters: 400, epoch: 4 | loss: 1.4072969
	speed: 0.0303s/iter; left time: 1021.7134s
	iters: 500, epoch: 4 | loss: 1.5815434
	speed: 0.0305s/iter; left time: 1023.6782s
	iters: 600, epoch: 4 | loss: 1.6005322
	speed: 0.0304s/iter; left time: 1017.7887s
	iters: 700, epoch: 4 | loss: 1.7270845
	speed: 0.0304s/iter; left time: 1017.3393s
	iters: 800, epoch: 4 | loss: 1.7157482
	speed: 0.0304s/iter; left time: 1014.2432s
	iters: 900, epoch: 4 | loss: 1.7652804
	speed: 0.0303s/iter; left time: 1007.4706s
	iters: 1000, epoch: 4 | loss: 1.3574514
	speed: 0.0303s/iter; left time: 1004.0400s
	iters: 1100, epoch: 4 | loss: 1.7777112
	speed: 0.0305s/iter; left time: 1005.3804s
	iters: 1200, epoch: 4 | loss: 1.5791951
	speed: 0.0306s/iter; left time: 1006.1948s
	iters: 1300, epoch: 4 | loss: 1.6029503
	speed: 0.0305s/iter; left time: 1000.8709s
	iters: 1400, epoch: 4 | loss: 1.6485294
	speed: 0.0305s/iter; left time: 996.5699s
	iters: 1500, epoch: 4 | loss: 1.5339240
	speed: 0.0304s/iter; left time: 992.4477s
	iters: 1600, epoch: 4 | loss: 1.7300766
	speed: 0.0304s/iter; left time: 989.7104s
	iters: 1700, epoch: 4 | loss: 1.6435724
	speed: 0.0305s/iter; left time: 988.4059s
	iters: 1800, epoch: 4 | loss: 1.5075685
	speed: 0.0304s/iter; left time: 983.8939s
	iters: 1900, epoch: 4 | loss: 1.7728944
	speed: 0.0305s/iter; left time: 981.3871s
	iters: 2000, epoch: 4 | loss: 1.3166794
	speed: 0.0305s/iter; left time: 979.0503s
	iters: 2100, epoch: 4 | loss: 1.6464725
	speed: 0.0305s/iter; left time: 975.1821s
	iters: 2200, epoch: 4 | loss: 1.5935839
	speed: 0.0305s/iter; left time: 971.9224s
	iters: 2300, epoch: 4 | loss: 1.6019000
	speed: 0.0305s/iter; left time: 969.0311s
	iters: 2400, epoch: 4 | loss: 1.5471454
	speed: 0.0304s/iter; left time: 964.8248s
	iters: 2500, epoch: 4 | loss: 1.6237139
	speed: 0.0304s/iter; left time: 962.0319s
	iters: 2600, epoch: 4 | loss: 1.5477635
	speed: 0.0303s/iter; left time: 955.4968s
	iters: 2700, epoch: 4 | loss: 1.4203681
	speed: 0.0306s/iter; left time: 959.9700s
	iters: 2800, epoch: 4 | loss: 1.4097531
	speed: 0.0304s/iter; left time: 952.3196s
	iters: 2900, epoch: 4 | loss: 1.8345997
	speed: 0.0305s/iter; left time: 951.1213s
	iters: 3000, epoch: 4 | loss: 1.4858487
	speed: 0.0307s/iter; left time: 956.0641s
	iters: 3100, epoch: 4 | loss: 1.8876113
	speed: 0.0303s/iter; left time: 940.5121s
	iters: 3200, epoch: 4 | loss: 1.6090109
	speed: 0.0304s/iter; left time: 939.9536s
	iters: 3300, epoch: 4 | loss: 1.6523669
	speed: 0.0304s/iter; left time: 936.7119s
	iters: 3400, epoch: 4 | loss: 1.6054076
	speed: 0.0305s/iter; left time: 936.0139s
	iters: 3500, epoch: 4 | loss: 1.5198334
	speed: 0.0304s/iter; left time: 931.1570s
	iters: 3600, epoch: 4 | loss: 1.6654946
	speed: 0.0303s/iter; left time: 925.1623s
	iters: 3700, epoch: 4 | loss: 1.4637887
	speed: 0.0304s/iter; left time: 924.9036s
	iters: 3800, epoch: 4 | loss: 1.7544260
	speed: 0.0304s/iter; left time: 921.8631s
	iters: 3900, epoch: 4 | loss: 1.3615118
	speed: 0.0304s/iter; left time: 918.2737s
	iters: 4000, epoch: 4 | loss: 1.4979701
	speed: 0.0304s/iter; left time: 915.7495s
	iters: 4100, epoch: 4 | loss: 1.6892761
	speed: 0.0304s/iter; left time: 912.3319s
	iters: 4200, epoch: 4 | loss: 1.5912900
	speed: 0.0304s/iter; left time: 908.4380s
	iters: 4300, epoch: 4 | loss: 1.5039957
	speed: 0.0304s/iter; left time: 907.2386s
	iters: 4400, epoch: 4 | loss: 1.6958531
	speed: 0.0306s/iter; left time: 909.2138s
	iters: 4500, epoch: 4 | loss: 1.6015732
	speed: 0.0305s/iter; left time: 901.9124s
	iters: 4600, epoch: 4 | loss: 1.7381084
	speed: 0.0304s/iter; left time: 897.3895s
	iters: 4700, epoch: 4 | loss: 1.6605417
	speed: 0.0304s/iter; left time: 894.8441s
	iters: 4800, epoch: 4 | loss: 1.5669577
	speed: 0.0305s/iter; left time: 893.5138s
Epoch: 4 cost time: 148.45200562477112
Epoch: 4, Steps: 4873 | Train Loss: 1.5925053 Vali Loss: 1.7234064 Test Loss: 1.8660322
EarlyStopping counter: 1 out of 3
Updating learning rate to 0.000125
	iters: 100, epoch: 5 | loss: 1.4910371
	speed: 0.6753s/iter; left time: 19676.2630s
	iters: 200, epoch: 5 | loss: 1.6823881
	speed: 0.0303s/iter; left time: 880.0971s
	iters: 300, epoch: 5 | loss: 1.5480541
	speed: 0.0303s/iter; left time: 877.1393s
	iters: 400, epoch: 5 | loss: 1.6768063
	speed: 0.0303s/iter; left time: 873.5911s
	iters: 500, epoch: 5 | loss: 1.6735820
	speed: 0.0304s/iter; left time: 874.6653s
	iters: 600, epoch: 5 | loss: 1.6826679
	speed: 0.0304s/iter; left time: 870.5516s
	iters: 700, epoch: 5 | loss: 1.5208559
	speed: 0.0303s/iter; left time: 865.2977s
	iters: 800, epoch: 5 | loss: 1.5371263
	speed: 0.0304s/iter; left time: 864.8967s
	iters: 900, epoch: 5 | loss: 1.5373188
	speed: 0.0304s/iter; left time: 860.1422s
	iters: 1000, epoch: 5 | loss: 1.7580240
	speed: 0.0304s/iter; left time: 859.7810s
	iters: 1100, epoch: 5 | loss: 1.6062406
	speed: 0.0304s/iter; left time: 856.5837s
	iters: 1200, epoch: 5 | loss: 1.7365179
	speed: 0.0304s/iter; left time: 852.8744s
	iters: 1300, epoch: 5 | loss: 1.5289613
	speed: 0.0304s/iter; left time: 850.5382s
	iters: 1400, epoch: 5 | loss: 1.7655232
	speed: 0.0304s/iter; left time: 846.3317s
	iters: 1500, epoch: 5 | loss: 1.6131179
	speed: 0.0305s/iter; left time: 846.9777s
	iters: 1600, epoch: 5 | loss: 1.5599071
	speed: 0.0305s/iter; left time: 842.1377s
	iters: 1700, epoch: 5 | loss: 1.5922984
	speed: 0.0307s/iter; left time: 845.4685s
	iters: 1800, epoch: 5 | loss: 1.8021297
	speed: 0.0304s/iter; left time: 834.9275s
	iters: 1900, epoch: 5 | loss: 1.8556073
	speed: 0.0304s/iter; left time: 831.0310s
	iters: 2000, epoch: 5 | loss: 1.8291141
	speed: 0.0304s/iter; left time: 828.1222s
	iters: 2100, epoch: 5 | loss: 1.4550651
	speed: 0.0303s/iter; left time: 823.1216s
	iters: 2200, epoch: 5 | loss: 1.7376983
	speed: 0.0304s/iter; left time: 822.2055s
	iters: 2300, epoch: 5 | loss: 1.5172491
	speed: 0.0304s/iter; left time: 820.2747s
	iters: 2400, epoch: 5 | loss: 1.6531031
	speed: 0.0304s/iter; left time: 816.8515s
	iters: 2500, epoch: 5 | loss: 1.8391044
	speed: 0.0305s/iter; left time: 815.0485s
	iters: 2600, epoch: 5 | loss: 1.6389761
	speed: 0.0304s/iter; left time: 809.8131s
	iters: 2700, epoch: 5 | loss: 1.4449983
	speed: 0.0304s/iter; left time: 808.0668s
	iters: 2800, epoch: 5 | loss: 1.5983479
	speed: 0.0304s/iter; left time: 803.9583s
	iters: 2900, epoch: 5 | loss: 1.5772260
	speed: 0.0304s/iter; left time: 800.7725s
	iters: 3000, epoch: 5 | loss: 1.7484943
	speed: 0.0308s/iter; left time: 808.9436s
	iters: 3100, epoch: 5 | loss: 1.4817030
	speed: 0.0303s/iter; left time: 792.7525s
	iters: 3200, epoch: 5 | loss: 1.4028249
	speed: 0.0303s/iter; left time: 789.5483s
	iters: 3300, epoch: 5 | loss: 1.5558641
	speed: 0.0304s/iter; left time: 788.5908s
	iters: 3400, epoch: 5 | loss: 1.6672504
	speed: 0.0304s/iter; left time: 785.9333s
	iters: 3500, epoch: 5 | loss: 1.4337323
	speed: 0.0304s/iter; left time: 783.4030s
	iters: 3600, epoch: 5 | loss: 1.7594161
	speed: 0.0304s/iter; left time: 779.6758s
	iters: 3700, epoch: 5 | loss: 1.5090822
	speed: 0.0304s/iter; left time: 777.5965s
	iters: 3800, epoch: 5 | loss: 1.7034068
	speed: 0.0305s/iter; left time: 774.7349s
	iters: 3900, epoch: 5 | loss: 1.6268640
	speed: 0.0304s/iter; left time: 771.2306s
	iters: 4000, epoch: 5 | loss: 1.6790184
	speed: 0.0304s/iter; left time: 766.9532s
	iters: 4100, epoch: 5 | loss: 1.4947835
	speed: 0.0304s/iter; left time: 765.1658s
	iters: 4200, epoch: 5 | loss: 1.6797639
	speed: 0.0307s/iter; left time: 767.9720s
	iters: 4300, epoch: 5 | loss: 1.6805702
	speed: 0.0304s/iter; left time: 759.0302s
	iters: 4400, epoch: 5 | loss: 1.6137060
	speed: 0.0305s/iter; left time: 757.0447s
	iters: 4500, epoch: 5 | loss: 1.5417966
	speed: 0.0305s/iter; left time: 753.5352s
	iters: 4600, epoch: 5 | loss: 1.7206370
	speed: 0.0305s/iter; left time: 750.5610s
	iters: 4700, epoch: 5 | loss: 1.6333249
	speed: 0.0305s/iter; left time: 747.9827s
	iters: 4800, epoch: 5 | loss: 1.5452927
	speed: 0.0305s/iter; left time: 746.3681s
Epoch: 5 cost time: 148.42681050300598
