Args in experiment:
Namespace(activation='gelu', anomaly_ratio=0.25, batch_size=16, c_out=212, checkpoints='./checkpoints/', d_ff=512, d_layers=1, d_model=512, data='custom', data_path='pems08_all_common_flow.csv', dec_in=212, des='Exp', devices='0,1,2,3', distil=True, dropout=0, e_layers=4, embed='timeF', enc_in=212, factor=3, features='M', freq='h', gap_day=548, gpu=0, inverse=False, is_training=1, itr=1, label_len=48, learning_rate=0.001, loss='MSE', lradj='type1', mask_rate=0.25, model='iTransformer', model_id='pems08_all_96_96', moving_avg=25, n_heads=8, num_kernels=6, num_workers=10, output_attention=False, p_hidden_dims=[128, 128], p_hidden_layers=2, patience=3, pred_len=96, root_path='../../data/pems/', samle_rate=0.1, sample_seed=7, seasonal_patterns='Monthly', seq_len=96, target='OT', task_name='long_term_forecast', top_k=5, train_epochs=10, train_seed=2024, use_amp=False, use_gpu=True, use_multi_gpu=False)
Use GPU: cuda:0
>>>>>>>start training : long_term_forecast_pems08_all_96_96_iTransformer_custom_ftM_sl96_ll48_pl96_dm512_nh8_el4_dl1_df512_fc3_ebtimeF_dtTrue_srate0.1_sseed7_trainseed2024_gap548_Exp_0>>>>>>>>>>>>>>>>>>>>>>>>>>
train 1295924
val 326729
test 326727
	iters: 100, epoch: 1 | loss: 1.6180072
	speed: 0.0340s/iter; left time: 2752.2915s
	iters: 200, epoch: 1 | loss: 1.9522945
	speed: 0.0304s/iter; left time: 2453.0937s
	iters: 300, epoch: 1 | loss: 1.9398670
	speed: 0.0304s/iter; left time: 2449.5508s
	iters: 400, epoch: 1 | loss: 1.9167818
	speed: 0.0304s/iter; left time: 2448.1804s
	iters: 500, epoch: 1 | loss: 2.1757782
	speed: 0.0303s/iter; left time: 2442.8829s
	iters: 600, epoch: 1 | loss: 1.9873995
	speed: 0.0303s/iter; left time: 2439.4405s
	iters: 700, epoch: 1 | loss: 2.0821371
	speed: 0.0304s/iter; left time: 2437.8635s
	iters: 800, epoch: 1 | loss: 2.0270619
	speed: 0.0304s/iter; left time: 2436.3921s
	iters: 900, epoch: 1 | loss: 2.2517090
	speed: 0.0303s/iter; left time: 2430.1625s
	iters: 1000, epoch: 1 | loss: 1.8666698
	speed: 0.0303s/iter; left time: 2427.6493s
	iters: 1100, epoch: 1 | loss: 2.0473211
	speed: 0.0304s/iter; left time: 2426.2569s
	iters: 1200, epoch: 1 | loss: 2.1842730
	speed: 0.0303s/iter; left time: 2420.6131s
	iters: 1300, epoch: 1 | loss: 2.4606128
	speed: 0.0304s/iter; left time: 2419.4252s
	iters: 1400, epoch: 1 | loss: 1.8145736
	speed: 0.0303s/iter; left time: 2414.0713s
	iters: 1500, epoch: 1 | loss: 1.7770352
	speed: 0.0304s/iter; left time: 2413.0223s
	iters: 1600, epoch: 1 | loss: 2.0472457
	speed: 0.0304s/iter; left time: 2410.1171s
	iters: 1700, epoch: 1 | loss: 1.7130008
	speed: 0.0303s/iter; left time: 2405.8709s
	iters: 1800, epoch: 1 | loss: 1.8492842
	speed: 0.0303s/iter; left time: 2401.5066s
	iters: 1900, epoch: 1 | loss: 1.9488634
	speed: 0.0303s/iter; left time: 2398.9603s
	iters: 2000, epoch: 1 | loss: 2.3911269
	speed: 0.0303s/iter; left time: 2396.4765s
	iters: 2100, epoch: 1 | loss: 2.1917849
	speed: 0.0304s/iter; left time: 2395.2922s
	iters: 2200, epoch: 1 | loss: 1.8931612
	speed: 0.0304s/iter; left time: 2392.6018s
	iters: 2300, epoch: 1 | loss: 1.7026042
	speed: 0.0304s/iter; left time: 2388.5798s
	iters: 2400, epoch: 1 | loss: 2.1689203
	speed: 0.0304s/iter; left time: 2385.3044s
	iters: 2500, epoch: 1 | loss: 1.8548084
	speed: 0.0303s/iter; left time: 2380.6397s
	iters: 2600, epoch: 1 | loss: 1.6742338
	speed: 0.0304s/iter; left time: 2381.2751s
	iters: 2700, epoch: 1 | loss: 2.3841238
	speed: 0.0303s/iter; left time: 2372.5157s
	iters: 2800, epoch: 1 | loss: 2.0867205
	speed: 0.0304s/iter; left time: 2374.2854s
	iters: 2900, epoch: 1 | loss: 1.9164555
	speed: 0.0304s/iter; left time: 2370.2773s
	iters: 3000, epoch: 1 | loss: 1.9606745
	speed: 0.0304s/iter; left time: 2368.4416s
	iters: 3100, epoch: 1 | loss: 2.1637900
	speed: 0.0303s/iter; left time: 2363.5087s
	iters: 3200, epoch: 1 | loss: 2.1342423
	speed: 0.0304s/iter; left time: 2361.2390s
	iters: 3300, epoch: 1 | loss: 1.9204525
	speed: 0.0303s/iter; left time: 2357.1330s
	iters: 3400, epoch: 1 | loss: 1.8705873
	speed: 0.0304s/iter; left time: 2355.9863s
	iters: 3500, epoch: 1 | loss: 2.0598078
	speed: 0.0304s/iter; left time: 2352.8446s
	iters: 3600, epoch: 1 | loss: 1.7894094
	speed: 0.0303s/iter; left time: 2347.8530s
	iters: 3700, epoch: 1 | loss: 2.0983264
	speed: 0.0303s/iter; left time: 2345.4705s
	iters: 3800, epoch: 1 | loss: 1.9958504
	speed: 0.0303s/iter; left time: 2342.1845s
	iters: 3900, epoch: 1 | loss: 2.4032989
	speed: 0.0303s/iter; left time: 2339.6739s
	iters: 4000, epoch: 1 | loss: 2.1304133
	speed: 0.0303s/iter; left time: 2335.2826s
	iters: 4100, epoch: 1 | loss: 2.1008139
	speed: 0.0303s/iter; left time: 2333.6073s
	iters: 4200, epoch: 1 | loss: 2.0633638
	speed: 0.0304s/iter; left time: 2331.3997s
	iters: 4300, epoch: 1 | loss: 2.2364190
	speed: 0.0304s/iter; left time: 2329.0179s
	iters: 4400, epoch: 1 | loss: 1.8372990
	speed: 0.0304s/iter; left time: 2326.1261s
	iters: 4500, epoch: 1 | loss: 2.1017513
	speed: 0.0304s/iter; left time: 2323.1040s
	iters: 4600, epoch: 1 | loss: 1.7912611
	speed: 0.0304s/iter; left time: 2320.4587s
	iters: 4700, epoch: 1 | loss: 2.3200397
	speed: 0.0304s/iter; left time: 2315.8004s
	iters: 4800, epoch: 1 | loss: 2.2231278
	speed: 0.0304s/iter; left time: 2314.9675s
	iters: 4900, epoch: 1 | loss: 2.5841064
	speed: 0.0304s/iter; left time: 2311.2002s
	iters: 5000, epoch: 1 | loss: 2.1016340
	speed: 0.0304s/iter; left time: 2309.3075s
	iters: 5100, epoch: 1 | loss: 2.3801575
	speed: 0.0304s/iter; left time: 2306.4715s
	iters: 5200, epoch: 1 | loss: 2.4648025
	speed: 0.0304s/iter; left time: 2301.5121s
	iters: 5300, epoch: 1 | loss: 1.8980355
	speed: 0.0305s/iter; left time: 2311.7963s
	iters: 5400, epoch: 1 | loss: 2.1006300
	speed: 0.0303s/iter; left time: 2293.4375s
	iters: 5500, epoch: 1 | loss: 2.0088239
	speed: 0.0303s/iter; left time: 2290.6697s
	iters: 5600, epoch: 1 | loss: 1.8481534
	speed: 0.0304s/iter; left time: 2288.3400s
	iters: 5700, epoch: 1 | loss: 2.0911002
	speed: 0.0304s/iter; left time: 2285.4650s
	iters: 5800, epoch: 1 | loss: 2.0861084
	speed: 0.0304s/iter; left time: 2283.7193s
	iters: 5900, epoch: 1 | loss: 2.0481851
	speed: 0.0304s/iter; left time: 2280.2803s
	iters: 6000, epoch: 1 | loss: 1.8531321
	speed: 0.0304s/iter; left time: 2276.7700s
	iters: 6100, epoch: 1 | loss: 2.0615983
	speed: 0.0304s/iter; left time: 2274.2636s
	iters: 6200, epoch: 1 | loss: 2.0033443
	speed: 0.0304s/iter; left time: 2271.3654s
	iters: 6300, epoch: 1 | loss: 2.2110734
	speed: 0.0304s/iter; left time: 2267.6327s
	iters: 6400, epoch: 1 | loss: 2.2677855
	speed: 0.0304s/iter; left time: 2264.8614s
	iters: 6500, epoch: 1 | loss: 2.1066453
	speed: 0.0304s/iter; left time: 2262.4644s
	iters: 6600, epoch: 1 | loss: 2.4005988
	speed: 0.0304s/iter; left time: 2260.1719s
	iters: 6700, epoch: 1 | loss: 1.9700432
	speed: 0.0304s/iter; left time: 2256.5085s
	iters: 6800, epoch: 1 | loss: 1.9612520
	speed: 0.0304s/iter; left time: 2254.3979s
	iters: 6900, epoch: 1 | loss: 1.9973876
	speed: 0.0303s/iter; left time: 2248.1970s
	iters: 7000, epoch: 1 | loss: 2.0008771
	speed: 0.0303s/iter; left time: 2245.3993s
	iters: 7100, epoch: 1 | loss: 2.0474155
	speed: 0.0304s/iter; left time: 2245.8942s
	iters: 7200, epoch: 1 | loss: 2.1530569
	speed: 0.0303s/iter; left time: 2238.2434s
	iters: 7300, epoch: 1 | loss: 1.7469993
	speed: 0.0304s/iter; left time: 2238.7386s
	iters: 7400, epoch: 1 | loss: 1.9600602
	speed: 0.0304s/iter; left time: 2234.5014s
	iters: 7500, epoch: 1 | loss: 2.0175624
	speed: 0.0304s/iter; left time: 2231.0979s
	iters: 7600, epoch: 1 | loss: 2.3006475
	speed: 0.0304s/iter; left time: 2230.5709s
	iters: 7700, epoch: 1 | loss: 2.1798167
	speed: 0.0303s/iter; left time: 2223.9297s
	iters: 7800, epoch: 1 | loss: 2.0281730
	speed: 0.0303s/iter; left time: 2221.1197s
	iters: 7900, epoch: 1 | loss: 1.8252628
	speed: 0.0305s/iter; left time: 2227.7170s
	iters: 8000, epoch: 1 | loss: 1.6920638
	speed: 0.0304s/iter; left time: 2217.3828s
Epoch: 1 cost time: 246.37558698654175
Epoch: 1, Steps: 8099 | Train Loss: 2.0958807 Vali Loss: 1.9774085 Test Loss: 2.3102906
Validation loss decreased (inf --> 1.977409).  Saving model ...
Updating learning rate to 0.001
	iters: 100, epoch: 2 | loss: 2.1015065
	speed: 1.6214s/iter; left time: 118027.8909s
	iters: 200, epoch: 2 | loss: 2.0317359
	speed: 0.0304s/iter; left time: 2208.6300s
	iters: 300, epoch: 2 | loss: 1.7248341
	speed: 0.0304s/iter; left time: 2203.7725s
	iters: 400, epoch: 2 | loss: 1.7495446
	speed: 0.0304s/iter; left time: 2200.9199s
	iters: 500, epoch: 2 | loss: 2.1463821
	speed: 0.0304s/iter; left time: 2200.6724s
	iters: 600, epoch: 2 | loss: 2.2314172
	speed: 0.0305s/iter; left time: 2203.8144s
	iters: 700, epoch: 2 | loss: 2.5810685
	speed: 0.0304s/iter; left time: 2191.6619s
	iters: 800, epoch: 2 | loss: 2.1312921
	speed: 0.0303s/iter; left time: 2186.8125s
	iters: 900, epoch: 2 | loss: 2.1924686
	speed: 0.0304s/iter; left time: 2185.9945s
	iters: 1000, epoch: 2 | loss: 1.6570537
	speed: 0.0305s/iter; left time: 2193.0848s
	iters: 1100, epoch: 2 | loss: 2.2686789
	speed: 0.0303s/iter; left time: 2177.3064s
	iters: 1200, epoch: 2 | loss: 1.8827591
	speed: 0.0303s/iter; left time: 2174.7662s
	iters: 1300, epoch: 2 | loss: 1.7406192
	speed: 0.0305s/iter; left time: 2182.4320s
	iters: 1400, epoch: 2 | loss: 2.1230590
	speed: 0.0303s/iter; left time: 2168.5494s
	iters: 1500, epoch: 2 | loss: 1.9246372
	speed: 0.0304s/iter; left time: 2169.1413s
	iters: 1600, epoch: 2 | loss: 2.4652357
	speed: 0.0304s/iter; left time: 2164.5084s
	iters: 1700, epoch: 2 | loss: 2.1114013
	speed: 0.0303s/iter; left time: 2157.8400s
	iters: 1800, epoch: 2 | loss: 1.9289782
	speed: 0.0304s/iter; left time: 2159.6959s
	iters: 1900, epoch: 2 | loss: 1.7791220
	speed: 0.0304s/iter; left time: 2154.9028s
	iters: 2000, epoch: 2 | loss: 1.9558842
	speed: 0.0304s/iter; left time: 2151.6473s
	iters: 2100, epoch: 2 | loss: 2.0623951
	speed: 0.0304s/iter; left time: 2150.5240s
	iters: 2200, epoch: 2 | loss: 1.9828647
	speed: 0.0304s/iter; left time: 2145.7573s
	iters: 2300, epoch: 2 | loss: 1.8743869
	speed: 0.0304s/iter; left time: 2144.8244s
	iters: 2400, epoch: 2 | loss: 2.1964874
	speed: 0.0303s/iter; left time: 2139.3050s
	iters: 2500, epoch: 2 | loss: 1.9538727
	speed: 0.0304s/iter; left time: 2143.1423s
	iters: 2600, epoch: 2 | loss: 1.9936928
	speed: 0.0303s/iter; left time: 2132.0184s
	iters: 2700, epoch: 2 | loss: 2.1455393
	speed: 0.0304s/iter; left time: 2131.9668s
	iters: 2800, epoch: 2 | loss: 2.1303895
	speed: 0.0304s/iter; left time: 2129.5337s
	iters: 2900, epoch: 2 | loss: 1.7318355
	speed: 0.0304s/iter; left time: 2124.4308s
	iters: 3000, epoch: 2 | loss: 1.9121258
	speed: 0.0304s/iter; left time: 2123.3382s
	iters: 3100, epoch: 2 | loss: 2.0299432
	speed: 0.0304s/iter; left time: 2118.9499s
	iters: 3200, epoch: 2 | loss: 2.3221741
	speed: 0.0303s/iter; left time: 2114.8901s
	iters: 3300, epoch: 2 | loss: 1.7829963
	speed: 0.0304s/iter; left time: 2113.0428s
	iters: 3400, epoch: 2 | loss: 2.0488729
	speed: 0.0303s/iter; left time: 2108.1586s
	iters: 3500, epoch: 2 | loss: 2.1732140
	speed: 0.0303s/iter; left time: 2104.2802s
	iters: 3600, epoch: 2 | loss: 1.9902043
	speed: 0.0303s/iter; left time: 2102.5426s
	iters: 3700, epoch: 2 | loss: 2.2875230
	speed: 0.0304s/iter; left time: 2101.0994s
	iters: 3800, epoch: 2 | loss: 2.1656954
	speed: 0.0304s/iter; left time: 2097.3439s
	iters: 3900, epoch: 2 | loss: 2.3010337
	speed: 0.0304s/iter; left time: 2094.7133s
	iters: 4000, epoch: 2 | loss: 1.9834667
	speed: 0.0306s/iter; left time: 2106.2293s
	iters: 4100, epoch: 2 | loss: 2.2333937
	speed: 0.0304s/iter; left time: 2088.8067s
	iters: 4200, epoch: 2 | loss: 2.1762443
	speed: 0.0303s/iter; left time: 2083.8730s
	iters: 4300, epoch: 2 | loss: 1.7198761
	speed: 0.0303s/iter; left time: 2081.4726s
	iters: 4400, epoch: 2 | loss: 2.4943464
	speed: 0.0304s/iter; left time: 2079.3866s
	iters: 4500, epoch: 2 | loss: 2.3367655
	speed: 0.0304s/iter; left time: 2077.2052s
	iters: 4600, epoch: 2 | loss: 2.2230551
	speed: 0.0303s/iter; left time: 2071.7210s
	iters: 4700, epoch: 2 | loss: 1.6652482
	speed: 0.0304s/iter; left time: 2071.4256s
	iters: 4800, epoch: 2 | loss: 2.4570470
	speed: 0.0305s/iter; left time: 2080.0415s
	iters: 4900, epoch: 2 | loss: 2.1372349
	speed: 0.0304s/iter; left time: 2065.0498s
	iters: 5000, epoch: 2 | loss: 2.3487661
	speed: 0.0303s/iter; left time: 2060.2529s
	iters: 5100, epoch: 2 | loss: 1.8942759
	speed: 0.0304s/iter; left time: 2058.0008s
	iters: 5200, epoch: 2 | loss: 2.2373796
	speed: 0.0304s/iter; left time: 2055.1917s
	iters: 5300, epoch: 2 | loss: 1.9300312
	speed: 0.0304s/iter; left time: 2052.2095s
	iters: 5400, epoch: 2 | loss: 2.6339722
	speed: 0.0304s/iter; left time: 2048.7202s
	iters: 5500, epoch: 2 | loss: 2.2673957
	speed: 0.0306s/iter; left time: 2059.8101s
	iters: 5600, epoch: 2 | loss: 2.3861938
	speed: 0.0304s/iter; left time: 2043.6148s
	iters: 5700, epoch: 2 | loss: 1.8868126
	speed: 0.0304s/iter; left time: 2039.8750s
	iters: 5800, epoch: 2 | loss: 1.7776749
	speed: 0.0304s/iter; left time: 2037.2943s
	iters: 5900, epoch: 2 | loss: 2.1370566
	speed: 0.0303s/iter; left time: 2033.1750s
	iters: 6000, epoch: 2 | loss: 2.1244619
	speed: 0.0304s/iter; left time: 2030.5783s
	iters: 6100, epoch: 2 | loss: 1.7700145
	speed: 0.0304s/iter; left time: 2028.1739s
	iters: 6200, epoch: 2 | loss: 2.4079847
	speed: 0.0304s/iter; left time: 2025.8734s
	iters: 6300, epoch: 2 | loss: 2.1836774
	speed: 0.0306s/iter; left time: 2035.2403s
	iters: 6400, epoch: 2 | loss: 2.1402180
	speed: 0.0304s/iter; left time: 2019.2448s
	iters: 6500, epoch: 2 | loss: 2.2932374
	speed: 0.0304s/iter; left time: 2015.0286s
	iters: 6600, epoch: 2 | loss: 2.0153024
	speed: 0.0304s/iter; left time: 2012.8390s
	iters: 6700, epoch: 2 | loss: 1.6889367
	speed: 0.0304s/iter; left time: 2011.3137s
	iters: 6800, epoch: 2 | loss: 2.2775743
	speed: 0.0303s/iter; left time: 2005.7153s
	iters: 6900, epoch: 2 | loss: 2.2477679
	speed: 0.0304s/iter; left time: 2004.1364s
	iters: 7000, epoch: 2 | loss: 1.7939132
	speed: 0.0305s/iter; left time: 2008.1620s
	iters: 7100, epoch: 2 | loss: 2.3316596
	speed: 0.0304s/iter; left time: 1999.2137s
	iters: 7200, epoch: 2 | loss: 2.1831396
	speed: 0.0304s/iter; left time: 1995.2489s
	iters: 7300, epoch: 2 | loss: 2.4814785
	speed: 0.0304s/iter; left time: 1993.0716s
	iters: 7400, epoch: 2 | loss: 2.1937962
	speed: 0.0304s/iter; left time: 1987.7221s
	iters: 7500, epoch: 2 | loss: 2.2152278
	speed: 0.0304s/iter; left time: 1987.5148s
	iters: 7600, epoch: 2 | loss: 1.6746031
	speed: 0.0304s/iter; left time: 1983.2530s
	iters: 7700, epoch: 2 | loss: 2.2292168
	speed: 0.0304s/iter; left time: 1982.5208s
	iters: 7800, epoch: 2 | loss: 2.0761654
	speed: 0.0305s/iter; left time: 1982.4880s
	iters: 7900, epoch: 2 | loss: 2.1927447
	speed: 0.0304s/iter; left time: 1974.2198s
	iters: 8000, epoch: 2 | loss: 2.2300317
	speed: 0.0304s/iter; left time: 1971.6978s
Epoch: 2 cost time: 246.23627471923828
Epoch: 2, Steps: 8099 | Train Loss: 2.1007557 Vali Loss: 1.9764072 Test Loss: 2.2793453
Validation loss decreased (1.977409 --> 1.976407).  Saving model ...
Updating learning rate to 0.0005
	iters: 100, epoch: 3 | loss: 2.2406378
	speed: 1.6176s/iter; left time: 104648.7311s
	iters: 200, epoch: 3 | loss: 2.4880757
	speed: 0.0304s/iter; left time: 1961.0894s
	iters: 300, epoch: 3 | loss: 1.9762682
	speed: 0.0303s/iter; left time: 1954.7554s
	iters: 400, epoch: 3 | loss: 1.6836056
	speed: 0.0303s/iter; left time: 1954.0878s
	iters: 500, epoch: 3 | loss: 2.1029227
	speed: 0.0304s/iter; left time: 1952.3268s
	iters: 600, epoch: 3 | loss: 1.9323801
	speed: 0.0304s/iter; left time: 1948.7947s
	iters: 700, epoch: 3 | loss: 2.3238626
	speed: 0.0303s/iter; left time: 1943.5121s
	iters: 800, epoch: 3 | loss: 2.2138848
	speed: 0.0304s/iter; left time: 1943.3438s
	iters: 900, epoch: 3 | loss: 1.8429703
	speed: 0.0304s/iter; left time: 1941.0138s
	iters: 1000, epoch: 3 | loss: 2.2215707
	speed: 0.0303s/iter; left time: 1935.6423s
	iters: 1100, epoch: 3 | loss: 1.9548259
	speed: 0.0304s/iter; left time: 1933.6434s
	iters: 1200, epoch: 3 | loss: 2.1150811
	speed: 0.0305s/iter; left time: 1938.0879s
	iters: 1300, epoch: 3 | loss: 1.6704170
	speed: 0.0303s/iter; left time: 1926.3187s
	iters: 1400, epoch: 3 | loss: 2.0629656
	speed: 0.0303s/iter; left time: 1923.5727s
	iters: 1500, epoch: 3 | loss: 2.0228870
	speed: 0.0304s/iter; left time: 1921.1460s
	iters: 1600, epoch: 3 | loss: 1.8187540
	speed: 0.0304s/iter; left time: 1919.5783s
	iters: 1700, epoch: 3 | loss: 2.5170307
	speed: 0.0304s/iter; left time: 1915.7940s
	iters: 1800, epoch: 3 | loss: 1.8817827
	speed: 0.0304s/iter; left time: 1914.1150s
	iters: 1900, epoch: 3 | loss: 2.1826363
	speed: 0.0304s/iter; left time: 1910.4793s
	iters: 2000, epoch: 3 | loss: 2.1372559
	speed: 0.0305s/iter; left time: 1913.4016s
	iters: 2100, epoch: 3 | loss: 2.2788711
	speed: 0.0304s/iter; left time: 1904.5698s
	iters: 2200, epoch: 3 | loss: 2.0107353
	speed: 0.0303s/iter; left time: 1899.1995s
	iters: 2300, epoch: 3 | loss: 2.1120334
	speed: 0.0303s/iter; left time: 1896.3785s
	iters: 2400, epoch: 3 | loss: 2.2659745
	speed: 0.0304s/iter; left time: 1895.1897s
	iters: 2500, epoch: 3 | loss: 2.3383908
	speed: 0.0304s/iter; left time: 1891.5070s
	iters: 2600, epoch: 3 | loss: 2.0639551
	speed: 0.0303s/iter; left time: 1887.2137s
	iters: 2700, epoch: 3 | loss: 2.2182479
	speed: 0.0304s/iter; left time: 1886.2110s
	iters: 2800, epoch: 3 | loss: 2.0839381
	speed: 0.0304s/iter; left time: 1884.7057s
	iters: 2900, epoch: 3 | loss: 2.2089295
	speed: 0.0303s/iter; left time: 1877.8823s
	iters: 3000, epoch: 3 | loss: 2.0193365
	speed: 0.0303s/iter; left time: 1875.2078s
	iters: 3100, epoch: 3 | loss: 2.2722270
	speed: 0.0303s/iter; left time: 1872.3651s
	iters: 3200, epoch: 3 | loss: 2.1243191
	speed: 0.0304s/iter; left time: 1870.3789s
	iters: 3300, epoch: 3 | loss: 1.8144826
	speed: 0.0305s/iter; left time: 1875.3044s
	iters: 3400, epoch: 3 | loss: 2.4163778
	speed: 0.0304s/iter; left time: 1866.7980s
	iters: 3500, epoch: 3 | loss: 2.3457720
	speed: 0.0304s/iter; left time: 1860.4744s
	iters: 3600, epoch: 3 | loss: 2.3891463
	speed: 0.0303s/iter; left time: 1857.0411s
	iters: 3700, epoch: 3 | loss: 2.2346509
	speed: 0.0304s/iter; left time: 1856.7703s
	iters: 3800, epoch: 3 | loss: 2.0051141
	speed: 0.0304s/iter; left time: 1854.7251s
	iters: 3900, epoch: 3 | loss: 2.1119425
	speed: 0.0304s/iter; left time: 1848.9638s
	iters: 4000, epoch: 3 | loss: 1.8093996
	speed: 0.0304s/iter; left time: 1846.8613s
	iters: 4100, epoch: 3 | loss: 2.4041522
	speed: 0.0304s/iter; left time: 1843.0853s
	iters: 4200, epoch: 3 | loss: 2.0076163
	speed: 0.0304s/iter; left time: 1840.4928s
	iters: 4300, epoch: 3 | loss: 2.2001512
	speed: 0.0304s/iter; left time: 1838.1631s
	iters: 4400, epoch: 3 | loss: 2.3019586
	speed: 0.0304s/iter; left time: 1833.4372s
	iters: 4500, epoch: 3 | loss: 2.1412091
	speed: 0.0304s/iter; left time: 1831.8265s
	iters: 4600, epoch: 3 | loss: 2.0512230
	speed: 0.0304s/iter; left time: 1828.4282s
	iters: 4700, epoch: 3 | loss: 2.2819877
	speed: 0.0304s/iter; left time: 1824.9239s
	iters: 4800, epoch: 3 | loss: 1.6693475
	speed: 0.0304s/iter; left time: 1822.7206s
	iters: 4900, epoch: 3 | loss: 2.2882950
	speed: 0.0304s/iter; left time: 1818.3675s
	iters: 5000, epoch: 3 | loss: 2.2393756
	speed: 0.0305s/iter; left time: 1823.1197s
	iters: 5100, epoch: 3 | loss: 2.1245515
	speed: 0.0304s/iter; left time: 1812.5071s
	iters: 5200, epoch: 3 | loss: 2.4189732
	speed: 0.0304s/iter; left time: 1810.0506s
	iters: 5300, epoch: 3 | loss: 1.9994575
	speed: 0.0303s/iter; left time: 1805.4634s
	iters: 5400, epoch: 3 | loss: 2.2591331
	speed: 0.0304s/iter; left time: 1803.9825s
	iters: 5500, epoch: 3 | loss: 1.7854151
	speed: 0.0304s/iter; left time: 1799.9502s
	iters: 5600, epoch: 3 | loss: 1.8244646
	speed: 0.0304s/iter; left time: 1796.7896s
	iters: 5700, epoch: 3 | loss: 2.2495584
	speed: 0.0305s/iter; left time: 1800.9745s
	iters: 5800, epoch: 3 | loss: 1.9658359
	speed: 0.0304s/iter; left time: 1791.3615s
	iters: 5900, epoch: 3 | loss: 2.1606345
	speed: 0.0304s/iter; left time: 1787.7074s
	iters: 6000, epoch: 3 | loss: 1.9586077
	speed: 0.0304s/iter; left time: 1786.4395s
	iters: 6100, epoch: 3 | loss: 2.6394260
	speed: 0.0304s/iter; left time: 1782.1614s
	iters: 6200, epoch: 3 | loss: 1.9228185
	speed: 0.0303s/iter; left time: 1777.1469s
	iters: 6300, epoch: 3 | loss: 2.1396675
	speed: 0.0304s/iter; left time: 1777.0283s
	iters: 6400, epoch: 3 | loss: 2.1445768
	speed: 0.0304s/iter; left time: 1772.4065s
	iters: 6500, epoch: 3 | loss: 2.0878353
	speed: 0.0304s/iter; left time: 1769.5402s
	iters: 6600, epoch: 3 | loss: 1.8387780
	speed: 0.0303s/iter; left time: 1765.5471s
	iters: 6700, epoch: 3 | loss: 2.0914278
	speed: 0.0304s/iter; left time: 1764.1290s
	iters: 6800, epoch: 3 | loss: 2.1523502
	speed: 0.0303s/iter; left time: 1758.7883s
	iters: 6900, epoch: 3 | loss: 2.1421204
	speed: 0.0303s/iter; left time: 1756.3692s
	iters: 7000, epoch: 3 | loss: 2.3447671
	speed: 0.0304s/iter; left time: 1754.7214s
	iters: 7100, epoch: 3 | loss: 1.9239689
	speed: 0.0303s/iter; left time: 1749.6881s
	iters: 7200, epoch: 3 | loss: 1.8847518
	speed: 0.0306s/iter; left time: 1762.3048s
	iters: 7300, epoch: 3 | loss: 2.0297096
	speed: 0.0303s/iter; left time: 1744.8205s
	iters: 7400, epoch: 3 | loss: 2.1194983
	speed: 0.0304s/iter; left time: 1743.3599s
	iters: 7500, epoch: 3 | loss: 1.9262885
	speed: 0.0304s/iter; left time: 1741.9694s
	iters: 7600, epoch: 3 | loss: 2.4675212
	speed: 0.0303s/iter; left time: 1734.2628s
	iters: 7700, epoch: 3 | loss: 2.6279535
	speed: 0.0303s/iter; left time: 1731.6779s
	iters: 7800, epoch: 3 | loss: 1.9067438
	speed: 0.0304s/iter; left time: 1729.7952s
	iters: 7900, epoch: 3 | loss: 2.0342231
	speed: 0.0304s/iter; left time: 1728.0097s
	iters: 8000, epoch: 3 | loss: 1.9488844
	speed: 0.0304s/iter; left time: 1723.7641s
Epoch: 3 cost time: 246.17885851860046
Epoch: 3, Steps: 8099 | Train Loss: 2.1005263 Vali Loss: 1.9761747 Test Loss: 2.2864423
Validation loss decreased (1.976407 --> 1.976175).  Saving model ...
Updating learning rate to 0.00025
	iters: 100, epoch: 4 | loss: 1.9199563
	speed: 1.6182s/iter; left time: 91582.2775s
	iters: 200, epoch: 4 | loss: 2.3739614
	speed: 0.0303s/iter; left time: 1714.3691s
	iters: 300, epoch: 4 | loss: 2.0675619
	speed: 0.0303s/iter; left time: 1711.3755s
	iters: 400, epoch: 4 | loss: 1.9802898
	speed: 0.0304s/iter; left time: 1709.7392s
	iters: 500, epoch: 4 | loss: 2.0816388
	speed: 0.0303s/iter; left time: 1704.9964s
	iters: 600, epoch: 4 | loss: 2.4602945
	speed: 0.0304s/iter; left time: 1702.9329s
	iters: 700, epoch: 4 | loss: 2.1477799
	speed: 0.0303s/iter; left time: 1698.4151s
	iters: 800, epoch: 4 | loss: 1.9545368
	speed: 0.0303s/iter; left time: 1695.8572s
	iters: 900, epoch: 4 | loss: 2.2009683
	speed: 0.0304s/iter; left time: 1694.4782s
	iters: 1000, epoch: 4 | loss: 2.2399144
	speed: 0.0303s/iter; left time: 1689.9131s
	iters: 1100, epoch: 4 | loss: 2.1625357
	speed: 0.0303s/iter; left time: 1686.1744s
	iters: 1200, epoch: 4 | loss: 1.9498084
	speed: 0.0304s/iter; left time: 1684.9112s
	iters: 1300, epoch: 4 | loss: 2.1467710
	speed: 0.0304s/iter; left time: 1682.0049s
	iters: 1400, epoch: 4 | loss: 1.9418739
	speed: 0.0303s/iter; left time: 1677.9476s
	iters: 1500, epoch: 4 | loss: 2.1196876
	speed: 0.0304s/iter; left time: 1680.3180s
	iters: 1600, epoch: 4 | loss: 2.5405667
	speed: 0.0303s/iter; left time: 1671.7319s
	iters: 1700, epoch: 4 | loss: 2.2413337
	speed: 0.0304s/iter; left time: 1669.1283s
	iters: 1800, epoch: 4 | loss: 2.3010471
	speed: 0.0303s/iter; left time: 1665.3920s
	iters: 1900, epoch: 4 | loss: 2.2434189
	speed: 0.0304s/iter; left time: 1663.5053s
	iters: 2000, epoch: 4 | loss: 2.1222448
	speed: 0.0305s/iter; left time: 1665.8616s
	iters: 2100, epoch: 4 | loss: 2.2006910
	speed: 0.0304s/iter; left time: 1657.4313s
	iters: 2200, epoch: 4 | loss: 1.7136182
	speed: 0.0304s/iter; left time: 1655.1389s
	iters: 2300, epoch: 4 | loss: 2.0607128
	speed: 0.0304s/iter; left time: 1651.0915s
	iters: 2400, epoch: 4 | loss: 2.1836352
	speed: 0.0303s/iter; left time: 1647.6105s
	iters: 2500, epoch: 4 | loss: 1.9694411
	speed: 0.0304s/iter; left time: 1645.4766s
	iters: 2600, epoch: 4 | loss: 1.9154793
	speed: 0.0304s/iter; left time: 1642.6720s
	iters: 2700, epoch: 4 | loss: 1.8460697
	speed: 0.0304s/iter; left time: 1639.6232s
	iters: 2800, epoch: 4 | loss: 2.0100889
	speed: 0.0304s/iter; left time: 1637.2634s
	iters: 2900, epoch: 4 | loss: 1.9941499
	speed: 0.0304s/iter; left time: 1634.1038s
	iters: 3000, epoch: 4 | loss: 2.5033011
	speed: 0.0303s/iter; left time: 1628.7291s
	iters: 3100, epoch: 4 | loss: 2.3883977
	speed: 0.0304s/iter; left time: 1627.6500s
	iters: 3200, epoch: 4 | loss: 2.1863916
	speed: 0.0303s/iter; left time: 1623.4084s
	iters: 3300, epoch: 4 | loss: 2.0685892
	speed: 0.0304s/iter; left time: 1620.7804s
	iters: 3400, epoch: 4 | loss: 2.1172090
	speed: 0.0304s/iter; left time: 1619.7057s
	iters: 3500, epoch: 4 | loss: 1.8687513
	speed: 0.0307s/iter; left time: 1631.8002s
	iters: 3600, epoch: 4 | loss: 1.8865494
	speed: 0.0304s/iter; left time: 1613.0659s
	iters: 3700, epoch: 4 | loss: 2.0779624
	speed: 0.0304s/iter; left time: 1608.6405s
	iters: 3800, epoch: 4 | loss: 2.4976890
	speed: 0.0304s/iter; left time: 1606.3726s
	iters: 3900, epoch: 4 | loss: 1.8707267
	speed: 0.0304s/iter; left time: 1602.4111s
	iters: 4000, epoch: 4 | loss: 2.3946724
	speed: 0.0304s/iter; left time: 1602.0056s
	iters: 4100, epoch: 4 | loss: 2.2796972
	speed: 0.0304s/iter; left time: 1597.9063s
	iters: 4200, epoch: 4 | loss: 2.2028434
	speed: 0.0304s/iter; left time: 1594.4748s
	iters: 4300, epoch: 4 | loss: 2.3388219
	speed: 0.0304s/iter; left time: 1591.1926s
	iters: 4400, epoch: 4 | loss: 2.3472550
	speed: 0.0304s/iter; left time: 1588.7769s
	iters: 4500, epoch: 4 | loss: 1.9747041
	speed: 0.0304s/iter; left time: 1585.5507s
	iters: 4600, epoch: 4 | loss: 1.9987098
	speed: 0.0304s/iter; left time: 1582.8718s
	iters: 4700, epoch: 4 | loss: 2.1880033
	speed: 0.0304s/iter; left time: 1579.0339s
	iters: 4800, epoch: 4 | loss: 2.2129958
	speed: 0.0304s/iter; left time: 1577.9803s
	iters: 4900, epoch: 4 | loss: 1.9764699
	speed: 0.0303s/iter; left time: 1571.0900s
	iters: 5000, epoch: 4 | loss: 2.1997564
	speed: 0.0305s/iter; left time: 1575.1795s
	iters: 5100, epoch: 4 | loss: 2.0358794
	speed: 0.0304s/iter; left time: 1567.3564s
	iters: 5200, epoch: 4 | loss: 2.2402823
	speed: 0.0304s/iter; left time: 1565.6182s
	iters: 5300, epoch: 4 | loss: 2.1613953
	speed: 0.0304s/iter; left time: 1561.6184s
	iters: 5400, epoch: 4 | loss: 2.1994069
	speed: 0.0304s/iter; left time: 1556.8427s
	iters: 5500, epoch: 4 | loss: 2.1307552
	speed: 0.0304s/iter; left time: 1553.9813s
	iters: 5600, epoch: 4 | loss: 1.7617776
	speed: 0.0304s/iter; left time: 1550.7874s
	iters: 5700, epoch: 4 | loss: 2.2378135
	speed: 0.0304s/iter; left time: 1548.7589s
	iters: 5800, epoch: 4 | loss: 2.2671971
	speed: 0.0305s/iter; left time: 1551.1468s
	iters: 5900, epoch: 4 | loss: 1.9878547
	speed: 0.0304s/iter; left time: 1541.7631s
	iters: 6000, epoch: 4 | loss: 2.1599791
	speed: 0.0304s/iter; left time: 1540.0032s
	iters: 6100, epoch: 4 | loss: 2.0600684
	speed: 0.0304s/iter; left time: 1535.9595s
	iters: 6200, epoch: 4 | loss: 1.9925174
	speed: 0.0304s/iter; left time: 1532.9155s
	iters: 6300, epoch: 4 | loss: 2.0525033
	speed: 0.0303s/iter; left time: 1529.1189s
	iters: 6400, epoch: 4 | loss: 2.3070838
	speed: 0.0304s/iter; left time: 1528.7490s
	iters: 6500, epoch: 4 | loss: 2.1157486
	speed: 0.0304s/iter; left time: 1525.8166s
	iters: 6600, epoch: 4 | loss: 2.0781736
	speed: 0.0303s/iter; left time: 1518.5647s
	iters: 6700, epoch: 4 | loss: 2.1426277
	speed: 0.0304s/iter; left time: 1519.3444s
	iters: 6800, epoch: 4 | loss: 2.1932814
	speed: 0.0304s/iter; left time: 1515.2985s
	iters: 6900, epoch: 4 | loss: 2.2966683
	speed: 0.0304s/iter; left time: 1512.0130s
	iters: 7000, epoch: 4 | loss: 2.0830219
	speed: 0.0304s/iter; left time: 1508.9533s
	iters: 7100, epoch: 4 | loss: 1.9662986
	speed: 0.0304s/iter; left time: 1505.9263s
	iters: 7200, epoch: 4 | loss: 2.3030713
	speed: 0.0304s/iter; left time: 1502.7669s
	iters: 7300, epoch: 4 | loss: 2.0866759
	speed: 0.0304s/iter; left time: 1502.0586s
	iters: 7400, epoch: 4 | loss: 2.0678933
	speed: 0.0303s/iter; left time: 1494.5444s
	iters: 7500, epoch: 4 | loss: 2.0110435
	speed: 0.0303s/iter; left time: 1492.5562s
	iters: 7600, epoch: 4 | loss: 2.5354967
	speed: 0.0304s/iter; left time: 1490.0701s
	iters: 7700, epoch: 4 | loss: 1.9756719
	speed: 0.0303s/iter; left time: 1486.8837s
	iters: 7800, epoch: 4 | loss: 2.0752280
	speed: 0.0304s/iter; left time: 1484.9467s
	iters: 7900, epoch: 4 | loss: 2.2867653
	speed: 0.0304s/iter; left time: 1481.7800s
	iters: 8000, epoch: 4 | loss: 1.9099661
	speed: 0.0304s/iter; left time: 1478.6190s
Epoch: 4 cost time: 246.17954444885254
Epoch: 4, Steps: 8099 | Train Loss: 2.1004175 Vali Loss: 1.9762725 Test Loss: 2.2828732
EarlyStopping counter: 1 out of 3
Updating learning rate to 0.000125
	iters: 100, epoch: 5 | loss: 2.5452278
	speed: 1.6319s/iter; left time: 79138.4127s
	iters: 200, epoch: 5 | loss: 2.2709749
	speed: 0.0303s/iter; left time: 1468.4772s
	iters: 300, epoch: 5 | loss: 2.2998977
	speed: 0.0304s/iter; left time: 1465.8960s
	iters: 400, epoch: 5 | loss: 1.8973891
	speed: 0.0303s/iter; left time: 1462.3565s
	iters: 500, epoch: 5 | loss: 2.1474788
	speed: 0.0304s/iter; left time: 1460.8646s
	iters: 600, epoch: 5 | loss: 1.8227640
	speed: 0.0303s/iter; left time: 1456.1693s
	iters: 700, epoch: 5 | loss: 1.9252264
	speed: 0.0304s/iter; left time: 1454.3949s
	iters: 800, epoch: 5 | loss: 2.2343988
	speed: 0.0303s/iter; left time: 1450.4242s
	iters: 900, epoch: 5 | loss: 2.4077497
	speed: 0.0304s/iter; left time: 1448.5647s
	iters: 1000, epoch: 5 | loss: 2.2554586
	speed: 0.0304s/iter; left time: 1444.8281s
	iters: 1100, epoch: 5 | loss: 2.1184521
	speed: 0.0303s/iter; left time: 1440.8195s
	iters: 1200, epoch: 5 | loss: 2.1638174
	speed: 0.0304s/iter; left time: 1438.9845s
	iters: 1300, epoch: 5 | loss: 1.9490986
	speed: 0.0304s/iter; left time: 1435.6019s
	iters: 1400, epoch: 5 | loss: 2.0587733
	speed: 0.0303s/iter; left time: 1432.2370s
	iters: 1500, epoch: 5 | loss: 1.9073915
	speed: 0.0304s/iter; left time: 1431.0778s
	iters: 1600, epoch: 5 | loss: 2.4824319
	speed: 0.0303s/iter; left time: 1425.4556s
	iters: 1700, epoch: 5 | loss: 2.2314496
	speed: 0.0304s/iter; left time: 1424.1761s
	iters: 1800, epoch: 5 | loss: 2.4851806
	speed: 0.0303s/iter; left time: 1420.1896s
	iters: 1900, epoch: 5 | loss: 2.1098721
	speed: 0.0304s/iter; left time: 1417.3186s
	iters: 2000, epoch: 5 | loss: 1.8598483
	speed: 0.0303s/iter; left time: 1413.3362s
	iters: 2100, epoch: 5 | loss: 1.9720143
	speed: 0.0303s/iter; left time: 1410.8824s
	iters: 2200, epoch: 5 | loss: 1.7725056
	speed: 0.0304s/iter; left time: 1409.1556s
	iters: 2300, epoch: 5 | loss: 1.9531887
	speed: 0.0304s/iter; left time: 1405.3917s
	iters: 2400, epoch: 5 | loss: 2.0065978
	speed: 0.0304s/iter; left time: 1402.5696s
	iters: 2500, epoch: 5 | loss: 2.1829491
	speed: 0.0304s/iter; left time: 1399.2321s
	iters: 2600, epoch: 5 | loss: 2.1956069
	speed: 0.0304s/iter; left time: 1396.1920s
	iters: 2700, epoch: 5 | loss: 1.9153063
	speed: 0.0304s/iter; left time: 1393.7235s
	iters: 2800, epoch: 5 | loss: 2.3285995
	speed: 0.0303s/iter; left time: 1389.4548s
	iters: 2900, epoch: 5 | loss: 2.2888761
	speed: 0.0306s/iter; left time: 1397.2162s
	iters: 3000, epoch: 5 | loss: 2.4717231
	speed: 0.0304s/iter; left time: 1384.3943s
	iters: 3100, epoch: 5 | loss: 1.7877575
	speed: 0.0304s/iter; left time: 1381.3703s
	iters: 3200, epoch: 5 | loss: 2.1770394
	speed: 0.0304s/iter; left time: 1378.0721s
	iters: 3300, epoch: 5 | loss: 1.9195733
	speed: 0.0304s/iter; left time: 1375.6603s
	iters: 3400, epoch: 5 | loss: 2.3739476
	speed: 0.0304s/iter; left time: 1373.2175s
	iters: 3500, epoch: 5 | loss: 1.9604679
	speed: 0.0303s/iter; left time: 1368.5404s
	iters: 3600, epoch: 5 | loss: 1.8754314
	speed: 0.0304s/iter; left time: 1367.1858s
	iters: 3700, epoch: 5 | loss: 1.6998352
	speed: 0.0305s/iter; left time: 1368.8403s
	iters: 3800, epoch: 5 | loss: 2.3454156
	speed: 0.0304s/iter; left time: 1361.2529s
	iters: 3900, epoch: 5 | loss: 2.0402765
	speed: 0.0304s/iter; left time: 1356.9421s
	iters: 4000, epoch: 5 | loss: 2.1453168
	speed: 0.0304s/iter; left time: 1354.2145s
	iters: 4100, epoch: 5 | loss: 2.2531815
	speed: 0.0304s/iter; left time: 1350.5221s
	iters: 4200, epoch: 5 | loss: 2.0673566
	speed: 0.0304s/iter; left time: 1348.9616s
	iters: 4300, epoch: 5 | loss: 2.3099124
	speed: 0.0304s/iter; left time: 1344.8585s
	iters: 4400, epoch: 5 | loss: 1.7856157
	speed: 0.0305s/iter; left time: 1347.3882s
	iters: 4500, epoch: 5 | loss: 2.4230869
	speed: 0.0305s/iter; left time: 1344.0915s
	iters: 4600, epoch: 5 | loss: 2.0343735
	speed: 0.0303s/iter; left time: 1334.9940s
	iters: 4700, epoch: 5 | loss: 1.8529569
	speed: 0.0304s/iter; left time: 1332.9236s
	iters: 4800, epoch: 5 | loss: 1.9201310
	speed: 0.0304s/iter; left time: 1331.2010s
	iters: 4900, epoch: 5 | loss: 2.4482985
	speed: 0.0304s/iter; left time: 1326.6934s
	iters: 5000, epoch: 5 | loss: 1.8932494
	speed: 0.0303s/iter; left time: 1322.8847s
	iters: 5100, epoch: 5 | loss: 1.8937980
	speed: 0.0303s/iter; left time: 1319.4527s
	iters: 5200, epoch: 5 | loss: 2.1832297
	speed: 0.0305s/iter; left time: 1322.1588s
	iters: 5300, epoch: 5 | loss: 1.8631158
	speed: 0.0304s/iter; left time: 1314.2450s
	iters: 5400, epoch: 5 | loss: 2.2242374
	speed: 0.0304s/iter; left time: 1311.1284s
	iters: 5500, epoch: 5 | loss: 2.0735221
	speed: 0.0305s/iter; left time: 1313.2196s
	iters: 5600, epoch: 5 | loss: 2.1531487
	speed: 0.0304s/iter; left time: 1306.0360s
	iters: 5700, epoch: 5 | loss: 2.1169460
	speed: 0.0304s/iter; left time: 1302.5525s
	iters: 5800, epoch: 5 | loss: 2.0313876
	speed: 0.0303s/iter; left time: 1298.4970s
	iters: 5900, epoch: 5 | loss: 2.2877972
	speed: 0.0304s/iter; left time: 1296.1083s
	iters: 6000, epoch: 5 | loss: 2.2315724
	speed: 0.0305s/iter; left time: 1298.2896s
	iters: 6100, epoch: 5 | loss: 1.9369282
	speed: 0.0304s/iter; left time: 1290.9390s
	iters: 6200, epoch: 5 | loss: 2.2190473
	speed: 0.0304s/iter; left time: 1287.1075s
	iters: 6300, epoch: 5 | loss: 2.1669829
	speed: 0.0305s/iter; left time: 1289.7746s
	iters: 6400, epoch: 5 | loss: 2.2147443
	speed: 0.0303s/iter; left time: 1280.1561s
	iters: 6500, epoch: 5 | loss: 1.9587014
	speed: 0.0303s/iter; left time: 1277.0057s
	iters: 6600, epoch: 5 | loss: 2.0329661
	speed: 0.0303s/iter; left time: 1274.4704s
	iters: 6700, epoch: 5 | loss: 2.0590403
	speed: 0.0305s/iter; left time: 1275.9629s
	iters: 6800, epoch: 5 | loss: 2.0628414
	speed: 0.0304s/iter; left time: 1271.9296s
	iters: 6900, epoch: 5 | loss: 2.2298193
	speed: 0.0303s/iter; left time: 1265.0823s
	iters: 7000, epoch: 5 | loss: 1.7137371
	speed: 0.0303s/iter; left time: 1261.8109s
	iters: 7100, epoch: 5 | loss: 2.2734680
	speed: 0.0304s/iter; left time: 1259.6335s
	iters: 7200, epoch: 5 | loss: 2.1346910
	speed: 0.0303s/iter; left time: 1255.2331s
	iters: 7300, epoch: 5 | loss: 2.2438118
	speed: 0.0303s/iter; left time: 1252.9678s
	iters: 7400, epoch: 5 | loss: 2.3495386
	speed: 0.0303s/iter; left time: 1249.8393s
	iters: 7500, epoch: 5 | loss: 2.1957555
	speed: 0.0306s/iter; left time: 1256.3307s
	iters: 7600, epoch: 5 | loss: 2.4617841
	speed: 0.0303s/iter; left time: 1243.0461s
	iters: 7700, epoch: 5 | loss: 2.2458043
	speed: 0.0304s/iter; left time: 1241.2061s
	iters: 7800, epoch: 5 | loss: 2.0943594
	speed: 0.0303s/iter; left time: 1237.5045s
	iters: 7900, epoch: 5 | loss: 2.0544517
	speed: 0.0303s/iter; left time: 1234.6144s
	iters: 8000, epoch: 5 | loss: 2.4445632
	speed: 0.0305s/iter; left time: 1236.2217s
Epoch: 5 cost time: 246.20300841331482
Epoch: 5, Steps: 8099 | Train Loss: 2.1003962 Vali Loss: 1.9763252 Test Loss: 2.2838016
EarlyStopping counter: 2 out of 3
Updating learning rate to 6.25e-05
	iters: 100, epoch: 6 | loss: 1.7333627
	speed: 1.6347s/iter; left time: 66033.4009s
	iters: 200, epoch: 6 | loss: 2.3065248
	speed: 0.0303s/iter; left time: 1222.3149s
	iters: 300, epoch: 6 | loss: 2.2409234
	speed: 0.0304s/iter; left time: 1221.5297s
	iters: 400, epoch: 6 | loss: 2.1646664
	speed: 0.0304s/iter; left time: 1217.9082s
	iters: 500, epoch: 6 | loss: 1.8463470
	speed: 0.0304s/iter; left time: 1217.4341s
	iters: 600, epoch: 6 | loss: 1.9273424
	speed: 0.0304s/iter; left time: 1210.8533s
	iters: 700, epoch: 6 | loss: 2.2950373
	speed: 0.0304s/iter; left time: 1208.1393s
	iters: 800, epoch: 6 | loss: 2.0111647
	speed: 0.0303s/iter; left time: 1204.5215s
	iters: 900, epoch: 6 | loss: 1.9437836
	speed: 0.0304s/iter; left time: 1202.0032s
	iters: 1000, epoch: 6 | loss: 1.9461527
	speed: 0.0304s/iter; left time: 1199.1142s
	iters: 1100, epoch: 6 | loss: 1.9985727
	speed: 0.0303s/iter; left time: 1195.2100s
	iters: 1200, epoch: 6 | loss: 1.8395301
	speed: 0.0303s/iter; left time: 1192.5352s
	iters: 1300, epoch: 6 | loss: 2.3378069
	speed: 0.0304s/iter; left time: 1190.1644s
	iters: 1400, epoch: 6 | loss: 1.9139669
	speed: 0.0304s/iter; left time: 1186.9830s
	iters: 1500, epoch: 6 | loss: 2.4141858
	speed: 0.0303s/iter; left time: 1183.0626s
	iters: 1600, epoch: 6 | loss: 1.9632514
	speed: 0.0303s/iter; left time: 1180.2133s
	iters: 1700, epoch: 6 | loss: 1.9592164
	speed: 0.0304s/iter; left time: 1177.5896s
	iters: 1800, epoch: 6 | loss: 2.1197486
	speed: 0.0303s/iter; left time: 1173.9119s
	iters: 1900, epoch: 6 | loss: 2.0667398
	speed: 0.0303s/iter; left time: 1170.5260s
	iters: 2000, epoch: 6 | loss: 1.7976139
	speed: 0.0303s/iter; left time: 1167.8631s
	iters: 2100, epoch: 6 | loss: 2.1900518
	speed: 0.0303s/iter; left time: 1164.5238s
	iters: 2200, epoch: 6 | loss: 2.0761576
	speed: 0.0304s/iter; left time: 1162.6893s
	iters: 2300, epoch: 6 | loss: 2.1133492
	speed: 0.0304s/iter; left time: 1160.0638s
	iters: 2400, epoch: 6 | loss: 1.9168514
	speed: 0.0303s/iter; left time: 1154.5191s
	iters: 2500, epoch: 6 | loss: 2.3951070
	speed: 0.0303s/iter; left time: 1152.8207s
	iters: 2600, epoch: 6 | loss: 1.9355733
	speed: 0.0303s/iter; left time: 1149.8706s
	iters: 2700, epoch: 6 | loss: 2.1533003
	speed: 0.0303s/iter; left time: 1146.5142s
	iters: 2800, epoch: 6 | loss: 1.9996940
	speed: 0.0303s/iter; left time: 1143.2696s
	iters: 2900, epoch: 6 | loss: 1.8583573
	speed: 0.0304s/iter; left time: 1144.7746s
	iters: 3000, epoch: 6 | loss: 2.2133574
	speed: 0.0303s/iter; left time: 1137.8759s
	iters: 3100, epoch: 6 | loss: 2.1566825
	speed: 0.0303s/iter; left time: 1134.4097s
	iters: 3200, epoch: 6 | loss: 2.3427465
	speed: 0.0304s/iter; left time: 1132.8741s
	iters: 3300, epoch: 6 | loss: 2.0764198
	speed: 0.0303s/iter; left time: 1128.5471s
	iters: 3400, epoch: 6 | loss: 2.1019461
	speed: 0.0303s/iter; left time: 1125.6087s
	iters: 3500, epoch: 6 | loss: 2.2137303
	speed: 0.0304s/iter; left time: 1122.9872s
	iters: 3600, epoch: 6 | loss: 1.9906054
	speed: 0.0305s/iter; left time: 1126.7413s
	iters: 3700, epoch: 6 | loss: 2.2125895
	speed: 0.0303s/iter; left time: 1115.9741s
	iters: 3800, epoch: 6 | loss: 1.9044216
	speed: 0.0304s/iter; left time: 1114.5654s
	iters: 3900, epoch: 6 | loss: 1.9925268
	speed: 0.0303s/iter; left time: 1110.4801s
	iters: 4000, epoch: 6 | loss: 2.0599465
	speed: 0.0303s/iter; left time: 1107.6366s
	iters: 4100, epoch: 6 | loss: 1.8976011
	speed: 0.0304s/iter; left time: 1104.9987s
	iters: 4200, epoch: 6 | loss: 2.1806774
	speed: 0.0303s/iter; left time: 1100.9034s
	iters: 4300, epoch: 6 | loss: 2.1999297
	speed: 0.0304s/iter; left time: 1098.5885s
	iters: 4400, epoch: 6 | loss: 2.2500730
	speed: 0.0303s/iter; left time: 1094.8987s
	iters: 4500, epoch: 6 | loss: 2.2560477
	speed: 0.0304s/iter; left time: 1092.6021s
	iters: 4600, epoch: 6 | loss: 1.8901142
	speed: 0.0304s/iter; left time: 1089.4898s
	iters: 4700, epoch: 6 | loss: 1.8476651
	speed: 0.0304s/iter; left time: 1087.4628s
	iters: 4800, epoch: 6 | loss: 1.9287256
	speed: 0.0303s/iter; left time: 1083.2163s
	iters: 4900, epoch: 6 | loss: 1.9578871
	speed: 0.0304s/iter; left time: 1080.3681s
	iters: 5000, epoch: 6 | loss: 2.0313978
	speed: 0.0304s/iter; left time: 1078.1537s
	iters: 5100, epoch: 6 | loss: 2.2579336
	speed: 0.0304s/iter; left time: 1077.5436s
	iters: 5200, epoch: 6 | loss: 1.9301319
	speed: 0.0304s/iter; left time: 1071.6220s
	iters: 5300, epoch: 6 | loss: 2.1605859
	speed: 0.0303s/iter; left time: 1068.0268s
	iters: 5400, epoch: 6 | loss: 1.9896672
	speed: 0.0303s/iter; left time: 1065.0170s
	iters: 5500, epoch: 6 | loss: 2.4054034
	speed: 0.0304s/iter; left time: 1062.4217s
	iters: 5600, epoch: 6 | loss: 2.1537993
	speed: 0.0303s/iter; left time: 1058.8053s
	iters: 5700, epoch: 6 | loss: 1.9896934
	speed: 0.0303s/iter; left time: 1055.7061s
	iters: 5800, epoch: 6 | loss: 1.9778384
	speed: 0.0304s/iter; left time: 1054.1970s
	iters: 5900, epoch: 6 | loss: 2.6333444
	speed: 0.0303s/iter; left time: 1048.3551s
	iters: 6000, epoch: 6 | loss: 1.7934992
	speed: 0.0304s/iter; left time: 1047.1318s
	iters: 6100, epoch: 6 | loss: 2.3089569
	speed: 0.0304s/iter; left time: 1044.4782s
	iters: 6200, epoch: 6 | loss: 1.8147062
	speed: 0.0304s/iter; left time: 1041.1222s
	iters: 6300, epoch: 6 | loss: 2.0262430
	speed: 0.0303s/iter; left time: 1037.7917s
	iters: 6400, epoch: 6 | loss: 1.9518447
	speed: 0.0303s/iter; left time: 1034.3977s
	iters: 6500, epoch: 6 | loss: 2.1422367
	speed: 0.0304s/iter; left time: 1031.9513s
	iters: 6600, epoch: 6 | loss: 2.1416519
	speed: 0.0304s/iter; left time: 1029.1416s
	iters: 6700, epoch: 6 | loss: 2.1822145
	speed: 0.0304s/iter; left time: 1026.3777s
	iters: 6800, epoch: 6 | loss: 1.8185689
	speed: 0.0303s/iter; left time: 1022.6241s
	iters: 6900, epoch: 6 | loss: 2.1300867
	speed: 0.0304s/iter; left time: 1022.6125s
	iters: 7000, epoch: 6 | loss: 2.0240216
	speed: 0.0303s/iter; left time: 1015.6427s
	iters: 7100, epoch: 6 | loss: 2.1355145
	speed: 0.0304s/iter; left time: 1013.6385s
	iters: 7200, epoch: 6 | loss: 1.9996274
	speed: 0.0303s/iter; left time: 1010.1808s
	iters: 7300, epoch: 6 | loss: 2.1642587
	speed: 0.0304s/iter; left time: 1009.8868s
	iters: 7400, epoch: 6 | loss: 2.1819825
	speed: 0.0304s/iter; left time: 1004.7986s
	iters: 7500, epoch: 6 | loss: 1.9738604
	speed: 0.0303s/iter; left time: 1001.0546s
	iters: 7600, epoch: 6 | loss: 2.3271828
	speed: 0.0303s/iter; left time: 998.2910s
	iters: 7700, epoch: 6 | loss: 2.6716475
	speed: 0.0303s/iter; left time: 995.0757s
	iters: 7800, epoch: 6 | loss: 2.0178971
	speed: 0.0303s/iter; left time: 991.5788s
	iters: 7900, epoch: 6 | loss: 2.1465445
	speed: 0.0303s/iter; left time: 989.0399s
	iters: 8000, epoch: 6 | loss: 2.5309689
	speed: 0.0304s/iter; left time: 986.7740s
Epoch: 6 cost time: 246.05572605133057
Epoch: 6, Steps: 8099 | Train Loss: 2.1003650 Vali Loss: 1.9762696 Test Loss: 2.2848632
EarlyStopping counter: 3 out of 3
Early stopping
>>>>>>>testing : long_term_forecast_pems08_all_96_96_iTransformer_custom_ftM_sl96_ll48_pl96_dm512_nh8_el4_dl1_df512_fc3_ebtimeF_dtTrue_srate0.1_sseed7_trainseed2024_gap548_Exp_0<<<<<<<<<<<<<<<<<<<<<<<<<<<<<<<<<
test 326727
test shape: (32672, 1, 96, 212) (32672, 1, 96, 212)
test shape: (32672, 96, 212) (32672, 96, 212)
mse:2.286437511444092, mae:1.1962205171585083
>>>>>>>Overall time: 2729 seconds<<<<<<<<<<<<<<<<<<<<<<<<<<<<<<<<<
