Args in experiment:
Namespace(activation='gelu', anomaly_ratio=0.25, batch_size=16, c_out=822, checkpoints='./checkpoints/', d_ff=512, d_layers=1, d_model=512, data='custom', data_path='pems04_all_common_flow.csv', dec_in=822, des='Exp', devices='0,1,2,3', distil=True, dropout=0, e_layers=4, embed='timeF', enc_in=822, factor=3, features='M', freq='h', gap_day=730, gpu=0, inverse=False, is_training=1, itr=1, label_len=48, learning_rate=0.001, loss='MSE', lradj='type1', mask_rate=0.25, model='iTransformer', model_id='pems04_all_96_192', moving_avg=25, n_heads=8, num_kernels=6, num_workers=10, output_attention=False, p_hidden_dims=[128, 128], p_hidden_layers=2, patience=3, pred_len=192, root_path='../../data/pems/', samle_rate=0.1, sample_seed=7, seasonal_patterns='Monthly', seq_len=96, target='OT', task_name='long_term_forecast', top_k=5, train_epochs=10, train_seed=2024, use_amp=False, use_gpu=True, use_multi_gpu=False)
Use GPU: cuda:0
>>>>>>>start training : long_term_forecast_pems04_all_96_192_iTransformer_custom_ftM_sl96_ll48_pl192_dm512_nh8_el4_dl1_df512_fc3_ebtimeF_dtTrue_srate0.1_sseed7_trainseed2024_gap730_Exp_0>>>>>>>>>>>>>>>>>>>>>>>>>>
train 1164128
val 247789
test 247787
	iters: 100, epoch: 1 | loss: 1.4455594
	speed: 0.1260s/iter; left time: 9150.9801s
	iters: 200, epoch: 1 | loss: 1.7010024
	speed: 0.1176s/iter; left time: 8529.9349s
	iters: 300, epoch: 1 | loss: 2.1047704
	speed: 0.1172s/iter; left time: 8491.9468s
	iters: 400, epoch: 1 | loss: 1.7100754
	speed: 0.1172s/iter; left time: 8476.3990s
	iters: 500, epoch: 1 | loss: 2.0014837
	speed: 0.1172s/iter; left time: 8466.4540s
	iters: 600, epoch: 1 | loss: 1.7514539
	speed: 0.1170s/iter; left time: 8440.9845s
	iters: 700, epoch: 1 | loss: 1.7023139
	speed: 0.1171s/iter; left time: 8437.7045s
	iters: 800, epoch: 1 | loss: 2.3130121
	speed: 0.1173s/iter; left time: 8440.2755s
	iters: 900, epoch: 1 | loss: 1.7248691
	speed: 0.1171s/iter; left time: 8413.8494s
	iters: 1000, epoch: 1 | loss: 1.4614213
	speed: 0.1172s/iter; left time: 8407.4186s
	iters: 1100, epoch: 1 | loss: 1.8655649
	speed: 0.1172s/iter; left time: 8400.5662s
	iters: 1200, epoch: 1 | loss: 1.9502337
	speed: 0.1172s/iter; left time: 8382.5220s
	iters: 1300, epoch: 1 | loss: 1.5781033
	speed: 0.1172s/iter; left time: 8376.2698s
	iters: 1400, epoch: 1 | loss: 1.5006082
	speed: 0.1172s/iter; left time: 8363.5527s
	iters: 1500, epoch: 1 | loss: 1.8894215
	speed: 0.1173s/iter; left time: 8354.2867s
	iters: 1600, epoch: 1 | loss: 1.5944401
	speed: 0.1173s/iter; left time: 8347.6958s
	iters: 1700, epoch: 1 | loss: 1.6518648
	speed: 0.1173s/iter; left time: 8331.9134s
	iters: 1800, epoch: 1 | loss: 1.9168619
	speed: 0.1174s/iter; left time: 8328.2136s
	iters: 1900, epoch: 1 | loss: 1.7734838
	speed: 0.1173s/iter; left time: 8308.6919s
	iters: 2000, epoch: 1 | loss: 1.7147911
	speed: 0.1173s/iter; left time: 8299.8924s
	iters: 2100, epoch: 1 | loss: 1.8622556
	speed: 0.1171s/iter; left time: 8271.9017s
	iters: 2200, epoch: 1 | loss: 1.8293051
	speed: 0.1171s/iter; left time: 8264.5525s
	iters: 2300, epoch: 1 | loss: 1.6024641
	speed: 0.1173s/iter; left time: 8264.6808s
	iters: 2400, epoch: 1 | loss: 1.8124702
	speed: 0.1173s/iter; left time: 8250.4828s
	iters: 2500, epoch: 1 | loss: 1.7840896
	speed: 0.1173s/iter; left time: 8242.9257s
	iters: 2600, epoch: 1 | loss: 1.7209494
	speed: 0.1173s/iter; left time: 8231.3492s
	iters: 2700, epoch: 1 | loss: 1.8438861
	speed: 0.1174s/iter; left time: 8222.2758s
	iters: 2800, epoch: 1 | loss: 1.8720096
	speed: 0.1173s/iter; left time: 8205.8524s
	iters: 2900, epoch: 1 | loss: 1.5601372
	speed: 0.1173s/iter; left time: 8195.3499s
	iters: 3000, epoch: 1 | loss: 1.5623087
	speed: 0.1173s/iter; left time: 8184.5037s
	iters: 3100, epoch: 1 | loss: 1.6237284
	speed: 0.1173s/iter; left time: 8171.7266s
	iters: 3200, epoch: 1 | loss: 1.8248408
	speed: 0.1173s/iter; left time: 8160.2094s
	iters: 3300, epoch: 1 | loss: 1.7397584
	speed: 0.1173s/iter; left time: 8145.2695s
	iters: 3400, epoch: 1 | loss: 2.0147059
	speed: 0.1173s/iter; left time: 8136.7933s
	iters: 3500, epoch: 1 | loss: 1.5773585
	speed: 0.1173s/iter; left time: 8122.2748s
	iters: 3600, epoch: 1 | loss: 1.7381860
	speed: 0.1172s/iter; left time: 8107.5778s
	iters: 3700, epoch: 1 | loss: 1.7136881
	speed: 0.1172s/iter; left time: 8090.0016s
	iters: 3800, epoch: 1 | loss: 2.0277259
	speed: 0.1172s/iter; left time: 8077.9698s
	iters: 3900, epoch: 1 | loss: 1.6310652
	speed: 0.1171s/iter; left time: 8060.9836s
	iters: 4000, epoch: 1 | loss: 1.6306345
	speed: 0.1171s/iter; left time: 8051.4007s
	iters: 4100, epoch: 1 | loss: 2.0547302
	speed: 0.1172s/iter; left time: 8042.9983s
	iters: 4200, epoch: 1 | loss: 1.7678648
	speed: 0.1172s/iter; left time: 8033.1422s
	iters: 4300, epoch: 1 | loss: 1.5556749
	speed: 0.1171s/iter; left time: 8017.9522s
	iters: 4400, epoch: 1 | loss: 1.7031424
	speed: 0.1171s/iter; left time: 8003.4753s
	iters: 4500, epoch: 1 | loss: 1.8716433
	speed: 0.1171s/iter; left time: 7993.9263s
	iters: 4600, epoch: 1 | loss: 1.7555817
	speed: 0.1171s/iter; left time: 7982.6937s
	iters: 4700, epoch: 1 | loss: 1.5249902
	speed: 0.1171s/iter; left time: 7971.9187s
	iters: 4800, epoch: 1 | loss: 1.9083959
	speed: 0.1173s/iter; left time: 7969.2855s
	iters: 4900, epoch: 1 | loss: 1.7200259
	speed: 0.1172s/iter; left time: 7952.9692s
	iters: 5000, epoch: 1 | loss: 1.7392474
	speed: 0.1172s/iter; left time: 7939.2757s
	iters: 5100, epoch: 1 | loss: 1.7790790
	speed: 0.1172s/iter; left time: 7931.6361s
	iters: 5200, epoch: 1 | loss: 1.9758650
	speed: 0.1172s/iter; left time: 7917.1682s
	iters: 5300, epoch: 1 | loss: 1.6125563
	speed: 0.1172s/iter; left time: 7906.0233s
	iters: 5400, epoch: 1 | loss: 1.7237862
	speed: 0.1172s/iter; left time: 7894.8106s
	iters: 5500, epoch: 1 | loss: 1.6607410
	speed: 0.1172s/iter; left time: 7884.4460s
	iters: 5600, epoch: 1 | loss: 1.6518759
	speed: 0.1172s/iter; left time: 7867.8489s
	iters: 5700, epoch: 1 | loss: 1.6485566
	speed: 0.1172s/iter; left time: 7859.4771s
	iters: 5800, epoch: 1 | loss: 1.6954190
	speed: 0.1171s/iter; left time: 7840.1712s
	iters: 5900, epoch: 1 | loss: 1.9500206
	speed: 0.1170s/iter; left time: 7822.9774s
	iters: 6000, epoch: 1 | loss: 1.8696685
	speed: 0.1173s/iter; left time: 7830.6346s
	iters: 6100, epoch: 1 | loss: 1.6758490
	speed: 0.1171s/iter; left time: 7807.2472s
	iters: 6200, epoch: 1 | loss: 1.7011657
	speed: 0.1171s/iter; left time: 7792.7053s
	iters: 6300, epoch: 1 | loss: 1.8606770
	speed: 0.1172s/iter; left time: 7786.1033s
	iters: 6400, epoch: 1 | loss: 1.8233839
	speed: 0.1172s/iter; left time: 7777.8211s
	iters: 6500, epoch: 1 | loss: 1.5234754
	speed: 0.1172s/iter; left time: 7764.8252s
	iters: 6600, epoch: 1 | loss: 1.7566628
	speed: 0.1172s/iter; left time: 7754.3246s
	iters: 6700, epoch: 1 | loss: 2.0249081
	speed: 0.1172s/iter; left time: 7744.3761s
	iters: 6800, epoch: 1 | loss: 1.7204947
	speed: 0.1173s/iter; left time: 7733.6805s
	iters: 6900, epoch: 1 | loss: 1.6461346
	speed: 0.1174s/iter; left time: 7732.5341s
	iters: 7000, epoch: 1 | loss: 1.5744728
	speed: 0.1175s/iter; left time: 7723.7830s
	iters: 7100, epoch: 1 | loss: 1.9950011
	speed: 0.1175s/iter; left time: 7711.0159s
	iters: 7200, epoch: 1 | loss: 1.8599975
	speed: 0.1175s/iter; left time: 7699.9395s
Epoch: 1 cost time: 854.0150094032288
Epoch: 1, Steps: 7275 | Train Loss: 1.7355077 Vali Loss: 1.9609449 Test Loss: 1.5862505
Validation loss decreased (inf --> 1.960945).  Saving model ...
Updating learning rate to 0.001
	iters: 100, epoch: 2 | loss: 2.0473537
	speed: 2.6943s/iter; left time: 176141.5110s
	iters: 200, epoch: 2 | loss: 1.8799976
	speed: 0.1170s/iter; left time: 7638.1508s
	iters: 300, epoch: 2 | loss: 1.7079355
	speed: 0.1172s/iter; left time: 7637.0741s
	iters: 400, epoch: 2 | loss: 1.5306642
	speed: 0.1174s/iter; left time: 7639.6894s
	iters: 500, epoch: 2 | loss: 1.7391731
	speed: 0.1172s/iter; left time: 7616.1434s
	iters: 600, epoch: 2 | loss: 1.6139935
	speed: 0.1171s/iter; left time: 7596.2758s
	iters: 700, epoch: 2 | loss: 1.7020928
	speed: 0.1169s/iter; left time: 7570.3047s
	iters: 800, epoch: 2 | loss: 1.5638391
	speed: 0.1172s/iter; left time: 7580.5947s
	iters: 900, epoch: 2 | loss: 1.7622865
	speed: 0.1177s/iter; left time: 7599.4557s
	iters: 1000, epoch: 2 | loss: 1.6059493
	speed: 0.1176s/iter; left time: 7581.0113s
	iters: 1100, epoch: 2 | loss: 1.9271356
	speed: 0.1176s/iter; left time: 7569.7266s
	iters: 1200, epoch: 2 | loss: 1.7342732
	speed: 0.1176s/iter; left time: 7560.8391s
	iters: 1300, epoch: 2 | loss: 1.6621543
	speed: 0.1176s/iter; left time: 7545.6475s
	iters: 1400, epoch: 2 | loss: 1.6792008
	speed: 0.1177s/iter; left time: 7541.8045s
	iters: 1500, epoch: 2 | loss: 1.7237494
	speed: 0.1176s/iter; left time: 7521.8430s
	iters: 1600, epoch: 2 | loss: 1.8696622
	speed: 0.1176s/iter; left time: 7514.8974s
	iters: 1700, epoch: 2 | loss: 1.7864400
	speed: 0.1176s/iter; left time: 7499.0340s
	iters: 1800, epoch: 2 | loss: 1.8447371
	speed: 0.1176s/iter; left time: 7488.0287s
	iters: 1900, epoch: 2 | loss: 1.8268272
	speed: 0.1176s/iter; left time: 7474.9597s
	iters: 2000, epoch: 2 | loss: 1.7808020
	speed: 0.1176s/iter; left time: 7463.1348s
	iters: 2100, epoch: 2 | loss: 1.8502810
	speed: 0.1174s/iter; left time: 7441.0042s
	iters: 2200, epoch: 2 | loss: 1.5819023
	speed: 0.1171s/iter; left time: 7409.0337s
	iters: 2300, epoch: 2 | loss: 1.7175888
	speed: 0.1173s/iter; left time: 7413.5559s
	iters: 2400, epoch: 2 | loss: 1.7036442
	speed: 0.1176s/iter; left time: 7419.6849s
	iters: 2500, epoch: 2 | loss: 1.9239845
	speed: 0.1176s/iter; left time: 7408.2892s
	iters: 2600, epoch: 2 | loss: 2.0596175
	speed: 0.1179s/iter; left time: 7409.9759s
	iters: 2700, epoch: 2 | loss: 1.6805120
	speed: 0.1176s/iter; left time: 7384.4088s
	iters: 2800, epoch: 2 | loss: 1.9328405
	speed: 0.1176s/iter; left time: 7373.7013s
	iters: 2900, epoch: 2 | loss: 1.7540282
	speed: 0.1176s/iter; left time: 7361.4155s
	iters: 3000, epoch: 2 | loss: 1.7642559
	speed: 0.1176s/iter; left time: 7350.1668s
	iters: 3100, epoch: 2 | loss: 1.6455002
	speed: 0.1177s/iter; left time: 7343.8079s
	iters: 3200, epoch: 2 | loss: 1.9687120
	speed: 0.1176s/iter; left time: 7325.3195s
	iters: 3300, epoch: 2 | loss: 1.8655602
	speed: 0.1177s/iter; left time: 7316.5946s
	iters: 3400, epoch: 2 | loss: 1.5694773
	speed: 0.1177s/iter; left time: 7304.4228s
	iters: 3500, epoch: 2 | loss: 1.5927349
	speed: 0.1177s/iter; left time: 7292.6720s
	iters: 3600, epoch: 2 | loss: 1.7811860
	speed: 0.1176s/iter; left time: 7276.9199s
	iters: 3700, epoch: 2 | loss: 1.6291606
	speed: 0.1177s/iter; left time: 7269.1437s
	iters: 3800, epoch: 2 | loss: 1.5957463
	speed: 0.1174s/iter; left time: 7238.7021s
	iters: 3900, epoch: 2 | loss: 1.6551729
	speed: 0.1169s/iter; left time: 7195.9489s
	iters: 4000, epoch: 2 | loss: 1.6685197
	speed: 0.1171s/iter; left time: 7199.1876s
	iters: 4100, epoch: 2 | loss: 1.6581160
	speed: 0.1176s/iter; left time: 7217.7744s
	iters: 4200, epoch: 2 | loss: 1.5206591
	speed: 0.1177s/iter; left time: 7211.3573s
	iters: 4300, epoch: 2 | loss: 1.4590548
	speed: 0.1177s/iter; left time: 7200.3703s
	iters: 4400, epoch: 2 | loss: 1.5020840
	speed: 0.1176s/iter; left time: 7182.2049s
	iters: 4500, epoch: 2 | loss: 2.0429339
	speed: 0.1176s/iter; left time: 7169.9940s
	iters: 4600, epoch: 2 | loss: 1.6156455
	speed: 0.1177s/iter; left time: 7164.0969s
	iters: 4700, epoch: 2 | loss: 1.8369292
	speed: 0.1176s/iter; left time: 7146.4799s
	iters: 4800, epoch: 2 | loss: 1.7721536
	speed: 0.1177s/iter; left time: 7144.5302s
	iters: 4900, epoch: 2 | loss: 1.8866454
	speed: 0.1176s/iter; left time: 7123.5576s
	iters: 5000, epoch: 2 | loss: 1.7666079
	speed: 0.1176s/iter; left time: 7114.1711s
	iters: 5100, epoch: 2 | loss: 1.7912995
	speed: 0.1173s/iter; left time: 7083.2121s
	iters: 5200, epoch: 2 | loss: 1.6224655
	speed: 0.1174s/iter; left time: 7076.5263s
	iters: 5300, epoch: 2 | loss: 1.7019904
	speed: 0.1176s/iter; left time: 7074.9404s
	iters: 5400, epoch: 2 | loss: 1.7161754
	speed: 0.1176s/iter; left time: 7063.6694s
	iters: 5500, epoch: 2 | loss: 1.5726986
	speed: 0.1174s/iter; left time: 7042.2949s
	iters: 5600, epoch: 2 | loss: 1.8644090
	speed: 0.1169s/iter; left time: 6999.2802s
	iters: 5700, epoch: 2 | loss: 1.9107537
	speed: 0.1168s/iter; left time: 6984.3791s
	iters: 5800, epoch: 2 | loss: 1.8377715
	speed: 0.1170s/iter; left time: 6980.5302s
	iters: 5900, epoch: 2 | loss: 1.4392235
	speed: 0.1177s/iter; left time: 7011.2946s
	iters: 6000, epoch: 2 | loss: 1.5727806
	speed: 0.1176s/iter; left time: 6994.3166s
	iters: 6100, epoch: 2 | loss: 1.6389111
	speed: 0.1176s/iter; left time: 6981.1908s
	iters: 6200, epoch: 2 | loss: 1.6335809
	speed: 0.1176s/iter; left time: 6968.5165s
	iters: 6300, epoch: 2 | loss: 1.4807281
	speed: 0.1176s/iter; left time: 6960.3593s
	iters: 6400, epoch: 2 | loss: 1.5883533
	speed: 0.1175s/iter; left time: 6944.3174s
	iters: 6500, epoch: 2 | loss: 1.9034692
	speed: 0.1176s/iter; left time: 6936.3736s
	iters: 6600, epoch: 2 | loss: 1.7820404
	speed: 0.1175s/iter; left time: 6918.7495s
	iters: 6700, epoch: 2 | loss: 1.7629656
	speed: 0.1175s/iter; left time: 6905.8592s
	iters: 6800, epoch: 2 | loss: 1.6552390
	speed: 0.1175s/iter; left time: 6896.0484s
	iters: 6900, epoch: 2 | loss: 1.8362339
	speed: 0.1176s/iter; left time: 6887.4075s
	iters: 7000, epoch: 2 | loss: 1.7701145
	speed: 0.1175s/iter; left time: 6870.1631s
	iters: 7100, epoch: 2 | loss: 1.7677248
	speed: 0.1175s/iter; left time: 6858.4816s
	iters: 7200, epoch: 2 | loss: 1.7316632
	speed: 0.1175s/iter; left time: 6847.7646s
Epoch: 2 cost time: 855.1958849430084
Epoch: 2, Steps: 7275 | Train Loss: 1.7387536 Vali Loss: 1.9608999 Test Loss: 1.5863708
Validation loss decreased (1.960945 --> 1.960900).  Saving model ...
Updating learning rate to 0.0005
	iters: 100, epoch: 3 | loss: 1.7213781
	speed: 2.7321s/iter; left time: 158737.7640s
	iters: 200, epoch: 3 | loss: 1.8269329
	speed: 0.1173s/iter; left time: 6802.9372s
	iters: 300, epoch: 3 | loss: 1.7060721
	speed: 0.1172s/iter; left time: 6787.4622s
	iters: 400, epoch: 3 | loss: 1.5943831
	speed: 0.1172s/iter; left time: 6775.2431s
	iters: 500, epoch: 3 | loss: 1.7734299
	speed: 0.1172s/iter; left time: 6761.7008s
	iters: 600, epoch: 3 | loss: 1.8319995
	speed: 0.1172s/iter; left time: 6753.4911s
	iters: 700, epoch: 3 | loss: 1.8360265
	speed: 0.1172s/iter; left time: 6736.2825s
	iters: 800, epoch: 3 | loss: 1.7935437
	speed: 0.1171s/iter; left time: 6721.7375s
	iters: 900, epoch: 3 | loss: 1.7005394
	speed: 0.1170s/iter; left time: 6705.1037s
	iters: 1000, epoch: 3 | loss: 1.7725722
	speed: 0.1178s/iter; left time: 6737.1018s
	iters: 1100, epoch: 3 | loss: 1.8471212
	speed: 0.1177s/iter; left time: 6721.0025s
	iters: 1200, epoch: 3 | loss: 1.5070574
	speed: 0.1177s/iter; left time: 6711.3408s
	iters: 1300, epoch: 3 | loss: 1.5004042
	speed: 0.1177s/iter; left time: 6696.4865s
	iters: 1400, epoch: 3 | loss: 1.5646398
	speed: 0.1172s/iter; left time: 6656.6040s
	iters: 1500, epoch: 3 | loss: 1.7256597
	speed: 0.1172s/iter; left time: 6643.2959s
	iters: 1600, epoch: 3 | loss: 1.7047451
	speed: 0.1171s/iter; left time: 6627.4400s
	iters: 1700, epoch: 3 | loss: 1.4988701
	speed: 0.1171s/iter; left time: 6614.5305s
	iters: 1800, epoch: 3 | loss: 1.9062109
	speed: 0.1171s/iter; left time: 6603.7268s
	iters: 1900, epoch: 3 | loss: 1.7602749
	speed: 0.1171s/iter; left time: 6592.5416s
	iters: 2000, epoch: 3 | loss: 1.8724633
	speed: 0.1175s/iter; left time: 6601.4392s
	iters: 2100, epoch: 3 | loss: 1.7364566
	speed: 0.1175s/iter; left time: 6589.3326s
	iters: 2200, epoch: 3 | loss: 1.6494013
	speed: 0.1175s/iter; left time: 6577.4341s
	iters: 2300, epoch: 3 | loss: 1.5763119
	speed: 0.1175s/iter; left time: 6568.8052s
	iters: 2400, epoch: 3 | loss: 1.7809925
	speed: 0.1175s/iter; left time: 6554.8191s
	iters: 2500, epoch: 3 | loss: 1.6770215
	speed: 0.1175s/iter; left time: 6543.1845s
	iters: 2600, epoch: 3 | loss: 1.8390090
	speed: 0.1174s/iter; left time: 6530.1788s
	iters: 2700, epoch: 3 | loss: 1.8485134
	speed: 0.1175s/iter; left time: 6519.8124s
	iters: 2800, epoch: 3 | loss: 1.6602303
	speed: 0.1175s/iter; left time: 6509.0901s
	iters: 2900, epoch: 3 | loss: 1.7169386
	speed: 0.1175s/iter; left time: 6495.3272s
	iters: 3000, epoch: 3 | loss: 1.8885227
	speed: 0.1174s/iter; left time: 6483.1042s
	iters: 3100, epoch: 3 | loss: 1.7101851
	speed: 0.1175s/iter; left time: 6472.6255s
	iters: 3200, epoch: 3 | loss: 1.6694676
	speed: 0.1175s/iter; left time: 6460.6065s
	iters: 3300, epoch: 3 | loss: 2.0976145
	speed: 0.1175s/iter; left time: 6448.8868s
	iters: 3400, epoch: 3 | loss: 1.5751325
	speed: 0.1174s/iter; left time: 6435.7045s
	iters: 3500, epoch: 3 | loss: 1.3953635
	speed: 0.1174s/iter; left time: 6419.9584s
	iters: 3600, epoch: 3 | loss: 1.4589374
	speed: 0.1170s/iter; left time: 6388.8938s
	iters: 3700, epoch: 3 | loss: 2.0660338
	speed: 0.1170s/iter; left time: 6375.5374s
	iters: 3800, epoch: 3 | loss: 1.8756027
	speed: 0.1170s/iter; left time: 6362.2440s
	iters: 3900, epoch: 3 | loss: 1.5557402
	speed: 0.1170s/iter; left time: 6351.7303s
	iters: 4000, epoch: 3 | loss: 1.8648078
	speed: 0.1170s/iter; left time: 6342.5569s
	iters: 4100, epoch: 3 | loss: 1.4582824
	speed: 0.1170s/iter; left time: 6330.8579s
	iters: 4200, epoch: 3 | loss: 1.6125052
	speed: 0.1169s/iter; left time: 6314.6627s
	iters: 4300, epoch: 3 | loss: 1.7495438
	speed: 0.1170s/iter; left time: 6303.8608s
	iters: 4400, epoch: 3 | loss: 1.6328653
	speed: 0.1170s/iter; left time: 6293.3557s
	iters: 4500, epoch: 3 | loss: 1.4643273
	speed: 0.1171s/iter; left time: 6288.9190s
	iters: 4600, epoch: 3 | loss: 1.5553849
	speed: 0.1169s/iter; left time: 6268.6246s
	iters: 4700, epoch: 3 | loss: 1.6145799
	speed: 0.1169s/iter; left time: 6256.2619s
	iters: 4800, epoch: 3 | loss: 1.7772084
	speed: 0.1170s/iter; left time: 6248.7497s
	iters: 4900, epoch: 3 | loss: 1.5067992
	speed: 0.1170s/iter; left time: 6234.8679s
	iters: 5000, epoch: 3 | loss: 1.7968773
	speed: 0.1170s/iter; left time: 6222.6965s
	iters: 5100, epoch: 3 | loss: 1.6656243
	speed: 0.1169s/iter; left time: 6209.0140s
	iters: 5200, epoch: 3 | loss: 1.6782479
	speed: 0.1170s/iter; left time: 6200.3438s
	iters: 5300, epoch: 3 | loss: 1.7577574
	speed: 0.1170s/iter; left time: 6189.1809s
	iters: 5400, epoch: 3 | loss: 1.8196095
	speed: 0.1170s/iter; left time: 6180.2460s
	iters: 5500, epoch: 3 | loss: 1.6293089
	speed: 0.1170s/iter; left time: 6163.5159s
	iters: 5600, epoch: 3 | loss: 1.4231031
	speed: 0.1171s/iter; left time: 6157.9097s
	iters: 5700, epoch: 3 | loss: 1.6093864
	speed: 0.1175s/iter; left time: 6168.8621s
	iters: 5800, epoch: 3 | loss: 1.5450630
	speed: 0.1176s/iter; left time: 6161.3700s
	iters: 5900, epoch: 3 | loss: 1.6241418
	speed: 0.1175s/iter; left time: 6144.8540s
	iters: 6000, epoch: 3 | loss: 1.7367452
	speed: 0.1170s/iter; left time: 6107.3997s
	iters: 6100, epoch: 3 | loss: 1.6318256
	speed: 0.1170s/iter; left time: 6095.4774s
	iters: 6200, epoch: 3 | loss: 1.6722442
	speed: 0.1169s/iter; left time: 6081.2052s
	iters: 6300, epoch: 3 | loss: 1.5948716
	speed: 0.1170s/iter; left time: 6071.7407s
	iters: 6400, epoch: 3 | loss: 1.6077545
	speed: 0.1169s/iter; left time: 6056.2891s
	iters: 6500, epoch: 3 | loss: 1.6783183
	speed: 0.1170s/iter; left time: 6048.4685s
	iters: 6600, epoch: 3 | loss: 1.6867986
	speed: 0.1169s/iter; left time: 6034.0450s
	iters: 6700, epoch: 3 | loss: 1.7680119
	speed: 0.1170s/iter; left time: 6024.6604s
	iters: 6800, epoch: 3 | loss: 1.6115807
	speed: 0.1169s/iter; left time: 6009.1361s
	iters: 6900, epoch: 3 | loss: 1.9650126
	speed: 0.1169s/iter; left time: 5998.6683s
	iters: 7000, epoch: 3 | loss: 1.7125959
	speed: 0.1169s/iter; left time: 5986.5024s
	iters: 7100, epoch: 3 | loss: 1.7696556
	speed: 0.1170s/iter; left time: 5979.6359s
	iters: 7200, epoch: 3 | loss: 1.7842022
	speed: 0.1172s/iter; left time: 5975.4209s
Epoch: 3 cost time: 853.0271151065826
Epoch: 3, Steps: 7275 | Train Loss: 1.7385630 Vali Loss: 1.9577504 Test Loss: 1.5865927
Validation loss decreased (1.960900 --> 1.957750).  Saving model ...
Updating learning rate to 0.00025
	iters: 100, epoch: 4 | loss: 1.7533356
	speed: 2.7272s/iter; left time: 138614.4198s
	iters: 200, epoch: 4 | loss: 1.8141663
	speed: 0.1178s/iter; left time: 5973.8085s
	iters: 300, epoch: 4 | loss: 1.6433108
	speed: 0.1174s/iter; left time: 5944.5912s
	iters: 400, epoch: 4 | loss: 1.9596516
	speed: 0.1174s/iter; left time: 5933.5900s
	iters: 500, epoch: 4 | loss: 1.8736246
	speed: 0.1173s/iter; left time: 5915.5349s
	iters: 600, epoch: 4 | loss: 1.9160717
	speed: 0.1174s/iter; left time: 5908.0113s
	iters: 700, epoch: 4 | loss: 1.5044342
	speed: 0.1171s/iter; left time: 5880.6214s
	iters: 800, epoch: 4 | loss: 1.6831793
	speed: 0.1172s/iter; left time: 5876.1050s
	iters: 900, epoch: 4 | loss: 1.6876723
	speed: 0.1171s/iter; left time: 5859.2068s
	iters: 1000, epoch: 4 | loss: 1.6200149
	speed: 0.1173s/iter; left time: 5855.4090s
	iters: 1100, epoch: 4 | loss: 1.9081151
	speed: 0.1170s/iter; left time: 5831.7136s
	iters: 1200, epoch: 4 | loss: 1.7559044
	speed: 0.1174s/iter; left time: 5840.1530s
	iters: 1300, epoch: 4 | loss: 1.7520263
	speed: 0.1176s/iter; left time: 5838.1118s
	iters: 1400, epoch: 4 | loss: 1.7165778
	speed: 0.1178s/iter; left time: 5832.9329s
	iters: 1500, epoch: 4 | loss: 1.7150418
	speed: 0.1176s/iter; left time: 5814.2963s
	iters: 1600, epoch: 4 | loss: 1.6949713
	speed: 0.1176s/iter; left time: 5801.9635s
	iters: 1700, epoch: 4 | loss: 1.7071110
	speed: 0.1177s/iter; left time: 5793.0966s
	iters: 1800, epoch: 4 | loss: 1.7530128
	speed: 0.1177s/iter; left time: 5780.1252s
	iters: 1900, epoch: 4 | loss: 1.6350887
	speed: 0.1178s/iter; left time: 5774.2290s
	iters: 2000, epoch: 4 | loss: 1.7781053
	speed: 0.1177s/iter; left time: 5756.9489s
	iters: 2100, epoch: 4 | loss: 1.9975779
	speed: 0.1177s/iter; left time: 5745.4851s
	iters: 2200, epoch: 4 | loss: 1.5866172
	speed: 0.1176s/iter; left time: 5732.5444s
	iters: 2300, epoch: 4 | loss: 1.9580061
	speed: 0.1180s/iter; left time: 5736.4680s
	iters: 2400, epoch: 4 | loss: 1.7197350
	speed: 0.1176s/iter; left time: 5708.8658s
	iters: 2500, epoch: 4 | loss: 1.6099349
	speed: 0.1176s/iter; left time: 5696.6951s
	iters: 2600, epoch: 4 | loss: 1.7207989
	speed: 0.1177s/iter; left time: 5687.2301s
	iters: 2700, epoch: 4 | loss: 1.5674410
	speed: 0.1177s/iter; left time: 5678.0875s
	iters: 2800, epoch: 4 | loss: 1.7377975
	speed: 0.1176s/iter; left time: 5661.8995s
	iters: 2900, epoch: 4 | loss: 1.7915933
	speed: 0.1173s/iter; left time: 5634.4618s
	iters: 3000, epoch: 4 | loss: 1.5780783
	speed: 0.1170s/iter; left time: 5609.1697s
	iters: 3100, epoch: 4 | loss: 1.6545211
	speed: 0.1171s/iter; left time: 5600.6583s
	iters: 3200, epoch: 4 | loss: 1.7380480
	speed: 0.1170s/iter; left time: 5586.3162s
	iters: 3300, epoch: 4 | loss: 1.5795265
	speed: 0.1176s/iter; left time: 5602.4686s
	iters: 3400, epoch: 4 | loss: 1.6705520
	speed: 0.1177s/iter; left time: 5592.1808s
	iters: 3500, epoch: 4 | loss: 2.0625854
	speed: 0.1178s/iter; left time: 5586.3074s
	iters: 3600, epoch: 4 | loss: 1.6183259
	speed: 0.1176s/iter; left time: 5567.7491s
	iters: 3700, epoch: 4 | loss: 1.8006196
	speed: 0.1176s/iter; left time: 5555.9479s
	iters: 3800, epoch: 4 | loss: 1.7508367
	speed: 0.1177s/iter; left time: 5545.3700s
	iters: 3900, epoch: 4 | loss: 1.8215884
	speed: 0.1176s/iter; left time: 5532.5398s
	iters: 4000, epoch: 4 | loss: 2.0889189
	speed: 0.1178s/iter; left time: 5525.9296s
	iters: 4100, epoch: 4 | loss: 1.8143708
	speed: 0.1177s/iter; left time: 5509.2418s
	iters: 4200, epoch: 4 | loss: 1.6935949
	speed: 0.1177s/iter; left time: 5499.0039s
	iters: 4300, epoch: 4 | loss: 1.8118614
	speed: 0.1177s/iter; left time: 5485.5881s
	iters: 4400, epoch: 4 | loss: 1.8093984
	speed: 0.1177s/iter; left time: 5473.8904s
	iters: 4500, epoch: 4 | loss: 1.5456645
	speed: 0.1176s/iter; left time: 5460.8776s
	iters: 4600, epoch: 4 | loss: 1.6386193
	speed: 0.1176s/iter; left time: 5449.7095s
	iters: 4700, epoch: 4 | loss: 1.5531880
	speed: 0.1177s/iter; left time: 5439.9748s
	iters: 4800, epoch: 4 | loss: 1.9938083
	speed: 0.1176s/iter; left time: 5426.5556s
	iters: 4900, epoch: 4 | loss: 1.6212904
	speed: 0.1176s/iter; left time: 5412.9903s
	iters: 5000, epoch: 4 | loss: 1.6378651
	speed: 0.1175s/iter; left time: 5395.8895s
	iters: 5100, epoch: 4 | loss: 1.8181847
	speed: 0.1170s/iter; left time: 5362.7426s
	iters: 5200, epoch: 4 | loss: 1.7902061
	speed: 0.1170s/iter; left time: 5349.4192s
	iters: 5300, epoch: 4 | loss: 1.6649613
	speed: 0.1173s/iter; left time: 5350.2823s
	iters: 5400, epoch: 4 | loss: 1.6274754
	speed: 0.1170s/iter; left time: 5326.9949s
	iters: 5500, epoch: 4 | loss: 1.9581994
	speed: 0.1171s/iter; left time: 5317.8101s
	iters: 5600, epoch: 4 | loss: 1.7653968
	speed: 0.1170s/iter; left time: 5302.4592s
	iters: 5700, epoch: 4 | loss: 1.5807439
	speed: 0.1172s/iter; left time: 5298.5421s
	iters: 5800, epoch: 4 | loss: 1.7881742
	speed: 0.1176s/iter; left time: 5306.6529s
	iters: 5900, epoch: 4 | loss: 1.9568647
	speed: 0.1176s/iter; left time: 5295.3360s
	iters: 6000, epoch: 4 | loss: 1.5481231
	speed: 0.1176s/iter; left time: 5283.0357s
	iters: 6100, epoch: 4 | loss: 1.6283747
	speed: 0.1176s/iter; left time: 5273.7254s
	iters: 6200, epoch: 4 | loss: 1.4378250
	speed: 0.1176s/iter; left time: 5258.8165s
	iters: 6300, epoch: 4 | loss: 1.8266000
	speed: 0.1176s/iter; left time: 5247.2291s
	iters: 6400, epoch: 4 | loss: 1.5797073
	speed: 0.1176s/iter; left time: 5235.5031s
	iters: 6500, epoch: 4 | loss: 1.6647638
	speed: 0.1177s/iter; left time: 5230.3900s
	iters: 6600, epoch: 4 | loss: 1.4541477
	speed: 0.1176s/iter; left time: 5212.0536s
	iters: 6700, epoch: 4 | loss: 1.6914581
	speed: 0.1176s/iter; left time: 5201.1221s
	iters: 6800, epoch: 4 | loss: 1.8707508
	speed: 0.1176s/iter; left time: 5189.4166s
	iters: 6900, epoch: 4 | loss: 1.7906330
	speed: 0.1176s/iter; left time: 5177.2992s
	iters: 7000, epoch: 4 | loss: 1.6544589
	speed: 0.1171s/iter; left time: 5144.5269s
	iters: 7100, epoch: 4 | loss: 1.6082484
	speed: 0.1170s/iter; left time: 5129.0254s
	iters: 7200, epoch: 4 | loss: 1.6744690
	speed: 0.1172s/iter; left time: 5125.9411s
Epoch: 4 cost time: 855.2500035762787
Epoch: 4, Steps: 7275 | Train Loss: 1.7382896 Vali Loss: 1.9594512 Test Loss: 1.5865266
EarlyStopping counter: 1 out of 3
Updating learning rate to 0.000125
	iters: 100, epoch: 5 | loss: 1.9623110
	speed: 2.7339s/iter; left time: 119063.7241s
	iters: 200, epoch: 5 | loss: 1.6820505
	speed: 0.1177s/iter; left time: 5112.2604s
	iters: 300, epoch: 5 | loss: 1.6701806
	speed: 0.1176s/iter; left time: 5097.8095s
	iters: 400, epoch: 5 | loss: 1.7576846
	speed: 0.1175s/iter; left time: 5082.5292s
	iters: 500, epoch: 5 | loss: 1.5467166
	speed: 0.1172s/iter; left time: 5057.8615s
	iters: 600, epoch: 5 | loss: 1.5116733
	speed: 0.1174s/iter; left time: 5053.6052s
	iters: 700, epoch: 5 | loss: 1.4386744
	speed: 0.1173s/iter; left time: 5036.1178s
	iters: 800, epoch: 5 | loss: 1.3077428
	speed: 0.1172s/iter; left time: 5020.9860s
	iters: 900, epoch: 5 | loss: 1.7269918
	speed: 0.1173s/iter; left time: 5016.7704s
	iters: 1000, epoch: 5 | loss: 1.3055245
	speed: 0.1176s/iter; left time: 5014.5848s
	iters: 1100, epoch: 5 | loss: 1.6940296
	speed: 0.1177s/iter; left time: 5009.6801s
	iters: 1200, epoch: 5 | loss: 1.6618476
	speed: 0.1178s/iter; left time: 4999.9764s
	iters: 1300, epoch: 5 | loss: 1.4212247
	speed: 0.1177s/iter; left time: 4983.0367s
	iters: 1400, epoch: 5 | loss: 1.6525192
	speed: 0.1177s/iter; left time: 4973.1151s
	iters: 1500, epoch: 5 | loss: 1.7515104
	speed: 0.1177s/iter; left time: 4961.5913s
	iters: 1600, epoch: 5 | loss: 1.6837975
	speed: 0.1177s/iter; left time: 4948.2989s
	iters: 1700, epoch: 5 | loss: 1.6710690
	speed: 0.1177s/iter; left time: 4935.6137s
	iters: 1800, epoch: 5 | loss: 1.6768463
	speed: 0.1177s/iter; left time: 4927.0839s
	iters: 1900, epoch: 5 | loss: 1.7099603
	speed: 0.1177s/iter; left time: 4914.5954s
	iters: 2000, epoch: 5 | loss: 1.3125372
	speed: 0.1178s/iter; left time: 4908.2147s
	iters: 2100, epoch: 5 | loss: 1.5327055
	speed: 0.1177s/iter; left time: 4890.3822s
	iters: 2200, epoch: 5 | loss: 1.7111754
	speed: 0.1177s/iter; left time: 4878.5705s
	iters: 2300, epoch: 5 | loss: 1.6613432
	speed: 0.1177s/iter; left time: 4867.6930s
	iters: 2400, epoch: 5 | loss: 1.4831605
	speed: 0.1178s/iter; left time: 4860.1716s
	iters: 2500, epoch: 5 | loss: 1.6787565
	speed: 0.1176s/iter; left time: 4839.5040s
	iters: 2600, epoch: 5 | loss: 1.4793228
	speed: 0.1172s/iter; left time: 4812.3677s
	iters: 2700, epoch: 5 | loss: 1.4328221
	speed: 0.1178s/iter; left time: 4822.3386s
	iters: 2800, epoch: 5 | loss: 1.5301709
	speed: 0.1178s/iter; left time: 4810.4978s
	iters: 2900, epoch: 5 | loss: 1.9118186
	speed: 0.1177s/iter; left time: 4797.3120s
	iters: 3000, epoch: 5 | loss: 1.5311869
	speed: 0.1177s/iter; left time: 4786.2950s
	iters: 3100, epoch: 5 | loss: 1.3831321
	speed: 0.1177s/iter; left time: 4774.6643s
	iters: 3200, epoch: 5 | loss: 1.6811386
	speed: 0.1177s/iter; left time: 4762.6221s
	iters: 3300, epoch: 5 | loss: 1.2258457
	speed: 0.1177s/iter; left time: 4751.3188s
	iters: 3400, epoch: 5 | loss: 1.5049306
	speed: 0.1177s/iter; left time: 4738.0554s
	iters: 3500, epoch: 5 | loss: 1.3125931
	speed: 0.1177s/iter; left time: 4725.9591s
	iters: 3600, epoch: 5 | loss: 1.5735664
	speed: 0.1177s/iter; left time: 4714.5382s
	iters: 3700, epoch: 5 | loss: 1.3503621
	speed: 0.1178s/iter; left time: 4704.4717s
	iters: 3800, epoch: 5 | loss: 1.4757071
	speed: 0.1177s/iter; left time: 4689.1520s
	iters: 3900, epoch: 5 | loss: 1.5898033
	speed: 0.1177s/iter; left time: 4677.8261s
	iters: 4000, epoch: 5 | loss: 1.3343846
	speed: 0.1177s/iter; left time: 4665.6855s
	iters: 4100, epoch: 5 | loss: 1.4669491
	speed: 0.1177s/iter; left time: 4654.5337s
	iters: 4200, epoch: 5 | loss: 1.8823144
	speed: 0.1177s/iter; left time: 4641.8335s
	iters: 4300, epoch: 5 | loss: 1.7110382
	speed: 0.1176s/iter; left time: 4629.2738s
	iters: 4400, epoch: 5 | loss: 1.7721076
	speed: 0.1177s/iter; left time: 4620.6969s
	iters: 4500, epoch: 5 | loss: 1.5269520
	speed: 0.1177s/iter; left time: 4607.3483s
	iters: 4600, epoch: 5 | loss: 1.8276048
	speed: 0.1176s/iter; left time: 4592.3489s
	iters: 4700, epoch: 5 | loss: 1.7158084
	speed: 0.1174s/iter; left time: 4574.4856s
	iters: 4800, epoch: 5 | loss: 1.6283566
	speed: 0.1172s/iter; left time: 4554.5831s
	iters: 4900, epoch: 5 | loss: 1.4197003
	speed: 0.1171s/iter; left time: 4537.9965s
	iters: 5000, epoch: 5 | loss: 1.6598077
	speed: 0.1172s/iter; left time: 4528.6216s
	iters: 5100, epoch: 5 | loss: 1.7790301
	speed: 0.1175s/iter; left time: 4530.2055s
	iters: 5200, epoch: 5 | loss: 1.7460177
	speed: 0.1176s/iter; left time: 4520.9050s
	iters: 5300, epoch: 5 | loss: 1.7976360
	speed: 0.1176s/iter; left time: 4509.9672s
	iters: 5400, epoch: 5 | loss: 1.7128134
	speed: 0.1176s/iter; left time: 4500.1382s
	iters: 5500, epoch: 5 | loss: 1.7577554
	speed: 0.1175s/iter; left time: 4483.6148s
	iters: 5600, epoch: 5 | loss: 1.6149147
	speed: 0.1176s/iter; left time: 4473.0893s
	iters: 5700, epoch: 5 | loss: 1.9251416
	speed: 0.1175s/iter; left time: 4459.8190s
	iters: 5800, epoch: 5 | loss: 1.8973504
	speed: 0.1176s/iter; left time: 4452.3320s
	iters: 5900, epoch: 5 | loss: 1.8244747
	speed: 0.1175s/iter; left time: 4434.5102s
	iters: 6000, epoch: 5 | loss: 1.6737669
	speed: 0.1175s/iter; left time: 4424.5554s
	iters: 6100, epoch: 5 | loss: 1.8691568
	speed: 0.1176s/iter; left time: 4414.8840s
	iters: 6200, epoch: 5 | loss: 1.6456929
	speed: 0.1176s/iter; left time: 4403.6139s
	iters: 6300, epoch: 5 | loss: 1.8639652
	speed: 0.1175s/iter; left time: 4389.5140s
	iters: 6400, epoch: 5 | loss: 1.7551824
	speed: 0.1175s/iter; left time: 4376.9877s
	iters: 6500, epoch: 5 | loss: 2.0393434
	speed: 0.1172s/iter; left time: 4353.1030s
	iters: 6600, epoch: 5 | loss: 1.8265749
	speed: 0.1171s/iter; left time: 4337.1369s
	iters: 6700, epoch: 5 | loss: 1.5702827
	speed: 0.1172s/iter; left time: 4329.1413s
	iters: 6800, epoch: 5 | loss: 2.0706015
	speed: 0.1171s/iter; left time: 4313.8650s
	iters: 6900, epoch: 5 | loss: 1.7100053
	speed: 0.1171s/iter; left time: 4302.4233s
	iters: 7000, epoch: 5 | loss: 1.6047173
	speed: 0.1174s/iter; left time: 4303.3061s
	iters: 7100, epoch: 5 | loss: 1.5535498
	speed: 0.1177s/iter; left time: 4300.4209s
	iters: 7200, epoch: 5 | loss: 1.8451277
	speed: 0.1175s/iter; left time: 4283.8975s
Epoch: 5 cost time: 855.6889343261719
Epoch: 5, Steps: 7275 | Train Loss: 1.6319788 Vali Loss: 1.9417689 Test Loss: 1.5676897
Validation loss decreased (1.957750 --> 1.941769).  Saving model ...
Updating learning rate to 6.25e-05
	iters: 100, epoch: 6 | loss: 1.7925844
	speed: 2.7381s/iter; left time: 99328.7746s
	iters: 200, epoch: 6 | loss: 1.4517694
	speed: 0.1177s/iter; left time: 4257.9098s
	iters: 300, epoch: 6 | loss: 1.6951853
	speed: 0.1175s/iter; left time: 4240.1134s
	iters: 400, epoch: 6 | loss: 1.3370653
	speed: 0.1175s/iter; left time: 4227.3834s
	iters: 500, epoch: 6 | loss: 1.3541899
	speed: 0.1173s/iter; left time: 4209.7755s
	iters: 600, epoch: 6 | loss: 1.5520550
	speed: 0.1173s/iter; left time: 4197.1750s
	iters: 700, epoch: 6 | loss: 1.6160486
	speed: 0.1171s/iter; left time: 4179.0221s
	iters: 800, epoch: 6 | loss: 1.3106849
	speed: 0.1174s/iter; left time: 4176.7376s
	iters: 900, epoch: 6 | loss: 1.9877850
	speed: 0.1175s/iter; left time: 4168.0327s
	iters: 1000, epoch: 6 | loss: 1.7376931
	speed: 0.1172s/iter; left time: 4147.6337s
	iters: 1100, epoch: 6 | loss: 1.6725739
	speed: 0.1171s/iter; left time: 4130.9279s
	iters: 1200, epoch: 6 | loss: 1.5297625
	speed: 0.1171s/iter; left time: 4118.2671s
	iters: 1300, epoch: 6 | loss: 1.6833051
	speed: 0.1171s/iter; left time: 4108.3170s
	iters: 1400, epoch: 6 | loss: 1.5100255
	speed: 0.1174s/iter; left time: 4106.9365s
	iters: 1500, epoch: 6 | loss: 1.8145033
	speed: 0.1177s/iter; left time: 4105.3025s
	iters: 1600, epoch: 6 | loss: 1.4457927
	speed: 0.1177s/iter; left time: 4094.2005s
	iters: 1700, epoch: 6 | loss: 1.4678316
	speed: 0.1175s/iter; left time: 4074.8005s
	iters: 1800, epoch: 6 | loss: 1.5487095
	speed: 0.1172s/iter; left time: 4052.2760s
	iters: 1900, epoch: 6 | loss: 1.6813370
	speed: 0.1172s/iter; left time: 4041.0829s
	iters: 2000, epoch: 6 | loss: 1.5317357
	speed: 0.1172s/iter; left time: 4030.0577s
	iters: 2100, epoch: 6 | loss: 1.4900429
	speed: 0.1172s/iter; left time: 4016.3084s
	iters: 2200, epoch: 6 | loss: 1.5358455
	speed: 0.1173s/iter; left time: 4008.3060s
	iters: 2300, epoch: 6 | loss: 1.3746384
	speed: 0.1173s/iter; left time: 3998.6957s
	iters: 2400, epoch: 6 | loss: 1.3452173
	speed: 0.1176s/iter; left time: 3996.7476s
	iters: 2500, epoch: 6 | loss: 1.6921552
	speed: 0.1178s/iter; left time: 3990.6428s
	iters: 2600, epoch: 6 | loss: 1.8591516
	speed: 0.1178s/iter; left time: 3980.0419s
	iters: 2700, epoch: 6 | loss: 1.4175004
	speed: 0.1179s/iter; left time: 3969.2461s
	iters: 2800, epoch: 6 | loss: 1.4084239
	speed: 0.1178s/iter; left time: 3954.7947s
	iters: 2900, epoch: 6 | loss: 1.5710000
	speed: 0.1178s/iter; left time: 3943.5951s
	iters: 3000, epoch: 6 | loss: 1.3288790
	speed: 0.1178s/iter; left time: 3932.5898s
	iters: 3100, epoch: 6 | loss: 1.5571483
	speed: 0.1179s/iter; left time: 3924.5715s
	iters: 3200, epoch: 6 | loss: 1.3608465
	speed: 0.1178s/iter; left time: 3907.4162s
	iters: 3300, epoch: 6 | loss: 1.4546435
	speed: 0.1178s/iter; left time: 3895.7035s
	iters: 3400, epoch: 6 | loss: 1.3984689
	speed: 0.1178s/iter; left time: 3883.5262s
	iters: 3500, epoch: 6 | loss: 1.6682938
	speed: 0.1178s/iter; left time: 3872.2189s
	iters: 3600, epoch: 6 | loss: 1.7738491
	speed: 0.1178s/iter; left time: 3859.7697s
	iters: 3700, epoch: 6 | loss: 1.6255953
	speed: 0.1176s/iter; left time: 3841.7817s
	iters: 3800, epoch: 6 | loss: 1.5427536
	speed: 0.1177s/iter; left time: 3835.0464s
	iters: 3900, epoch: 6 | loss: 1.5856264
	speed: 0.1176s/iter; left time: 3820.4738s
	iters: 4000, epoch: 6 | loss: 1.5191946
	speed: 0.1176s/iter; left time: 3807.8935s
	iters: 4100, epoch: 6 | loss: 1.6117904
	speed: 0.1176s/iter; left time: 3796.0970s
	iters: 4200, epoch: 6 | loss: 1.9265170
	speed: 0.1177s/iter; left time: 3786.0756s
	iters: 4300, epoch: 6 | loss: 1.8981138
	speed: 0.1176s/iter; left time: 3772.5769s
	iters: 4400, epoch: 6 | loss: 1.3746166
	speed: 0.1176s/iter; left time: 3760.1493s
	iters: 4500, epoch: 6 | loss: 1.2764343
	speed: 0.1175s/iter; left time: 3745.4053s
	iters: 4600, epoch: 6 | loss: 1.4109088
	speed: 0.1175s/iter; left time: 3733.9992s
	iters: 4700, epoch: 6 | loss: 1.7372092
	speed: 0.1175s/iter; left time: 3722.2103s
	iters: 4800, epoch: 6 | loss: 1.2879459
	speed: 0.1177s/iter; left time: 3715.7112s
	iters: 4900, epoch: 6 | loss: 1.4529684
	speed: 0.1175s/iter; left time: 3699.0161s
	iters: 5000, epoch: 6 | loss: 1.1275465
	speed: 0.1175s/iter; left time: 3686.7799s
	iters: 5100, epoch: 6 | loss: 1.3331612
	speed: 0.1175s/iter; left time: 3674.3892s
	iters: 5200, epoch: 6 | loss: 1.3480083
	speed: 0.1174s/iter; left time: 3659.2366s
	iters: 5300, epoch: 6 | loss: 1.1269642
	speed: 0.1170s/iter; left time: 3635.0661s
	iters: 5400, epoch: 6 | loss: 1.1002107
	speed: 0.1171s/iter; left time: 3627.8403s
	iters: 5500, epoch: 6 | loss: 1.6003950
	speed: 0.1172s/iter; left time: 3620.1484s
	iters: 5600, epoch: 6 | loss: 1.4620088
	speed: 0.1176s/iter; left time: 3619.8398s
	iters: 5700, epoch: 6 | loss: 1.6552137
	speed: 0.1175s/iter; left time: 3605.4688s
	iters: 5800, epoch: 6 | loss: 1.5425279
	speed: 0.1175s/iter; left time: 3593.2913s
	iters: 5900, epoch: 6 | loss: 1.4271891
	speed: 0.1177s/iter; left time: 3586.2516s
	iters: 6000, epoch: 6 | loss: 1.3797567
	speed: 0.1176s/iter; left time: 3571.3302s
	iters: 6100, epoch: 6 | loss: 1.1887504
	speed: 0.1174s/iter; left time: 3554.2388s
	iters: 6200, epoch: 6 | loss: 1.5200260
	speed: 0.1174s/iter; left time: 3542.6674s
	iters: 6300, epoch: 6 | loss: 1.2166184
	speed: 0.1174s/iter; left time: 3531.2115s
	iters: 6400, epoch: 6 | loss: 1.3783625
	speed: 0.1175s/iter; left time: 3522.5544s
	iters: 6500, epoch: 6 | loss: 1.2228713
	speed: 0.1174s/iter; left time: 3508.5792s
	iters: 6600, epoch: 6 | loss: 1.1591558
	speed: 0.1174s/iter; left time: 3496.0197s
	iters: 6700, epoch: 6 | loss: 1.3566871
	speed: 0.1175s/iter; left time: 3486.7516s
	iters: 6800, epoch: 6 | loss: 1.7170135
	speed: 0.1175s/iter; left time: 3473.7698s
	iters: 6900, epoch: 6 | loss: 1.6879450
	speed: 0.1175s/iter; left time: 3462.0263s
	iters: 7000, epoch: 6 | loss: 1.3907483
	speed: 0.1173s/iter; left time: 3446.5492s
	iters: 7100, epoch: 6 | loss: 1.2327019
	speed: 0.1175s/iter; left time: 3440.1890s
	iters: 7200, epoch: 6 | loss: 1.3532387
	speed: 0.1176s/iter; left time: 3430.6989s
Epoch: 6 cost time: 855.3565335273743
Epoch: 6, Steps: 7275 | Train Loss: 1.4820705 Vali Loss: 1.6436559 Test Loss: 1.3130834
Validation loss decreased (1.941769 --> 1.643656).  Saving model ...
Updating learning rate to 3.125e-05
	iters: 100, epoch: 7 | loss: 1.3103441
	speed: 2.7136s/iter; left time: 78696.1647s
	iters: 200, epoch: 7 | loss: 1.2195899
	speed: 0.1177s/iter; left time: 3401.8362s
	iters: 300, epoch: 7 | loss: 1.3607812
	speed: 0.1176s/iter; left time: 3387.8125s
	iters: 400, epoch: 7 | loss: 1.0197159
	speed: 0.1173s/iter; left time: 3366.6909s
	iters: 500, epoch: 7 | loss: 1.4577491
	speed: 0.1172s/iter; left time: 3352.6716s
	iters: 600, epoch: 7 | loss: 1.2436432
	speed: 0.1173s/iter; left time: 3343.4354s
	iters: 700, epoch: 7 | loss: 1.2120624
	speed: 0.1173s/iter; left time: 3330.9597s
	iters: 800, epoch: 7 | loss: 1.2536067
	speed: 0.1171s/iter; left time: 3314.6785s
	iters: 900, epoch: 7 | loss: 1.1372672
	speed: 0.1171s/iter; left time: 3302.6709s
	iters: 1000, epoch: 7 | loss: 1.1599624
	speed: 0.1176s/iter; left time: 3304.8829s
	iters: 1100, epoch: 7 | loss: 1.0786489
	speed: 0.1177s/iter; left time: 3295.5969s
	iters: 1200, epoch: 7 | loss: 1.0350721
	speed: 0.1178s/iter; left time: 3285.8948s
	iters: 1300, epoch: 7 | loss: 1.6453252
	speed: 0.1178s/iter; left time: 3274.0384s
	iters: 1400, epoch: 7 | loss: 1.4920633
	speed: 0.1178s/iter; left time: 3263.1897s
	iters: 1500, epoch: 7 | loss: 1.4289242
	speed: 0.1178s/iter; left time: 3251.0046s
	iters: 1600, epoch: 7 | loss: 1.0998511
	speed: 0.1178s/iter; left time: 3239.4115s
	iters: 1700, epoch: 7 | loss: 1.2429973
	speed: 0.1178s/iter; left time: 3227.4635s
	iters: 1800, epoch: 7 | loss: 1.1546830
	speed: 0.1178s/iter; left time: 3215.5920s
	iters: 1900, epoch: 7 | loss: 1.1681049
	speed: 0.1178s/iter; left time: 3203.7800s
	iters: 2000, epoch: 7 | loss: 1.2788802
	speed: 0.1177s/iter; left time: 3188.4821s
	iters: 2100, epoch: 7 | loss: 1.3070362
	speed: 0.1174s/iter; left time: 3171.0084s
	iters: 2200, epoch: 7 | loss: 1.2958212
	speed: 0.1176s/iter; left time: 3163.9151s
	iters: 2300, epoch: 7 | loss: 1.2439739
	speed: 0.1173s/iter; left time: 3144.3566s
	iters: 2400, epoch: 7 | loss: 1.1997784
	speed: 0.1172s/iter; left time: 3129.9140s
	iters: 2500, epoch: 7 | loss: 1.1359502
	speed: 0.1171s/iter; left time: 3115.7599s
	iters: 2600, epoch: 7 | loss: 1.3223864
	speed: 0.1171s/iter; left time: 3104.3312s
	iters: 2700, epoch: 7 | loss: 1.2110295
	speed: 0.1175s/iter; left time: 3101.7000s
	iters: 2800, epoch: 7 | loss: 1.6303192
	speed: 0.1179s/iter; left time: 3100.2475s
	iters: 2900, epoch: 7 | loss: 0.9666983
	speed: 0.1178s/iter; left time: 3085.5604s
	iters: 3000, epoch: 7 | loss: 1.3835099
	speed: 0.1178s/iter; left time: 3073.9957s
	iters: 3100, epoch: 7 | loss: 1.1102163
	speed: 0.1178s/iter; left time: 3062.7486s
	iters: 3200, epoch: 7 | loss: 1.0573434
	speed: 0.1178s/iter; left time: 3051.1408s
	iters: 3300, epoch: 7 | loss: 1.3459413
	speed: 0.1171s/iter; left time: 3022.3438s
	iters: 3400, epoch: 7 | loss: 1.1497477
	speed: 0.1171s/iter; left time: 3010.1571s
	iters: 3500, epoch: 7 | loss: 1.0915895
	speed: 0.1171s/iter; left time: 2997.6880s
	iters: 3600, epoch: 7 | loss: 1.0740588
	speed: 0.1171s/iter; left time: 2985.9520s
	iters: 3700, epoch: 7 | loss: 1.3339524
	speed: 0.1176s/iter; left time: 2987.1677s
	iters: 3800, epoch: 7 | loss: 1.3134608
	speed: 0.1174s/iter; left time: 2970.6861s
	iters: 3900, epoch: 7 | loss: 1.2322450
	speed: 0.1171s/iter; left time: 2951.1067s
	iters: 4000, epoch: 7 | loss: 1.1855329
	speed: 0.1171s/iter; left time: 2939.1725s
	iters: 4100, epoch: 7 | loss: 1.2340169
	speed: 0.1171s/iter; left time: 2927.9920s
	iters: 4200, epoch: 7 | loss: 0.9211566
	speed: 0.1171s/iter; left time: 2915.5255s
	iters: 4300, epoch: 7 | loss: 1.3019475
	speed: 0.1171s/iter; left time: 2903.2993s
	iters: 4400, epoch: 7 | loss: 1.1017866
	speed: 0.1170s/iter; left time: 2891.2489s
	iters: 4500, epoch: 7 | loss: 1.3129691
	speed: 0.1171s/iter; left time: 2880.8915s
	iters: 4600, epoch: 7 | loss: 1.0586460
	speed: 0.1170s/iter; left time: 2867.8228s
	iters: 4700, epoch: 7 | loss: 1.1136295
	speed: 0.1177s/iter; left time: 2872.8671s
	iters: 4800, epoch: 7 | loss: 1.2048062
	speed: 0.1178s/iter; left time: 2861.9106s
	iters: 4900, epoch: 7 | loss: 1.2092750
	speed: 0.1178s/iter; left time: 2851.4783s
	iters: 5000, epoch: 7 | loss: 1.4143491
	speed: 0.1177s/iter; left time: 2837.6769s
	iters: 5100, epoch: 7 | loss: 1.2931539
	speed: 0.1177s/iter; left time: 2825.9896s
	iters: 5200, epoch: 7 | loss: 1.2229525
	speed: 0.1178s/iter; left time: 2815.4085s
	iters: 5300, epoch: 7 | loss: 1.1570414
	speed: 0.1177s/iter; left time: 2802.0424s
	iters: 5400, epoch: 7 | loss: 1.0847234
	speed: 0.1178s/iter; left time: 2791.3537s
	iters: 5500, epoch: 7 | loss: 1.0598795
	speed: 0.1177s/iter; left time: 2778.5054s
	iters: 5600, epoch: 7 | loss: 1.4548478
	speed: 0.1177s/iter; left time: 2766.9626s
	iters: 5700, epoch: 7 | loss: 1.2747139
	speed: 0.1177s/iter; left time: 2755.1956s
	iters: 5800, epoch: 7 | loss: 1.0306309
	speed: 0.1178s/iter; left time: 2743.8209s
	iters: 5900, epoch: 7 | loss: 1.1793410
	speed: 0.1178s/iter; left time: 2732.1045s
	iters: 6000, epoch: 7 | loss: 1.3818898
	speed: 0.1177s/iter; left time: 2719.6753s
	iters: 6100, epoch: 7 | loss: 1.3291097
	speed: 0.1177s/iter; left time: 2708.0344s
	iters: 6200, epoch: 7 | loss: 1.1195495
	speed: 0.1178s/iter; left time: 2697.0077s
	iters: 6300, epoch: 7 | loss: 1.4082766
	speed: 0.1177s/iter; left time: 2684.8005s
	iters: 6400, epoch: 7 | loss: 1.0119516
	speed: 0.1177s/iter; left time: 2672.4945s
	iters: 6500, epoch: 7 | loss: 1.1592444
	speed: 0.1179s/iter; left time: 2663.9043s
	iters: 6600, epoch: 7 | loss: 0.9984753
	speed: 0.1177s/iter; left time: 2648.8036s
	iters: 6700, epoch: 7 | loss: 1.2305132
	speed: 0.1173s/iter; left time: 2628.1167s
	iters: 6800, epoch: 7 | loss: 0.9969010
	speed: 0.1171s/iter; left time: 2611.9124s
	iters: 6900, epoch: 7 | loss: 1.1475823
	speed: 0.1172s/iter; left time: 2601.5126s
	iters: 7000, epoch: 7 | loss: 1.3070688
	speed: 0.1171s/iter; left time: 2587.8114s
	iters: 7100, epoch: 7 | loss: 1.2842703
	speed: 0.1173s/iter; left time: 2581.3434s
	iters: 7200, epoch: 7 | loss: 1.0914950
	speed: 0.1177s/iter; left time: 2576.7974s
Epoch: 7 cost time: 855.3626427650452
Epoch: 7, Steps: 7275 | Train Loss: 1.2680888 Vali Loss: 1.5797974 Test Loss: 1.2418540
Validation loss decreased (1.643656 --> 1.579797).  Saving model ...
Updating learning rate to 1.5625e-05
	iters: 100, epoch: 8 | loss: 1.0887926
	speed: 2.7420s/iter; left time: 59573.1383s
	iters: 200, epoch: 8 | loss: 1.0401248
	speed: 0.1176s/iter; left time: 2543.3228s
	iters: 300, epoch: 8 | loss: 1.4270183
	speed: 0.1175s/iter; left time: 2529.3915s
	iters: 400, epoch: 8 | loss: 1.1211693
	speed: 0.1175s/iter; left time: 2516.9523s
	iters: 500, epoch: 8 | loss: 0.9799693
	speed: 0.1173s/iter; left time: 2500.9550s
	iters: 600, epoch: 8 | loss: 1.2808466
	speed: 0.1172s/iter; left time: 2487.9171s
	iters: 700, epoch: 8 | loss: 1.2488413
	speed: 0.1174s/iter; left time: 2479.1508s
	iters: 800, epoch: 8 | loss: 0.9769624
	speed: 0.1172s/iter; left time: 2463.6266s
	iters: 900, epoch: 8 | loss: 1.2390994
	speed: 0.1174s/iter; left time: 2456.9143s
	iters: 1000, epoch: 8 | loss: 1.1010016
	speed: 0.1177s/iter; left time: 2451.8351s
	iters: 1100, epoch: 8 | loss: 1.0768824
	speed: 0.1177s/iter; left time: 2440.4071s
	iters: 1200, epoch: 8 | loss: 1.2537802
	speed: 0.1177s/iter; left time: 2428.1498s
	iters: 1300, epoch: 8 | loss: 1.1926466
	speed: 0.1177s/iter; left time: 2416.8145s
	iters: 1400, epoch: 8 | loss: 1.2957840
	speed: 0.1177s/iter; left time: 2404.5635s
	iters: 1500, epoch: 8 | loss: 1.2841340
	speed: 0.1178s/iter; left time: 2393.6860s
	iters: 1600, epoch: 8 | loss: 0.9698921
	speed: 0.1177s/iter; left time: 2380.6831s
	iters: 1700, epoch: 8 | loss: 1.3195729
	speed: 0.1178s/iter; left time: 2370.2866s
	iters: 1800, epoch: 8 | loss: 1.0900459
	speed: 0.1177s/iter; left time: 2357.0739s
	iters: 1900, epoch: 8 | loss: 1.4356626
	speed: 0.1177s/iter; left time: 2346.2274s
	iters: 2000, epoch: 8 | loss: 1.4963727
	speed: 0.1176s/iter; left time: 2330.6696s
	iters: 2100, epoch: 8 | loss: 1.4481511
	speed: 0.1173s/iter; left time: 2314.1996s
	iters: 2200, epoch: 8 | loss: 1.1461232
	speed: 0.1174s/iter; left time: 2304.4620s
	iters: 2300, epoch: 8 | loss: 0.8886803
	speed: 0.1174s/iter; left time: 2292.4632s
	iters: 2400, epoch: 8 | loss: 1.2127219
	speed: 0.1178s/iter; left time: 2287.5137s
	iters: 2500, epoch: 8 | loss: 1.1892599
	speed: 0.1178s/iter; left time: 2276.5803s
	iters: 2600, epoch: 8 | loss: 1.3567340
	speed: 0.1177s/iter; left time: 2263.0286s
	iters: 2700, epoch: 8 | loss: 1.3222352
	speed: 0.1177s/iter; left time: 2251.1747s
	iters: 2800, epoch: 8 | loss: 1.0265383
	speed: 0.1177s/iter; left time: 2240.1503s
	iters: 2900, epoch: 8 | loss: 1.2203306
	speed: 0.1177s/iter; left time: 2227.7532s
	iters: 3000, epoch: 8 | loss: 1.1947267
	speed: 0.1178s/iter; left time: 2217.9622s
	iters: 3100, epoch: 8 | loss: 1.2824470
	speed: 0.1176s/iter; left time: 2201.2687s
	iters: 3200, epoch: 8 | loss: 1.1344953
	speed: 0.1173s/iter; left time: 2183.9778s
	iters: 3300, epoch: 8 | loss: 1.3074782
	speed: 0.1178s/iter; left time: 2182.5458s
	iters: 3400, epoch: 8 | loss: 1.1061970
	speed: 0.1176s/iter; left time: 2166.4531s
	iters: 3500, epoch: 8 | loss: 1.3086048
	speed: 0.1171s/iter; left time: 2146.0284s
	iters: 3600, epoch: 8 | loss: 1.0143583
	speed: 0.1171s/iter; left time: 2135.1552s
	iters: 3700, epoch: 8 | loss: 1.6749605
	speed: 0.1171s/iter; left time: 2123.4291s
	iters: 3800, epoch: 8 | loss: 1.0865135
	speed: 0.1173s/iter; left time: 2113.8893s
	iters: 3900, epoch: 8 | loss: 1.0881476
	speed: 0.1171s/iter; left time: 2098.9375s
	iters: 4000, epoch: 8 | loss: 1.3368784
	speed: 0.1171s/iter; left time: 2087.4755s
	iters: 4100, epoch: 8 | loss: 1.1123203
	speed: 0.1171s/iter; left time: 2076.3223s
	iters: 4200, epoch: 8 | loss: 1.4206059
	speed: 0.1171s/iter; left time: 2064.6178s
	iters: 4300, epoch: 8 | loss: 1.1741760
	speed: 0.1170s/iter; left time: 2051.0564s
	iters: 4400, epoch: 8 | loss: 1.0380070
	speed: 0.1172s/iter; left time: 2042.8417s
	iters: 4500, epoch: 8 | loss: 1.2226443
	speed: 0.1178s/iter; left time: 2040.3038s
	iters: 4600, epoch: 8 | loss: 0.9861775
	speed: 0.1178s/iter; left time: 2028.4359s
	iters: 4700, epoch: 8 | loss: 1.1873085
	speed: 0.1178s/iter; left time: 2016.9133s
	iters: 4800, epoch: 8 | loss: 1.1606287
	speed: 0.1178s/iter; left time: 2004.9516s
	iters: 4900, epoch: 8 | loss: 0.8810779
	speed: 0.1178s/iter; left time: 1994.6185s
	iters: 5000, epoch: 8 | loss: 1.1096506
	speed: 0.1177s/iter; left time: 1980.7454s
	iters: 5100, epoch: 8 | loss: 1.2766657
	speed: 0.1178s/iter; left time: 1970.3880s
	iters: 5200, epoch: 8 | loss: 1.2969563
	speed: 0.1177s/iter; left time: 1957.6316s
	iters: 5300, epoch: 8 | loss: 1.1284795
	speed: 0.1178s/iter; left time: 1946.5729s
	iters: 5400, epoch: 8 | loss: 1.5301528
	speed: 0.1178s/iter; left time: 1934.9899s
	iters: 5500, epoch: 8 | loss: 1.0894247
	speed: 0.1178s/iter; left time: 1923.3854s
	iters: 5600, epoch: 8 | loss: 1.2836496
	speed: 0.1178s/iter; left time: 1910.7542s
	iters: 5700, epoch: 8 | loss: 1.0447581
	speed: 0.1178s/iter; left time: 1898.8962s
	iters: 5800, epoch: 8 | loss: 1.4277321
	speed: 0.1178s/iter; left time: 1888.1647s
	iters: 5900, epoch: 8 | loss: 1.4462308
	speed: 0.1178s/iter; left time: 1876.2653s
	iters: 6000, epoch: 8 | loss: 0.9030821
	speed: 0.1178s/iter; left time: 1864.6616s
	iters: 6100, epoch: 8 | loss: 1.3642957
	speed: 0.1177s/iter; left time: 1851.6108s
	iters: 6200, epoch: 8 | loss: 1.2871020
	speed: 0.1178s/iter; left time: 1840.3901s
	iters: 6300, epoch: 8 | loss: 1.1902919
	speed: 0.1178s/iter; left time: 1828.7258s
	iters: 6400, epoch: 8 | loss: 1.0986353
	speed: 0.1178s/iter; left time: 1816.5384s
	iters: 6500, epoch: 8 | loss: 1.0486431
	speed: 0.1177s/iter; left time: 1804.5720s
	iters: 6600, epoch: 8 | loss: 0.9990888
	speed: 0.1178s/iter; left time: 1793.7906s
	iters: 6700, epoch: 8 | loss: 1.2203562
	speed: 0.1177s/iter; left time: 1780.7423s
	iters: 6800, epoch: 8 | loss: 1.3778944
	speed: 0.1178s/iter; left time: 1770.2776s
	iters: 6900, epoch: 8 | loss: 1.2367966
	speed: 0.1177s/iter; left time: 1757.3021s
	iters: 7000, epoch: 8 | loss: 1.0736314
	speed: 0.1174s/iter; left time: 1740.8744s
	iters: 7100, epoch: 8 | loss: 1.3754251
	speed: 0.1171s/iter; left time: 1724.7899s
	iters: 7200, epoch: 8 | loss: 1.0958681
	speed: 0.1173s/iter; left time: 1715.2639s
Epoch: 8 cost time: 855.8644795417786
Epoch: 8, Steps: 7275 | Train Loss: 1.1982874 Vali Loss: 1.6244161 Test Loss: 1.2890248
EarlyStopping counter: 1 out of 3
Updating learning rate to 7.8125e-06
	iters: 100, epoch: 9 | loss: 1.7483377
	speed: 2.7418s/iter; left time: 39622.2893s
	iters: 200, epoch: 9 | loss: 1.2164512
	speed: 0.1177s/iter; left time: 1689.1872s
	iters: 300, epoch: 9 | loss: 1.1626118
	speed: 0.1177s/iter; left time: 1677.8880s
	iters: 400, epoch: 9 | loss: 1.1198267
	speed: 0.1175s/iter; left time: 1663.0882s
	iters: 500, epoch: 9 | loss: 1.3991933
	speed: 0.1172s/iter; left time: 1646.2380s
	iters: 600, epoch: 9 | loss: 1.3496358
	speed: 0.1176s/iter; left time: 1640.3124s
	iters: 700, epoch: 9 | loss: 1.1711347
	speed: 0.1171s/iter; left time: 1622.4405s
	iters: 800, epoch: 9 | loss: 1.3721011
	speed: 0.1172s/iter; left time: 1611.2663s
	iters: 900, epoch: 9 | loss: 1.0349218
	speed: 0.1174s/iter; left time: 1601.9482s
	iters: 1000, epoch: 9 | loss: 0.9697998
	speed: 0.1173s/iter; left time: 1589.7078s
	iters: 1100, epoch: 9 | loss: 1.1638691
	speed: 0.1173s/iter; left time: 1577.2088s
	iters: 1200, epoch: 9 | loss: 1.0731412
	speed: 0.1178s/iter; left time: 1572.5490s
	iters: 1300, epoch: 9 | loss: 1.6066185
	speed: 0.1178s/iter; left time: 1560.3510s
	iters: 1400, epoch: 9 | loss: 1.0502586
	speed: 0.1174s/iter; left time: 1543.7800s
	iters: 1500, epoch: 9 | loss: 1.4482638
	speed: 0.1174s/iter; left time: 1532.2034s
	iters: 1600, epoch: 9 | loss: 1.4290255
	speed: 0.1178s/iter; left time: 1525.1642s
	iters: 1700, epoch: 9 | loss: 1.1322125
	speed: 0.1179s/iter; left time: 1514.5558s
	iters: 1800, epoch: 9 | loss: 1.1668353
	speed: 0.1178s/iter; left time: 1502.0285s
	iters: 1900, epoch: 9 | loss: 1.0329823
	speed: 0.1178s/iter; left time: 1489.7026s
	iters: 2000, epoch: 9 | loss: 1.1108731
	speed: 0.1178s/iter; left time: 1477.9190s
	iters: 2100, epoch: 9 | loss: 1.1968962
	speed: 0.1175s/iter; left time: 1463.2242s
	iters: 2200, epoch: 9 | loss: 1.0042874
	speed: 0.1174s/iter; left time: 1450.4806s
	iters: 2300, epoch: 9 | loss: 1.0367531
	speed: 0.1178s/iter; left time: 1442.7321s
	iters: 2400, epoch: 9 | loss: 1.0426435
	speed: 0.1178s/iter; left time: 1430.7854s
	iters: 2500, epoch: 9 | loss: 1.0670739
	speed: 0.1179s/iter; left time: 1420.3668s
	iters: 2600, epoch: 9 | loss: 1.2327579
	speed: 0.1178s/iter; left time: 1408.2166s
	iters: 2700, epoch: 9 | loss: 1.1815058
	speed: 0.1179s/iter; left time: 1397.2850s
	iters: 2800, epoch: 9 | loss: 1.0568449
	speed: 0.1178s/iter; left time: 1384.6126s
	iters: 2900, epoch: 9 | loss: 0.9749011
	speed: 0.1178s/iter; left time: 1372.9383s
	iters: 3000, epoch: 9 | loss: 1.2193608
	speed: 0.1178s/iter; left time: 1361.0193s
	iters: 3100, epoch: 9 | loss: 1.1012219
	speed: 0.1179s/iter; left time: 1350.1900s
	iters: 3200, epoch: 9 | loss: 1.1921853
	speed: 0.1178s/iter; left time: 1337.3998s
	iters: 3300, epoch: 9 | loss: 1.1961792
	speed: 0.1178s/iter; left time: 1325.0993s
	iters: 3400, epoch: 9 | loss: 1.1579779
	speed: 0.1178s/iter; left time: 1313.3541s
	iters: 3500, epoch: 9 | loss: 1.1497740
	speed: 0.1178s/iter; left time: 1301.5746s
	iters: 3600, epoch: 9 | loss: 1.2085581
	speed: 0.1178s/iter; left time: 1289.5164s
	iters: 3700, epoch: 9 | loss: 1.2229630
	speed: 0.1178s/iter; left time: 1277.8972s
	iters: 3800, epoch: 9 | loss: 1.3465261
	speed: 0.1178s/iter; left time: 1266.2864s
	iters: 3900, epoch: 9 | loss: 0.9806924
	speed: 0.1178s/iter; left time: 1254.4237s
	iters: 4000, epoch: 9 | loss: 1.0335844
	speed: 0.1178s/iter; left time: 1242.4887s
	iters: 4100, epoch: 9 | loss: 1.3255289
	speed: 0.1178s/iter; left time: 1230.8274s
	iters: 4200, epoch: 9 | loss: 0.8856528
	speed: 0.1178s/iter; left time: 1219.3130s
	iters: 4300, epoch: 9 | loss: 1.1355013
	speed: 0.1177s/iter; left time: 1207.0436s
	iters: 4400, epoch: 9 | loss: 1.1616437
	speed: 0.1177s/iter; left time: 1195.1011s
	iters: 4500, epoch: 9 | loss: 1.3106304
	speed: 0.1177s/iter; left time: 1183.3456s
	iters: 4600, epoch: 9 | loss: 1.3184278
	speed: 0.1177s/iter; left time: 1171.4783s
	iters: 4700, epoch: 9 | loss: 1.0352552
	speed: 0.1177s/iter; left time: 1159.6431s
	iters: 4800, epoch: 9 | loss: 1.6706460
	speed: 0.1176s/iter; left time: 1146.6947s
	iters: 4900, epoch: 9 | loss: 1.0692484
	speed: 0.1173s/iter; left time: 1132.2614s
	iters: 5000, epoch: 9 | loss: 1.0378436
	speed: 0.1171s/iter; left time: 1118.8630s
	iters: 5100, epoch: 9 | loss: 1.1462131
	speed: 0.1176s/iter; left time: 1111.5276s
	iters: 5200, epoch: 9 | loss: 1.1368510
	speed: 0.1177s/iter; left time: 1100.7604s
	iters: 5300, epoch: 9 | loss: 1.0617255
	speed: 0.1177s/iter; left time: 1088.6446s
	iters: 5400, epoch: 9 | loss: 1.1773564
	speed: 0.1177s/iter; left time: 1076.7443s
	iters: 5500, epoch: 9 | loss: 1.5844051
	speed: 0.1177s/iter; left time: 1065.5322s
	iters: 5600, epoch: 9 | loss: 1.2019943
	speed: 0.1179s/iter; left time: 1055.3333s
	iters: 5700, epoch: 9 | loss: 1.3254371
	speed: 0.1178s/iter; left time: 1042.5380s
	iters: 5800, epoch: 9 | loss: 1.1074345
	speed: 0.1177s/iter; left time: 1030.0681s
	iters: 5900, epoch: 9 | loss: 1.2382390
	speed: 0.1178s/iter; left time: 1019.2291s
	iters: 6000, epoch: 9 | loss: 1.3099346
	speed: 0.1178s/iter; left time: 1007.1044s
	iters: 6100, epoch: 9 | loss: 1.3813334
	speed: 0.1177s/iter; left time: 994.3279s
	iters: 6200, epoch: 9 | loss: 1.3894442
	speed: 0.1176s/iter; left time: 982.3299s
	iters: 6300, epoch: 9 | loss: 1.1935446
	speed: 0.1177s/iter; left time: 970.8657s
	iters: 6400, epoch: 9 | loss: 1.2027414
	speed: 0.1177s/iter; left time: 959.3085s
	iters: 6500, epoch: 9 | loss: 1.1474215
	speed: 0.1178s/iter; left time: 948.5592s
	iters: 6600, epoch: 9 | loss: 1.1767007
	speed: 0.1177s/iter; left time: 935.6458s
	iters: 6700, epoch: 9 | loss: 1.0800713
	speed: 0.1177s/iter; left time: 924.0038s
	iters: 6800, epoch: 9 | loss: 1.2125665
	speed: 0.1176s/iter; left time: 911.8372s
	iters: 6900, epoch: 9 | loss: 1.0857604
	speed: 0.1177s/iter; left time: 900.3254s
	iters: 7000, epoch: 9 | loss: 1.5150853
	speed: 0.1176s/iter; left time: 888.1622s
	iters: 7100, epoch: 9 | loss: 1.0824082
	speed: 0.1176s/iter; left time: 876.5864s
	iters: 7200, epoch: 9 | loss: 1.2306223
	speed: 0.1177s/iter; left time: 865.2974s
Epoch: 9 cost time: 856.5140130519867
Epoch: 9, Steps: 7275 | Train Loss: 1.2002470 Vali Loss: 1.5312494 Test Loss: 1.1894357
Validation loss decreased (1.579797 --> 1.531249).  Saving model ...
Updating learning rate to 3.90625e-06
	iters: 100, epoch: 10 | loss: 1.1127077
	speed: 2.7381s/iter; left time: 19648.4402s
	iters: 200, epoch: 10 | loss: 1.2178481
	speed: 0.1175s/iter; left time: 831.3625s
	iters: 300, epoch: 10 | loss: 1.0831792
	speed: 0.1175s/iter; left time: 819.3937s
	iters: 400, epoch: 10 | loss: 1.2618717
	speed: 0.1173s/iter; left time: 806.5642s
	iters: 500, epoch: 10 | loss: 1.5316012
	speed: 0.1173s/iter; left time: 794.6320s
	iters: 600, epoch: 10 | loss: 0.9533495
	speed: 0.1172s/iter; left time: 782.6291s
	iters: 700, epoch: 10 | loss: 1.2245183
	speed: 0.1173s/iter; left time: 771.3859s
	iters: 800, epoch: 10 | loss: 1.1650151
	speed: 0.1173s/iter; left time: 759.7690s
	iters: 900, epoch: 10 | loss: 1.1577897
	speed: 0.1175s/iter; left time: 749.3459s
	iters: 1000, epoch: 10 | loss: 1.2675749
	speed: 0.1176s/iter; left time: 738.0624s
	iters: 1100, epoch: 10 | loss: 1.1050360
	speed: 0.1175s/iter; left time: 725.4615s
	iters: 1200, epoch: 10 | loss: 1.4481311
	speed: 0.1172s/iter; left time: 712.2157s
	iters: 1300, epoch: 10 | loss: 1.3444232
	speed: 0.1173s/iter; left time: 700.6909s
	iters: 1400, epoch: 10 | loss: 1.2362350
	speed: 0.1175s/iter; left time: 690.3229s
	iters: 1500, epoch: 10 | loss: 0.9204175
	speed: 0.1178s/iter; left time: 680.1325s
	iters: 1600, epoch: 10 | loss: 1.1605394
	speed: 0.1179s/iter; left time: 668.9853s
	iters: 1700, epoch: 10 | loss: 1.4470736
	speed: 0.1178s/iter; left time: 656.5943s
	iters: 1800, epoch: 10 | loss: 0.9361916
	speed: 0.1178s/iter; left time: 645.2477s
	iters: 1900, epoch: 10 | loss: 1.1870357
	speed: 0.1177s/iter; left time: 632.9714s
	iters: 2000, epoch: 10 | loss: 1.5142297
	speed: 0.1178s/iter; left time: 621.6236s
	iters: 2100, epoch: 10 | loss: 1.0168008
	speed: 0.1178s/iter; left time: 609.6958s
	iters: 2200, epoch: 10 | loss: 1.2092121
	speed: 0.1178s/iter; left time: 597.9405s
	iters: 2300, epoch: 10 | loss: 1.3599459
	speed: 0.1178s/iter; left time: 586.1615s
	iters: 2400, epoch: 10 | loss: 1.4609276
	speed: 0.1178s/iter; left time: 574.4260s
	iters: 2500, epoch: 10 | loss: 1.2201465
	speed: 0.1178s/iter; left time: 562.5239s
	iters: 2600, epoch: 10 | loss: 1.0660039
	speed: 0.1178s/iter; left time: 550.7628s
	iters: 2700, epoch: 10 | loss: 1.2340399
	speed: 0.1178s/iter; left time: 538.9819s
	iters: 2800, epoch: 10 | loss: 0.9865308
	speed: 0.1178s/iter; left time: 527.2489s
	iters: 2900, epoch: 10 | loss: 1.1185793
	speed: 0.1178s/iter; left time: 515.3706s
	iters: 3000, epoch: 10 | loss: 1.3881977
	speed: 0.1178s/iter; left time: 503.5539s
	iters: 3100, epoch: 10 | loss: 1.0203755
	speed: 0.1178s/iter; left time: 491.7900s
	iters: 3200, epoch: 10 | loss: 0.8808584
	speed: 0.1178s/iter; left time: 480.0169s
	iters: 3300, epoch: 10 | loss: 1.0343354
	speed: 0.1179s/iter; left time: 468.6545s
	iters: 3400, epoch: 10 | loss: 1.3348809
	speed: 0.1171s/iter; left time: 454.0038s
	iters: 3500, epoch: 10 | loss: 1.0707113
	speed: 0.1172s/iter; left time: 442.3888s
	iters: 3600, epoch: 10 | loss: 1.0015757
	speed: 0.1171s/iter; left time: 430.6262s
	iters: 3700, epoch: 10 | loss: 1.2601699
	speed: 0.1172s/iter; left time: 419.0920s
	iters: 3800, epoch: 10 | loss: 1.0682267
	speed: 0.1171s/iter; left time: 407.0922s
	iters: 3900, epoch: 10 | loss: 1.0459365
	speed: 0.1176s/iter; left time: 397.1355s
	iters: 4000, epoch: 10 | loss: 1.5187111
	speed: 0.1178s/iter; left time: 385.8739s
	iters: 4100, epoch: 10 | loss: 1.1637204
	speed: 0.1178s/iter; left time: 374.1412s
	iters: 4200, epoch: 10 | loss: 0.9118903
	speed: 0.1177s/iter; left time: 361.9155s
	iters: 4300, epoch: 10 | loss: 1.5162526
	speed: 0.1177s/iter; left time: 350.2398s
	iters: 4400, epoch: 10 | loss: 1.2207257
	speed: 0.1178s/iter; left time: 338.7513s
	iters: 4500, epoch: 10 | loss: 1.0646337
	speed: 0.1178s/iter; left time: 327.1426s
	iters: 4600, epoch: 10 | loss: 1.2520180
	speed: 0.1177s/iter; left time: 314.9266s
	iters: 4700, epoch: 10 | loss: 1.1616937
	speed: 0.1177s/iter; left time: 303.1762s
	iters: 4800, epoch: 10 | loss: 1.3986362
	speed: 0.1177s/iter; left time: 291.4632s
	iters: 4900, epoch: 10 | loss: 1.1425239
	speed: 0.1177s/iter; left time: 279.6840s
	iters: 5000, epoch: 10 | loss: 1.2283058
	speed: 0.1178s/iter; left time: 268.0523s
	iters: 5100, epoch: 10 | loss: 1.2186203
	speed: 0.1177s/iter; left time: 256.0734s
	iters: 5200, epoch: 10 | loss: 1.2090939
	speed: 0.1177s/iter; left time: 244.3465s
	iters: 5300, epoch: 10 | loss: 1.0121341
	speed: 0.1177s/iter; left time: 232.6454s
	iters: 5400, epoch: 10 | loss: 1.3366811
	speed: 0.1178s/iter; left time: 220.9583s
	iters: 5500, epoch: 10 | loss: 1.0010271
	speed: 0.1177s/iter; left time: 208.9693s
	iters: 5600, epoch: 10 | loss: 1.1456113
	speed: 0.1177s/iter; left time: 197.2436s
	iters: 5700, epoch: 10 | loss: 1.2595992
	speed: 0.1176s/iter; left time: 185.3981s
	iters: 5800, epoch: 10 | loss: 1.2190278
	speed: 0.1177s/iter; left time: 173.6629s
	iters: 5900, epoch: 10 | loss: 1.1065127
	speed: 0.1176s/iter; left time: 161.8359s
	iters: 6000, epoch: 10 | loss: 1.3548921
	speed: 0.1176s/iter; left time: 150.0928s
	iters: 6100, epoch: 10 | loss: 1.2120194
	speed: 0.1177s/iter; left time: 138.3611s
	iters: 6200, epoch: 10 | loss: 1.1539028
	speed: 0.1176s/iter; left time: 126.5734s
	iters: 6300, epoch: 10 | loss: 1.1176093
	speed: 0.1172s/iter; left time: 114.4066s
	iters: 6400, epoch: 10 | loss: 1.0983022
	speed: 0.1170s/iter; left time: 102.5021s
	iters: 6500, epoch: 10 | loss: 1.0555611
	speed: 0.1171s/iter; left time: 90.8699s
	iters: 6600, epoch: 10 | loss: 1.2068930
	speed: 0.1171s/iter; left time: 79.1260s
	iters: 6700, epoch: 10 | loss: 1.3364258
	speed: 0.1171s/iter; left time: 67.4306s
	iters: 6800, epoch: 10 | loss: 1.0790249
	speed: 0.1170s/iter; left time: 55.7100s
	iters: 6900, epoch: 10 | loss: 1.3842961
	speed: 0.1171s/iter; left time: 44.0391s
	iters: 7000, epoch: 10 | loss: 1.1860753
	speed: 0.1171s/iter; left time: 32.3119s
	iters: 7100, epoch: 10 | loss: 1.0611302
	speed: 0.1174s/iter; left time: 20.6635s
	iters: 7200, epoch: 10 | loss: 1.2349107
	speed: 0.1177s/iter; left time: 8.9456s
Epoch: 10 cost time: 855.6852266788483
Epoch: 10, Steps: 7275 | Train Loss: 1.1943696 Vali Loss: 1.5121934 Test Loss: 1.1887852
Validation loss decreased (1.531249 --> 1.512193).  Saving model ...
Updating learning rate to 1.953125e-06
>>>>>>>testing : long_term_forecast_pems04_all_96_192_iTransformer_custom_ftM_sl96_ll48_pl192_dm512_nh8_el4_dl1_df512_fc3_ebtimeF_dtTrue_srate0.1_sseed7_trainseed2024_gap730_Exp_0<<<<<<<<<<<<<<<<<<<<<<<<<<<<<<<<<
test 247787
test shape: (24778, 1, 192, 822) (24778, 1, 192, 822)
test shape: (24778, 192, 822) (24778, 192, 822)
mse:1.1887714862823486, mae:0.8701802492141724
>>>>>>>Overall time: 11952 seconds<<<<<<<<<<<<<<<<<<<<<<<<<<<<<<<<<
