Args in experiment:
Namespace(activation='gelu', anomaly_ratio=0.25, batch_size=16, c_out=822, checkpoints='./checkpoints/', d_ff=512, d_layers=1, d_model=512, data='custom', data_path='pems04_all_common_flow.csv', dec_in=822, des='Exp', devices='0,1,2,3', distil=True, dropout=0, e_layers=4, embed='timeF', enc_in=822, factor=3, features='M', freq='h', gap_day=730, gpu=0, inverse=False, is_training=1, itr=1, label_len=48, learning_rate=0.001, loss='MSE', lradj='type1', mask_rate=0.25, model='iTransformer', model_id='pems04_all_96_336', moving_avg=25, n_heads=8, num_kernels=6, num_workers=10, output_attention=False, p_hidden_dims=[128, 128], p_hidden_layers=2, patience=3, pred_len=336, root_path='../../data/pems/', samle_rate=0.1, sample_seed=7, seasonal_patterns='Monthly', seq_len=96, target='OT', task_name='long_term_forecast', top_k=5, train_epochs=10, train_seed=2024, use_amp=False, use_gpu=True, use_multi_gpu=False)
Use GPU: cuda:0
>>>>>>>start training : long_term_forecast_pems04_all_96_336_iTransformer_custom_ftM_sl96_ll48_pl336_dm512_nh8_el4_dl1_df512_fc3_ebtimeF_dtTrue_srate0.1_sseed7_trainseed2024_gap730_Exp_0>>>>>>>>>>>>>>>>>>>>>>>>>>
train 1163984
val 247645
test 247643
	iters: 100, epoch: 1 | loss: 1.5867429
	speed: 0.1296s/iter; left time: 9416.3658s
	iters: 200, epoch: 1 | loss: 1.3413731
	speed: 0.1218s/iter; left time: 8834.5741s
	iters: 300, epoch: 1 | loss: 1.2797146
	speed: 0.1216s/iter; left time: 8806.1897s
	iters: 400, epoch: 1 | loss: 1.3437798
	speed: 0.1218s/iter; left time: 8813.6796s
	iters: 500, epoch: 1 | loss: 1.6116765
	speed: 0.1216s/iter; left time: 8782.4841s
	iters: 600, epoch: 1 | loss: 1.6492546
	speed: 0.1216s/iter; left time: 8775.8455s
	iters: 700, epoch: 1 | loss: 1.5715258
	speed: 0.1218s/iter; left time: 8777.5407s
	iters: 800, epoch: 1 | loss: 1.5471412
	speed: 0.1219s/iter; left time: 8767.8770s
	iters: 900, epoch: 1 | loss: 1.4587500
	speed: 0.1219s/iter; left time: 8754.1607s
	iters: 1000, epoch: 1 | loss: 1.5135303
	speed: 0.1214s/iter; left time: 8709.7500s
	iters: 1100, epoch: 1 | loss: 1.5779892
	speed: 0.1215s/iter; left time: 8702.8874s
	iters: 1200, epoch: 1 | loss: 1.3919362
	speed: 0.1217s/iter; left time: 8706.6157s
	iters: 1300, epoch: 1 | loss: 1.7895026
	speed: 0.1219s/iter; left time: 8705.7140s
	iters: 1400, epoch: 1 | loss: 1.5977679
	speed: 0.1218s/iter; left time: 8687.2195s
	iters: 1500, epoch: 1 | loss: 1.7252235
	speed: 0.1216s/iter; left time: 8665.1142s
	iters: 1600, epoch: 1 | loss: 1.6482124
	speed: 0.1218s/iter; left time: 8663.7333s
	iters: 1700, epoch: 1 | loss: 1.7656175
	speed: 0.1218s/iter; left time: 8653.9431s
	iters: 1800, epoch: 1 | loss: 1.7956337
	speed: 0.1218s/iter; left time: 8637.3436s
	iters: 1900, epoch: 1 | loss: 1.5306679
	speed: 0.1218s/iter; left time: 8626.9823s
	iters: 2000, epoch: 1 | loss: 1.5048058
	speed: 0.1218s/iter; left time: 8613.8744s
	iters: 2100, epoch: 1 | loss: 1.5756706
	speed: 0.1219s/iter; left time: 8608.6180s
	iters: 2200, epoch: 1 | loss: 1.8587066
	speed: 0.1218s/iter; left time: 8589.0519s
	iters: 2300, epoch: 1 | loss: 1.5207880
	speed: 0.1218s/iter; left time: 8578.0242s
	iters: 2400, epoch: 1 | loss: 1.7163631
	speed: 0.1218s/iter; left time: 8566.3517s
	iters: 2500, epoch: 1 | loss: 1.5659419
	speed: 0.1217s/iter; left time: 8550.0997s
	iters: 2600, epoch: 1 | loss: 1.6428797
	speed: 0.1218s/iter; left time: 8540.6422s
	iters: 2700, epoch: 1 | loss: 1.6892074
	speed: 0.1218s/iter; left time: 8528.7922s
	iters: 2800, epoch: 1 | loss: 1.5199162
	speed: 0.1218s/iter; left time: 8516.5810s
	iters: 2900, epoch: 1 | loss: 1.5089144
	speed: 0.1217s/iter; left time: 8499.6141s
	iters: 3000, epoch: 1 | loss: 1.5948287
	speed: 0.1217s/iter; left time: 8490.1912s
	iters: 3100, epoch: 1 | loss: 1.6327487
	speed: 0.1217s/iter; left time: 8475.6734s
	iters: 3200, epoch: 1 | loss: 1.6281122
	speed: 0.1217s/iter; left time: 8463.0489s
	iters: 3300, epoch: 1 | loss: 1.8484002
	speed: 0.1217s/iter; left time: 8450.6295s
	iters: 3400, epoch: 1 | loss: 1.4645735
	speed: 0.1219s/iter; left time: 8450.8787s
	iters: 3500, epoch: 1 | loss: 1.7744454
	speed: 0.1216s/iter; left time: 8422.8754s
	iters: 3600, epoch: 1 | loss: 1.5272636
	speed: 0.1217s/iter; left time: 8416.1436s
	iters: 3700, epoch: 1 | loss: 1.5895799
	speed: 0.1215s/iter; left time: 8386.3091s
	iters: 3800, epoch: 1 | loss: 1.6894522
	speed: 0.1217s/iter; left time: 8387.0485s
	iters: 3900, epoch: 1 | loss: 1.4371468
	speed: 0.1217s/iter; left time: 8377.9430s
	iters: 4000, epoch: 1 | loss: 1.6594913
	speed: 0.1217s/iter; left time: 8365.8188s
	iters: 4100, epoch: 1 | loss: 1.8143363
	speed: 0.1218s/iter; left time: 8359.1501s
	iters: 4200, epoch: 1 | loss: 1.5602317
	speed: 0.1217s/iter; left time: 8343.5355s
	iters: 4300, epoch: 1 | loss: 1.6618224
	speed: 0.1217s/iter; left time: 8327.9663s
	iters: 4400, epoch: 1 | loss: 1.6336602
	speed: 0.1217s/iter; left time: 8317.9635s
	iters: 4500, epoch: 1 | loss: 1.5753009
	speed: 0.1218s/iter; left time: 8310.6268s
	iters: 4600, epoch: 1 | loss: 1.6938778
	speed: 0.1217s/iter; left time: 8295.4036s
	iters: 4700, epoch: 1 | loss: 1.7559050
	speed: 0.1217s/iter; left time: 8278.6864s
	iters: 4800, epoch: 1 | loss: 1.5583286
	speed: 0.1217s/iter; left time: 8268.1803s
	iters: 4900, epoch: 1 | loss: 1.7847418
	speed: 0.1217s/iter; left time: 8256.4508s
	iters: 5000, epoch: 1 | loss: 1.7269872
	speed: 0.1218s/iter; left time: 8251.2271s
	iters: 5100, epoch: 1 | loss: 1.6793612
	speed: 0.1217s/iter; left time: 8230.9499s
	iters: 5200, epoch: 1 | loss: 1.6260602
	speed: 0.1217s/iter; left time: 8222.9744s
	iters: 5300, epoch: 1 | loss: 2.1134555
	speed: 0.1217s/iter; left time: 8210.8541s
	iters: 5400, epoch: 1 | loss: 1.7469609
	speed: 0.1218s/iter; left time: 8201.1216s
	iters: 5500, epoch: 1 | loss: 1.8683541
	speed: 0.1217s/iter; left time: 8185.8801s
	iters: 5600, epoch: 1 | loss: 1.9062328
	speed: 0.1217s/iter; left time: 8168.9391s
	iters: 5700, epoch: 1 | loss: 1.7337787
	speed: 0.1218s/iter; left time: 8163.5759s
	iters: 5800, epoch: 1 | loss: 1.9684588
	speed: 0.1217s/iter; left time: 8145.5896s
	iters: 5900, epoch: 1 | loss: 1.8755383
	speed: 0.1217s/iter; left time: 8133.8298s
	iters: 6000, epoch: 1 | loss: 1.6579454
	speed: 0.1217s/iter; left time: 8119.5895s
	iters: 6100, epoch: 1 | loss: 1.6090521
	speed: 0.1217s/iter; left time: 8109.3356s
	iters: 6200, epoch: 1 | loss: 1.3876992
	speed: 0.1217s/iter; left time: 8095.6585s
	iters: 6300, epoch: 1 | loss: 1.6750877
	speed: 0.1217s/iter; left time: 8085.5442s
	iters: 6400, epoch: 1 | loss: 1.5645984
	speed: 0.1217s/iter; left time: 8070.7048s
	iters: 6500, epoch: 1 | loss: 1.5893756
	speed: 0.1216s/iter; left time: 8058.0771s
	iters: 6600, epoch: 1 | loss: 1.7027111
	speed: 0.1217s/iter; left time: 8051.4291s
	iters: 6700, epoch: 1 | loss: 1.5557954
	speed: 0.1217s/iter; left time: 8036.8887s
	iters: 6800, epoch: 1 | loss: 1.6221025
	speed: 0.1216s/iter; left time: 8020.5231s
	iters: 6900, epoch: 1 | loss: 1.4463955
	speed: 0.1216s/iter; left time: 8007.7320s
	iters: 7000, epoch: 1 | loss: 1.4623207
	speed: 0.1217s/iter; left time: 7998.3942s
	iters: 7100, epoch: 1 | loss: 1.6131600
	speed: 0.1217s/iter; left time: 7986.1987s
	iters: 7200, epoch: 1 | loss: 1.6703808
	speed: 0.1216s/iter; left time: 7970.6149s
Epoch: 1 cost time: 886.3781366348267
Epoch: 1, Steps: 7274 | Train Loss: 1.6406264 Vali Loss: 1.6498313 Test Loss: 1.5836909
Validation loss decreased (inf --> 1.649831).  Saving model ...
Updating learning rate to 0.001
	iters: 100, epoch: 2 | loss: 1.6168468
	speed: 3.2490s/iter; left time: 212374.4011s
	iters: 200, epoch: 2 | loss: 1.6391119
	speed: 0.1215s/iter; left time: 7930.6483s
	iters: 300, epoch: 2 | loss: 1.2927256
	speed: 0.1216s/iter; left time: 7924.5081s
	iters: 400, epoch: 2 | loss: 1.9574651
	speed: 0.1217s/iter; left time: 7915.5429s
	iters: 500, epoch: 2 | loss: 1.6864887
	speed: 0.1217s/iter; left time: 7903.8457s
	iters: 600, epoch: 2 | loss: 1.5778267
	speed: 0.1216s/iter; left time: 7885.1995s
	iters: 700, epoch: 2 | loss: 1.7156247
	speed: 0.1212s/iter; left time: 7852.8587s
	iters: 800, epoch: 2 | loss: 1.7867781
	speed: 0.1215s/iter; left time: 7854.4191s
	iters: 900, epoch: 2 | loss: 1.6928654
	speed: 0.1215s/iter; left time: 7843.3447s
	iters: 1000, epoch: 2 | loss: 1.5838883
	speed: 0.1212s/iter; left time: 7811.5007s
	iters: 1100, epoch: 2 | loss: 1.8282130
	speed: 0.1212s/iter; left time: 7798.6616s
	iters: 1200, epoch: 2 | loss: 1.6344705
	speed: 0.1212s/iter; left time: 7787.1897s
	iters: 1300, epoch: 2 | loss: 1.9551144
	speed: 0.1212s/iter; left time: 7774.5843s
	iters: 1400, epoch: 2 | loss: 1.6827207
	speed: 0.1211s/iter; left time: 7759.7885s
	iters: 1500, epoch: 2 | loss: 1.5959784
	speed: 0.1212s/iter; left time: 7750.4669s
	iters: 1600, epoch: 2 | loss: 1.7579974
	speed: 0.1216s/iter; left time: 7767.7877s
	iters: 1700, epoch: 2 | loss: 1.6582649
	speed: 0.1216s/iter; left time: 7754.1478s
	iters: 1800, epoch: 2 | loss: 1.6220562
	speed: 0.1216s/iter; left time: 7740.7498s
	iters: 1900, epoch: 2 | loss: 1.5631912
	speed: 0.1216s/iter; left time: 7726.8407s
	iters: 2000, epoch: 2 | loss: 1.5593731
	speed: 0.1216s/iter; left time: 7715.1878s
	iters: 2100, epoch: 2 | loss: 1.5738614
	speed: 0.1216s/iter; left time: 7704.2040s
	iters: 2200, epoch: 2 | loss: 1.8397729
	speed: 0.1216s/iter; left time: 7692.1427s
	iters: 2300, epoch: 2 | loss: 1.6875691
	speed: 0.1216s/iter; left time: 7678.5214s
	iters: 2400, epoch: 2 | loss: 1.7316272
	speed: 0.1216s/iter; left time: 7666.9382s
	iters: 2500, epoch: 2 | loss: 1.6871654
	speed: 0.1216s/iter; left time: 7656.8845s
	iters: 2600, epoch: 2 | loss: 1.4610715
	speed: 0.1217s/iter; left time: 7648.3317s
	iters: 2700, epoch: 2 | loss: 1.6329130
	speed: 0.1216s/iter; left time: 7629.6178s
	iters: 2800, epoch: 2 | loss: 1.7762572
	speed: 0.1216s/iter; left time: 7618.0329s
	iters: 2900, epoch: 2 | loss: 1.5413345
	speed: 0.1216s/iter; left time: 7609.2757s
	iters: 3000, epoch: 2 | loss: 1.7141727
	speed: 0.1216s/iter; left time: 7593.3170s
	iters: 3100, epoch: 2 | loss: 1.4854324
	speed: 0.1212s/iter; left time: 7561.6910s
	iters: 3200, epoch: 2 | loss: 1.6068289
	speed: 0.1211s/iter; left time: 7542.6485s
	iters: 3300, epoch: 2 | loss: 1.6024288
	speed: 0.1214s/iter; left time: 7549.7894s
	iters: 3400, epoch: 2 | loss: 1.7240373
	speed: 0.1215s/iter; left time: 7543.9957s
	iters: 3500, epoch: 2 | loss: 1.5875291
	speed: 0.1211s/iter; left time: 7505.3961s
	iters: 3600, epoch: 2 | loss: 1.6948490
	speed: 0.1211s/iter; left time: 7494.6224s
	iters: 3700, epoch: 2 | loss: 1.6240039
	speed: 0.1212s/iter; left time: 7483.4498s
	iters: 3800, epoch: 2 | loss: 1.8038471
	speed: 0.1211s/iter; left time: 7469.5956s
	iters: 3900, epoch: 2 | loss: 1.4290384
	speed: 0.1211s/iter; left time: 7456.3106s
	iters: 4000, epoch: 2 | loss: 1.4992809
	speed: 0.1211s/iter; left time: 7444.1817s
	iters: 4100, epoch: 2 | loss: 1.6586826
	speed: 0.1212s/iter; left time: 7435.6703s
	iters: 4200, epoch: 2 | loss: 1.5040554
	speed: 0.1212s/iter; left time: 7426.7288s
	iters: 4300, epoch: 2 | loss: 1.5996917
	speed: 0.1211s/iter; left time: 7407.2593s
	iters: 4400, epoch: 2 | loss: 1.5857875
	speed: 0.1211s/iter; left time: 7394.4839s
	iters: 4500, epoch: 2 | loss: 1.5841054
	speed: 0.1211s/iter; left time: 7382.6356s
	iters: 4600, epoch: 2 | loss: 1.6093965
	speed: 0.1211s/iter; left time: 7370.5288s
	iters: 4700, epoch: 2 | loss: 1.6761699
	speed: 0.1212s/iter; left time: 7362.1500s
	iters: 4800, epoch: 2 | loss: 1.5235717
	speed: 0.1215s/iter; left time: 7368.6164s
	iters: 4900, epoch: 2 | loss: 1.7903848
	speed: 0.1217s/iter; left time: 7369.0380s
	iters: 5000, epoch: 2 | loss: 1.5788643
	speed: 0.1217s/iter; left time: 7356.5770s
	iters: 5100, epoch: 2 | loss: 1.8422816
	speed: 0.1218s/iter; left time: 7354.3248s
	iters: 5200, epoch: 2 | loss: 1.8016013
	speed: 0.1217s/iter; left time: 7332.3325s
	iters: 5300, epoch: 2 | loss: 1.7918620
	speed: 0.1217s/iter; left time: 7321.2890s
	iters: 5400, epoch: 2 | loss: 1.7712860
	speed: 0.1212s/iter; left time: 7281.0455s
	iters: 5500, epoch: 2 | loss: 1.6329284
	speed: 0.1212s/iter; left time: 7268.4461s
	iters: 5600, epoch: 2 | loss: 1.6696810
	speed: 0.1211s/iter; left time: 7247.4549s
	iters: 5700, epoch: 2 | loss: 1.6233486
	speed: 0.1211s/iter; left time: 7236.9818s
	iters: 5800, epoch: 2 | loss: 1.5502088
	speed: 0.1211s/iter; left time: 7226.3111s
	iters: 5900, epoch: 2 | loss: 1.5767725
	speed: 0.1212s/iter; left time: 7221.9889s
	iters: 6000, epoch: 2 | loss: 1.6322368
	speed: 0.1210s/iter; left time: 7197.6485s
	iters: 6100, epoch: 2 | loss: 1.6677480
	speed: 0.1211s/iter; left time: 7189.8298s
	iters: 6200, epoch: 2 | loss: 1.7246155
	speed: 0.1211s/iter; left time: 7175.0659s
	iters: 6300, epoch: 2 | loss: 1.8099427
	speed: 0.1211s/iter; left time: 7164.6255s
	iters: 6400, epoch: 2 | loss: 1.5091114
	speed: 0.1211s/iter; left time: 7151.2387s
	iters: 6500, epoch: 2 | loss: 1.5907834
	speed: 0.1211s/iter; left time: 7139.0781s
	iters: 6600, epoch: 2 | loss: 1.6516923
	speed: 0.1213s/iter; left time: 7138.0513s
	iters: 6700, epoch: 2 | loss: 1.6197816
	speed: 0.1215s/iter; left time: 7138.3863s
	iters: 6800, epoch: 2 | loss: 1.7984692
	speed: 0.1216s/iter; left time: 7134.4714s
	iters: 6900, epoch: 2 | loss: 1.8042073
	speed: 0.1216s/iter; left time: 7120.7875s
	iters: 7000, epoch: 2 | loss: 1.9371125
	speed: 0.1217s/iter; left time: 7114.9502s
	iters: 7100, epoch: 2 | loss: 1.7099044
	speed: 0.1216s/iter; left time: 7098.4274s
	iters: 7200, epoch: 2 | loss: 1.6137600
	speed: 0.1215s/iter; left time: 7078.6987s
Epoch: 2 cost time: 883.3200676441193
Epoch: 2, Steps: 7274 | Train Loss: 1.6617300 Vali Loss: 1.6477927 Test Loss: 1.5845461
Validation loss decreased (1.649831 --> 1.647793).  Saving model ...
Updating learning rate to 0.0005
	iters: 100, epoch: 3 | loss: 1.6673461
	speed: 3.2465s/iter; left time: 188596.7949s
	iters: 200, epoch: 3 | loss: 1.7134434
	speed: 0.1216s/iter; left time: 7054.2442s
	iters: 300, epoch: 3 | loss: 1.6873008
	speed: 0.1216s/iter; left time: 7037.9401s
	iters: 400, epoch: 3 | loss: 1.7334676
	speed: 0.1216s/iter; left time: 7025.3068s
	iters: 500, epoch: 3 | loss: 1.6640599
	speed: 0.1216s/iter; left time: 7013.4077s
	iters: 600, epoch: 3 | loss: 1.5549755
	speed: 0.1216s/iter; left time: 7001.5658s
	iters: 700, epoch: 3 | loss: 1.5948704
	speed: 0.1213s/iter; left time: 6972.9844s
	iters: 800, epoch: 3 | loss: 1.7261498
	speed: 0.1215s/iter; left time: 6972.2949s
	iters: 900, epoch: 3 | loss: 1.5072919
	speed: 0.1213s/iter; left time: 6949.7987s
	iters: 1000, epoch: 3 | loss: 1.6819910
	speed: 0.1213s/iter; left time: 6940.1164s
	iters: 1100, epoch: 3 | loss: 1.8655791
	speed: 0.1212s/iter; left time: 6921.8308s
	iters: 1200, epoch: 3 | loss: 1.8640604
	speed: 0.1213s/iter; left time: 6913.2023s
	iters: 1300, epoch: 3 | loss: 1.7217941
	speed: 0.1213s/iter; left time: 6898.6887s
	iters: 1400, epoch: 3 | loss: 1.6355599
	speed: 0.1214s/iter; left time: 6892.2086s
	iters: 1500, epoch: 3 | loss: 1.6708274
	speed: 0.1214s/iter; left time: 6884.3554s
	iters: 1600, epoch: 3 | loss: 1.7230600
	speed: 0.1214s/iter; left time: 6872.1052s
	iters: 1700, epoch: 3 | loss: 1.5156786
	speed: 0.1213s/iter; left time: 6852.7319s
	iters: 1800, epoch: 3 | loss: 1.7564095
	speed: 0.1213s/iter; left time: 6841.6876s
	iters: 1900, epoch: 3 | loss: 1.8663299
	speed: 0.1212s/iter; left time: 6823.4737s
	iters: 2000, epoch: 3 | loss: 1.6174377
	speed: 0.1212s/iter; left time: 6809.7660s
	iters: 2100, epoch: 3 | loss: 1.6304259
	speed: 0.1212s/iter; left time: 6801.0718s
	iters: 2200, epoch: 3 | loss: 1.6116779
	speed: 0.1212s/iter; left time: 6785.7617s
	iters: 2300, epoch: 3 | loss: 1.6124222
	speed: 0.1212s/iter; left time: 6772.3999s
	iters: 2400, epoch: 3 | loss: 1.7807190
	speed: 0.1212s/iter; left time: 6760.6051s
	iters: 2500, epoch: 3 | loss: 1.5189590
	speed: 0.1212s/iter; left time: 6750.0088s
	iters: 2600, epoch: 3 | loss: 1.6966405
	speed: 0.1214s/iter; left time: 6749.1081s
	iters: 2700, epoch: 3 | loss: 1.5838455
	speed: 0.1216s/iter; left time: 6749.3400s
	iters: 2800, epoch: 3 | loss: 1.6541539
	speed: 0.1213s/iter; left time: 6719.9237s
	iters: 2900, epoch: 3 | loss: 1.6887829
	speed: 0.1212s/iter; left time: 6703.8340s
	iters: 3000, epoch: 3 | loss: 1.5444772
	speed: 0.1213s/iter; left time: 6695.1632s
	iters: 3100, epoch: 3 | loss: 2.0726953
	speed: 0.1212s/iter; left time: 6674.7550s
	iters: 3200, epoch: 3 | loss: 1.4270737
	speed: 0.1211s/iter; left time: 6660.9875s
	iters: 3300, epoch: 3 | loss: 1.8498517
	speed: 0.1212s/iter; left time: 6652.8596s
	iters: 3400, epoch: 3 | loss: 1.8324273
	speed: 0.1213s/iter; left time: 6646.1878s
	iters: 3500, epoch: 3 | loss: 1.6637552
	speed: 0.1211s/iter; left time: 6625.0820s
	iters: 3600, epoch: 3 | loss: 1.7207601
	speed: 0.1211s/iter; left time: 6611.9197s
	iters: 3700, epoch: 3 | loss: 1.6911286
	speed: 0.1212s/iter; left time: 6603.6603s
	iters: 3800, epoch: 3 | loss: 1.5731387
	speed: 0.1216s/iter; left time: 6614.3188s
	iters: 3900, epoch: 3 | loss: 1.6634763
	speed: 0.1217s/iter; left time: 6605.3762s
	iters: 4000, epoch: 3 | loss: 1.6110829
	speed: 0.1216s/iter; left time: 6590.4790s
	iters: 4100, epoch: 3 | loss: 1.8022739
	speed: 0.1216s/iter; left time: 6580.0433s
	iters: 4200, epoch: 3 | loss: 1.7704977
	speed: 0.1216s/iter; left time: 6567.5481s
	iters: 4300, epoch: 3 | loss: 1.6407418
	speed: 0.1217s/iter; left time: 6556.4008s
	iters: 4400, epoch: 3 | loss: 1.6104993
	speed: 0.1216s/iter; left time: 6540.2609s
	iters: 4500, epoch: 3 | loss: 1.7014470
	speed: 0.1217s/iter; left time: 6534.9547s
	iters: 4600, epoch: 3 | loss: 1.4620893
	speed: 0.1216s/iter; left time: 6517.3458s
	iters: 4700, epoch: 3 | loss: 1.7177913
	speed: 0.1216s/iter; left time: 6506.6868s
	iters: 4800, epoch: 3 | loss: 1.6999550
	speed: 0.1216s/iter; left time: 6492.1933s
	iters: 4900, epoch: 3 | loss: 1.6710467
	speed: 0.1216s/iter; left time: 6481.2683s
	iters: 5000, epoch: 3 | loss: 1.6274885
	speed: 0.1216s/iter; left time: 6470.8791s
	iters: 5100, epoch: 3 | loss: 1.5460683
	speed: 0.1216s/iter; left time: 6457.0581s
	iters: 5200, epoch: 3 | loss: 1.6762947
	speed: 0.1216s/iter; left time: 6441.4501s
	iters: 5300, epoch: 3 | loss: 1.6554934
	speed: 0.1216s/iter; left time: 6430.5089s
	iters: 5400, epoch: 3 | loss: 1.6311009
	speed: 0.1214s/iter; left time: 6409.9729s
	iters: 5500, epoch: 3 | loss: 1.5990818
	speed: 0.1212s/iter; left time: 6386.3961s
	iters: 5600, epoch: 3 | loss: 1.7298493
	speed: 0.1211s/iter; left time: 6371.1976s
	iters: 5700, epoch: 3 | loss: 1.6363714
	speed: 0.1214s/iter; left time: 6370.2835s
	iters: 5800, epoch: 3 | loss: 1.7039176
	speed: 0.1217s/iter; left time: 6374.0123s
	iters: 5900, epoch: 3 | loss: 1.6687832
	speed: 0.1216s/iter; left time: 6359.8415s
	iters: 6000, epoch: 3 | loss: 1.5086558
	speed: 0.1216s/iter; left time: 6346.7194s
	iters: 6100, epoch: 3 | loss: 1.6615782
	speed: 0.1216s/iter; left time: 6333.8147s
	iters: 6200, epoch: 3 | loss: 1.6848043
	speed: 0.1217s/iter; left time: 6327.0162s
	iters: 6300, epoch: 3 | loss: 1.5083481
	speed: 0.1216s/iter; left time: 6312.1335s
	iters: 6400, epoch: 3 | loss: 1.7964988
	speed: 0.1216s/iter; left time: 6297.8870s
	iters: 6500, epoch: 3 | loss: 1.6455374
	speed: 0.1216s/iter; left time: 6284.3387s
	iters: 6600, epoch: 3 | loss: 1.4539281
	speed: 0.1217s/iter; left time: 6277.0104s
	iters: 6700, epoch: 3 | loss: 1.7993280
	speed: 0.1214s/iter; left time: 6253.7864s
	iters: 6800, epoch: 3 | loss: 1.6715865
	speed: 0.1212s/iter; left time: 6227.6664s
	iters: 6900, epoch: 3 | loss: 1.5500442
	speed: 0.1216s/iter; left time: 6235.5603s
	iters: 7000, epoch: 3 | loss: 1.6786879
	speed: 0.1217s/iter; left time: 6227.7388s
	iters: 7100, epoch: 3 | loss: 1.6548594
	speed: 0.1216s/iter; left time: 6213.9540s
	iters: 7200, epoch: 3 | loss: 1.6605059
	speed: 0.1216s/iter; left time: 6198.2081s
Epoch: 3 cost time: 883.8458619117737
Epoch: 3, Steps: 7274 | Train Loss: 1.6614274 Vali Loss: 1.6473950 Test Loss: 1.5840290
Validation loss decreased (1.647793 --> 1.647395).  Saving model ...
Updating learning rate to 0.00025
	iters: 100, epoch: 4 | loss: 1.6992029
	speed: 3.2565s/iter; left time: 165492.5690s
	iters: 200, epoch: 4 | loss: 1.5805777
	speed: 0.1216s/iter; left time: 6168.3156s
	iters: 300, epoch: 4 | loss: 1.6022873
	speed: 0.1218s/iter; left time: 6165.1273s
	iters: 400, epoch: 4 | loss: 1.5852852
	speed: 0.1218s/iter; left time: 6153.7766s
	iters: 500, epoch: 4 | loss: 1.4688125
	speed: 0.1218s/iter; left time: 6138.8491s
	iters: 600, epoch: 4 | loss: 1.3512825
	speed: 0.1216s/iter; left time: 6116.4380s
	iters: 700, epoch: 4 | loss: 1.7292670
	speed: 0.1215s/iter; left time: 6099.5617s
	iters: 800, epoch: 4 | loss: 1.8374354
	speed: 0.1219s/iter; left time: 6110.3260s
	iters: 900, epoch: 4 | loss: 1.5582412
	speed: 0.1219s/iter; left time: 6098.7359s
	iters: 1000, epoch: 4 | loss: 1.6033162
	speed: 0.1219s/iter; left time: 6085.1864s
	iters: 1100, epoch: 4 | loss: 1.7583261
	speed: 0.1219s/iter; left time: 6072.6651s
	iters: 1200, epoch: 4 | loss: 1.8226526
	speed: 0.1219s/iter; left time: 6061.0549s
	iters: 1300, epoch: 4 | loss: 1.5048156
	speed: 0.1219s/iter; left time: 6049.7105s
	iters: 1400, epoch: 4 | loss: 1.5294732
	speed: 0.1219s/iter; left time: 6035.6003s
	iters: 1500, epoch: 4 | loss: 1.7538235
	speed: 0.1219s/iter; left time: 6024.5302s
	iters: 1600, epoch: 4 | loss: 1.6960357
	speed: 0.1219s/iter; left time: 6012.2800s
	iters: 1700, epoch: 4 | loss: 1.5472733
	speed: 0.1215s/iter; left time: 5981.3927s
	iters: 1800, epoch: 4 | loss: 1.6794323
	speed: 0.1214s/iter; left time: 5960.9611s
	iters: 1900, epoch: 4 | loss: 1.7609220
	speed: 0.1218s/iter; left time: 5969.1840s
	iters: 2000, epoch: 4 | loss: 1.7505137
	speed: 0.1220s/iter; left time: 5967.6045s
	iters: 2100, epoch: 4 | loss: 1.3619100
	speed: 0.1220s/iter; left time: 5954.3373s
	iters: 2200, epoch: 4 | loss: 1.5069902
	speed: 0.1219s/iter; left time: 5936.6621s
	iters: 2300, epoch: 4 | loss: 1.7044450
	speed: 0.1219s/iter; left time: 5924.5141s
	iters: 2400, epoch: 4 | loss: 1.7547408
	speed: 0.1219s/iter; left time: 5914.9618s
	iters: 2500, epoch: 4 | loss: 1.4870566
	speed: 0.1220s/iter; left time: 5905.8528s
	iters: 2600, epoch: 4 | loss: 1.7096419
	speed: 0.1218s/iter; left time: 5884.9716s
	iters: 2700, epoch: 4 | loss: 1.5475388
	speed: 0.1218s/iter; left time: 5874.3492s
	iters: 2800, epoch: 4 | loss: 1.9079823
	speed: 0.1220s/iter; left time: 5868.5256s
	iters: 2900, epoch: 4 | loss: 1.4333881
	speed: 0.1218s/iter; left time: 5849.5525s
	iters: 3000, epoch: 4 | loss: 1.7924346
	speed: 0.1218s/iter; left time: 5836.4564s
	iters: 3100, epoch: 4 | loss: 1.6503270
	speed: 0.1218s/iter; left time: 5824.6122s
	iters: 3200, epoch: 4 | loss: 1.6179694
	speed: 0.1214s/iter; left time: 5794.5213s
	iters: 3300, epoch: 4 | loss: 1.8276634
	speed: 0.1215s/iter; left time: 5785.3692s
	iters: 3400, epoch: 4 | loss: 1.4742370
	speed: 0.1214s/iter; left time: 5770.9183s
	iters: 3500, epoch: 4 | loss: 1.5970733
	speed: 0.1214s/iter; left time: 5755.9535s
	iters: 3600, epoch: 4 | loss: 1.6735771
	speed: 0.1215s/iter; left time: 5751.1399s
	iters: 3700, epoch: 4 | loss: 1.6095321
	speed: 0.1215s/iter; left time: 5736.1376s
	iters: 3800, epoch: 4 | loss: 1.4791456
	speed: 0.1214s/iter; left time: 5718.1449s
	iters: 3900, epoch: 4 | loss: 1.8492866
	speed: 0.1213s/iter; left time: 5705.1379s
	iters: 4000, epoch: 4 | loss: 1.5134225
	speed: 0.1214s/iter; left time: 5694.6172s
	iters: 4100, epoch: 4 | loss: 1.7316215
	speed: 0.1213s/iter; left time: 5681.4029s
	iters: 4200, epoch: 4 | loss: 1.8398039
	speed: 0.1214s/iter; left time: 5671.5641s
	iters: 4300, epoch: 4 | loss: 1.6493244
	speed: 0.1213s/iter; left time: 5656.5389s
	iters: 4400, epoch: 4 | loss: 1.4448161
	speed: 0.1214s/iter; left time: 5647.3388s
	iters: 4500, epoch: 4 | loss: 1.5939261
	speed: 0.1214s/iter; left time: 5633.9023s
	iters: 4600, epoch: 4 | loss: 1.6696392
	speed: 0.1220s/iter; left time: 5651.1583s
	iters: 4700, epoch: 4 | loss: 1.5383546
	speed: 0.1218s/iter; left time: 5630.8091s
	iters: 4800, epoch: 4 | loss: 1.7627153
	speed: 0.1219s/iter; left time: 5620.2093s
	iters: 4900, epoch: 4 | loss: 1.7849340
	speed: 0.1219s/iter; left time: 5608.0426s
	iters: 5000, epoch: 4 | loss: 1.5856998
	speed: 0.1218s/iter; left time: 5594.8690s
	iters: 5100, epoch: 4 | loss: 1.5177542
	speed: 0.1218s/iter; left time: 5581.3593s
	iters: 5200, epoch: 4 | loss: 1.5836104
	speed: 0.1218s/iter; left time: 5569.0331s
	iters: 5300, epoch: 4 | loss: 1.5604846
	speed: 0.1218s/iter; left time: 5555.6634s
	iters: 5400, epoch: 4 | loss: 1.6349730
	speed: 0.1220s/iter; left time: 5552.3970s
	iters: 5500, epoch: 4 | loss: 1.6996813
	speed: 0.1218s/iter; left time: 5531.2997s
	iters: 5600, epoch: 4 | loss: 1.5095932
	speed: 0.1218s/iter; left time: 5519.4809s
	iters: 5700, epoch: 4 | loss: 1.4462770
	speed: 0.1219s/iter; left time: 5511.0887s
	iters: 5800, epoch: 4 | loss: 1.6925154
	speed: 0.1218s/iter; left time: 5493.6888s
	iters: 5900, epoch: 4 | loss: 1.9148071
	speed: 0.1213s/iter; left time: 5462.2679s
	iters: 6000, epoch: 4 | loss: 1.5736476
	speed: 0.1213s/iter; left time: 5450.8378s
	iters: 6100, epoch: 4 | loss: 1.6488872
	speed: 0.1214s/iter; left time: 5439.1999s
	iters: 6200, epoch: 4 | loss: 1.6935382
	speed: 0.1219s/iter; left time: 5452.7605s
	iters: 6300, epoch: 4 | loss: 1.4966142
	speed: 0.1218s/iter; left time: 5433.9007s
	iters: 6400, epoch: 4 | loss: 1.5097802
	speed: 0.1218s/iter; left time: 5420.9543s
	iters: 6500, epoch: 4 | loss: 1.6957332
	speed: 0.1218s/iter; left time: 5408.8641s
	iters: 6600, epoch: 4 | loss: 1.7941358
	speed: 0.1219s/iter; left time: 5401.1082s
	iters: 6700, epoch: 4 | loss: 1.8006370
	speed: 0.1218s/iter; left time: 5384.6925s
	iters: 6800, epoch: 4 | loss: 1.6157467
	speed: 0.1218s/iter; left time: 5372.3676s
	iters: 6900, epoch: 4 | loss: 1.7366056
	speed: 0.1219s/iter; left time: 5364.9276s
	iters: 7000, epoch: 4 | loss: 1.8259343
	speed: 0.1218s/iter; left time: 5349.5382s
	iters: 7100, epoch: 4 | loss: 1.6719799
	speed: 0.1218s/iter; left time: 5335.6260s
	iters: 7200, epoch: 4 | loss: 1.8619306
	speed: 0.1218s/iter; left time: 5323.7063s
Epoch: 4 cost time: 885.8859152793884
Epoch: 4, Steps: 7274 | Train Loss: 1.6613626 Vali Loss: 1.6496495 Test Loss: 1.5836310
EarlyStopping counter: 1 out of 3
Updating learning rate to 0.000125
	iters: 100, epoch: 5 | loss: 1.5399152
	speed: 3.2903s/iter; left time: 143277.9621s
	iters: 200, epoch: 5 | loss: 1.6602018
	speed: 0.1214s/iter; left time: 5273.5178s
	iters: 300, epoch: 5 | loss: 1.6463710
	speed: 0.1210s/iter; left time: 5245.5864s
	iters: 400, epoch: 5 | loss: 1.8364575
	speed: 0.1211s/iter; left time: 5234.8431s
	iters: 500, epoch: 5 | loss: 1.6089208
	speed: 0.1211s/iter; left time: 5226.8745s
	iters: 600, epoch: 5 | loss: 1.8863236
	speed: 0.1211s/iter; left time: 5214.5428s
	iters: 700, epoch: 5 | loss: 1.8090357
	speed: 0.1212s/iter; left time: 5204.2128s
	iters: 800, epoch: 5 | loss: 1.7772878
	speed: 0.1211s/iter; left time: 5190.1166s
	iters: 900, epoch: 5 | loss: 1.6532521
	speed: 0.1212s/iter; left time: 5179.2413s
	iters: 1000, epoch: 5 | loss: 1.7714809
	speed: 0.1211s/iter; left time: 5165.3258s
	iters: 1100, epoch: 5 | loss: 1.7653545
	speed: 0.1212s/iter; left time: 5156.7927s
	iters: 1200, epoch: 5 | loss: 1.6406957
	speed: 0.1211s/iter; left time: 5140.1697s
	iters: 1300, epoch: 5 | loss: 1.5088663
	speed: 0.1211s/iter; left time: 5129.9212s
	iters: 1400, epoch: 5 | loss: 1.6275464
	speed: 0.1211s/iter; left time: 5116.2349s
	iters: 1500, epoch: 5 | loss: 1.6822175
	speed: 0.1212s/iter; left time: 5108.8673s
	iters: 1600, epoch: 5 | loss: 1.6806004
	speed: 0.1211s/iter; left time: 5090.3507s
	iters: 1700, epoch: 5 | loss: 1.5281571
	speed: 0.1211s/iter; left time: 5079.0692s
	iters: 1800, epoch: 5 | loss: 1.7189108
	speed: 0.1211s/iter; left time: 5066.0052s
	iters: 1900, epoch: 5 | loss: 1.6588748
	speed: 0.1211s/iter; left time: 5055.1871s
	iters: 2000, epoch: 5 | loss: 1.6595401
	speed: 0.1211s/iter; left time: 5041.8137s
	iters: 2100, epoch: 5 | loss: 1.7756828
	speed: 0.1211s/iter; left time: 5029.7682s
	iters: 2200, epoch: 5 | loss: 1.8954390
	speed: 0.1211s/iter; left time: 5019.5770s
	iters: 2300, epoch: 5 | loss: 1.5287509
	speed: 0.1211s/iter; left time: 5007.7790s
	iters: 2400, epoch: 5 | loss: 1.5251698
	speed: 0.1211s/iter; left time: 4992.8443s
	iters: 2500, epoch: 5 | loss: 1.5221766
	speed: 0.1211s/iter; left time: 4980.8771s
	iters: 2600, epoch: 5 | loss: 1.7934198
	speed: 0.1211s/iter; left time: 4970.5513s
	iters: 2700, epoch: 5 | loss: 1.6349187
	speed: 0.1212s/iter; left time: 4960.5655s
	iters: 2800, epoch: 5 | loss: 1.6037279
	speed: 0.1211s/iter; left time: 4947.0766s
	iters: 2900, epoch: 5 | loss: 1.6525984
	speed: 0.1211s/iter; left time: 4935.1318s
	iters: 3000, epoch: 5 | loss: 1.6893852
	speed: 0.1212s/iter; left time: 4925.5055s
	iters: 3100, epoch: 5 | loss: 1.6959282
	speed: 0.1211s/iter; left time: 4911.6525s
	iters: 3200, epoch: 5 | loss: 1.5979241
	speed: 0.1211s/iter; left time: 4898.7031s
	iters: 3300, epoch: 5 | loss: 1.8153930
	speed: 0.1211s/iter; left time: 4886.7318s
	iters: 3400, epoch: 5 | loss: 1.8020947
	speed: 0.1212s/iter; left time: 4876.2625s
	iters: 3500, epoch: 5 | loss: 1.6617241
	speed: 0.1212s/iter; left time: 4864.9517s
	iters: 3600, epoch: 5 | loss: 1.7108155
	speed: 0.1211s/iter; left time: 4850.6283s
	iters: 3700, epoch: 5 | loss: 1.8012843
	speed: 0.1211s/iter; left time: 4838.3029s
	iters: 3800, epoch: 5 | loss: 1.7332857
	speed: 0.1215s/iter; left time: 4840.2597s
	iters: 3900, epoch: 5 | loss: 1.5578303
	speed: 0.1217s/iter; left time: 4836.2771s
	iters: 4000, epoch: 5 | loss: 1.7602361
	speed: 0.1216s/iter; left time: 4822.7037s
	iters: 4100, epoch: 5 | loss: 1.7382885
	speed: 0.1216s/iter; left time: 4809.4220s
	iters: 4200, epoch: 5 | loss: 1.7328978
	speed: 0.1216s/iter; left time: 4798.2503s
	iters: 4300, epoch: 5 | loss: 1.7310345
	speed: 0.1217s/iter; left time: 4786.8263s
	iters: 4400, epoch: 5 | loss: 1.7542305
	speed: 0.1216s/iter; left time: 4773.4205s
	iters: 4500, epoch: 5 | loss: 1.8975691
	speed: 0.1216s/iter; left time: 4760.6519s
	iters: 4600, epoch: 5 | loss: 1.7545886
	speed: 0.1217s/iter; left time: 4749.9809s
	iters: 4700, epoch: 5 | loss: 1.6584271
	speed: 0.1217s/iter; left time: 4740.2486s
	iters: 4800, epoch: 5 | loss: 1.8929296
	speed: 0.1217s/iter; left time: 4726.0723s
	iters: 4900, epoch: 5 | loss: 1.8661096
	speed: 0.1216s/iter; left time: 4712.4126s
	iters: 5000, epoch: 5 | loss: 1.6443430
	speed: 0.1217s/iter; left time: 4701.7142s
	iters: 5100, epoch: 5 | loss: 1.8027163
	speed: 0.1216s/iter; left time: 4687.1949s
	iters: 5200, epoch: 5 | loss: 1.6978159
	speed: 0.1216s/iter; left time: 4676.3299s
	iters: 5300, epoch: 5 | loss: 1.6752201
	speed: 0.1216s/iter; left time: 4663.7680s
	iters: 5400, epoch: 5 | loss: 1.5725119
	speed: 0.1212s/iter; left time: 4636.6438s
	iters: 5500, epoch: 5 | loss: 1.5081016
	speed: 0.1215s/iter; left time: 4635.4865s
	iters: 5600, epoch: 5 | loss: 1.7790376
	speed: 0.1217s/iter; left time: 4631.4786s
	iters: 5700, epoch: 5 | loss: 1.5305854
	speed: 0.1217s/iter; left time: 4617.7811s
	iters: 5800, epoch: 5 | loss: 1.7142546
	speed: 0.1218s/iter; left time: 4609.0211s
	iters: 5900, epoch: 5 | loss: 1.7184814
	speed: 0.1217s/iter; left time: 4592.8875s
	iters: 6000, epoch: 5 | loss: 1.6244457
	speed: 0.1217s/iter; left time: 4581.7039s
	iters: 6100, epoch: 5 | loss: 1.4933282
	speed: 0.1217s/iter; left time: 4568.5193s
	iters: 6200, epoch: 5 | loss: 1.6580045
	speed: 0.1217s/iter; left time: 4557.3466s
	iters: 6300, epoch: 5 | loss: 1.8197256
	speed: 0.1217s/iter; left time: 4544.4591s
	iters: 6400, epoch: 5 | loss: 1.5960315
	speed: 0.1215s/iter; left time: 4524.6372s
	iters: 6500, epoch: 5 | loss: 1.5519346
	speed: 0.1211s/iter; left time: 4499.9279s
	iters: 6600, epoch: 5 | loss: 1.4582494
	speed: 0.1216s/iter; left time: 4505.8477s
	iters: 6700, epoch: 5 | loss: 1.5593154
	speed: 0.1218s/iter; left time: 4498.5466s
	iters: 6800, epoch: 5 | loss: 1.4609460
	speed: 0.1217s/iter; left time: 4483.4224s
	iters: 6900, epoch: 5 | loss: 1.6419886
	speed: 0.1217s/iter; left time: 4470.4912s
	iters: 7000, epoch: 5 | loss: 1.7407211
	speed: 0.1217s/iter; left time: 4458.0947s
	iters: 7100, epoch: 5 | loss: 1.6519763
	speed: 0.1216s/iter; left time: 4445.0264s
	iters: 7200, epoch: 5 | loss: 1.4605126
	speed: 0.1218s/iter; left time: 4437.8478s
Epoch: 5 cost time: 883.3713884353638
Epoch: 5, Steps: 7274 | Train Loss: 1.6613251 Vali Loss: 1.6492046 Test Loss: 1.5840262
EarlyStopping counter: 2 out of 3
Updating learning rate to 6.25e-05
	iters: 100, epoch: 6 | loss: 1.7529584
	speed: 3.2282s/iter; left time: 117091.0174s
	iters: 200, epoch: 6 | loss: 1.5556176
	speed: 0.1218s/iter; left time: 4406.5121s
	iters: 300, epoch: 6 | loss: 1.7633073
	speed: 0.1217s/iter; left time: 4388.6034s
	iters: 400, epoch: 6 | loss: 1.9867566
	speed: 0.1218s/iter; left time: 4382.4501s
	iters: 500, epoch: 6 | loss: 1.7046080
	speed: 0.1218s/iter; left time: 4370.5272s
	iters: 600, epoch: 6 | loss: 1.8070912
	speed: 0.1218s/iter; left time: 4355.4394s
	iters: 700, epoch: 6 | loss: 1.7285705
	speed: 0.1215s/iter; left time: 4333.6910s
	iters: 800, epoch: 6 | loss: 1.4937598
	speed: 0.1214s/iter; left time: 4318.3350s
	iters: 900, epoch: 6 | loss: 1.6041448
	speed: 0.1214s/iter; left time: 4304.8300s
	iters: 1000, epoch: 6 | loss: 1.8687863
	speed: 0.1217s/iter; left time: 4305.5020s
	iters: 1100, epoch: 6 | loss: 1.7770931
	speed: 0.1220s/iter; left time: 4301.6371s
	iters: 1200, epoch: 6 | loss: 1.5686207
	speed: 0.1220s/iter; left time: 4290.2470s
	iters: 1300, epoch: 6 | loss: 1.8869036
	speed: 0.1220s/iter; left time: 4279.1608s
	iters: 1400, epoch: 6 | loss: 1.5387796
	speed: 0.1221s/iter; left time: 4270.1160s
	iters: 1500, epoch: 6 | loss: 1.6842639
	speed: 0.1219s/iter; left time: 4252.3652s
	iters: 1600, epoch: 6 | loss: 1.6717790
	speed: 0.1220s/iter; left time: 4240.8860s
	iters: 1700, epoch: 6 | loss: 1.5045413
	speed: 0.1220s/iter; left time: 4228.3925s
	iters: 1800, epoch: 6 | loss: 1.5732802
	speed: 0.1220s/iter; left time: 4217.0245s
	iters: 1900, epoch: 6 | loss: 1.7011304
	speed: 0.1219s/iter; left time: 4203.7010s
	iters: 2000, epoch: 6 | loss: 1.6830513
	speed: 0.1219s/iter; left time: 4188.6841s
	iters: 2100, epoch: 6 | loss: 1.7338935
	speed: 0.1220s/iter; left time: 4179.3681s
	iters: 2200, epoch: 6 | loss: 1.5930486
	speed: 0.1220s/iter; left time: 4168.3453s
	iters: 2300, epoch: 6 | loss: 1.4821002
	speed: 0.1219s/iter; left time: 4154.1449s
	iters: 2400, epoch: 6 | loss: 1.3336196
	speed: 0.1219s/iter; left time: 4141.6701s
	iters: 2500, epoch: 6 | loss: 1.6550606
	speed: 0.1221s/iter; left time: 4134.2796s
	iters: 2600, epoch: 6 | loss: 1.6819539
	speed: 0.1221s/iter; left time: 4121.9430s
	iters: 2700, epoch: 6 | loss: 1.4884863
	speed: 0.1219s/iter; left time: 4105.0015s
	iters: 2800, epoch: 6 | loss: 1.7789285
	speed: 0.1219s/iter; left time: 4092.7778s
	iters: 2900, epoch: 6 | loss: 1.6559337
	speed: 0.1219s/iter; left time: 4080.3355s
	iters: 3000, epoch: 6 | loss: 1.5363793
	speed: 0.1219s/iter; left time: 4068.3424s
	iters: 3100, epoch: 6 | loss: 1.4039321
	speed: 0.1219s/iter; left time: 4056.8403s
	iters: 3200, epoch: 6 | loss: 1.6783938
	speed: 0.1219s/iter; left time: 4043.4459s
	iters: 3300, epoch: 6 | loss: 1.5720525
	speed: 0.1219s/iter; left time: 4031.6804s
	iters: 3400, epoch: 6 | loss: 1.8158907
	speed: 0.1215s/iter; left time: 4004.5623s
	iters: 3500, epoch: 6 | loss: 1.8187382
	speed: 0.1214s/iter; left time: 3990.0253s
	iters: 3600, epoch: 6 | loss: 1.6797359
	speed: 0.1213s/iter; left time: 3976.1780s
	iters: 3700, epoch: 6 | loss: 1.8450952
	speed: 0.1216s/iter; left time: 3971.5876s
	iters: 3800, epoch: 6 | loss: 1.7698171
	speed: 0.1219s/iter; left time: 3970.8174s
	iters: 3900, epoch: 6 | loss: 1.6437954
	speed: 0.1219s/iter; left time: 3959.1351s
	iters: 4000, epoch: 6 | loss: 1.6848521
	speed: 0.1219s/iter; left time: 3945.5337s
	iters: 4100, epoch: 6 | loss: 1.6068212
	speed: 0.1219s/iter; left time: 3933.7834s
	iters: 4200, epoch: 6 | loss: 1.8603425
	speed: 0.1216s/iter; left time: 3912.1759s
	iters: 4300, epoch: 6 | loss: 1.7538502
	speed: 0.1215s/iter; left time: 3896.8726s
	iters: 4400, epoch: 6 | loss: 1.7004403
	speed: 0.1218s/iter; left time: 3894.5841s
	iters: 4500, epoch: 6 | loss: 1.7010778
	speed: 0.1220s/iter; left time: 3886.8507s
	iters: 4600, epoch: 6 | loss: 1.6536599
	speed: 0.1220s/iter; left time: 3874.6256s
	iters: 4700, epoch: 6 | loss: 1.6951973
	speed: 0.1219s/iter; left time: 3861.6445s
	iters: 4800, epoch: 6 | loss: 1.7197127
	speed: 0.1219s/iter; left time: 3847.4606s
	iters: 4900, epoch: 6 | loss: 1.6295745
	speed: 0.1219s/iter; left time: 3835.6958s
	iters: 5000, epoch: 6 | loss: 1.7427132
	speed: 0.1219s/iter; left time: 3825.4612s
	iters: 5100, epoch: 6 | loss: 1.4765943
	speed: 0.1219s/iter; left time: 3813.1564s
	iters: 5200, epoch: 6 | loss: 1.6227823
	speed: 0.1219s/iter; left time: 3798.9508s
	iters: 5300, epoch: 6 | loss: 1.5675565
	speed: 0.1219s/iter; left time: 3786.2814s
	iters: 5400, epoch: 6 | loss: 1.6070677
	speed: 0.1219s/iter; left time: 3776.0729s
	iters: 5500, epoch: 6 | loss: 1.6924636
	speed: 0.1220s/iter; left time: 3764.7543s
	iters: 5600, epoch: 6 | loss: 1.5646483
	speed: 0.1218s/iter; left time: 3749.1008s
	iters: 5700, epoch: 6 | loss: 1.6070229
	speed: 0.1219s/iter; left time: 3737.6654s
	iters: 5800, epoch: 6 | loss: 1.5867499
	speed: 0.1215s/iter; left time: 3715.7344s
	iters: 5900, epoch: 6 | loss: 1.5969398
	speed: 0.1215s/iter; left time: 3701.1704s
	iters: 6000, epoch: 6 | loss: 1.6323973
	speed: 0.1213s/iter; left time: 3684.5608s
	iters: 6100, epoch: 6 | loss: 1.7336676
	speed: 0.1213s/iter; left time: 3672.9605s
	iters: 6200, epoch: 6 | loss: 1.5534729
	speed: 0.1213s/iter; left time: 3660.9442s
	iters: 6300, epoch: 6 | loss: 1.7218070
	speed: 0.1214s/iter; left time: 3649.2141s
	iters: 6400, epoch: 6 | loss: 1.7391528
	speed: 0.1213s/iter; left time: 3635.6060s
	iters: 6500, epoch: 6 | loss: 1.6273808
	speed: 0.1213s/iter; left time: 3623.5006s
	iters: 6600, epoch: 6 | loss: 1.7130203
	speed: 0.1214s/iter; left time: 3613.6332s
	iters: 6700, epoch: 6 | loss: 1.4589967
	speed: 0.1213s/iter; left time: 3600.5533s
	iters: 6800, epoch: 6 | loss: 1.5101848
	speed: 0.1213s/iter; left time: 3586.9996s
	iters: 6900, epoch: 6 | loss: 1.6411964
	speed: 0.1213s/iter; left time: 3575.0707s
	iters: 7000, epoch: 6 | loss: 1.6889135
	speed: 0.1214s/iter; left time: 3564.4069s
	iters: 7100, epoch: 6 | loss: 1.6079098
	speed: 0.1213s/iter; left time: 3550.4323s
	iters: 7200, epoch: 6 | loss: 1.5313528
	speed: 0.1213s/iter; left time: 3538.6006s
Epoch: 6 cost time: 886.0046391487122
Epoch: 6, Steps: 7274 | Train Loss: 1.6612845 Vali Loss: 1.6495329 Test Loss: 1.5839416
EarlyStopping counter: 3 out of 3
Early stopping
>>>>>>>testing : long_term_forecast_pems04_all_96_336_iTransformer_custom_ftM_sl96_ll48_pl336_dm512_nh8_el4_dl1_df512_fc3_ebtimeF_dtTrue_srate0.1_sseed7_trainseed2024_gap730_Exp_0<<<<<<<<<<<<<<<<<<<<<<<<<<<<<<<<<
test 247643
test shape: (24764, 1, 336, 822) (24764, 1, 336, 822)
test shape: (24764, 336, 822) (24764, 336, 822)
mse:1.5839707851409912, mae:1.016438603401184
>>>>>>>Overall time: 8096 seconds<<<<<<<<<<<<<<<<<<<<<<<<<<<<<<<<<
