Args in experiment:
Namespace(activation='gelu', anomaly_ratio=0.25, batch_size=16, c_out=521, checkpoints='./checkpoints/', d_ff=512, d_layers=1, d_model=512, data='custom', data_path='pems11_all_common_flow.csv', dec_in=521, des='Exp', devices='0,1,2,3', distil=True, dropout=0, e_layers=4, embed='timeF', enc_in=521, factor=3, features='M', freq='h', gap_day=365, gpu=0, inverse=False, is_training=1, itr=1, label_len=48, learning_rate=0.001, loss='MSE', lradj='type1', mask_rate=0.25, model='iTransformer', model_id='pems11_all_96_720', moving_avg=25, n_heads=8, num_kernels=6, num_workers=10, output_attention=False, p_hidden_dims=[128, 128], p_hidden_layers=2, patience=3, pred_len=720, root_path='../../data/pems/', samle_rate=0.1, sample_seed=7, seasonal_patterns='Monthly', seq_len=96, target='OT', task_name='long_term_forecast', top_k=5, train_epochs=10, train_seed=2024, use_amp=False, use_gpu=True, use_multi_gpu=False)
Use GPU: cuda:0
>>>>>>>start training : long_term_forecast_pems11_all_96_720_iTransformer_custom_ftM_sl96_ll48_pl720_dm512_nh8_el4_dl1_df512_fc3_ebtimeF_dtTrue_srate0.1_sseed7_trainseed2024_Exp_0>>>>>>>>>>>>>>>>>>>>>>>>>>
train 1479694
val 120680
test 347198
	iters: 100, epoch: 1 | loss: 1.2887013
	speed: 0.0920s/iter; left time: 8500.1844s
	iters: 200, epoch: 1 | loss: 1.4478860
	speed: 0.0844s/iter; left time: 7785.4459s
	iters: 300, epoch: 1 | loss: 1.2831105
	speed: 0.0839s/iter; left time: 7736.7879s
	iters: 400, epoch: 1 | loss: 1.3712081
	speed: 0.0833s/iter; left time: 7671.1611s
	iters: 500, epoch: 1 | loss: 1.6958486
	speed: 0.0844s/iter; left time: 7759.7122s
	iters: 600, epoch: 1 | loss: 1.3929712
	speed: 0.0842s/iter; left time: 7734.0435s
	iters: 700, epoch: 1 | loss: 1.5456214
	speed: 0.0848s/iter; left time: 7782.3555s
	iters: 800, epoch: 1 | loss: 1.6016845
	speed: 0.0838s/iter; left time: 7683.2832s
	iters: 900, epoch: 1 | loss: 1.4708363
	speed: 0.0845s/iter; left time: 7737.1949s
	iters: 1000, epoch: 1 | loss: 1.4443628
	speed: 0.0835s/iter; left time: 7634.6293s
	iters: 1100, epoch: 1 | loss: 1.5224203
	speed: 0.0832s/iter; left time: 7599.3721s
	iters: 1200, epoch: 1 | loss: 1.6150051
	speed: 0.0832s/iter; left time: 7596.4168s
	iters: 1300, epoch: 1 | loss: 1.4447845
	speed: 0.0833s/iter; left time: 7592.9548s
	iters: 1400, epoch: 1 | loss: 1.6121652
	speed: 0.0835s/iter; left time: 7606.8697s
	iters: 1500, epoch: 1 | loss: 1.3282372
	speed: 0.0838s/iter; left time: 7626.1825s
	iters: 1600, epoch: 1 | loss: 1.3862292
	speed: 0.0836s/iter; left time: 7602.1239s
	iters: 1700, epoch: 1 | loss: 1.6046071
	speed: 0.0847s/iter; left time: 7691.6038s
	iters: 1800, epoch: 1 | loss: 1.5818328
	speed: 0.0834s/iter; left time: 7564.2047s
	iters: 1900, epoch: 1 | loss: 1.4890984
	speed: 0.0834s/iter; left time: 7557.0993s
	iters: 2000, epoch: 1 | loss: 1.4598172
	speed: 0.0828s/iter; left time: 7494.8394s
	iters: 2100, epoch: 1 | loss: 1.3462635
	speed: 0.0842s/iter; left time: 7608.8462s
	iters: 2200, epoch: 1 | loss: 1.5538069
	speed: 0.0833s/iter; left time: 7519.4931s
	iters: 2300, epoch: 1 | loss: 1.5962125
	speed: 0.0844s/iter; left time: 7611.2747s
	iters: 2400, epoch: 1 | loss: 1.6409442
	speed: 0.0844s/iter; left time: 7605.7625s
	iters: 2500, epoch: 1 | loss: 1.4344481
	speed: 0.0847s/iter; left time: 7617.6008s
	iters: 2600, epoch: 1 | loss: 1.8577975
	speed: 0.0837s/iter; left time: 7519.6758s
	iters: 2700, epoch: 1 | loss: 1.4224821
	speed: 0.0839s/iter; left time: 7529.0534s
	iters: 2800, epoch: 1 | loss: 1.6351590
	speed: 0.0849s/iter; left time: 7615.9561s
	iters: 2900, epoch: 1 | loss: 1.7815969
	speed: 0.0854s/iter; left time: 7652.1646s
	iters: 3000, epoch: 1 | loss: 1.5408932
	speed: 0.0850s/iter; left time: 7604.5964s
	iters: 3100, epoch: 1 | loss: 1.5566958
	speed: 0.0829s/iter; left time: 7405.5573s
	iters: 3200, epoch: 1 | loss: 1.5130438
	speed: 0.0834s/iter; left time: 7447.8342s
	iters: 3300, epoch: 1 | loss: 1.6627135
	speed: 0.0837s/iter; left time: 7464.9395s
	iters: 3400, epoch: 1 | loss: 1.4413524
	speed: 0.0833s/iter; left time: 7419.4728s
	iters: 3500, epoch: 1 | loss: 1.4085612
	speed: 0.0838s/iter; left time: 7455.1808s
	iters: 3600, epoch: 1 | loss: 1.5958520
	speed: 0.0844s/iter; left time: 7497.5599s
	iters: 3700, epoch: 1 | loss: 1.5812349
	speed: 0.0842s/iter; left time: 7476.0476s
	iters: 3800, epoch: 1 | loss: 1.4864248
	speed: 0.0833s/iter; left time: 7390.2816s
	iters: 3900, epoch: 1 | loss: 1.6781850
	speed: 0.0838s/iter; left time: 7426.5244s
	iters: 4000, epoch: 1 | loss: 1.5896801
	speed: 0.0841s/iter; left time: 7441.4349s
	iters: 4100, epoch: 1 | loss: 1.4531430
	speed: 0.0837s/iter; left time: 7397.3467s
	iters: 4200, epoch: 1 | loss: 1.2533853
	speed: 0.0833s/iter; left time: 7350.3901s
	iters: 4300, epoch: 1 | loss: 1.5472447
	speed: 0.0835s/iter; left time: 7359.0528s
	iters: 4400, epoch: 1 | loss: 1.5953248
	speed: 0.0842s/iter; left time: 7414.8996s
	iters: 4500, epoch: 1 | loss: 1.7134221
	speed: 0.0831s/iter; left time: 7311.6485s
	iters: 4600, epoch: 1 | loss: 1.4923058
	speed: 0.0826s/iter; left time: 7260.8733s
	iters: 4700, epoch: 1 | loss: 1.4020036
	speed: 0.0830s/iter; left time: 7288.1559s
	iters: 4800, epoch: 1 | loss: 1.3245049
	speed: 0.0833s/iter; left time: 7304.6158s
	iters: 4900, epoch: 1 | loss: 1.4772213
	speed: 0.0831s/iter; left time: 7281.2378s
	iters: 5000, epoch: 1 | loss: 1.5114549
	speed: 0.0818s/iter; left time: 7158.6567s
	iters: 5100, epoch: 1 | loss: 1.6834906
	speed: 0.0814s/iter; left time: 7111.4016s
	iters: 5200, epoch: 1 | loss: 1.8035620
	speed: 0.0832s/iter; left time: 7258.3812s
	iters: 5300, epoch: 1 | loss: 1.6307105
	speed: 0.0836s/iter; left time: 7288.2380s
	iters: 5400, epoch: 1 | loss: 1.5177083
	speed: 0.0837s/iter; left time: 7290.3989s
	iters: 5500, epoch: 1 | loss: 1.7824364
	speed: 0.0826s/iter; left time: 7187.5694s
	iters: 5600, epoch: 1 | loss: 1.4150945
	speed: 0.0812s/iter; left time: 7056.6594s
	iters: 5700, epoch: 1 | loss: 1.4830902
	speed: 0.0837s/iter; left time: 7260.1487s
	iters: 5800, epoch: 1 | loss: 1.4554237
	speed: 0.0848s/iter; left time: 7354.3140s
	iters: 5900, epoch: 1 | loss: 1.6839055
	speed: 0.0848s/iter; left time: 7343.2366s
	iters: 6000, epoch: 1 | loss: 1.5703975
	speed: 0.0814s/iter; left time: 7037.1370s
	iters: 6100, epoch: 1 | loss: 1.7184174
	speed: 0.0814s/iter; left time: 7035.0188s
	iters: 6200, epoch: 1 | loss: 1.4628901
	speed: 0.0808s/iter; left time: 6967.8542s
	iters: 6300, epoch: 1 | loss: 1.5368469
	speed: 0.0806s/iter; left time: 6944.5263s
	iters: 6400, epoch: 1 | loss: 1.6066515
	speed: 0.0809s/iter; left time: 6960.4671s
	iters: 6500, epoch: 1 | loss: 1.5767872
	speed: 0.0812s/iter; left time: 6980.9183s
	iters: 6600, epoch: 1 | loss: 1.8274655
	speed: 0.0832s/iter; left time: 7143.9674s
	iters: 6700, epoch: 1 | loss: 1.4129385
	speed: 0.0830s/iter; left time: 7120.0702s
	iters: 6800, epoch: 1 | loss: 1.5718720
	speed: 0.0827s/iter; left time: 7089.6426s
	iters: 6900, epoch: 1 | loss: 1.2625580
	speed: 0.0827s/iter; left time: 7081.8023s
	iters: 7000, epoch: 1 | loss: 1.4695809
	speed: 0.0843s/iter; left time: 7201.8633s
	iters: 7100, epoch: 1 | loss: 1.7618809
	speed: 0.0844s/iter; left time: 7205.7668s
	iters: 7200, epoch: 1 | loss: 1.5318325
	speed: 0.0842s/iter; left time: 7179.2797s
	iters: 7300, epoch: 1 | loss: 1.7743455
	speed: 0.0844s/iter; left time: 7192.8449s
	iters: 7400, epoch: 1 | loss: 1.7817566
	speed: 0.0839s/iter; left time: 7134.2595s
	iters: 7500, epoch: 1 | loss: 1.6525044
	speed: 0.0838s/iter; left time: 7123.9894s
	iters: 7600, epoch: 1 | loss: 1.4953152
	speed: 0.0842s/iter; left time: 7149.6659s
	iters: 7700, epoch: 1 | loss: 1.3781983
	speed: 0.0842s/iter; left time: 7136.7496s
	iters: 7800, epoch: 1 | loss: 1.4600124
	speed: 0.0837s/iter; left time: 7084.6405s
	iters: 7900, epoch: 1 | loss: 1.7170862
	speed: 0.0836s/iter; left time: 7073.8709s
	iters: 8000, epoch: 1 | loss: 1.6550363
	speed: 0.0840s/iter; left time: 7098.7842s
	iters: 8100, epoch: 1 | loss: 1.6139035
	speed: 0.0833s/iter; left time: 7028.7576s
	iters: 8200, epoch: 1 | loss: 1.6074985
	speed: 0.0831s/iter; left time: 7001.9675s
	iters: 8300, epoch: 1 | loss: 1.4549820
	speed: 0.0840s/iter; left time: 7071.7691s
	iters: 8400, epoch: 1 | loss: 1.4309187
	speed: 0.0836s/iter; left time: 7032.5782s
	iters: 8500, epoch: 1 | loss: 1.5743387
	speed: 0.0839s/iter; left time: 7049.7462s
	iters: 8600, epoch: 1 | loss: 1.7205824
	speed: 0.0839s/iter; left time: 7036.6038s
	iters: 8700, epoch: 1 | loss: 1.5270030
	speed: 0.0840s/iter; left time: 7038.2205s
	iters: 8800, epoch: 1 | loss: 1.6304433
	speed: 0.0841s/iter; left time: 7039.1635s
	iters: 8900, epoch: 1 | loss: 1.5765370
	speed: 0.0845s/iter; left time: 7059.2731s
	iters: 9000, epoch: 1 | loss: 1.5863218
	speed: 0.0841s/iter; left time: 7022.1253s
	iters: 9100, epoch: 1 | loss: 1.5476239
	speed: 0.0840s/iter; left time: 7002.3304s
	iters: 9200, epoch: 1 | loss: 1.2846842
	speed: 0.0840s/iter; left time: 6991.9911s
Epoch: 1 cost time: 773.7429611682892
Epoch: 1, Steps: 9248 | Train Loss: 1.5473824 Vali Loss: 1.7441081 Test Loss: 5.4541712
Validation loss decreased (inf --> 1.744108).  Saving model ...
Updating learning rate to 0.001
	iters: 100, epoch: 2 | loss: 1.5201589
	speed: 3.7502s/iter; left time: 311768.5219s
	iters: 200, epoch: 2 | loss: 1.5730100
	speed: 0.0796s/iter; left time: 6609.1152s
	iters: 300, epoch: 2 | loss: 1.6504085
	speed: 0.0795s/iter; left time: 6592.1610s
	iters: 400, epoch: 2 | loss: 1.6564718
	speed: 0.0793s/iter; left time: 6572.3170s
	iters: 500, epoch: 2 | loss: 1.9149295
	speed: 0.0832s/iter; left time: 6879.6192s
	iters: 600, epoch: 2 | loss: 1.5690349
	speed: 0.0809s/iter; left time: 6687.3657s
	iters: 700, epoch: 2 | loss: 1.5428013
	speed: 0.0800s/iter; left time: 6604.7695s
	iters: 800, epoch: 2 | loss: 1.4395727
	speed: 0.0802s/iter; left time: 6608.9671s
	iters: 900, epoch: 2 | loss: 1.6389002
	speed: 0.0813s/iter; left time: 6695.8906s
	iters: 1000, epoch: 2 | loss: 1.5242482
	speed: 0.0811s/iter; left time: 6665.8908s
	iters: 1100, epoch: 2 | loss: 1.6470232
	speed: 0.0810s/iter; left time: 6655.3203s
	iters: 1200, epoch: 2 | loss: 1.4318254
	speed: 0.0810s/iter; left time: 6644.8534s
	iters: 1300, epoch: 2 | loss: 1.6749849
	speed: 0.0796s/iter; left time: 6523.1670s
	iters: 1400, epoch: 2 | loss: 1.4855194
	speed: 0.0796s/iter; left time: 6513.4238s
	iters: 1500, epoch: 2 | loss: 1.5673252
	speed: 0.0794s/iter; left time: 6492.7659s
	iters: 1600, epoch: 2 | loss: 1.6634190
	speed: 0.0795s/iter; left time: 6491.0892s
	iters: 1700, epoch: 2 | loss: 1.5122945
	speed: 0.0795s/iter; left time: 6479.6855s
	iters: 1800, epoch: 2 | loss: 1.5193136
	speed: 0.0795s/iter; left time: 6472.7916s
	iters: 1900, epoch: 2 | loss: 1.4531820
	speed: 0.0807s/iter; left time: 6559.8104s
	iters: 2000, epoch: 2 | loss: 1.5706334
	speed: 0.0832s/iter; left time: 6761.6427s
	iters: 2100, epoch: 2 | loss: 1.6544739
	speed: 0.0800s/iter; left time: 6492.9283s
	iters: 2200, epoch: 2 | loss: 1.6886489
	speed: 0.0794s/iter; left time: 6430.7113s
	iters: 2300, epoch: 2 | loss: 1.6207699
	speed: 0.0794s/iter; left time: 6429.2894s
	iters: 2400, epoch: 2 | loss: 1.6332051
	speed: 0.0793s/iter; left time: 6410.6295s
	iters: 2500, epoch: 2 | loss: 1.5352564
	speed: 0.0793s/iter; left time: 6402.9429s
	iters: 2600, epoch: 2 | loss: 1.4198090
	speed: 0.0793s/iter; left time: 6396.2897s
	iters: 2700, epoch: 2 | loss: 1.5697093
	speed: 0.0793s/iter; left time: 6384.8870s
	iters: 2800, epoch: 2 | loss: 1.6047838
	speed: 0.0794s/iter; left time: 6382.5461s
	iters: 2900, epoch: 2 | loss: 1.7023647
	speed: 0.0793s/iter; left time: 6367.4227s
	iters: 3000, epoch: 2 | loss: 1.4999745
	speed: 0.0805s/iter; left time: 6457.6359s
	iters: 3100, epoch: 2 | loss: 1.5485939
	speed: 0.0798s/iter; left time: 6391.5027s
	iters: 3200, epoch: 2 | loss: 1.7498127
	speed: 0.0794s/iter; left time: 6356.1296s
	iters: 3300, epoch: 2 | loss: 1.5738136
	speed: 0.0793s/iter; left time: 6337.6363s
	iters: 3400, epoch: 2 | loss: 1.3869628
	speed: 0.0792s/iter; left time: 6324.3538s
	iters: 3500, epoch: 2 | loss: 1.6027077
	speed: 0.0793s/iter; left time: 6319.3599s
	iters: 3600, epoch: 2 | loss: 1.4831034
	speed: 0.0792s/iter; left time: 6308.3339s
	iters: 3700, epoch: 2 | loss: 1.7144604
	speed: 0.0797s/iter; left time: 6337.9187s
	iters: 3800, epoch: 2 | loss: 1.6438763
	speed: 0.0794s/iter; left time: 6310.6626s
	iters: 3900, epoch: 2 | loss: 1.1769608
	speed: 0.0798s/iter; left time: 6333.2529s
	iters: 4000, epoch: 2 | loss: 1.6523937
	speed: 0.0811s/iter; left time: 6428.1496s
	iters: 4100, epoch: 2 | loss: 1.6792775
	speed: 0.0809s/iter; left time: 6400.3539s
	iters: 4200, epoch: 2 | loss: 1.7017314
	speed: 0.0796s/iter; left time: 6293.4071s
	iters: 4300, epoch: 2 | loss: 1.6356013
	speed: 0.0797s/iter; left time: 6292.3926s
	iters: 4400, epoch: 2 | loss: 1.6525986
	speed: 0.0797s/iter; left time: 6282.7824s
	iters: 4500, epoch: 2 | loss: 1.6747934
	speed: 0.0798s/iter; left time: 6281.7729s
	iters: 4600, epoch: 2 | loss: 1.5887746
	speed: 0.0799s/iter; left time: 6281.1234s
	iters: 4700, epoch: 2 | loss: 1.2451742
	speed: 0.0799s/iter; left time: 6276.9948s
	iters: 4800, epoch: 2 | loss: 1.6020846
	speed: 0.0800s/iter; left time: 6275.9840s
	iters: 4900, epoch: 2 | loss: 1.6120349
	speed: 0.0797s/iter; left time: 6242.5763s
	iters: 5000, epoch: 2 | loss: 1.7779058
	speed: 0.0799s/iter; left time: 6248.8310s
	iters: 5100, epoch: 2 | loss: 1.4810419
	speed: 0.0798s/iter; left time: 6235.5428s
	iters: 5200, epoch: 2 | loss: 1.5909392
	speed: 0.0819s/iter; left time: 6388.2150s
	iters: 5300, epoch: 2 | loss: 1.8203248
	speed: 0.0816s/iter; left time: 6359.3946s
	iters: 5400, epoch: 2 | loss: 1.4905065
	speed: 0.0822s/iter; left time: 6394.0046s
	iters: 5500, epoch: 2 | loss: 1.6292607
	speed: 0.0832s/iter; left time: 6465.6976s
	iters: 5600, epoch: 2 | loss: 1.7394903
	speed: 0.0817s/iter; left time: 6341.0930s
	iters: 5700, epoch: 2 | loss: 1.7179494
	speed: 0.0804s/iter; left time: 6234.0390s
	iters: 5800, epoch: 2 | loss: 1.6256855
	speed: 0.0800s/iter; left time: 6193.5190s
	iters: 5900, epoch: 2 | loss: 1.7701892
	speed: 0.0800s/iter; left time: 6187.1610s
	iters: 6000, epoch: 2 | loss: 1.7180057
	speed: 0.0820s/iter; left time: 6334.4815s
	iters: 6100, epoch: 2 | loss: 1.6583791
	speed: 0.0817s/iter; left time: 6302.3587s
	iters: 6200, epoch: 2 | loss: 1.4814556
	speed: 0.0826s/iter; left time: 6359.6432s
	iters: 6300, epoch: 2 | loss: 1.5650028
	speed: 0.0830s/iter; left time: 6388.8541s
	iters: 6400, epoch: 2 | loss: 1.5178320
	speed: 0.0848s/iter; left time: 6517.3331s
	iters: 6500, epoch: 2 | loss: 1.6963660
	speed: 0.0830s/iter; left time: 6369.3413s
	iters: 6600, epoch: 2 | loss: 1.6058201
	speed: 0.0831s/iter; left time: 6364.7326s
	iters: 6700, epoch: 2 | loss: 1.3002734
	speed: 0.0818s/iter; left time: 6259.5391s
	iters: 6800, epoch: 2 | loss: 1.5652599
	speed: 0.0819s/iter; left time: 6261.4990s
	iters: 6900, epoch: 2 | loss: 1.4573812
	speed: 0.0799s/iter; left time: 6100.8921s
	iters: 7000, epoch: 2 | loss: 1.3672945
	speed: 0.0816s/iter; left time: 6219.9845s
	iters: 7100, epoch: 2 | loss: 1.5426286
	speed: 0.0806s/iter; left time: 6135.6672s
	iters: 7200, epoch: 2 | loss: 1.4548624
	speed: 0.0807s/iter; left time: 6134.7444s
	iters: 7300, epoch: 2 | loss: 1.6265471
	speed: 0.0801s/iter; left time: 6084.7459s
	iters: 7400, epoch: 2 | loss: 1.6381156
	speed: 0.0808s/iter; left time: 6129.5184s
	iters: 7500, epoch: 2 | loss: 1.1930853
	speed: 0.0806s/iter; left time: 6103.9680s
	iters: 7600, epoch: 2 | loss: 1.5927106
	speed: 0.0806s/iter; left time: 6097.0970s
	iters: 7700, epoch: 2 | loss: 1.4903125
	speed: 0.0803s/iter; left time: 6066.0305s
	iters: 7800, epoch: 2 | loss: 1.4930235
	speed: 0.0807s/iter; left time: 6086.1685s
	iters: 7900, epoch: 2 | loss: 1.4373597
	speed: 0.0802s/iter; left time: 6041.5649s
	iters: 8000, epoch: 2 | loss: 1.6728163
	speed: 0.0802s/iter; left time: 6033.8446s
	iters: 8100, epoch: 2 | loss: 1.6910558
	speed: 0.0802s/iter; left time: 6023.8060s
	iters: 8200, epoch: 2 | loss: 1.5105047
	speed: 0.0810s/iter; left time: 6077.7629s
	iters: 8300, epoch: 2 | loss: 1.4879433
	speed: 0.0804s/iter; left time: 6021.0172s
	iters: 8400, epoch: 2 | loss: 1.5440800
	speed: 0.0806s/iter; left time: 6034.4215s
	iters: 8500, epoch: 2 | loss: 1.6701082
	speed: 0.0802s/iter; left time: 5996.9844s
	iters: 8600, epoch: 2 | loss: 1.6082467
	speed: 0.0803s/iter; left time: 5991.7670s
	iters: 8700, epoch: 2 | loss: 1.5966944
	speed: 0.0803s/iter; left time: 5984.4879s
	iters: 8800, epoch: 2 | loss: 1.6316782
	speed: 0.0803s/iter; left time: 5973.8341s
	iters: 8900, epoch: 2 | loss: 1.6064060
	speed: 0.0803s/iter; left time: 5968.0414s
	iters: 9000, epoch: 2 | loss: 1.4153237
	speed: 0.0803s/iter; left time: 5959.8336s
	iters: 9100, epoch: 2 | loss: 1.6542829
	speed: 0.0803s/iter; left time: 5949.6631s
	iters: 9200, epoch: 2 | loss: 1.5080502
	speed: 0.0805s/iter; left time: 5956.8090s
Epoch: 2 cost time: 744.8404748439789
Epoch: 2, Steps: 9248 | Train Loss: 1.5522311 Vali Loss: 1.7446991 Test Loss: 5.4563437
EarlyStopping counter: 1 out of 3
Updating learning rate to 0.0005
	iters: 100, epoch: 3 | loss: 1.3459147
	speed: 3.7694s/iter; left time: 278500.9918s
	iters: 200, epoch: 3 | loss: 1.5133784
	speed: 0.0835s/iter; left time: 6162.8358s
	iters: 300, epoch: 3 | loss: 1.3387436
	speed: 0.0831s/iter; left time: 6122.5552s
	iters: 400, epoch: 3 | loss: 1.4195825
	speed: 0.0830s/iter; left time: 6108.0141s
	iters: 500, epoch: 3 | loss: 1.5109634
	speed: 0.0834s/iter; left time: 6131.2752s
	iters: 600, epoch: 3 | loss: 1.4982522
	speed: 0.0830s/iter; left time: 6088.0891s
	iters: 700, epoch: 3 | loss: 1.3742756
	speed: 0.0830s/iter; left time: 6082.6396s
	iters: 800, epoch: 3 | loss: 1.6732916
	speed: 0.0828s/iter; left time: 6062.4497s
	iters: 900, epoch: 3 | loss: 1.8224188
	speed: 0.0830s/iter; left time: 6063.2325s
	iters: 1000, epoch: 3 | loss: 1.6098597
	speed: 0.0829s/iter; left time: 6050.7742s
	iters: 1100, epoch: 3 | loss: 1.6522226
	speed: 0.0830s/iter; left time: 6051.4987s
	iters: 1200, epoch: 3 | loss: 1.5559036
	speed: 0.0831s/iter; left time: 6045.3078s
	iters: 1300, epoch: 3 | loss: 1.4881054
	speed: 0.0830s/iter; left time: 6034.0561s
	iters: 1400, epoch: 3 | loss: 1.4998933
	speed: 0.0828s/iter; left time: 6010.6300s
	iters: 1500, epoch: 3 | loss: 1.5467380
	speed: 0.0830s/iter; left time: 6017.4939s
	iters: 1600, epoch: 3 | loss: 1.4500979
	speed: 0.0832s/iter; left time: 6019.0242s
	iters: 1700, epoch: 3 | loss: 1.5077838
	speed: 0.0830s/iter; left time: 5996.3197s
	iters: 1800, epoch: 3 | loss: 1.5438241
	speed: 0.0832s/iter; left time: 6008.0529s
	iters: 1900, epoch: 3 | loss: 1.5083346
	speed: 0.0830s/iter; left time: 5983.4499s
	iters: 2000, epoch: 3 | loss: 1.5404420
	speed: 0.0837s/iter; left time: 6021.7558s
	iters: 2100, epoch: 3 | loss: 1.4226639
	speed: 0.0844s/iter; left time: 6070.4071s
	iters: 2200, epoch: 3 | loss: 1.4469248
	speed: 0.0843s/iter; left time: 6051.7300s
	iters: 2300, epoch: 3 | loss: 1.5514954
	speed: 0.0841s/iter; left time: 6032.1396s
	iters: 2400, epoch: 3 | loss: 1.4586465
	speed: 0.0842s/iter; left time: 6027.4484s
	iters: 2500, epoch: 3 | loss: 1.3364116
	speed: 0.0844s/iter; left time: 6036.8811s
	iters: 2600, epoch: 3 | loss: 1.7633140
	speed: 0.0825s/iter; left time: 5891.1297s
	iters: 2700, epoch: 3 | loss: 1.3950174
	speed: 0.0825s/iter; left time: 5880.6121s
	iters: 2800, epoch: 3 | loss: 1.3483442
	speed: 0.0825s/iter; left time: 5870.8041s
	iters: 2900, epoch: 3 | loss: 1.4086338
	speed: 0.0832s/iter; left time: 5910.9795s
	iters: 3000, epoch: 3 | loss: 1.5184205
	speed: 0.0841s/iter; left time: 5968.5945s
	iters: 3100, epoch: 3 | loss: 1.4830014
	speed: 0.0838s/iter; left time: 5943.5617s
	iters: 3200, epoch: 3 | loss: 1.6213688
	speed: 0.0841s/iter; left time: 5956.5373s
	iters: 3300, epoch: 3 | loss: 1.7280097
	speed: 0.0839s/iter; left time: 5928.5649s
	iters: 3400, epoch: 3 | loss: 1.5596958
	speed: 0.0836s/iter; left time: 5898.6627s
	iters: 3500, epoch: 3 | loss: 1.5764568
	speed: 0.0820s/iter; left time: 5779.9267s
	iters: 3600, epoch: 3 | loss: 1.7608230
	speed: 0.0824s/iter; left time: 5798.4713s
	iters: 3700, epoch: 3 | loss: 1.5986367
	speed: 0.0830s/iter; left time: 5835.4768s
	iters: 3800, epoch: 3 | loss: 1.4117631
	speed: 0.0840s/iter; left time: 5893.0463s
	iters: 3900, epoch: 3 | loss: 1.5795385
	speed: 0.0842s/iter; left time: 5898.5701s
	iters: 4000, epoch: 3 | loss: 1.5314239
	speed: 0.0833s/iter; left time: 5830.9777s
	iters: 4100, epoch: 3 | loss: 1.6095949
	speed: 0.0837s/iter; left time: 5845.9487s
	iters: 4200, epoch: 3 | loss: 1.5735333
	speed: 0.0840s/iter; left time: 5859.5234s
	iters: 4300, epoch: 3 | loss: 1.4644897
	speed: 0.0833s/iter; left time: 5803.2529s
	iters: 4400, epoch: 3 | loss: 1.4369352
	speed: 0.0835s/iter; left time: 5813.0636s
	iters: 4500, epoch: 3 | loss: 1.3632514
	speed: 0.0833s/iter; left time: 5785.9364s
	iters: 4600, epoch: 3 | loss: 1.4280614
	speed: 0.0837s/iter; left time: 5807.2948s
	iters: 4700, epoch: 3 | loss: 1.7175401
	speed: 0.0824s/iter; left time: 5712.3245s
	iters: 4800, epoch: 3 | loss: 1.6350818
	speed: 0.0839s/iter; left time: 5804.9383s
	iters: 4900, epoch: 3 | loss: 1.5717103
	speed: 0.0846s/iter; left time: 5844.0926s
	iters: 5000, epoch: 3 | loss: 1.5289453
	speed: 0.0838s/iter; left time: 5782.5952s
	iters: 5100, epoch: 3 | loss: 1.3930082
	speed: 0.0821s/iter; left time: 5653.7178s
	iters: 5200, epoch: 3 | loss: 1.5686030
	speed: 0.0842s/iter; left time: 5794.2839s
	iters: 5300, epoch: 3 | loss: 1.4136646
	speed: 0.0834s/iter; left time: 5727.7396s
	iters: 5400, epoch: 3 | loss: 1.6129918
	speed: 0.0814s/iter; left time: 5584.1393s
	iters: 5500, epoch: 3 | loss: 1.3209797
	speed: 0.0844s/iter; left time: 5781.0027s
	iters: 5600, epoch: 3 | loss: 1.4975456
	speed: 0.0830s/iter; left time: 5674.9167s
	iters: 5700, epoch: 3 | loss: 1.5940053
	speed: 0.0841s/iter; left time: 5740.6676s
	iters: 5800, epoch: 3 | loss: 1.5600691
	speed: 0.0847s/iter; left time: 5773.6471s
	iters: 5900, epoch: 3 | loss: 1.4635538
	speed: 0.0826s/iter; left time: 5622.2550s
	iters: 6000, epoch: 3 | loss: 1.5260592
	speed: 0.0823s/iter; left time: 5596.1179s
	iters: 6100, epoch: 3 | loss: 1.4301389
	speed: 0.0832s/iter; left time: 5649.8622s
	iters: 6200, epoch: 3 | loss: 1.5598249
	speed: 0.0830s/iter; left time: 5628.8351s
	iters: 6300, epoch: 3 | loss: 1.7188143
	speed: 0.0815s/iter; left time: 5517.5680s
	iters: 6400, epoch: 3 | loss: 1.4781263
	speed: 0.0817s/iter; left time: 5521.9151s
	iters: 6500, epoch: 3 | loss: 1.5781013
	speed: 0.0826s/iter; left time: 5573.5775s
	iters: 6600, epoch: 3 | loss: 1.3582791
	speed: 0.0827s/iter; left time: 5569.4386s
	iters: 6700, epoch: 3 | loss: 1.7225654
	speed: 0.0828s/iter; left time: 5571.4370s
	iters: 6800, epoch: 3 | loss: 1.4258454
	speed: 0.0831s/iter; left time: 5579.8171s
	iters: 6900, epoch: 3 | loss: 1.5516206
	speed: 0.0827s/iter; left time: 5548.4776s
	iters: 7000, epoch: 3 | loss: 1.3153405
	speed: 0.0830s/iter; left time: 5559.1666s
	iters: 7100, epoch: 3 | loss: 1.4640026
	speed: 0.0826s/iter; left time: 5524.7034s
	iters: 7200, epoch: 3 | loss: 1.2948890
	speed: 0.0822s/iter; left time: 5487.2980s
	iters: 7300, epoch: 3 | loss: 1.5451828
	speed: 0.0826s/iter; left time: 5505.1387s
	iters: 7400, epoch: 3 | loss: 1.4859778
	speed: 0.0823s/iter; left time: 5479.8211s
	iters: 7500, epoch: 3 | loss: 1.6137367
	speed: 0.0828s/iter; left time: 5504.7234s
	iters: 7600, epoch: 3 | loss: 1.6420538
	speed: 0.0825s/iter; left time: 5479.3705s
	iters: 7700, epoch: 3 | loss: 1.5678363
	speed: 0.0825s/iter; left time: 5470.3830s
	iters: 7800, epoch: 3 | loss: 1.5102302
	speed: 0.0826s/iter; left time: 5465.5402s
	iters: 7900, epoch: 3 | loss: 1.4689155
	speed: 0.0827s/iter; left time: 5467.2065s
	iters: 8000, epoch: 3 | loss: 1.5552946
	speed: 0.0824s/iter; left time: 5435.5548s
	iters: 8100, epoch: 3 | loss: 1.6866969
	speed: 0.0817s/iter; left time: 5385.8201s
	iters: 8200, epoch: 3 | loss: 1.4349397
	speed: 0.0824s/iter; left time: 5420.0565s
	iters: 8300, epoch: 3 | loss: 1.3954138
	speed: 0.0824s/iter; left time: 5412.1194s
	iters: 8400, epoch: 3 | loss: 1.6690956
	speed: 0.0826s/iter; left time: 5419.0440s
	iters: 8500, epoch: 3 | loss: 1.3049462
	speed: 0.0824s/iter; left time: 5396.1109s
	iters: 8600, epoch: 3 | loss: 1.5096606
	speed: 0.0825s/iter; left time: 5391.3032s
	iters: 8700, epoch: 3 | loss: 1.8932581
	speed: 0.0823s/iter; left time: 5375.2397s
	iters: 8800, epoch: 3 | loss: 1.5917574
	speed: 0.0824s/iter; left time: 5371.7172s
	iters: 8900, epoch: 3 | loss: 1.4224738
	speed: 0.0821s/iter; left time: 5341.2136s
	iters: 9000, epoch: 3 | loss: 1.6617576
	speed: 0.0813s/iter; left time: 5283.3432s
	iters: 9100, epoch: 3 | loss: 1.8157003
	speed: 0.0822s/iter; left time: 5334.5453s
	iters: 9200, epoch: 3 | loss: 1.5365927
	speed: 0.0825s/iter; left time: 5347.2828s
Epoch: 3 cost time: 768.4384410381317
Epoch: 3, Steps: 9248 | Train Loss: 1.5519622 Vali Loss: 1.7440808 Test Loss: 5.4499998
Validation loss decreased (1.744108 --> 1.744081).  Saving model ...
Updating learning rate to 0.00025
	iters: 100, epoch: 4 | loss: 1.4785405
	speed: 3.8233s/iter; left time: 247127.9603s
	iters: 200, epoch: 4 | loss: 1.5773165
	speed: 0.0833s/iter; left time: 5376.8503s
	iters: 300, epoch: 4 | loss: 1.4075326
	speed: 0.0831s/iter; left time: 5357.4053s
	iters: 400, epoch: 4 | loss: 1.5837462
	speed: 0.0833s/iter; left time: 5357.0842s
	iters: 500, epoch: 4 | loss: 1.6238372
	speed: 0.0831s/iter; left time: 5335.5381s
	iters: 600, epoch: 4 | loss: 1.7557331
	speed: 0.0830s/iter; left time: 5324.4776s
	iters: 700, epoch: 4 | loss: 1.6445982
	speed: 0.0831s/iter; left time: 5318.8155s
	iters: 800, epoch: 4 | loss: 1.5145501
	speed: 0.0830s/iter; left time: 5307.4463s
	iters: 900, epoch: 4 | loss: 1.3558874
	speed: 0.0830s/iter; left time: 5299.0204s
	iters: 1000, epoch: 4 | loss: 1.5796874
	speed: 0.0829s/iter; left time: 5281.5706s
	iters: 1100, epoch: 4 | loss: 1.7636541
	speed: 0.0829s/iter; left time: 5276.1765s
	iters: 1200, epoch: 4 | loss: 1.3061913
	speed: 0.0830s/iter; left time: 5271.8195s
	iters: 1300, epoch: 4 | loss: 1.5682031
	speed: 0.0829s/iter; left time: 5260.6689s
	iters: 1400, epoch: 4 | loss: 1.3870813
	speed: 0.0827s/iter; left time: 5239.5680s
	iters: 1500, epoch: 4 | loss: 1.3521119
	speed: 0.0828s/iter; left time: 5237.1537s
	iters: 1600, epoch: 4 | loss: 1.6644047
	speed: 0.0828s/iter; left time: 5230.6422s
	iters: 1700, epoch: 4 | loss: 1.5156933
	speed: 0.0828s/iter; left time: 5221.3198s
	iters: 1800, epoch: 4 | loss: 1.5222509
	speed: 0.0829s/iter; left time: 5218.5752s
	iters: 1900, epoch: 4 | loss: 1.7605339
	speed: 0.0831s/iter; left time: 5223.1854s
	iters: 2000, epoch: 4 | loss: 1.4401221
	speed: 0.0835s/iter; left time: 5239.5244s
	iters: 2100, epoch: 4 | loss: 1.4874334
	speed: 0.0835s/iter; left time: 5232.0568s
	iters: 2200, epoch: 4 | loss: 1.7059498
	speed: 0.0834s/iter; left time: 5218.0365s
	iters: 2300, epoch: 4 | loss: 1.6178849
	speed: 0.0832s/iter; left time: 5193.2325s
	iters: 2400, epoch: 4 | loss: 1.4264371
	speed: 0.0831s/iter; left time: 5180.7124s
	iters: 2500, epoch: 4 | loss: 1.3564447
	speed: 0.0831s/iter; left time: 5172.2152s
	iters: 2600, epoch: 4 | loss: 1.5317308
	speed: 0.0831s/iter; left time: 5162.9490s
	iters: 2700, epoch: 4 | loss: 1.6586518
	speed: 0.0833s/iter; left time: 5164.9054s
	iters: 2800, epoch: 4 | loss: 1.7160232
	speed: 0.0831s/iter; left time: 5146.0448s
	iters: 2900, epoch: 4 | loss: 1.3482107
	speed: 0.0832s/iter; left time: 5144.4564s
	iters: 3000, epoch: 4 | loss: 1.6810437
	speed: 0.0831s/iter; left time: 5130.0724s
	iters: 3100, epoch: 4 | loss: 1.7510544
	speed: 0.0841s/iter; left time: 5181.3344s
	iters: 3200, epoch: 4 | loss: 1.5529357
	speed: 0.0847s/iter; left time: 5211.2587s
	iters: 3300, epoch: 4 | loss: 1.6366452
	speed: 0.0847s/iter; left time: 5204.0395s
	iters: 3400, epoch: 4 | loss: 1.2506887
	speed: 0.0846s/iter; left time: 5186.0496s
	iters: 3500, epoch: 4 | loss: 1.4710851
	speed: 0.0845s/iter; left time: 5177.2576s
	iters: 3600, epoch: 4 | loss: 1.6264774
	speed: 0.0844s/iter; left time: 5162.6344s
	iters: 3700, epoch: 4 | loss: 1.6049342
	speed: 0.0846s/iter; left time: 5162.0378s
	iters: 3800, epoch: 4 | loss: 1.5126611
	speed: 0.0846s/iter; left time: 5156.5590s
	iters: 3900, epoch: 4 | loss: 1.5212220
	speed: 0.0835s/iter; left time: 5078.1869s
	iters: 4000, epoch: 4 | loss: 1.5769527
	speed: 0.0831s/iter; left time: 5049.2022s
	iters: 4100, epoch: 4 | loss: 1.4495430
	speed: 0.0842s/iter; left time: 5103.7012s
	iters: 4200, epoch: 4 | loss: 1.4868852
	speed: 0.0846s/iter; left time: 5121.3236s
	iters: 4300, epoch: 4 | loss: 1.5337985
	speed: 0.0845s/iter; left time: 5108.3156s
	iters: 4400, epoch: 4 | loss: 1.2416455
	speed: 0.0846s/iter; left time: 5102.6840s
	iters: 4500, epoch: 4 | loss: 1.7170925
	speed: 0.0847s/iter; left time: 5099.8588s
	iters: 4600, epoch: 4 | loss: 1.5515695
	speed: 0.0838s/iter; left time: 5040.8869s
	iters: 4700, epoch: 4 | loss: 1.5179006
	speed: 0.0830s/iter; left time: 4980.9368s
	iters: 4800, epoch: 4 | loss: 1.7428743
	speed: 0.0829s/iter; left time: 4967.8020s
	iters: 4900, epoch: 4 | loss: 1.7228646
	speed: 0.0838s/iter; left time: 5013.9519s
	iters: 5000, epoch: 4 | loss: 1.4706117
	speed: 0.0843s/iter; left time: 5038.4740s
	iters: 5100, epoch: 4 | loss: 1.6394120
	speed: 0.0845s/iter; left time: 5036.3830s
	iters: 5200, epoch: 4 | loss: 1.5883937
	speed: 0.0843s/iter; left time: 5018.1449s
	iters: 5300, epoch: 4 | loss: 1.5093259
	speed: 0.0846s/iter; left time: 5025.6585s
	iters: 5400, epoch: 4 | loss: 1.6879131
	speed: 0.0844s/iter; left time: 5005.5477s
	iters: 5500, epoch: 4 | loss: 1.4870842
	speed: 0.0837s/iter; left time: 4955.7011s
	iters: 5600, epoch: 4 | loss: 1.5541017
	speed: 0.0843s/iter; left time: 4983.0371s
	iters: 5700, epoch: 4 | loss: 1.5002787
	speed: 0.0842s/iter; left time: 4971.2642s
	iters: 5800, epoch: 4 | loss: 1.5576259
	speed: 0.0844s/iter; left time: 4975.1585s
	iters: 5900, epoch: 4 | loss: 1.6018605
	speed: 0.0843s/iter; left time: 4961.3368s
	iters: 6000, epoch: 4 | loss: 1.4456531
	speed: 0.0842s/iter; left time: 4946.5394s
	iters: 6100, epoch: 4 | loss: 1.5774230
	speed: 0.0843s/iter; left time: 4940.6547s
	iters: 6200, epoch: 4 | loss: 1.4461722
	speed: 0.0844s/iter; left time: 4939.2947s
	iters: 6300, epoch: 4 | loss: 1.5168684
	speed: 0.0829s/iter; left time: 4846.1181s
	iters: 6400, epoch: 4 | loss: 1.3422055
	speed: 0.0827s/iter; left time: 4823.2337s
	iters: 6500, epoch: 4 | loss: 1.4937487
	speed: 0.0828s/iter; left time: 4821.8599s
	iters: 6600, epoch: 4 | loss: 1.5757321
	speed: 0.0830s/iter; left time: 4822.5805s
	iters: 6700, epoch: 4 | loss: 1.4459440
	speed: 0.0828s/iter; left time: 4805.0752s
	iters: 6800, epoch: 4 | loss: 1.4976881
	speed: 0.0832s/iter; left time: 4822.1013s
	iters: 6900, epoch: 4 | loss: 1.6876248
	speed: 0.0831s/iter; left time: 4806.0864s
	iters: 7000, epoch: 4 | loss: 1.3804260
	speed: 0.0831s/iter; left time: 4797.2132s
	iters: 7100, epoch: 4 | loss: 1.5549498
	speed: 0.0834s/iter; left time: 4809.3858s
	iters: 7200, epoch: 4 | loss: 1.4918281
	speed: 0.0834s/iter; left time: 4800.9956s
	iters: 7300, epoch: 4 | loss: 1.6093994
	speed: 0.0831s/iter; left time: 4773.4475s
	iters: 7400, epoch: 4 | loss: 1.5459318
	speed: 0.0831s/iter; left time: 4766.4415s
	iters: 7500, epoch: 4 | loss: 1.3321767
	speed: 0.0831s/iter; left time: 4754.7965s
	iters: 7600, epoch: 4 | loss: 1.6109605
	speed: 0.0832s/iter; left time: 4755.7220s
	iters: 7700, epoch: 4 | loss: 1.6597428
	speed: 0.0832s/iter; left time: 4743.5956s
	iters: 7800, epoch: 4 | loss: 1.3601776
	speed: 0.0831s/iter; left time: 4733.0146s
	iters: 7900, epoch: 4 | loss: 1.5299281
	speed: 0.0837s/iter; left time: 4757.8253s
	iters: 8000, epoch: 4 | loss: 1.5485208
	speed: 0.0837s/iter; left time: 4746.2757s
	iters: 8100, epoch: 4 | loss: 1.5800022
	speed: 0.0830s/iter; left time: 4703.0326s
	iters: 8200, epoch: 4 | loss: 1.6001586
	speed: 0.0830s/iter; left time: 4692.0074s
	iters: 8300, epoch: 4 | loss: 1.4967159
	speed: 0.0830s/iter; left time: 4683.1324s
	iters: 8400, epoch: 4 | loss: 1.8169196
	speed: 0.0830s/iter; left time: 4674.4541s
	iters: 8500, epoch: 4 | loss: 1.5167776
	speed: 0.0835s/iter; left time: 4697.6682s
	iters: 8600, epoch: 4 | loss: 1.7146239
	speed: 0.0830s/iter; left time: 4657.1870s
	iters: 8700, epoch: 4 | loss: 1.8587823
	speed: 0.0830s/iter; left time: 4649.4925s
	iters: 8800, epoch: 4 | loss: 1.5798248
	speed: 0.0835s/iter; left time: 4671.3481s
	iters: 8900, epoch: 4 | loss: 1.5577525
	speed: 0.0830s/iter; left time: 4635.2825s
	iters: 9000, epoch: 4 | loss: 1.4870255
	speed: 0.0830s/iter; left time: 4626.3949s
	iters: 9100, epoch: 4 | loss: 1.5718464
	speed: 0.0829s/iter; left time: 4613.4867s
	iters: 9200, epoch: 4 | loss: 1.6129012
	speed: 0.0830s/iter; left time: 4611.1166s
Epoch: 4 cost time: 772.5212559700012
Epoch: 4, Steps: 9248 | Train Loss: 1.5518662 Vali Loss: 1.7439874 Test Loss: 5.4545045
Validation loss decreased (1.744081 --> 1.743987).  Saving model ...
Updating learning rate to 0.000125
	iters: 100, epoch: 5 | loss: 1.7117919
	speed: 3.7343s/iter; left time: 206839.7532s
	iters: 200, epoch: 5 | loss: 1.4732625
	speed: 0.0830s/iter; left time: 4590.9288s
	iters: 300, epoch: 5 | loss: 1.4767431
	speed: 0.0831s/iter; left time: 4584.8333s
	iters: 400, epoch: 5 | loss: 1.6737442
	speed: 0.0833s/iter; left time: 4588.4008s
	iters: 500, epoch: 5 | loss: 1.3428775
	speed: 0.0830s/iter; left time: 4566.2798s
	iters: 600, epoch: 5 | loss: 1.3685573
	speed: 0.0831s/iter; left time: 4558.8303s
	iters: 700, epoch: 5 | loss: 1.6727810
	speed: 0.0832s/iter; left time: 4556.7503s
	iters: 800, epoch: 5 | loss: 1.6448267
	speed: 0.0833s/iter; left time: 4554.3868s
	iters: 900, epoch: 5 | loss: 1.7403934
	speed: 0.0831s/iter; left time: 4538.9597s
	iters: 1000, epoch: 5 | loss: 1.4488406
	speed: 0.0831s/iter; left time: 4530.5132s
	iters: 1100, epoch: 5 | loss: 1.5829065
	speed: 0.0832s/iter; left time: 4524.3974s
	iters: 1200, epoch: 5 | loss: 1.6553212
	speed: 0.0831s/iter; left time: 4509.4553s
	iters: 1300, epoch: 5 | loss: 1.6777728
	speed: 0.0833s/iter; left time: 4513.6019s
	iters: 1400, epoch: 5 | loss: 1.6378673
	speed: 0.0831s/iter; left time: 4493.9142s
	iters: 1500, epoch: 5 | loss: 1.6365346
	speed: 0.0832s/iter; left time: 4491.3507s
	iters: 1600, epoch: 5 | loss: 1.6100714
	speed: 0.0831s/iter; left time: 4478.5815s
	iters: 1700, epoch: 5 | loss: 1.3841093
	speed: 0.0831s/iter; left time: 4471.7998s
	iters: 1800, epoch: 5 | loss: 1.4189858
	speed: 0.0831s/iter; left time: 4462.7217s
	iters: 1900, epoch: 5 | loss: 1.7084707
	speed: 0.0831s/iter; left time: 4455.8105s
	iters: 2000, epoch: 5 | loss: 1.5450830
	speed: 0.0832s/iter; left time: 4450.4080s
	iters: 2100, epoch: 5 | loss: 1.5335852
	speed: 0.0831s/iter; left time: 4438.3508s
	iters: 2200, epoch: 5 | loss: 1.5455625
	speed: 0.0833s/iter; left time: 4441.1507s
	iters: 2300, epoch: 5 | loss: 1.7165754
	speed: 0.0831s/iter; left time: 4421.0102s
	iters: 2400, epoch: 5 | loss: 1.5022246
	speed: 0.0833s/iter; left time: 4421.8010s
	iters: 2500, epoch: 5 | loss: 1.5791150
	speed: 0.0839s/iter; left time: 4443.1302s
	iters: 2600, epoch: 5 | loss: 1.7585500
	speed: 0.0839s/iter; left time: 4437.0019s
	iters: 2700, epoch: 5 | loss: 1.5745472
	speed: 0.0837s/iter; left time: 4418.5924s
	iters: 2800, epoch: 5 | loss: 1.6693754
	speed: 0.0837s/iter; left time: 4409.9096s
	iters: 2900, epoch: 5 | loss: 1.5002097
	speed: 0.0838s/iter; left time: 4408.0986s
	iters: 3000, epoch: 5 | loss: 1.5791285
	speed: 0.0839s/iter; left time: 4405.4893s
	iters: 3100, epoch: 5 | loss: 1.5158978
	speed: 0.0837s/iter; left time: 4386.0226s
	iters: 3200, epoch: 5 | loss: 1.8124433
	speed: 0.0832s/iter; left time: 4352.6778s
	iters: 3300, epoch: 5 | loss: 1.4308449
	speed: 0.0831s/iter; left time: 4339.4557s
	iters: 3400, epoch: 5 | loss: 1.6110524
	speed: 0.0836s/iter; left time: 4353.8870s
	iters: 3500, epoch: 5 | loss: 1.6915263
	speed: 0.0839s/iter; left time: 4360.1625s
	iters: 3600, epoch: 5 | loss: 1.5986661
	speed: 0.0837s/iter; left time: 4344.0664s
	iters: 3700, epoch: 5 | loss: 1.6317718
	speed: 0.0837s/iter; left time: 4335.6160s
	iters: 3800, epoch: 5 | loss: 1.3929567
	speed: 0.0836s/iter; left time: 4323.2782s
	iters: 3900, epoch: 5 | loss: 1.3563116
	speed: 0.0838s/iter; left time: 4325.2887s
	iters: 4000, epoch: 5 | loss: 1.3059618
	speed: 0.0837s/iter; left time: 4312.0979s
	iters: 4100, epoch: 5 | loss: 1.6478356
	speed: 0.0839s/iter; left time: 4312.0947s
	iters: 4200, epoch: 5 | loss: 1.6068553
	speed: 0.0837s/iter; left time: 4294.1906s
	iters: 4300, epoch: 5 | loss: 1.6896126
	speed: 0.0837s/iter; left time: 4283.5264s
	iters: 4400, epoch: 5 | loss: 1.3753991
	speed: 0.0835s/iter; left time: 4263.7869s
	iters: 4500, epoch: 5 | loss: 1.4970772
	speed: 0.0831s/iter; left time: 4235.4442s
	iters: 4600, epoch: 5 | loss: 1.5828093
	speed: 0.0832s/iter; left time: 4231.6323s
	iters: 4700, epoch: 5 | loss: 1.5534929
	speed: 0.0830s/iter; left time: 4217.0528s
	iters: 4800, epoch: 5 | loss: 1.6001874
	speed: 0.0832s/iter; left time: 4215.3187s
	iters: 4900, epoch: 5 | loss: 1.6500479
	speed: 0.0831s/iter; left time: 4204.1875s
	iters: 5000, epoch: 5 | loss: 1.5773096
	speed: 0.0832s/iter; left time: 4199.2038s
	iters: 5100, epoch: 5 | loss: 1.5474274
	speed: 0.0830s/iter; left time: 4182.8113s
	iters: 5200, epoch: 5 | loss: 1.5848927
	speed: 0.0832s/iter; left time: 4184.2954s
	iters: 5300, epoch: 5 | loss: 1.6844738
	speed: 0.0830s/iter; left time: 4163.1820s
	iters: 5400, epoch: 5 | loss: 1.4133143
	speed: 0.0829s/iter; left time: 4154.5336s
	iters: 5500, epoch: 5 | loss: 1.3015501
	speed: 0.0830s/iter; left time: 4148.8978s
	iters: 5600, epoch: 5 | loss: 1.3746055
	speed: 0.0830s/iter; left time: 4138.5562s
	iters: 5700, epoch: 5 | loss: 1.5533046
	speed: 0.0833s/iter; left time: 4148.4029s
	iters: 5800, epoch: 5 | loss: 1.5075319
	speed: 0.0830s/iter; left time: 4123.9441s
	iters: 5900, epoch: 5 | loss: 1.5669057
	speed: 0.0831s/iter; left time: 4119.3693s
	iters: 6000, epoch: 5 | loss: 1.2736999
	speed: 0.0837s/iter; left time: 4140.1307s
	iters: 6100, epoch: 5 | loss: 1.4789710
	speed: 0.0840s/iter; left time: 4148.3408s
	iters: 6200, epoch: 5 | loss: 1.5913820
	speed: 0.0847s/iter; left time: 4173.9188s
	iters: 6300, epoch: 5 | loss: 1.2591052
	speed: 0.0841s/iter; left time: 4137.0488s
	iters: 6400, epoch: 5 | loss: 1.7734901
	speed: 0.0841s/iter; left time: 4129.4152s
	iters: 6500, epoch: 5 | loss: 1.6334591
	speed: 0.0839s/iter; left time: 4110.8267s
	iters: 6600, epoch: 5 | loss: 1.4139444
	speed: 0.0837s/iter; left time: 4090.4681s
	iters: 6700, epoch: 5 | loss: 1.4872046
	speed: 0.0839s/iter; left time: 4094.2995s
	iters: 6800, epoch: 5 | loss: 1.6659251
	speed: 0.0837s/iter; left time: 4077.5422s
	iters: 6900, epoch: 5 | loss: 1.5675644
	speed: 0.0837s/iter; left time: 4069.2168s
	iters: 7000, epoch: 5 | loss: 1.6637626
	speed: 0.0833s/iter; left time: 4037.1139s
	iters: 7100, epoch: 5 | loss: 1.7825545
	speed: 0.0846s/iter; left time: 4093.3943s
	iters: 7200, epoch: 5 | loss: 1.5442241
	speed: 0.0843s/iter; left time: 4068.9794s
	iters: 7300, epoch: 5 | loss: 1.5308058
	speed: 0.0834s/iter; left time: 4020.0583s
	iters: 7400, epoch: 5 | loss: 1.6054920
	speed: 0.0839s/iter; left time: 4033.9961s
	iters: 7500, epoch: 5 | loss: 1.6425056
	speed: 0.0822s/iter; left time: 3944.2228s
	iters: 7600, epoch: 5 | loss: 1.5383762
	speed: 0.0827s/iter; left time: 3958.9181s
	iters: 7700, epoch: 5 | loss: 1.7422639
	speed: 0.0838s/iter; left time: 4002.7439s
	iters: 7800, epoch: 5 | loss: 1.7807565
	speed: 0.0836s/iter; left time: 3985.4759s
	iters: 7900, epoch: 5 | loss: 1.5960038
	speed: 0.0834s/iter; left time: 3969.3784s
	iters: 8000, epoch: 5 | loss: 1.6112840
	speed: 0.0837s/iter; left time: 3974.2786s
	iters: 8100, epoch: 5 | loss: 1.6763527
	speed: 0.0838s/iter; left time: 3969.0612s
	iters: 8200, epoch: 5 | loss: 1.4600352
	speed: 0.0839s/iter; left time: 3968.0241s
	iters: 8300, epoch: 5 | loss: 1.7078035
	speed: 0.0836s/iter; left time: 3945.5551s
	iters: 8400, epoch: 5 | loss: 1.5835319
	speed: 0.0838s/iter; left time: 3947.4206s
	iters: 8500, epoch: 5 | loss: 1.4641293
	speed: 0.0836s/iter; left time: 3929.7406s
	iters: 8600, epoch: 5 | loss: 1.6675491
	speed: 0.0839s/iter; left time: 3932.6041s
	iters: 8700, epoch: 5 | loss: 1.7731196
	speed: 0.0837s/iter; left time: 3916.7651s
	iters: 8800, epoch: 5 | loss: 1.3807366
	speed: 0.0837s/iter; left time: 3908.4998s
	iters: 8900, epoch: 5 | loss: 1.6419249
	speed: 0.0836s/iter; left time: 3895.2652s
	iters: 9000, epoch: 5 | loss: 1.6214612
	speed: 0.0836s/iter; left time: 3888.2304s
	iters: 9100, epoch: 5 | loss: 1.4655234
	speed: 0.0833s/iter; left time: 3862.8184s
	iters: 9200, epoch: 5 | loss: 1.6063725
	speed: 0.0828s/iter; left time: 3831.4222s
Epoch: 5 cost time: 772.2363996505737
Epoch: 5, Steps: 9248 | Train Loss: 1.5518298 Vali Loss: 1.7442378 Test Loss: 5.4524970
EarlyStopping counter: 1 out of 3
Updating learning rate to 6.25e-05
	iters: 100, epoch: 6 | loss: 1.4530590
	speed: 3.6101s/iter; left time: 166574.0386s
	iters: 200, epoch: 6 | loss: 1.5182596
	speed: 0.0801s/iter; left time: 3685.7453s
	iters: 300, epoch: 6 | loss: 1.4895345
	speed: 0.0799s/iter; left time: 3670.0859s
	iters: 400, epoch: 6 | loss: 1.4988643
	speed: 0.0801s/iter; left time: 3670.4526s
	iters: 500, epoch: 6 | loss: 1.6097238
	speed: 0.0800s/iter; left time: 3659.5892s
	iters: 600, epoch: 6 | loss: 1.4689387
	speed: 0.0800s/iter; left time: 3652.8584s
	iters: 700, epoch: 6 | loss: 1.5417141
	speed: 0.0798s/iter; left time: 3635.2413s
	iters: 800, epoch: 6 | loss: 1.3942151
	speed: 0.0806s/iter; left time: 3661.3226s
	iters: 900, epoch: 6 | loss: 1.5631425
	speed: 0.0816s/iter; left time: 3699.1883s
	iters: 1000, epoch: 6 | loss: 1.5576968
	speed: 0.0820s/iter; left time: 3707.6143s
	iters: 1100, epoch: 6 | loss: 1.8160329
	speed: 0.0820s/iter; left time: 3699.7864s
	iters: 1200, epoch: 6 | loss: 1.4033512
	speed: 0.0819s/iter; left time: 3688.1104s
	iters: 1300, epoch: 6 | loss: 1.4410279
	speed: 0.0821s/iter; left time: 3688.7430s
	iters: 1400, epoch: 6 | loss: 1.5077925
	speed: 0.0820s/iter; left time: 3676.2135s
	iters: 1500, epoch: 6 | loss: 1.4702791
	speed: 0.0821s/iter; left time: 3673.6215s
	iters: 1600, epoch: 6 | loss: 1.3658932
	speed: 0.0825s/iter; left time: 3682.0366s
	iters: 1700, epoch: 6 | loss: 1.5041966
	speed: 0.0826s/iter; left time: 3679.3597s
	iters: 1800, epoch: 6 | loss: 1.6544396
	speed: 0.0825s/iter; left time: 3665.1552s
	iters: 1900, epoch: 6 | loss: 1.4265752
	speed: 0.0815s/iter; left time: 3612.6024s
	iters: 2000, epoch: 6 | loss: 1.3932447
	speed: 0.0801s/iter; left time: 3545.1269s
	iters: 2100, epoch: 6 | loss: 1.5614090
	speed: 0.0801s/iter; left time: 3537.0659s
	iters: 2200, epoch: 6 | loss: 1.7280382
	speed: 0.0802s/iter; left time: 3532.7047s
	iters: 2300, epoch: 6 | loss: 1.5715411
	speed: 0.0802s/iter; left time: 3522.7909s
	iters: 2400, epoch: 6 | loss: 1.5874940
	speed: 0.0802s/iter; left time: 3516.7981s
	iters: 2500, epoch: 6 | loss: 1.5366879
	speed: 0.0802s/iter; left time: 3506.4370s
	iters: 2600, epoch: 6 | loss: 1.7738830
	speed: 0.0802s/iter; left time: 3498.3186s
	iters: 2700, epoch: 6 | loss: 1.6722379
	speed: 0.0805s/iter; left time: 3505.6330s
	iters: 2800, epoch: 6 | loss: 1.5184579
	speed: 0.0801s/iter; left time: 3481.4661s
	iters: 2900, epoch: 6 | loss: 1.3534524
	speed: 0.0801s/iter; left time: 3470.0640s
	iters: 3000, epoch: 6 | loss: 1.7046834
	speed: 0.0818s/iter; left time: 3535.9790s
	iters: 3100, epoch: 6 | loss: 1.4272373
	speed: 0.0821s/iter; left time: 3540.7843s
	iters: 3200, epoch: 6 | loss: 1.5591054
	speed: 0.0824s/iter; left time: 3546.1467s
	iters: 3300, epoch: 6 | loss: 1.5480716
	speed: 0.0821s/iter; left time: 3525.1472s
	iters: 3400, epoch: 6 | loss: 1.7066482
	speed: 0.0819s/iter; left time: 3507.4665s
	iters: 3500, epoch: 6 | loss: 1.5748394
	speed: 0.0818s/iter; left time: 3496.0280s
	iters: 3600, epoch: 6 | loss: 1.4851151
	speed: 0.0813s/iter; left time: 3464.8680s
	iters: 3700, epoch: 6 | loss: 1.5160649
	speed: 0.0813s/iter; left time: 3457.6307s
	iters: 3800, epoch: 6 | loss: 1.5320014
	speed: 0.0812s/iter; left time: 3447.6125s
	iters: 3900, epoch: 6 | loss: 1.5265585
	speed: 0.0812s/iter; left time: 3437.3745s
	iters: 4000, epoch: 6 | loss: 1.6103045
	speed: 0.0814s/iter; left time: 3436.9935s
	iters: 4100, epoch: 6 | loss: 1.6435610
	speed: 0.0814s/iter; left time: 3430.5368s
	iters: 4200, epoch: 6 | loss: 1.5555302
	speed: 0.0814s/iter; left time: 3421.9953s
	iters: 4300, epoch: 6 | loss: 1.5228242
	speed: 0.0814s/iter; left time: 3412.2262s
	iters: 4400, epoch: 6 | loss: 1.5746611
	speed: 0.0816s/iter; left time: 3415.3887s
	iters: 4500, epoch: 6 | loss: 1.6893923
	speed: 0.0814s/iter; left time: 3395.8663s
	iters: 4600, epoch: 6 | loss: 1.4969034
	speed: 0.0813s/iter; left time: 3383.9967s
	iters: 4700, epoch: 6 | loss: 1.4376467
	speed: 0.0813s/iter; left time: 3377.8720s
	iters: 4800, epoch: 6 | loss: 1.4722633
	speed: 0.0815s/iter; left time: 3376.6778s
	iters: 4900, epoch: 6 | loss: 1.6457058
	speed: 0.0812s/iter; left time: 3357.3113s
	iters: 5000, epoch: 6 | loss: 1.7431856
	speed: 0.0812s/iter; left time: 3349.1944s
	iters: 5100, epoch: 6 | loss: 1.5832732
	speed: 0.0812s/iter; left time: 3342.2056s
	iters: 5200, epoch: 6 | loss: 1.6686648
	speed: 0.0812s/iter; left time: 3331.3835s
	iters: 5300, epoch: 6 | loss: 1.5342883
	speed: 0.0813s/iter; left time: 3330.3541s
	iters: 5400, epoch: 6 | loss: 1.5866135
	speed: 0.0805s/iter; left time: 3286.8963s
	iters: 5500, epoch: 6 | loss: 1.4603933
	speed: 0.0801s/iter; left time: 3263.9315s
	iters: 5600, epoch: 6 | loss: 1.5763322
	speed: 0.0801s/iter; left time: 3253.9625s
	iters: 5700, epoch: 6 | loss: 1.5022312
	speed: 0.0802s/iter; left time: 3252.0333s
	iters: 5800, epoch: 6 | loss: 1.4776452
	speed: 0.0802s/iter; left time: 3245.3835s
	iters: 5900, epoch: 6 | loss: 1.4456972
	speed: 0.0802s/iter; left time: 3236.5588s
	iters: 6000, epoch: 6 | loss: 1.5511566
	speed: 0.0803s/iter; left time: 3232.0993s
	iters: 6100, epoch: 6 | loss: 1.5380821
	speed: 0.0802s/iter; left time: 3219.4074s
	iters: 6200, epoch: 6 | loss: 1.7067891
	speed: 0.0804s/iter; left time: 3219.0586s
	iters: 6300, epoch: 6 | loss: 1.6333200
	speed: 0.0802s/iter; left time: 3203.3958s
	iters: 6400, epoch: 6 | loss: 1.6450822
	speed: 0.0802s/iter; left time: 3195.5161s
	iters: 6500, epoch: 6 | loss: 1.7450622
	speed: 0.0802s/iter; left time: 3186.9766s
	iters: 6600, epoch: 6 | loss: 1.4936384
	speed: 0.0804s/iter; left time: 3186.1309s
	iters: 6700, epoch: 6 | loss: 1.4871539
	speed: 0.0814s/iter; left time: 3219.7595s
	iters: 6800, epoch: 6 | loss: 1.5823076
	speed: 0.0815s/iter; left time: 3213.9424s
	iters: 6900, epoch: 6 | loss: 1.3058125
	speed: 0.0815s/iter; left time: 3205.0560s
	iters: 7000, epoch: 6 | loss: 1.4676015
	speed: 0.0815s/iter; left time: 3197.4659s
	iters: 7100, epoch: 6 | loss: 1.6018258
	speed: 0.0817s/iter; left time: 3199.0808s
	iters: 7200, epoch: 6 | loss: 1.4915823
	speed: 0.0814s/iter; left time: 3179.3369s
	iters: 7300, epoch: 6 | loss: 1.6266479
	speed: 0.0814s/iter; left time: 3171.6350s
	iters: 7400, epoch: 6 | loss: 1.6051565
	speed: 0.0814s/iter; left time: 3163.4226s
	iters: 7500, epoch: 6 | loss: 1.6288794
	speed: 0.0814s/iter; left time: 3155.1845s
	iters: 7600, epoch: 6 | loss: 1.6393467
	speed: 0.0817s/iter; left time: 3155.2367s
	iters: 7700, epoch: 6 | loss: 1.8047241
	speed: 0.0814s/iter; left time: 3139.1335s
	iters: 7800, epoch: 6 | loss: 1.5845808
	speed: 0.0815s/iter; left time: 3131.8400s
	iters: 7900, epoch: 6 | loss: 1.4846952
	speed: 0.0815s/iter; left time: 3125.7719s
	iters: 8000, epoch: 6 | loss: 1.5420997
	speed: 0.0815s/iter; left time: 3115.7623s
	iters: 8100, epoch: 6 | loss: 1.7273642
	speed: 0.0816s/iter; left time: 3112.0574s
	iters: 8200, epoch: 6 | loss: 1.4735799
	speed: 0.0815s/iter; left time: 3099.9265s
	iters: 8300, epoch: 6 | loss: 1.4702709
	speed: 0.0816s/iter; left time: 3095.4272s
	iters: 8400, epoch: 6 | loss: 1.5184851
	speed: 0.0815s/iter; left time: 3084.8947s
	iters: 8500, epoch: 6 | loss: 1.4644680
	speed: 0.0818s/iter; left time: 3089.0393s
	iters: 8600, epoch: 6 | loss: 1.4846603
	speed: 0.0816s/iter; left time: 3072.9533s
	iters: 8700, epoch: 6 | loss: 1.7324696
	speed: 0.0818s/iter; left time: 3071.6299s
	iters: 8800, epoch: 6 | loss: 1.4086189
	speed: 0.0816s/iter; left time: 3054.6211s
	iters: 8900, epoch: 6 | loss: 1.4234252
	speed: 0.0815s/iter; left time: 3044.7866s
	iters: 9000, epoch: 6 | loss: 1.3922497
	speed: 0.0816s/iter; left time: 3038.7407s
	iters: 9100, epoch: 6 | loss: 1.5007629
	speed: 0.0818s/iter; left time: 3036.5882s
	iters: 9200, epoch: 6 | loss: 1.5856832
	speed: 0.0820s/iter; left time: 3037.2998s
Epoch: 6 cost time: 751.0091364383698
Epoch: 6, Steps: 9248 | Train Loss: 1.5518174 Vali Loss: 1.7442034 Test Loss: 5.4536324
EarlyStopping counter: 2 out of 3
Updating learning rate to 3.125e-05
	iters: 100, epoch: 7 | loss: 1.5284239
	speed: 3.8691s/iter; left time: 142743.2020s
	iters: 200, epoch: 7 | loss: 1.4894189
	speed: 0.0827s/iter; left time: 3043.5830s
	iters: 300, epoch: 7 | loss: 1.3765916
	speed: 0.0825s/iter; left time: 3028.2499s
	iters: 400, epoch: 7 | loss: 1.4483531
	speed: 0.0824s/iter; left time: 3015.7127s
	iters: 500, epoch: 7 | loss: 1.5904584
	speed: 0.0827s/iter; left time: 3017.3687s
	iters: 600, epoch: 7 | loss: 1.6901586
	speed: 0.0825s/iter; left time: 3001.1293s
	iters: 700, epoch: 7 | loss: 1.6620922
	speed: 0.0828s/iter; left time: 3005.2213s
	iters: 800, epoch: 7 | loss: 1.6637212
	speed: 0.0827s/iter; left time: 2992.3385s
	iters: 900, epoch: 7 | loss: 1.4843084
	speed: 0.0823s/iter; left time: 2970.1816s
	iters: 1000, epoch: 7 | loss: 1.6492903
	speed: 0.0823s/iter; left time: 2961.8988s
	iters: 1100, epoch: 7 | loss: 1.6616831
	speed: 0.0824s/iter; left time: 2957.6663s
	iters: 1200, epoch: 7 | loss: 1.3700798
	speed: 0.0824s/iter; left time: 2949.0275s
	iters: 1300, epoch: 7 | loss: 1.4407662
	speed: 0.0823s/iter; left time: 2938.9899s
	iters: 1400, epoch: 7 | loss: 1.5108812
	speed: 0.0823s/iter; left time: 2927.9322s
	iters: 1500, epoch: 7 | loss: 1.5522829
	speed: 0.0821s/iter; left time: 2913.4101s
	iters: 1600, epoch: 7 | loss: 1.6493039
	speed: 0.0821s/iter; left time: 2906.7586s
	iters: 1700, epoch: 7 | loss: 1.7006731
	speed: 0.0821s/iter; left time: 2898.6283s
	iters: 1800, epoch: 7 | loss: 1.7400305
	speed: 0.0825s/iter; left time: 2904.2908s
	iters: 1900, epoch: 7 | loss: 1.5920975
	speed: 0.0821s/iter; left time: 2882.4515s
	iters: 2000, epoch: 7 | loss: 1.5883874
	speed: 0.0822s/iter; left time: 2877.3408s
	iters: 2100, epoch: 7 | loss: 1.7301927
	speed: 0.0824s/iter; left time: 2875.2665s
	iters: 2200, epoch: 7 | loss: 1.5061588
	speed: 0.0830s/iter; left time: 2887.0479s
	iters: 2300, epoch: 7 | loss: 1.4820589
	speed: 0.0829s/iter; left time: 2875.4609s
	iters: 2400, epoch: 7 | loss: 1.6496499
	speed: 0.0829s/iter; left time: 2869.2622s
	iters: 2500, epoch: 7 | loss: 1.4666133
	speed: 0.0830s/iter; left time: 2862.5775s
	iters: 2600, epoch: 7 | loss: 1.5326805
	speed: 0.0828s/iter; left time: 2848.9489s
	iters: 2700, epoch: 7 | loss: 1.8166010
	speed: 0.0830s/iter; left time: 2845.2763s
	iters: 2800, epoch: 7 | loss: 1.2373352
	speed: 0.0828s/iter; left time: 2831.9566s
	iters: 2900, epoch: 7 | loss: 1.4271076
	speed: 0.0829s/iter; left time: 2825.9282s
	iters: 3000, epoch: 7 | loss: 1.5334698
	speed: 0.0829s/iter; left time: 2819.1559s
	iters: 3100, epoch: 7 | loss: 1.3823583
	speed: 0.0833s/iter; left time: 2822.0475s
	iters: 3200, epoch: 7 | loss: 1.4606006
	speed: 0.0835s/iter; left time: 2820.6301s
	iters: 3300, epoch: 7 | loss: 1.4956871
	speed: 0.0837s/iter; left time: 2818.8764s
	iters: 3400, epoch: 7 | loss: 1.4788368
	speed: 0.0840s/iter; left time: 2820.4356s
	iters: 3500, epoch: 7 | loss: 1.7483337
	speed: 0.0838s/iter; left time: 2805.1715s
	iters: 3600, epoch: 7 | loss: 1.5047019
	speed: 0.0836s/iter; left time: 2791.8839s
	iters: 3700, epoch: 7 | loss: 1.3549875
	speed: 0.0830s/iter; left time: 2762.5580s
	iters: 3800, epoch: 7 | loss: 1.3326536
	speed: 0.0831s/iter; left time: 2757.1728s
	iters: 3900, epoch: 7 | loss: 1.3687869
	speed: 0.0832s/iter; left time: 2753.0388s
	iters: 4000, epoch: 7 | loss: 1.5158914
	speed: 0.0831s/iter; left time: 2743.1871s
	iters: 4100, epoch: 7 | loss: 1.4461236
	speed: 0.0833s/iter; left time: 2738.5679s
	iters: 4200, epoch: 7 | loss: 1.4978015
	speed: 0.0831s/iter; left time: 2725.6597s
	iters: 4300, epoch: 7 | loss: 1.6025404
	speed: 0.0831s/iter; left time: 2717.8025s
	iters: 4400, epoch: 7 | loss: 1.7910914
	speed: 0.0831s/iter; left time: 2710.0762s
	iters: 4500, epoch: 7 | loss: 1.4648304
	speed: 0.0833s/iter; left time: 2707.8722s
	iters: 4600, epoch: 7 | loss: 1.5618792
	speed: 0.0829s/iter; left time: 2684.6039s
	iters: 4700, epoch: 7 | loss: 1.5458164
	speed: 0.0829s/iter; left time: 2678.3601s
	iters: 4800, epoch: 7 | loss: 1.3821595
	speed: 0.0833s/iter; left time: 2681.0236s
	iters: 4900, epoch: 7 | loss: 1.7555089
	speed: 0.0832s/iter; left time: 2670.8495s
	iters: 5000, epoch: 7 | loss: 1.5421288
	speed: 0.0833s/iter; left time: 2664.7542s
	iters: 5100, epoch: 7 | loss: 1.2857900
	speed: 0.0830s/iter; left time: 2648.6360s
	iters: 5200, epoch: 7 | loss: 1.6747355
	speed: 0.0825s/iter; left time: 2622.5881s
	iters: 5300, epoch: 7 | loss: 1.5043013
	speed: 0.0824s/iter; left time: 2612.2453s
	iters: 5400, epoch: 7 | loss: 1.1585416
	speed: 0.0826s/iter; left time: 2609.4293s
	iters: 5500, epoch: 7 | loss: 1.4264609
	speed: 0.0825s/iter; left time: 2596.8689s
	iters: 5600, epoch: 7 | loss: 1.6785581
	speed: 0.0825s/iter; left time: 2590.8716s
	iters: 5700, epoch: 7 | loss: 1.4815730
	speed: 0.0825s/iter; left time: 2581.6386s
	iters: 5800, epoch: 7 | loss: 1.6435647
	speed: 0.0825s/iter; left time: 2572.2796s
	iters: 5900, epoch: 7 | loss: 1.5443717
	speed: 0.0827s/iter; left time: 2570.1701s
	iters: 6000, epoch: 7 | loss: 1.5920419
	speed: 0.0824s/iter; left time: 2554.6739s
	iters: 6100, epoch: 7 | loss: 1.5331674
	speed: 0.0825s/iter; left time: 2547.3212s
	iters: 6200, epoch: 7 | loss: 1.5749300
	speed: 0.0824s/iter; left time: 2538.3301s
	iters: 6300, epoch: 7 | loss: 1.6405843
	speed: 0.0826s/iter; left time: 2536.1894s
	iters: 6400, epoch: 7 | loss: 1.7272421
	speed: 0.0824s/iter; left time: 2519.6563s
	iters: 6500, epoch: 7 | loss: 1.4959483
	speed: 0.0824s/iter; left time: 2511.1749s
	iters: 6600, epoch: 7 | loss: 1.4428226
	speed: 0.0824s/iter; left time: 2505.0899s
	iters: 6700, epoch: 7 | loss: 1.7378849
	speed: 0.0823s/iter; left time: 2494.3853s
	iters: 6800, epoch: 7 | loss: 1.5419339
	speed: 0.0825s/iter; left time: 2489.7439s
	iters: 6900, epoch: 7 | loss: 1.3243710
	speed: 0.0823s/iter; left time: 2477.3931s
	iters: 7000, epoch: 7 | loss: 1.5420340
	speed: 0.0823s/iter; left time: 2468.9849s
	iters: 7100, epoch: 7 | loss: 1.6955098
	speed: 0.0823s/iter; left time: 2460.9025s
	iters: 7200, epoch: 7 | loss: 1.6491246
	speed: 0.0824s/iter; left time: 2455.8337s
	iters: 7300, epoch: 7 | loss: 1.6330798
	speed: 0.0823s/iter; left time: 2444.3971s
	iters: 7400, epoch: 7 | loss: 1.7224444
	speed: 0.0823s/iter; left time: 2435.6347s
	iters: 7500, epoch: 7 | loss: 1.7023662
	speed: 0.0823s/iter; left time: 2426.8976s
	iters: 7600, epoch: 7 | loss: 1.5593430
	speed: 0.0823s/iter; left time: 2418.5999s
	iters: 7700, epoch: 7 | loss: 1.7245020
	speed: 0.0826s/iter; left time: 2418.5525s
	iters: 7800, epoch: 7 | loss: 1.4549706
	speed: 0.0823s/iter; left time: 2401.6810s
	iters: 7900, epoch: 7 | loss: 1.5294385
	speed: 0.0823s/iter; left time: 2393.6335s
	iters: 8000, epoch: 7 | loss: 1.5108986
	speed: 0.0823s/iter; left time: 2385.8272s
	iters: 8100, epoch: 7 | loss: 1.6533146
	speed: 0.0823s/iter; left time: 2376.8613s
	iters: 8200, epoch: 7 | loss: 1.7829893
	speed: 0.0824s/iter; left time: 2372.1569s
	iters: 8300, epoch: 7 | loss: 1.4533485
	speed: 0.0823s/iter; left time: 2360.1661s
	iters: 8400, epoch: 7 | loss: 1.6129558
	speed: 0.0822s/iter; left time: 2351.3768s
	iters: 8500, epoch: 7 | loss: 1.6481130
	speed: 0.0822s/iter; left time: 2343.1826s
	iters: 8600, epoch: 7 | loss: 1.3472475
	speed: 0.0824s/iter; left time: 2339.0639s
	iters: 8700, epoch: 7 | loss: 1.6651641
	speed: 0.0822s/iter; left time: 2326.6959s
	iters: 8800, epoch: 7 | loss: 1.4527882
	speed: 0.0823s/iter; left time: 2318.9045s
	iters: 8900, epoch: 7 | loss: 1.4751976
	speed: 0.0822s/iter; left time: 2310.1196s
	iters: 9000, epoch: 7 | loss: 1.5070190
	speed: 0.0825s/iter; left time: 2309.3592s
	iters: 9100, epoch: 7 | loss: 1.4937849
	speed: 0.0827s/iter; left time: 2307.2454s
	iters: 9200, epoch: 7 | loss: 1.4519960
	speed: 0.0822s/iter; left time: 2284.0646s
Epoch: 7 cost time: 764.8106677532196
Epoch: 7, Steps: 9248 | Train Loss: 1.5518047 Vali Loss: 1.7441344 Test Loss: 5.4528174
EarlyStopping counter: 3 out of 3
Early stopping
>>>>>>>testing : long_term_forecast_pems11_all_96_720_iTransformer_custom_ftM_sl96_ll48_pl720_dm512_nh8_el4_dl1_df512_fc3_ebtimeF_dtTrue_srate0.1_sseed7_trainseed2024_Exp_0<<<<<<<<<<<<<<<<<<<<<<<<<<<<<<<<<
test 347198
test shape: (34719, 1, 720, 521) (34719, 1, 720, 521)
test shape: (34719, 720, 521) (34719, 720, 521)
mse:5.4533233642578125, mae:1.00021493434906
>>>>>>>Overall time: 8916 seconds<<<<<<<<<<<<<<<<<<<<<<<<<<<<<<<<<
