Args in experiment:
Namespace(activation='gelu', anomaly_ratio=0.25, batch_size=4, c_out=1543, checkpoints='./checkpoints/', d_ff=512, d_layers=1, d_model=512, data='custom', data_path='pems12_all_common_flow.csv', dec_in=1543, des='Exp', devices='0,1,2,3', distil=True, dropout=0, e_layers=2, embed='timeF', enc_in=1543, factor=3, features='M', freq='h', gap_day=365, gpu=0, inverse=False, is_training=1, itr=1, label_len=48, learning_rate=0.0001, loss='MSE', lradj='type1', mask_rate=0.25, model='TimesNet', model_id='pems12_all_96_192', moving_avg=25, n_heads=8, num_kernels=6, num_workers=10, output_attention=False, p_hidden_dims=[128, 128], p_hidden_layers=2, patience=3, pred_len=192, root_path='../../data/pems/', samle_rate=0.1, sample_seed=7, seasonal_patterns='Monthly', seq_len=96, target='OT', task_name='long_term_forecast', top_k=5, train_epochs=2, train_seed=2024, use_amp=False, use_gpu=True, use_multi_gpu=False)
Use GPU: cuda:0
>>>>>>>start training : long_term_forecast_pems12_all_96_192_TimesNet_custom_ftM_sl96_ll48_pl192_dm512_nh8_el2_dl1_df512_fc3_ebtimeF_dtTrue_srate0.1_sseed7_trainseed2024_Exp_0>>>>>>>>>>>>>>>>>>>>>>>>>>
/local/spool/pbs/mom_priv/jobs/116485473.gadi-pbs.SC: line 58: --train_seed: command not found
Args in experiment:
Namespace(activation='gelu', anomaly_ratio=0.25, batch_size=4, c_out=1543, checkpoints='./checkpoints/', d_ff=512, d_layers=1, d_model=512, data='custom', data_path='pems12_all_common_flow.csv', dec_in=1543, des='Exp', devices='0,1,2,3', distil=True, dropout=0, e_layers=2, embed='timeF', enc_in=1543, factor=3, features='M', freq='h', gap_day=365, gpu=0, inverse=False, is_training=1, itr=1, label_len=48, learning_rate=0.0001, loss='MSE', lradj='type1', mask_rate=0.25, model='TimesNet', model_id='pems12_all_96_192', moving_avg=25, n_heads=8, num_kernels=6, num_workers=10, output_attention=False, p_hidden_dims=[128, 128], p_hidden_layers=2, patience=3, pred_len=192, root_path='../../data/pems/', samle_rate=0.1, sample_seed=7, seasonal_patterns='Monthly', seq_len=96, target='OT', task_name='long_term_forecast', top_k=5, train_epochs=2, train_seed=2024, use_amp=False, use_gpu=True, use_multi_gpu=False)
Use GPU: cuda:0
>>>>>>>start training : long_term_forecast_pems12_all_96_192_TimesNet_custom_ftM_sl96_ll48_pl192_dm512_nh8_el2_dl1_df512_fc3_ebtimeF_dtTrue_srate0.1_sseed7_trainseed2024_Exp_0>>>>>>>>>>>>>>>>>>>>>>>>>>
train 1529206
val 128206
Args in experiment:
Namespace(activation='gelu', anomaly_ratio=0.25, batch_size=4, c_out=1543, checkpoints='./checkpoints/', d_ff=512, d_layers=1, d_model=512, data='custom', data_path='pems12_all_common_flow.csv', dec_in=1543, des='Exp', device_ids=[0, 1, 2, 3], devices='0,1,2,3', distil=True, dropout=0, e_layers=2, embed='timeF', enc_in=1543, factor=3, features='M', freq='h', gap_day=365, gpu=0, inverse=False, is_training=1, itr=1, label_len=48, learning_rate=0.0001, loss='MSE', lradj='type1', mask_rate=0.25, model='TimesNet', model_id='pems12_all_96_192', moving_avg=25, n_heads=8, num_kernels=6, num_workers=10, output_attention=False, p_hidden_dims=[128, 128], p_hidden_layers=2, patience=3, pred_len=192, root_path='../../data/pems/', samle_rate=0.1, sample_seed=7, seasonal_patterns='Monthly', seq_len=96, target='OT', task_name='long_term_forecast', top_k=5, train_epochs=2, train_seed=2024, use_amp=False, use_gpu=True, use_multi_gpu=True)
Use GPU: cuda:0
>>>>>>>start training : long_term_forecast_pems12_all_96_192_TimesNet_custom_ftM_sl96_ll48_pl192_dm512_nh8_el2_dl1_df512_fc3_ebtimeF_dtTrue_srate0.1_sseed7_trainseed2024_Exp_0>>>>>>>>>>>>>>>>>>>>>>>>>>
train 1529206
val 128206
test 361721
	iters: 100, epoch: 1 | loss: 1.3874500
	speed: 0.7669s/iter; left time: 58560.0457s
	iters: 200, epoch: 1 | loss: 1.5767838
	speed: 0.6606s/iter; left time: 50380.5320s
	iters: 300, epoch: 1 | loss: 1.5286189
	speed: 0.6532s/iter; left time: 49744.5744s
	iters: 400, epoch: 1 | loss: 1.2923248
	speed: 0.6503s/iter; left time: 49465.0930s
	iters: 500, epoch: 1 | loss: 1.2880076
	speed: 0.6536s/iter; left time: 49649.2938s
	iters: 600, epoch: 1 | loss: 1.4654655
	speed: 0.6506s/iter; left time: 49358.7115s
	iters: 700, epoch: 1 | loss: 0.8074985
	speed: 0.6497s/iter; left time: 49222.1715s
	iters: 800, epoch: 1 | loss: 1.1706345
	speed: 0.6495s/iter; left time: 49145.4926s
	iters: 900, epoch: 1 | loss: 1.1317122
	speed: 0.6504s/iter; left time: 49145.9818s
	iters: 1000, epoch: 1 | loss: 0.9168058
	speed: 0.6496s/iter; left time: 49021.9294s
	iters: 1100, epoch: 1 | loss: 0.7595805
	speed: 0.6478s/iter; left time: 48820.2315s
	iters: 1200, epoch: 1 | loss: 0.8510641
	speed: 0.6468s/iter; left time: 48678.9293s
	iters: 1300, epoch: 1 | loss: 0.9817894
	speed: 0.6469s/iter; left time: 48623.2035s
	iters: 1400, epoch: 1 | loss: 1.0204146
	speed: 0.6493s/iter; left time: 48738.1773s
	iters: 1500, epoch: 1 | loss: 1.0673742
	speed: 0.6473s/iter; left time: 48521.9111s
	iters: 1600, epoch: 1 | loss: 1.0568005
	speed: 0.6470s/iter; left time: 48431.8174s
	iters: 1700, epoch: 1 | loss: 1.3330828
	speed: 0.6463s/iter; left time: 48317.7772s
	iters: 1800, epoch: 1 | loss: 0.7216103
	speed: 0.6467s/iter; left time: 48285.7642s
	iters: 1900, epoch: 1 | loss: 0.6967474
	speed: 0.6467s/iter; left time: 48218.1423s
	iters: 2000, epoch: 1 | loss: 0.8324616
	speed: 0.6530s/iter; left time: 48619.8699s
	iters: 2100, epoch: 1 | loss: 1.0163693
	speed: 0.6510s/iter; left time: 48410.0970s
	iters: 2200, epoch: 1 | loss: 0.7888904
	speed: 0.6512s/iter; left time: 48358.1822s
	iters: 2300, epoch: 1 | loss: 0.6306620
	speed: 0.6503s/iter; left time: 48228.7911s
	iters: 2400, epoch: 1 | loss: 1.0050956
	speed: 0.6507s/iter; left time: 48189.1657s
	iters: 2500, epoch: 1 | loss: 0.7734508
	speed: 0.6475s/iter; left time: 47891.0415s
	iters: 2600, epoch: 1 | loss: 0.6223459
	speed: 0.6515s/iter; left time: 48118.2463s
	iters: 2700, epoch: 1 | loss: 0.7033085
	speed: 0.6526s/iter; left time: 48135.9105s
	iters: 2800, epoch: 1 | loss: 0.8522899
	speed: 0.6519s/iter; left time: 48022.1029s
	iters: 2900, epoch: 1 | loss: 0.9468261
	speed: 0.6528s/iter; left time: 48019.6342s
	iters: 3000, epoch: 1 | loss: 0.8933817
	speed: 0.6507s/iter; left time: 47798.9911s
	iters: 3100, epoch: 1 | loss: 0.6370227
	speed: 0.6520s/iter; left time: 47834.5959s
	iters: 3200, epoch: 1 | loss: 0.8970900
	speed: 0.6509s/iter; left time: 47687.7577s
	iters: 3300, epoch: 1 | loss: 0.6746255
	speed: 0.6510s/iter; left time: 47624.6023s
	iters: 3400, epoch: 1 | loss: 0.6688205
	speed: 0.6521s/iter; left time: 47640.6508s
	iters: 3500, epoch: 1 | loss: 0.7111492
	speed: 0.6506s/iter; left time: 47471.5372s
	iters: 3600, epoch: 1 | loss: 0.7262546
	speed: 0.6504s/iter; left time: 47387.0961s
	iters: 3700, epoch: 1 | loss: 0.9505045
	speed: 0.6511s/iter; left time: 47372.5833s
	iters: 3800, epoch: 1 | loss: 0.6492237
	speed: 0.6484s/iter; left time: 47114.5671s
	iters: 3900, epoch: 1 | loss: 0.7360425
	speed: 0.6508s/iter; left time: 47221.9870s
	iters: 4000, epoch: 1 | loss: 0.9390453
	speed: 0.6527s/iter; left time: 47298.4192s
	iters: 4100, epoch: 1 | loss: 0.6180110
	speed: 0.6522s/iter; left time: 47192.0555s
	iters: 4200, epoch: 1 | loss: 0.8989019
	speed: 0.6491s/iter; left time: 46902.6296s
	iters: 4300, epoch: 1 | loss: 0.6562923
	speed: 0.6501s/iter; left time: 46910.2955s
	iters: 4400, epoch: 1 | loss: 0.8223822
	speed: 0.6523s/iter; left time: 47002.6725s
	iters: 4500, epoch: 1 | loss: 0.6099636
	speed: 0.6549s/iter; left time: 47128.1747s
	iters: 4600, epoch: 1 | loss: 1.2385647
	speed: 0.6535s/iter; left time: 46960.5326s
	iters: 4700, epoch: 1 | loss: 0.8634983
	speed: 0.6522s/iter; left time: 46799.3339s
	iters: 4800, epoch: 1 | loss: 0.9566733
	speed: 0.6542s/iter; left time: 46881.6392s
	iters: 4900, epoch: 1 | loss: 0.6256989
	speed: 0.6535s/iter; left time: 46766.6012s
	iters: 5000, epoch: 1 | loss: 1.0270880
	speed: 0.6531s/iter; left time: 46672.2182s
	iters: 5100, epoch: 1 | loss: 0.7894045
	speed: 0.6525s/iter; left time: 46562.5099s
	iters: 5200, epoch: 1 | loss: 0.9246745
	speed: 0.6519s/iter; left time: 46455.8446s
	iters: 5300, epoch: 1 | loss: 0.6761415
	speed: 0.6532s/iter; left time: 46482.1991s
	iters: 5400, epoch: 1 | loss: 0.6626951
	speed: 0.6546s/iter; left time: 46519.0903s
	iters: 5500, epoch: 1 | loss: 0.7340716
	speed: 0.6508s/iter; left time: 46183.8807s
	iters: 5600, epoch: 1 | loss: 0.6068804
	speed: 0.6511s/iter; left time: 46137.6379s
	iters: 5700, epoch: 1 | loss: 0.7483824
	speed: 0.6527s/iter; left time: 46184.1902s
	iters: 5800, epoch: 1 | loss: 0.7496698
	speed: 0.6524s/iter; left time: 46097.8696s
	iters: 5900, epoch: 1 | loss: 0.5868067
	speed: 0.6496s/iter; left time: 45834.9348s
	iters: 6000, epoch: 1 | loss: 0.8393325
	speed: 0.6522s/iter; left time: 45955.4439s
	iters: 6100, epoch: 1 | loss: 0.8526496
	speed: 0.6524s/iter; left time: 45905.3062s
	iters: 6200, epoch: 1 | loss: 0.7896414
	speed: 0.6535s/iter; left time: 45918.3645s
	iters: 6300, epoch: 1 | loss: 0.7130508
	speed: 0.6513s/iter; left time: 45698.6708s
	iters: 6400, epoch: 1 | loss: 0.5353871
	speed: 0.6502s/iter; left time: 45553.8025s
	iters: 6500, epoch: 1 | loss: 0.7900585
	speed: 0.6516s/iter; left time: 45585.8571s
	iters: 6600, epoch: 1 | loss: 0.7619786
	speed: 0.6508s/iter; left time: 45462.9725s
	iters: 6700, epoch: 1 | loss: 0.6448836
	speed: 0.6504s/iter; left time: 45370.3431s
	iters: 6800, epoch: 1 | loss: 0.7849517
	speed: 0.6511s/iter; left time: 45354.3244s
	iters: 6900, epoch: 1 | loss: 0.6887026
	speed: 0.6494s/iter; left time: 45174.9265s
	iters: 7000, epoch: 1 | loss: 0.7176028
	speed: 0.6494s/iter; left time: 45107.8863s
	iters: 7100, epoch: 1 | loss: 0.5483621
	speed: 0.6499s/iter; left time: 45078.9166s
	iters: 7200, epoch: 1 | loss: 0.6897813
	speed: 0.6517s/iter; left time: 45138.9742s
	iters: 7300, epoch: 1 | loss: 0.6741344
	speed: 0.6518s/iter; left time: 45077.9907s
	iters: 7400, epoch: 1 | loss: 0.6750317
	speed: 0.6533s/iter; left time: 45117.1926s
	iters: 7500, epoch: 1 | loss: 0.5661468
	speed: 0.6509s/iter; left time: 44884.0086s
	iters: 7600, epoch: 1 | loss: 0.8916353
	speed: 0.6491s/iter; left time: 44697.5573s
	iters: 7700, epoch: 1 | loss: 0.6027187
	speed: 0.6551s/iter; left time: 45043.9404s
	iters: 7800, epoch: 1 | loss: 0.5979655
	speed: 0.6531s/iter; left time: 44844.0141s
	iters: 7900, epoch: 1 | loss: 0.7307352
	speed: 0.6554s/iter; left time: 44933.2201s
	iters: 8000, epoch: 1 | loss: 0.6107824
	speed: 0.6556s/iter; left time: 44885.5628s
	iters: 8100, epoch: 1 | loss: 0.8742911
	speed: 0.6576s/iter; left time: 44953.7431s
	iters: 8200, epoch: 1 | loss: 0.5901182
	speed: 0.6560s/iter; left time: 44781.1702s
	iters: 8300, epoch: 1 | loss: 0.7823567
	speed: 0.6537s/iter; left time: 44560.1276s
	iters: 8400, epoch: 1 | loss: 0.8218468
	speed: 0.6533s/iter; left time: 44462.6738s
	iters: 8500, epoch: 1 | loss: 0.7260796
	speed: 0.6561s/iter; left time: 44589.8945s
	iters: 8600, epoch: 1 | loss: 0.8787107
	speed: 0.6569s/iter; left time: 44575.7109s
	iters: 8700, epoch: 1 | loss: 0.8409294
	speed: 0.6541s/iter; left time: 44324.1917s
	iters: 8800, epoch: 1 | loss: 0.5721757
	speed: 0.6552s/iter; left time: 44330.7542s
	iters: 8900, epoch: 1 | loss: 0.7802271
	speed: 0.6580s/iter; left time: 44457.8748s
	iters: 9000, epoch: 1 | loss: 0.6353340
	speed: 0.6555s/iter; left time: 44221.1940s
	iters: 9100, epoch: 1 | loss: 0.6452829
	speed: 0.6535s/iter; left time: 44022.0598s
	iters: 9200, epoch: 1 | loss: 0.7772322
	speed: 0.6534s/iter; left time: 43950.2893s
	iters: 9300, epoch: 1 | loss: 0.8740816
	speed: 0.6549s/iter; left time: 43982.2914s
	iters: 9400, epoch: 1 | loss: 0.7523568
	speed: 0.6521s/iter; left time: 43730.3408s
	iters: 9500, epoch: 1 | loss: 0.5679540
	speed: 0.6503s/iter; left time: 43543.3363s
	iters: 9600, epoch: 1 | loss: 0.6123881
	speed: 0.6493s/iter; left time: 43410.3889s
	iters: 9700, epoch: 1 | loss: 0.7373042
	speed: 0.6497s/iter; left time: 43372.5546s
	iters: 9800, epoch: 1 | loss: 0.6533637
	speed: 0.6484s/iter; left time: 43225.6921s
	iters: 9900, epoch: 1 | loss: 0.6871607
	speed: 0.6498s/iter; left time: 43252.9341s
	iters: 10000, epoch: 1 | loss: 0.5690646
	speed: 0.6491s/iter; left time: 43138.1185s
	iters: 10100, epoch: 1 | loss: 0.9261319
	speed: 0.6501s/iter; left time: 43138.1305s
	iters: 10200, epoch: 1 | loss: 0.5489649
	speed: 0.6492s/iter; left time: 43013.6564s
	iters: 10300, epoch: 1 | loss: 0.6621724
	speed: 0.6498s/iter; left time: 42993.4642s
	iters: 10400, epoch: 1 | loss: 0.5560231
	speed: 0.6545s/iter; left time: 43238.7531s
	iters: 10500, epoch: 1 | loss: 0.4997387
	speed: 0.6542s/iter; left time: 43151.2330s
	iters: 10600, epoch: 1 | loss: 1.0223135
	speed: 0.6555s/iter; left time: 43172.7224s
	iters: 10700, epoch: 1 | loss: 0.7179094
	speed: 0.6533s/iter; left time: 42961.9905s
	iters: 10800, epoch: 1 | loss: 0.6241819
	speed: 0.6566s/iter; left time: 43115.2496s
	iters: 10900, epoch: 1 | loss: 0.6460345
	speed: 0.6526s/iter; left time: 42784.0893s
	iters: 11000, epoch: 1 | loss: 0.8704513
	speed: 0.6545s/iter; left time: 42845.4139s
	iters: 11100, epoch: 1 | loss: 0.5535656
	speed: 0.6511s/iter; left time: 42557.0661s
	iters: 11200, epoch: 1 | loss: 0.6838537
	speed: 0.6507s/iter; left time: 42468.5365s
	iters: 11300, epoch: 1 | loss: 0.5931464
	speed: 0.6522s/iter; left time: 42494.9119s
	iters: 11400, epoch: 1 | loss: 0.6286076
	speed: 0.6531s/iter; left time: 42494.1115s
	iters: 11500, epoch: 1 | loss: 0.5495680
	speed: 0.6533s/iter; left time: 42437.4370s
	iters: 11600, epoch: 1 | loss: 0.3923859
	speed: 0.6542s/iter; left time: 42432.7046s
	iters: 11700, epoch: 1 | loss: 0.8780580
	speed: 0.6534s/iter; left time: 42312.4897s
	iters: 11800, epoch: 1 | loss: 1.0780673
	speed: 0.6545s/iter; left time: 42319.4908s
	iters: 11900, epoch: 1 | loss: 0.6756483
	speed: 0.6541s/iter; left time: 42231.0967s
	iters: 12000, epoch: 1 | loss: 0.4741173
	speed: 0.6566s/iter; left time: 42328.0142s
	iters: 12100, epoch: 1 | loss: 0.6233976
	speed: 0.6572s/iter; left time: 42294.9609s
	iters: 12200, epoch: 1 | loss: 0.7187024
	speed: 0.6538s/iter; left time: 42014.8601s
	iters: 12300, epoch: 1 | loss: 0.4871241
	speed: 0.6548s/iter; left time: 42013.5581s
	iters: 12400, epoch: 1 | loss: 0.6428723
	speed: 0.6554s/iter; left time: 41985.0688s
	iters: 12500, epoch: 1 | loss: 0.5882681
	speed: 0.6545s/iter; left time: 41864.7592s
	iters: 12600, epoch: 1 | loss: 0.7572178
	speed: 0.6530s/iter; left time: 41700.8919s
	iters: 12700, epoch: 1 | loss: 0.6720686
	speed: 0.6509s/iter; left time: 41499.5077s
	iters: 12800, epoch: 1 | loss: 0.7141177
	speed: 0.6536s/iter; left time: 41610.0319s
	iters: 12900, epoch: 1 | loss: 0.4500810
	speed: 0.6530s/iter; left time: 41502.5323s
	iters: 13000, epoch: 1 | loss: 0.5416452
	speed: 0.6536s/iter; left time: 41481.2055s
	iters: 13100, epoch: 1 | loss: 0.6643830
	speed: 0.6545s/iter; left time: 41470.9725s
	iters: 13200, epoch: 1 | loss: 0.4971181
	speed: 0.6549s/iter; left time: 41426.9747s
	iters: 13300, epoch: 1 | loss: 0.5573752
	speed: 0.6536s/iter; left time: 41283.2580s
	iters: 13400, epoch: 1 | loss: 0.6534261
	speed: 0.6525s/iter; left time: 41146.5401s
	iters: 13500, epoch: 1 | loss: 0.5667962
	speed: 0.6522s/iter; left time: 41061.7206s
	iters: 13600, epoch: 1 | loss: 0.5262103
	speed: 0.6488s/iter; left time: 40785.9115s
	iters: 13700, epoch: 1 | loss: 0.6087120
	speed: 0.6492s/iter; left time: 40746.2473s
	iters: 13800, epoch: 1 | loss: 0.5452009
	speed: 0.6496s/iter; left time: 40706.0176s
	iters: 13900, epoch: 1 | loss: 0.5021643
	speed: 0.6495s/iter; left time: 40631.3347s
	iters: 14000, epoch: 1 | loss: 0.7186325
	speed: 0.6496s/iter; left time: 40574.1502s
	iters: 14100, epoch: 1 | loss: 0.4938549
	speed: 0.6494s/iter; left time: 40499.8231s
	iters: 14200, epoch: 1 | loss: 0.5609158
	speed: 0.6525s/iter; left time: 40624.6908s
	iters: 14300, epoch: 1 | loss: 0.5775615
	speed: 0.6493s/iter; left time: 40363.5456s
	iters: 14400, epoch: 1 | loss: 0.6235538
	speed: 0.6466s/iter; left time: 40126.5620s
	iters: 14500, epoch: 1 | loss: 1.3942323
	speed: 0.6483s/iter; left time: 40168.8800s
	iters: 14600, epoch: 1 | loss: 0.7116875
	speed: 0.6507s/iter; left time: 40252.7226s
	iters: 14700, epoch: 1 | loss: 0.5948523
	speed: 0.6516s/iter; left time: 40243.8532s
	iters: 14800, epoch: 1 | loss: 0.4946279
	speed: 0.6490s/iter; left time: 40019.7786s
	iters: 14900, epoch: 1 | loss: 0.3965405
	speed: 0.6512s/iter; left time: 40086.3857s
	iters: 15000, epoch: 1 | loss: 0.6383432
	speed: 0.6498s/iter; left time: 39938.9449s
	iters: 15100, epoch: 1 | loss: 0.7791439
	speed: 0.6490s/iter; left time: 39820.3769s
	iters: 15200, epoch: 1 | loss: 0.7052599
	speed: 0.6510s/iter; left time: 39881.5190s
	iters: 15300, epoch: 1 | loss: 0.5237929
	speed: 0.6509s/iter; left time: 39811.0142s
	iters: 15400, epoch: 1 | loss: 0.4873975
	speed: 0.6488s/iter; left time: 39617.4267s
	iters: 15500, epoch: 1 | loss: 0.6108255
	speed: 0.6503s/iter; left time: 39644.6888s
	iters: 15600, epoch: 1 | loss: 0.7671476
	speed: 0.6507s/iter; left time: 39600.3379s
	iters: 15700, epoch: 1 | loss: 0.8991978
	speed: 0.6514s/iter; left time: 39581.8256s
	iters: 15800, epoch: 1 | loss: 0.5291138
	speed: 0.6497s/iter; left time: 39409.5542s
	iters: 15900, epoch: 1 | loss: 0.7939926
	speed: 0.6492s/iter; left time: 39314.0159s
	iters: 16000, epoch: 1 | loss: 0.6011745
	speed: 0.6506s/iter; left time: 39334.3413s
	iters: 16100, epoch: 1 | loss: 0.5772541
	speed: 0.6497s/iter; left time: 39219.3971s
	iters: 16200, epoch: 1 | loss: 0.6536353
	speed: 0.6518s/iter; left time: 39277.7801s
	iters: 16300, epoch: 1 | loss: 0.7110954
	speed: 0.6508s/iter; left time: 39149.8805s
	iters: 16400, epoch: 1 | loss: 0.6788240
	speed: 0.6523s/iter; left time: 39177.9288s
	iters: 16500, epoch: 1 | loss: 0.5202280
	speed: 0.6516s/iter; left time: 39070.8054s
	iters: 16600, epoch: 1 | loss: 0.5894073
	speed: 0.6511s/iter; left time: 38977.4798s
	iters: 16700, epoch: 1 | loss: 0.5187272
	speed: 0.6489s/iter; left time: 38780.7342s
	iters: 16800, epoch: 1 | loss: 0.5882762
	speed: 0.6491s/iter; left time: 38726.3904s
	iters: 16900, epoch: 1 | loss: 1.0402501
	speed: 0.6507s/iter; left time: 38757.0217s
	iters: 17000, epoch: 1 | loss: 0.7596728
	speed: 0.6514s/iter; left time: 38732.0107s
	iters: 17100, epoch: 1 | loss: 0.4265266
	speed: 0.6484s/iter; left time: 38490.0594s
	iters: 17200, epoch: 1 | loss: 0.5062827
	speed: 0.6494s/iter; left time: 38486.6655s
	iters: 17300, epoch: 1 | loss: 0.5754183
	speed: 0.6499s/iter; left time: 38447.1728s
	iters: 17400, epoch: 1 | loss: 0.6930546
	speed: 0.6484s/iter; left time: 38295.0614s
	iters: 17500, epoch: 1 | loss: 0.3821039
	speed: 0.6506s/iter; left time: 38361.6342s
	iters: 17600, epoch: 1 | loss: 0.7814484
	speed: 0.6533s/iter; left time: 38452.5513s
	iters: 17700, epoch: 1 | loss: 0.5504859
	speed: 0.6510s/iter; left time: 38252.4167s
	iters: 17800, epoch: 1 | loss: 0.5411411
	speed: 0.6541s/iter; left time: 38368.4453s
	iters: 17900, epoch: 1 | loss: 0.4334303
	speed: 0.6518s/iter; left time: 38171.4485s
	iters: 18000, epoch: 1 | loss: 0.6206816
	speed: 0.6536s/iter; left time: 38207.6609s
	iters: 18100, epoch: 1 | loss: 0.7090378
	speed: 0.6562s/iter; left time: 38298.4926s
	iters: 18200, epoch: 1 | loss: 0.5651670
	speed: 0.6539s/iter; left time: 38097.3507s
	iters: 18300, epoch: 1 | loss: 0.5355083
	speed: 0.6521s/iter; left time: 37926.9717s
	iters: 18400, epoch: 1 | loss: 0.5395134
	speed: 0.6534s/iter; left time: 37936.0200s
	iters: 18500, epoch: 1 | loss: 0.3992208
	speed: 0.6518s/iter; left time: 37780.0928s
	iters: 18600, epoch: 1 | loss: 0.7470444
	speed: 0.6547s/iter; left time: 37882.7082s
	iters: 18700, epoch: 1 | loss: 0.6412668
	speed: 0.6516s/iter; left time: 37634.6887s
	iters: 18800, epoch: 1 | loss: 0.7024865
	speed: 0.6528s/iter; left time: 37641.8712s
	iters: 18900, epoch: 1 | loss: 0.5280436
	speed: 0.6473s/iter; left time: 37261.1356s
	iters: 19000, epoch: 1 | loss: 0.8500824
	speed: 0.6496s/iter; left time: 37326.5289s
	iters: 19100, epoch: 1 | loss: 0.4758969
	speed: 0.6520s/iter; left time: 37396.9663s
	iters: 19200, epoch: 1 | loss: 0.6446782
	speed: 0.6530s/iter; left time: 37393.7593s
	iters: 19300, epoch: 1 | loss: 0.6177694
	speed: 0.6542s/iter; left time: 37391.9667s
	iters: 19400, epoch: 1 | loss: 0.4343357
	speed: 0.6519s/iter; left time: 37195.2992s
	iters: 19500, epoch: 1 | loss: 0.5951118
	speed: 0.6534s/iter; left time: 37219.0404s
	iters: 19600, epoch: 1 | loss: 0.6971516
	speed: 0.6533s/iter; left time: 37147.7442s
	iters: 19700, epoch: 1 | loss: 0.5780065
	speed: 0.6526s/iter; left time: 37041.5004s
	iters: 19800, epoch: 1 | loss: 0.6291284
	speed: 0.6530s/iter; left time: 36999.0106s
	iters: 19900, epoch: 1 | loss: 0.4691319
	speed: 0.6531s/iter; left time: 36937.2423s
	iters: 20000, epoch: 1 | loss: 0.5711917
	speed: 0.6541s/iter; left time: 36932.1236s
	iters: 20100, epoch: 1 | loss: 0.5498722
	speed: 0.6496s/iter; left time: 36611.9561s
	iters: 20200, epoch: 1 | loss: 0.7987404
	speed: 0.6483s/iter; left time: 36476.6752s
	iters: 20300, epoch: 1 | loss: 0.5740272
	speed: 0.6490s/iter; left time: 36450.1545s
	iters: 20400, epoch: 1 | loss: 0.6386211
	speed: 0.6506s/iter; left time: 36472.8321s
	iters: 20500, epoch: 1 | loss: 0.7427328
	speed: 0.6502s/iter; left time: 36386.3635s
	iters: 20600, epoch: 1 | loss: 0.6282179
	speed: 0.6507s/iter; left time: 36349.7968s
	iters: 20700, epoch: 1 | loss: 0.6846705
	speed: 0.6494s/iter; left time: 36211.3419s
	iters: 20800, epoch: 1 | loss: 0.4446729
	speed: 0.6505s/iter; left time: 36209.1985s
	iters: 20900, epoch: 1 | loss: 0.3574531
	speed: 0.6503s/iter; left time: 36129.2477s
	iters: 21000, epoch: 1 | loss: 0.4921926
	speed: 0.6489s/iter; left time: 35987.6500s
	iters: 21100, epoch: 1 | loss: 0.9270886
	speed: 0.6483s/iter; left time: 35889.6794s
	iters: 21200, epoch: 1 | loss: 0.4316849
	speed: 0.6507s/iter; left time: 35957.1203s
	iters: 21300, epoch: 1 | loss: 0.5078999
	speed: 0.6488s/iter; left time: 35785.9319s
	iters: 21400, epoch: 1 | loss: 0.5339892
	speed: 0.6540s/iter; left time: 36008.6040s
	iters: 21500, epoch: 1 | loss: 0.6634967
	speed: 0.6480s/iter; left time: 35615.1790s
	iters: 21600, epoch: 1 | loss: 0.6601276
	speed: 0.6492s/iter; left time: 35618.3834s
	iters: 21700, epoch: 1 | loss: 0.5773951
	speed: 0.6511s/iter; left time: 35657.4211s
	iters: 21800, epoch: 1 | loss: 0.6986341
	speed: 0.6502s/iter; left time: 35538.9301s
	iters: 21900, epoch: 1 | loss: 0.4958384
	speed: 0.6537s/iter; left time: 35669.0472s
	iters: 22000, epoch: 1 | loss: 0.4168458
	speed: 0.6546s/iter; left time: 35647.7716s
	iters: 22100, epoch: 1 | loss: 0.5000466
	speed: 0.6537s/iter; left time: 35536.2582s
	iters: 22200, epoch: 1 | loss: 0.7152241
	speed: 0.6563s/iter; left time: 35611.8556s
	iters: 22300, epoch: 1 | loss: 0.5576139
	speed: 0.6538s/iter; left time: 35410.0390s
	iters: 22400, epoch: 1 | loss: 0.5973629
	speed: 0.6527s/iter; left time: 35288.0833s
	iters: 22500, epoch: 1 | loss: 0.7078130
	speed: 0.6536s/iter; left time: 35266.8113s
	iters: 22600, epoch: 1 | loss: 0.8252723
	speed: 0.6500s/iter; left time: 35008.3340s
	iters: 22700, epoch: 1 | loss: 0.7025734
	speed: 0.6490s/iter; left time: 34892.1880s
	iters: 22800, epoch: 1 | loss: 0.7831953
	speed: 0.6561s/iter; left time: 35205.0527s
	iters: 22900, epoch: 1 | loss: 0.5652180
	speed: 0.6507s/iter; left time: 34852.6916s
	iters: 23000, epoch: 1 | loss: 0.4860104
	speed: 0.6531s/iter; left time: 34913.9919s
	iters: 23100, epoch: 1 | loss: 0.5287681
	speed: 0.6529s/iter; left time: 34840.4007s
	iters: 23200, epoch: 1 | loss: 0.4032817
	speed: 0.6495s/iter; left time: 34593.8547s
	iters: 23300, epoch: 1 | loss: 0.4615388
	speed: 0.6471s/iter; left time: 34403.0706s
	iters: 23400, epoch: 1 | loss: 0.6577901
	speed: 0.6492s/iter; left time: 34445.7120s
	iters: 23500, epoch: 1 | loss: 0.5079473
	speed: 0.6491s/iter; left time: 34376.1915s
	iters: 23600, epoch: 1 | loss: 0.5624449
	speed: 0.6488s/iter; left time: 34297.8177s
	iters: 23700, epoch: 1 | loss: 0.4217926
	speed: 0.6519s/iter; left time: 34394.4633s
	iters: 23800, epoch: 1 | loss: 0.5789157
	speed: 0.6504s/iter; left time: 34250.1358s
	iters: 23900, epoch: 1 | loss: 0.5813705
	speed: 0.6491s/iter; left time: 34115.3593s
	iters: 24000, epoch: 1 | loss: 0.7047741
	speed: 0.6489s/iter; left time: 34041.7900s
	iters: 24100, epoch: 1 | loss: 0.6091484
	speed: 0.6496s/iter; left time: 34012.0825s
	iters: 24200, epoch: 1 | loss: 0.4718961
	speed: 0.6524s/iter; left time: 34095.2806s
	iters: 24300, epoch: 1 | loss: 0.4645842
	speed: 0.6489s/iter; left time: 33845.1669s
	iters: 24400, epoch: 1 | loss: 0.5938189
	speed: 0.6514s/iter; left time: 33912.7693s
	iters: 24500, epoch: 1 | loss: 0.5245107
	speed: 0.6498s/iter; left time: 33765.4767s
	iters: 24600, epoch: 1 | loss: 0.4543479
	speed: 0.6505s/iter; left time: 33735.4604s
	iters: 24700, epoch: 1 | loss: 0.6502554
	speed: 0.6537s/iter; left time: 33834.3604s
	iters: 24800, epoch: 1 | loss: 0.6631565
	speed: 0.6536s/iter; left time: 33763.8314s
	iters: 24900, epoch: 1 | loss: 0.5122619
	speed: 0.6491s/iter; left time: 33468.7081s
	iters: 25000, epoch: 1 | loss: 0.4722845
	speed: 0.6483s/iter; left time: 33363.1420s
	iters: 25100, epoch: 1 | loss: 0.5818405
	speed: 0.6491s/iter; left time: 33338.3291s
	iters: 25200, epoch: 1 | loss: 0.6574781
	speed: 0.6533s/iter; left time: 33489.3705s
	iters: 25300, epoch: 1 | loss: 0.7170674
	speed: 0.6492s/iter; left time: 33212.3414s
	iters: 25400, epoch: 1 | loss: 0.4457253
	speed: 0.6539s/iter; left time: 33388.6114s
	iters: 25500, epoch: 1 | loss: 0.6058400
	speed: 0.6512s/iter; left time: 33187.3738s
	iters: 25600, epoch: 1 | loss: 0.5851992
	speed: 0.6500s/iter; left time: 33061.9890s
	iters: 25700, epoch: 1 | loss: 0.7747601
	speed: 0.6522s/iter; left time: 33104.0398s
	iters: 25800, epoch: 1 | loss: 0.5981293
	speed: 0.6535s/iter; left time: 33105.2856s
	iters: 25900, epoch: 1 | loss: 0.5533179
	speed: 0.6506s/iter; left time: 32896.3445s
	iters: 26000, epoch: 1 | loss: 0.6315778
	speed: 0.6495s/iter; left time: 32772.3701s
	iters: 26100, epoch: 1 | loss: 0.7891709
	speed: 0.6478s/iter; left time: 32623.9630s
	iters: 26200, epoch: 1 | loss: 0.6831408
	speed: 0.6516s/iter; left time: 32751.6126s
	iters: 26300, epoch: 1 | loss: 0.5140668
	speed: 0.6475s/iter; left time: 32477.9637s
	iters: 26400, epoch: 1 | loss: 0.6811907
	speed: 0.6521s/iter; left time: 32642.7424s
	iters: 26500, epoch: 1 | loss: 0.5726986
	speed: 0.6435s/iter; left time: 32150.6441s
	iters: 26600, epoch: 1 | loss: 0.5593487
	speed: 0.6496s/iter; left time: 32390.2192s
	iters: 26700, epoch: 1 | loss: 0.3458791
	speed: 0.6476s/iter; left time: 32227.0785s
	iters: 26800, epoch: 1 | loss: 0.6455063
	speed: 0.6436s/iter; left time: 31963.7147s
	iters: 26900, epoch: 1 | loss: 0.3782139
	speed: 0.6472s/iter; left time: 32075.3363s
	iters: 27000, epoch: 1 | loss: 0.5949454
	speed: 0.6479s/iter; left time: 32046.3591s
	iters: 27100, epoch: 1 | loss: 0.4767544
	speed: 0.6468s/iter; left time: 31929.0719s
	iters: 27200, epoch: 1 | loss: 0.5237421
	speed: 0.6456s/iter; left time: 31805.0453s
	iters: 27300, epoch: 1 | loss: 0.6188803
	speed: 0.6435s/iter; left time: 31635.4097s
	iters: 27400, epoch: 1 | loss: 0.5209064
	speed: 0.6481s/iter; left time: 31794.8708s
	iters: 27500, epoch: 1 | loss: 0.5441944
	speed: 0.6487s/iter; left time: 31762.1464s
	iters: 27600, epoch: 1 | loss: 0.5223912
	speed: 0.6501s/iter; left time: 31763.7429s
	iters: 27700, epoch: 1 | loss: 0.6131024
	speed: 0.6504s/iter; left time: 31714.2259s
	iters: 27800, epoch: 1 | loss: 0.8431008
	speed: 0.6497s/iter; left time: 31614.2461s
	iters: 27900, epoch: 1 | loss: 0.7979187
	speed: 0.6528s/iter; left time: 31700.9956s
	iters: 28000, epoch: 1 | loss: 0.4833088
	speed: 0.6520s/iter; left time: 31597.4484s
	iters: 28100, epoch: 1 | loss: 0.6424158
	speed: 0.6505s/iter; left time: 31459.7324s
	iters: 28200, epoch: 1 | loss: 0.5365778
	speed: 0.6513s/iter; left time: 31432.5698s
	iters: 28300, epoch: 1 | loss: 0.4312225
	speed: 0.6506s/iter; left time: 31333.8811s
	iters: 28400, epoch: 1 | loss: 0.9059137
	speed: 0.6491s/iter; left time: 31198.5780s
	iters: 28500, epoch: 1 | loss: 0.4867428
	speed: 0.6473s/iter; left time: 31043.7568s
	iters: 28600, epoch: 1 | loss: 0.5858380
	speed: 0.6501s/iter; left time: 31115.5076s
	iters: 28700, epoch: 1 | loss: 0.4661947
	speed: 0.6479s/iter; left time: 30943.3298s
	iters: 28800, epoch: 1 | loss: 0.6777626
	speed: 0.6487s/iter; left time: 30917.2636s
	iters: 28900, epoch: 1 | loss: 0.4718789
	speed: 0.6466s/iter; left time: 30751.5714s
	iters: 29000, epoch: 1 | loss: 0.5778189
	speed: 0.6488s/iter; left time: 30793.1211s
	iters: 29100, epoch: 1 | loss: 0.5799303
	speed: 0.6502s/iter; left time: 30794.0343s
	iters: 29200, epoch: 1 | loss: 0.5240517
	speed: 0.6496s/iter; left time: 30698.4839s
	iters: 29300, epoch: 1 | loss: 0.4938825
	speed: 0.6496s/iter; left time: 30634.7804s
	iters: 29400, epoch: 1 | loss: 0.5678457
	speed: 0.6487s/iter; left time: 30530.2129s
	iters: 29500, epoch: 1 | loss: 0.6157780
	speed: 0.6488s/iter; left time: 30468.9180s
	iters: 29600, epoch: 1 | loss: 0.6269510
	speed: 0.6456s/iter; left time: 30253.5951s
	iters: 29700, epoch: 1 | loss: 0.4959581
	speed: 0.6482s/iter; left time: 30308.7131s
	iters: 29800, epoch: 1 | loss: 0.5686033
	speed: 0.6461s/iter; left time: 30148.6731s
	iters: 29900, epoch: 1 | loss: 0.5122368
	speed: 0.6500s/iter; left time: 30266.1691s
	iters: 30000, epoch: 1 | loss: 0.4244178
	speed: 0.6509s/iter; left time: 30240.9522s
	iters: 30100, epoch: 1 | loss: 0.8437114
	speed: 0.6493s/iter; left time: 30100.5880s
	iters: 30200, epoch: 1 | loss: 0.4860531
	speed: 0.6489s/iter; left time: 30016.6698s
	iters: 30300, epoch: 1 | loss: 0.4737424
	speed: 0.6477s/iter; left time: 29896.7660s
	iters: 30400, epoch: 1 | loss: 0.4211483
	speed: 0.6487s/iter; left time: 29877.6017s
	iters: 30500, epoch: 1 | loss: 0.9260181
	speed: 0.6458s/iter; left time: 29679.5924s
	iters: 30600, epoch: 1 | loss: 0.4261971
	speed: 0.6471s/iter; left time: 29676.0719s
	iters: 30700, epoch: 1 | loss: 0.4812758
	speed: 0.6460s/iter; left time: 29560.6872s
	iters: 30800, epoch: 1 | loss: 0.4588490
	speed: 0.6471s/iter; left time: 29547.7623s
	iters: 30900, epoch: 1 | loss: 0.5894848
	speed: 0.6485s/iter; left time: 29546.0430s
	iters: 31000, epoch: 1 | loss: 0.5170972
	speed: 0.6472s/iter; left time: 29420.8366s
	iters: 31100, epoch: 1 | loss: 0.6055308
	speed: 0.6504s/iter; left time: 29502.8856s
	iters: 31200, epoch: 1 | loss: 0.5582495
	speed: 0.6492s/iter; left time: 29385.6954s
	iters: 31300, epoch: 1 | loss: 0.6936640
	speed: 0.6495s/iter; left time: 29332.4176s
	iters: 31400, epoch: 1 | loss: 0.4346395
	speed: 0.6490s/iter; left time: 29245.3555s
	iters: 31500, epoch: 1 | loss: 0.5791245
	speed: 0.6474s/iter; left time: 29108.0695s
	iters: 31600, epoch: 1 | loss: 0.7463005
	speed: 0.6488s/iter; left time: 29107.8517s
	iters: 31700, epoch: 1 | loss: 0.4109621
	speed: 0.6474s/iter; left time: 28980.2180s
	iters: 31800, epoch: 1 | loss: 0.4531979
	speed: 0.6477s/iter; left time: 28929.1191s
	iters: 31900, epoch: 1 | loss: 0.5929550
	speed: 0.6448s/iter; left time: 28730.9412s
	iters: 32000, epoch: 1 | loss: 0.5049072
	speed: 0.6490s/iter; left time: 28856.2108s
	iters: 32100, epoch: 1 | loss: 0.5624757
	speed: 0.6494s/iter; left time: 28809.2424s
	iters: 32200, epoch: 1 | loss: 0.5334326
	speed: 0.6472s/iter; left time: 28645.2780s
	iters: 32300, epoch: 1 | loss: 0.5794880
	speed: 0.6456s/iter; left time: 28510.2615s
	iters: 32400, epoch: 1 | loss: 0.6706923
	speed: 0.6451s/iter; left time: 28425.2747s
	iters: 32500, epoch: 1 | loss: 0.5891307
	speed: 0.6446s/iter; left time: 28335.8533s
	iters: 32600, epoch: 1 | loss: 0.5620944
	speed: 0.6448s/iter; left time: 28281.0510s
	iters: 32700, epoch: 1 | loss: 0.6552952
	speed: 0.6440s/iter; left time: 28183.5248s
	iters: 32800, epoch: 1 | loss: 0.4928453
	speed: 0.6443s/iter; left time: 28129.4702s
	iters: 32900, epoch: 1 | loss: 0.7098778
	speed: 0.6454s/iter; left time: 28112.2884s
	iters: 33000, epoch: 1 | loss: 0.5849219
	speed: 0.6484s/iter; left time: 28178.2389s
	iters: 33100, epoch: 1 | loss: 0.4109046
	speed: 0.6441s/iter; left time: 27927.1484s
	iters: 33200, epoch: 1 | loss: 0.5353286
	speed: 0.6468s/iter; left time: 27982.1511s
	iters: 33300, epoch: 1 | loss: 0.5405001
	speed: 0.6460s/iter; left time: 27882.6746s
	iters: 33400, epoch: 1 | loss: 0.4969291
	speed: 0.6449s/iter; left time: 27769.9400s
	iters: 33500, epoch: 1 | loss: 0.6436628
	speed: 0.6421s/iter; left time: 27586.0690s
	iters: 33600, epoch: 1 | loss: 0.5507143
	speed: 0.6466s/iter; left time: 27712.2288s
	iters: 33700, epoch: 1 | loss: 0.5887120
	speed: 0.6465s/iter; left time: 27643.8781s
	iters: 33800, epoch: 1 | loss: 0.4911034
	speed: 0.6449s/iter; left time: 27511.0231s
	iters: 33900, epoch: 1 | loss: 0.4471896
	speed: 0.6449s/iter; left time: 27446.4867s
	iters: 34000, epoch: 1 | loss: 0.5544236
	speed: 0.6424s/iter; left time: 27278.4192s
	iters: 34100, epoch: 1 | loss: 0.5607443
	speed: 0.6405s/iter; left time: 27130.4052s
	iters: 34200, epoch: 1 | loss: 0.4135651
	speed: 0.6419s/iter; left time: 27125.4630s
	iters: 34300, epoch: 1 | loss: 0.3832118
	speed: 0.6413s/iter; left time: 27039.8930s
	iters: 34400, epoch: 1 | loss: 0.5927160
	speed: 0.6428s/iter; left time: 27036.8954s
	iters: 34500, epoch: 1 | loss: 0.6994071
	speed: 0.6452s/iter; left time: 27074.7309s
	iters: 34600, epoch: 1 | loss: 0.3773183
	speed: 0.6463s/iter; left time: 27056.1270s
	iters: 34700, epoch: 1 | loss: 0.6898580
	speed: 0.6407s/iter; left time: 26754.8376s
	iters: 34800, epoch: 1 | loss: 0.6342034
	speed: 0.6434s/iter; left time: 26806.3949s
	iters: 34900, epoch: 1 | loss: 0.4341799
	speed: 0.6414s/iter; left time: 26658.6425s
	iters: 35000, epoch: 1 | loss: 0.3364985
	speed: 0.6454s/iter; left time: 26758.4002s
	iters: 35100, epoch: 1 | loss: 0.4926758
	speed: 0.6460s/iter; left time: 26720.2399s
	iters: 35200, epoch: 1 | loss: 0.6766967
	speed: 0.6433s/iter; left time: 26544.1164s
	iters: 35300, epoch: 1 | loss: 0.5472600
	speed: 0.6419s/iter; left time: 26422.5557s
	iters: 35400, epoch: 1 | loss: 0.4850114
	speed: 0.6417s/iter; left time: 26349.4238s
	iters: 35500, epoch: 1 | loss: 0.3449559
	speed: 0.6393s/iter; left time: 26186.1160s
	iters: 35600, epoch: 1 | loss: 0.7563059
	speed: 0.6430s/iter; left time: 26272.5722s
	iters: 35700, epoch: 1 | loss: 0.4930215
	speed: 0.6422s/iter; left time: 26176.0008s
	iters: 35800, epoch: 1 | loss: 0.5224069
	speed: 0.6414s/iter; left time: 26081.4675s
	iters: 35900, epoch: 1 | loss: 0.3367286
	speed: 0.6418s/iter; left time: 26032.3412s
	iters: 36000, epoch: 1 | loss: 0.4732796
	speed: 0.6412s/iter; left time: 25945.0569s
	iters: 36100, epoch: 1 | loss: 0.6080480
	speed: 0.6413s/iter; left time: 25883.6379s
	iters: 36200, epoch: 1 | loss: 0.5229491
	speed: 0.6412s/iter; left time: 25813.7530s
	iters: 36300, epoch: 1 | loss: 0.5906131
	speed: 0.6397s/iter; left time: 25689.9394s
	iters: 36400, epoch: 1 | loss: 0.5395607
	speed: 0.6432s/iter; left time: 25768.1081s
	iters: 36500, epoch: 1 | loss: 0.7789891
	speed: 0.6408s/iter; left time: 25606.3850s
	iters: 36600, epoch: 1 | loss: 0.3853184
	speed: 0.6434s/iter; left time: 25645.1775s
	iters: 36700, epoch: 1 | loss: 0.4212217
	speed: 0.6422s/iter; left time: 25535.1148s
	iters: 36800, epoch: 1 | loss: 0.3911071
	speed: 0.6424s/iter; left time: 25479.5711s
	iters: 36900, epoch: 1 | loss: 0.4266221
	speed: 0.6414s/iter; left time: 25376.3304s
	iters: 37000, epoch: 1 | loss: 0.7037189
	speed: 0.6408s/iter; left time: 25287.2410s
	iters: 37100, epoch: 1 | loss: 0.7016558
	speed: 0.6419s/iter; left time: 25265.1641s
	iters: 37200, epoch: 1 | loss: 0.6528908
	speed: 0.6397s/iter; left time: 25116.4722s
	iters: 37300, epoch: 1 | loss: 0.5978097
	speed: 0.6398s/iter; left time: 25054.7425s
	iters: 37400, epoch: 1 | loss: 0.6534083
	speed: 0.6456s/iter; left time: 25217.5329s
	iters: 37500, epoch: 1 | loss: 0.6071567
	speed: 0.6440s/iter; left time: 25091.1656s
	iters: 37600, epoch: 1 | loss: 0.4389576
	speed: 0.6437s/iter; left time: 25016.6883s
	iters: 37700, epoch: 1 | loss: 0.4777446
	speed: 0.6434s/iter; left time: 24936.9671s
	iters: 37800, epoch: 1 | loss: 0.4380627
	speed: 0.6450s/iter; left time: 24935.7373s
	iters: 37900, epoch: 1 | loss: 0.4396626
	speed: 0.6439s/iter; left time: 24830.1238s
	iters: 38000, epoch: 1 | loss: 0.4498713
	speed: 0.6484s/iter; left time: 24939.3382s
	iters: 38100, epoch: 1 | loss: 0.6049684
	speed: 0.6475s/iter; left time: 24837.1890s
	iters: 38200, epoch: 1 | loss: 0.6714830
	speed: 0.6495s/iter; left time: 24850.0975s
Epoch: 1 cost time: 24853.5192360878
Epoch: 1, Steps: 38230 | Train Loss: 0.6547268 Vali Loss: 1.3910813 Test Loss: 1.8050125
Validation loss decreased (inf --> 1.391081).  Saving model ...
Updating learning rate to 0.0001
	iters: 100, epoch: 2 | loss: 0.3954100
	speed: 143.0501s/iter; left time: 5454643.5657s
	iters: 200, epoch: 2 | loss: 0.5967544
	speed: 0.6527s/iter; left time: 24824.3729s
	iters: 300, epoch: 2 | loss: 0.4645203
	speed: 0.6495s/iter; left time: 24636.9021s
	iters: 400, epoch: 2 | loss: 0.5007532
	speed: 0.6528s/iter; left time: 24696.5397s
	iters: 500, epoch: 2 | loss: 0.6406385
	speed: 0.6519s/iter; left time: 24597.3045s
	iters: 600, epoch: 2 | loss: 0.3445533
	speed: 0.6538s/iter; left time: 24603.4095s
	iters: 700, epoch: 2 | loss: 0.4575206
	speed: 0.6513s/iter; left time: 24442.4228s
	iters: 800, epoch: 2 | loss: 0.4897832
	speed: 0.6509s/iter; left time: 24363.4997s
	iters: 900, epoch: 2 | loss: 0.5478432
	speed: 0.6503s/iter; left time: 24276.3048s
	iters: 1000, epoch: 2 | loss: 0.5167420
	speed: 0.6487s/iter; left time: 24151.7742s
	iters: 1100, epoch: 2 | loss: 0.5440339
	speed: 0.6512s/iter; left time: 24180.7631s
	iters: 1200, epoch: 2 | loss: 0.7769900
	speed: 0.6514s/iter; left time: 24120.5138s
	iters: 1300, epoch: 2 | loss: 0.3826638
	speed: 0.6514s/iter; left time: 24057.0818s
	iters: 1400, epoch: 2 | loss: 0.4684354
	speed: 0.6503s/iter; left time: 23951.2965s
	iters: 1500, epoch: 2 | loss: 0.4396579
	speed: 0.6492s/iter; left time: 23844.5831s
	iters: 1600, epoch: 2 | loss: 0.5132445
	speed: 0.6496s/iter; left time: 23794.7528s
	iters: 1700, epoch: 2 | loss: 0.3650985
	speed: 0.6516s/iter; left time: 23804.6394s
	iters: 1800, epoch: 2 | loss: 0.3678981
	speed: 0.6506s/iter; left time: 23700.5853s
	iters: 1900, epoch: 2 | loss: 0.3320648
	speed: 0.6507s/iter; left time: 23639.5176s
	iters: 2000, epoch: 2 | loss: 0.4170922
	speed: 0.6533s/iter; left time: 23668.3679s
	iters: 2100, epoch: 2 | loss: 0.5601906
	speed: 0.6512s/iter; left time: 23528.1969s
	iters: 2200, epoch: 2 | loss: 0.5495855
	speed: 0.6514s/iter; left time: 23468.9347s
	iters: 2300, epoch: 2 | loss: 0.3924689
	speed: 0.6512s/iter; left time: 23399.5208s
	iters: 2400, epoch: 2 | loss: 0.5024974
	speed: 0.6533s/iter; left time: 23406.7667s
	iters: 2500, epoch: 2 | loss: 0.3832963
	speed: 0.6524s/iter; left time: 23311.9024s
	iters: 2600, epoch: 2 | loss: 0.5300920
	speed: 0.6523s/iter; left time: 23241.9549s
	iters: 2700, epoch: 2 | loss: 0.5426770
	speed: 0.6538s/iter; left time: 23228.7453s
	iters: 2800, epoch: 2 | loss: 0.5831131
	speed: 0.6516s/iter; left time: 23088.2726s
	iters: 2900, epoch: 2 | loss: 0.5111170
	speed: 0.6528s/iter; left time: 23064.7437s
	iters: 3000, epoch: 2 | loss: 0.3792234
	speed: 0.6537s/iter; left time: 23029.8566s
	iters: 3100, epoch: 2 | loss: 0.3934349
	speed: 0.6514s/iter; left time: 22883.4689s
	iters: 3200, epoch: 2 | loss: 0.5749848
	speed: 0.6527s/iter; left time: 22864.4603s
	iters: 3300, epoch: 2 | loss: 0.3670596
	speed: 0.6523s/iter; left time: 22787.1887s
	iters: 3400, epoch: 2 | loss: 0.4765708
	speed: 0.6512s/iter; left time: 22681.1058s
	iters: 3500, epoch: 2 | loss: 0.4553480
	speed: 0.6505s/iter; left time: 22591.3689s
	iters: 3600, epoch: 2 | loss: 0.4722516
	speed: 0.6528s/iter; left time: 22606.4216s
	iters: 3700, epoch: 2 | loss: 0.5984927
	speed: 0.6505s/iter; left time: 22462.1312s
	iters: 3800, epoch: 2 | loss: 0.5603593
	speed: 0.6536s/iter; left time: 22503.3309s
	iters: 3900, epoch: 2 | loss: 0.4994306
	speed: 0.6526s/iter; left time: 22403.1748s
	iters: 4000, epoch: 2 | loss: 0.3386442
	speed: 0.6526s/iter; left time: 22339.2262s
	iters: 4100, epoch: 2 | loss: 0.5862832
	speed: 0.6496s/iter; left time: 22171.0728s
	iters: 4200, epoch: 2 | loss: 0.4857374
	speed: 0.6501s/iter; left time: 22124.1916s
	iters: 4300, epoch: 2 | loss: 0.4174475
	speed: 0.6485s/iter; left time: 22004.8867s
	iters: 4400, epoch: 2 | loss: 0.4290515
	speed: 0.6498s/iter; left time: 21984.6905s
	iters: 4500, epoch: 2 | loss: 0.3661389
	speed: 0.6482s/iter; left time: 21864.8834s
	iters: 4600, epoch: 2 | loss: 0.5892559
	speed: 0.6462s/iter; left time: 21732.5557s
	iters: 4700, epoch: 2 | loss: 0.4328096
	speed: 0.6458s/iter; left time: 21652.9789s
	iters: 4800, epoch: 2 | loss: 0.5655897
	speed: 0.6479s/iter; left time: 21658.5835s
	iters: 4900, epoch: 2 | loss: 0.4160435
	speed: 0.6497s/iter; left time: 21655.0152s
	iters: 5000, epoch: 2 | loss: 0.3725410
	speed: 0.6509s/iter; left time: 21631.2694s
	iters: 5100, epoch: 2 | loss: 0.5239705
	speed: 0.6492s/iter; left time: 21507.7662s
	iters: 5200, epoch: 2 | loss: 0.6330131
	speed: 0.6475s/iter; left time: 21386.4770s
	iters: 5300, epoch: 2 | loss: 0.4126708
	speed: 0.6490s/iter; left time: 21371.3377s
	iters: 5400, epoch: 2 | loss: 0.4811734
	speed: 0.6487s/iter; left time: 21297.2344s
	iters: 5500, epoch: 2 | loss: 0.4123868
	speed: 0.6472s/iter; left time: 21182.8151s
	iters: 5600, epoch: 2 | loss: 0.4906724
	speed: 0.6493s/iter; left time: 21188.3493s
	iters: 5700, epoch: 2 | loss: 0.5935904
	speed: 0.6498s/iter; left time: 21139.0425s
	iters: 5800, epoch: 2 | loss: 0.5558730
	speed: 0.6499s/iter; left time: 21077.8274s
	iters: 5900, epoch: 2 | loss: 0.4892779
	speed: 0.6500s/iter; left time: 21013.8256s
	iters: 6000, epoch: 2 | loss: 0.3985352
	speed: 0.6523s/iter; left time: 21025.4716s
	iters: 6100, epoch: 2 | loss: 0.3692557
	speed: 0.6498s/iter; left time: 20877.1258s
	iters: 6200, epoch: 2 | loss: 0.4908469
	speed: 0.6503s/iter; left time: 20830.8484s
	iters: 6300, epoch: 2 | loss: 0.5788296
	speed: 0.6501s/iter; left time: 20757.2962s
	iters: 6400, epoch: 2 | loss: 0.4870234
	speed: 0.6509s/iter; left time: 20718.5168s
	iters: 6500, epoch: 2 | loss: 0.4626600
	speed: 0.6473s/iter; left time: 20538.8146s
	iters: 6600, epoch: 2 | loss: 0.5135210
	speed: 0.6513s/iter; left time: 20599.9257s
	iters: 6700, epoch: 2 | loss: 0.5532969
	speed: 0.6494s/iter; left time: 20475.3586s
	iters: 6800, epoch: 2 | loss: 0.5288894
	speed: 0.6496s/iter; left time: 20418.7077s
	iters: 6900, epoch: 2 | loss: 0.7350093
	speed: 0.6511s/iter; left time: 20399.5951s
	iters: 7000, epoch: 2 | loss: 0.4881016
	speed: 0.6489s/iter; left time: 20266.4402s
	iters: 7100, epoch: 2 | loss: 0.4851987
	speed: 0.6504s/iter; left time: 20248.8271s
	iters: 7200, epoch: 2 | loss: 0.5703380
	speed: 0.6505s/iter; left time: 20184.5822s
	iters: 7300, epoch: 2 | loss: 0.5234816
	speed: 0.6516s/iter; left time: 20154.9027s
	iters: 7400, epoch: 2 | loss: 0.5255023
	speed: 0.6538s/iter; left time: 20158.3305s
	iters: 7500, epoch: 2 | loss: 0.4591100
	speed: 0.6534s/iter; left time: 20079.2602s
	iters: 7600, epoch: 2 | loss: 0.4082870
	speed: 0.6544s/iter; left time: 20045.7316s
	iters: 7700, epoch: 2 | loss: 0.4518459
	speed: 0.6564s/iter; left time: 20039.3435s
	iters: 7800, epoch: 2 | loss: 0.4842315
	speed: 0.6561s/iter; left time: 19965.7586s
	iters: 7900, epoch: 2 | loss: 0.4819422
	speed: 0.6530s/iter; left time: 19806.0142s
	iters: 8000, epoch: 2 | loss: 0.4601365
	speed: 0.6554s/iter; left time: 19814.8120s
	iters: 8100, epoch: 2 | loss: 0.3903747
	speed: 0.6529s/iter; left time: 19671.4031s
	iters: 8200, epoch: 2 | loss: 0.5028114
	speed: 0.6526s/iter; left time: 19597.8751s
	iters: 8300, epoch: 2 | loss: 0.4508830
	speed: 0.6538s/iter; left time: 19568.6287s
	iters: 8400, epoch: 2 | loss: 0.4312454
	speed: 0.6535s/iter; left time: 19493.6607s
	iters: 8500, epoch: 2 | loss: 0.5003558
	speed: 0.6532s/iter; left time: 19421.1644s
	iters: 8600, epoch: 2 | loss: 0.4231293
	speed: 0.6520s/iter; left time: 19319.3579s
	iters: 8700, epoch: 2 | loss: 0.4913251
	speed: 0.6492s/iter; left time: 19170.9771s
	iters: 8800, epoch: 2 | loss: 0.4384669
	speed: 0.6505s/iter; left time: 19145.8939s
	iters: 8900, epoch: 2 | loss: 0.7363632
	speed: 0.6522s/iter; left time: 19129.4217s
	iters: 9000, epoch: 2 | loss: 0.5409808
	speed: 0.6526s/iter; left time: 19075.6855s
	iters: 9100, epoch: 2 | loss: 0.4435187
	speed: 0.6515s/iter; left time: 18979.5371s
	iters: 9200, epoch: 2 | loss: 0.6521942
	speed: 0.6508s/iter; left time: 18892.5090s
	iters: 9300, epoch: 2 | loss: 0.3259415
	speed: 0.6511s/iter; left time: 18836.5272s
	iters: 9400, epoch: 2 | loss: 0.4389659
	speed: 0.6525s/iter; left time: 18813.1076s
	iters: 9500, epoch: 2 | loss: 0.5747350
	speed: 0.6530s/iter; left time: 18760.0794s
	iters: 9600, epoch: 2 | loss: 0.5181291
	speed: 0.6540s/iter; left time: 18724.1662s
	iters: 9700, epoch: 2 | loss: 0.7034215
	speed: 0.6537s/iter; left time: 18651.9908s
	iters: 9800, epoch: 2 | loss: 0.3844243
	speed: 0.6535s/iter; left time: 18580.4886s
	iters: 9900, epoch: 2 | loss: 0.4402733
	speed: 0.6523s/iter; left time: 18480.8444s
	iters: 10000, epoch: 2 | loss: 0.4184096
	speed: 0.6523s/iter; left time: 18415.7270s
	iters: 10100, epoch: 2 | loss: 0.3998344
	speed: 0.6527s/iter; left time: 18361.3677s
	iters: 10200, epoch: 2 | loss: 0.4125850
	speed: 0.6538s/iter; left time: 18325.6598s
	iters: 10300, epoch: 2 | loss: 0.3907086
	speed: 0.6515s/iter; left time: 18196.0028s
	iters: 10400, epoch: 2 | loss: 0.5248255
	speed: 0.6526s/iter; left time: 18162.8370s
	iters: 10500, epoch: 2 | loss: 0.5895149
	speed: 0.6519s/iter; left time: 18078.0010s
	iters: 10600, epoch: 2 | loss: 0.4646593
	speed: 0.6554s/iter; left time: 18109.6729s
	iters: 10700, epoch: 2 | loss: 0.4415360
	speed: 0.6577s/iter; left time: 18108.1884s
	iters: 10800, epoch: 2 | loss: 0.3272732
	speed: 0.6545s/iter; left time: 17953.4135s
	iters: 10900, epoch: 2 | loss: 0.4024026
	speed: 0.6575s/iter; left time: 17969.6476s
	iters: 11000, epoch: 2 | loss: 0.6019454
	speed: 0.6558s/iter; left time: 17857.9851s
	iters: 11100, epoch: 2 | loss: 0.3877479
	speed: 0.6571s/iter; left time: 17828.4015s
	iters: 11200, epoch: 2 | loss: 0.4773163
	speed: 0.6591s/iter; left time: 17816.5129s
	iters: 11300, epoch: 2 | loss: 0.5767689
	speed: 0.6596s/iter; left time: 17764.5207s
	iters: 11400, epoch: 2 | loss: 0.4503456
	speed: 0.6593s/iter; left time: 17690.9197s
	iters: 11500, epoch: 2 | loss: 0.5267873
	speed: 0.6599s/iter; left time: 17639.1898s
	iters: 11600, epoch: 2 | loss: 0.4956623
	speed: 0.6618s/iter; left time: 17624.8601s
	iters: 11700, epoch: 2 | loss: 0.5642878
	speed: 0.6570s/iter; left time: 17430.8657s
	iters: 11800, epoch: 2 | loss: 0.4124420
	speed: 0.6630s/iter; left time: 17524.1520s
	iters: 11900, epoch: 2 | loss: 0.4515620
	speed: 0.6567s/iter; left time: 17291.4026s
	iters: 12000, epoch: 2 | loss: 0.3598303
	speed: 0.6587s/iter; left time: 17279.5644s
	iters: 12100, epoch: 2 | loss: 0.5049559
	speed: 0.6554s/iter; left time: 17125.6513s
	iters: 12200, epoch: 2 | loss: 0.5028406
	speed: 0.6604s/iter; left time: 17192.0710s
	iters: 12300, epoch: 2 | loss: 0.4874780
	speed: 0.6562s/iter; left time: 17014.6904s
	iters: 12400, epoch: 2 | loss: 0.4550414
	speed: 0.6560s/iter; left time: 16944.7977s
	iters: 12500, epoch: 2 | loss: 0.6687605
	speed: 0.6545s/iter; left time: 16840.9160s
	iters: 12600, epoch: 2 | loss: 0.4244013
	speed: 0.6582s/iter; left time: 16869.6459s
	iters: 12700, epoch: 2 | loss: 0.3753767
	speed: 0.6530s/iter; left time: 16672.9550s
	iters: 12800, epoch: 2 | loss: 0.4136474
	speed: 0.6562s/iter; left time: 16688.9150s
	iters: 12900, epoch: 2 | loss: 0.4853414
	speed: 0.6597s/iter; left time: 16709.7742s
	iters: 13000, epoch: 2 | loss: 0.3816395
	speed: 0.6546s/iter; left time: 16515.4394s
	iters: 13100, epoch: 2 | loss: 0.4964375
	speed: 0.6545s/iter; left time: 16447.3668s
	iters: 13200, epoch: 2 | loss: 0.4656940
	speed: 0.6623s/iter; left time: 16578.7706s
	iters: 13300, epoch: 2 | loss: 0.6226931
	speed: 0.6598s/iter; left time: 16448.4051s
	iters: 13400, epoch: 2 | loss: 0.5027758
	speed: 0.6557s/iter; left time: 16282.9260s
	iters: 13500, epoch: 2 | loss: 0.4524424
	speed: 0.6611s/iter; left time: 16349.2816s
	iters: 13600, epoch: 2 | loss: 0.3058140
	speed: 0.6608s/iter; left time: 16275.7565s
	iters: 13700, epoch: 2 | loss: 0.4770038
	speed: 0.6553s/iter; left time: 16074.5334s
	iters: 13800, epoch: 2 | loss: 0.5078222
	speed: 0.6563s/iter; left time: 16034.3663s
	iters: 13900, epoch: 2 | loss: 0.4302984
	speed: 0.6610s/iter; left time: 16083.9493s
	iters: 14000, epoch: 2 | loss: 0.3963060
	speed: 0.6589s/iter; left time: 15966.2277s
	iters: 14100, epoch: 2 | loss: 0.4427804
	speed: 0.6549s/iter; left time: 15803.1600s
	iters: 14200, epoch: 2 | loss: 0.4419935
	speed: 0.6554s/iter; left time: 15749.0047s
	iters: 14300, epoch: 2 | loss: 0.5542839
	speed: 0.6552s/iter; left time: 15679.7564s
	iters: 14400, epoch: 2 | loss: 0.3960529
	speed: 0.6560s/iter; left time: 15632.6717s
	iters: 14500, epoch: 2 | loss: 0.5491232
	speed: 0.6636s/iter; left time: 15747.6219s
	iters: 14600, epoch: 2 | loss: 0.4749013
	speed: 0.6643s/iter; left time: 15697.4295s
	iters: 14700, epoch: 2 | loss: 0.5501661
	speed: 0.6535s/iter; left time: 15376.5439s
	iters: 14800, epoch: 2 | loss: 0.4888803
	speed: 0.6531s/iter; left time: 15302.0348s
	iters: 14900, epoch: 2 | loss: 0.4773480
	speed: 0.6532s/iter; left time: 15239.9355s
	iters: 15000, epoch: 2 | loss: 0.5318284
	speed: 0.6538s/iter; left time: 15188.5036s
	iters: 15100, epoch: 2 | loss: 0.3041408
	speed: 0.6502s/iter; left time: 15040.7246s
	iters: 15200, epoch: 2 | loss: 0.4563752
	speed: 0.6524s/iter; left time: 15026.2831s
	iters: 15300, epoch: 2 | loss: 0.5775285
	speed: 0.6526s/iter; left time: 14964.2189s
	iters: 15400, epoch: 2 | loss: 0.4376853
	speed: 0.6517s/iter; left time: 14879.4135s
	iters: 15500, epoch: 2 | loss: 0.5059877
	speed: 0.6540s/iter; left time: 14866.8686s
	iters: 15600, epoch: 2 | loss: 0.4587049
	speed: 0.6534s/iter; left time: 14786.7201s
	iters: 15700, epoch: 2 | loss: 0.4522819
	speed: 0.6538s/iter; left time: 14730.4313s
	iters: 15800, epoch: 2 | loss: 0.4461899
	speed: 0.6549s/iter; left time: 14690.4606s
	iters: 15900, epoch: 2 | loss: 0.5324968
	speed: 0.6532s/iter; left time: 14587.3610s
	iters: 16000, epoch: 2 | loss: 0.4388285
	speed: 0.6493s/iter; left time: 14434.1369s
	iters: 16100, epoch: 2 | loss: 0.4697301
	speed: 0.6479s/iter; left time: 14339.2742s
	iters: 16200, epoch: 2 | loss: 0.4876286
	speed: 0.6504s/iter; left time: 14329.1638s
	iters: 16300, epoch: 2 | loss: 0.5110927
	speed: 0.6480s/iter; left time: 14210.5418s
	iters: 16400, epoch: 2 | loss: 0.6037432
	speed: 0.6475s/iter; left time: 14134.5351s
	iters: 16500, epoch: 2 | loss: 0.5470355
	speed: 0.6533s/iter; left time: 14197.7916s
	iters: 16600, epoch: 2 | loss: 0.3946775
	speed: 0.6528s/iter; left time: 14119.6780s
	iters: 16700, epoch: 2 | loss: 0.5018410
	speed: 0.6524s/iter; left time: 14046.5052s
	iters: 16800, epoch: 2 | loss: 0.4449189
	speed: 0.6562s/iter; left time: 14062.4807s
	iters: 16900, epoch: 2 | loss: 0.5535994
	speed: 0.6533s/iter; left time: 13936.5885s
	iters: 17000, epoch: 2 | loss: 0.4504011
	speed: 0.6546s/iter; left time: 13898.7561s
	iters: 17100, epoch: 2 | loss: 0.5286355
	speed: 0.6526s/iter; left time: 13790.9418s
	iters: 17200, epoch: 2 | loss: 0.5124950
	speed: 0.6532s/iter; left time: 13737.5681s
	iters: 17300, epoch: 2 | loss: 0.4644226
	speed: 0.6533s/iter; left time: 13673.5300s
	iters: 17400, epoch: 2 | loss: 0.4551891
	speed: 0.6526s/iter; left time: 13595.1421s
	iters: 17500, epoch: 2 | loss: 0.5553626
	speed: 0.6541s/iter; left time: 13560.2634s
	iters: 17600, epoch: 2 | loss: 0.4954185
	speed: 0.6556s/iter; left time: 13524.7596s
	iters: 17700, epoch: 2 | loss: 0.5448264
	speed: 0.6521s/iter; left time: 13388.0461s
	iters: 17800, epoch: 2 | loss: 0.4996002
	speed: 0.6563s/iter; left time: 13409.5134s
	iters: 17900, epoch: 2 | loss: 0.5414321
	speed: 0.6534s/iter; left time: 13283.3271s
	iters: 18000, epoch: 2 | loss: 0.4907233
	speed: 0.6505s/iter; left time: 13159.2731s
	iters: 18100, epoch: 2 | loss: 0.3316343
	speed: 0.6522s/iter; left time: 13129.5521s
	iters: 18200, epoch: 2 | loss: 0.5599726
	speed: 0.6545s/iter; left time: 13109.9448s
	iters: 18300, epoch: 2 | loss: 0.3539178
	speed: 0.6541s/iter; left time: 13036.0817s
	iters: 18400, epoch: 2 | loss: 0.6460151
	speed: 0.6532s/iter; left time: 12953.9691s
	iters: 18500, epoch: 2 | loss: 0.4812667
	speed: 0.6514s/iter; left time: 12853.3662s
	iters: 18600, epoch: 2 | loss: 0.3913906
	speed: 0.6538s/iter; left time: 12834.4345s
	iters: 18700, epoch: 2 | loss: 0.6074262
	speed: 0.6524s/iter; left time: 12742.1816s
	iters: 18800, epoch: 2 | loss: 0.5581350
	speed: 0.6531s/iter; left time: 12691.0444s
	iters: 18900, epoch: 2 | loss: 0.5115842
	speed: 0.6535s/iter; left time: 12633.2205s
	iters: 19000, epoch: 2 | loss: 0.3968310
	speed: 0.6542s/iter; left time: 12580.1316s
	iters: 19100, epoch: 2 | loss: 0.5726960
	speed: 0.6507s/iter; left time: 12449.0336s
	iters: 19200, epoch: 2 | loss: 0.4871728
	speed: 0.6538s/iter; left time: 12443.2764s
	iters: 19300, epoch: 2 | loss: 0.3062205
	speed: 0.6514s/iter; left time: 12332.1906s
	iters: 19400, epoch: 2 | loss: 0.4440821
	speed: 0.6534s/iter; left time: 12303.3753s
	iters: 19500, epoch: 2 | loss: 0.3152638
	speed: 0.6530s/iter; left time: 12231.8001s
	iters: 19600, epoch: 2 | loss: 0.3679169
	speed: 0.6545s/iter; left time: 12193.1179s
	iters: 19700, epoch: 2 | loss: 0.6060992
	speed: 0.6521s/iter; left time: 12083.5994s
	iters: 19800, epoch: 2 | loss: 0.4472183
	speed: 0.6502s/iter; left time: 11983.5704s
	iters: 19900, epoch: 2 | loss: 0.4366479
	speed: 0.6525s/iter; left time: 11960.7712s
	iters: 20000, epoch: 2 | loss: 0.5025833
	speed: 0.6534s/iter; left time: 11912.2713s
	iters: 20100, epoch: 2 | loss: 0.4732897
	speed: 0.6501s/iter; left time: 11787.5728s
	iters: 20200, epoch: 2 | loss: 0.4826640
	speed: 0.6484s/iter; left time: 11692.1251s
	iters: 20300, epoch: 2 | loss: 0.4416537
	speed: 0.6508s/iter; left time: 11670.0292s
	iters: 20400, epoch: 2 | loss: 0.3477473
	speed: 0.6499s/iter; left time: 11587.6333s
	iters: 20500, epoch: 2 | loss: 0.3994997
	speed: 0.6528s/iter; left time: 11574.7496s
	iters: 20600, epoch: 2 | loss: 0.4160559
	speed: 0.6537s/iter; left time: 11525.9345s
	iters: 20700, epoch: 2 | loss: 0.4192398
	speed: 0.6534s/iter; left time: 11455.6195s
	iters: 20800, epoch: 2 | loss: 0.4724242
	speed: 0.6527s/iter; left time: 11377.8857s
	iters: 20900, epoch: 2 | loss: 0.5245717
	speed: 0.6495s/iter; left time: 11257.1456s
	iters: 21000, epoch: 2 | loss: 0.4505358
	speed: 0.6516s/iter; left time: 11227.1333s
	iters: 21100, epoch: 2 | loss: 0.5410267
	speed: 0.6499s/iter; left time: 11133.8520s
	iters: 21200, epoch: 2 | loss: 0.3268024
	speed: 0.6512s/iter; left time: 11090.7191s
	iters: 21300, epoch: 2 | loss: 0.4029608
	speed: 0.6513s/iter; left time: 11027.8513s
	iters: 21400, epoch: 2 | loss: 0.3742896
	speed: 0.6487s/iter; left time: 10918.4867s
	iters: 21500, epoch: 2 | loss: 0.4194181
	speed: 0.6492s/iter; left time: 10861.9502s
	iters: 21600, epoch: 2 | loss: 0.3884906
	speed: 0.6503s/iter; left time: 10815.3550s
	iters: 21700, epoch: 2 | loss: 0.5547649
	speed: 0.6501s/iter; left time: 10746.1289s
	iters: 21800, epoch: 2 | loss: 0.4414929
	speed: 0.6483s/iter; left time: 10652.6851s
	iters: 21900, epoch: 2 | loss: 0.5626001
	speed: 0.6475s/iter; left time: 10574.0153s
	iters: 22000, epoch: 2 | loss: 0.4131833
	speed: 0.6482s/iter; left time: 10521.2262s
	iters: 22100, epoch: 2 | loss: 0.6598874
	speed: 0.6484s/iter; left time: 10459.3958s
	iters: 22200, epoch: 2 | loss: 0.4580463
	speed: 0.6450s/iter; left time: 10340.1142s
	iters: 22300, epoch: 2 | loss: 0.4140694
	speed: 0.6502s/iter; left time: 10358.0901s
	iters: 22400, epoch: 2 | loss: 0.4000314
	speed: 0.6508s/iter; left time: 10302.7525s
	iters: 22500, epoch: 2 | loss: 0.5200231
	speed: 0.6522s/iter; left time: 10259.2026s
	iters: 22600, epoch: 2 | loss: 0.3061865
	speed: 0.6504s/iter; left time: 10166.2298s
	iters: 22700, epoch: 2 | loss: 0.5973042
	speed: 0.6508s/iter; left time: 10108.1704s
	iters: 22800, epoch: 2 | loss: 0.4444537
	speed: 0.6482s/iter; left time: 10002.8311s
	iters: 22900, epoch: 2 | loss: 0.3648468
	speed: 0.6477s/iter; left time: 9929.6955s
	iters: 23000, epoch: 2 | loss: 0.6432464
	speed: 0.6483s/iter; left time: 9874.1186s
	iters: 23100, epoch: 2 | loss: 0.4019631
	speed: 0.6493s/iter; left time: 9824.9874s
	iters: 23200, epoch: 2 | loss: 0.4240230
	speed: 0.6482s/iter; left time: 9743.8397s
	iters: 23300, epoch: 2 | loss: 0.2995062
	speed: 0.6471s/iter; left time: 9662.1793s
	iters: 23400, epoch: 2 | loss: 0.3517183
	speed: 0.6492s/iter; left time: 9628.8397s
	iters: 23500, epoch: 2 | loss: 0.3886105
	speed: 0.6510s/iter; left time: 9590.5423s
	iters: 23600, epoch: 2 | loss: 0.5237339
	speed: 0.6536s/iter; left time: 9563.3330s
	iters: 23700, epoch: 2 | loss: 0.5116518
	speed: 0.6501s/iter; left time: 9446.1734s
	iters: 23800, epoch: 2 | loss: 0.4000074
	speed: 0.6515s/iter; left time: 9402.0824s
	iters: 23900, epoch: 2 | loss: 0.3654930
	speed: 0.6494s/iter; left time: 9305.8714s
	iters: 24000, epoch: 2 | loss: 0.3742940
	speed: 0.6518s/iter; left time: 9275.9776s
	iters: 24100, epoch: 2 | loss: 0.5072871
	speed: 0.6502s/iter; left time: 9187.2743s
	iters: 24200, epoch: 2 | loss: 0.2860112
	speed: 0.6486s/iter; left time: 9099.8951s
	iters: 24300, epoch: 2 | loss: 0.3849416
	speed: 0.6506s/iter; left time: 9064.0435s
	iters: 24400, epoch: 2 | loss: 0.5467897
	speed: 0.6504s/iter; left time: 8995.0700s
	iters: 24500, epoch: 2 | loss: 0.3997059
	speed: 0.6531s/iter; left time: 8968.2389s
	iters: 24600, epoch: 2 | loss: 0.4161291
	speed: 0.6520s/iter; left time: 8886.8813s
	iters: 24700, epoch: 2 | loss: 0.4053134
	speed: 0.6519s/iter; left time: 8820.5387s
	iters: 24800, epoch: 2 | loss: 0.6036158
	speed: 0.6530s/iter; left time: 8771.0767s
	iters: 24900, epoch: 2 | loss: 0.4814270
	speed: 0.6514s/iter; left time: 8683.6126s
	iters: 25000, epoch: 2 | loss: 0.3293509
	speed: 0.6522s/iter; left time: 8628.6873s
	iters: 25100, epoch: 2 | loss: 0.4328477
	speed: 0.6506s/iter; left time: 8542.7992s
	iters: 25200, epoch: 2 | loss: 0.4624678
	speed: 0.6484s/iter; left time: 8448.7863s
	iters: 25300, epoch: 2 | loss: 0.3044690
	speed: 0.6505s/iter; left time: 8411.3163s
	iters: 25400, epoch: 2 | loss: 0.5393884
	speed: 0.6495s/iter; left time: 8333.8106s
	iters: 25500, epoch: 2 | loss: 0.5083262
	speed: 0.6499s/iter; left time: 8273.6954s
	iters: 25600, epoch: 2 | loss: 0.3609545
	speed: 0.6502s/iter; left time: 8212.7596s
	iters: 25700, epoch: 2 | loss: 0.4331689
	speed: 0.6500s/iter; left time: 8144.8931s
	iters: 25800, epoch: 2 | loss: 0.4367581
	speed: 0.6499s/iter; left time: 8079.4879s
	iters: 25900, epoch: 2 | loss: 0.6023098
	speed: 0.6481s/iter; left time: 7992.0126s
	iters: 26000, epoch: 2 | loss: 0.4479092
	speed: 0.6494s/iter; left time: 7942.3205s
	iters: 26100, epoch: 2 | loss: 0.5271139
	speed: 0.6479s/iter; left time: 7860.1165s
	iters: 26200, epoch: 2 | loss: 0.3828260
	speed: 0.6458s/iter; left time: 7769.1559s
	iters: 26300, epoch: 2 | loss: 0.4436050
	speed: 0.6437s/iter; left time: 7679.8131s
	iters: 26400, epoch: 2 | loss: 0.3196451
	speed: 0.6483s/iter; left time: 7669.8659s
	iters: 26500, epoch: 2 | loss: 0.3773279
	speed: 0.6474s/iter; left time: 7595.2035s
	iters: 26600, epoch: 2 | loss: 0.3977531
	speed: 0.6483s/iter; left time: 7540.4149s
	iters: 26700, epoch: 2 | loss: 0.4335358
	speed: 0.6494s/iter; left time: 7487.9169s
	iters: 26800, epoch: 2 | loss: 0.6748438
	speed: 0.6488s/iter; left time: 7416.8885s
	iters: 26900, epoch: 2 | loss: 0.4396170
	speed: 0.6483s/iter; left time: 7345.7945s
	iters: 27000, epoch: 2 | loss: 0.4902205
	speed: 0.6490s/iter; left time: 7288.6801s
	iters: 27100, epoch: 2 | loss: 0.3216098
	speed: 0.6490s/iter; left time: 7224.5689s
	iters: 27200, epoch: 2 | loss: 0.5255406
	speed: 0.6500s/iter; left time: 7170.1205s
	iters: 27300, epoch: 2 | loss: 0.4755327
	speed: 0.6496s/iter; left time: 7100.5858s
	iters: 27400, epoch: 2 | loss: 0.6137634
	speed: 0.6499s/iter; left time: 7038.9319s
	iters: 27500, epoch: 2 | loss: 0.3926677
	speed: 0.6511s/iter; left time: 6987.0398s
	iters: 27600, epoch: 2 | loss: 0.3992373
	speed: 0.6496s/iter; left time: 6905.7774s
	iters: 27700, epoch: 2 | loss: 0.5604873
	speed: 0.6501s/iter; left time: 6845.8576s
	iters: 27800, epoch: 2 | loss: 0.5031868
	speed: 0.6518s/iter; left time: 6798.6486s
	iters: 27900, epoch: 2 | loss: 0.6485743
	speed: 0.6518s/iter; left time: 6733.4986s
	iters: 28000, epoch: 2 | loss: 0.3617094
	speed: 0.6532s/iter; left time: 6683.2712s
	iters: 28100, epoch: 2 | loss: 0.6134249
	speed: 0.6532s/iter; left time: 6617.2314s
	iters: 28200, epoch: 2 | loss: 0.4159031
	speed: 0.6544s/iter; left time: 6564.6975s
	iters: 28300, epoch: 2 | loss: 0.5225471
	speed: 0.6519s/iter; left time: 6473.6274s
	iters: 28400, epoch: 2 | loss: 0.5632604
	speed: 0.6474s/iter; left time: 6364.7601s
	iters: 28500, epoch: 2 | loss: 0.4548441
	speed: 0.6479s/iter; left time: 6304.5885s
	iters: 28600, epoch: 2 | loss: 0.4813699
	speed: 0.6470s/iter; left time: 6231.3261s
	iters: 28700, epoch: 2 | loss: 0.5231425
	speed: 0.6484s/iter; left time: 6180.3383s
	iters: 28800, epoch: 2 | loss: 0.4916788
	speed: 0.6484s/iter; left time: 6114.7355s
	iters: 28900, epoch: 2 | loss: 0.4313435
	speed: 0.6465s/iter; left time: 6032.8856s
	iters: 29000, epoch: 2 | loss: 0.4238525
	speed: 0.6469s/iter; left time: 5971.6668s
	iters: 29100, epoch: 2 | loss: 0.5450292
	speed: 0.6499s/iter; left time: 5934.2913s
	iters: 29200, epoch: 2 | loss: 0.5633554
	speed: 0.6497s/iter; left time: 5867.8242s
	iters: 29300, epoch: 2 | loss: 0.4497764
	speed: 0.6461s/iter; left time: 5770.0293s
	iters: 29400, epoch: 2 | loss: 0.4266589
	speed: 0.6488s/iter; left time: 5729.8525s
	iters: 29500, epoch: 2 | loss: 0.5228152
	speed: 0.6475s/iter; left time: 5653.5241s
	iters: 29600, epoch: 2 | loss: 0.3366178
	speed: 0.6490s/iter; left time: 5601.6827s
	iters: 29700, epoch: 2 | loss: 0.4622694
	speed: 0.6486s/iter; left time: 5533.2504s
	iters: 29800, epoch: 2 | loss: 0.5156595
	speed: 0.6473s/iter; left time: 5457.2704s
	iters: 29900, epoch: 2 | loss: 0.4464943
	speed: 0.6487s/iter; left time: 5404.2024s
	iters: 30000, epoch: 2 | loss: 0.5217884
	speed: 0.6512s/iter; left time: 5360.3679s
	iters: 30100, epoch: 2 | loss: 0.4927691
	speed: 0.6502s/iter; left time: 5286.5803s
	iters: 30200, epoch: 2 | loss: 0.2860591
	speed: 0.6486s/iter; left time: 5209.1779s
	iters: 30300, epoch: 2 | loss: 0.6553774
	speed: 0.6490s/iter; left time: 5146.8640s
	iters: 30400, epoch: 2 | loss: 0.4636746
	speed: 0.6500s/iter; left time: 5090.1336s
	iters: 30500, epoch: 2 | loss: 0.6648188
	speed: 0.6475s/iter; left time: 5006.0674s
	iters: 30600, epoch: 2 | loss: 0.3999549
	speed: 0.6475s/iter; left time: 4941.3353s
	iters: 30700, epoch: 2 | loss: 0.3850808
	speed: 0.6474s/iter; left time: 4875.8489s
	iters: 30800, epoch: 2 | loss: 0.5720983
	speed: 0.6468s/iter; left time: 4806.2035s
	iters: 30900, epoch: 2 | loss: 0.3898579
	speed: 0.6490s/iter; left time: 4757.7420s
	iters: 31000, epoch: 2 | loss: 0.4045800
	speed: 0.6473s/iter; left time: 4680.7783s
	iters: 31100, epoch: 2 | loss: 0.4314082
	speed: 0.6447s/iter; left time: 4597.1589s
	iters: 31200, epoch: 2 | loss: 0.4250807
	speed: 0.6467s/iter; left time: 4547.1600s
	iters: 31300, epoch: 2 | loss: 0.5650322
	speed: 0.6424s/iter; left time: 4452.7750s
	iters: 31400, epoch: 2 | loss: 0.4600157
	speed: 0.6450s/iter; left time: 4405.7380s
	iters: 31500, epoch: 2 | loss: 0.3066802
	speed: 0.6452s/iter; left time: 4342.7059s
	iters: 31600, epoch: 2 | loss: 0.3389775
	speed: 0.6450s/iter; left time: 4276.6938s
	iters: 31700, epoch: 2 | loss: 0.4267332
	speed: 0.6450s/iter; left time: 4212.6406s
	iters: 31800, epoch: 2 | loss: 0.5163620
	speed: 0.6460s/iter; left time: 4154.5047s
	iters: 31900, epoch: 2 | loss: 0.5397463
	speed: 0.6477s/iter; left time: 4100.3174s
	iters: 32000, epoch: 2 | loss: 0.5450146
	speed: 0.6435s/iter; left time: 4009.4343s
	iters: 32100, epoch: 2 | loss: 0.4386707
	speed: 0.6440s/iter; left time: 3948.4444s
	iters: 32200, epoch: 2 | loss: 0.6235775
	speed: 0.6436s/iter; left time: 3881.8416s
	iters: 32300, epoch: 2 | loss: 0.3994375
	speed: 0.6417s/iter; left time: 3805.8376s
	iters: 32400, epoch: 2 | loss: 0.5046045
	speed: 0.6472s/iter; left time: 3773.7415s
	iters: 32500, epoch: 2 | loss: 0.4654740
	speed: 0.6454s/iter; left time: 3698.9165s
	iters: 32600, epoch: 2 | loss: 0.3473104
	speed: 0.6458s/iter; left time: 3636.4132s
	iters: 32700, epoch: 2 | loss: 0.4517803
	speed: 0.6462s/iter; left time: 3573.9927s
	iters: 32800, epoch: 2 | loss: 0.3090631
	speed: 0.6466s/iter; left time: 3511.8283s
	iters: 32900, epoch: 2 | loss: 0.6158871
	speed: 0.6471s/iter; left time: 3449.5017s
	iters: 33000, epoch: 2 | loss: 0.6500556
	speed: 0.6495s/iter; left time: 3397.3236s
	iters: 33100, epoch: 2 | loss: 0.5084354
	speed: 0.6486s/iter; left time: 3328.1007s
	iters: 33200, epoch: 2 | loss: 0.6714523
	speed: 0.6477s/iter; left time: 3258.4662s
	iters: 33300, epoch: 2 | loss: 0.4348684
	speed: 0.6483s/iter; left time: 3196.7483s
	iters: 33400, epoch: 2 | loss: 0.3697904
	speed: 0.6446s/iter; left time: 3114.1851s
	iters: 33500, epoch: 2 | loss: 0.4088331
	speed: 0.6433s/iter; left time: 3043.4005s
	iters: 33600, epoch: 2 | loss: 0.4031342
	speed: 0.6434s/iter; left time: 2979.6273s
	iters: 33700, epoch: 2 | loss: 0.6771415
	speed: 0.6473s/iter; left time: 2932.8753s
	iters: 33800, epoch: 2 | loss: 0.9751335
	speed: 0.6426s/iter; left time: 2847.2154s
	iters: 33900, epoch: 2 | loss: 0.2993629
	speed: 0.6466s/iter; left time: 2800.2640s
	iters: 34000, epoch: 2 | loss: 0.4314826
	speed: 0.6462s/iter; left time: 2733.9795s
	iters: 34100, epoch: 2 | loss: 0.4495259
	speed: 0.6472s/iter; left time: 2673.7866s
	iters: 34200, epoch: 2 | loss: 0.3485641
	speed: 0.6481s/iter; left time: 2612.3226s
	iters: 34300, epoch: 2 | loss: 0.4851564
	speed: 0.6487s/iter; left time: 2550.1231s
	iters: 34400, epoch: 2 | loss: 0.3838120
	speed: 0.6473s/iter; left time: 2479.8653s
	iters: 34500, epoch: 2 | loss: 0.5852557
	speed: 0.6466s/iter; left time: 2412.4679s
	iters: 34600, epoch: 2 | loss: 0.4789814
	speed: 0.6458s/iter; left time: 2345.0629s
	iters: 34700, epoch: 2 | loss: 0.4763364
	speed: 0.6440s/iter; left time: 2274.0850s
	iters: 34800, epoch: 2 | loss: 0.4513983
	speed: 0.6465s/iter; left time: 2218.0669s
	iters: 34900, epoch: 2 | loss: 0.5846595
	speed: 0.6488s/iter; left time: 2161.1636s
	iters: 35000, epoch: 2 | loss: 0.4925751
	speed: 0.6476s/iter; left time: 2092.3906s
	iters: 35100, epoch: 2 | loss: 0.3996308
	speed: 0.6501s/iter; left time: 2035.3343s
	iters: 35200, epoch: 2 | loss: 0.4265676
	speed: 0.6514s/iter; left time: 1974.4974s
	iters: 35300, epoch: 2 | loss: 0.4565365
	speed: 0.6487s/iter; left time: 1901.3689s
	iters: 35400, epoch: 2 | loss: 0.4402809
	speed: 0.6476s/iter; left time: 1833.3854s
	iters: 35500, epoch: 2 | loss: 0.3567935
	speed: 0.6474s/iter; left time: 1768.1577s
	iters: 35600, epoch: 2 | loss: 0.3960891
	speed: 0.6483s/iter; left time: 1705.7110s
	iters: 35700, epoch: 2 | loss: 0.3992942
	speed: 0.6476s/iter; left time: 1639.0063s
	iters: 35800, epoch: 2 | loss: 0.6168452
	speed: 0.6456s/iter; left time: 1569.4492s
	iters: 35900, epoch: 2 | loss: 0.4297053
	speed: 0.6450s/iter; left time: 1503.6082s
	iters: 36000, epoch: 2 | loss: 0.4511240
	speed: 0.6439s/iter; left time: 1436.5609s
	iters: 36100, epoch: 2 | loss: 0.5864837
	speed: 0.6459s/iter; left time: 1376.4074s
	iters: 36200, epoch: 2 | loss: 0.4645948
	speed: 0.6439s/iter; left time: 1307.7497s
	iters: 36300, epoch: 2 | loss: 0.6834314
	speed: 0.6461s/iter; left time: 1247.6542s
	iters: 36400, epoch: 2 | loss: 0.4540001
	speed: 0.6440s/iter; left time: 1179.1273s
	iters: 36500, epoch: 2 | loss: 0.3853404
	speed: 0.6439s/iter; left time: 1114.6287s
	iters: 36600, epoch: 2 | loss: 0.4092068
	speed: 0.6431s/iter; left time: 1048.8707s
	iters: 36700, epoch: 2 | loss: 0.5097778
	speed: 0.6469s/iter; left time: 990.3372s
	iters: 36800, epoch: 2 | loss: 0.4780148
	speed: 0.6445s/iter; left time: 922.3242s
	iters: 36900, epoch: 2 | loss: 0.3488545
	speed: 0.6453s/iter; left time: 858.8522s
	iters: 37000, epoch: 2 | loss: 0.5047172
	speed: 0.6446s/iter; left time: 793.5338s
	iters: 37100, epoch: 2 | loss: 0.4560633
	speed: 0.6466s/iter; left time: 731.3539s
	iters: 37200, epoch: 2 | loss: 0.3535978
	speed: 0.6468s/iter; left time: 666.8687s
	iters: 37300, epoch: 2 | loss: 0.4530931
	speed: 0.6465s/iter; left time: 601.8496s
	iters: 37400, epoch: 2 | loss: 0.3259675
	speed: 0.6458s/iter; left time: 536.6814s
	iters: 37500, epoch: 2 | loss: 0.5626304
	speed: 0.6414s/iter; left time: 468.8498s
	iters: 37600, epoch: 2 | loss: 0.6902098
	speed: 0.6467s/iter; left time: 408.0785s
	iters: 37700, epoch: 2 | loss: 0.4495700
	speed: 0.6443s/iter; left time: 342.1355s
	iters: 37800, epoch: 2 | loss: 0.4322077
	speed: 0.6452s/iter; left time: 278.0636s
	iters: 37900, epoch: 2 | loss: 0.3677654
	speed: 0.6456s/iter; left time: 213.7069s
	iters: 38000, epoch: 2 | loss: 0.3570943
	speed: 0.6427s/iter; left time: 148.4623s
	iters: 38100, epoch: 2 | loss: 0.4373298
	speed: 0.6432s/iter; left time: 84.2539s
	iters: 38200, epoch: 2 | loss: 0.3747280
	speed: 0.6415s/iter; left time: 19.8865s
Epoch: 2 cost time: 24876.166960954666
